Total explanation time: 2.5701308250427246 for dataset: cBinClassDisAttr-uniqueInst.arff time of entry: 2023-07-04 12:25:58.193559
Total explanation time: 6.586390495300293 for dataset: cBinClassNumBinAttr.arff time of entry: 2023-07-04 12:26:05.513776
Total explanation time: 11.174137830734253 for dataset: cBinClassNumDisAttr.arff time of entry: 2023-07-04 12:26:17.750146
Total explanation time: 0.369016170501709 for dataset: cConcepts-uniqueInst.arff time of entry: 2023-07-04 12:26:37.555551
Total explanation time: 12.86660361289978 for dataset: cDisjunct.arff time of entry: 2023-07-04 12:26:40.343405
Total explanation time: 1.934830904006958 for dataset: cLogicalConcB-uniqueInst.arff time of entry: 2023-07-04 12:26:56.571615
Total explanation time: 1.9298450946807861 for dataset: cLogicalConcBNoisy-uniqueInst.arff time of entry: 2023-07-04 12:27:00.927970
Total explanation time: 17.01451539993286 for dataset: cModGroups.arff time of entry: 2023-07-04 12:27:06.142324
Total explanation time: 2.3916046619415283 for dataset: cMultiVClassDisAttr-uniqueInst.arff time of entry: 2023-07-04 12:27:28.989887
Total explanation time: 4.828094959259033 for dataset: condInd-uniqueInst.arff time of entry: 2023-07-04 12:27:34.027422
Total explanation time: 2.2848896980285645 for dataset: cBinClassDisAttr-uniqueInst.arff time of entry: 2023-07-06 19:34:31.010700
Total explanation time: 2.305835008621216 for dataset: cBinClassDisAttr-uniqueInst.arff time of entry: 2023-07-06 19:34:39.665691
Total explanation time: 2.343735694885254 for dataset: cBinClassDisAttr-uniqueInst.arff time of entry: 2023-07-06 19:34:45.970805
Total explanation time: 2.321791410446167 for dataset: cBinClassDisAttr-uniqueInst.arff time of entry: 2023-07-06 19:34:52.013652
Total explanation time: 2.2819008827209473 for dataset: cBinClassDisAttr-uniqueInst.arff time of entry: 2023-07-06 19:34:58.054504
Total explanation time: 2.300849437713623 for dataset: cBinClassDisAttr-uniqueInst.arff time of entry: 2023-07-06 19:35:05.159764
Total explanation time: 2.3058369159698486 for dataset: cBinClassDisAttr-uniqueInst.arff time of entry: 2023-07-06 19:35:10.986145
Total explanation time: 2.3337574005126953 for dataset: cBinClassDisAttr-uniqueInst.arff time of entry: 2023-07-06 19:35:16.829191
Total explanation time: 2.3756511211395264 for dataset: cBinClassDisAttr-uniqueInst.arff time of entry: 2023-07-06 19:35:22.729418
Total explanation time: 2.391611099243164 for dataset: cBinClassDisAttr-uniqueInst.arff time of entry: 2023-07-06 19:35:29.660924
Total explanation time: 6.023898363113403 for dataset: cBinClassNumBinAttr.arff time of entry: 2023-07-06 19:35:37.934729
Total explanation time: 6.048842906951904 for dataset: cBinClassNumBinAttr.arff time of entry: 2023-07-06 19:35:58.293045
Total explanation time: 6.061795711517334 for dataset: cBinClassNumBinAttr.arff time of entry: 2023-07-06 19:36:17.609175
Total explanation time: 6.160533905029297 for dataset: cBinClassNumBinAttr.arff time of entry: 2023-07-06 19:36:36.439093
Total explanation time: 5.998960494995117 for dataset: cBinClassNumBinAttr.arff time of entry: 2023-07-06 19:36:55.529789
Total explanation time: 6.003952980041504 for dataset: cBinClassNumBinAttr.arff time of entry: 2023-07-06 19:37:14.536909
Total explanation time: 6.0408525466918945 for dataset: cBinClassNumBinAttr.arff time of entry: 2023-07-06 19:37:33.435868
Total explanation time: 5.9201695919036865 for dataset: cBinClassNumBinAttr.arff time of entry: 2023-07-06 19:37:52.750032
Total explanation time: 5.949094772338867 for dataset: cBinClassNumBinAttr.arff time of entry: 2023-07-06 19:38:11.296023
Total explanation time: 5.871304512023926 for dataset: cBinClassNumBinAttr.arff time of entry: 2023-07-06 19:38:30.246122
Total explanation time: 10.145882368087769 for dataset: cBinClassNumDisAttr.arff time of entry: 2023-07-06 19:38:49.631494
Total explanation time: 10.144880056381226 for dataset: cBinClassNumDisAttr.arff time of entry: 2023-07-06 19:39:28.629607
Total explanation time: 10.127927780151367 for dataset: cBinClassNumDisAttr.arff time of entry: 2023-07-06 19:40:08.429482
Total explanation time: 10.008245468139648 for dataset: cBinClassNumDisAttr.arff time of entry: 2023-07-06 19:40:47.764447
Total explanation time: 10.100001096725464 for dataset: cBinClassNumDisAttr.arff time of entry: 2023-07-06 19:41:29.049424
Total explanation time: 10.160842418670654 for dataset: cBinClassNumDisAttr.arff time of entry: 2023-07-06 19:41:59.625710
Total explanation time: 10.086037635803223 for dataset: cBinClassNumDisAttr.arff time of entry: 2023-07-06 19:42:38.213459
Total explanation time: 10.09800672531128 for dataset: cBinClassNumDisAttr.arff time of entry: 2023-07-06 19:43:08.697591
Total explanation time: 10.178791999816895 for dataset: cBinClassNumDisAttr.arff time of entry: 2023-07-06 19:43:47.766521
Total explanation time: 10.090027809143066 for dataset: cBinClassNumDisAttr.arff time of entry: 2023-07-06 19:44:26.630517
Total explanation time: 0.328122615814209 for dataset: cConcepts-uniqueInst.arff time of entry: 2023-07-06 19:45:05.280134
Total explanation time: 0.33111572265625 for dataset: cConcepts-uniqueInst.arff time of entry: 2023-07-06 19:45:07.975373
Total explanation time: 0.3031902313232422 for dataset: cConcepts-uniqueInst.arff time of entry: 2023-07-06 19:45:10.648228
Total explanation time: 0.32912111282348633 for dataset: cConcepts-uniqueInst.arff time of entry: 2023-07-06 19:45:13.250691
Total explanation time: 0.36302971839904785 for dataset: cConcepts-uniqueInst.arff time of entry: 2023-07-06 19:45:15.897147
Total explanation time: 0.353055477142334 for dataset: cConcepts-uniqueInst.arff time of entry: 2023-07-06 19:45:18.625872
Total explanation time: 0.3460733890533447 for dataset: cConcepts-uniqueInst.arff time of entry: 2023-07-06 19:45:21.330642
Total explanation time: 0.34408092498779297 for dataset: cConcepts-uniqueInst.arff time of entry: 2023-07-06 19:45:24.058957
Total explanation time: 0.3610341548919678 for dataset: cConcepts-uniqueInst.arff time of entry: 2023-07-06 19:45:26.760982
Total explanation time: 0.3560481071472168 for dataset: cConcepts-uniqueInst.arff time of entry: 2023-07-06 19:45:29.460634
Total explanation time: 11.821400165557861 for dataset: cDisjunct.arff time of entry: 2023-07-06 19:45:33.837934
Total explanation time: 12.216341018676758 for dataset: cDisjunct.arff time of entry: 2023-07-06 19:46:04.622946
Total explanation time: 11.748594045639038 for dataset: cDisjunct.arff time of entry: 2023-07-06 19:46:35.845112
Total explanation time: 11.935094594955444 for dataset: cDisjunct.arff time of entry: 2023-07-06 19:47:06.226901
Total explanation time: 11.799460649490356 for dataset: cDisjunct.arff time of entry: 2023-07-06 19:47:37.334918
Total explanation time: 11.824395895004272 for dataset: cDisjunct.arff time of entry: 2023-07-06 19:48:08.265950
Total explanation time: 11.797467470169067 for dataset: cDisjunct.arff time of entry: 2023-07-06 19:48:38.997864
Total explanation time: 11.882236957550049 for dataset: cDisjunct.arff time of entry: 2023-07-06 19:49:09.856355
Total explanation time: 11.850324153900146 for dataset: cDisjunct.arff time of entry: 2023-07-06 19:49:40.562956
Total explanation time: 12.080706119537354 for dataset: cDisjunct.arff time of entry: 2023-07-06 19:50:12.231140
Total explanation time: 1.75730299949646 for dataset: cLogicalConcB-uniqueInst.arff time of entry: 2023-07-06 19:50:42.468795
Total explanation time: 1.7752530574798584 for dataset: cLogicalConcB-uniqueInst.arff time of entry: 2023-07-06 19:50:46.766308
Total explanation time: 1.7622897624969482 for dataset: cLogicalConcB-uniqueInst.arff time of entry: 2023-07-06 19:50:51.053846
Total explanation time: 1.6805095672607422 for dataset: cLogicalConcB-uniqueInst.arff time of entry: 2023-07-06 19:50:55.299223
Total explanation time: 1.747333288192749 for dataset: cLogicalConcB-uniqueInst.arff time of entry: 2023-07-06 19:50:59.513957
Total explanation time: 1.7084333896636963 for dataset: cLogicalConcB-uniqueInst.arff time of entry: 2023-07-06 19:51:03.735369
Total explanation time: 1.778249979019165 for dataset: cLogicalConcB-uniqueInst.arff time of entry: 2023-07-06 19:51:07.993985
Total explanation time: 1.748326063156128 for dataset: cLogicalConcB-uniqueInst.arff time of entry: 2023-07-06 19:51:12.280078
Total explanation time: 1.8121554851531982 for dataset: cLogicalConcB-uniqueInst.arff time of entry: 2023-07-06 19:51:16.535702
Total explanation time: 1.8211312294006348 for dataset: cLogicalConcB-uniqueInst.arff time of entry: 2023-07-06 19:51:20.885872
Total explanation time: 1.6894826889038086 for dataset: cLogicalConcBNoisy-uniqueInst.arff time of entry: 2023-07-06 19:51:25.375870
Total explanation time: 1.7423436641693115 for dataset: cLogicalConcBNoisy-uniqueInst.arff time of entry: 2023-07-06 19:51:29.661491
Total explanation time: 1.6565704345703125 for dataset: cLogicalConcBNoisy-uniqueInst.arff time of entry: 2023-07-06 19:51:33.977953
Total explanation time: 1.7273838520050049 for dataset: cLogicalConcBNoisy-uniqueInst.arff time of entry: 2023-07-06 19:51:38.168288
Total explanation time: 1.6346299648284912 for dataset: cLogicalConcBNoisy-uniqueInst.arff time of entry: 2023-07-06 19:51:42.449843
Total explanation time: 1.6675431728363037 for dataset: cLogicalConcBNoisy-uniqueInst.arff time of entry: 2023-07-06 19:51:46.651485
Total explanation time: 1.6605606079101562 for dataset: cLogicalConcBNoisy-uniqueInst.arff time of entry: 2023-07-06 19:51:50.824332
Total explanation time: 1.687488079071045 for dataset: cLogicalConcBNoisy-uniqueInst.arff time of entry: 2023-07-06 19:51:55.043747
Total explanation time: 1.7493243217468262 for dataset: cLogicalConcBNoisy-uniqueInst.arff time of entry: 2023-07-06 19:51:59.254509
Total explanation time: 1.6456034183502197 for dataset: cLogicalConcBNoisy-uniqueInst.arff time of entry: 2023-07-06 19:52:03.611022
Total explanation time: 15.268187761306763 for dataset: cModGroups.arff time of entry: 2023-07-06 19:52:10.290901
Total explanation time: 15.732943773269653 for dataset: cModGroups.arff time of entry: 2023-07-06 19:53:24.678644
Total explanation time: 15.350961685180664 for dataset: cModGroups.arff time of entry: 2023-07-06 19:54:42.598096
Total explanation time: 15.50056505203247 for dataset: cModGroups.arff time of entry: 2023-07-06 19:55:55.082940
Total explanation time: 15.494579315185547 for dataset: cModGroups.arff time of entry: 2023-07-06 19:57:06.580657
Total explanation time: 15.449702501296997 for dataset: cModGroups.arff time of entry: 2023-07-06 19:58:20.148375
Total explanation time: 15.542450189590454 for dataset: cModGroups.arff time of entry: 2023-07-06 19:59:30.673144
Total explanation time: 15.298110246658325 for dataset: cModGroups.arff time of entry: 2023-07-06 20:00:45.048188
Total explanation time: 15.567383527755737 for dataset: cModGroups.arff time of entry: 2023-07-06 20:01:59.604124
Total explanation time: 15.495576858520508 for dataset: cModGroups.arff time of entry: 2023-07-06 20:03:16.229554
Total explanation time: 2.2449991703033447 for dataset: cMultiVClassDisAttr-uniqueInst.arff time of entry: 2023-07-06 20:04:28.635113
Total explanation time: 2.1622190475463867 for dataset: cMultiVClassDisAttr-uniqueInst.arff time of entry: 2023-07-06 20:04:34.704976
Total explanation time: 2.2210607528686523 for dataset: cMultiVClassDisAttr-uniqueInst.arff time of entry: 2023-07-06 20:04:40.649087
Total explanation time: 2.2120862007141113 for dataset: cMultiVClassDisAttr-uniqueInst.arff time of entry: 2023-07-06 20:04:46.620126
Total explanation time: 2.1741878986358643 for dataset: cMultiVClassDisAttr-uniqueInst.arff time of entry: 2023-07-06 20:04:52.652002
Total explanation time: 2.1482560634613037 for dataset: cMultiVClassDisAttr-uniqueInst.arff time of entry: 2023-07-06 20:04:58.514331
Total explanation time: 2.199120283126831 for dataset: cMultiVClassDisAttr-uniqueInst.arff time of entry: 2023-07-06 20:05:04.347738
Total explanation time: 2.1821682453155518 for dataset: cMultiVClassDisAttr-uniqueInst.arff time of entry: 2023-07-06 20:05:10.200093
Total explanation time: 2.177180051803589 for dataset: cMultiVClassDisAttr-uniqueInst.arff time of entry: 2023-07-06 20:05:16.044465
Total explanation time: 2.23203444480896 for dataset: cMultiVClassDisAttr-uniqueInst.arff time of entry: 2023-07-06 20:05:21.930731
Total explanation time: 4.4411301612854 for dataset: condInd-uniqueInst.arff time of entry: 2023-07-06 20:05:27.929762
Total explanation time: 4.311473369598389 for dataset: condInd-uniqueInst.arff time of entry: 2023-07-06 20:05:35.130665
Total explanation time: 4.392258167266846 for dataset: condInd-uniqueInst.arff time of entry: 2023-07-06 20:05:42.258611
Total explanation time: 4.3413941860198975 for dataset: condInd-uniqueInst.arff time of entry: 2023-07-06 20:05:49.425453
Total explanation time: 4.422180414199829 for dataset: condInd-uniqueInst.arff time of entry: 2023-07-06 20:05:56.558574
Total explanation time: 4.492990970611572 for dataset: condInd-uniqueInst.arff time of entry: 2023-07-06 20:06:03.776280
Total explanation time: 4.4211790561676025 for dataset: condInd-uniqueInst.arff time of entry: 2023-07-06 20:06:11.069783
Total explanation time: 4.455095291137695 for dataset: condInd-uniqueInst.arff time of entry: 2023-07-06 20:06:18.320402
Total explanation time: 4.505959749221802 for dataset: condInd-uniqueInst.arff time of entry: 2023-07-06 20:06:25.557057
Total explanation time: 4.399242401123047 for dataset: condInd-uniqueInst.arff time of entry: 2023-07-06 20:06:32.861532
Total explanation time: 11.419180154800415 for dataset: cDisjunct.arff time of entry: 2023-07-23 01:28:16.076334
Total explanation time: 11.387935400009155 for dataset: cDisjunct.arff time of entry: 2023-07-23 01:28:36.461715
Total explanation time: 11.554165363311768 for dataset: cDisjunct.arff time of entry: 2023-07-23 01:28:55.909269
Total explanation time: 14.126191139221191 for dataset: cDisjunct.arff time of entry: 2023-07-23 01:29:15.737385
Total explanation time: 11.583886623382568 for dataset: cDisjunct.arff time of entry: 2023-07-23 01:29:42.725541
Total explanation time: 11.497286796569824 for dataset: cDisjunct.arff time of entry: 2023-07-23 01:30:02.671976
Total explanation time: 11.372314214706421 for dataset: cDisjunct.arff time of entry: 2023-07-23 01:30:22.052020
Total explanation time: 11.372316122055054 for dataset: cDisjunct.arff time of entry: 2023-07-23 01:30:41.284937
Total explanation time: 11.466078996658325 for dataset: cDisjunct.arff time of entry: 2023-07-23 01:31:00.762559
Total explanation time: 11.294209241867065 for dataset: cDisjunct.arff time of entry: 2023-07-23 01:31:20.116768
Total explanation time: 6.154794931411743 for dataset: Monks1.arff time of entry: 2023-07-23 01:37:53.870993
Total explanation time: 6.076690912246704 for dataset: Monks1.arff time of entry: 2023-07-23 01:38:02.307645
Total explanation time: 6.311436176300049 for dataset: Monks1.arff time of entry: 2023-07-23 01:38:10.477590
Total explanation time: 6.139176607131958 for dataset: Monks1.arff time of entry: 2023-07-23 01:38:21.232856
Total explanation time: 6.435981035232544 for dataset: Monks1.arff time of entry: 2023-07-23 01:38:29.434045
Total explanation time: 6.435980558395386 for dataset: Monks1.arff time of entry: 2023-07-23 01:38:37.916418
Total explanation time: 6.295387506484985 for dataset: Monks1.arff time of entry: 2023-07-23 01:38:46.539385
Total explanation time: 6.341233968734741 for dataset: Monks1.arff time of entry: 2023-07-23 01:38:54.896785
Total explanation time: 6.12355637550354 for dataset: Monks1.arff time of entry: 2023-07-23 01:39:03.426762
Total explanation time: 6.342400074005127 for dataset: Monks1.arff time of entry: 2023-07-23 01:39:11.596708
Total explanation time: 4.045919895172119 for dataset: Monks2.arff time of entry: 2023-07-23 01:39:20.079227
Total explanation time: 4.264617681503296 for dataset: Monks2.arff time of entry: 2023-07-23 01:39:33.471060
Total explanation time: 4.085898399353027 for dataset: Monks2.arff time of entry: 2023-07-23 01:39:44.042376
Total explanation time: 4.077161073684692 for dataset: Monks2.arff time of entry: 2023-07-23 01:39:54.392217
Total explanation time: 4.248977899551392 for dataset: Monks2.arff time of entry: 2023-07-23 01:40:04.800975
Total explanation time: 4.139649152755737 for dataset: Monks2.arff time of entry: 2023-07-23 01:40:16.957743
Total explanation time: 4.311484336853027 for dataset: Monks2.arff time of entry: 2023-07-23 01:40:29.193465
Total explanation time: 3.983433723449707 for dataset: Monks2.arff time of entry: 2023-07-23 01:40:38.863974
Total explanation time: 4.163374900817871 for dataset: Monks2.arff time of entry: 2023-07-23 01:40:49.631507
Total explanation time: 4.030300617218018 for dataset: Monks2.arff time of entry: 2023-07-23 01:41:00.070507
Total explanation time: 1.3278093338012695 for dataset: Glass time of entry: 2023-07-23 22:01:32.760235
Total explanation time: 1.3121922016143799 for dataset: Glass_new.arff time of entry: 2023-07-23 22:02:21.737140
Total explanation time: 1.2965693473815918 for dataset: Glass_new.arff time of entry: 2023-07-23 22:03:08.122719
Total explanation time: 1.2809474468231201 for dataset: Glass_new.arff time of entry: 2023-07-23 22:03:50.188463
Total explanation time: 1.3278121948242188 for dataset: Glass_new.arff time of entry: 2023-07-23 22:03:58.895341
Total explanation time: 1.3434333801269531 for dataset: Glass_new.arff time of entry: 2023-07-23 22:04:05.880593
Total explanation time: 1.3121910095214844 for dataset: Glass_new.arff time of entry: 2023-07-23 22:04:12.162887
Total explanation time: 1.29656982421875 for dataset: Glass_new.arff time of entry: 2023-07-23 22:04:18.034520
Total explanation time: 1.295501470565796 for dataset: Glass_new.arff time of entry: 2023-07-23 22:04:25.817549
Total explanation time: 1.2870233058929443 for dataset: Glass_new.arff time of entry: 2023-07-23 22:04:32.342716
Total explanation time: 1.2184622287750244 for dataset: Glass_new.arff time of entry: 2023-07-23 22:04:39.115231
Total explanation time: 1.2809484004974365 for dataset: Glass_new.arff time of entry: 2023-07-23 22:04:45.633640
Total explanation time: 1.2340826988220215 for dataset: Glass_new.arff time of entry: 2023-07-23 22:04:51.817694
Total explanation time: 1.3278138637542725 for dataset: Glass_new.arff time of entry: 2023-07-23 22:20:59.634770
Total explanation time: 1.2965683937072754 for dataset: Glass_new.arff time of entry: 2023-07-23 22:21:07.309624
Total explanation time: 1.343433141708374 for dataset: Glass_new.arff time of entry: 2023-07-23 22:21:14.188257
Total explanation time: 1.3121898174285889 for dataset: Glass_new.arff time of entry: 2023-07-23 22:21:20.807490
Total explanation time: 1.2497036457061768 for dataset: Glass_new.arff time of entry: 2023-07-23 22:21:27.788802
Total explanation time: 1.2965683937072754 for dataset: Glass_new.arff time of entry: 2023-07-23 22:21:36.059621
Total explanation time: 1.2809436321258545 for dataset: Glass_new.arff time of entry: 2023-07-23 22:21:42.344399
Total explanation time: 1.2913973331451416 for dataset: Glass_new.arff time of entry: 2023-07-23 22:21:49.025538
Total explanation time: 1.2515554428100586 for dataset: Glass_new.arff time of entry: 2023-07-23 22:21:55.438311
Total explanation time: 1.2497057914733887 for dataset: Glass_new.arff time of entry: 2023-07-23 22:22:01.681320
Total explanation time: 1.2497036457061768 for dataset: Glass_new.arff time of entry: 2023-07-23 22:25:27.763324
Total explanation time: 1.2809498310089111 for dataset: Glass_new.arff time of entry: 2023-07-23 22:25:35.262017
Total explanation time: 1.3121895790100098 for dataset: Glass_new.arff time of entry: 2023-07-23 22:25:42.105743
Total explanation time: 1.2809460163116455 for dataset: Glass_new.arff time of entry: 2023-07-23 22:25:48.733031
Total explanation time: 1.312190294265747 for dataset: Glass_new.arff time of entry: 2023-07-23 22:25:55.726449
Total explanation time: 1.278022050857544 for dataset: Glass_new.arff time of entry: 2023-07-23 22:26:04.308903
Total explanation time: 1.2340891361236572 for dataset: Glass_new.arff time of entry: 2023-07-23 22:26:10.673898
Total explanation time: 1.249706506729126 for dataset: Glass_new.arff time of entry: 2023-07-23 22:26:17.336387
Total explanation time: 1.2500510215759277 for dataset: Glass_new.arff time of entry: 2023-07-23 22:26:23.998268
Total explanation time: 1.249706506729126 for dataset: Glass_new.arff time of entry: 2023-07-23 22:26:30.572034
Total explanation time: 2.343195676803589 for dataset: cBinClassDisAttr-uniqueInst.arff time of entry: 2023-07-23 22:28:43.789768
Total explanation time: 2.336422920227051 for dataset: cBinClassDisAttr-uniqueInst.arff time of entry: 2023-07-23 22:28:50.980881
Total explanation time: 2.3119547367095947 for dataset: cBinClassDisAttr-uniqueInst.arff time of entry: 2023-07-23 22:28:57.941167
Total explanation time: 2.327575445175171 for dataset: cBinClassDisAttr-uniqueInst.arff time of entry: 2023-07-23 22:29:04.596327
Total explanation time: 2.374439001083374 for dataset: cBinClassDisAttr-uniqueInst.arff time of entry: 2023-07-23 22:29:11.205655
Total explanation time: 2.390061378479004 for dataset: cBinClassDisAttr-uniqueInst.arff time of entry: 2023-07-23 22:29:18.348972
Total explanation time: 2.343200206756592 for dataset: cBinClassDisAttr-uniqueInst.arff time of entry: 2023-07-23 22:29:25.045363
Total explanation time: 2.3588197231292725 for dataset: cBinClassDisAttr-uniqueInst.arff time of entry: 2023-07-23 22:29:31.630375
Total explanation time: 2.374440908432007 for dataset: cBinClassDisAttr-uniqueInst.arff time of entry: 2023-07-23 22:29:38.252170
Total explanation time: 2.4056851863861084 for dataset: cBinClassDisAttr-uniqueInst.arff time of entry: 2023-07-23 22:29:45.516802
Total explanation time: 6.06050705909729 for dataset: cBinClassNumBinAttr.arff time of entry: 2023-07-23 22:29:53.166990
Total explanation time: 6.150104284286499 for dataset: cBinClassNumBinAttr.arff time of entry: 2023-07-23 22:30:11.912462
Total explanation time: 6.154274940490723 for dataset: cBinClassNumBinAttr.arff time of entry: 2023-07-23 22:30:30.096174
Total explanation time: 5.8973023891448975 for dataset: cBinClassNumBinAttr.arff time of entry: 2023-07-23 22:30:47.165612
Total explanation time: 5.857990503311157 for dataset: cBinClassNumBinAttr.arff time of entry: 2023-07-23 22:31:04.345476
Total explanation time: 5.951717853546143 for dataset: cBinClassNumBinAttr.arff time of entry: 2023-07-23 22:31:20.953545
Total explanation time: 5.920476913452148 for dataset: cBinClassNumBinAttr.arff time of entry: 2023-07-23 22:31:37.901090
Total explanation time: 5.904035568237305 for dataset: cBinClassNumBinAttr.arff time of entry: 2023-07-23 22:31:54.781461
Total explanation time: 5.891011714935303 for dataset: cBinClassNumBinAttr.arff time of entry: 2023-07-23 22:32:11.394335
Total explanation time: 5.7955076694488525 for dataset: cBinClassNumBinAttr.arff time of entry: 2023-07-23 22:32:29.188862
Total explanation time: 9.756972551345825 for dataset: cBinClassNumDisAttr.arff time of entry: 2023-07-23 22:32:46.084088
Total explanation time: 9.82209825515747 for dataset: cBinClassNumDisAttr.arff time of entry: 2023-07-23 22:33:09.329812
Total explanation time: 9.669587850570679 for dataset: cBinClassNumDisAttr.arff time of entry: 2023-07-23 22:33:31.050273
Total explanation time: 9.8421950340271 for dataset: cBinClassNumDisAttr.arff time of entry: 2023-07-23 22:33:53.698439
Total explanation time: 9.93515658378601 for dataset: cBinClassNumDisAttr.arff time of entry: 2023-07-23 22:34:16.474712
Total explanation time: 9.888291120529175 for dataset: cBinClassNumDisAttr.arff time of entry: 2023-07-23 22:34:40.349574
Total explanation time: 9.892935752868652 for dataset: cBinClassNumDisAttr.arff time of entry: 2023-07-23 22:35:03.261741
Total explanation time: 10.174131870269775 for dataset: cBinClassNumDisAttr.arff time of entry: 2023-07-23 22:35:26.783362
Total explanation time: 10.101174116134644 for dataset: cBinClassNumDisAttr.arff time of entry: 2023-07-23 22:35:50.551857
Total explanation time: 9.88547134399414 for dataset: cBinClassNumDisAttr.arff time of entry: 2023-07-23 22:36:14.045701
Total explanation time: 0.32804012298583984 for dataset: cConcepts-uniqueInst.arff time of entry: 2023-07-23 22:36:37.054415
Total explanation time: 0.3280479907989502 for dataset: cConcepts-uniqueInst.arff time of entry: 2023-07-23 22:36:41.136227
Total explanation time: 0.3280487060546875 for dataset: cConcepts-uniqueInst.arff time of entry: 2023-07-23 22:36:45.281628
Total explanation time: 0.34366869926452637 for dataset: cConcepts-uniqueInst.arff time of entry: 2023-07-23 22:36:49.386157
Total explanation time: 0.3436706066131592 for dataset: cConcepts-uniqueInst.arff time of entry: 2023-07-23 22:36:53.516479
Total explanation time: 0.3436698913574219 for dataset: cConcepts-uniqueInst.arff time of entry: 2023-07-23 22:36:57.657437
Total explanation time: 0.35929083824157715 for dataset: cConcepts-uniqueInst.arff time of entry: 2023-07-23 22:37:01.638090
Total explanation time: 0.35928916931152344 for dataset: cConcepts-uniqueInst.arff time of entry: 2023-07-23 22:37:05.662076
Total explanation time: 0.35929012298583984 for dataset: cConcepts-uniqueInst.arff time of entry: 2023-07-23 22:37:09.664122
Total explanation time: 0.36052870750427246 for dataset: cConcepts-uniqueInst.arff time of entry: 2023-07-23 22:37:13.699963
Total explanation time: 11.129572629928589 for dataset: cDisjunct.arff time of entry: 2023-07-23 22:37:17.855410
Total explanation time: 11.360299348831177 for dataset: cDisjunct.arff time of entry: 2023-07-23 22:37:38.769656
Total explanation time: 11.58509612083435 for dataset: cDisjunct.arff time of entry: 2023-07-23 22:37:59.783890
Total explanation time: 11.262965679168701 for dataset: cDisjunct.arff time of entry: 2023-07-23 22:38:21.130142
Total explanation time: 11.542738676071167 for dataset: cDisjunct.arff time of entry: 2023-07-23 22:38:42.033184
Total explanation time: 11.592090606689453 for dataset: cDisjunct.arff time of entry: 2023-07-23 22:39:03.631656
Total explanation time: 11.387939929962158 for dataset: cDisjunct.arff time of entry: 2023-07-23 22:39:25.040615
Total explanation time: 11.606637716293335 for dataset: cDisjunct.arff time of entry: 2023-07-23 22:39:46.214400
Total explanation time: 11.457709312438965 for dataset: cDisjunct.arff time of entry: 2023-07-23 22:40:07.563394
Total explanation time: 11.677560091018677 for dataset: cDisjunct.arff time of entry: 2023-07-23 22:40:28.899586
Total explanation time: 1.687101125717163 for dataset: cLogicalConcB-uniqueInst.arff time of entry: 2023-07-23 22:40:50.882875
Total explanation time: 1.687103033065796 for dataset: cLogicalConcB-uniqueInst.arff time of entry: 2023-07-23 22:40:56.439111
Total explanation time: 1.7027206420898438 for dataset: cLogicalConcB-uniqueInst.arff time of entry: 2023-07-23 22:41:01.975014
Total explanation time: 1.6714799404144287 for dataset: cLogicalConcB-uniqueInst.arff time of entry: 2023-07-23 22:41:07.405856
Total explanation time: 1.6825940608978271 for dataset: cLogicalConcB-uniqueInst.arff time of entry: 2023-07-23 22:41:12.868136
Total explanation time: 1.7027242183685303 for dataset: cLogicalConcB-uniqueInst.arff time of entry: 2023-07-23 22:41:18.329835
Total explanation time: 1.6871058940887451 for dataset: cLogicalConcB-uniqueInst.arff time of entry: 2023-07-23 22:41:23.797952
Total explanation time: 1.796450138092041 for dataset: cLogicalConcB-uniqueInst.arff time of entry: 2023-07-23 22:41:29.283661
Total explanation time: 1.7652082443237305 for dataset: cLogicalConcB-uniqueInst.arff time of entry: 2023-07-23 22:41:34.892550
Total explanation time: 1.7339656352996826 for dataset: cLogicalConcB-uniqueInst.arff time of entry: 2023-07-23 22:41:40.462015
Total explanation time: 1.6425180435180664 for dataset: cLogicalConcBNoisy-uniqueInst.arff time of entry: 2023-07-23 22:41:46.241040
Total explanation time: 1.7120537757873535 for dataset: cLogicalConcBNoisy-uniqueInst.arff time of entry: 2023-07-23 22:41:51.916604
Total explanation time: 1.5777530670166016 for dataset: cLogicalConcBNoisy-uniqueInst.arff time of entry: 2023-07-23 22:41:57.897626
Total explanation time: 1.5967166423797607 for dataset: cLogicalConcBNoisy-uniqueInst.arff time of entry: 2023-07-23 22:42:03.555561
Total explanation time: 1.7257463932037354 for dataset: cLogicalConcBNoisy-uniqueInst.arff time of entry: 2023-07-23 22:42:09.218593
Total explanation time: 1.6798551082611084 for dataset: cLogicalConcBNoisy-uniqueInst.arff time of entry: 2023-07-23 22:42:14.994467
Total explanation time: 1.681872844696045 for dataset: cLogicalConcBNoisy-uniqueInst.arff time of entry: 2023-07-23 22:42:20.853119
Total explanation time: 1.715080976486206 for dataset: cLogicalConcBNoisy-uniqueInst.arff time of entry: 2023-07-23 22:42:26.662995
Total explanation time: 1.624617099761963 for dataset: cLogicalConcBNoisy-uniqueInst.arff time of entry: 2023-07-23 22:42:32.213150
Total explanation time: 1.6714801788330078 for dataset: cLogicalConcBNoisy-uniqueInst.arff time of entry: 2023-07-23 22:42:37.598486
Total explanation time: 14.569796562194824 for dataset: cModGroups.arff time of entry: 2023-07-23 22:42:43.820137
Total explanation time: 15.306004524230957 for dataset: cModGroups.arff time of entry: 2023-07-23 22:43:12.331172
Total explanation time: 15.369276523590088 for dataset: cModGroups.arff time of entry: 2023-07-23 22:43:41.595263
Total explanation time: 15.624328374862671 for dataset: cModGroups.arff time of entry: 2023-07-23 22:44:10.756975
Total explanation time: 15.363109111785889 for dataset: cModGroups.arff time of entry: 2023-07-23 22:44:40.353124
Total explanation time: 15.159922122955322 for dataset: cModGroups.arff time of entry: 2023-07-23 22:45:09.025862
Total explanation time: 14.918354034423828 for dataset: cModGroups.arff time of entry: 2023-07-23 22:45:37.156235
Total explanation time: 14.985458850860596 for dataset: cModGroups.arff time of entry: 2023-07-23 22:46:05.120026
Total explanation time: 14.932817220687866 for dataset: cModGroups.arff time of entry: 2023-07-23 22:46:32.647667
Total explanation time: 14.779088735580444 for dataset: cModGroups.arff time of entry: 2023-07-23 22:47:01.158068
Total explanation time: 2.1401195526123047 for dataset: cMultiVClassDisAttr-uniqueInst.arff time of entry: 2023-07-23 22:47:28.917022
Total explanation time: 2.140120029449463 for dataset: cMultiVClassDisAttr-uniqueInst.arff time of entry: 2023-07-23 22:47:35.423617
Total explanation time: 2.1869845390319824 for dataset: cMultiVClassDisAttr-uniqueInst.arff time of entry: 2023-07-23 22:47:41.941164
Total explanation time: 2.2186832427978516 for dataset: cMultiVClassDisAttr-uniqueInst.arff time of entry: 2023-07-23 22:47:48.839842
Total explanation time: 2.140120506286621 for dataset: cMultiVClassDisAttr-uniqueInst.arff time of entry: 2023-07-23 22:47:55.539586
Total explanation time: 2.1869821548461914 for dataset: cMultiVClassDisAttr-uniqueInst.arff time of entry: 2023-07-23 22:48:02.215330
Total explanation time: 2.124499797821045 for dataset: cMultiVClassDisAttr-uniqueInst.arff time of entry: 2023-07-23 22:48:08.870327
Total explanation time: 2.1557414531707764 for dataset: cMultiVClassDisAttr-uniqueInst.arff time of entry: 2023-07-23 22:48:15.359900
Total explanation time: 2.17136287689209 for dataset: cMultiVClassDisAttr-uniqueInst.arff time of entry: 2023-07-23 22:48:21.877780
Total explanation time: 2.149653434753418 for dataset: cMultiVClassDisAttr-uniqueInst.arff time of entry: 2023-07-23 22:48:28.437956
Total explanation time: 4.155267715454102 for dataset: condInd-uniqueInst.arff time of entry: 2023-07-23 22:48:35.113200
Total explanation time: 4.280239820480347 for dataset: condInd-uniqueInst.arff time of entry: 2023-07-23 22:48:43.151983
Total explanation time: 4.327104568481445 for dataset: condInd-uniqueInst.arff time of entry: 2023-07-23 22:48:51.255615
Total explanation time: 4.2958574295043945 for dataset: condInd-uniqueInst.arff time of entry: 2023-07-23 22:48:59.568842
Total explanation time: 4.217755317687988 for dataset: condInd-uniqueInst.arff time of entry: 2023-07-23 22:49:07.720140
Total explanation time: 4.342722654342651 for dataset: condInd-uniqueInst.arff time of entry: 2023-07-23 22:49:15.851878
Total explanation time: 4.285309076309204 for dataset: condInd-uniqueInst.arff time of entry: 2023-07-23 22:49:24.049163
Total explanation time: 4.3536412715911865 for dataset: condInd-uniqueInst.arff time of entry: 2023-07-23 22:49:32.198400
Total explanation time: 4.348432779312134 for dataset: condInd-uniqueInst.arff time of entry: 2023-07-23 22:49:40.458428
Total explanation time: 4.389591693878174 for dataset: condInd-uniqueInst.arff time of entry: 2023-07-23 22:49:48.731817
Total explanation time: 1.2653279304504395 for dataset: Glass_new.arff time of entry: 2023-07-23 22:49:57.189051
Total explanation time: 1.29656982421875 for dataset: Glass_new.arff time of entry: 2023-07-23 22:50:03.597832
Total explanation time: 1.311060905456543 for dataset: Glass_new.arff time of entry: 2023-07-23 22:50:09.660169
Total explanation time: 1.280951738357544 for dataset: Glass_new.arff time of entry: 2023-07-23 22:50:16.051813
Total explanation time: 1.3024516105651855 for dataset: Glass_new.arff time of entry: 2023-07-23 22:50:23.042710
Total explanation time: 1.2965681552886963 for dataset: Glass_new.arff time of entry: 2023-07-23 22:50:30.940096
Total explanation time: 1.2965688705444336 for dataset: Glass_new.arff time of entry: 2023-07-23 22:50:37.767429
Total explanation time: 1.296567678451538 for dataset: Glass_new.arff time of entry: 2023-07-23 22:50:44.396202
Total explanation time: 1.325659990310669 for dataset: Glass_new.arff time of entry: 2023-07-23 22:50:52.195797
Total explanation time: 1.2497060298919678 for dataset: Glass_new.arff time of entry: 2023-07-23 22:50:59.131485
Total explanation time: 25.043756246566772 for dataset: Car time of entry: 2023-07-24 08:41:59.214278
Total explanation time: 13.028169393539429 for dataset: Car.arff time of entry: 2023-07-24 08:43:42.883950
Total explanation time: 13.168766736984253 for dataset: Car.arff time of entry: 2023-07-24 08:44:25.575482
Total explanation time: 14.087384939193726 for dataset: Car.arff time of entry: 2023-07-24 08:45:13.998141
Total explanation time: 13.215513467788696 for dataset: Car.arff time of entry: 2023-07-24 08:45:57.241098
Total explanation time: 13.198063135147095 for dataset: Car.arff time of entry: 2023-07-24 08:46:39.128145
Total explanation time: 14.179959058761597 for dataset: Car.arff time of entry: 2023-07-24 08:47:21.522576
Total explanation time: 14.06051754951477 for dataset: Car.arff time of entry: 2023-07-24 08:48:04.610203
Total explanation time: 14.037270069122314 for dataset: Car.arff time of entry: 2023-07-24 08:48:52.867511
Total explanation time: 13.09527850151062 for dataset: Car.arff time of entry: 2023-07-24 08:49:38.961195
Total explanation time: 12.959611177444458 for dataset: Car.arff time of entry: 2023-07-24 08:50:19.882798
Total explanation time: 12.980773687362671 for dataset: Car.arff time of entry: 2023-07-24 09:36:54.836781
Total explanation time: 13.593562126159668 for dataset: Car.arff time of entry: 2023-07-24 09:37:38.855098
Total explanation time: 13.578037977218628 for dataset: Car.arff time of entry: 2023-07-24 09:38:21.726821
Total explanation time: 13.271824359893799 for dataset: Car.arff time of entry: 2023-07-24 09:39:02.736831
Total explanation time: 12.87235426902771 for dataset: Car.arff time of entry: 2023-07-24 09:39:43.885726
Total explanation time: 13.538619756698608 for dataset: Car.arff time of entry: 2023-07-24 09:40:25.114709
Total explanation time: 12.852107763290405 for dataset: Car.arff time of entry: 2023-07-24 09:41:05.164538
Total explanation time: 13.36249303817749 for dataset: Car.arff time of entry: 2023-07-24 09:41:45.443136
Total explanation time: 13.21768856048584 for dataset: Car.arff time of entry: 2023-07-24 09:42:24.464821
Total explanation time: 12.758899688720703 for dataset: Car.arff time of entry: 2023-07-24 09:43:04.003524
Total explanation time: 1.296570062637329 for dataset: Glass_new.arff time of entry: 2023-07-24 09:50:28.500644
Total explanation time: 1.2965705394744873 for dataset: Glass_new.arff time of entry: 2023-07-24 09:50:36.120655
Total explanation time: 1.3434340953826904 for dataset: Glass_new.arff time of entry: 2023-07-24 09:50:42.782118
Total explanation time: 1.2965703010559082 for dataset: Glass_new.arff time of entry: 2023-07-24 09:50:49.898951
Total explanation time: 1.312192678451538 for dataset: Glass_new.arff time of entry: 2023-07-24 09:50:57.121782
Total explanation time: 1.3278093338012695 for dataset: Glass_new.arff time of entry: 2023-07-24 09:51:05.332538
Total explanation time: 1.3278119564056396 for dataset: Glass_new.arff time of entry: 2023-07-24 09:51:12.018673
Total explanation time: 1.2965703010559082 for dataset: Glass_new.arff time of entry: 2023-07-24 09:51:17.846026
Total explanation time: 1.312192440032959 for dataset: Glass_new.arff time of entry: 2023-07-24 09:51:24.295031
Total explanation time: 1.3174118995666504 for dataset: Glass_new.arff time of entry: 2023-07-24 09:51:30.539881
Total explanation time: 2.374446153640747 for dataset: cBinClassDisAttr-uniqueInst.arff time of entry: 2023-07-24 09:53:29.885490
Total explanation time: 2.343196153640747 for dataset: cBinClassDisAttr-uniqueInst.arff time of entry: 2023-07-24 09:53:39.160789
Total explanation time: 2.3431968688964844 for dataset: cBinClassDisAttr-uniqueInst.arff time of entry: 2023-07-24 09:53:46.813252
Total explanation time: 2.358816623687744 for dataset: cBinClassDisAttr-uniqueInst.arff time of entry: 2023-07-24 09:53:54.591210
Total explanation time: 2.3275771141052246 for dataset: cBinClassDisAttr-uniqueInst.arff time of entry: 2023-07-24 09:54:01.996657
Total explanation time: 2.2963385581970215 for dataset: cBinClassDisAttr-uniqueInst.arff time of entry: 2023-07-24 09:54:10.133442
Total explanation time: 2.343196153640747 for dataset: cBinClassDisAttr-uniqueInst.arff time of entry: 2023-07-24 09:54:17.501901
Total explanation time: 2.390061378479004 for dataset: cBinClassDisAttr-uniqueInst.arff time of entry: 2023-07-24 09:54:24.873372
Total explanation time: 2.3275747299194336 for dataset: cBinClassDisAttr-uniqueInst.arff time of entry: 2023-07-24 09:54:32.259350
Total explanation time: 2.3588194847106934 for dataset: cBinClassDisAttr-uniqueInst.arff time of entry: 2023-07-24 09:54:40.247690
Total explanation time: 6.200253009796143 for dataset: cBinClassNumBinAttr.arff time of entry: 2023-07-24 09:54:48.963123
Total explanation time: 6.092314720153809 for dataset: cBinClassNumBinAttr.arff time of entry: 2023-07-24 09:55:19.198225
Total explanation time: 5.862814664840698 for dataset: cBinClassNumBinAttr.arff time of entry: 2023-07-24 09:55:48.730998
Total explanation time: 6.083427429199219 for dataset: cBinClassNumBinAttr.arff time of entry: 2023-07-24 09:56:17.530265
Total explanation time: 5.954743146896362 for dataset: cBinClassNumBinAttr.arff time of entry: 2023-07-24 09:56:46.497996
Total explanation time: 5.960850954055786 for dataset: cBinClassNumBinAttr.arff time of entry: 2023-07-24 09:57:13.430536
Total explanation time: 5.9673426151275635 for dataset: cBinClassNumBinAttr.arff time of entry: 2023-07-24 09:57:40.792535
Total explanation time: 6.015934228897095 for dataset: cBinClassNumBinAttr.arff time of entry: 2023-07-24 09:58:08.463075
Total explanation time: 5.904856204986572 for dataset: cBinClassNumBinAttr.arff time of entry: 2023-07-24 09:58:35.937326
Total explanation time: 6.092312335968018 for dataset: cBinClassNumBinAttr.arff time of entry: 2023-07-24 09:59:03.184801
Total explanation time: 10.286858320236206 for dataset: cBinClassNumDisAttr.arff time of entry: 2023-07-24 09:59:31.545146
Total explanation time: 10.116325855255127 for dataset: cBinClassNumDisAttr.arff time of entry: 2023-07-24 10:00:10.559473
Total explanation time: 9.84420657157898 for dataset: cBinClassNumDisAttr.arff time of entry: 2023-07-24 10:00:52.372664
Total explanation time: 9.917490243911743 for dataset: cBinClassNumDisAttr.arff time of entry: 2023-07-24 10:01:33.105177
Total explanation time: 9.837473392486572 for dataset: cBinClassNumDisAttr.arff time of entry: 2023-07-24 10:02:12.692673
Total explanation time: 9.806668758392334 for dataset: cBinClassNumDisAttr.arff time of entry: 2023-07-24 10:02:51.960192
Total explanation time: 10.182753562927246 for dataset: cBinClassNumDisAttr.arff time of entry: 2023-07-24 10:03:32.521140
Total explanation time: 10.197635650634766 for dataset: cBinClassNumDisAttr.arff time of entry: 2023-07-24 10:04:14.991519
Total explanation time: 10.171380043029785 for dataset: cBinClassNumDisAttr.arff time of entry: 2023-07-24 10:04:53.700786
Total explanation time: 9.966397523880005 for dataset: cBinClassNumDisAttr.arff time of entry: 2023-07-24 10:05:36.518039
Total explanation time: 0.3280489444732666 for dataset: cConcepts-uniqueInst.arff time of entry: 2023-07-24 10:06:18.347748
Total explanation time: 0.3135850429534912 for dataset: cConcepts-uniqueInst.arff time of entry: 2023-07-24 10:06:22.568837
Total explanation time: 0.3280477523803711 for dataset: cConcepts-uniqueInst.arff time of entry: 2023-07-24 10:06:26.990646
Total explanation time: 0.33208584785461426 for dataset: cConcepts-uniqueInst.arff time of entry: 2023-07-24 10:06:31.337277
Total explanation time: 0.3527045249938965 for dataset: cConcepts-uniqueInst.arff time of entry: 2023-07-24 10:06:35.827953
Total explanation time: 0.34366869926452637 for dataset: cConcepts-uniqueInst.arff time of entry: 2023-07-24 10:06:40.306429
Total explanation time: 0.37491297721862793 for dataset: cConcepts-uniqueInst.arff time of entry: 2023-07-24 10:06:44.672343
Total explanation time: 0.3554246425628662 for dataset: cConcepts-uniqueInst.arff time of entry: 2023-07-24 10:06:49.134375
Total explanation time: 0.3496112823486328 for dataset: cConcepts-uniqueInst.arff time of entry: 2023-07-24 10:06:53.676913
Total explanation time: 0.34366893768310547 for dataset: cConcepts-uniqueInst.arff time of entry: 2023-07-24 10:06:58.134401
Total explanation time: 12.08711051940918 for dataset: cDisjunct.arff time of entry: 2023-07-24 10:07:04.254813
Total explanation time: 11.88668441772461 for dataset: cDisjunct.arff time of entry: 2023-07-24 10:07:39.218150
Total explanation time: 11.651435375213623 for dataset: cDisjunct.arff time of entry: 2023-07-24 10:08:14.710755
Total explanation time: 11.77428936958313 for dataset: cDisjunct.arff time of entry: 2023-07-24 10:08:49.406750
Total explanation time: 11.666503190994263 for dataset: cDisjunct.arff time of entry: 2023-07-24 10:09:24.819865
Total explanation time: 11.97235631942749 for dataset: cDisjunct.arff time of entry: 2023-07-24 10:10:00.804781
Total explanation time: 11.798848867416382 for dataset: cDisjunct.arff time of entry: 2023-07-24 10:10:36.026117
Total explanation time: 11.841429710388184 for dataset: cDisjunct.arff time of entry: 2023-07-24 10:11:12.289599
Total explanation time: 11.884450197219849 for dataset: cDisjunct.arff time of entry: 2023-07-24 10:11:47.335109
Total explanation time: 11.791414499282837 for dataset: cDisjunct.arff time of entry: 2023-07-24 10:12:23.051977
Total explanation time: 1.7867307662963867 for dataset: cLogicalConcB-uniqueInst.arff time of entry: 2023-07-24 10:12:56.855661
Total explanation time: 1.7777340412139893 for dataset: cLogicalConcB-uniqueInst.arff time of entry: 2023-07-24 10:13:03.092950
Total explanation time: 1.7510035037994385 for dataset: cLogicalConcB-uniqueInst.arff time of entry: 2023-07-24 10:13:09.089582
Total explanation time: 1.7601659297943115 for dataset: cLogicalConcB-uniqueInst.arff time of entry: 2023-07-24 10:13:15.025393
Total explanation time: 1.702721118927002 for dataset: cLogicalConcB-uniqueInst.arff time of entry: 2023-07-24 10:13:21.416552
Total explanation time: 1.771420955657959 for dataset: cLogicalConcB-uniqueInst.arff time of entry: 2023-07-24 10:13:27.488841
Total explanation time: 1.7978923320770264 for dataset: cLogicalConcB-uniqueInst.arff time of entry: 2023-07-24 10:13:33.603307
Total explanation time: 1.8716087341308594 for dataset: cLogicalConcB-uniqueInst.arff time of entry: 2023-07-24 10:13:39.920710
Total explanation time: 1.7027225494384766 for dataset: cLogicalConcB-uniqueInst.arff time of entry: 2023-07-24 10:13:46.038178
Total explanation time: 1.7699100971221924 for dataset: cLogicalConcB-uniqueInst.arff time of entry: 2023-07-24 10:13:52.229969
Total explanation time: 1.73637056350708 for dataset: cLogicalConcBNoisy-uniqueInst.arff time of entry: 2023-07-24 10:13:58.459781
Total explanation time: 1.684185266494751 for dataset: cLogicalConcBNoisy-uniqueInst.arff time of entry: 2023-07-24 10:14:04.449270
Total explanation time: 1.6876144409179688 for dataset: cLogicalConcBNoisy-uniqueInst.arff time of entry: 2023-07-24 10:14:10.588956
Total explanation time: 1.624053716659546 for dataset: cLogicalConcBNoisy-uniqueInst.arff time of entry: 2023-07-24 10:14:16.646892
Total explanation time: 1.6948299407958984 for dataset: cLogicalConcBNoisy-uniqueInst.arff time of entry: 2023-07-24 10:14:22.528108
Total explanation time: 1.6089954376220703 for dataset: cLogicalConcBNoisy-uniqueInst.arff time of entry: 2023-07-24 10:14:28.438529
Total explanation time: 1.6246163845062256 for dataset: cLogicalConcBNoisy-uniqueInst.arff time of entry: 2023-07-24 10:14:34.135683
Total explanation time: 1.6558597087860107 for dataset: cLogicalConcBNoisy-uniqueInst.arff time of entry: 2023-07-24 10:14:39.863011
Total explanation time: 1.7875454425811768 for dataset: cLogicalConcBNoisy-uniqueInst.arff time of entry: 2023-07-24 10:14:45.539386
Total explanation time: 1.7340567111968994 for dataset: cLogicalConcBNoisy-uniqueInst.arff time of entry: 2023-07-24 10:14:51.446939
Total explanation time: 14.914553880691528 for dataset: cModGroups.arff time of entry: 2023-07-24 10:14:59.732182
Total explanation time: 15.074747323989868 for dataset: cModGroups.arff time of entry: 2023-07-24 10:16:09.332825
Total explanation time: 14.751102685928345 for dataset: cModGroups.arff time of entry: 2023-07-24 10:17:14.210648
Total explanation time: 14.895008087158203 for dataset: cModGroups.arff time of entry: 2023-07-24 10:18:16.480342
Total explanation time: 15.028777360916138 for dataset: cModGroups.arff time of entry: 2023-07-24 10:19:20.918440
Total explanation time: 15.20306658744812 for dataset: cModGroups.arff time of entry: 2023-07-24 10:20:28.247384
Total explanation time: 15.02997899055481 for dataset: cModGroups.arff time of entry: 2023-07-24 10:21:32.370814
Total explanation time: 15.121018648147583 for dataset: cModGroups.arff time of entry: 2023-07-24 10:22:40.390835
Total explanation time: 15.11442756652832 for dataset: cModGroups.arff time of entry: 2023-07-24 10:23:45.817420
Total explanation time: 15.462222814559937 for dataset: cModGroups.arff time of entry: 2023-07-24 10:25:05.220449
Total explanation time: 2.171459674835205 for dataset: cMultiVClassDisAttr-uniqueInst.arff time of entry: 2023-07-24 10:26:11.809359
Total explanation time: 2.122480630874634 for dataset: cMultiVClassDisAttr-uniqueInst.arff time of entry: 2023-07-24 10:26:20.367052
Total explanation time: 2.286639928817749 for dataset: cMultiVClassDisAttr-uniqueInst.arff time of entry: 2023-07-24 10:26:28.601182
Total explanation time: 2.2310030460357666 for dataset: cMultiVClassDisAttr-uniqueInst.arff time of entry: 2023-07-24 10:26:36.990020
Total explanation time: 2.1569793224334717 for dataset: cMultiVClassDisAttr-uniqueInst.arff time of entry: 2023-07-24 10:26:44.979617
Total explanation time: 2.092430830001831 for dataset: cMultiVClassDisAttr-uniqueInst.arff time of entry: 2023-07-24 10:26:52.720427
Total explanation time: 2.108874559402466 for dataset: cMultiVClassDisAttr-uniqueInst.arff time of entry: 2023-07-24 10:27:00.468271
Total explanation time: 2.1719305515289307 for dataset: cMultiVClassDisAttr-uniqueInst.arff time of entry: 2023-07-24 10:27:08.071512
Total explanation time: 2.1484079360961914 for dataset: cMultiVClassDisAttr-uniqueInst.arff time of entry: 2023-07-24 10:27:15.109330
Total explanation time: 2.174339532852173 for dataset: cMultiVClassDisAttr-uniqueInst.arff time of entry: 2023-07-24 10:27:22.903416
Total explanation time: 4.261463642120361 for dataset: condInd-uniqueInst.arff time of entry: 2023-07-24 10:27:30.938617
Total explanation time: 4.435165882110596 for dataset: condInd-uniqueInst.arff time of entry: 2023-07-24 10:27:39.830257
Total explanation time: 4.246903657913208 for dataset: condInd-uniqueInst.arff time of entry: 2023-07-24 10:27:49.133750
Total explanation time: 4.287847995758057 for dataset: condInd-uniqueInst.arff time of entry: 2023-07-24 10:27:58.170075
Total explanation time: 4.8192808628082275 for dataset: condInd-uniqueInst.arff time of entry: 2023-07-24 10:28:07.407688
Total explanation time: 4.476860284805298 for dataset: condInd-uniqueInst.arff time of entry: 2023-07-24 10:28:16.957851
Total explanation time: 4.168023109436035 for dataset: condInd-uniqueInst.arff time of entry: 2023-07-24 10:28:26.261201
Total explanation time: 4.3505964279174805 for dataset: condInd-uniqueInst.arff time of entry: 2023-07-24 10:28:35.080500
Total explanation time: 4.328924894332886 for dataset: condInd-uniqueInst.arff time of entry: 2023-07-24 10:28:44.122102
Total explanation time: 4.305186033248901 for dataset: condInd-uniqueInst.arff time of entry: 2023-07-24 10:28:53.179246
Total explanation time: 2.5960288047790527 for dataset: cBinClassDisAttr-uniqueInst.arff time of entry: 2023-07-24 13:11:01.569979
Total explanation time: 6.76403021812439 for dataset: cBinClassNumBinAttr.arff time of entry: 2023-07-24 13:11:07.173226
Total explanation time: 11.161460399627686 for dataset: cBinClassNumDisAttr.arff time of entry: 2023-07-24 13:11:18.974919
Total explanation time: 0.37134861946105957 for dataset: cConcepts-uniqueInst.arff time of entry: 2023-07-24 13:11:39.016137
Total explanation time: 13.107199430465698 for dataset: cDisjunct.arff time of entry: 2023-07-24 13:11:41.868093
Total explanation time: 1.9068174362182617 for dataset: cLogicalConcB-uniqueInst.arff time of entry: 2023-07-24 13:11:58.411669
Total explanation time: 1.823152780532837 for dataset: cLogicalConcBNoisy-uniqueInst.arff time of entry: 2023-07-24 13:12:02.682131
Total explanation time: 17.03120255470276 for dataset: cModGroups.arff time of entry: 2023-07-24 13:12:07.562472
Total explanation time: 2.4108450412750244 for dataset: cMultiVClassDisAttr-uniqueInst.arff time of entry: 2023-07-24 13:12:30.417626
Total explanation time: 4.704499006271362 for dataset: condInd-uniqueInst.arff time of entry: 2023-07-24 13:12:35.446770
Total explanation time: 2.6007232666015625 for dataset: cBinClassDisAttr-uniqueInst.arff time of entry: 2023-07-24 13:15:22.229108
Total explanation time: 6.683701753616333 for dataset: cBinClassNumBinAttr.arff time of entry: 2023-07-24 13:15:29.735706
Total explanation time: 11.296257734298706 for dataset: cBinClassNumDisAttr.arff time of entry: 2023-07-24 13:15:43.408688
Total explanation time: 0.36655521392822266 for dataset: cConcepts-uniqueInst.arff time of entry: 2023-07-24 13:16:05.979077
Total explanation time: 12.814413070678711 for dataset: cDisjunct.arff time of entry: 2023-07-24 13:16:10.282422
Total explanation time: 1.9802443981170654 for dataset: cLogicalConcB-uniqueInst.arff time of entry: 2023-07-24 13:16:28.179389
Total explanation time: 1.8587913513183594 for dataset: cLogicalConcBNoisy-uniqueInst.arff time of entry: 2023-07-24 13:16:34.032649
Total explanation time: 16.7337908744812 for dataset: cModGroups.arff time of entry: 2023-07-24 13:16:40.436827
Total explanation time: 2.361100912094116 for dataset: cMultiVClassDisAttr-uniqueInst.arff time of entry: 2023-07-24 13:17:04.375591
Total explanation time: 4.751302719116211 for dataset: condInd-uniqueInst.arff time of entry: 2023-07-24 13:17:10.934315
Total explanation time: 2.626075267791748 for dataset: cBinClassDisAttr-uniqueInst.arff time of entry: 2023-07-24 13:21:17.660206
Total explanation time: 6.5697021484375 for dataset: cBinClassNumBinAttr.arff time of entry: 2023-07-24 13:21:25.617828
Total explanation time: 11.104838609695435 for dataset: cBinClassNumDisAttr.arff time of entry: 2023-07-24 13:21:38.810635
Total explanation time: 0.37163591384887695 for dataset: cConcepts-uniqueInst.arff time of entry: 2023-07-24 13:22:00.455050
Total explanation time: 12.928121566772461 for dataset: cDisjunct.arff time of entry: 2023-07-24 13:22:04.619910
Total explanation time: 1.8712618350982666 for dataset: cLogicalConcB-uniqueInst.arff time of entry: 2023-07-24 13:22:22.671481
Total explanation time: 1.8794281482696533 for dataset: cLogicalConcBNoisy-uniqueInst.arff time of entry: 2023-07-24 13:22:28.342158
Total explanation time: 16.711658000946045 for dataset: cModGroups.arff time of entry: 2023-07-24 13:22:34.869215
Total explanation time: 2.394056797027588 for dataset: cMultiVClassDisAttr-uniqueInst.arff time of entry: 2023-07-24 13:22:59.334629
Total explanation time: 4.729679107666016 for dataset: condInd-uniqueInst.arff time of entry: 2023-07-24 13:23:05.854259
