dataset: cBinClassDisAttr-uniqueInst.arff
LIME (explanation), alg. for searching concepts: XGBoost
Explaining class: 1, explaining all dataset: NO
---------------------------------------------------------------------------------
--------------
Threshold: 0,10
--------------
	A1: 87
--------------
Threshold: 0,20
--------------
	A1: 87
--------------
Threshold: 0,30
--------------
	A1: 87
--------------
Threshold: 0,40
--------------
	A1: 87
--------------
Threshold: 0,50
--------------
	A1: 87
--------------
Threshold: 0,60
--------------
	A1: 73
	A1 | A2: 14
--------------
Threshold: 0,70
--------------
	A1: 69
	A1 | A2: 18
--------------
Threshold: 0,80
--------------
	A1 | A2: 56
	A1: 17
	A1 | A2 | A4: 14
*********************************************************************************
All potential concepts, based on thresholds.
	A1 A2 ~#~ A1 A2 A4 ~#~ 
*********************************************************************************
dataset: cBinClassNumBinAttr.arff
LIME (explanation), alg. for searching concepts: XGBoost
Explaining class: 1, explaining all dataset: NO
---------------------------------------------------------------------------------
--------------
Threshold: 0,10
--------------
	A3: 166
	A4: 39
	A2: 28
--------------
Threshold: 0,20
--------------
	A3: 166
	A4: 39
	A2: 28
--------------
Threshold: 0,30
--------------
	A3: 166
	A4: 39
	A2: 26
--------------
Threshold: 0,40
--------------
	A3: 148
	A2 | A4: 41
	A2: 15
	A3 | A4: 12
	A4: 10
	A2 | A3: 6
--------------
Threshold: 0,50
--------------
	A2 | A3: 138
	A2 | A4: 51
	A3 | A4: 16
	A1 | A2: 16
	A3: 12
--------------
Threshold: 0,60
--------------
	A2 | A3: 150
	A2 | A4: 45
	A3 | A4: 16
	A1 | A2: 16
	A1 | A2 | A4: 6
--------------
Threshold: 0,70
--------------
	A2 | A3: 97
	A2 | A3 | A4: 74
	A2 | A4: 24
	A1 | A2 | A4: 17
	A1 | A2 | A3: 12
	A1 | A2: 9
--------------
Threshold: 0,80
--------------
	A1 | A2 | A3: 114
	A2 | A3 | A4: 77
	A1 | A2 | A4: 36
	A1 | A2 | A3 | A4: 6
*********************************************************************************
All potential concepts, based on thresholds.
	A2 A4 ~#~ A3 A4 ~#~ A2 A3 ~#~ A1 A2 ~#~ A1 A2 A4 ~#~ A2 A3 A4 ~#~ A1 A2 A3 ~#~ A1 A2 A3 A4 ~#~ 
*********************************************************************************
dataset: cBinClassNumDisAttr.arff
LIME (explanation), alg. for searching concepts: XGBoost
Explaining class: 1, explaining all dataset: NO
---------------------------------------------------------------------------------
--------------
Threshold: 0,10
--------------
	A1: 168
	A2: 92
	A4: 62
	A3: 53
--------------
Threshold: 0,20
--------------
	A1: 168
	A2: 92
	A4: 62
	A3: 53
--------------
Threshold: 0,30
--------------
	A1: 168
	A2: 92
	A4: 62
	A3: 53
--------------
Threshold: 0,40
--------------
	A1 | A2: 130
	A1: 103
	A4: 51
	A3: 38
	A2: 27
	A3 | A4: 24
--------------
Threshold: 0,50
--------------
	A1 | A2: 260
	A3 | A4: 73
	A3: 23
	A4: 14
--------------
Threshold: 0,60
--------------
	A1 | A2: 260
	A3 | A4: 86
	A2 | A3: 9
	A3: 8
--------------
Threshold: 0,70
--------------
	A1 | A2: 213
	A3 | A4: 75
	A1 | A2 | A4: 47
	A2 | A3 | A4: 14
	A2 | A3: 10
	A1 | A3 | A4: 6
--------------
Threshold: 0,80
--------------
	A1 | A2 | A4: 165
	A1 | A2: 94
	A3 | A4: 37
	A2 | A3 | A4: 29
	A1 | A3 | A4: 16
	A1 | A2 | A3: 12
	A3 | A4 | A5: 7
	A1 | A2 | A3 | A4: 6
*********************************************************************************
All potential concepts, based on thresholds.
	A1 A2 ~#~ A3 A4 ~#~ A2 A3 ~#~ A1 A2 A4 ~#~ A2 A3 A4 ~#~ A1 A3 A4 ~#~ A1 A2 A3 ~#~ A3 A4 A5 ~#~ A1 A2 A3 A4 ~#~ 
*********************************************************************************
dataset: cConcepts-uniqueInst.arff
LIME (explanation), alg. for searching concepts: XGBoost
Explaining class: 0, explaining all dataset: NO
---------------------------------------------------------------------------------
--------------
Threshold: 0,10
--------------
	A2: 8
	A1: 6
--------------
Threshold: 0,20
--------------
	A2: 8
	A1: 6
--------------
Threshold: 0,30
--------------
	A2: 8
	A1: 6
--------------
Threshold: 0,40
--------------
	A1: 6
	A2: 6
	A1 | A2: 2
--------------
Threshold: 0,50
--------------
	A1 | A2: 14
--------------
Threshold: 0,60
--------------
	A1 | A2: 14
--------------
Threshold: 0,70
--------------
	A1 | A2: 14
--------------
Threshold: 0,80
--------------
	A1 | A2: 10
	A1 | A2 | A4: 4
*********************************************************************************
All potential concepts, based on thresholds.
	A1 A2 ~#~ A1 A2 A4 ~#~ 
*********************************************************************************
dataset: cDisjunct.arff
LIME (explanation), alg. for searching concepts: XGBoost
Explaining class: 0, explaining all dataset: NO
---------------------------------------------------------------------------------
--------------
Threshold: 0,10
--------------
	A1: 431
--------------
Threshold: 0,20
--------------
	A1: 431
--------------
Threshold: 0,30
--------------
	A1: 431
--------------
Threshold: 0,40
--------------
	A1: 419
	A1 | A3: 13
--------------
Threshold: 0,50
--------------
	A1 | A3: 386
	A1: 47
--------------
Threshold: 0,60
--------------
	A1 | A3: 432
--------------
Threshold: 0,70
--------------
	A1 | A3: 433
--------------
Threshold: 0,80
--------------
	A1 | A2 | A3: 223
	A1 | A3: 211
*********************************************************************************
All potential concepts, based on thresholds.
	A1 A3 ~#~ A1 A2 A3 ~#~ 
*********************************************************************************
dataset: cLogicalConcB-uniqueInst.arff
LIME (explanation), alg. for searching concepts: XGBoost
Explaining class: 1, explaining all dataset: NO
---------------------------------------------------------------------------------
--------------
Threshold: 0,10
--------------
	A2: 37
	A6: 19
--------------
Threshold: 0,20
--------------
	A2: 37
	A6: 19
--------------
Threshold: 0,30
--------------
	A2 | A6: 49
	A2: 7
--------------
Threshold: 0,40
--------------
	A2 | A6: 56
--------------
Threshold: 0,50
--------------
	A2 | A6: 47
	A2 | A3 | A6: 5
	A1 | A2 | A6: 4
--------------
Threshold: 0,60
--------------
	A1 | A2 | A6: 34
	A2 | A3 | A6: 22
--------------
Threshold: 0,70
--------------
	A1 | A2 | A3 | A6: 23
	A1 | A2 | A6: 18
	A2 | A3 | A6: 15
--------------
Threshold: 0,80
--------------
	A1 | A2 | A3 | A6: 56
*********************************************************************************
All potential concepts, based on thresholds.
	A2 A6 ~#~ A2 A3 A6 ~#~ A1 A2 A6 ~#~ A1 A2 A3 A6 ~#~ 
*********************************************************************************
dataset: cLogicalConcBNoisy-uniqueInst.arff
LIME (explanation), alg. for searching concepts: XGBoost
Explaining class: 1, explaining all dataset: NO
---------------------------------------------------------------------------------
--------------
Threshold: 0,10
--------------
	A2: 32
	A6: 22
--------------
Threshold: 0,20
--------------
	A2: 32
	A6: 22
--------------
Threshold: 0,30
--------------
	A2 | A6: 43
	A2: 11
--------------
Threshold: 0,40
--------------
	A2 | A6: 54
--------------
Threshold: 0,50
--------------
	A2 | A6: 51
--------------
Threshold: 0,60
--------------
	A1 | A2 | A6: 51
--------------
Threshold: 0,70
--------------
	A1 | A2 | A6: 43
	A1 | A2 | A3 | A6: 9
--------------
Threshold: 0,80
--------------
	A1 | A2 | A3 | A6: 54
*********************************************************************************
All potential concepts, based on thresholds.
	A2 A6 ~#~ A1 A2 A6 ~#~ A1 A2 A3 A6 ~#~ 
*********************************************************************************
dataset: cModGroups.arff
LIME (explanation), alg. for searching concepts: XGBoost
Explaining class: 2, explaining all dataset: NO
---------------------------------------------------------------------------------
--------------
Threshold: 0,10
--------------
	I2: 433
	I1: 190
	R2: 14
	R1: 11
--------------
Threshold: 0,20
--------------
	I2: 433
	I1: 190
	R2: 14
	R1: 11
--------------
Threshold: 0,30
--------------
	I2: 432
	I1: 188
	R2: 14
	R1: 11
--------------
Threshold: 0,40
--------------
	I2: 420
	I1: 167
	I1 | I2: 18
	I1 | R2: 13
	R2: 10
--------------
Threshold: 0,50
--------------
	I2: 343
	I1 | I2: 135
	I1: 85
	I1 | R2: 39
	I2 | R2: 18
	I1 | R1: 16
--------------
Threshold: 0,60
--------------
	I1 | I2: 239
	I2: 227
	I1 | R2: 57
	I1: 39
	I2 | R2: 36
	I1 | R1: 22
	I2 | R1: 15
--------------
Threshold: 0,70
--------------
	I1 | I2: 302
	I2: 113
	I2 | R2: 58
	I1 | R2: 51
	I2 | R1: 27
	I1 | I2 | R2: 27
	I1 | R1: 25
	I1: 17
	I1 | R1 | R2: 13
	I1 | I2 | R1: 8
--------------
Threshold: 0,80
--------------
	I1 | I2: 283
	I1 | I2 | R2: 86
	I2 | R2: 57
	I1 | I2 | R1: 57
	I2: 40
	I1 | R1 | R2: 35
	I2 | R1: 30
	I1 | R2: 27
	I2 | R1 | R2: 14
	I1 | R1: 12
*********************************************************************************
All potential concepts, based on thresholds.
	I1 I2 ~#~ I1 R2 ~#~ I2 R2 ~#~ I1 R1 ~#~ I2 R1 ~#~ I1 I2 R2 ~#~ I1 R1 R2 ~#~ I1 I2 R1 ~#~ I2 R1 R2 ~#~ 
*********************************************************************************
dataset: cMultiVClassDisAttr-uniqueInst.arff
LIME (explanation), alg. for searching concepts: XGBoost
Explaining class: 2, explaining all dataset: NO
---------------------------------------------------------------------------------
--------------
Threshold: 0,10
--------------
	A1: 78
--------------
Threshold: 0,20
--------------
	A1: 78
--------------
Threshold: 0,30
--------------
	A1: 78
--------------
Threshold: 0,40
--------------
	A1: 78
--------------
Threshold: 0,50
--------------
	A1: 73
	A1 | A2: 5
--------------
Threshold: 0,60
--------------
	A1: 69
	A1 | A2: 9
--------------
Threshold: 0,70
--------------
	A1: 69
	A1 | A2: 9
--------------
Threshold: 0,80
--------------
	A1: 36
	A1 | A2: 34
	A1 | A2 | A4: 8
*********************************************************************************
All potential concepts, based on thresholds.
	A1 A2 ~#~ A1 A2 A4 ~#~ 
*********************************************************************************
dataset: condInd-uniqueInst.arff
LIME (explanation), alg. for searching concepts: XGBoost
Explaining class: 0, explaining all dataset: NO
---------------------------------------------------------------------------------
--------------
Threshold: 0,10
--------------
	I90: 124
--------------
Threshold: 0,20
--------------
	I90: 124
--------------
Threshold: 0,30
--------------
	I90: 124
--------------
Threshold: 0,40
--------------
	I90: 87
	I80 | I90: 37
--------------
Threshold: 0,50
--------------
	I80 | I90: 124
--------------
Threshold: 0,60
--------------
	I80 | I90: 124
--------------
Threshold: 0,70
--------------
	I70 | I80 | I90: 124
--------------
Threshold: 0,80
--------------
	I70 | I80 | I90: 124
*********************************************************************************
All potential concepts, based on thresholds.
	I80 I90 ~#~ I70 I80 I90 ~#~ 
*********************************************************************************
