dataset: cLogicalConcBEasy-JustTwoDiffInstInEacsClass.arff
Explaining class: 1 explaining whole dataset: NO
Internal (during building) accuracy of explanation model: 100.0
*********************************************************************************
We remove max(NOISE,minNoise) groups, NOISE=0.0% -> 0, minNoise=3 we remove groups of size 3. Tree SHAP num of expl. inst. 489
Lower threshold thrL: 0.1 upper threshold thrU: 0.9 with step: 0.1
--------------
Threshold: 0,10
--------------
	A4: 489
--------------
Threshold: 0,20
--------------
	A4: 489
--------------
Threshold: 0,30
--------------
	A4: 489
--------------
Threshold: 0,40
--------------
	A4: 489
--------------
Threshold: 0,50
--------------
	A4: 489
--------------
Threshold: 0,60
--------------
	A4: 489
--------------
Threshold: 0,70
--------------
	A4: 489
--------------
Threshold: 0,80
--------------
	A4: 489
--------------
Threshold: 0,90
--------------
	A4: 489
*********************************************************************************
All potential concepts, based on thresholds.
	
*********************************************************************************
