dataset: cLogicalConcBEasy.arff
IME (explanation), equalSampling, N_SAMPLES: 1000 - alg. for searching concepts: MultilayerPerceptron
Explaining class: 1, explaining all dataset: NO
---------------------------------------------------------------------------------
We remove max(NOISE,minNoise) groups, NOISE=0.0% -> 0, minNoise=0 we remove groups of size 0. Number of instances from class (1) is 489
Lower threshold thrL: 0.6 upper threshold thrU: 0.8 with step: 0.1
--------------
Threshold: 0,60
--------------
	A2 | A3: 239
	A4 | A5: 235
	A1 | A3: 9
	A1 | A2 | A3: 2
	A1 | A2: 2
	A1 | A5: 1
	A1 | A4 | A5: 1
--------------
Threshold: 0,70
--------------
	A1 | A2 | A3: 187
	A1 | A4 | A5: 180
	A2 | A3: 65
	A4 | A5: 57
--------------
Threshold: 0,80
--------------
	A1 | A2 | A3: 187
	A1 | A4 | A5: 180
	A2 | A3 | A4: 36
	A3 | A4 | A5: 35
	A2 | A3 | A5: 28
	A2 | A4 | A5: 22
	A2 | A3: 1
*********************************************************************************
All potential concepts, based on thresholds.
	A2 A3 ~#~ A4 A5 ~#~ A1 A3 ~#~ A1 A2 A3 ~#~ A1 A2 ~#~ A1 A5 ~#~ A1 A4 A5 ~#~ A2 A3 A4 ~#~ A3 A4 A5 ~#~ A2 A3 A5 ~#~ A2 A4 A5 ~#~ 
*********************************************************************************
dataset: cLogicalConcBEasyNoisy.arff
IME (explanation), equalSampling, N_SAMPLES: 1000 - alg. for searching concepts: MultilayerPerceptron
Explaining class: 1, explaining all dataset: NO
---------------------------------------------------------------------------------
We take only 500 instances out of 557.
We remove max(NOISE,minNoise) groups, NOISE=0.0% -> 0, minNoise=0 we remove groups of size 0. Number of instances from class (1) is 500
Lower threshold thrL: 0.6 upper threshold thrU: 0.8 with step: 0.1
--------------
Threshold: 0,60
--------------
	A2 | A3: 226
	A4 | A5: 189
	A1 | A4 | A5: 34
	A1 | A5: 15
	A2 | A4 | A5: 8
	A2 | A3 | A5: 5
	A2 | A3 | A4: 4
	A3 | A4 | A5: 3
	A3 | A4: 3
	A1 | A3: 3
	A1 | A4: 3
	A1 | A3 | A5: 2
	A2: 1
	A1 | A3 | A4: 1
	A3 | A5: 1
	A2 | A4: 1
	A1 | A2: 1
--------------
Threshold: 0,70
--------------
	A1 | A4 | A5: 173
	A1 | A2 | A3: 171
	A4 | A5: 60
	A2 | A3: 55
	A2 | A4 | A5: 10
	A3 | A4 | A5: 6
	A1 | A3 | A5: 6
	A2 | A3 | A4: 6
	A2 | A3 | A5: 5
	A1 | A3 | A4: 2
	A3 | A4: 2
	A1 | A2 | A3 | A5: 2
	A3 | A5: 1
	A1 | A2 | A5: 1
--------------
Threshold: 0,80
--------------
	A1 | A4 | A5: 173
	A1 | A2 | A3: 169
	A3 | A4 | A5: 49
	A2 | A3 | A5: 35
	A2 | A3 | A4: 24
	A2 | A3 | A4 | A5: 15
	A2 | A4 | A5: 14
	A1 | A3 | A4 | A5: 9
	A1 | A2 | A3 | A5: 9
	A1 | A2 | A3 | A4: 3
*********************************************************************************
All potential concepts, based on thresholds.
	A2 A3 ~#~ A4 A5 ~#~ A1 A4 A5 ~#~ A1 A5 ~#~ A2 A4 A5 ~#~ A2 A3 A5 ~#~ A2 A3 A4 ~#~ A3 A4 A5 ~#~ A3 A4 ~#~ A1 A3 ~#~ A1 A4 ~#~ A1 A3 A5 ~#~ A1 A3 A4 ~#~ A3 A5 ~#~ A2 A4 ~#~ A1 A2 ~#~ A1 A2 A3 ~#~ A1 A2 A3 A5 ~#~ A1 A2 A5 ~#~ A2 A3 A4 A5 ~#~ A1 A3 A4 A5 ~#~ A1 A2 A3 A4 ~#~ 
*********************************************************************************
