dataset: cLogicalConcBEasy.arff
IME (explanation), equalSampling, N_SAMPLES: 1000 - alg. for searching concepts: MultilayerPerceptron
Explaining class: 1, explaining all dataset: NO
---------------------------------------------------------------------------------
We remove max(NOISE,minNoise) groups, NOISE=0.0% -> 0, minNoise=3 we remove groups of size 3. Number of instances from class (1) is 489
Lower threshold thrL: 0.6 upper threshold thrU: 0.8 with step: 0.1
--------------
Threshold: 0,60
--------------
	A2 | A3: 241
	A4 | A5: 236
	A1 | A3: 9
--------------
Threshold: 0,70
--------------
	A1 | A2 | A3: 187
	A1 | A4 | A5: 180
	A2 | A3: 65
	A4 | A5: 57
--------------
Threshold: 0,80
--------------
	A1 | A2 | A3: 187
	A1 | A4 | A5: 180
	A2 | A3 | A4: 33
	A2 | A3 | A5: 32
	A3 | A4 | A5: 28
	A2 | A4 | A5: 27
*********************************************************************************
All potential concepts, based on thresholds.
	A2 A3 ~#~ A4 A5 ~#~ A1 A3 ~#~ A1 A2 A3 ~#~ A1 A4 A5 ~#~ A2 A3 A4 ~#~ A2 A3 A5 ~#~ A3 A4 A5 ~#~ A2 A4 A5 ~#~ 
*********************************************************************************
dataset: cLogicalConcBEasyNoisy.arff
IME (explanation), equalSampling, N_SAMPLES: 1000 - alg. for searching concepts: MultilayerPerceptron
Explaining class: 1, explaining all dataset: NO
---------------------------------------------------------------------------------
We take only 500 instances out of 557.
We remove max(NOISE,minNoise) groups, NOISE=0.0% -> 0, minNoise=3 we remove groups of size 3. Number of instances from class (1) is 500
Lower threshold thrL: 0.6 upper threshold thrU: 0.8 with step: 0.1
--------------
Threshold: 0,60
--------------
	A2 | A3: 229
	A4 | A5: 185
	A1 | A4 | A5: 32
	A1 | A5: 19
	A2 | A4 | A5: 8
	A1 | A4: 4
	A2 | A3 | A4: 4
--------------
Threshold: 0,70
--------------
	A1 | A4 | A5: 171
	A1 | A2 | A3: 170
	A4 | A5: 61
	A2 | A3: 56
	A2 | A4 | A5: 11
	A2 | A3 | A4: 7
	A1 | A3 | A5: 6
--------------
Threshold: 0,80
--------------
	A1 | A4 | A5: 176
	A1 | A2 | A3: 169
	A3 | A4 | A5: 53
	A2 | A3 | A4: 32
	A2 | A3 | A5: 26
	A2 | A3 | A4 | A5: 13
	A2 | A4 | A5: 11
	A1 | A2 | A3 | A5: 7
	A1 | A3 | A4 | A5: 6
*********************************************************************************
All potential concepts, based on thresholds.
	A2 A3 ~#~ A4 A5 ~#~ A1 A4 A5 ~#~ A1 A5 ~#~ A2 A4 A5 ~#~ A1 A4 ~#~ A2 A3 A4 ~#~ A1 A2 A3 ~#~ A1 A3 A5 ~#~ A3 A4 A5 ~#~ A2 A3 A5 ~#~ A2 A3 A4 A5 ~#~ A1 A2 A3 A5 ~#~ A1 A3 A4 A5 ~#~ 
*********************************************************************************
