dataset: cBinClassDisAttr-uniqueInst.arff
LIME (explanation), alg. for searching concepts: XGBoost
Explaining class: 1, explaining all dataset: NO
---------------------------------------------------------------------------------
--------------
Threshold: 0,10
--------------
	A1: 87
--------------
Threshold: 0,20
--------------
	A1: 87
--------------
Threshold: 0,30
--------------
	A1: 87
--------------
Threshold: 0,40
--------------
	A1: 87
--------------
Threshold: 0,50
--------------
	A1: 87
--------------
Threshold: 0,60
--------------
	A1: 74
	A1 | A2: 13
--------------
Threshold: 0,70
--------------
	A1: 67
	A1 | A2: 20
--------------
Threshold: 0,80
--------------
	A1 | A2: 53
	A1: 20
	A1 | A2 | A4: 10
	A1 | A2 | A3: 4
*********************************************************************************
All potential concepts, based on thresholds.
	A1 A2 ~#~ A1 A2 A4 ~#~ A1 A2 A3 ~#~ 
*********************************************************************************
dataset: cBinClassNumBinAttr.arff
LIME (explanation), alg. for searching concepts: XGBoost
Explaining class: 1, explaining all dataset: NO
---------------------------------------------------------------------------------
--------------
Threshold: 0,10
--------------
	A3: 166
	A4: 46
	A2: 21
--------------
Threshold: 0,20
--------------
	A3: 166
	A4: 46
	A2: 21
--------------
Threshold: 0,30
--------------
	A3: 166
	A4: 46
	A2: 21
--------------
Threshold: 0,40
--------------
	A3: 144
	A2 | A4: 38
	A2: 14
	A4: 13
	A2 | A3: 12
	A3 | A4: 10
--------------
Threshold: 0,50
--------------
	A2 | A3: 141
	A2 | A4: 51
	A1 | A2: 16
	A3 | A4: 13
	A3: 12
--------------
Threshold: 0,60
--------------
	A2 | A3: 153
	A2 | A4: 50
	A1 | A2: 16
	A3 | A4: 13
--------------
Threshold: 0,70
--------------
	A2 | A3: 97
	A2 | A3 | A4: 80
	A2 | A4: 24
	A1 | A2 | A4: 15
	A1 | A2 | A3: 10
	A1 | A2: 7
--------------
Threshold: 0,80
--------------
	A1 | A2 | A3: 113
	A2 | A3 | A4: 84
	A1 | A2 | A4: 34
*********************************************************************************
All potential concepts, based on thresholds.
	A2 A4 ~#~ A2 A3 ~#~ A3 A4 ~#~ A1 A2 ~#~ A2 A3 A4 ~#~ A1 A2 A4 ~#~ A1 A2 A3 ~#~ 
*********************************************************************************
dataset: cBinClassNumDisAttr.arff
LIME (explanation), alg. for searching concepts: XGBoost
Explaining class: 1, explaining all dataset: NO
---------------------------------------------------------------------------------
--------------
Threshold: 0,10
--------------
	A1: 169
	A2: 91
	A3: 60
	A4: 55
--------------
Threshold: 0,20
--------------
	A1: 169
	A2: 91
	A3: 60
	A4: 55
--------------
Threshold: 0,30
--------------
	A1: 169
	A2: 91
	A3: 60
	A4: 55
--------------
Threshold: 0,40
--------------
	A1 | A2: 134
	A1: 101
	A3: 48
	A4: 41
	A2: 25
	A3 | A4: 25
--------------
Threshold: 0,50
--------------
	A1 | A2: 260
	A3 | A4: 70
	A3: 21
	A4: 15
	A2 | A3: 7
--------------
Threshold: 0,60
--------------
	A1 | A2: 260
	A3 | A4: 84
	A2 | A3: 15
	A3: 7
--------------
Threshold: 0,70
--------------
	A1 | A2: 222
	A3 | A4: 58
	A1 | A2 | A4: 38
	A2 | A3 | A4: 26
	A2 | A3: 10
	A1 | A3 | A4: 5
	A1 | A2 | A3: 5
--------------
Threshold: 0,80
--------------
	A1 | A2 | A4: 162
	A1 | A2: 96
	A2 | A3 | A4: 39
	A3 | A4: 28
	A1 | A3 | A4: 12
	A1 | A2 | A3: 11
	A3 | A4 | A5: 8
	A1 | A2 | A3 | A4: 6
*********************************************************************************
All potential concepts, based on thresholds.
	A1 A2 ~#~ A3 A4 ~#~ A2 A3 ~#~ A1 A2 A4 ~#~ A2 A3 A4 ~#~ A1 A3 A4 ~#~ A1 A2 A3 ~#~ A3 A4 A5 ~#~ A1 A2 A3 A4 ~#~ 
*********************************************************************************
dataset: cConcepts-uniqueInst.arff
LIME (explanation), alg. for searching concepts: XGBoost
Explaining class: 0, explaining all dataset: NO
---------------------------------------------------------------------------------
--------------
Threshold: 0,10
--------------
	A2: 8
	A1: 6
--------------
Threshold: 0,20
--------------
	A2: 8
	A1: 6
--------------
Threshold: 0,30
--------------
	A2: 8
	A1: 6
--------------
Threshold: 0,40
--------------
	A2: 7
	A1: 6
--------------
Threshold: 0,50
--------------
	A1 | A2: 14
--------------
Threshold: 0,60
--------------
	A1 | A2: 14
--------------
Threshold: 0,70
--------------
	A1 | A2: 14
--------------
Threshold: 0,80
--------------
	A1 | A2: 9
	A1 | A2 | A4: 5
*********************************************************************************
All potential concepts, based on thresholds.
	A1 A2 ~#~ A1 A2 A4 ~#~ 
*********************************************************************************
dataset: cDisjunct.arff
LIME (explanation), alg. for searching concepts: XGBoost
Explaining class: 0, explaining all dataset: NO
---------------------------------------------------------------------------------
--------------
Threshold: 0,10
--------------
	A1: 433
--------------
Threshold: 0,20
--------------
	A1: 433
--------------
Threshold: 0,30
--------------
	A1: 433
--------------
Threshold: 0,40
--------------
	A1: 428
	A1 | A3: 6
--------------
Threshold: 0,50
--------------
	A1 | A3: 383
	A1: 51
--------------
Threshold: 0,60
--------------
	A1 | A3: 433
--------------
Threshold: 0,70
--------------
	A1 | A3: 434
--------------
Threshold: 0,80
--------------
	A1 | A2 | A3: 230
	A1 | A3: 204
*********************************************************************************
All potential concepts, based on thresholds.
	A1 A3 ~#~ A1 A2 A3 ~#~ 
*********************************************************************************
dataset: cLogicalConcB-uniqueInst.arff
LIME (explanation), alg. for searching concepts: XGBoost
Explaining class: 1, explaining all dataset: NO
---------------------------------------------------------------------------------
--------------
Threshold: 0,10
--------------
	A2: 37
	A6: 19
--------------
Threshold: 0,20
--------------
	A2: 37
	A6: 19
--------------
Threshold: 0,30
--------------
	A2 | A6: 50
	A2: 5
--------------
Threshold: 0,40
--------------
	A2 | A6: 56
--------------
Threshold: 0,50
--------------
	A2 | A6: 46
	A1 | A2 | A6: 8
--------------
Threshold: 0,60
--------------
	A1 | A2 | A6: 32
	A2 | A3 | A6: 24
--------------
Threshold: 0,70
--------------
	A1 | A2 | A6: 22
	A1 | A2 | A3 | A6: 20
	A2 | A3 | A6: 14
--------------
Threshold: 0,80
--------------
	A1 | A2 | A3 | A6: 56
*********************************************************************************
All potential concepts, based on thresholds.
	A2 A6 ~#~ A1 A2 A6 ~#~ A2 A3 A6 ~#~ A1 A2 A3 A6 ~#~ 
*********************************************************************************
dataset: cLogicalConcBNoisy-uniqueInst.arff
LIME (explanation), alg. for searching concepts: XGBoost
Explaining class: 1, explaining all dataset: NO
---------------------------------------------------------------------------------
--------------
Threshold: 0,10
--------------
	A2: 34
	A6: 20
--------------
Threshold: 0,20
--------------
	A2: 34
	A6: 20
--------------
Threshold: 0,30
--------------
	A2 | A6: 46
	A2: 8
--------------
Threshold: 0,40
--------------
	A2 | A6: 54
--------------
Threshold: 0,50
--------------
	A2 | A6: 52
--------------
Threshold: 0,60
--------------
	A1 | A2 | A6: 53
--------------
Threshold: 0,70
--------------
	A1 | A2 | A6: 45
	A1 | A2 | A3 | A6: 8
--------------
Threshold: 0,80
--------------
	A1 | A2 | A3 | A6: 54
*********************************************************************************
All potential concepts, based on thresholds.
	A2 A6 ~#~ A1 A2 A6 ~#~ A1 A2 A3 A6 ~#~ 
*********************************************************************************
dataset: cModGroups.arff
LIME (explanation), alg. for searching concepts: XGBoost
Explaining class: 2, explaining all dataset: NO
---------------------------------------------------------------------------------
--------------
Threshold: 0,10
--------------
	I2: 440
	I1: 178
	R2: 20
	R1: 10
--------------
Threshold: 0,20
--------------
	I2: 440
	I1: 178
	R2: 20
	R1: 10
--------------
Threshold: 0,30
--------------
	I2: 440
	I1: 178
	R2: 20
	R1: 9
--------------
Threshold: 0,40
--------------
	I2: 429
	I1: 156
	I1 | R2: 18
	R2: 14
	I1 | I2: 12
	I1 | R1: 8
--------------
Threshold: 0,50
--------------
	I2: 341
	I1 | I2: 133
	I1: 90
	I1 | R2: 35
	I1 | R1: 21
	I2 | R2: 14
--------------
Threshold: 0,60
--------------
	I1 | I2: 235
	I2: 226
	I1 | R2: 50
	I1: 44
	I2 | R2: 36
	I1 | R1: 33
	I2 | R1: 16
--------------
Threshold: 0,70
--------------
	I1 | I2: 301
	I2: 103
	I2 | R2: 67
	I1 | R2: 42
	I2 | R1: 33
	I1 | R1: 32
	I1 | I2 | R2: 26
	I1: 17
	I1 | R1 | R2: 11
	I1 | I2 | R1: 10
--------------
Threshold: 0,80
--------------
	I1 | I2: 282
	I1 | I2 | R2: 98
	I1 | I2 | R1: 59
	I2 | R2: 56
	I1 | R1 | R2: 30
	I2: 28
	I2 | R1: 28
	I1 | R2: 25
	I1 | R1: 19
	I2 | R1 | R2: 17
*********************************************************************************
All potential concepts, based on thresholds.
	I1 R2 ~#~ I1 I2 ~#~ I1 R1 ~#~ I2 R2 ~#~ I2 R1 ~#~ I1 I2 R2 ~#~ I1 R1 R2 ~#~ I1 I2 R1 ~#~ I2 R1 R2 ~#~ 
*********************************************************************************
dataset: cMultiVClassDisAttr-uniqueInst.arff
LIME (explanation), alg. for searching concepts: XGBoost
Explaining class: 2, explaining all dataset: NO
---------------------------------------------------------------------------------
--------------
Threshold: 0,10
--------------
	A1: 78
--------------
Threshold: 0,20
--------------
	A1: 78
--------------
Threshold: 0,30
--------------
	A1: 78
--------------
Threshold: 0,40
--------------
	A1: 78
--------------
Threshold: 0,50
--------------
	A1: 74
	A1 | A2: 4
--------------
Threshold: 0,60
--------------
	A1: 69
	A1 | A2: 9
--------------
Threshold: 0,70
--------------
	A1: 69
	A1 | A2: 9
--------------
Threshold: 0,80
--------------
	A1: 40
	A1 | A2: 30
	A1 | A2 | A4: 8
*********************************************************************************
All potential concepts, based on thresholds.
	A1 A2 ~#~ A1 A2 A4 ~#~ 
*********************************************************************************
dataset: condInd-uniqueInst.arff
LIME (explanation), alg. for searching concepts: XGBoost
Explaining class: 0, explaining all dataset: NO
---------------------------------------------------------------------------------
--------------
Threshold: 0,10
--------------
	I90: 124
--------------
Threshold: 0,20
--------------
	I90: 124
--------------
Threshold: 0,30
--------------
	I90: 124
--------------
Threshold: 0,40
--------------
	I90: 89
	I80 | I90: 35
--------------
Threshold: 0,50
--------------
	I80 | I90: 124
--------------
Threshold: 0,60
--------------
	I80 | I90: 124
--------------
Threshold: 0,70
--------------
	I70 | I80 | I90: 124
--------------
Threshold: 0,80
--------------
	I70 | I80 | I90: 124
*********************************************************************************
All potential concepts, based on thresholds.
	I80 I90 ~#~ I70 I80 I90 ~#~ 
*********************************************************************************
