dataset: cLogicalConcBEasy.arff
IME (explanation), equalSampling, N_SAMPLES: 1000 - alg. for searching concepts: MultilayerPerceptron
Explaining class: 1, explaining all dataset: NO
---------------------------------------------------------------------------------
We remove max(NOISE,minNoise) groups, NOISE=0.0% -> 0, minNoise=3 we remove groups of size 3. Number of instances from class (1) is 489
Lower threshold thrL: 0.6 upper threshold thrU: 0.8 with step: 0.1
--------------
Threshold: 0,60
--------------
	A2 | A3: 245
	A4 | A5: 237
	A1 | A3: 4
--------------
Threshold: 0,70
--------------
	A1 | A2 | A3: 187
	A1 | A4 | A5: 180
	A2 | A3: 65
	A4 | A5: 57
--------------
Threshold: 0,80
--------------
	A1 | A2 | A3: 187
	A1 | A4 | A5: 180
	A2 | A3 | A5: 35
	A3 | A4 | A5: 31
	A2 | A3 | A4: 29
	A2 | A4 | A5: 22
	A4 | A5: 4
*********************************************************************************
All potential concepts, based on thresholds.
	A2 A3 ~#~ A4 A5 ~#~ A1 A3 ~#~ A1 A2 A3 ~#~ A1 A4 A5 ~#~ A2 A3 A5 ~#~ A3 A4 A5 ~#~ A2 A3 A4 ~#~ A2 A4 A5 ~#~ 
*********************************************************************************
dataset: cLogicalConcBEasyNoisy.arff
IME (explanation), equalSampling, N_SAMPLES: 1000 - alg. for searching concepts: MultilayerPerceptron
Explaining class: 1, explaining all dataset: NO
---------------------------------------------------------------------------------
We take only 500 instances out of 557.
We remove max(NOISE,minNoise) groups, NOISE=0.0% -> 0, minNoise=3 we remove groups of size 3. Number of instances from class (1) is 500
Lower threshold thrL: 0.6 upper threshold thrU: 0.8 with step: 0.1
--------------
Threshold: 0,60
--------------
	A2 | A3: 224
	A4 | A5: 187
	A1 | A4 | A5: 33
	A1 | A5: 17
	A2 | A4 | A5: 7
	A2 | A3 | A5: 5
	A2 | A3 | A4: 5
	A3 | A4 | A5: 4
--------------
Threshold: 0,70
--------------
	A1 | A4 | A5: 172
	A1 | A2 | A3: 169
	A2 | A3: 57
	A4 | A5: 56
	A2 | A4 | A5: 13
	A3 | A4 | A5: 7
	A2 | A3 | A4: 7
	A1 | A3 | A5: 6
--------------
Threshold: 0,80
--------------
	A1 | A4 | A5: 171
	A1 | A2 | A3: 170
	A3 | A4 | A5: 51
	A2 | A3 | A5: 38
	A2 | A4 | A5: 20
	A2 | A3 | A4: 20
	A2 | A3 | A4 | A5: 12
	A1 | A3 | A4 | A5: 8
	A1 | A2 | A3 | A5: 8
*********************************************************************************
All potential concepts, based on thresholds.
	A2 A3 ~#~ A4 A5 ~#~ A1 A4 A5 ~#~ A1 A5 ~#~ A2 A4 A5 ~#~ A2 A3 A5 ~#~ A2 A3 A4 ~#~ A3 A4 A5 ~#~ A1 A2 A3 ~#~ A1 A3 A5 ~#~ A2 A3 A4 A5 ~#~ A1 A3 A4 A5 ~#~ A1 A2 A3 A5 ~#~ 
*********************************************************************************
