dataset: cBinClassDisAttr-uniqueInst.arff
LIME (explanation), alg. for searching concepts: XGBoost
Explaining class: 1, explaining all dataset: NO
---------------------------------------------------------------------------------
--------------
Threshold: 0,10
--------------
	A1: 87
--------------
Threshold: 0,20
--------------
	A1: 87
--------------
Threshold: 0,30
--------------
	A1: 87
--------------
Threshold: 0,40
--------------
	A1: 87
--------------
Threshold: 0,50
--------------
	A1: 87
--------------
Threshold: 0,60
--------------
	A1: 73
	A1 | A2: 14
--------------
Threshold: 0,70
--------------
	A1: 69
	A1 | A2: 18
--------------
Threshold: 0,80
--------------
	A1 | A2: 53
	A1: 20
	A1 | A2 | A4: 13
*********************************************************************************
All potential concepts, based on thresholds.
	A1 A2 ~#~ A1 A2 A4 ~#~ 
*********************************************************************************
dataset: cBinClassNumBinAttr.arff
LIME (explanation), alg. for searching concepts: XGBoost
Explaining class: 1, explaining all dataset: NO
---------------------------------------------------------------------------------
--------------
Threshold: 0,10
--------------
	A3: 166
	A4: 42
	A2: 25
--------------
Threshold: 0,20
--------------
	A3: 166
	A4: 42
	A2: 25
--------------
Threshold: 0,30
--------------
	A3: 166
	A4: 41
	A2: 25
--------------
Threshold: 0,40
--------------
	A3: 145
	A2 | A4: 43
	A2: 16
	A2 | A3: 11
	A3 | A4: 10
	A4: 8
--------------
Threshold: 0,50
--------------
	A2 | A3: 142
	A2 | A4: 51
	A1 | A2: 16
	A3 | A4: 15
	A3: 9
--------------
Threshold: 0,60
--------------
	A2 | A3: 151
	A2 | A4: 50
	A1 | A2: 16
	A3 | A4: 15
--------------
Threshold: 0,70
--------------
	A2 | A3: 100
	A2 | A3 | A4: 72
	A1 | A2 | A4: 23
	A2 | A4: 19
	A1 | A2 | A3: 10
	A1 | A2: 9
--------------
Threshold: 0,80
--------------
	A1 | A2 | A3: 113
	A2 | A3 | A4: 80
	A1 | A2 | A4: 40
*********************************************************************************
All potential concepts, based on thresholds.
	A2 A4 ~#~ A2 A3 ~#~ A3 A4 ~#~ A1 A2 ~#~ A2 A3 A4 ~#~ A1 A2 A4 ~#~ A1 A2 A3 ~#~ 
*********************************************************************************
dataset: cBinClassNumDisAttr.arff
LIME (explanation), alg. for searching concepts: XGBoost
Explaining class: 1, explaining all dataset: NO
---------------------------------------------------------------------------------
--------------
Threshold: 0,10
--------------
	A1: 169
	A2: 91
	A4: 60
	A3: 55
--------------
Threshold: 0,20
--------------
	A1: 169
	A2: 91
	A4: 60
	A3: 55
--------------
Threshold: 0,30
--------------
	A1: 169
	A2: 91
	A4: 60
	A3: 54
--------------
Threshold: 0,40
--------------
	A1 | A2: 130
	A1: 101
	A4: 48
	A3: 41
	A2: 29
	A3 | A4: 23
--------------
Threshold: 0,50
--------------
	A1 | A2: 260
	A3 | A4: 76
	A3: 15
	A4: 14
	A2 | A3: 7
--------------
Threshold: 0,60
--------------
	A1 | A2: 260
	A3 | A4: 88
	A2 | A3: 13
	A3: 5
	A2 | A3 | A4: 5
--------------
Threshold: 0,70
--------------
	A1 | A2: 218
	A3 | A4: 73
	A1 | A2 | A4: 42
	A2 | A3 | A4: 21
	A2 | A3: 8
	A1 | A3 | A4: 6
--------------
Threshold: 0,80
--------------
	A1 | A2 | A4: 160
	A1 | A2: 98
	A2 | A3 | A4: 44
	A3 | A4: 28
	A1 | A3 | A4: 15
	A3 | A4 | A5: 8
	A1 | A2 | A3 | A4: 8
	A1 | A2 | A3: 7
*********************************************************************************
All potential concepts, based on thresholds.
	A1 A2 ~#~ A3 A4 ~#~ A2 A3 ~#~ A2 A3 A4 ~#~ A1 A2 A4 ~#~ A1 A3 A4 ~#~ A3 A4 A5 ~#~ A1 A2 A3 A4 ~#~ A1 A2 A3 ~#~ 
*********************************************************************************
dataset: cConcepts-uniqueInst.arff
LIME (explanation), alg. for searching concepts: XGBoost
Explaining class: 0, explaining all dataset: NO
---------------------------------------------------------------------------------
--------------
Threshold: 0,10
--------------
	A2: 8
	A1: 6
--------------
Threshold: 0,20
--------------
	A2: 8
	A1: 6
--------------
Threshold: 0,30
--------------
	A2: 8
	A1: 6
--------------
Threshold: 0,40
--------------
	A1: 6
	A2: 6
	A1 | A2: 2
--------------
Threshold: 0,50
--------------
	A1 | A2: 14
--------------
Threshold: 0,60
--------------
	A1 | A2: 14
--------------
Threshold: 0,70
--------------
	A1 | A2: 14
--------------
Threshold: 0,80
--------------
	A1 | A2: 10
	A1 | A2 | A4: 4
*********************************************************************************
All potential concepts, based on thresholds.
	A1 A2 ~#~ A1 A2 A4 ~#~ 
*********************************************************************************
dataset: cDisjunct.arff
LIME (explanation), alg. for searching concepts: XGBoost
Explaining class: 0, explaining all dataset: NO
---------------------------------------------------------------------------------
--------------
Threshold: 0,10
--------------
	A1: 433
--------------
Threshold: 0,20
--------------
	A1: 433
--------------
Threshold: 0,30
--------------
	A1: 433
--------------
Threshold: 0,40
--------------
	A1: 426
	A1 | A3: 7
--------------
Threshold: 0,50
--------------
	A1 | A3: 388
	A1: 45
--------------
Threshold: 0,60
--------------
	A1 | A3: 431
--------------
Threshold: 0,70
--------------
	A1 | A3: 431
--------------
Threshold: 0,80
--------------
	A1 | A2 | A3: 220
	A1 | A3: 214
*********************************************************************************
All potential concepts, based on thresholds.
	A1 A3 ~#~ A1 A2 A3 ~#~ 
*********************************************************************************
dataset: cLogicalConcB-uniqueInst.arff
LIME (explanation), alg. for searching concepts: XGBoost
Explaining class: 1, explaining all dataset: NO
---------------------------------------------------------------------------------
--------------
Threshold: 0,10
--------------
	A2: 34
	A6: 22
--------------
Threshold: 0,20
--------------
	A2: 34
	A6: 22
--------------
Threshold: 0,30
--------------
	A2 | A6: 51
	A2: 5
--------------
Threshold: 0,40
--------------
	A2 | A6: 56
--------------
Threshold: 0,50
--------------
	A2 | A6: 50
	A1 | A2 | A6: 5
--------------
Threshold: 0,60
--------------
	A1 | A2 | A6: 31
	A2 | A3 | A6: 25
--------------
Threshold: 0,70
--------------
	A1 | A2 | A3 | A6: 21
	A2 | A3 | A6: 18
	A1 | A2 | A6: 17
--------------
Threshold: 0,80
--------------
	A1 | A2 | A3 | A6: 56
*********************************************************************************
All potential concepts, based on thresholds.
	A2 A6 ~#~ A1 A2 A6 ~#~ A2 A3 A6 ~#~ A1 A2 A3 A6 ~#~ 
*********************************************************************************
dataset: cLogicalConcBNoisy-uniqueInst.arff
LIME (explanation), alg. for searching concepts: XGBoost
Explaining class: 1, explaining all dataset: NO
---------------------------------------------------------------------------------
--------------
Threshold: 0,10
--------------
	A2: 34
	A6: 20
--------------
Threshold: 0,20
--------------
	A2: 34
	A6: 20
--------------
Threshold: 0,30
--------------
	A2 | A6: 45
	A2: 9
--------------
Threshold: 0,40
--------------
	A2 | A6: 54
--------------
Threshold: 0,50
--------------
	A2 | A6: 51
--------------
Threshold: 0,60
--------------
	A1 | A2 | A6: 54
--------------
Threshold: 0,70
--------------
	A1 | A2 | A6: 47
	A1 | A2 | A3 | A6: 7
--------------
Threshold: 0,80
--------------
	A1 | A2 | A3 | A6: 54
*********************************************************************************
All potential concepts, based on thresholds.
	A2 A6 ~#~ A1 A2 A6 ~#~ A1 A2 A3 A6 ~#~ 
*********************************************************************************
dataset: cModGroups.arff
LIME (explanation), alg. for searching concepts: XGBoost
Explaining class: 2, explaining all dataset: NO
---------------------------------------------------------------------------------
--------------
Threshold: 0,10
--------------
	I2: 434
	I1: 180
	R2: 27
--------------
Threshold: 0,20
--------------
	I2: 434
	I1: 180
	R2: 27
--------------
Threshold: 0,30
--------------
	I2: 434
	I1: 180
	R2: 26
--------------
Threshold: 0,40
--------------
	I2: 422
	I1: 157
	I1 | I2: 16
	R2: 14
	I1 | R2: 13
	I2 | R2: 10
--------------
Threshold: 0,50
--------------
	I2: 321
	I1 | I2: 152
	I1: 92
	I1 | R2: 34
	I1 | R1: 19
	I2 | R2: 17
--------------
Threshold: 0,60
--------------
	I1 | I2: 248
	I2: 225
	I1: 50
	I1 | R2: 46
	I2 | R2: 35
	I1 | R1: 24
	I2 | R1: 9
--------------
Threshold: 0,70
--------------
	I1 | I2: 305
	I2: 107
	I2 | R2: 57
	I1 | R2: 49
	I2 | R1: 31
	I1 | I2 | R2: 29
	I1 | R1: 24
	I1: 20
	I1 | R1 | R2: 10
	I1 | I2 | R1: 9
--------------
Threshold: 0,80
--------------
	I1 | I2: 281
	I1 | I2 | R2: 109
	I1 | I2 | R1: 50
	I2 | R2: 49
	I2 | R1: 32
	I1 | R2: 32
	I2: 30
	I1 | R1 | R2: 27
	I1 | R1: 15
	I2 | R1 | R2: 15
	I1: 8
*********************************************************************************
All potential concepts, based on thresholds.
	I1 I2 ~#~ I1 R2 ~#~ I2 R2 ~#~ I1 R1 ~#~ I2 R1 ~#~ I1 I2 R2 ~#~ I1 R1 R2 ~#~ I1 I2 R1 ~#~ I2 R1 R2 ~#~ 
*********************************************************************************
dataset: cMultiVClassDisAttr-uniqueInst.arff
LIME (explanation), alg. for searching concepts: XGBoost
Explaining class: 2, explaining all dataset: NO
---------------------------------------------------------------------------------
--------------
Threshold: 0,10
--------------
	A1: 78
--------------
Threshold: 0,20
--------------
	A1: 78
--------------
Threshold: 0,30
--------------
	A1: 78
--------------
Threshold: 0,40
--------------
	A1: 78
--------------
Threshold: 0,50
--------------
	A1: 73
	A1 | A2: 5
--------------
Threshold: 0,60
--------------
	A1: 69
	A1 | A2: 9
--------------
Threshold: 0,70
--------------
	A1: 69
	A1 | A2: 9
--------------
Threshold: 0,80
--------------
	A1: 37
	A1 | A2: 34
	A1 | A2 | A4: 7
*********************************************************************************
All potential concepts, based on thresholds.
	A1 A2 ~#~ A1 A2 A4 ~#~ 
*********************************************************************************
dataset: condInd-uniqueInst.arff
LIME (explanation), alg. for searching concepts: XGBoost
Explaining class: 0, explaining all dataset: NO
---------------------------------------------------------------------------------
--------------
Threshold: 0,10
--------------
	I90: 124
--------------
Threshold: 0,20
--------------
	I90: 124
--------------
Threshold: 0,30
--------------
	I90: 124
--------------
Threshold: 0,40
--------------
	I90: 90
	I80 | I90: 34
--------------
Threshold: 0,50
--------------
	I80 | I90: 124
--------------
Threshold: 0,60
--------------
	I80 | I90: 124
--------------
Threshold: 0,70
--------------
	I70 | I80 | I90: 124
--------------
Threshold: 0,80
--------------
	I70 | I80 | I90: 124
*********************************************************************************
All potential concepts, based on thresholds.
	I80 I90 ~#~ I70 I80 I90 ~#~ 
*********************************************************************************
