dataset: cLogicalConcBEasyNoisy-uniqueSamples.arff
IME (explanation), equalSampling, N_SAMPLES: 1700 - alg. for searching concepts: MultilayerPerceptron
Explaining class: 1, explaining all dataset: NO
---------------------------------------------------------------------------------
We remove max(NOISE,minNoise) groups, NOISE=0.0% -> 0, minNoise=0 we remove groups of size 0. Number of instances from class (1) is 17
Lower threshold thrL: 0.6 upper threshold thrU: 0.8 with step: 0.1
--------------
Threshold: 0,60
--------------
	A1 | A4 | A5: 4
	A4 | A5: 4
	A2 | A3: 3
	A2 | A3 | A5: 2
	A1 | A2 | A3: 1
	A2 | A4 | A5: 1
	A2 | A3 | A6: 1
	A2 | A3 | A4: 1
--------------
Threshold: 0,70
--------------
	A1 | A4 | A5: 6
	A2 | A4 | A5: 3
	A2 | A3: 2
	A2 | A3 | A5: 2
	A1 | A2 | A3: 1
	A1 | A2 | A3 | A6: 1
	A1 | A2 | A3 | A4: 1
	A2 | A3 | A4 | A5: 1
--------------
Threshold: 0,80
--------------
	A1 | A4 | A5: 6
	A2 | A3 | A5: 3
	A2 | A3 | A4 | A5: 3
	A1 | A2 | A3 | A5: 2
	A1 | A2 | A3 | A6: 1
	A1 | A2 | A3 | A4: 1
	A2 | A4 | A5: 1
*********************************************************************************
All potential concepts, based on thresholds.
	A1 A4 A5 ~#~ A4 A5 ~#~ A2 A3 ~#~ A2 A3 A5 ~#~ A1 A2 A3 ~#~ A2 A4 A5 ~#~ A2 A3 A6 ~#~ A2 A3 A4 ~#~ A1 A2 A3 A6 ~#~ A1 A2 A3 A4 ~#~ A2 A3 A4 A5 ~#~ A1 A2 A3 A5 ~#~ 
*********************************************************************************
