dataset: cBinClassDisAttr-uniqueInst.arff
LIME (explanation), alg. for searching concepts: XGBoost
Explaining class: 1, explaining all dataset: NO
---------------------------------------------------------------------------------
--------------
Threshold: 0,10
--------------
	A1: 87
--------------
Threshold: 0,20
--------------
	A1: 87
--------------
Threshold: 0,30
--------------
	A1: 87
--------------
Threshold: 0,40
--------------
	A1: 87
--------------
Threshold: 0,50
--------------
	A1: 87
--------------
Threshold: 0,60
--------------
	A1: 73
	A1 | A2: 14
--------------
Threshold: 0,70
--------------
	A1: 69
	A1 | A2: 18
--------------
Threshold: 0,80
--------------
	A1 | A2: 53
	A1: 20
	A1 | A2 | A4: 14
*********************************************************************************
All potential concepts, based on thresholds.
	A1 A2 ~#~ A1 A2 A4 ~#~ 
*********************************************************************************
dataset: cBinClassNumBinAttr.arff
LIME (explanation), alg. for searching concepts: XGBoost
Explaining class: 1, explaining all dataset: NO
---------------------------------------------------------------------------------
--------------
Threshold: 0,10
--------------
	A3: 166
	A4: 44
	A2: 23
--------------
Threshold: 0,20
--------------
	A3: 166
	A4: 44
	A2: 23
--------------
Threshold: 0,30
--------------
	A3: 166
	A4: 44
	A2: 23
--------------
Threshold: 0,40
--------------
	A3: 146
	A2 | A4: 40
	A2: 16
	A2 | A3: 13
	A4: 11
	A3 | A4: 7
--------------
Threshold: 0,50
--------------
	A2 | A3: 142
	A2 | A4: 51
	A1 | A2: 16
	A3: 14
	A3 | A4: 10
--------------
Threshold: 0,60
--------------
	A2 | A3: 156
	A2 | A4: 48
	A1 | A2: 16
	A3 | A4: 10
--------------
Threshold: 0,70
--------------
	A2 | A3: 99
	A2 | A3 | A4: 75
	A2 | A4: 22
	A1 | A2 | A4: 17
	A1 | A2 | A3: 13
	A1 | A2: 7
--------------
Threshold: 0,80
--------------
	A1 | A2 | A3: 117
	A2 | A3 | A4: 76
	A1 | A2 | A4: 36
*********************************************************************************
All potential concepts, based on thresholds.
	A2 A4 ~#~ A2 A3 ~#~ A3 A4 ~#~ A1 A2 ~#~ A2 A3 A4 ~#~ A1 A2 A4 ~#~ A1 A2 A3 ~#~ 
*********************************************************************************
dataset: cBinClassNumDisAttr.arff
LIME (explanation), alg. for searching concepts: XGBoost
Explaining class: 1, explaining all dataset: NO
---------------------------------------------------------------------------------
--------------
Threshold: 0,10
--------------
	A1: 173
	A2: 87
	A4: 64
	A3: 51
--------------
Threshold: 0,20
--------------
	A1: 173
	A2: 87
	A4: 64
	A3: 51
--------------
Threshold: 0,30
--------------
	A1: 173
	A2: 87
	A4: 64
	A3: 50
--------------
Threshold: 0,40
--------------
	A1 | A2: 134
	A1: 104
	A4: 49
	A3: 38
	A3 | A4: 23
	A2: 22
	A2 | A3: 5
--------------
Threshold: 0,50
--------------
	A1 | A2: 260
	A3 | A4: 78
	A3: 17
	A4: 11
	A2 | A3: 8
--------------
Threshold: 0,60
--------------
	A1 | A2: 259
	A3 | A4: 88
	A3: 10
	A2 | A3: 9
--------------
Threshold: 0,70
--------------
	A1 | A2: 209
	A3 | A4: 74
	A1 | A2 | A4: 50
	A2 | A3 | A4: 15
	A2 | A3: 9
	A1 | A2 | A3: 7
--------------
Threshold: 0,80
--------------
	A1 | A2 | A4: 171
	A1 | A2: 87
	A2 | A3 | A4: 41
	A3 | A4: 25
	A1 | A3 | A4: 17
	A1 | A2 | A3: 13
	A3 | A4 | A5: 6
	A1 | A2 | A3 | A4: 5
*********************************************************************************
All potential concepts, based on thresholds.
	A1 A2 ~#~ A3 A4 ~#~ A2 A3 ~#~ A1 A2 A4 ~#~ A2 A3 A4 ~#~ A1 A2 A3 ~#~ A1 A3 A4 ~#~ A3 A4 A5 ~#~ A1 A2 A3 A4 ~#~ 
*********************************************************************************
dataset: cConcepts-uniqueInst.arff
LIME (explanation), alg. for searching concepts: XGBoost
Explaining class: 0, explaining all dataset: NO
---------------------------------------------------------------------------------
--------------
Threshold: 0,10
--------------
	A2: 8
	A1: 6
--------------
Threshold: 0,20
--------------
	A2: 8
	A1: 6
--------------
Threshold: 0,30
--------------
	A2: 8
	A1: 6
--------------
Threshold: 0,40
--------------
	A1: 6
	A2: 6
	A1 | A2: 2
--------------
Threshold: 0,50
--------------
	A1 | A2: 14
--------------
Threshold: 0,60
--------------
	A1 | A2: 14
--------------
Threshold: 0,70
--------------
	A1 | A2: 14
--------------
Threshold: 0,80
--------------
	A1 | A2: 10
	A1 | A2 | A4: 4
*********************************************************************************
All potential concepts, based on thresholds.
	A1 A2 ~#~ A1 A2 A4 ~#~ 
*********************************************************************************
dataset: cDisjunct.arff
LIME (explanation), alg. for searching concepts: XGBoost
Explaining class: 0, explaining all dataset: NO
---------------------------------------------------------------------------------
--------------
Threshold: 0,10
--------------
	A1: 434
--------------
Threshold: 0,20
--------------
	A1: 434
--------------
Threshold: 0,30
--------------
	A1: 434
--------------
Threshold: 0,40
--------------
	A1: 429
--------------
Threshold: 0,50
--------------
	A1 | A3: 381
	A1: 52
--------------
Threshold: 0,60
--------------
	A1 | A3: 432
--------------
Threshold: 0,70
--------------
	A1 | A3: 433
--------------
Threshold: 0,80
--------------
	A1 | A2 | A3: 225
	A1 | A3: 209
*********************************************************************************
All potential concepts, based on thresholds.
	A1 A3 ~#~ A1 A2 A3 ~#~ 
*********************************************************************************
dataset: cLogicalConcB-uniqueInst.arff
LIME (explanation), alg. for searching concepts: XGBoost
Explaining class: 1, explaining all dataset: NO
---------------------------------------------------------------------------------
--------------
Threshold: 0,10
--------------
	A2: 39
	A6: 17
--------------
Threshold: 0,20
--------------
	A2: 39
	A6: 17
--------------
Threshold: 0,30
--------------
	A2 | A6: 50
	A2: 6
--------------
Threshold: 0,40
--------------
	A2 | A6: 56
--------------
Threshold: 0,50
--------------
	A2 | A6: 46
	A1 | A2 | A6: 7
--------------
Threshold: 0,60
--------------
	A1 | A2 | A6: 34
	A2 | A3 | A6: 22
--------------
Threshold: 0,70
--------------
	A1 | A2 | A3 | A6: 21
	A1 | A2 | A6: 21
	A2 | A3 | A6: 14
--------------
Threshold: 0,80
--------------
	A1 | A2 | A3 | A6: 56
*********************************************************************************
All potential concepts, based on thresholds.
	A2 A6 ~#~ A1 A2 A6 ~#~ A2 A3 A6 ~#~ A1 A2 A3 A6 ~#~ 
*********************************************************************************
dataset: cLogicalConcBNoisy-uniqueInst.arff
LIME (explanation), alg. for searching concepts: XGBoost
Explaining class: 1, explaining all dataset: NO
---------------------------------------------------------------------------------
--------------
Threshold: 0,10
--------------
	A2: 38
	A6: 16
--------------
Threshold: 0,20
--------------
	A2: 38
	A6: 16
--------------
Threshold: 0,30
--------------
	A2 | A6: 45
	A2: 9
--------------
Threshold: 0,40
--------------
	A2 | A6: 54
--------------
Threshold: 0,50
--------------
	A2 | A6: 52
--------------
Threshold: 0,60
--------------
	A1 | A2 | A6: 53
--------------
Threshold: 0,70
--------------
	A1 | A2 | A6: 46
	A1 | A2 | A3 | A6: 8
--------------
Threshold: 0,80
--------------
	A1 | A2 | A3 | A6: 54
*********************************************************************************
All potential concepts, based on thresholds.
	A2 A6 ~#~ A1 A2 A6 ~#~ A1 A2 A3 A6 ~#~ 
*********************************************************************************
dataset: cModGroups.arff
LIME (explanation), alg. for searching concepts: XGBoost
Explaining class: 2, explaining all dataset: NO
---------------------------------------------------------------------------------
--------------
Threshold: 0,10
--------------
	I2: 446
	I1: 177
	R2: 16
	R1: 9
--------------
Threshold: 0,20
--------------
	I2: 446
	I1: 177
	R2: 16
	R1: 9
--------------
Threshold: 0,30
--------------
	I2: 446
	I1: 177
	R2: 16
--------------
Threshold: 0,40
--------------
	I2: 429
	I1: 153
	I1 | I2: 22
	I1 | R2: 13
	R2: 10
	I2 | R2: 9
--------------
Threshold: 0,50
--------------
	I2: 345
	I1 | I2: 138
	I1: 88
	I1 | R2: 27
	I2 | R2: 15
	I1 | R1: 14
	I2 | R1: 10
--------------
Threshold: 0,60
--------------
	I1 | I2: 249
	I2: 224
	I1: 45
	I1 | R2: 40
	I2 | R2: 34
	I1 | R1: 23
	I2 | R1: 18
--------------
Threshold: 0,70
--------------
	I1 | I2: 310
	I2: 112
	I2 | R2: 57
	I1 | R2: 47
	I2 | R1: 28
	I1 | R1: 25
	I1: 19
	I1 | I2 | R2: 18
	I1 | I2 | R1: 13
	I1 | R1 | R2: 10
--------------
Threshold: 0,80
--------------
	I1 | I2: 286
	I1 | I2 | R2: 97
	I2 | R2: 59
	I1 | I2 | R1: 57
	I2 | R1: 31
	I1 | R1 | R2: 31
	I1 | R2: 30
	I2: 22
	I1 | R1: 15
	I2 | R1 | R2: 15
*********************************************************************************
All potential concepts, based on thresholds.
	I1 I2 ~#~ I1 R2 ~#~ I2 R2 ~#~ I1 R1 ~#~ I2 R1 ~#~ I1 I2 R2 ~#~ I1 I2 R1 ~#~ I1 R1 R2 ~#~ I2 R1 R2 ~#~ 
*********************************************************************************
dataset: cMultiVClassDisAttr-uniqueInst.arff
LIME (explanation), alg. for searching concepts: XGBoost
Explaining class: 2, explaining all dataset: NO
---------------------------------------------------------------------------------
--------------
Threshold: 0,10
--------------
	A1: 78
--------------
Threshold: 0,20
--------------
	A1: 78
--------------
Threshold: 0,30
--------------
	A1: 78
--------------
Threshold: 0,40
--------------
	A1: 78
--------------
Threshold: 0,50
--------------
	A1: 74
	A1 | A2: 4
--------------
Threshold: 0,60
--------------
	A1: 69
	A1 | A2: 9
--------------
Threshold: 0,70
--------------
	A1: 69
	A1 | A2: 9
--------------
Threshold: 0,80
--------------
	A1: 37
	A1 | A2: 33
	A1 | A2 | A4: 8
*********************************************************************************
All potential concepts, based on thresholds.
	A1 A2 ~#~ A1 A2 A4 ~#~ 
*********************************************************************************
dataset: condInd-uniqueInst.arff
LIME (explanation), alg. for searching concepts: XGBoost
Explaining class: 0, explaining all dataset: NO
---------------------------------------------------------------------------------
--------------
Threshold: 0,10
--------------
	I90: 124
--------------
Threshold: 0,20
--------------
	I90: 124
--------------
Threshold: 0,30
--------------
	I90: 124
--------------
Threshold: 0,40
--------------
	I90: 91
	I80 | I90: 33
--------------
Threshold: 0,50
--------------
	I80 | I90: 124
--------------
Threshold: 0,60
--------------
	I80 | I90: 124
--------------
Threshold: 0,70
--------------
	I70 | I80 | I90: 124
--------------
Threshold: 0,80
--------------
	I70 | I80 | I90: 124
*********************************************************************************
All potential concepts, based on thresholds.
	I80 I90 ~#~ I70 I80 I90 ~#~ 
*********************************************************************************
