dataset: cLogicalConcBEasy.arff
IME (explanation), equalSampling, N_SAMPLES: 5000 - alg. for searching concepts: MultilayerPerceptron
Explaining class: 1, explaining all dataset: NO
---------------------------------------------------------------------------------
We remove max(NOISE,minNoise) groups, NOISE=0.0% -> 0, minNoise=0 we remove groups of size 0. Number of instances from class (1) is 489
Lower threshold thrL: 0.6 upper threshold thrU: 0.8 with step: 0.1
--------------
Threshold: 0,60
--------------
	A2 | A3: 252
	A4 | A5: 237
--------------
Threshold: 0,70
--------------
	A1 | A2 | A3: 187
	A1 | A4 | A5: 180
	A2 | A3: 65
	A4 | A5: 57
--------------
Threshold: 0,80
--------------
	A1 | A2 | A3: 187
	A1 | A4 | A5: 180
	A3 | A4 | A5: 42
	A2 | A3 | A5: 41
	A2 | A3 | A4: 24
	A2 | A4 | A5: 15
*********************************************************************************
All potential concepts, based on thresholds.
	A2 A3 ~#~ A4 A5 ~#~ A1 A2 A3 ~#~ A1 A4 A5 ~#~ A3 A4 A5 ~#~ A2 A3 A5 ~#~ A2 A3 A4 ~#~ A2 A4 A5 ~#~ 
*********************************************************************************
dataset: cLogicalConcBEasyNoisy.arff
IME (explanation), equalSampling, N_SAMPLES: 5000 - alg. for searching concepts: MultilayerPerceptron
Explaining class: 1, explaining all dataset: NO
---------------------------------------------------------------------------------
We take only 500 instances out of 557.
We remove max(NOISE,minNoise) groups, NOISE=0.0% -> 0, minNoise=0 we remove groups of size 0. Number of instances from class (1) is 500
Lower threshold thrL: 0.6 upper threshold thrU: 0.8 with step: 0.1
--------------
Threshold: 0,60
--------------
	A2 | A3: 228
	A4 | A5: 222
	A1 | A4 | A5: 10
	A2 | A4 | A5: 8
	A2 | A3 | A4: 5
	A1 | A5: 4
	A2 | A3 | A5: 4
	A3 | A4 | A5: 3
	A3 | A4: 3
	A3 | A5: 3
	A1 | A3: 3
	A1 | A3 | A4: 2
	A1 | A4: 2
	A1 | A3 | A5: 1
	A2 | A4: 1
	A1 | A2: 1
--------------
Threshold: 0,70
--------------
	A1 | A4 | A5: 170
	A1 | A2 | A3: 169
	A4 | A5: 59
	A2 | A3: 57
	A2 | A4 | A5: 12
	A1 | A3 | A5: 7
	A2 | A3 | A4: 6
	A3 | A4 | A5: 4
	A1 | A3 | A4: 3
	A3 | A4: 3
	A3 | A5: 3
	A2 | A3 | A5: 3
	A1 | A2 | A3 | A5: 2
	A1 | A2 | A5: 1
	A2 | A4: 1
--------------
Threshold: 0,80
--------------
	A1 | A4 | A5: 171
	A1 | A2 | A3: 169
	A3 | A4 | A5: 56
	A2 | A3 | A5: 44
	A2 | A3 | A4 | A5: 16
	A2 | A3 | A4: 15
	A2 | A4 | A5: 11
	A1 | A3 | A4 | A5: 8
	A1 | A2 | A3 | A5: 6
	A1 | A2 | A4 | A5: 2
	A1 | A2 | A3 | A4: 2
*********************************************************************************
All potential concepts, based on thresholds.
	A2 A3 ~#~ A4 A5 ~#~ A1 A4 A5 ~#~ A2 A4 A5 ~#~ A2 A3 A4 ~#~ A1 A5 ~#~ A2 A3 A5 ~#~ A3 A4 A5 ~#~ A3 A4 ~#~ A3 A5 ~#~ A1 A3 ~#~ A1 A3 A4 ~#~ A1 A4 ~#~ A1 A3 A5 ~#~ A2 A4 ~#~ A1 A2 ~#~ A1 A2 A3 ~#~ A1 A2 A3 A5 ~#~ A1 A2 A5 ~#~ A2 A3 A4 A5 ~#~ A1 A3 A4 A5 ~#~ A1 A2 A4 A5 ~#~ A1 A2 A3 A4 ~#~ 
*********************************************************************************
