dataset: rConcept.arff
IME (explanation), equalSampling, N_SAMPLES: 100 - alg. for searching concepts: MultilayerPerceptron, explaining all dataset: NO
---------------------------------------------------------------------------------
We remove max(NOISE,minNoise) groups, NOISE=1.0% -> 2, minNoise=3 we remove groups of size 3. Explanation method: IME, num. of expl. inst. 200, pct of expl. instances is 10. Number of bins for discretisation (simple binning) is 5.
Lower threshold thrL: 0.1 upper threshold thrU: 0.8 with step: 0.1
Explanation time: 0 [ms]
--------------
Threshold: 0,10
--------------
	A2: 125
	A3: 45
	A1: 27
--------------
Threshold: 0,20
--------------
	A2: 125
	A3: 45
	A1: 27
--------------
Threshold: 0,30
--------------
	A2: 123
	A3: 45
	A1: 26
--------------
Threshold: 0,40
--------------
	A2: 108
	A3: 32
	A1 | A2: 15
	A1: 12
	A1 | A3: 12
	A2 | A3: 9
	A2 | A4: 6
--------------
Threshold: 0,50
--------------
	A2: 68
	A2 | A3: 37
	A1 | A3: 27
	A1 | A2: 25
	A2 | A4: 18
	A3: 9
	A1: 5
	A3 | A4: 5
	A1 | A4: 4
--------------
Threshold: 0,60
--------------
	A2 | A3: 57
	A1 | A2: 34
	A2 | A4: 33
	A1 | A3: 27
	A2: 22
	A1 | A2 | A3: 10
	A3 | A4: 4
	A1 | A4: 4
--------------
Threshold: 0,70
--------------
	A2 | A3: 51
	A1 | A2 | A3: 36
	A2 | A4: 34
	A1 | A2: 23
	A2 | A3 | A4: 13
	A1 | A3 | A4: 11
	A1 | A3: 11
	A2: 7
	A1 | A2 | A4: 5
--------------
Threshold: 0,80
--------------
	A1 | A2 | A3: 54
	A2 | A3 | A4: 33
	A2 | A3: 22
	A1 | A2 | A3 | A4: 16
	A1 | A2 | A4: 15
	A1 | A2: 12
	A2 | A4: 11
	A1 | A3 | A4: 7
	A1 | A2 | A3 | A5: 5
	A1 | A3 | A4 | A5: 4
	A2 | A4 | A5: 4
*********************************************************************************
All potential concepts, based on thresholds.
	A1 A2 ~#~ A1 A3 ~#~ A2 A3 ~#~ A2 A4 ~#~ A3 A4 ~#~ A1 A4 ~#~ A1 A2 A3 ~#~ A2 A3 A4 ~#~ A1 A3 A4 ~#~ A1 A2 A4 ~#~ A1 A2 A3 A4 ~#~ A1 A2 A3 A5 ~#~ A1 A3 A4 A5 ~#~ A2 A4 A5 ~#~ 
*********************************************************************************
dataset: rConceptsCondPlusXofN.arff
IME (explanation), equalSampling, N_SAMPLES: 100 - alg. for searching concepts: MultilayerPerceptron, explaining all dataset: NO
---------------------------------------------------------------------------------
We remove max(NOISE,minNoise) groups, NOISE=1.0% -> 1, minNoise=3 we remove groups of size 3. Explanation method: IME, num. of expl. inst. 50, pct of expl. instances is 10. Number of bins for discretisation (simple binning) is 5.
Lower threshold thrL: 0.1 upper threshold thrU: 0.8 with step: 0.1
Explanation time: 0 [ms]
--------------
Threshold: 0,10
--------------
	A2: 49
--------------
Threshold: 0,20
--------------
	A2: 49
--------------
Threshold: 0,30
--------------
	A2: 49
--------------
Threshold: 0,40
--------------
	A2: 48
--------------
Threshold: 0,50
--------------
	A2: 47
--------------
Threshold: 0,60
--------------
	A2: 44
	A2 | A4: 4
--------------
Threshold: 0,70
--------------
	A2: 40
	A2 | A4: 8
--------------
Threshold: 0,80
--------------
	A2: 23
	A2 | A4: 15
	A1 | A2: 8
*********************************************************************************
All potential concepts, based on thresholds.
	A2 A4 ~#~ A1 A2 ~#~ 
*********************************************************************************
dataset: rDisjunctBin.arff
IME (explanation), equalSampling, N_SAMPLES: 100 - alg. for searching concepts: MultilayerPerceptron, explaining all dataset: NO
---------------------------------------------------------------------------------
We remove max(NOISE,minNoise) groups, NOISE=1.0% -> 2, minNoise=3 we remove groups of size 3. Explanation method: IME, num. of expl. inst. 200, pct of expl. instances is 10. Number of bins for discretisation (simple binning) is 5.
Lower threshold thrL: 0.1 upper threshold thrU: 0.8 with step: 0.1
Explanation time: 0 [ms]
--------------
Threshold: 0,10
--------------
	A1: 75
	A3: 72
	A2: 53
--------------
Threshold: 0,20
--------------
	A1: 75
	A3: 72
	A2: 53
--------------
Threshold: 0,30
--------------
	A1: 75
	A3: 72
	A2: 53
--------------
Threshold: 0,40
--------------
	A3: 64
	A1: 59
	A2: 45
	A1 | A2: 16
	A1 | A3: 13
--------------
Threshold: 0,50
--------------
	A1 | A2: 42
	A3: 39
	A1 | A3: 36
	A1: 33
	A2: 31
	A2 | A3: 19
--------------
Threshold: 0,60
--------------
	A1 | A2: 56
	A1 | A3: 53
	A2 | A3: 29
	A3: 22
	A1: 20
	A2: 20
--------------
Threshold: 0,70
--------------
	A1 | A2: 66
	A1 | A3: 63
	A2 | A3: 43
	A1 | A2 | A3: 12
	A2: 6
	A1: 5
	A3: 5
--------------
Threshold: 0,80
--------------
	A1 | A2 | A3: 79
	A1 | A2: 45
	A1 | A3: 41
	A2 | A3: 34
*********************************************************************************
All potential concepts, based on thresholds.
	A1 A2 ~#~ A1 A3 ~#~ A2 A3 ~#~ A1 A2 A3 ~#~ 
*********************************************************************************
dataset: rLinear.arff
IME (explanation), equalSampling, N_SAMPLES: 100 - alg. for searching concepts: MultilayerPerceptron, explaining all dataset: NO
---------------------------------------------------------------------------------
We remove max(NOISE,minNoise) groups, NOISE=1.0% -> 2, minNoise=3 we remove groups of size 3. Explanation method: IME, num. of expl. inst. 200, pct of expl. instances is 10. Number of bins for discretisation (simple binning) is 5.
Lower threshold thrL: 0.1 upper threshold thrU: 0.8 with step: 0.1
Explanation time: 0 [ms]
--------------
Threshold: 0,10
--------------
	A3: 131
	A2: 59
	A1: 10
--------------
Threshold: 0,20
--------------
	A3: 131
	A2: 59
	A1: 10
--------------
Threshold: 0,30
--------------
	A3: 131
	A2: 59
	A1: 10
--------------
Threshold: 0,40
--------------
	A3: 128
	A2: 57
	A1: 8
--------------
Threshold: 0,50
--------------
	A3: 100
	A2 | A3: 42
	A2: 36
	A1 | A2: 12
	A1 | A3: 8
--------------
Threshold: 0,60
--------------
	A2 | A3: 94
	A3: 61
	A1 | A2: 19
	A2: 13
	A1 | A3: 13
--------------
Threshold: 0,70
--------------
	A2 | A3: 118
	A3: 27
	A1 | A3: 26
	A1 | A2: 23
	A2: 5
--------------
Threshold: 0,80
--------------
	A2 | A3: 107
	A1 | A2 | A3: 37
	A1 | A3: 29
	A1 | A2: 18
	A3: 7
*********************************************************************************
All potential concepts, based on thresholds.
	A2 A3 ~#~ A1 A2 ~#~ A1 A3 ~#~ A1 A2 A3 ~#~ 
*********************************************************************************
dataset: rLinNoisy.arff
IME (explanation), equalSampling, N_SAMPLES: 100 - alg. for searching concepts: MultilayerPerceptron, explaining all dataset: NO
---------------------------------------------------------------------------------
We remove max(NOISE,minNoise) groups, NOISE=1.0% -> 2, minNoise=3 we remove groups of size 3. Explanation method: IME, num. of expl. inst. 200, pct of expl. instances is 10. Number of bins for discretisation (simple binning) is 5.
Lower threshold thrL: 0.1 upper threshold thrU: 0.8 with step: 0.1
Explanation time: 0 [ms]
--------------
Threshold: 0,10
--------------
	A3: 120
	A2: 63
	A1: 17
--------------
Threshold: 0,20
--------------
	A3: 120
	A2: 63
	A1: 17
--------------
Threshold: 0,30
--------------
	A3: 120
	A2: 63
	A1: 17
--------------
Threshold: 0,40
--------------
	A3: 118
	A2: 59
	A1: 13
	A2 | A3: 4
	A1 | A2: 4
--------------
Threshold: 0,50
--------------
	A3: 90
	A2 | A3: 43
	A2: 37
	A1: 11
	A1 | A2: 11
	A1 | A3: 8
--------------
Threshold: 0,60
--------------
	A2 | A3: 82
	A3: 56
	A2: 20
	A1 | A2: 20
	A1 | A3: 17
	A1: 5
--------------
Threshold: 0,70
--------------
	A2 | A3: 100
	A1 | A3: 28
	A3: 27
	A1 | A2: 26
	A2: 12
	A1 | A2 | A3: 5
--------------
Threshold: 0,80
--------------
	A2 | A3: 94
	A1 | A2 | A3: 41
	A1 | A3: 27
	A1 | A2: 23
	A3: 11
	A2: 4
*********************************************************************************
All potential concepts, based on thresholds.
	A2 A3 ~#~ A1 A2 ~#~ A1 A3 ~#~ A1 A2 A3 ~#~ 
*********************************************************************************
dataset: rLocLinear.arff
IME (explanation), equalSampling, N_SAMPLES: 100 - alg. for searching concepts: MultilayerPerceptron, explaining all dataset: NO
---------------------------------------------------------------------------------
We remove max(NOISE,minNoise) groups, NOISE=1.0% -> 2, minNoise=3 we remove groups of size 3. Explanation method: IME, num. of expl. inst. 200, pct of expl. instances is 10. Number of bins for discretisation (simple binning) is 5.
Lower threshold thrL: 0.1 upper threshold thrU: 0.8 with step: 0.1
Explanation time: 0 [ms]
--------------
Threshold: 0,10
--------------
	A4: 199
--------------
Threshold: 0,20
--------------
	A4: 199
--------------
Threshold: 0,30
--------------
	A4: 199
--------------
Threshold: 0,40
--------------
	A4: 199
--------------
Threshold: 0,50
--------------
	A4: 182
	A2 | A4: 8
	A3 | A4: 5
	A1 | A4: 4
--------------
Threshold: 0,60
--------------
	A4: 132
	A3 | A4: 28
	A2 | A4: 27
	A1 | A4: 13
--------------
Threshold: 0,70
--------------
	A4: 78
	A3 | A4: 48
	A2 | A4: 42
	A1 | A4: 27
--------------
Threshold: 0,80
--------------
	A4: 45
	A2 | A4: 39
	A3 | A4: 38
	A1 | A3 | A4: 27
	A1 | A4: 20
	A2 | A3 | A4: 18
	A1 | A2 | A4: 13
*********************************************************************************
All potential concepts, based on thresholds.
	A2 A4 ~#~ A3 A4 ~#~ A1 A4 ~#~ A1 A3 A4 ~#~ A2 A3 A4 ~#~ A1 A2 A4 ~#~ 
*********************************************************************************
dataset: rNonLinPoly.arff
IME (explanation), equalSampling, N_SAMPLES: 100 - alg. for searching concepts: MultilayerPerceptron, explaining all dataset: NO
---------------------------------------------------------------------------------
We remove max(NOISE,minNoise) groups, NOISE=1.0% -> 2, minNoise=3 we remove groups of size 3. Explanation method: IME, num. of expl. inst. 200, pct of expl. instances is 10. Number of bins for discretisation (simple binning) is 5.
Lower threshold thrL: 0.1 upper threshold thrU: 0.8 with step: 0.1
Explanation time: 0 [ms]
--------------
Threshold: 0,10
--------------
	A2: 181
	A3: 16
--------------
Threshold: 0,20
--------------
	A2: 181
	A3: 16
--------------
Threshold: 0,30
--------------
	A2: 181
	A3: 16
--------------
Threshold: 0,40
--------------
	A2: 178
	A3: 11
	A2 | A3: 4
	A1 | A3: 4
--------------
Threshold: 0,50
--------------
	A2: 164
	A2 | A3: 19
	A3: 7
	A1 | A3: 6
--------------
Threshold: 0,60
--------------
	A2: 136
	A2 | A3: 45
	A1 | A3: 7
	A1 | A2: 6
	A3: 4
--------------
Threshold: 0,70
--------------
	A2: 95
	A2 | A3: 77
	A1 | A2: 12
	A1 | A2 | A3: 5
	A1 | A3: 4
--------------
Threshold: 0,80
--------------
	A2 | A3: 106
	A2: 38
	A1 | A2 | A3: 24
	A1 | A2: 18
	A1 | A2 | A5: 5
	A1 | A3 | A5: 4
*********************************************************************************
All potential concepts, based on thresholds.
	A2 A3 ~#~ A1 A3 ~#~ A1 A2 ~#~ A1 A2 A3 ~#~ A1 A2 A5 ~#~ A1 A3 A5 ~#~ 
*********************************************************************************
dataset: rNonLinSinCos.arff
IME (explanation), equalSampling, N_SAMPLES: 100 - alg. for searching concepts: MultilayerPerceptron, explaining all dataset: NO
---------------------------------------------------------------------------------
We remove max(NOISE,minNoise) groups, NOISE=1.0% -> 2, minNoise=3 we remove groups of size 3. Explanation method: IME, num. of expl. inst. 200, pct of expl. instances is 10. Number of bins for discretisation (simple binning) is 5.
Lower threshold thrL: 0.1 upper threshold thrU: 0.8 with step: 0.1
Explanation time: 0 [ms]
--------------
Threshold: 0,10
--------------
	A1: 118
	A2: 82
--------------
Threshold: 0,20
--------------
	A1: 118
	A2: 82
--------------
Threshold: 0,30
--------------
	A1: 118
	A2: 82
--------------
Threshold: 0,40
--------------
	A1: 118
	A2: 82
--------------
Threshold: 0,50
--------------
	A1: 111
	A2: 78
	A1 | A2: 11
--------------
Threshold: 0,60
--------------
	A1 | A2: 100
	A1: 69
	A2: 31
--------------
Threshold: 0,70
--------------
	A1 | A2: 147
	A1: 40
	A2: 12
--------------
Threshold: 0,80
--------------
	A1 | A2: 172
	A1: 20
	A2: 7
*********************************************************************************
All potential concepts, based on thresholds.
	A1 A2 ~#~ 
*********************************************************************************
dataset: rRandom.arff
IME (explanation), equalSampling, N_SAMPLES: 100 - alg. for searching concepts: MultilayerPerceptron, explaining all dataset: NO
---------------------------------------------------------------------------------
We remove max(NOISE,minNoise) groups, NOISE=1.0% -> 2, minNoise=3 we remove groups of size 3. Explanation method: IME, num. of expl. inst. 200, pct of expl. instances is 10. Number of bins for discretisation (simple binning) is 5.
Lower threshold thrL: 0.1 upper threshold thrU: 0.8 with step: 0.1
Explanation time: 0 [ms]
--------------
Threshold: 0,10
--------------
	A3: 88
	A5: 70
	A1: 20
	A2: 16
	A4: 6
--------------
Threshold: 0,20
--------------
	A3: 88
	A5: 70
	A1: 20
	A2: 16
	A4: 6
--------------
Threshold: 0,30
--------------
	A3: 84
	A5: 66
	A1: 18
	A2: 15
	A4: 4
--------------
Threshold: 0,40
--------------
	A3: 64
	A5: 46
	A3 | A5: 25
	A1 | A5: 11
	A1 | A3: 10
	A1: 8
	A2 | A3: 7
	A2 | A5: 7
	A2: 5
	A1 | A4: 5
	A4 | A5: 5
	A3 | A4: 4
--------------
Threshold: 0,50
--------------
	A3 | A5: 57
	A5: 28
	A3: 27
	A1 | A5: 20
	A1 | A3: 16
	A2 | A3: 15
	A3 | A4: 9
	A2 | A5: 9
	A1 | A4: 5
	A1 | A2: 4
	A4 | A5: 4
--------------
Threshold: 0,60
--------------
	A3 | A5: 64
	A2 | A3: 19
	A1 | A5: 19
	A2 | A5: 14
	A1 | A3: 13
	A1 | A3 | A5: 11
	A3: 8
	A3 | A4: 8
	A5: 7
	A4 | A5: 6
	A3 | A4 | A5: 5
	A1 | A3 | A4: 4
	A1 | A2 | A3: 4
	A2 | A3 | A5: 4
--------------
Threshold: 0,70
--------------
	A3 | A5: 49
	A1 | A3 | A5: 26
	A2 | A3 | A5: 20
	A3 | A4 | A5: 14
	A1 | A2 | A3: 12
	A2 | A3: 11
	A1 | A4 | A5: 11
	A2 | A5: 9
	A1 | A3: 9
	A1 | A5: 9
	A1 | A3 | A4: 6
	A1 | A2 | A5: 5
	A3 | A4: 4
	A2 | A4 | A5: 4
--------------
Threshold: 0,80
--------------
	A2 | A3 | A5: 32
	A3 | A5: 28
	A1 | A3 | A5: 23
	A3 | A4 | A5: 18
	A1 | A3 | A4 | A5: 14
	A1 | A2 | A3 | A5: 14
	A1 | A2 | A3: 11
	A1 | A4 | A5: 11
	A1 | A2 | A5: 8
	A1 | A2 | A3 | A4: 6
	A1 | A2 | A4 | A5: 5
	A2 | A3 | A4 | A5: 5
	A1 | A3 | A4: 4
	A2 | A4 | A5: 4
	A2 | A3 | A4: 4
*********************************************************************************
All potential concepts, based on thresholds.
	A3 A5 ~#~ A1 A5 ~#~ A1 A3 ~#~ A2 A3 ~#~ A2 A5 ~#~ A1 A4 ~#~ A4 A5 ~#~ A3 A4 ~#~ A1 A2 ~#~ A1 A3 A5 ~#~ A3 A4 A5 ~#~ A1 A3 A4 ~#~ A1 A2 A3 ~#~ A2 A3 A5 ~#~ A1 A4 A5 ~#~ A1 A2 A5 ~#~ A2 A4 A5 ~#~ A1 A3 A4 A5 ~#~ A1 A2 A3 A5 ~#~ A1 A2 A3 A4 ~#~ A1 A2 A4 A5 ~#~ A2 A3 A4 A5 ~#~ A2 A3 A4 ~#~ 
*********************************************************************************
dataset: rRedundant.arff
IME (explanation), equalSampling, N_SAMPLES: 100 - alg. for searching concepts: MultilayerPerceptron, explaining all dataset: NO
---------------------------------------------------------------------------------
We remove max(NOISE,minNoise) groups, NOISE=1.0% -> 2, minNoise=3 we remove groups of size 3. Explanation method: IME, num. of expl. inst. 200, pct of expl. instances is 10. Number of bins for discretisation (simple binning) is 5.
Lower threshold thrL: 0.1 upper threshold thrU: 0.8 with step: 0.1
Explanation time: 0 [ms]
--------------
Threshold: 0,10
--------------
	A1: 146
	A2: 29
	A3: 25
--------------
Threshold: 0,20
--------------
	A1: 146
	A2: 29
	A3: 25
--------------
Threshold: 0,30
--------------
	A1: 146
	A2: 27
	A3: 25
--------------
Threshold: 0,40
--------------
	A1: 115
	A2 | A3: 24
	A1 | A2: 21
	A2: 15
	A1 | A3: 15
	A3: 10
--------------
Threshold: 0,50
--------------
	A1: 78
	A2 | A3: 47
	A1 | A3: 38
	A1 | A2: 34
--------------
Threshold: 0,60
--------------
	A1 | A2: 60
	A2 | A3: 46
	A1: 45
	A1 | A3: 44
--------------
Threshold: 0,70
--------------
	A1 | A2 | A3: 53
	A1 | A2: 51
	A1 | A3: 36
	A2 | A3: 30
	A1: 22
--------------
Threshold: 0,80
--------------
	A1 | A2 | A3: 136
	A1 | A3: 15
	A2 | A3: 14
	A1 | A2: 13
	A1: 11
*********************************************************************************
All potential concepts, based on thresholds.
	A2 A3 ~#~ A1 A2 ~#~ A1 A3 ~#~ A1 A2 A3 ~#~ 
*********************************************************************************
