dataset: cLogicalConcBEasy-JustTwoDiffInstInEacsClass.arff
Explaining class: 1 explaining whole dataset: NO
Internal (during building) accuracy of explanation model: 100.0
*********************************************************************************
We remove max(NOISE,minNoise) groups, NOISE=0.0% -> 0, minNoise=3 we remove groups of size 3. Tree SHAP num of expl. inst. 489
Lower threshold thrL: 0.6 upper threshold thrU: 0.8 with step: 0.1
--------------
Threshold: 0,60
--------------
	A4: 489
--------------
Threshold: 0,70
--------------
	A4: 489
--------------
Threshold: 0,80
--------------
	A4: 489
*********************************************************************************
All potential concepts, based on thresholds.
	
*********************************************************************************
