dataset: cLogicalConcBEasy.arff
IME (explanation), equalSampling, N_SAMPLES: 1000 - alg. for searching concepts: MultilayerPerceptron
Explaining class: 1, explaining all dataset: NO
---------------------------------------------------------------------------------
We remove max(NOISE,minNoise) groups, NOISE=0.0% -> 0, minNoise=3 we remove groups of size 3. Number of instances from class (1) is 489
Lower threshold thrL: 0.6 upper threshold thrU: 0.8 with step: 0.1
--------------
Threshold: 0,60
--------------
	A2 | A3: 246
	A4 | A5: 233
	A1 | A3: 4
--------------
Threshold: 0,70
--------------
	A1 | A2 | A3: 187
	A1 | A4 | A5: 180
	A2 | A3: 65
	A4 | A5: 57
--------------
Threshold: 0,80
--------------
	A1 | A2 | A3: 187
	A1 | A4 | A5: 180
	A3 | A4 | A5: 40
	A2 | A3 | A5: 36
	A2 | A3 | A4: 27
	A2 | A4 | A5: 16
*********************************************************************************
All potential concepts, based on thresholds.
	A2 A3 ~#~ A4 A5 ~#~ A1 A3 ~#~ A1 A2 A3 ~#~ A1 A4 A5 ~#~ A3 A4 A5 ~#~ A2 A3 A5 ~#~ A2 A3 A4 ~#~ A2 A4 A5 ~#~ 
*********************************************************************************
dataset: cLogicalConcBEasyNoisy.arff
IME (explanation), equalSampling, N_SAMPLES: 1000 - alg. for searching concepts: MultilayerPerceptron
Explaining class: 1, explaining all dataset: NO
---------------------------------------------------------------------------------
We take only 500 instances out of 557.
We remove max(NOISE,minNoise) groups, NOISE=0.0% -> 0, minNoise=3 we remove groups of size 3. Number of instances from class (1) is 500
Lower threshold thrL: 0.6 upper threshold thrU: 0.8 with step: 0.1
--------------
Threshold: 0,60
--------------
	A2 | A3: 226
	A4 | A5: 185
	A1 | A4 | A5: 37
	A1 | A5: 12
	A2 | A4 | A5: 8
	A2 | A3 | A4: 5
	A3 | A4: 4
	A1 | A4: 4
	A2 | A3 | A5: 4
--------------
Threshold: 0,70
--------------
	A1 | A2 | A3: 172
	A1 | A4 | A5: 172
	A4 | A5: 55
	A2 | A3: 54
	A2 | A4 | A5: 13
	A3 | A4 | A5: 6
	A2 | A3 | A4: 5
	A1 | A3 | A5: 4
	A3 | A4: 4
	A2 | A3 | A5: 4
--------------
Threshold: 0,80
--------------
	A1 | A4 | A5: 174
	A1 | A2 | A3: 169
	A3 | A4 | A5: 53
	A2 | A3 | A5: 34
	A2 | A3 | A4: 25
	A2 | A4 | A5: 15
	A2 | A3 | A4 | A5: 9
	A1 | A2 | A3 | A5: 9
	A1 | A3 | A4 | A5: 5
	A1 | A2 | A3 | A4: 5
*********************************************************************************
All potential concepts, based on thresholds.
	A2 A3 ~#~ A4 A5 ~#~ A1 A4 A5 ~#~ A1 A5 ~#~ A2 A4 A5 ~#~ A2 A3 A4 ~#~ A3 A4 ~#~ A1 A4 ~#~ A2 A3 A5 ~#~ A1 A2 A3 ~#~ A3 A4 A5 ~#~ A1 A3 A5 ~#~ A2 A3 A4 A5 ~#~ A1 A2 A3 A5 ~#~ A1 A3 A4 A5 ~#~ A1 A2 A3 A4 ~#~ 
*********************************************************************************
