dataset: credit_score.arff
Number of folds for testing (CV): 10
*********************************************************************************
number of instances: 223
number of attributes: 22
number of classes: 2
---------------------------------------------------------------------------------
Alg. for searching concepts: TreeSHAP (XGBOOST) parameters: numOfRounds->100 maxDepth->3 eta->0.3 gamma->1.0
Explaining class: A explaining whole dataset: NO
---------------------------------------------------------------------------------
Feature selection on validation datasetPercentage of split (subTrain:validation) 75%:25%
---------------------------------------------------------------------------------
Avg. explanation time: 3,20 [ms] (stdev 1,08)
Avg. number of instances that we explain: 97,20 (stdev 0,40)
---------------------------------------------------------------------------------
Internal (during building) accuracy of explanation model: 99,85 (stdev 0,23) ACC on the test dataset: 84,25 (stdev 10,03)
---------------------------------------------------------------------------------
Avg. model building time: 61,60 [ms] (stdev 15,99)
*********************************************************************************
Original dataset
*********************************************************************************
Avg. tree size: 23,80 (stdev 2,71) avg. number of leaves: 12,40 (stdev 1,36) avg. number of nodes: 11,40 (stdev 1,36)
Avg. ruleset size: 10,60 (stdev 1,62) avg. number of attributes in rules: 25,80 (stdev 4,81) avg. number of attributes per rule: 2,43 (stdev 0,23)
-----ACC-----
Avg. class. ACC J48 	83,38 (stdev 12,48)
Avg. class. ACC NB 	50,63 (stdev 6,48)
Avg. class. ACC FU 	81,94 (stdev 13,06)
Avg. class. ACC RF 	85,61 (stdev 8,10)
-----Learning and testing time-----
Avg. learning time J48 	7,20 [ms] (stdev 11,96 [ms])
Avg. learning time NB 	1,70 [ms] (stdev 4,12 [ms])
Avg. learning time FU 	45,60 [ms] (stdev 36,29 [ms])
Avg. learning time RF 	34,10 [ms] (stdev 48,55 [ms])
*********************************************************************************
Only Logical features
*********************************************************************************
Number of logical feat: 416,70 (stdev 161,14)
Avg. tree size (nodes+leaves): 22,60 (stdev 3,67) avg. number of leaves: 11,80 (stdev 1,83) avg. sum of constructs: 15,90 (stdev 2,47) avg. sum of constructs / num of nodes: 1,49 (stdev 0,25)
Avg. num of logical feat in tree: 4,50 (stdev 1,20) avg. sum of (logical) constructs: 9,60 (stdev 3,10)
Avg. ruleset size: 10,40 (stdev 1,85) avg. number of terms of construct in Furia feat.: 35,50 (stdev 5,46) avg. number of terms in constructs per ruleset: 3,46 (stdev 0,43)
-----ACC-----
Avg. class. ACC J48 	81,17 (stdev 10,07)
Avg. class. ACC NB 	77,43 (stdev 9,04)
Avg. class. ACC FU 	81,54 (stdev 11,25)
Avg. class. ACC RF 	83,36 (stdev 10,48)
-----Learning and testing time-----
Avg. learning time from FC (all feat), for J48 	19,40 [ms] (stdev 13,02)
Avg. learning time from FC (all feat), for NB 	5,30 [ms] (stdev 4,82)
Avg. learning time from FC (all feat), for FU 	127,10 [ms] (stdev 49,16)
Avg. learning time from FC (all feat), for RF 	45,20 [ms] (stdev 47,50)
-----Feature construction time-----
Avg. FC time (all feat): 1225,80 [ms] stdev 498,18
*********************************************************************************
Relational features
*********************************************************************************
Number of relational feat: 36,50 (stdev 6,14)
Avg. tree size (nodes+leaves): 27,00 (stdev 4,56) avg. number of leaves: 14,00 (stdev 2,28) avg. sum of constructs: 20,40 (stdev 3,64) avg. sum of constructs / num of nodes: 1,57 (stdev 0,06)
Avg. num of relational feat in tree: 7,40 (stdev 1,50) avg. sum of (only Cartesian) constructs (in tree): 14,80 (stdev 2,99)
Avg. ruleset size: 10,80 (stdev 1,89) avg. number of terms of construct in Furia feat.: 32,00 (stdev 5,74) avg. number of terms in constructs per ruleset: 2,97 (stdev 0,26)
-----ACC-----
Avg. class. ACC J48 	78,04 (stdev 10,37)
Avg. class. ACC NB 	59,53 (stdev 10,03)
Avg. class. ACC FU 	85,57 (stdev 9,76)
Avg. class. ACC RF 	85,61 (stdev 9,88)
-----Learning and testing time-----
Avg. learning time from FC (all feat), for J48 	5,40 [ms] (stdev 3,50)
Avg. learning time from FC (all feat), for NB 	0,80 [ms] (stdev 1,17)
Avg. learning time from FC (all feat), for FU 	39,40 [ms] (stdev 9,83)
Avg. learning time from FC (all feat), for RF 	19,50 [ms] (stdev 7,71)
-----Feature construction time-----
Avg. FC time (all feat): 13,80 [ms] stdev 9,13
*********************************************************************************
Cartesian product
*********************************************************************************
Number of "Cartesian" feat: 30,50 (stdev 6,50)
Avg. tree size (nodes+leaves): 26,20 (stdev 5,53) avg. number of leaves: 15,80 (stdev 4,62) avg. sum of constructs: 13,80 (stdev 1,83) avg. sum of constructs / num of nodes: 1,33 (stdev 0,09)
Avg. num of "Cartesian" feat in tree: 3,40 (stdev 1,02) avg. sum of (only Cartesian) constructs (in tree): 6,80 (stdev 2,04)
Avg. ruleset size: 11,70 (stdev 1,55) avg. number of terms of construct in Furia feat.: 31,00 (stdev 5,57) avg. number of terms in constructs per ruleset: 2,64 (stdev 0,26)
-----ACC-----
Avg. class. ACC J48 	81,54 (stdev 10,67)
Avg. class. ACC NB 	73,85 (stdev 12,15)
Avg. class. ACC FU 	81,98 (stdev 11,34)
Avg. class. ACC RF 	84,66 (stdev 10,75)
-----Learning and testing time-----
Avg. learning time from FC (all feat), for J48 	4,00 [ms] (stdev 2,79)
Avg. learning time from FC (all feat), for NB 	0,30 [ms] (stdev 0,64)
Avg. learning time from FC (all feat), for FU 	38,30 [ms] (stdev 7,46)
Avg. learning time from FC (all feat), for RF 	19,70 [ms] (stdev 9,59)
-----Feature construction time-----
Avg. FC time (all feat): 10,80 [ms] stdev 5,02
*********************************************************************************
Only Furia and THR feat
*********************************************************************************
Number of FURIA feat: 49,20 (stdev 6,82) number of thr. feat: 40,80 (stdev 5,86)
Avg. tree size (nodes+leaves): 15,50 (stdev 1,02) avg. number of leaves: 8,40 (stdev 0,92) avg. sum of constructs: 19,70 (stdev 1,27) avg. sum of constructs / num of nodes: 2,78 (stdev 0,24)
Avg. num of FURIA feat. in tree: 7,00 (stdev 0,45) avg. sum of terms in constructs (Furia feat) in tree: 19,30 (stdev 1,68) avg. num of THR feat. in tree: 0,10 (stdev 0,30) avg. sum of terms in constructs (THR feat) in tree: 0,40 (stdev 1,20)
Avg. ruleset size: 10,40 (stdev 0,92) avg. number of terms of construct in Furia feat.: 42,70 (stdev 6,68) avg. number of terms in constructs per ruleset: 4,09 (stdev 0,44)
-----ACC-----
Avg. class. ACC J48 	80,20 (stdev 8,25)
Avg. class. ACC NB 	81,03 (stdev 11,34)
Avg. class. ACC FU 	83,77 (stdev 7,44)
Avg. class. ACC RF 	82,89 (stdev 10,53)
-----Learning and testing time-----
Avg. learning time from FC(only Furia and THR feat) J48 6,30 [ms] (stdev 1,19)
Avg. learning time from FC(only Furia and THR feat) NB 1,70 [ms] (stdev 1,49)
Avg. learning time from FC(only Furia and THR feat) FU 44,20 [ms] (stdev 6,69)
Avg. learning time from FC(only Furia and THR feat) RF 14,40 [ms] (stdev 6,04)
-----Feature construction time-----
Avg. FC time (only Furia and THR feat): 609,80 [ms] stdev 146,88
*********************************************************************************
All features dataset
*********************************************************************************
Avg. number of groups for feature construction: 22,40 (stdev 4,43)
Avg. size of groups (num. of candidate attr.) per folds (unm of attr. in all groups):: 92,60 (stdev 23,72)
Avg. size of groups (num. of candidate attr.) per groups per folds (avg. of avg.): 4,09 (stdev 0,27)
Max avg. group (length) of constructs (num of attr.): 7,20 (stdev 0,75)
Number of logical feat: 416,70 (stdev 161,14) number of relational feat: 36,50 (stdev 6,14) number of "Cartesian" feat: 30,50 (stdev 6,50) number of FURIA feat: 49,20 (stdev 6,82) number of thr. feat: 40,80 (stdev 5,86)
Avg. tree size (nodes+leaves): 14,60 (stdev 1,50) avg. number of leaves: 7,80 (stdev 0,75) avg. sum of constructs: 18,90 (stdev 2,70) avg. sum of constructs / num of nodes: 2,78 (stdev 0,23)
Avg. num of logical feat in tree: 0,10 (stdev 0,30) avg. sum of (only logical) constructs: 0,20 (stdev 0,60) avg. num of relational feat in tree: 0,10 (stdev 0,30) avg. sum of (only relational) constructs: 0,20 (stdev 0,60) avg. num of "Cartesian" feat in tree: 0,00 (stdev 0,00) avg. sum of (Cartesian) constructs (in tree): 0,00 (stdev 0,00) avg. num of FURIA feat. in tree: 6,60 (stdev 0,66) avg. sum of terms in constructs (Furia feat) in tree: 18,50 (stdev 2,66) avg. num of THR feat. in tree: 0,00 (stdev 0,00) avg. sum of terms in constructs (THR feat) in tree: 0,00 (stdev 0,00)
Avg. ruleset size: 10,80 (stdev 1,54) avg. number of terms of construct in Furia feat.: 45,60 (stdev 8,96) avg. number of terms in constructs per ruleset: 4,22 (stdev 0,48)
Mean unimp. OR feat.: 0,00 (stdev 0,00) mean unimp. EQU feat.: 0,00 (stdev 0,00) mean unimp. XOR feat.: 0,00 (stdev 0,00) mean unimp. IMPL feat.: 0,00 (stdev 0,00) mean unimp. AND feat.: 0,00 (stdev 0,00) mean unimp. LESSTHAN feat.: 0,70 (stdev 0,64) mean unimp. DIFF feat.: 29,20 (stdev 4,56) mean unimp. "Cartesian" feat.: 2,70 (stdev 2,19)
-----ACC-----
Avg. class. ACC J48 	81,09 (stdev 8,39)
Avg. class. ACC NB 	80,59 (stdev 10,47)
Avg. class. ACC FU 	83,81 (stdev 8,89)
Avg. class. ACC RF 	85,61 (stdev 8,77)
-----Learning and testing time-----
Avg. learning time from FC (all feat), for J48 	15,70 [ms] (stdev 4,75)
Avg. learning time from FC (all feat), for NB 	4,70 [ms] (stdev 1,79)
Avg. learning time from FC (all feat), for FU 	125,80 [ms] (stdev 28,95)
Avg. learning time from FC (all feat), for RF 	30,00 [ms] (stdev 7,84)
-----Feature construction time-----
Avg. FC time (all feat): 1860,20 [ms] (stdev 595,81)
*********************************************************************************
FS on validation dataset - results
*********************************************************************************
When using J48, number of logical feat: 320,80 (stdev 186,22) number of relational feat: 20,80 (stdev 10,82) number of "Cartesian" feat: 27,40 (stdev 11,21) number of FURIA feat: 42,10 (stdev 17,49) number of thr. feat: 35,30 (stdev 13,67)
When using NB, number of logical feat: 342,70 (stdev 156,30) number of relational feat: 22,90 (stdev 8,34) number of "Cartesian" feat: 30,10 (stdev 7,44) number of FURIA feat: 46,20 (stdev 13,42) number of thr. feat: 38,80 (stdev 9,92)
When using FURIA, number of logical feat: 184,80 (stdev 199,58) number of relational feat: 13,10 (stdev 13,22) number of "Cartesian" feat: 18,10 (stdev 16,13) number of FURIA feat: 27,30 (stdev 25,94) number of thr. feat: 23,20 (stdev 21,43)
When using RF, number of logical feat: 339,20 (stdev 163,38) number of relational feat: 22,80 (stdev 8,60) number of "Cartesian" feat: 28,90 (stdev 10,57) number of FURIA feat: 45,20 (stdev 16,17) number of thr. feat: 37,50 (stdev 13,44)
Avg. tree size (nodes+leaves): 16,10 (stdev 2,62) avg. number of leaves: 8,80 (stdev 1,66) avg. sum of constructs: 17,80 (stdev 3,37) avg. sum of constructs / num of nodes: 2,51 (stdev 0,55)
Avg. num of logical feat. in tree: 0,10 (stdev 0,30) avg. sum of (only logical) constructs in tree: 0,20 (stdev 0,60) avg. num of relational feat. in tree: 0,10 (stdev 0,30) avg. sum of (only relational) constructs in tree: 0,20 (stdev 0,60) avg. num of Cartesian feat. in tree: 0,00 (stdev 0,00) avg. sum of constructs (of Cartesian feat) in tree: 0,00 (stdev 0,00) avg. num of FURIA feat. in tree: 5,70 (stdev 2,24) avg. sum of terms in constructs (Furia feat) in tree: 15,50 (stdev 6,68) avg. num of THR feat. in tree: 0,20 (stdev 0,60) avg. sum of terms in constructs (THR feat) in tree: 0,70 (stdev 2,10)
Avg. ruleset size: 10,10 (stdev 1,22) avg. number of terms of construct in Furia feat.: 34,30 (stdev 10,88) avg. number of terms in constructs per ruleset: 3,36 (stdev 0,85)
-----ACC-----
Avg. class. ACC J48 	81,09 (stdev 8,87)
Avg. class. ACC NB 	80,14 (stdev 10,51)
Avg. class. ACC FU 	80,18 (stdev 10,25)
Avg. class. ACC RF 	85,61 (stdev 8,77)
-----Search time-----
Avg. search time J48 	630,90 (stdev 290,12)
Avg. search time NB 	590,80 (stdev 298,59)
Avg. search time FU 	689,40 (stdev 310,79)
Avg. search time RF 	678,00 (stdev 323,20)
-----Learning and testing time-----
Avg. learn time J48 	8,90 (stdev 3,45)
Avg. learn time NB 	2,80 (stdev 1,17)
Avg. learn time FU 	65,70 (stdev 43,47)
Avg. learn time RF 	24,20 (stdev 6,69)
~~~~~~~~~~~~~~~~~~~~~~~~~~~~~~~~~~~~~~~~~~~~~~~~~~~~~~~~~~~~~~~~~~~~~~~~~~~~~~~~
Total processing time (credit_score.arff): 232034
~~~~~~~~~~~~~~~~~~~~~~~~~~~~~~~~~~~~~~~~~~~~~~~~~~~~~~~~~~~~~~~~~~~~~~~~~~~~~~~~
