dataset: Breast Cancer Coimbra.arff
Number of folds for testing (CV): 10
*********************************************************************************
number of instances: 116
number of attributes: 9
number of classes: 2
---------------------------------------------------------------------------------
Starting FC (exhaustive search, All features method): 20. 03. 2022 22:50:55 fold: 1
Starting FC (exhaustive search, All features method): 20. 03. 2022 22:50:55 fold: 2
Starting FC (exhaustive search, All features method): 20. 03. 2022 22:50:55 fold: 3
Starting FC (exhaustive search, All features method): 20. 03. 2022 22:50:55 fold: 4
Starting FC (exhaustive search, All features method): 20. 03. 2022 22:50:55 fold: 5
Starting FC (exhaustive search, All features method): 20. 03. 2022 22:50:55 fold: 6
Starting FC (exhaustive search, All features method): 20. 03. 2022 22:50:55 fold: 7
Starting FC (exhaustive search, All features method): 20. 03. 2022 22:50:55 fold: 8
Starting FC (exhaustive search, All features method): 20. 03. 2022 22:50:55 fold: 9
Starting FC (exhaustive search, All features method): 20. 03. 2022 22:50:56 fold: 10
---------------------------------------------------------------------------------
Number of all combinations: 36
*********************************************************************************
Jakulin's interaction information
*********************************************************************************
Number of "Cartesian" feat: 4,00 (stdev 0,00)
Avg. tree size (nodes+leaves): 18,00 (stdev 5,81) avg. number of leaves: 9,70 (stdev 3,00) avg. sum of constructs: 9,00 (stdev 2,90) avg. sum of constructs / num of nodes: 1,10 (stdev 0,10)
Avg. num of "Cartesian" feat in tree: 0,70 (stdev 0,64) avg. sum of (only Cartesian) constructs (in tree): 1,40 (stdev 1,28)
Avg. ruleset size: 6,40 (stdev 1,43) avg. number of terms of construct in Furia feat.: 12,60 (stdev 3,69) avg. number of terms in constructs per ruleset: 1,95 (stdev 0,21)
-----ACC-----
Avg. class. ACC J48 	67,20 (stdev 14,68)
Avg. class. ACC NB 	65,45 (stdev 16,35)
Avg. class. ACC FU 	74,32 (stdev 16,28)
Avg. class. ACC RF 	69,92 (stdev 14,12)
-----Learning and testing time-----
Avg. learning time from FC (all feat), for J48 	2,10 [ms] (stdev 1,45)
Avg. learning time from FC (all feat), for NB 	0,10 [ms] (stdev 0,30)
Avg. learning time from FC (all feat), for FU 	15,50 [ms] (stdev 5,87)
Avg. learning time from FC (all feat), for RF 	26,20 [ms] (stdev 17,95)
-----Feature construction time-----
Avg. FC time (all feat): 9,80 [ms] stdev 7,59
~~~~~~~~~~~~~~~~~~~~~~~~~~~~~~~~~~~~~~~~~~~~~~~~~~~~~~~~~~~~~~~~~~~~~~~~~~~~~~~~
Total processing time (Breast Cancer Coimbra.arff): 1606
~~~~~~~~~~~~~~~~~~~~~~~~~~~~~~~~~~~~~~~~~~~~~~~~~~~~~~~~~~~~~~~~~~~~~~~~~~~~~~~~
