dataset: credit_score.arff
Number of folds for testing (CV): 10
*********************************************************************************
number of instances: 223
number of attributes: 22
number of classes: 2
---------------------------------------------------------------------------------
Alg. for searching concepts: TreeSHAP (XGBOOST) parameters: numOfRounds->100 maxDepth->3 eta->0.3 gamma->1.0
Explaining class: A explaining whole dataset: NO
---------------------------------------------------------------------------------
Feature selection on validation datasetPercentage of split (subTrain:validation) 75%:25%
---------------------------------------------------------------------------------
Avg. explanation time: 2,50 [ms] (stdev 1,02)
Avg. number of instances that we explain: 97,20 (stdev 0,40)
---------------------------------------------------------------------------------
Internal (during building) accuracy of explanation model: 99,85 (stdev 0,23) ACC on the test dataset: 84,25 (stdev 10,03)
---------------------------------------------------------------------------------
Avg. model building time: 47,60 [ms] (stdev 10,19)
*********************************************************************************
Original dataset
*********************************************************************************
Avg. tree size: 23,80 (stdev 2,71) avg. number of leaves: 12,40 (stdev 1,36) avg. number of nodes: 11,40 (stdev 1,36)
Avg. ruleset size: 10,60 (stdev 1,62) avg. number of attributes in rules: 25,80 (stdev 4,81) avg. number of attributes per rule: 2,43 (stdev 0,23)
-----ACC-----
Avg. class. ACC J48 	83,38 (stdev 12,48)
Avg. class. ACC NB 	50,63 (stdev 6,48)
Avg. class. ACC FU 	81,94 (stdev 13,06)
Avg. class. ACC RF 	85,61 (stdev 8,10)
-----Learning and testing time-----
Avg. learning time J48 	6,60 [ms] (stdev 12,81 [ms])
Avg. learning time NB 	1,40 [ms] (stdev 4,20 [ms])
Avg. learning time FU 	36,20 [ms] (stdev 28,68 [ms])
Avg. learning time RF 	28,00 [ms] (stdev 37,26 [ms])
*********************************************************************************
Only Logical features
*********************************************************************************
Number of logical feat: 416,70 (stdev 161,14)
Avg. tree size (nodes+leaves): 22,60 (stdev 3,67) avg. number of leaves: 11,80 (stdev 1,83) avg. sum of constructs: 15,90 (stdev 2,47) avg. sum of constructs / num of nodes: 1,49 (stdev 0,25)
Avg. num of logical feat in tree: 4,50 (stdev 1,20) avg. sum of (logical) constructs: 9,60 (stdev 3,10)
Avg. ruleset size: 10,40 (stdev 1,85) avg. number of terms of construct in Furia feat.: 35,50 (stdev 5,46) avg. number of terms in constructs per ruleset: 3,46 (stdev 0,43)
-----ACC-----
Avg. class. ACC J48 	81,17 (stdev 10,07)
Avg. class. ACC NB 	77,43 (stdev 9,04)
Avg. class. ACC FU 	81,54 (stdev 11,25)
Avg. class. ACC RF 	83,36 (stdev 10,48)
-----Learning and testing time-----
Avg. learning time from FC (all feat), for J48 	15,30 [ms] (stdev 12,07)
Avg. learning time from FC (all feat), for NB 	4,10 [ms] (stdev 4,78)
Avg. learning time from FC (all feat), for FU 	109,10 [ms] (stdev 46,73)
Avg. learning time from FC (all feat), for RF 	37,80 [ms] (stdev 37,73)
-----Feature construction time-----
Avg. FC time (all feat): 1195,00 [ms] stdev 529,90
*********************************************************************************
Numerical features
*********************************************************************************
Number of numerical feat: 166,00 (stdev 27,09)
Avg. tree size (nodes+leaves): 17,20 (stdev 3,03) avg. number of leaves: 9,10 (stdev 1,51) avg. sum of constructs: 14,40 (stdev 2,50) avg. sum of constructs / num of nodes: 1,78 (stdev 0,07)
Avg. num of numerical feat in tree: 6,30 (stdev 1,10) avg. sum of (only numerical) constructs (in tree): 12,60 (stdev 2,20)
Avg. ruleset size: 6,70 (stdev 0,78) avg. number of terms of construct in Furia feat.: 27,90 (stdev 5,45) avg. number of terms in constructs per ruleset: 4,14 (stdev 0,46)
-----ACC-----
Avg. class. ACC J48 	88,70 (stdev 6,85)
Avg. class. ACC NB 	71,66 (stdev 8,05)
Avg. class. ACC FU 	89,64 (stdev 6,79)
Avg. class. ACC RF 	91,46 (stdev 6,58)
-----Learning and testing time-----
Avg. learning time from FC (all feat), for J48 	14,70 [ms] (stdev 9,53)
Avg. learning time from FC (all feat), for NB 	5,00 [ms] (stdev 4,45)
Avg. learning time from FC (all feat), for FU 	101,10 [ms] (stdev 17,78)
Avg. learning time from FC (all feat), for RF 	21,40 [ms] (stdev 9,37)
-----Feature construction time-----
Avg. FC time (all feat): 34,80 [ms] stdev 15,96
*********************************************************************************
Relational features
*********************************************************************************
Number of relational feat: 36,50 (stdev 6,14)
Avg. tree size (nodes+leaves): 27,00 (stdev 4,56) avg. number of leaves: 14,00 (stdev 2,28) avg. sum of constructs: 20,40 (stdev 3,64) avg. sum of constructs / num of nodes: 1,57 (stdev 0,06)
Avg. num of relational feat in tree: 7,40 (stdev 1,50) avg. sum of (only Cartesian) constructs (in tree): 14,80 (stdev 2,99)
Avg. ruleset size: 10,80 (stdev 1,89) avg. number of terms of construct in Furia feat.: 32,00 (stdev 5,74) avg. number of terms in constructs per ruleset: 2,97 (stdev 0,26)
-----ACC-----
Avg. class. ACC J48 	78,04 (stdev 10,37)
Avg. class. ACC NB 	59,53 (stdev 10,03)
Avg. class. ACC FU 	85,57 (stdev 9,76)
Avg. class. ACC RF 	85,61 (stdev 9,88)
-----Learning and testing time-----
Avg. learning time from FC (all feat), for J48 	4,30 [ms] (stdev 3,00)
Avg. learning time from FC (all feat), for NB 	0,40 [ms] (stdev 0,66)
Avg. learning time from FC (all feat), for FU 	33,00 [ms] (stdev 6,47)
Avg. learning time from FC (all feat), for RF 	14,90 [ms] (stdev 5,05)
-----Feature construction time-----
Avg. FC time (all feat): 9,90 [ms] stdev 3,59
*********************************************************************************
Cartesian product
*********************************************************************************
Number of "Cartesian" feat: 30,50 (stdev 6,50)
Avg. tree size (nodes+leaves): 26,20 (stdev 5,53) avg. number of leaves: 15,80 (stdev 4,62) avg. sum of constructs: 13,80 (stdev 1,83) avg. sum of constructs / num of nodes: 1,33 (stdev 0,09)
Avg. num of "Cartesian" feat in tree: 3,40 (stdev 1,02) avg. sum of (only Cartesian) constructs (in tree): 6,80 (stdev 2,04)
Avg. ruleset size: 11,70 (stdev 1,55) avg. number of terms of construct in Furia feat.: 31,00 (stdev 5,57) avg. number of terms in constructs per ruleset: 2,64 (stdev 0,26)
-----ACC-----
Avg. class. ACC J48 	81,54 (stdev 10,67)
Avg. class. ACC NB 	73,85 (stdev 12,15)
Avg. class. ACC FU 	81,98 (stdev 11,34)
Avg. class. ACC RF 	84,66 (stdev 10,75)
-----Learning and testing time-----
Avg. learning time from FC (all feat), for J48 	2,80 [ms] (stdev 1,54)
Avg. learning time from FC (all feat), for NB 	0,20 [ms] (stdev 0,60)
Avg. learning time from FC (all feat), for FU 	29,50 [ms] (stdev 5,06)
Avg. learning time from FC (all feat), for RF 	16,30 [ms] (stdev 9,50)
-----Feature construction time-----
Avg. FC time (all feat): 7,60 [ms] stdev 3,23
*********************************************************************************
Only Furia and THR feat
*********************************************************************************
Number of FURIA feat: 49,20 (stdev 6,82) number of thr. feat: 40,80 (stdev 5,86)
Avg. tree size (nodes+leaves): 15,50 (stdev 1,02) avg. number of leaves: 8,40 (stdev 0,92) avg. sum of constructs: 19,70 (stdev 1,27) avg. sum of constructs / num of nodes: 2,78 (stdev 0,24)
Avg. num of FURIA feat. in tree: 7,00 (stdev 0,45) avg. sum of terms in constructs (Furia feat) in tree: 19,30 (stdev 1,68) avg. num of THR feat. in tree: 0,10 (stdev 0,30) avg. sum of terms in constructs (THR feat) in tree: 0,40 (stdev 1,20)
Avg. ruleset size: 10,40 (stdev 0,92) avg. number of terms of construct in Furia feat.: 42,70 (stdev 6,68) avg. number of terms in constructs per ruleset: 4,09 (stdev 0,44)
-----ACC-----
Avg. class. ACC J48 	80,20 (stdev 8,25)
Avg. class. ACC NB 	81,03 (stdev 11,34)
Avg. class. ACC FU 	83,77 (stdev 7,44)
Avg. class. ACC RF 	82,89 (stdev 10,53)
-----Learning and testing time-----
Avg. learning time from FC(only Furia and THR feat) J48 5,80 [ms] (stdev 1,40)
Avg. learning time from FC(only Furia and THR feat) NB 1,00 [ms] (stdev 0,45)
Avg. learning time from FC(only Furia and THR feat) FU 37,50 [ms] (stdev 5,26)
Avg. learning time from FC(only Furia and THR feat) RF 13,10 [ms] (stdev 6,49)
-----Feature construction time-----
Avg. FC time (only Furia and THR feat): 517,30 [ms] stdev 127,26
*********************************************************************************
All features dataset
*********************************************************************************
Avg. number of groups for feature construction: 22,40 (stdev 4,43)
Avg. size of groups (num. of candidate attr.) per folds (unm of attr. in all groups):: 92,60 (stdev 23,72)
Avg. size of groups (num. of candidate attr.) per groups per folds (avg. of avg.): 4,09 (stdev 0,27)
Max avg. group (length) of constructs (num of attr.): 7,20 (stdev 0,75)
Number of logical feat: 416,70 (stdev 161,14) number of numerical feat: 166,00 (stdev 27,09) number of relational feat: 36,50 (stdev 6,14) number of "Cartesian" feat: 30,50 (stdev 6,50) number of FURIA feat: 49,20 (stdev 6,82) number of thr. feat: 40,80 (stdev 5,86)
Avg. tree size (nodes+leaves): 14,00 (stdev 4,12) avg. number of leaves: 7,60 (stdev 2,15) avg. sum of constructs: 13,70 (stdev 4,38) avg. sum of constructs / num of nodes: 2,14 (stdev 0,27)
Avg. num of logical feat in tree: 1,20 (stdev 0,40) avg. sum of (only logical) constructs: 2,50 (stdev 1,02) avg. num of numerical feat in tree: 2,80 (stdev 0,87) avg. sum of (only numerical) constructs: 5,60 (stdev 1,74) avg. num of relational feat in tree: 0,30 (stdev 0,64) avg. sum of (only relational) constructs: 0,60 (stdev 1,28) avg. num of "Cartesian" feat in tree: 0,00 (stdev 0,00) avg. sum of (Cartesian) constructs (in tree): 0,00 (stdev 0,00) avg. num of FURIA feat. in tree: 1,70 (stdev 0,90) avg. sum of terms in constructs (Furia feat) in tree: 4,40 (stdev 3,35) avg. num of THR feat. in tree: 0,10 (stdev 0,30) avg. sum of terms in constructs (THR feat) in tree: 0,30 (stdev 0,90)
Avg. ruleset size: 7,00 (stdev 1,00) avg. number of terms of construct in Furia feat.: 29,50 (stdev 5,55) avg. number of terms in constructs per ruleset: 4,21 (stdev 0,47)
Mean unimp. OR feat.: 0,00 (stdev 0,00) mean unimp. EQU feat.: 0,00 (stdev 0,00) mean unimp. XOR feat.: 0,00 (stdev 0,00) mean unimp. IMPL feat.: 0,00 (stdev 0,00) mean unimp. AND feat.: 0,00 (stdev 0,00) mean unimp. LESSTHAN feat.: 0,70 (stdev 0,64) mean unimp. DIFF feat.: 29,20 (stdev 4,56) mean unimp. "Cartesian" feat.: 2,70 (stdev 2,19)
-----ACC-----
Avg. class. ACC J48 	90,06 (stdev 6,70)
Avg. class. ACC NB 	80,20 (stdev 9,85)
Avg. class. ACC FU 	90,57 (stdev 7,16)
Avg. class. ACC RF 	86,05 (stdev 10,06)
-----Learning and testing time-----
Avg. learning time from FC (all feat), for J48 	25,80 [ms] (stdev 10,40)
Avg. learning time from FC (all feat), for NB 	7,90 [ms] (stdev 3,01)
Avg. learning time from FC (all feat), for FU 	165,20 [ms] (stdev 36,40)
Avg. learning time from FC (all feat), for RF 	28,90 [ms] (stdev 11,16)
-----Feature construction time-----
Avg. FC time (all feat): 1764,60 [ms] (stdev 617,45)
*********************************************************************************
FS on validation dataset - results
*********************************************************************************
When using J48, number of logical feat: 240,90 (stdev 175,88) number of numerical feat: 115,40 (stdev 65,88) number of relational feat: 17,00 (stdev 11,00) number of "Cartesian" feat: 24,00 (stdev 8,43) number of FURIA feat: 38,20 (stdev 16,39) number of thr. feat: 33,40 (stdev 10,74)
When using NB, number of logical feat: 246,00 (stdev 201,25) number of numerical feat: 115,20 (stdev 80,64) number of relational feat: 16,80 (stdev 13,15) number of "Cartesian" feat: 25,40 (stdev 11,19) number of FURIA feat: 36,80 (stdev 19,29) number of thr. feat: 33,60 (stdev 12,24)
When using FURIA, number of logical feat: 130,90 (stdev 125,03) number of numerical feat: 78,60 (stdev 67,05) number of relational feat: 10,90 (stdev 10,24) number of "Cartesian" feat: 17,60 (stdev 10,94) number of FURIA feat: 28,00 (stdev 22,44) number of thr. feat: 25,00 (stdev 17,99)
When using RF, number of logical feat: 284,30 (stdev 212,14) number of numerical feat: 119,90 (stdev 78,01) number of relational feat: 18,20 (stdev 12,33) number of "Cartesian" feat: 23,00 (stdev 13,86) number of FURIA feat: 34,70 (stdev 19,53) number of thr. feat: 29,10 (stdev 15,61)
Avg. tree size (nodes+leaves): 15,00 (stdev 4,00) avg. number of leaves: 8,50 (stdev 2,29) avg. sum of constructs: 13,90 (stdev 3,96) avg. sum of constructs / num of nodes: 2,15 (stdev 0,27)
Avg. num of logical feat. in tree: 1,10 (stdev 0,54) avg. sum of (only logical) constructs in tree: 2,30 (stdev 1,27) avg. num of numerical feat. in tree: 2,70 (stdev 1,00) avg. sum of (only numerical) constructs in tree: 5,40 (stdev 2,01) avg. num of relational feat. in tree: 0,30 (stdev 0,64) avg. sum of (only relational) constructs in tree: 0,60 (stdev 1,28) avg. num of Cartesian feat. in tree: 0,10 (stdev 0,30) avg. sum of constructs (of Cartesian feat) in tree: 0,20 (stdev 0,60) avg. num of FURIA feat. in tree: 1,50 (stdev 0,81) avg. sum of terms in constructs (Furia feat) in tree: 3,80 (stdev 3,19) avg. num of THR feat. in tree: 0,40 (stdev 0,49) avg. sum of terms in constructs (THR feat) in tree: 1,20 (stdev 1,47)
Avg. ruleset size: 7,50 (stdev 1,63) avg. number of terms of construct in Furia feat.: 28,00 (stdev 5,66) avg. number of terms in constructs per ruleset: 3,78 (stdev 0,53)
-----ACC-----
Avg. class. ACC J48 	90,08 (stdev 6,07)
Avg. class. ACC NB 	77,47 (stdev 9,86)
Avg. class. ACC FU 	89,66 (stdev 6,44)
Avg. class. ACC RF 	87,00 (stdev 8,42)
-----Search time-----
Avg. search time J48 	16322,10 (stdev 4195,23)
Avg. search time NB 	14988,30 (stdev 2780,61)
Avg. search time FU 	15196,90 (stdev 3096,35)
Avg. search time RF 	15079,90 (stdev 3257,99)
-----Learning and testing time-----
Avg. learn time J48 	17,00 (stdev 12,16)
Avg. learn time NB 	5,00 (stdev 3,49)
Avg. learn time FU 	76,40 (stdev 47,07)
Avg. learn time RF 	18,80 (stdev 6,26)
~~~~~~~~~~~~~~~~~~~~~~~~~~~~~~~~~~~~~~~~~~~~~~~~~~~~~~~~~~~~~~~~~~~~~~~~~~~~~~~~
Total processing time (credit_score.arff): 979744
~~~~~~~~~~~~~~~~~~~~~~~~~~~~~~~~~~~~~~~~~~~~~~~~~~~~~~~~~~~~~~~~~~~~~~~~~~~~~~~~
