dataset: Breast Cancer Coimbra.arff
Exhaustive search
*********************************************************************************
All potential concepts based on thresholds
	Age BMI Glucose Insulin HOMA Leptin Adiponectin Resistin MCP1 ~#~ 
*********************************************************************************
*********************************************************************************
All potential concepts based on thresholds
	Age BMI Glucose Insulin HOMA Leptin Adiponectin Resistin MCP1 ~#~ 
*********************************************************************************
*********************************************************************************
All potential concepts based on thresholds
	Age BMI Glucose Insulin HOMA Leptin Adiponectin Resistin MCP1 ~#~ 
*********************************************************************************
*********************************************************************************
All potential concepts based on thresholds
	Age BMI Glucose Insulin HOMA Leptin Adiponectin Resistin MCP1 ~#~ 
*********************************************************************************
*********************************************************************************
All potential concepts based on thresholds
	Age BMI Glucose Insulin HOMA Leptin Adiponectin Resistin MCP1 ~#~ 
*********************************************************************************
*********************************************************************************
All potential concepts based on thresholds
	Age BMI Glucose Insulin HOMA Leptin Adiponectin Resistin MCP1 ~#~ 
*********************************************************************************
*********************************************************************************
All potential concepts based on thresholds
	Age BMI Glucose Insulin HOMA Leptin Adiponectin Resistin MCP1 ~#~ 
*********************************************************************************
*********************************************************************************
All potential concepts based on thresholds
	Age BMI Glucose Insulin HOMA Leptin Adiponectin Resistin MCP1 ~#~ 
*********************************************************************************
*********************************************************************************
All potential concepts based on thresholds
	Age BMI Glucose Insulin HOMA Leptin Adiponectin Resistin MCP1 ~#~ 
*********************************************************************************
*********************************************************************************
All potential concepts based on thresholds
	Age BMI Glucose Insulin HOMA Leptin Adiponectin Resistin MCP1 ~#~ 
*********************************************************************************
