dataset: rLinear.arff
--------------
Threshold: 0,10
--------------
	A3: 1150
	A2: 577
	A1: 73
--------------
Threshold: 0,20
--------------
	A3: 1150
	A2: 577
	A1: 73
--------------
Threshold: 0,30
--------------
	A3: 1150
	A2: 577
	A1: 73
--------------
Threshold: 0,40
--------------
	A3: 1127
	A2: 543
	A1: 63
	A2 | A3: 42
--------------
Threshold: 0,50
--------------
	A3: 891
	A2 | A3: 384
	A2: 340
	A1 | A2: 78
	A1 | A3: 70
	A1: 37
--------------
Threshold: 0,60
--------------
	A2 | A3: 787
	A3: 530
	A2: 160
	A1 | A3: 154
	A1 | A2: 147
	A1: 22
--------------
Threshold: 0,70
--------------
	A2 | A3: 1010
	A3: 248
	A1 | A3: 248
	A1 | A2: 195
	A2: 73
--------------
Threshold: 0,80
--------------
	A2 | A3: 932
	A1 | A2 | A3: 330
	A1 | A3: 265
	A1 | A2: 171
	A3: 77
	A2: 22
*********************************************************************************
All potential concepts based on thresholds
	A2 A3 ~#~ A1 A2 ~#~ A1 A3 ~#~ A1 A2 A3 ~#~ 
*********************************************************************************
--------------
Threshold: 0,10
--------------
	A3: 1137
	A2: 561
	A1: 102
--------------
Threshold: 0,20
--------------
	A3: 1137
	A2: 561
	A1: 102
--------------
Threshold: 0,30
--------------
	A3: 1137
	A2: 561
	A1: 102
--------------
Threshold: 0,40
--------------
	A3: 1114
	A2: 525
	A1: 88
	A2 | A3: 43
	A1 | A3: 22
--------------
Threshold: 0,50
--------------
	A3: 896
	A2 | A3: 362
	A2: 336
	A1 | A3: 80
	A1 | A2: 75
	A1: 51
--------------
Threshold: 0,60
--------------
	A2 | A3: 786
	A3: 544
	A2: 152
	A1 | A3: 149
	A1 | A2: 147
	A1: 22
--------------
Threshold: 0,70
--------------
	A2 | A3: 1024
	A1 | A3: 247
	A3: 242
	A1 | A2: 198
	A2: 59
	A1 | A2 | A3: 19
--------------
Threshold: 0,80
--------------
	A2 | A3: 948
	A1 | A2 | A3: 322
	A1 | A3: 264
	A1 | A2: 156
	A3: 92
*********************************************************************************
All potential concepts based on thresholds
	A2 A3 ~#~ A1 A3 ~#~ A1 A2 ~#~ A1 A2 A3 ~#~ 
*********************************************************************************
--------------
Threshold: 0,10
--------------
	A3: 1142
	A2: 566
	A1: 92
--------------
Threshold: 0,20
--------------
	A3: 1142
	A2: 566
	A1: 92
--------------
Threshold: 0,30
--------------
	A3: 1142
	A2: 566
	A1: 92
--------------
Threshold: 0,40
--------------
	A3: 1118
	A2: 540
	A1: 80
	A2 | A3: 35
--------------
Threshold: 0,50
--------------
	A3: 895
	A2: 372
	A2 | A3: 361
	A1 | A2: 67
	A1 | A3: 56
	A1: 49
--------------
Threshold: 0,60
--------------
	A2 | A3: 769
	A3: 525
	A2: 201
	A1 | A3: 147
	A1 | A2: 131
	A1: 27
--------------
Threshold: 0,70
--------------
	A2 | A3: 1016
	A3: 256
	A1 | A3: 227
	A1 | A2: 191
	A2: 79
	A1 | A2 | A3: 19
--------------
Threshold: 0,80
--------------
	A2 | A3: 962
	A1 | A2 | A3: 293
	A1 | A3: 256
	A1 | A2: 172
	A3: 83
	A2: 28
*********************************************************************************
All potential concepts based on thresholds
	A2 A3 ~#~ A1 A2 ~#~ A1 A3 ~#~ A1 A2 A3 ~#~ 
*********************************************************************************
--------------
Threshold: 0,10
--------------
	A3: 1163
	A2: 554
	A1: 83
--------------
Threshold: 0,20
--------------
	A3: 1163
	A2: 554
	A1: 83
--------------
Threshold: 0,30
--------------
	A3: 1163
	A2: 554
	A1: 83
--------------
Threshold: 0,40
--------------
	A3: 1134
	A2: 531
	A1: 66
	A2 | A3: 36
--------------
Threshold: 0,50
--------------
	A3: 901
	A2 | A3: 360
	A2: 353
	A1 | A3: 84
	A1 | A2: 68
	A1: 34
--------------
Threshold: 0,60
--------------
	A2 | A3: 748
	A3: 545
	A2: 184
	A1 | A3: 170
	A1 | A2: 142
--------------
Threshold: 0,70
--------------
	A2 | A3: 1009
	A1 | A3: 258
	A3: 250
	A1 | A2: 191
	A2: 75
--------------
Threshold: 0,80
--------------
	A2 | A3: 946
	A1 | A2 | A3: 318
	A1 | A3: 279
	A1 | A2: 161
	A3: 76
	A2: 20
*********************************************************************************
All potential concepts based on thresholds
	A2 A3 ~#~ A1 A3 ~#~ A1 A2 ~#~ A1 A2 A3 ~#~ 
*********************************************************************************
--------------
Threshold: 0,10
--------------
	A3: 1191
	A2: 528
	A1: 81
--------------
Threshold: 0,20
--------------
	A3: 1191
	A2: 528
	A1: 81
--------------
Threshold: 0,30
--------------
	A3: 1191
	A2: 528
	A1: 81
--------------
Threshold: 0,40
--------------
	A3: 1169
	A2: 505
	A1: 69
	A2 | A3: 30
--------------
Threshold: 0,50
--------------
	A3: 918
	A2 | A3: 354
	A2: 334
	A1 | A2: 87
	A1 | A3: 78
	A1: 29
--------------
Threshold: 0,60
--------------
	A2 | A3: 754
	A3: 561
	A2: 165
	A1 | A2: 157
	A1 | A3: 151
--------------
Threshold: 0,70
--------------
	A2 | A3: 1007
	A1 | A3: 256
	A3: 254
	A1 | A2: 200
	A2: 62
--------------
Threshold: 0,80
--------------
	A2 | A3: 926
	A1 | A2 | A3: 314
	A1 | A3: 277
	A1 | A2: 168
	A3: 99
*********************************************************************************
All potential concepts based on thresholds
	A2 A3 ~#~ A1 A2 ~#~ A1 A3 ~#~ A1 A2 A3 ~#~ 
*********************************************************************************
--------------
Threshold: 0,10
--------------
	A3: 1151
	A2: 562
	A1: 87
--------------
Threshold: 0,20
--------------
	A3: 1151
	A2: 562
	A1: 87
--------------
Threshold: 0,30
--------------
	A3: 1151
	A2: 562
	A1: 87
--------------
Threshold: 0,40
--------------
	A3: 1130
	A2: 541
	A1: 74
	A2 | A3: 28
--------------
Threshold: 0,50
--------------
	A3: 910
	A2: 367
	A2 | A3: 340
	A1 | A2: 80
	A1 | A3: 63
	A1: 40
--------------
Threshold: 0,60
--------------
	A2 | A3: 770
	A3: 527
	A2: 191
	A1 | A3: 152
	A1 | A2: 140
	A1: 20
--------------
Threshold: 0,70
--------------
	A2 | A3: 1000
	A3: 254
	A1 | A3: 242
	A1 | A2: 189
	A2: 87
	A1 | A2 | A3: 20
--------------
Threshold: 0,80
--------------
	A2 | A3: 926
	A1 | A2 | A3: 293
	A1 | A3: 277
	A1 | A2: 174
	A3: 98
	A2: 29
*********************************************************************************
All potential concepts based on thresholds
	A2 A3 ~#~ A1 A2 ~#~ A1 A3 ~#~ A1 A2 A3 ~#~ 
*********************************************************************************
--------------
Threshold: 0,10
--------------
	A3: 1158
	A2: 557
	A1: 85
--------------
Threshold: 0,20
--------------
	A3: 1158
	A2: 557
	A1: 85
--------------
Threshold: 0,30
--------------
	A3: 1158
	A2: 557
	A1: 85
--------------
Threshold: 0,40
--------------
	A3: 1135
	A2: 536
	A1: 72
	A2 | A3: 32
--------------
Threshold: 0,50
--------------
	A3: 878
	A2 | A3: 370
	A2: 369
	A1 | A3: 77
	A1 | A2: 74
	A1: 32
--------------
Threshold: 0,60
--------------
	A2 | A3: 773
	A3: 560
	A2: 169
	A1 | A2: 146
	A1 | A3: 142
--------------
Threshold: 0,70
--------------
	A2 | A3: 1033
	A3: 247
	A1 | A3: 242
	A1 | A2: 192
	A2: 66
--------------
Threshold: 0,80
--------------
	A2 | A3: 958
	A1 | A2 | A3: 306
	A1 | A3: 276
	A1 | A2: 159
	A3: 75
	A2: 25
*********************************************************************************
All potential concepts based on thresholds
	A2 A3 ~#~ A1 A3 ~#~ A1 A2 ~#~ A1 A2 A3 ~#~ 
*********************************************************************************
--------------
Threshold: 0,10
--------------
	A3: 1154
	A2: 566
	A1: 80
--------------
Threshold: 0,20
--------------
	A3: 1154
	A2: 566
	A1: 80
--------------
Threshold: 0,30
--------------
	A3: 1154
	A2: 566
	A1: 80
--------------
Threshold: 0,40
--------------
	A3: 1124
	A2: 539
	A1: 71
	A2 | A3: 39
--------------
Threshold: 0,50
--------------
	A3: 890
	A2: 371
	A2 | A3: 358
	A1 | A2: 77
	A1 | A3: 71
	A1: 33
--------------
Threshold: 0,60
--------------
	A2 | A3: 770
	A3: 553
	A2: 167
	A1 | A2: 151
	A1 | A3: 146
--------------
Threshold: 0,70
--------------
	A2 | A3: 1010
	A3: 262
	A1 | A3: 242
	A1 | A2: 193
	A2: 67