dataset: Monks2.arff
We remove max(NOISE,minNoise) groups, NOISE=1.0% -> 2, minNoise=3 we remove groups of size 3. Tree SHAP num of expl. inst. 127 (fold 1). Explaining class: 1).
Lower threshold thrL: 0.1 upper threshold thrU: 0.8 with step: 0.1
								--------------
									Fold  1
								--------------
--------------
Threshold: 0,10
--------------
	a1: 33
	a2: 33
	a6: 31
	a3: 21
	a4: 7
--------------
Threshold: 0,20
--------------
	a6: 31
	a2: 28
	a1: 22
	a3: 21
	a1 | a2: 10
	a4: 7
	a1 | a6: 6
--------------
Threshold: 0,30
--------------
	a2 | a6: 28
	a3 | a6: 18
	a2 | a4: 16
	a1 | a6: 15
	a1 | a2: 10
	a2: 8
	a1 | a4: 7
	a1 | a3: 6
	a2 | a3: 6
	a1 | a5: 4
--------------
Threshold: 0,40
--------------
	a2 | a6: 27
	a3 | a6: 18
	a1 | a3 | a6: 12
	a2 | a3 | a4: 11
	a1 | a2 | a4: 10
	a1 | a4: 9
	a2 | a3: 7
	a2 | a4: 7
	a1 | a3: 6
	a1 | a2 | a6: 6
	a1 | a2: 5
	a1 | a5: 4
--------------
Threshold: 0,50
--------------
	a2 | a3 | a6: 22
	a1 | a3 | a6: 18
	a1 | a2 | a6: 17
	a2 | a3 | a4: 16
	a1 | a2 | a4: 12
	a3 | a4 | a6: 6
	a3 | a5 | a6: 5
	a1 | a2: 5
	a1 | a4: 5
	a1 | a5: 4
	a2 | a4: 4
--------------
Threshold: 0,60
--------------
	a1 | a2 | a3 | a6: 29
	a2 | a3 | a6: 21
	a1 | a2 | a4 | a6: 12
	a1 | a3 | a6: 6
	a1 | a2 | a3: 6
	a1 | a2 | a3 | a4: 6
	a3 | a4 | a6: 6
	a2 | a3 | a4 | a6: 5
	a1 | a4 | a5: 5
	a2 | a3 | a5 | a6: 5
	a2 | a3 | a4: 5
	a3 | a5 | a6: 4
	a1 | a2 | a5: 4
	a2 | a4 | a5: 4
--------------
Threshold: 0,70
--------------
	a1 | a2 | a3 | a6: 48
	a2 | a3 | a4 | a6: 19
	a1 | a2 | a4 | a6: 14
	a2 | a3 | a5 | a6: 12
	a1 | a2 | a3 | a4: 6
	a1 | a2 | a3: 5
	a3 | a4 | a5 | a6: 4
	a1 | a2 | a5: 4
	a1 | a4 | a5: 4
	a2 | a4 | a5: 4
--------------
Threshold: 0,80
--------------
	a1 | a2 | a3 | a4 | a6: 64
	a1 | a2 | a3 | a5 | a6: 12
	a2 | a3 | a4 | a6: 8
	a2 | a3 | a4 | a5 | a6: 8
	a1 | a3 | a4 | a5: 5
	a1 | a2 | a3 | a4: 5
	a2 | a3 | a5 | a6: 5
	a2 | a4 | a5 | a6: 4
	a3 | a4 | a5 | a6: 4
	a1 | a2 | a5 | a6: 4
*********************************************************************************
All potential concepts based on thresholds
	a1 a2 ~#~ a1 a6 ~#~ a2 a6 ~#~ a3 a6 ~#~ a2 a4 ~#~ a1 a4 ~#~ a1 a3 ~#~ a2 a3 ~#~ a1 a5 ~#~ a1 a3 a6 ~#~ a2 a3 a4 ~#~ a1 a2 a4 ~#~ a1 a2 a6 ~#~ a2 a3 a6 ~#~ a3 a4 a6 ~#~ a3 a5 a6 ~#~ a1 a2 a3 a6 ~#~ a1 a2 a4 a6 ~#~ a1 a2 a3 ~#~ a1 a2 a3 a4 ~#~ a2 a3 a4 a6 ~#~ a1 a4 a5 ~#~ a2 a3 a5 a6 ~#~ a1 a2 a5 ~#~ a2 a4 a5 ~#~ a3 a4 a5 a6 ~#~ a1 a2 a3 a4 a6 ~#~ a1 a2 a3 a5 a6 ~#~ a2 a3 a4 a5 a6 ~#~ a1 a3 a4 a5 ~#~ a2 a4 a5 a6 ~#~ a1 a2 a5 a6 ~#~ 
*********************************************************************************
We remove max(NOISE,minNoise) groups, NOISE=1.0% -> 2, minNoise=3 we remove groups of size 3. Tree SHAP num of expl. inst. 127 (fold 2). Explaining class: 1).
Lower threshold thrL: 0.1 upper threshold thrU: 0.8 with step: 0.1
								--------------
									Fold  2
								--------------
--------------
Threshold: 0,10
--------------
	a6: 49
	a3: 38
	a1: 15
	a2: 10
	a5: 8
	a4: 7
--------------
Threshold: 0,20
--------------
	a6: 49
	a3: 38
	a1: 15
	a2: 10
	a5: 8
	a4: 7
--------------
Threshold: 0,30
--------------
	a6: 31
	a4 | a6: 15
	a1 | a2: 14
	a2 | a4: 13
	a3: 12
	a3 | a4: 12
	a3 | a5: 6
	a5: 5
	a1 | a6: 5
	a1 | a3: 4
	a3 | a6: 4
--------------
Threshold: 0,40
--------------
	a4 | a6: 18
	a1 | a6: 16
	a1 | a2: 14
	a3 | a4: 12
	a2 | a4: 12
	a3 | a6: 11
	a2 | a3: 8
	a5 | a6: 7
	a1 | a3: 6
	a3 | a5: 6
	a1 | a5: 4
	a2 | a5: 4
--------------
Threshold: 0,50
--------------
	a1 | a2 | a4: 22
	a1 | a4 | a6: 15
	a1 | a6: 11
	a2 | a3 | a4: 10
	a1 | a3 | a6: 8
	a2 | a4 | a6: 8
	a2 | a3: 8
	a3 | a6: 7
	a5 | a6: 7
	a3 | a5 | a6: 6
	a1 | a5: 4
	a1 | a2 | a3: 4
--------------
Threshold: 0,60
--------------
	a1 | a3 | a6: 16
	a1 | a4 | a6: 15
	a1 | a2 | a4: 11
	a2 | a3 | a4: 10
	a2 | a3 | a6: 9
	a3 | a5 | a6: 8
	a2 | a4 | a6: 8
	a1 | a2 | a4 | a6: 7
	a1 | a2 | a6: 7
	a2 | a5 | a6: 6
	a1 | a2 | a3: 5
	a2 | a3: 5
	a1 | a2 | a4 | a5: 4
	a1 | a5 | a6: 4
--------------
Threshold: 0,70
--------------
	a1 | a2 | a4 | a6: 32
	a1 | a2 | a3 | a6: 18
	a1 | a2 | a3 | a4: 11
	a2 | a3 | a4 | a6: 10
	a1 | a3 | a4 | a6: 9
	a2 | a3 | a5 | a6: 9
	a2 | a3 | a6: 7
	a2 | a5 | a6: 5
	a1 | a2 | a4 | a5: 4
	a1 | a5 | a6: 4
--------------
Threshold: 0,80
--------------
	a1 | a2 | a3 | a4 | a6: 36
	a1 | a2 | a3 | a6: 17
	a1 | a2 | a4 | a5 | a6: 14
	a2 | a3 | a5 | a6: 9
	a2 | a3 | a4 | a6: 8
	a2 | a3 | a4 | a5 | a6: 8
	a1 | a3 | a4 | a6: 7
	a1 | a2 | a4 | a6: 6
*********************************************************************************
All potential concepts based on thresholds
	a4 a6 ~#~ a1 a2 ~#~ a2 a4 ~#~ a3 a4 ~#~ a3 a5 ~#~ a1 a6 ~#~ a1 a3 ~#~ a3 a6 ~#~ a2 a3 ~#~ a5 a6 ~#~ a1 a5 ~#~ a2 a5 ~#~ a1 a2 a4 ~#~ a1 a4 a6 ~#~ a2 a3 a4 ~#~ a1 a3 a6 ~#~ a2 a4 a6 ~#~ a3 a5 a6 ~#~ a1 a2 a3 ~#~ a2 a3 a6 ~#~ a1 a2 a4 a6 ~#~ a1 a2 a6 ~#~ a2 a5 a6 ~#~ a1 a2 a4 a5 ~#~ a1 a5 a6 ~#~ a1 a2 a3 a6 ~#~ a1 a2 a3 a4 ~#~ a2 a3 a4 a6 ~#~ a1 a3 a4 a6 ~#~ a2 a3 a5 a6 ~#~ a1 a2 a3 a4 a6 ~#~ a1 a2 a4 a5 a6 ~#~ a2 a3 a4 a5 a6 ~#~ 
*********************************************************************************
We remove max(NOISE,minNoise) groups, NOISE=1.0% -> 2, minNoise=3 we remove groups of size 3. Tree SHAP num of expl. inst. 128 (fold 3). Explaining class: 1).
Lower threshold thrL: 0.1 upper threshold thrU: 0.8 with step: 0.1
								--------------
									Fold  3
								--------------
--------------
Threshold: 0,10
--------------
	a3: 42
	a4: 34
	a2: 29
	a1: 13
	a6: 10
--------------
Threshold: 0,20
--------------
	a3: 42
	a4: 34
	a2: 29
	a1: 13
	a6: 10
--------------
Threshold: 0,30
--------------
	a1 | a3: 19
	a3 | a4: 18
	a1 | a2: 15
	a2 | a4: 15
	a1 | a6: 13
	a2 | a6: 11
	a2 | a3: 10
	a3 | a6: 8
	a4: 6
	a4 | a6: 6
	a1: 4
--------------
Threshold: 0,40
--------------
	a3 | a4: 22
	a1 | a3: 19
	a2 | a4: 17
	a1 | a6: 13
	a1 | a2 | a6: 12
	a2 | a6: 11
	a2 | a3: 10
	a3 | a6: 8
	a4 | a6: 6
	a1 | a2: 4
--------------
Threshold: 0,50
--------------
	a1 | a2 | a6: 35
	a1 | a2 | a4: 15
	a3 | a4 | a6: 14
	a2 | a3 | a4: 9
	a1 | a3 | a4: 8
	a1 | a3: 8
	a1 | a3 | a6: 7
	a1 | a2: 6
	a1 | a4 | a6: 6
	a2 | a3 | a5: 4
--------------
Threshold: 0,60
--------------
	a1 | a2 | a6: 26
	a1 | a3 | a4: 14
	a1 | a2 | a3 | a4: 11
	a2 | a3 | a4: 9
	a1 | a2 | a3: 8
	a1 | a2 | a3 | a6: 8
	a1 | a2 | a4: 8
	a3 | a4 | a6: 8
	a1 | a3 | a6: 7
	a1 | a3 | a4 | a6: 6
	a1 | a4 | a6: 6
	a2 | a3 | a6: 5
	a1 | a2 | a4 | a6: 4
	a2 | a3 | a5: 4
--------------
Threshold: 0,70
--------------
	a1 | a2 | a3 | a4: 26
	a1 | a2 | a4 | a6: 25
	a1 | a3 | a4 | a6: 23
	a1 | a2 | a3 | a6: 15
	a1 | a2 | a5 | a6: 9
	a1 | a2 | a3 | a5: 5
	a2 | a3 | a4 | a6: 4
	a2 | a3 | a4 | a5: 4
	a1 | a2 | a4: 4
	a1 | a3 | a5 | a6: 4
--------------
Threshold: 0,80
--------------
	a1 | a2 | a3 | a4 | a6: 54
	a1 | a3 | a4 | a6: 11
	a1 | a2 | a3 | a4: 10
	a1 | a2 | a4 | a5 | a6: 8
	a1 | a2 | a3 | a6: 7
	a1 | a2 | a4 | a6: 6
	a1 | a3 | a4 | a5 | a6: 6
	a2 | a3 | a4 | a6: 6
	a1 | a2 | a5 | a6: 5
	a1 | a2 | a3 | a4 | a5: 4
*********************************************************************************
All potential concepts based on thresholds
	a1 a3 ~#~ a3 a4 ~#~ a1 a2 ~#~ a2 a4 ~#~ a1 a6 ~#~ a2 a6 ~#~ a2 a3 ~#~ a3 a6 ~#~ a4 a6 ~#~ a1 a2 a6 ~#~ a1 a2 a4 ~#~ a3 a4 a6 ~#~ a2 a3 a4 ~#~ a1 a3 a4 ~#~ a1 a3 a6 ~#~ a1 a4 a6 ~#~ a2 a3 a5 ~#~ a1 a2 a3 a4 ~#~ a1 a2 a3 ~#~ a1 a2 a3 a6 ~#~ a1 a3 a4 a6 ~#~ a2 a3 a6 ~#~ a1 a2 a4 a6 ~#~ a1 a2 a5 a6 ~#~ a1 a2 a3 a5 ~#~ a2 a3 a4 a6 ~#~ a2 a3 a4 a5 ~#~ a1 a3 a5 a6 ~#~ a1 a2 a3 a4 a6 ~#~ a1 a2 a4 a5 a6 ~#~ a1 a3 a4 a5 a6 ~#~ a1 a2 a3 a4 a5 ~#~ 
*********************************************************************************
We remove max(NOISE,minNoise) groups, NOISE=1.0% -> 2, minNoise=3 we remove groups of size 3. Tree SHAP num of expl. inst. 128 (fold 4). Explaining class: 1).
Lower threshold thrL: 0.1 upper threshold thrU: 0.8 with step: 0.1
								--------------
									Fold  4
								--------------
--------------
Threshold: 0,10
--------------
	a3: 58
	a6: 36
	a4: 14
	a1: 13
	a2: 7
--------------
Threshold: 0,20
--------------
	a3: 54
	a6: 32
	a1: 13
	a1 | a4: 8
	a2: 7
	a4: 6
	a1 | a3: 4
	a4 | a6: 4
--------------
Threshold: 0,30
--------------
	a1 | a3: 29
	a1 | a4: 24
	a4 | a6: 13
	a1 | a6: 12
	a2 | a3: 11
	a3: 10
	a3 | a5: 8
	a6: 7
	a3 | a6: 6
	a2: 4
--------------
Threshold: 0,40
--------------
	a1 | a3: 30
	a1 | a6: 16
	a2 | a3: 16
	a1 | a2 | a4: 15
	a4 | a6: 12
	a1 | a4: 11
	a1 | a3 | a4: 4
	a1 | a3 | a5: 4
	a1 | a2: 4
	a1 | a4 | a6: 4
	a3 | a5: 4
	a3 | a4 | a6: 4
--------------
Threshold: 0,50
--------------
	a1 | a2 | a3: 23
	a1 | a2 | a4: 21
	a1 | a4 | a6: 17
	a1 | a3 | a5: 8
	a1 | a3 | a4: 6
	a1 | a6: 6
	a1 | a2 | a6: 6
	a2 | a3: 6
	a1 | a3 | a6: 5
	a1 | a3: 5
	a1 | a2: 4
	a3 | a4 | a5: 4
	a3 | a4 | a6: 4
--------------
Threshold: 0,60
--------------
	a1 | a2 | a3: 29
	a1 | a4 | a6: 16
	a1 | a2 | a3 | a4: 15
	a1 | a3 | a4 | a6: 14
	a1 | a2 | a6: 12
	a1 | a2 | a4: 6
	a1 | a3 | a4: 4
	a1 | a3 | a5: 4
	a1 | a2 | a5: 4
	a1 | a3 | a5 | a6: 4
	a3 | a4 | a5: 4
--------------
Threshold: 0,70
--------------
	a1 | a2 | a3 | a4: 46
	a1 | a3 | a4 | a6: 14
	a1 | a2 | a4 | a6: 13
	a1 | a2 | a3 | a6: 9
	a1 | a2 | a5 | a6: 8
	a1 | a3 | a5 | a6: 8
	a1 | a4 | a5 | a6: 7
	a1 | a2 | a4 | a5: 4
	a3 | a4 | a5 | a6: 4
--------------
Threshold: 0,80
--------------
	a1 | a2 | a3 | a4 | a5: 30
	a1 | a2 | a3 | a4 | a6: 25
	a1 | a3 | a4 | a5 | a6: 16
	a1 | a2 | a3 | a4: 15
	a1 | a2 | a4 | a6: 9
	a1 | a2 | a3 | a5 | a6: 8
	a1 | a2 | a4 | a5 | a6: 7
	a1 | a2 | a3 | a6: 7
	a1 | a2 | a4 | a5: 4
	a1 | a2 | a5 | a6: 4
*********************************************************************************
All potential concepts based on thresholds
	a1 a4 ~#~ a1 a3 ~#~ a4 a6 ~#~ a1 a6 ~#~ a2 a3 ~#~ a3 a5 ~#~ a3 a6 ~#~ a1 a2 a4 ~#~ a1 a3 a4 ~#~ a1 a3 a5 ~#~ a1 a2 ~#~ a1 a4 a6 ~#~ a3 a4 a6 ~#~ a1 a2 a3 ~#~ a1 a2 a6 ~#~ a1 a3 a6 ~#~ a3 a4 a5 ~#~ a1 a2 a3 a4 ~#~ a1 a3 a4 a6 ~#~ a1 a2 a5 ~#~ a1 a3 a5 a6 ~#~ a1 a2 a4 a6 ~#~ a1 a2 a3 a6 ~#~ a1 a2 a5 a6 ~#~ a1 a4 a5 a6 ~#~ a1 a2 a4 a5 ~#~ a3 a4 a5 a6 ~#~ a1 a2 a3 a4 a5 ~#~ a1 a2 a3 a4 a6 ~#~ a1 a3 a4 a5 a6 ~#~ a1 a2 a3 a5 a6 ~#~ a1 a2 a4 a5 a6 ~#~ 
*********************************************************************************
We remove max(NOISE,minNoise) groups, NOISE=1.0% -> 2, minNoise=3 we remove groups of size 3. Tree SHAP num of expl. inst. 128 (fold 5). Explaining class: 1).
Lower threshold thrL: 0.1 upper threshold thrU: 0.8 with step: 0.1
								--------------
									Fold  5
								--------------
--------------
Threshold: 0,10
--------------
	a6: 41
	a3: 32
	a4: 24
	a2: 11
	a1: 10
	a5: 10
--------------
Threshold: 0,20
--------------
	a6: 41
	a3: 32
	a4: 16
	a2: 11
	a5: 10
	a1: 8
	a4 | a6: 8
--------------
Threshold: 0,30
--------------
	a4 | a6: 21
	a3 | a6: 16
	a1 | a4: 13
	a1 | a6: 12
	a5 | a6: 11
	a3 | a4: 10
	a6: 9
	a2 | a6: 9
	a1 | a3: 7
	a3 | a5: 7
	a1: 4
--------------
Threshold: 0,40
--------------
	a1 | a4: 13
	a1 | a6: 13
	a3 | a4: 13
	a5 | a6: 13
	a3 | a6: 12
	a2 | a6: 11
	a2 | a4 | a6: 8
	a1 | a4 | a6: 7
	a3 | a5: 7
	a4 | a6: 6
	a1 | a3 | a6: 4
	a2 | a3 | a6: 4
	a1 | a5: 4
--------------
Threshold: 0,50
--------------
	a2 | a3 | a6: 21
	a3 | a4 | a6: 17
	a1 | a3 | a6: 15
	a4 | a5 | a6: 11
	a1 | a4 | a6: 11
	a1 | a2 | a4: 9
	a2 | a4 | a6: 8
	a3 | a4 | a5: 7
	a1 | a5: 4
	a1 | a5 | a6: 4
--------------
Threshold: 0,60
--------------
	a1 | a2 | a4 | a6: 17
	a2 | a3 | a6: 14
	a1 | a3 | a6: 11
	a4 | a5 | a6: 11
	a1 | a3 | a4 | a6: 8
	a2 | a3 | a5 | a6: 8
	a3 | a4 | a5 | a6: 7
	a1 | a2 | a4: 7
	a3 | a4 | a5: 7
	a1 | a3 | a4: 6
	a2 | a4 | a5: 6
	a3 | a4 | a6: 6
	a1 | a3 | a5: 4
	a1 | a4 | a6: 4
	a1 | a2 | a5 | a6: 4
--------------
Threshold: 0,70
--------------
	a1 | a3 | a4 | a6: 27
	a1 | a2 | a4 | a6: 17
	a3 | a4 | a5 | a6: 14
	a2 | a3 | a4 | a6: 14
	a1 | a2 | a3 | a4: 13
	a2 | a4 | a5 | a6: 10
	a2 | a3 | a5 | a6: 8
	a1 | a3 | a4 | a5: 7
	a1 | a3 | a5: 4
	a1 | a2 | a5 | a6: 4
--------------
Threshold: 0,80
--------------
	a1 | a2 | a3 | a4 | a6: 50
	a1 | a3 | a4 | a5 | a6: 28
	a2 | a3 | a4 | a5 | a6: 14
	a1 | a2 | a4 | a5 | a6: 8
	a2 | a4 | a5 | a6: 7
	a1 | a2 | a3 | a5 | a6: 6
	a1 | a3 | a4 | a6: 5
	a1 | a2 | a3 | a5: 4
*********************************************************************************
All potential concepts based on thresholds
	a4 a6 ~#~ a3 a6 ~#~ a1 a4 ~#~ a1 a6 ~#~ a5 a6 ~#~ a3 a4 ~#~ a2 a6 ~#~ a1 a3 ~#~ a3 a5 ~#~ a2 a4 a6 ~#~ a1 a4 a6 ~#~ a1 a3 a6 ~#~ a2 a3 a6 ~#~ a1 a5 ~#~ a3 a4 a6 ~#~ a4 a5 a6 ~#~ a1 a2 a4 ~#~ a3 a4 a5 ~#~ a1 a5 a6 ~#~ a1 a2 a4 a6 ~#~ a1 a3 a4 a6 ~#~ a2 a3 a5 a6 ~#~ a3 a4 a5 a6 ~#~ a1 a3 a4 ~#~ a2 a4 a5 ~#~ a1 a3 a5 ~#~ a1 a2 a5 a6 ~#~ a2 a3 a4 a6 ~#~ a1 a2 a3 a4 ~#~ a2 a4 a5 a6 ~#~ a1 a3 a4 a5 ~#~ a1 a2 a3 a4 a6 ~#~ a1 a3 a4 a5 a6 ~#~ a2 a3 a4 a5 a6 ~#~ a1 a2 a4 a5 a6 ~#~ a1 a2 a3 a5 a6 ~#~ a1 a2 a3 a5 ~#~ 
*********************************************************************************
We remove max(NOISE,minNoise) groups, NOISE=1.0% -> 2, minNoise=3 we remove groups of size 3. Tree SHAP num of expl. inst. 128 (fold 6). Explaining class: 1).
Lower threshold thrL: 0.1 upper threshold thrU: 0.8 with step: 0.1
								--------------
									Fold  6
								--------------
--------------
Threshold: 0,10
--------------
	a3: 42
	a6: 41
	a4: 18
	a1: 10
	a5: 10
	a2: 7
--------------
Threshold: 0,20
--------------
	a3: 42
	a6: 41
	a4: 18
	a1: 10
	a5: 10
	a2: 7
--------------
Threshold: 0,30
--------------
	a3 | a6: 32
	a6: 15
	a1 | a4: 14
	a5 | a6: 11
	a4 | a6: 8
	a3: 7
	a1 | a2: 7
	a2: 5
	a3 | a4: 5
	a2 | a6: 5
	a2 | a3: 4
	a2 | a5: 4
--------------
Threshold: 0,40
--------------
	a3 | a6: 35
	a1 | a4: 16
	a5 | a6: 13
	a1 | a2: 11
	a4 | a6: 11
	a1 | a6: 6
	a2 | a5: 6
	a2 | a3: 5
	a2 | a6: 5
--------------
Threshold: 0,50
--------------
	a1 | a2 | a4: 17
	a3 | a4 | a6: 14
	a1 | a3 | a6: 12
	a3 | a5 | a6: 10
	a2 | a3 | a6: 9
	a2 | a5 | a6: 6
	a1 | a6: 6
	a3 | a6: 6
	a5 | a6: 6
	a4 | a6: 6
	a2 | a4 | a6: 5
	a4 | a5 | a6: 4
	a1 | a2: 4
	a1 | a4 | a5: 4
--------------
Threshold: 0,60
--------------
	a3 | a4 | a6: 16
	a1 | a2 | a4: 15
	a1 | a3 | a6: 14
	a2 | a4 | a6: 10
	a2 | a3 | a6: 8
	a3 | a5 | a6: 8
	a4 | a5 | a6: 6
	a1 | a2 | a6: 6
	a1 | a2 | a4 | a5: 5
	a1 | a3 | a4 | a6: 4
	a1 | a5 | a6: 4
--------------
Threshold: 0,70
--------------
	a1 | a2 | a4 | a6: 18
	a2 | a3 | a4 | a6: 15
	a1 | a3 | a4 | a6: 13
	a1 | a2 | a3 | a6: 12
	a1 | a3 | a5 | a6: 9
	a3 | a4 | a5 | a6: 8
	a1 | a2 | a6: 8
	a2 | a4 | a5 | a6: 7
	a1 | a2 | a4 | a5: 7
	a1 | a4 | a5 | a6: 6
	a1 | a3 | a6: 4
	a1 | a2 | a5: 4
	a2 | a4 | a6: 4
	a2 | a3 | a5 | a6: 4
--------------
Threshold: 0,80
--------------
	a1 | a2 | a4 | a5 | a6: 17
	a1 | a2 | a4 | a6: 16
	a2 | a3 | a4 | a5 | a6: 13
	a1 | a3 | a4 | a5 | a6: 11
	a1 | a2 | a3 | a6: 10
	a1 | a2 | a3 | a4 | a6: 10
	a1 | a3 | a4 | a6: 9
	a2 | a3 | a4 | a6: 8
	a1 | a2 | a5 | a6: 5
	a2 | a4 | a5 | a6: 4
	a3 | a4 | a5 | a6: 4
	a1 | a4 | a5 | a6: 4
*********************************************************************************
All potential concepts based on thresholds
	a3 a6 ~#~ a1 a4 ~#~ a5 a6 ~#~ a4 a6 ~#~ a1 a2 ~#~ a3 a4 ~#~ a2 a6 ~#~ a2 a3 ~#~ a2 a5 ~#~ a1 a6 ~#~ a1 a2 a4 ~#~ a3 a4 a6 ~#~ a1 a3 a6 ~#~ a3 a5 a6 ~#~ a2 a3 a6 ~#~ a2 a5 a6 ~#~ a2 a4 a6 ~#~ a4 a5 a6 ~#~ a1 a4 a5 ~#~ a1 a2 a6 ~#~ a1 a2 a4 a5 ~#~ a1 a3 a4 a6 ~#~ a1 a5 a6 ~#~ a1 a2 a4 a6 ~#~ a2 a3 a4 a6 ~#~ a1 a2 a3 a6 ~#~ a1 a3 a5 a6 ~#~ a3 a4 a5 a6 ~#~ a2 a4 a5 a6 ~#~ a1 a4 a5 a6 ~#~ a1 a2 a5 ~#~ a2 a3 a5 a6 ~#~ a1 a2 a4 a5 a6 ~#~ a2 a3 a4 a5 a6 ~#~ a1 a3 a4 a5 a6 ~#~ a1 a2 a3 a4 a6 ~#~ a1 a2 a5 a6 ~#~ 
*********************************************************************************
We remove max(NOISE,minNoise) groups, NOISE=1.0% -> 2, minNoise=3 we remove groups of size 3. Tree SHAP num of expl. inst. 128 (fold 7). Explaining class: 1).
Lower threshold thrL: 0.1 upper threshold thrU: 0.8 with step: 0.1
								--------------
									Fold  7
								--------------
--------------
Threshold: 0,10
--------------
	a3: 52
	a4: 27
	a6: 22
	a2: 13
	a5: 10
	a1: 4
--------------
Threshold: 0,20
--------------
	a3: 50
	a4: 26
	a6: 22
	a5: 10
	a1 | a2: 7
	a1: 4
	a2 | a6: 4
--------------
Threshold: 0,30
--------------
	a3 | a4: 23
	a4 | a6: 19
	a1 | a3: 12
	a3 | a6: 10
	a2 | a4: 9
	a3: 7
	a1 | a2: 7
	a2 | a6: 7
	a4 | a5: 7
	a3 | a5: 6
	a5 | a6: 6
	a2 | a3: 5
	a1 | a4: 4
--------------
Threshold: 0,40
--------------
	a3 | a4: 28
	a4 | a6: 15
	a1 | a3: 12
	a1 | a2 | a4: 9
	a2 | a3: 9
	a3 | a6: 8
	a4 | a5: 7
	a3 | a5: 6
	a5 | a6: 6
	a2 | a4 | a6: 6
	a1 | a2 | a6: 6
	a1 | a4: 4
--------------
Threshold: 0,50
--------------
	a2 | a4 | a6: 18
	a1 | a3 | a4: 16
	a1 | a2 | a4: 12
	a2 | a3 | a4: 11
	a3 | a5 | a6: 10
	a1 | a3 | a6: 9
	a3 | a4: 9
	a1 | a2 | a6: 9
	a3 | a4 | a5: 5
	a4 | a5 | a6: 4
	a2 | a3 | a5: 4
--------------
Threshold: 0,60
--------------
	a2 | a3 | a4: 18
	a1 | a2 | a4 | a6: 14
	a1 | a3 | a4: 14
	a1 | a2 | a3 | a4: 14
	a1 | a3 | a6: 9
	a3 | a5 | a6: 8
	a2 | a3 | a5: 7
	a1 | a3 | a4 | a6: 6
	a2 | a3 | a4 | a6: 6
	a1 | a2 | a6: 6
	a3 | a4 | a5: 5
	a4 | a5 | a6: 4
	a1 | a2 | a3: 4
	a2 | a4 | a6: 4
--------------
Threshold: 0,70
--------------
	a1 | a2 | a3 | a4: 35
	a1 | a2 | a4 | a6: 21
	a1 | a3 | a4 | a6: 14
	a2 | a3 | a4 | a5: 10
	a1 | a3 | a5 | a6: 9
	a2 | a3 | a4 | a6: 7
	a2 | a3 | a5 | a6: 5
	a1 | a2 | a3 | a5: 4
--------------
Threshold: 0,80
--------------
	a1 | a2 | a3 | a4 | a6: 42
	a1 | a2 | a3 | a4 | a5: 16
	a1 | a2 | a3 | a4: 14
	a2 | a3 | a4 | a5: 10
	a1 | a2 | a3 | a5 | a6: 9
	a1 | a2 | a4 | a5 | a6: 8
	a1 | a3 | a4 | a5 | a6: 6
	a1 | a2 | a4 | a6: 5
	a2 | a3 | a5 | a6: 5
	a1 | a2 | a3 | a6: 4
*********************************************************************************
All potential concepts based on thresholds
	a1 a2 ~#~ a2 a6 ~#~ a3 a4 ~#~ a4 a6 ~#~ a1 a3 ~#~ a3 a6 ~#~ a2 a4 ~#~ a4 a5 ~#~ a3 a5 ~#~ a5 a6 ~#~ a2 a3 ~#~ a1 a4 ~#~ a1 a2 a4 ~#~ a2 a4 a6 ~#~ a1 a2 a6 ~#~ a1 a3 a4 ~#~ a2 a3 a4 ~#~ a3 a5 a6 ~#~ a1 a3 a6 ~#~ a3 a4 a5 ~#~ a4 a5 a6 ~#~ a2 a3 a5 ~#~ a1 a2 a4 a6 ~#~ a1 a2 a3 a4 ~#~ a1 a3 a4 a6 ~#~ a2 a3 a4 a6 ~#~ a1 a2 a3 ~#~ a2 a3 a4 a5 ~#~ a1 a3 a5 a6 ~#~ a2 a3 a5 a6 ~#~ a1 a2 a3 a5 ~#~ a1 a2 a3 a4 a6 ~#~ a1 a2 a3 a4 a5 ~#~ a1 a2 a3 a5 a6 ~#~ a1 a2 a4 a5 a6 ~#~ a1 a3 a4 a5 a6 ~#~ a1 a2 a3 a6 ~#~ 
*********************************************************************************
We remove max(NOISE,minNoise) groups, NOISE=1.0% -> 2, minNoise=3 we remove groups of size 3. Tree SHAP num of expl. inst. 128 (fold 8). Explaining class: 1).
Lower threshold thrL: 0.1 upper threshold thrU: 0.8 with step: 0.1
								--------------
									Fold  8
								--------------
--------------
Threshold: 0,10
--------------
	a6: 50
	a3: 38
	a1: 19
	a4: 17
	a2: 4
--------------
Threshold: 0,20
--------------
	a6: 50
	a3: 38
	a1: 19
	a4: 17
	a2: 4
--------------
Threshold: 0,30
--------------
	a6: 33
	a3 | a4: 23
	a1 | a4: 22
	a4 | a6: 14
	a1 | a6: 13
	a2 | a3: 7
	a1 | a3: 6
	a4: 4
	a2 | a5: 4
--------------
Threshold: 0,40
--------------
	a4 | a6: 38
	a1 | a4: 22
	a3 | a4: 21
	a1 | a6: 16
	a1 | a3: 6
	a6: 5
	a3 | a6: 5
	a3 | a4 | a6: 4
	a2 | a5: 4
	a2 | a3 | a4: 4
--------------
Threshold: 0,50
--------------
	a1 | a2 | a4: 22
	a1 | a4 | a6: 21
	a1 | a3 | a4: 17
	a3 | a4 | a6: 12
	a1 | a6: 11
	a2 | a4 | a6: 8
	a4 | a6: 7
	a1 | a3: 6
	a3 | a6: 5
	a2 | a5 | a6: 4
	a3 | a4 | a5: 4
	a2 | a3 | a4: 4
--------------
Threshold: 0,60
--------------
	a1 | a4 | a6: 32
	a1 | a3 | a4: 20
	a1 | a2 | a4 | a6: 14
	a3 | a4 | a6: 13
	a1 | a2 | a4 | a5: 8
	a2 | a4 | a6: 8
	a2 | a3 | a4 | a6: 7
	a1 | a2 | a6: 5
	a2 | a5 | a6: 4
	a1 | a3 | a4 | a6: 4
	a3 | a4 | a5: 4
--------------
Threshold: 0,70
--------------
	a1 | a2 | a4 | a6: 32
	a2 | a3 | a4 | a6: 23
	a1 | a3 | a4 | a6: 12
	a1 | a3 | a4 | a5: 9
	a1 | a2 | a4 | a5: 8
	a1 | a2 | a3 | a4: 8
	a1 | a3 | a4: 6
	a1 | a4 | a6: 6
	a1 | a2 | a6: 5
	a2 | a3 | a4 | a5: 4
	a2 | a3 | a5 | a6: 4
--------------
Threshold: 0,80
--------------
	a1 | a2 | a4 | a5 | a6: 26
	a1 | a2 | a3 | a4 | a6: 23
	a2 | a3 | a4 | a5 | a6: 16
	a1 | a2 | a4 | a6: 14
	a1 | a4 | a5 | a6: 10
	a1 | a2 | a3 | a4 | a5: 9
	a1 | a3 | a4 | a6: 6
	a1 | a2 | a3 | a4: 6
	a3 | a4 | a5 | a6: 5
	a1 | a2 | a5 | a6: 5
	a1 | a2 | a3 | a5 | a6: 4
	a1 | a3 | a4 | a5 | a6: 4
*********************************************************************************
All potential concepts based on thresholds
	a3 a4 ~#~ a1 a4 ~#~ a4 a6 ~#~ a1 a6 ~#~ a2 a3 ~#~ a1 a3 ~#~ a2 a5 ~#~ a3 a6 ~#~ a3 a4 a6 ~#~ a2 a3 a4 ~#~ a1 a2 a4 ~#~ a1 a4 a6 ~#~ a1 a3 a4 ~#~ a2 a4 a6 ~#~ a2 a5 a6 ~#~ a3 a4 a5 ~#~ a1 a2 a4 a6 ~#~ a1 a2 a4 a5 ~#~ a2 a3 a4 a6 ~#~ a1 a2 a6 ~#~ a1 a3 a4 a6 ~#~ a1 a3 a4 a5 ~#~ a1 a2 a3 a4 ~#~ a2 a3 a4 a5 ~#~ a2 a3 a5 a6 ~#~ a1 a2 a4 a5 a6 ~#~ a1 a2 a3 a4 a6 ~#~ a2 a3 a4 a5 a6 ~#~ a1 a4 a5 a6 ~#~ a1 a2 a3 a4 a5 ~#~ a3 a4 a5 a6 ~#~ a1 a2 a5 a6 ~#~ a1 a2 a3 a5 a6 ~#~ a1 a3 a4 a5 a6 ~#~ 
*********************************************************************************
We remove max(NOISE,minNoise) groups, NOISE=1.0% -> 2, minNoise=3 we remove groups of size 3. Tree SHAP num of expl. inst. 128 (fold 9). Explaining class: 1).
Lower threshold thrL: 0.1 upper threshold thrU: 0.8 with step: 0.1
								--------------
									Fold  9
								--------------
--------------
Threshold: 0,10
--------------
	a6: 52
	a3: 45
	a2: 15
	a4: 13
--------------
Threshold: 0,20
--------------
	a6: 52
	a3: 45
	a2: 14
	a4: 13
--------------
Threshold: 0,30
--------------
	a3: 28
	a6: 17
	a2 | a4: 17
	a2 | a6: 17
	a4 | a6: 10
	a3 | a6: 7
	a5 | a6: 7
	a3 | a4: 6
	a2 | a3: 6
	a3 | a5: 5
	a1 | a2: 4
--------------
Threshold: 0,40
--------------
	a2 | a6: 20
	a4 | a6: 18
	a3 | a4: 17
	a3 | a6: 13
	a2 | a4: 12
	a5 | a6: 10
	a2 | a3: 9
	a3: 8
	a3 | a5: 6
	a1 | a2 | a4: 5
	a1 | a2: 4
	a1 | a3: 4
--------------
Threshold: 0,50
--------------
	a1 | a2 | a4: 17
	a2 | a6: 12
	a3 | a4 | a6: 11
	a3 | a4: 10
	a3 | a6: 9
	a4 | a6: 9
	a2 | a3: 7
	a4 | a5 | a6: 6
	a3 | a5: 6
	a2 | a3 | a4: 6
	a2 | a5 | a6: 5
	a1 | a3: 5
	a5 | a6: 5
	a1 | a2 | a3: 4
--------------
Threshold: 0,60
--------------
	a3 | a4 | a6: 13
	a1 | a2 | a3 | a4: 11
	a2 | a4 | a6: 8
	a2 | a3 | a6: 7
	a1 | a4 | a6: 7
	a1 | a2 | a4: 7
	a1 | a3 | a6: 6
	a3 | a5 | a6: 6
	a4 | a5 | a6: 6
	a1 | a2 | a3: 6
	a2 | a3 | a4: 6
	a2 | a5 | a6: 5
	a3 | a4 | a5: 5
	a2 | a3 | a5: 5
	a1 | a2 | a4 | a5: 4
	a5 | a6: 4
--------------
Threshold: 0,70
--------------
	a1 | a2 | a3 | a4: 19
	a3 | a4 | a5 | a6: 14
	a1 | a3 | a4 | a6: 8
	a2 | a3 | a4 | a5: 8
	a1 | a2 | a4 | a6: 6
	a2 | a4 | a5 | a6: 6
	a1 | a3 | a5: 6
	a1 | a2 | a4 | a5: 4
	a1 | a3 | a6: 4
	a1 | a2 | a3 | a6: 4
	a2 | a4 | a6: 4
	a2 | a3 | a5 | a6: 4
	a2 | a3 | a4: 4
--------------
Threshold: 0,80
--------------
	a1 | a2 | a3 | a4 | a5: 27
	a3 | a4 | a5 | a6: 11
	a1 | a3 | a4 | a6: 9
	a1 | a2 | a3 | a4 | a6: 9
	a2 | a3 | a4 | a5 | a6: 9
	a1 | a3 | a4 | a5 | a6: 8
	a2 | a3 | a4 | a5: 8
	a1 | a2 | a3 | a5: 8
	a1 | a3 | a4 | a5: 7
	a2 | a3 | a4 | a6: 5
	a1 | a2 | a4 | a6: 4
*********************************************************************************
All potential concepts based on thresholds
	a2 a4 ~#~ a2 a6 ~#~ a4 a6 ~#~ a3 a6 ~#~ a5 a6 ~#~ a3 a4 ~#~ a2 a3 ~#~ a3 a5 ~#~ a1 a2 ~#~ a1 a2 a4 ~#~ a1 a3 ~#~ a3 a4 a6 ~#~ a4 a5 a6 ~#~ a2 a3 a4 ~#~ a2 a5 a6 ~#~ a1 a2 a3 ~#~ a1 a2 a3 a4 ~#~ a2 a4 a6 ~#~ a2 a3 a6 ~#~ a1 a4 a6 ~#~ a1 a3 a6 ~#~ a3 a5 a6 ~#~ a3 a4 a5 ~#~ a2 a3 a5 ~#~ a1 a2 a4 a5 ~#~ a3 a4 a5 a6 ~#~ a1 a3 a4 a6 ~#~ a2 a3 a4 a5 ~#~ a1 a2 a4 a6 ~#~ a2 a4 a5 a6 ~#~ a1 a3 a5 ~#~ a1 a2 a3 a6 ~#~ a2 a3 a5 a6 ~#~ a1 a2 a3 a4 a5 ~#~ a1 a2 a3 a4 a6 ~#~ a2 a3 a4 a5 a6 ~#~ a1 a3 a4 a5 a6 ~#~ a1 a2 a3 a5 ~#~ a1 a3 a4 a5 ~#~ a2 a3 a4 a6 ~#~ 
*********************************************************************************
We remove max(NOISE,minNoise) groups, NOISE=1.0% -> 2, minNoise=3 we remove groups of size 3. Tree SHAP num of expl. inst. 128 (fold 10). Explaining class: 1).
Lower threshold thrL: 0.1 upper threshold thrU: 0.8 with step: 0.1
								--------------
									Fold 10
								--------------
--------------
Threshold: 0,10
--------------
	a6: 48
	a3: 40
	a1: 18
	a2: 12
	a5: 10
--------------
Threshold: 0,20
--------------
	a6: 44
	a3: 40
	a1: 16
	a2: 12
	a5: 10
	a3 | a6: 4
--------------
Threshold: 0,30
--------------
	a6: 28
	a1 | a2: 26
	a1 | a3: 17
	a2 | a3: 12
	a3: 9
	a1 | a6: 9
	a3 | a6: 8
	a5: 4
	a1 | a5: 4
	a3 | a4: 4
--------------
Threshold: 0,40
--------------
	a1 | a2: 20
	a1 | a3: 20
	a1 | a6: 20
	a5 | a6: 14
	a2 | a3: 14
	a2 | a6: 10
	a3 | a4: 6
	a3 | a5: 5
	a1 | a5: 4
	a3 | a6: 4
	a1 | a2 | a4: 4
	a3 | a4 | a6: 4
--------------
Threshold: 0,50
--------------
	a1 | a2 | a4: 22
	a1 | a5 | a6: 16
	a1 | a3 | a4: 13
	a5 | a6: 12
	a1 | a2 | a3: 11
	a1 | a3 | a6: 7
	a1 | a3: 7
	a1 | a2 | a6: 6
	a2 | a6: 6
	a3 | a5 | a6: 5
	a1 | a6: 5
	a3 | a4 | a6: 4
	a2 | a3 | a4: 4
--------------
Threshold: 0,60
--------------
	a1 | a2 | a4: 16
	a1 | a3 | a4: 15
	a1 | a2 | a3: 14
	a1 | a5 | a6: 14
	a1 | a2 | a6: 12
	a1 | a3 | a6: 11
	a2 | a5 | a6: 10
	a1 | a2 | a3 | a4: 6
	a2 | a3 | a4: 6
	a4 | a5 | a6: 4
	a2 | a3 | a4 | a6: 4
--------------
Threshold: 0,70
--------------
	a1 | a2 | a3 | a4: 20
	a1 | a2 | a4 | a5: 16
	a1 | a2 | a5 | a6: 12
	a1 | a3 | a5 | a6: 11
	a2 | a4 | a5 | a6: 10
	a1 | a3 | a4 | a5: 9
	a1 | a2 | a4 | a6: 7
	a3 | a4 | a5 | a6: 7
	a1 | a2 | a3 | a5: 7
	a2 | a3 | a4 | a5: 6
	a1 | a3 | a4 | a6: 5
	a2 | a3 | a4 | a6: 4
	a1 | a4 | a5 | a6: 4
--------------
Threshold: 0,80
--------------
	a1 | a2 | a3 | a4 | a5: 35
	a1 | a2 | a4 | a5 | a6: 13
	a1 | a2 | a3 | a5 | a6: 11
	a1 | a3 | a4 | a5: 9
	a1 | a3 | a4 | a5 | a6: 9
	a1 | a2 | a4 | a6: 8
	a2 | a4 | a5 | a6: 8
	a3 | a4 | a5 | a6: 7
	a1 | a2 | a3 | a4 | a6: 7
	a1 | a3 | a4 | a6: 4
	a2 | a3 | a4 | a5 | a6: 4
*********************************************************************************
All potential concepts based on thresholds
	a3 a6 ~#~ a1 a2 ~#~ a1 a3 ~#~ a2 a3 ~#~ a1 a6 ~#~ a1 a5 ~#~ a3 a4 ~#~ a5 a6 ~#~ a2 a6 ~#~ a3 a5 ~#~ a1 a2 a4 ~#~ a3 a4 a6 ~#~ a1 a5 a6 ~#~ a1 a3 a4 ~#~ a1 a2 a3 ~#~ a1 a3 a6 ~#~ a1 a2 a6 ~#~ a3 a5 a6 ~#~ a2 a3 a4 ~#~ a2 a5 a6 ~#~ a1 a2 a3 a4 ~#~ a4 a5 a6 ~#~ a2 a3 a4 a6 ~#~ a1 a2 a4 a5 ~#~ a1 a2 a5 a6 ~#~ a1 a3 a5 a6 ~#~ a2 a4 a5 a6 ~#~ a1 a3 a4 a5 ~#~ a1 a2 a4 a6 ~#~ a3 a4 a5 a6 ~#~ a1 a2 a3 a5 ~#~ a2 a3 a4 a5 ~#~ a1 a3 a4 a6 ~#~ a1 a4 a5 a6 ~#~ a1 a2 a3 a4 a5 ~#~ a1 a2 a4 a5 a6 ~#~ a1 a2 a3 a5 a6 ~#~ a1 a3 a4 a5 a6 ~#~ a1 a2 a3 a4 a6 ~#~ a2 a3 a4 a5 a6 ~#~ 
*********************************************************************************
dataset: Spect heart.arff
We remove max(NOISE,minNoise) groups, NOISE=1.0% -> 1, minNoise=1 we remove groups of size 1. Tree SHAP num of expl. inst. 49 (fold 1). Explaining class: 0).
Lower threshold thrL: 0.1 upper threshold thrU: 0.8 with step: 0.1
								--------------
									Fold  1
								--------------
--------------
Threshold: 0,10
--------------
	F22: 35
	F20: 4
	F10: 4
	F13: 3
	F16: 3
--------------
Threshold: 0,20
--------------
	F13 | F22: 28
	F22: 8
	F10: 4
	F10 | F22: 2
	F20 | F22: 2
	F16: 2
	F20: 2
--------------
Threshold: 0,30
--------------
	F13 | F22: 28
	F20 | F22: 4
	F10 | F22: 3
	F22: 3
	F16 | F22: 2
	F10 | F16: 2
	F10 | F13: 2
--------------
Threshold: 0,40
--------------
	F10 | F13 | F22: 28
	F13 | F22: 5
	F13 | F20 | F22: 4
	F16 | F22: 2
	F3 | F13 | F22: 2
--------------
Threshold: 0,50
--------------
	F8 | F10 | F13 | F22: 21
	F10 | F13 | F22: 5
	F10 | F13 | F20 | F22: 4
	F8 | F13 | F22: 3
	F10 | F13 | F16 | F22: 2
	F3 | F10 | F13 | F22: 2
	F10 | F11 | F13 | F22: 2
	F10 | F16 | F22: 2
--------------
Threshold: 0,60
--------------
	F8 | F10 | F13 | F16 | F22: 21
	F10 | F13 | F16 | F20 | F22: 4
	F8 | F10 | F13 | F20 | F22: 3
	F8 | F13 | F16 | F22: 3
	F10 | F11 | F13 | F20 | F22: 2
	F3 | F4 | F10 | F13 | F22: 2
--------------
Threshold: 0,70
--------------
	F8 | F10 | F13 | F16 | F20 | F22: 27
	F8 | F10 | F13 | F16 | F22: 4
	F3 | F10 | F13 | F16 | F22: 2
	F3 | F10 | F13 | F16 | F20 | F22: 2
--------------
Threshold: 0,80
--------------
	F3 | F8 | F10 | F13 | F16 | F17 | F20 | F22: 23
	F8 | F10 | F13 | F16 | F17 | F20 | F22: 4
	F6 | F8 | F10 | F11 | F13 | F16 | F20 | F22: 2
	F8 | F10 | F11 | F12 | F13 | F16 | F20 | F22: 2
	F3 | F4 | F8 | F10 | F13 | F16 | F20 | F22: 2
	F3 | F10 | F13 | F16 | F20 | F22: 2
	F8 | F10 | F11 | F13 | F16 | F20 | F22: 2
*********************************************************************************
All potential concepts based on thresholds
	F13 F22 ~#~ F10 F22 ~#~ F20 F22 ~#~ F16 F22 ~#~ F10 F16 ~#~ F10 F13 ~#~ F10 F13 F22 ~#~ F13 F20 F22 ~#~ F3 F13 F22 ~#~ F8 F10 F13 F22 ~#~ F10 F13 F20 F22 ~#~ F8 F13 F22 ~#~ F10 F13 F16 F22 ~#~ F3 F10 F13 F22 ~#~ F10 F11 F13 F22 ~#~ F10 F16 F22 ~#~ F8 F10 F13 F16 F22 ~#~ F10 F13 F16 F20 F22 ~#~ F8 F10 F13 F20 F22 ~#~ F8 F13 F16 F22 ~#~ F10 F11 F13 F20 F22 ~#~ F3 F4 F10 F13 F22 ~#~ F8 F10 F13 F16 F20 F22 ~#~ F3 F10 F13 F16 F22 ~#~ F3 F10 F13 F16 F20 F22 ~#~ F3 F8 F10 F13 F16 F17 F20 F22 ~#~ F8 F10 F13 F16 F17 F20 F22 ~#~ F6 F8 F10 F11 F13 F16 F20 F22 ~#~ F8 F10 F11 F12 F13 F16 F20 F22 ~#~ F3 F4 F8 F10 F13 F16 F20 F22 ~#~ F8 F10 F11 F13 F16 F20 F22 ~#~ 
*********************************************************************************
We remove max(NOISE,minNoise) groups, NOISE=1.0% -> 1, minNoise=1 we remove groups of size 1. Tree SHAP num of expl. inst. 49 (fold 2). Explaining class: 0).
Lower threshold thrL: 0.1 upper threshold thrU: 0.8 with step: 0.1
								--------------
									Fold  2
								--------------
--------------
Threshold: 0,10
--------------
	F13: 42
	F22: 4
--------------
Threshold: 0,20
--------------
	F13: 31
	F13 | F20: 4
	F22: 4
	F11 | F13: 2
	F4 | F13: 2
	F10 | F13: 2
--------------
Threshold: 0,30
--------------
	F13 | F22: 28
	F10 | F13: 6
	F13 | F20: 5
	F11 | F13: 2
	F4 | F13: 2
	F22: 2
--------------
Threshold: 0,40
--------------
	F13 | F16 | F22: 20
	F13 | F22: 6
	F10 | F13 | F16: 5
	F13 | F20 | F22: 3
	F10 | F13 | F20: 2
	F4 | F13 | F22: 2
	F13 | F16 | F20: 2
	F10 | F13 | F22: 2
	F11 | F13 | F22: 2
--------------
Threshold: 0,50
--------------
	F10 | F13 | F16 | F22: 25
	F13 | F16 | F20 | F22: 4
	F13 | F20 | F22: 2
	F13 | F16 | F22: 2
	F13 | F21 | F22: 2
	F13 | F22: 2
	F10 | F13 | F16: 2
	F11 | F13 | F22: 2
--------------
Threshold: 0,60
--------------
	F10 | F13 | F16 | F17 | F22: 18
	F10 | F13 | F16 | F20 | F22: 6
	F13 | F16 | F20 | F22: 5
	F8 | F13 | F16 | F20 | F22: 2
	F13 | F16 | F22: 2
	F9 | F10 | F13 | F16 | F22: 2
--------------
Threshold: 0,70
--------------
	F10 | F13 | F16 | F17 | F20 | F22: 18
	F10 | F13 | F16 | F20 | F22: 4
	F1 | F10 | F13 | F16 | F17 | F20 | F22: 3
	F8 | F10 | F13 | F16 | F20 | F22: 2
	F8 | F13 | F16 | F20 | F22: 2
	F3 | F13 | F16 | F20 | F22: 2
	F9 | F10 | F13 | F16 | F17 | F20 | F22: 2
	F4 | F10 | F13 | F16 | F17 | F20 | F22: 2
--------------
Threshold: 0,80
--------------
	F4 | F8 | F10 | F13 | F16 | F17 | F20 | F22: 18
	F8 | F10 | F13 | F16 | F17 | F20 | F22: 5
	F1 | F8 | F10 | F11 | F13 | F16 | F17 | F20 | F22: 3
	F3 | F4 | F9 | F10 | F13 | F16 | F17 | F20 | F22: 2
	F3 | F10 | F13 | F16 | F20 | F22: 2
	F1 | F4 | F8 | F10 | F13 | F16 | F17 | F20 | F22: 2
	F8 | F10 | F11 | F13 | F16 | F17 | F20 | F22: 2
*********************************************************************************
All potential concepts based on thresholds
	F13 F20 ~#~ F11 F13 ~#~ F4 F13 ~#~ F10 F13 ~#~ F13 F22 ~#~ F13 F16 F22 ~#~ F10 F13 F16 ~#~ F13 F20 F22 ~#~ F10 F13 F20 ~#~ F4 F13 F22 ~#~ F13 F16 F20 ~#~ F10 F13 F22 ~#~ F11 F13 F22 ~#~ F10 F13 F16 F22 ~#~ F13 F16 F20 F22 ~#~ F13 F21 F22 ~#~ F10 F13 F16 F17 F22 ~#~ F10 F13 F16 F20 F22 ~#~ F8 F13 F16 F20 F22 ~#~ F9 F10 F13 F16 F22 ~#~ F10 F13 F16 F17 F20 F22 ~#~ F1 F10 F13 F16 F17 F20 F22 ~#~ F8 F10 F13 F16 F20 F22 ~#~ F3 F13 F16 F20 F22 ~#~ F9 F10 F13 F16 F17 F20 F22 ~#~ F4 F10 F13 F16 F17 F20 F22 ~#~ F4 F8 F10 F13 F16 F17 F20 F22 ~#~ F8 F10 F13 F16 F17 F20 F22 ~#~ F1 F8 F10 F11 F13 F16 F17 F20 F22 ~#~ F3 F4 F9 F10 F13 F16 F17 F20 F22 ~#~ F3 F10 F13 F16 F20 F22 ~#~ F1 F4 F8 F10 F13 F16 F17 F20 F22 ~#~ F8 F10 F11 F13 F16 F17 F20 F22 ~#~ 
*********************************************************************************
We remove max(NOISE,minNoise) groups, NOISE=1.0% -> 1, minNoise=1 we remove groups of size 1. Tree SHAP num of expl. inst. 49 (fold 3). Explaining class: 0).
Lower threshold thrL: 0.1 upper threshold thrU: 0.8 with step: 0.1
								--------------
									Fold  3
								--------------
--------------
Threshold: 0,10
--------------
	F13: 40
	F22: 5
	F11: 2
--------------
Threshold: 0,20
--------------
	F13: 37
	F22: 5
	F11: 2
	F10 | F13: 2
--------------
Threshold: 0,30
--------------
	F13 | F22: 28
	F10 | F13: 7
	F13 | F20: 3
	F22: 3
	F11 | F13: 2
	F4 | F13: 2
--------------
Threshold: 0,40
--------------
	F13 | F22: 30
	F10 | F13: 4
	F10 | F13 | F22: 3
	F11 | F13: 2
	F13 | F20 | F22: 2
	F13 | F16 | F22: 2
--------------
Threshold: 0,50
--------------
	F10 | F13 | F22: 27
	F13 | F20 | F22: 4
	F13 | F22: 4
	F4 | F13 | F22: 3
	F13 | F16 | F22: 3
	F11 | F13 | F22: 2
--------------
Threshold: 0,60
--------------
	F10 | F13 | F16 | F22: 22
	F10 | F13 | F20 | F22: 6
	F13 | F16 | F22: 3
	F10 | F13 | F16 | F20 | F22: 3
	F13 | F16 | F20 | F22: 3
	F10 | F11 | F13 | F20 | F22: 2
	F4 | F10 | F13 | F22: 2
--------------
Threshold: 0,70
--------------
	F10 | F11 | F13 | F16 | F20 | F22: 21
	F10 | F13 | F16 | F20 | F22: 6
	F8 | F13 | F16 | F20 | F22: 3
	F1 | F10 | F13 | F16 | F20 | F22: 3
	F10 | F11 | F13 | F20 | F22: 2
	F7 | F10 | F13 | F16 | F20 | F22: 2
	F6 | F10 | F13 | F16 | F20 | F22: 2
--------------
Threshold: 0,80
--------------
	F4 | F10 | F11 | F13 | F16 | F17 | F20 | F22: 20
	F1 | F10 | F11 | F13 | F16 | F20 | F22: 4
	F1 | F8 | F11 | F13 | F16 | F20 | F22: 3
	F3 | F4 | F8 | F10 | F13 | F16 | F20 | F22: 2
	F3 | F10 | F13 | F16 | F20 | F22: 2
*********************************************************************************
All potential concepts based on thresholds
	F10 F13 ~#~ F13 F22 ~#~ F13 F20 ~#~ F11 F13 ~#~ F4 F13 ~#~ F10 F13 F22 ~#~ F13 F20 F22 ~#~ F13 F16 F22 ~#~ F4 F13 F22 ~#~ F11 F13 F22 ~#~ F10 F13 F16 F22 ~#~ F10 F13 F20 F22 ~#~ F10 F13 F16 F20 F22 ~#~ F13 F16 F20 F22 ~#~ F10 F11 F13 F20 F22 ~#~ F4 F10 F13 F22 ~#~ F10 F11 F13 F16 F20 F22 ~#~ F8 F13 F16 F20 F22 ~#~ F1 F10 F13 F16 F20 F22 ~#~ F7 F10 F13 F16 F20 F22 ~#~ F6 F10 F13 F16 F20 F22 ~#~ F4 F10 F11 F13 F16 F17 F20 F22 ~#~ F1 F10 F11 F13 F16 F20 F22 ~#~ F1 F8 F11 F13 F16 F20 F22 ~#~ F3 F4 F8 F10 F13 F16 F20 F22 ~#~ F3 F10 F13 F16 F20 F22 ~#~ 
*********************************************************************************
We remove max(NOISE,minNoise) groups, NOISE=1.0% -> 1, minNoise=1 we remove groups of size 1. Tree SHAP num of expl. inst. 49 (fold 4). Explaining class: 0).
Lower threshold thrL: 0.1 upper threshold thrU: 0.8 with step: 0.1
								--------------
									Fold  4
								--------------
--------------
Threshold: 0,10
--------------
	F13: 46
	F20: 3
--------------
Threshold: 0,20
--------------
	F13: 46
	F20: 3
--------------
Threshold: 0,30
--------------
	F13: 39
	F13 | F20: 2
	F10 | F13: 2
--------------
Threshold: 0,40
--------------
	F13 | F22: 33
	F10 | F13: 4
	F13 | F20: 3
	F13: 2
	F4 | F13: 2
--------------
Threshold: 0,50
--------------
	F13 | F20 | F22: 25
	F13 | F22: 11
	F10 | F13 | F20: 4
	F4 | F13 | F22: 2
--------------
Threshold: 0,60
--------------
	F10 | F13 | F20 | F22: 26
	F13 | F22: 6
	F4 | F13 | F20 | F22: 3
	F13 | F20 | F22: 3
	F10 | F13 | F22: 2
	F7 | F13 | F22: 2
--------------
Threshold: 0,70
--------------
	F7 | F10 | F13 | F20 | F22: 21
	F13 | F20 | F22: 3
	F10 | F13 | F20 | F22: 3
	F1 | F10 | F13 | F20 | F22: 3
	F10 | F13 | F19 | F20 | F22: 2
	F7 | F13 | F20 | F22: 2
--------------
Threshold: 0,80
--------------
	F1 | F7 | F10 | F13 | F17 | F20 | F22: 23
	F1 | F7 | F13 | F17 | F20 | F22: 3
	F4 | F7 | F10 | F13 | F17 | F20 | F22: 2
*********************************************************************************
All potential concepts based on thresholds
	F13 F20 ~#~ F10 F13 ~#~ F13 F22 ~#~ F4 F13 ~#~ F13 F20 F22 ~#~ F10 F13 F20 ~#~ F4 F13 F22 ~#~ F10 F13 F20 F22 ~#~ F4 F13 F20 F22 ~#~ F10 F13 F22 ~#~ F7 F13 F22 ~#~ F7 F10 F13 F20 F22 ~#~ F1 F10 F13 F20 F22 ~#~ F10 F13 F19 F20 F22 ~#~ F7 F13 F20 F22 ~#~ F1 F7 F10 F13 F17 F20 F22 ~#~ F1 F7 F13 F17 F20 F22 ~#~ F4 F7 F10 F13 F17 F20 F22 ~#~ 
*********************************************************************************
We remove max(NOISE,minNoise) groups, NOISE=1.0% -> 1, minNoise=1 we remove groups of size 1. Tree SHAP num of expl. inst. 49 (fold 5). Explaining class: 0).
Lower threshold thrL: 0.1 upper threshold thrU: 0.8 with step: 0.1
								--------------
									Fold  5
								--------------
--------------
Threshold: 0,10
--------------
	F13: 40
	F11: 2
	F16: 2
	F10: 2
--------------
Threshold: 0,20
--------------
	F13: 34
	F13 | F20: 4
	F11: 2
	F8 | F13: 2
--------------
Threshold: 0,30
--------------
	F13 | F22: 29
	F10 | F13: 5
	F13 | F20: 4
	F13 | F16: 2
	F11 | F13: 2
	F7 | F13: 2
	F8 | F13: 2
--------------
Threshold: 0,40
--------------
	F10 | F13 | F22: 22
	F13 | F22: 4
	F13 | F20 | F22: 3
	F3 | F13 | F22: 3
	F10 | F13: 3
	F13 | F16 | F22: 2
	F8 | F13 | F22: 2
	F11 | F13 | F22: 2
--------------
Threshold: 0,50
--------------
	F10 | F13 | F16 | F22: 20
	F10 | F13 | F16: 4
	F10 | F13 | F20 | F22: 3
	F3 | F8 | F13 | F22: 3
	F8 | F13 | F22: 3
	F10 | F11 | F13 | F22: 2
--------------
Threshold: 0,60
--------------
	F8 | F10 | F13 | F16 | F22: 24
	F10 | F13 | F16 | F20 | F22: 3
	F8 | F13 | F16 | F22: 3
	F3 | F8 | F10 | F13 | F22: 2
--------------
Threshold: 0,70
--------------
	F8 | F10 | F13 | F16 | F17 | F21 | F22: 20
	F8 | F10 | F13 | F16 | F21 | F22: 8
	F3 | F8 | F10 | F13 | F16 | F22: 4
	F8 | F10 | F13 | F16 | F20 | F22: 3
	F7 | F10 | F11 | F13 | F21 | F22: 2
--------------
Threshold: 0,80
--------------
	F7 | F8 | F10 | F13 | F16 | F17 | F21 | F22: 20
	F8 | F10 | F13 | F16 | F17 | F20 | F21 | F22: 9
	F3 | F8 | F10 | F13 | F16 | F20 | F22: 5
	F7 | F10 | F11 | F13 | F17 | F20 | F21 | F22: 2
	F8 | F10 | F13 | F16 | F20 | F21 | F22: 2
*********************************************************************************
All potential concepts based on thresholds
	F13 F20 ~#~ F8 F13 ~#~ F13 F22 ~#~ F10 F13 ~#~ F13 F16 ~#~ F11 F13 ~#~ F7 F13 ~#~ F10 F13 F22 ~#~ F13 F20 F22 ~#~ F3 F13 F22 ~#~ F13 F16 F22 ~#~ F8 F13 F22 ~#~ F11 F13 F22 ~#~ F10 F13 F16 F22 ~#~ F10 F13 F16 ~#~ F10 F13 F20 F22 ~#~ F3 F8 F13 F22 ~#~ F10 F11 F13 F22 ~#~ F8 F10 F13 F16 F22 ~#~ F10 F13 F16 F20 F22 ~#~ F8 F13 F16 F22 ~#~ F3 F8 F10 F13 F22 ~#~ F8 F10 F13 F16 F17 F21 F22 ~#~ F8 F10 F13 F16 F21 F22 ~#~ F3 F8 F10 F13 F16 F22 ~#~ F8 F10 F13 F16 F20 F22 ~#~ F7 F10 F11 F13 F21 F22 ~#~ F7 F8 F10 F13 F16 F17 F21 F22 ~#~ F8 F10 F13 F16 F17 F20 F21 F22 ~#~ F3 F8 F10 F13 F16 F20 F22 ~#~ F7 F10 F11 F13 F17 F20 F21 F22 ~#~ F8 F10 F13 F16 F20 F21 F22 ~#~ 
*********************************************************************************
We remove max(NOISE,minNoise) groups, NOISE=1.0% -> 1, minNoise=3 we remove groups of size 3. Tree SHAP num of expl. inst. 50 (fold 6). Explaining class: 0).
Lower threshold thrL: 0.1 upper threshold thrU: 0.8 with step: 0.1
								--------------
									Fold  6
								--------------
--------------
Threshold: 0,10
--------------
	F13: 40
	F10: 4
--------------
Threshold: 0,20
--------------
	F13: 35
--------------
Threshold: 0,30
--------------
	F13 | F22: 32
--------------
Threshold: 0,40
--------------
	F13 | F16 | F22: 22
	F13 | F22: 7
	F10 | F13 | F22: 4
--------------
Threshold: 0,50
--------------
	F10 | F13 | F16 | F22: 20
	F13 | F16 | F22: 5
	F13 | F16 | F20 | F22: 5
--------------
Threshold: 0,60
--------------
	F10 | F13 | F16 | F20 | F22: 23
	F8 | F13 | F16 | F22: 4
--------------
Threshold: 0,70
--------------
	F10 | F11 | F13 | F16 | F20 | F22: 22
	F10 | F11 | F13 | F16 | F17 | F20 | F22: 4
--------------
Threshold: 0,80
--------------
	F8 | F10 | F11 | F13 | F16 | F17 | F20 | F22: 18
	F8 | F10 | F11 | F13 | F16 | F20 | F22: 6
*********************************************************************************
All potential concepts based on thresholds
	F13 F22 ~#~ F13 F16 F22 ~#~ F10 F13 F22 ~#~ F10 F13 F16 F22 ~#~ F13 F16 F20 F22 ~#~ F10 F13 F16 F20 F22 ~#~ F8 F13 F16 F22 ~#~ F10 F11 F13 F16 F20 F22 ~#~ F10 F11 F13 F16 F17 F20 F22 ~#~ F8 F10 F11 F13 F16 F17 F20 F22 ~#~ F8 F10 F11 F13 F16 F20 F22 ~#~ 
*********************************************************************************
We remove max(NOISE,minNoise) groups, NOISE=1.0% -> 1, minNoise=3 we remove groups of size 3. Tree SHAP num of expl. inst. 50 (fold 7). Explaining class: 0).
Lower threshold thrL: 0.1 upper threshold thrU: 0.8 with step: 0.1
								--------------
									Fold  7
								--------------
--------------
Threshold: 0,10
--------------
	F13: 41
	F22: 5
--------------
Threshold: 0,20
--------------
	F13: 38
	F22: 4
--------------
Threshold: 0,30
--------------
	F13 | F22: 34
	F10 | F13: 5
--------------
Threshold: 0,40
--------------
	F13 | F16 | F22: 26
	F13 | F22: 7
--------------
Threshold: 0,50
--------------
	F10 | F13 | F16 | F22: 22
	F13 | F16 | F22: 4
--------------
Threshold: 0,60
--------------
	F1 | F10 | F13 | F16 | F22: 24
	F8 | F13 | F16 | F22: 4
--------------
Threshold: 0,70
--------------
	F1 | F8 | F10 | F13 | F16 | F22: 23
	F1 | F8 | F13 | F16 | F22: 4
--------------
Threshold: 0,80
--------------
	F1 | F8 | F10 | F11 | F13 | F16 | F20 | F22: 24
	F1 | F8 | F11 | F13 | F16 | F17 | F22: 4
*********************************************************************************
All potential concepts based on thresholds
	F13 F22 ~#~ F10 F13 ~#~ F13 F16 F22 ~#~ F10 F13 F16 F22 ~#~ F1 F10 F13 F16 F22 ~#~ F8 F13 F16 F22 ~#~ F1 F8 F10 F13 F16 F22 ~#~ F1 F8 F13 F16 F22 ~#~ F1 F8 F10 F11 F13 F16 F20 F22 ~#~ F1 F8 F11 F13 F16 F17 F22 ~#~ 
*********************************************************************************
We remove max(NOISE,minNoise) groups, NOISE=1.0% -> 1, minNoise=3 we remove groups of size 3. Tree SHAP num of expl. inst. 50 (fold 8). Explaining class: 0).
Lower threshold thrL: 0.1 upper threshold thrU: 0.8 with step: 0.1
								--------------
									Fold  8
								--------------
--------------
Threshold: 0,10
--------------
	F13: 47
--------------
Threshold: 0,20
--------------
	F13: 47
--------------
Threshold: 0,30
--------------
	F13 | F16: 23
	F13 | F22: 8
	F10 | F13: 7
	F13: 6
--------------
Threshold: 0,40
--------------
	F13 | F16: 23
	F13 | F22: 7
	F10 | F13: 7
	F8 | F13: 6
--------------
Threshold: 0,50
--------------
	F13 | F16 | F22: 25
	F10 | F13 | F16: 7
	F8 | F13 | F16: 4
--------------
Threshold: 0,60
--------------
	F10 | F13 | F16 | F22: 23
	F8 | F13 | F16 | F22: 5
	F13 | F16 | F22: 4
	F10 | F11 | F13 | F16: 4
--------------
Threshold: 0,70
--------------
	F8 | F10 | F11 | F13 | F16 | F22: 19
	F10 | F11 | F13 | F16 | F22: 5
	F8 | F11 | F13 | F16 | F22: 4
	F10 | F11 | F13 | F16 | F20 | F22: 4
	F8 | F10 | F13 | F16 | F22: 4
--------------
Threshold: 0,80
--------------
	F1 | F8 | F10 | F11 | F13 | F16 | F22: 25
	F1 | F8 | F11 | F13 | F16 | F22: 4
*********************************************************************************
All potential concepts based on thresholds
	F13 F16 ~#~ F13 F22 ~#~ F10 F13 ~#~ F8 F13 ~#~ F13 F16 F22 ~#~ F10 F13 F16 ~#~ F8 F13 F16 ~#~ F10 F13 F16 F22 ~#~ F8 F13 F16 F22 ~#~ F10 F11 F13 F16 ~#~ F8 F10 F11 F13 F16 F22 ~#~ F10 F11 F13 F16 F22 ~#~ F8 F11 F13 F16 F22 ~#~ F10 F11 F13 F16 F20 F22 ~#~ F8 F10 F13 F16 F22 ~#~ F1 F8 F10 F11 F13 F16 F22 ~#~ F1 F8 F11 F13 F16 F22 ~#~ 
*********************************************************************************
We remove max(NOISE,minNoise) groups, NOISE=1.0% -> 1, minNoise=3 we remove groups of size 3. Tree SHAP num of expl. inst. 50 (fold 9). Explaining class: 0).
Lower threshold thrL: 0.1 upper threshold thrU: 0.8 with step: 0.1
								--------------
									Fold  9
								--------------
--------------
Threshold: 0,10
--------------
	F13: 37
	F22: 7
--------------
Threshold: 0,20
--------------
	F13: 33
	F22: 6
--------------
Threshold: 0,30
--------------
	F13 | F22: 34
	F10 | F13: 5
	F13 | F20: 4
--------------
Threshold: 0,40
--------------
	F10 | F13 | F22: 24
	F13 | F22: 6
	F13 | F20 | F22: 4
--------------
Threshold: 0,50
--------------
	F10 | F13 | F16 | F22: 21
	F13 | F16 | F22: 5
	F10 | F13 | F22: 5
	F13 | F20 | F22: 4
--------------
Threshold: 0,60
--------------
	F1 | F10 | F13 | F16 | F22: 21
	F1 | F10 | F13 | F22: 4
	F8 | F13 | F16 | F22: 4
--------------
Threshold: 0,70
--------------
	F1 | F10 | F13 | F16 | F20 | F22: 26
	F1 | F8 | F13 | F16 | F22: 4
--------------
Threshold: 0,80
--------------
	F1 | F8 | F10 | F13 | F16 | F17 | F20 | F22: 25
	F1 | F8 | F11 | F13 | F16 | F20 | F22: 4
	F1 | F10 | F11 | F13 | F16 | F20 | F22: 4
*********************************************************************************
All potential concepts based on thresholds
	F13 F22 ~#~ F10 F13 ~#~ F13 F20 ~#~ F10 F13 F22 ~#~ F13 F20 F22 ~#~ F10 F13 F16 F22 ~#~ F13 F16 F22 ~#~ F1 F10 F13 F16 F22 ~#~ F1 F10 F13 F22 ~#~ F8 F13 F16 F22 ~#~ F1 F10 F13 F16 F20 F22 ~#~ F1 F8 F13 F16 F22 ~#~ F1 F8 F10 F13 F16 F17 F20 F22 ~#~ F1 F8 F11 F13 F16 F20 F22 ~#~ F1 F10 F11 F13 F16 F20 F22 ~#~ 
*********************************************************************************
We remove max(NOISE,minNoise) groups, NOISE=1.0% -> 1, minNoise=3 we remove groups of size 3. Tree SHAP num of expl. inst. 50 (fold 10). Explaining class: 0).
Lower threshold thrL: 0.1 upper threshold thrU: 0.8 with step: 0.1
								--------------
									Fold 10
								--------------
--------------
Threshold: 0,10
--------------
	F13: 27
	F22: 7
	F10: 5
	F20: 4
--------------
Threshold: 0,20
--------------
	F10 | F13: 25
	F10: 5
	F22: 5
	F20: 4
--------------
Threshold: 0,30
--------------
	F10 | F13 | F22: 24
	F10 | F13: 5
	F10 | F20: 4
	F13 | F22: 4
--------------
Threshold: 0,40
--------------
	F10 | F13 | F20 | F22: 26
	F10 | F13 | F20: 5
	F13 | F22: 4
--------------
Threshold: 0,50
--------------
	F10 | F13 | F20 | F22: 23
	F10 | F13 | F20: 5
	F13 | F20 | F22: 4
	F8 | F10 | F13 | F20 | F22: 4
--------------
Threshold: 0,60
--------------
	F8 | F10 | F13 | F20 | F22: 26
--------------
Threshold: 0,70
--------------
	F8 | F10 | F13 | F16 | F20 | F21 | F22: 24
	F8 | F10 | F13 | F16 | F20 | F22: 9
	F8 | F10 | F13 | F20 | F21 | F22: 5
--------------
Threshold: 0,80
--------------
	F8 | F10 | F13 | F16 | F17 | F20 | F21 | F22: 27
	F8 | F10 | F13 | F16 | F20 | F21 | F22: 6
*********************************************************************************
All potential concepts based on thresholds
	F10 F13 ~#~ F10 F13 F22 ~#~ F10 F20 ~#~ F13 F22 ~#~ F10 F13 F20 F22 ~#~ F10 F13 F20 ~#~ F13 F20 F22 ~#~ F8 F10 F13 F20 F22 ~#~ F8 F10 F13 F16 F20 F21 F22 ~#~ F8 F10 F13 F16 F20 F22 ~#~ F8 F10 F13 F20 F21 F22 ~#~ F8 F10 F13 F16 F17 F20 F21 F22 ~#~ 
*********************************************************************************
dataset: Spectf heart.arff
We remove max(NOISE,minNoise) groups, NOISE=1.0% -> 1, minNoise=3 we remove groups of size 3. Tree SHAP num of expl. inst. 86 (fold 1). Explaining class: 1).
Lower threshold thrL: 0.1 upper threshold thrU: 0.8 with step: 0.1
								--------------
									Fold  1
								--------------
--------------
Threshold: 0,10
--------------
	V40: 46
	V33: 25
	V43: 4
--------------
Threshold: 0,20
--------------
	V33 | V40: 17
	V30 | V40: 10
	V26 | V40: 9
	V26 | V33: 6
	V10 | V33: 5
	V4 | V40: 5
	V40 | V43: 5
	V38 | V40: 4
--------------
Threshold: 0,30
--------------
	V10 | V33 | V40: 7
	V30 | V33 | V40: 6
	V33 | V40: 6
	V22 | V33 | V40: 4
	V26 | V30 | V40: 4
	V26 | V30 | V40 | V43: 4
--------------
Threshold: 0,40
--------------
--------------
Threshold: 0,50
--------------
--------------
Threshold: 0,60
--------------
--------------
Threshold: 0,70
--------------
--------------
Threshold: 0,80
--------------
*********************************************************************************
All potential concepts based on thresholds
	V33 V40 ~#~ V30 V40 ~#~ V26 V40 ~#~ V26 V33 ~#~ V10 V33 ~#~ V4 V40 ~#~ V40 V43 ~#~ V38 V40 ~#~ V10 V33 V40 ~#~ V30 V33 V40 ~#~ V22 V33 V40 ~#~ V26 V30 V40 ~#~ V26 V30 V40 V43 ~#~ 
*********************************************************************************
We remove max(NOISE,minNoise) groups, NOISE=1.0% -> 1, minNoise=3 we remove groups of size 3. Tree SHAP num of expl. inst. 86 (fold 2). Explaining class: 1).
Lower threshold thrL: 0.1 upper threshold thrU: 0.8 with step: 0.1
								--------------
									Fold  2
								--------------
--------------
Threshold: 0,10
--------------
	V40: 67
	V41: 5
--------------
Threshold: 0,20
--------------
	V40: 30
	V33 | V40: 17
	V38 | V40: 8
	V26 | V40: 6
	V40 | V41: 5
	V34 | V40: 4
--------------
Threshold: 0,30
--------------
	V33 | V40: 14
	V38 | V40: 8
	V34 | V40: 6
	V38 | V40 | V43: 5
	V10 | V33 | V40: 4
	V26 | V38 | V40: 4
	V33 | V40 | V41: 4
	V26 | V34 | V40: 4
--------------
Threshold: 0,40
--------------
	V26 | V33 | V40: 5
	V26 | V30 | V33 | V40: 4
--------------
Threshold: 0,50
--------------
--------------
Threshold: 0,60
--------------
--------------
Threshold: 0,70
--------------
--------------
Threshold: 0,80
--------------
*********************************************************************************
All potential concepts based on thresholds
	V33 V40 ~#~ V38 V40 ~#~ V26 V40 ~#~ V40 V41 ~#~ V34 V40 ~#~ V38 V40 V43 ~#~ V10 V33 V40 ~#~ V26 V38 V40 ~#~ V33 V40 V41 ~#~ V26 V34 V40 ~#~ V26 V33 V40 ~#~ V26 V30 V33 V40 ~#~ 
*********************************************************************************
We remove max(NOISE,minNoise) groups, NOISE=1.0% -> 1, minNoise=3 we remove groups of size 3. Tree SHAP num of expl. inst. 86 (fold 3). Explaining class: 1).
Lower threshold thrL: 0.1 upper threshold thrU: 0.8 with step: 0.1
								--------------
									Fold  3
								--------------
--------------
Threshold: 0,10
--------------
	V40: 57
	V33: 14
	V41: 4
--------------
Threshold: 0,20
--------------
	V40: 26
	V33 | V40: 20
	V38 | V40: 11
	V4 | V40: 5
	V33 | V34: 4
--------------
Threshold: 0,30
--------------
	V33 | V40: 20
	V34 | V40: 7
	V26 | V38 | V40: 6
	V4 | V34 | V40: 5
	V38 | V40: 5
--------------
Threshold: 0,40
--------------
	V33 | V34 | V40: 7
	V10 | V33 | V40: 5
	V10 | V26 | V38 | V40: 5
	V4 | V26 | V34 | V40: 5
	V6 | V33 | V40: 4
--------------
Threshold: 0,50
--------------
	V10 | V26 | V33 | V34 | V40: 5
	V4 | V6 | V26 | V33 | V34 | V40: 4
	V6 | V26 | V33 | V34 | V40: 4
	V4 | V6 | V26 | V34 | V40: 4
--------------
Threshold: 0,60
--------------
--------------
Threshold: 0,70
--------------
--------------
Threshold: 0,80
--------------
*********************************************************************************
All potential concepts based on thresholds
	V33 V40 ~#~ V38 V40 ~#~ V4 V40 ~#~ V33 V34 ~#~ V34 V40 ~#~ V26 V38 V40 ~#~ V4 V34 V40 ~#~ V33 V34 V40 ~#~ V10 V33 V40 ~#~ V10 V26 V38 V40 ~#~ V4 V26 V34 V40 ~#~ V6 V33 V40 ~#~ V10 V26 V33 V34 V40 ~#~ V4 V6 V26 V33 V34 V40 ~#~ V6 V26 V33 V34 V40 ~#~ V4 V6 V26 V34 V40 ~#~ 
*********************************************************************************
We remove max(NOISE,minNoise) groups, NOISE=1.0% -> 1, minNoise=3 we remove groups of size 3. Tree SHAP num of expl. inst. 86 (fold 4). Explaining class: 1).
Lower threshold thrL: 0.1 upper threshold thrU: 0.8 with step: 0.1
								--------------
									Fold  4
								--------------
--------------
Threshold: 0,10
--------------
	V40: 60
	V33: 16
	V41: 4
--------------
Threshold: 0,20
--------------
	V40: 25
	V33 | V40: 19
	V4 | V40: 6
	V10 | V33: 5
	V38 | V40: 4
	V33: 4
	V40 | V41: 4
--------------
Threshold: 0,30
--------------
	V33 | V40: 14
	V26 | V38 | V40: 5
	V4 | V40 | V41: 4
	V26 | V40: 4
	V34 | V40: 4
	V26 | V30 | V40: 4
--------------
Threshold: 0,40
--------------
	V30 | V33 | V40: 5
	V16 | V26 | V38 | V40: 5
--------------
Threshold: 0,50
--------------
--------------
Threshold: 0,60
--------------
--------------
Threshold: 0,70
--------------
--------------
Threshold: 0,80
--------------
*********************************************************************************
All potential concepts based on thresholds
	V33 V40 ~#~ V4 V40 ~#~ V10 V33 ~#~ V38 V40 ~#~ V40 V41 ~#~ V26 V38 V40 ~#~ V4 V40 V41 ~#~ V26 V40 ~#~ V34 V40 ~#~ V26 V30 V40 ~#~ V30 V33 V40 ~#~ V16 V26 V38 V40 ~#~ 
*********************************************************************************
We remove max(NOISE,minNoise) groups, NOISE=1.0% -> 1, minNoise=3 we remove groups of size 3. Tree SHAP num of expl. inst. 85 (fold 5). Explaining class: 1).
Lower threshold thrL: 0.1 upper threshold thrU: 0.8 with step: 0.1
								--------------
									Fold  5
								--------------
--------------
Threshold: 0,10
--------------
	V40: 58
	V33: 17
--------------
Threshold: 0,20
--------------
	V33 | V40: 19
	V40: 16
	V26 | V40: 9
	V10 | V33: 5
--------------
Threshold: 0,30
--------------
	V33 | V40: 16
	V26 | V40: 5
	V34 | V40: 4
	V16 | V26 | V40: 4
--------------
Threshold: 0,40
--------------
	V30 | V33 | V40: 7
	V22 | V33 | V40: 4
--------------
Threshold: 0,50
--------------
--------------
Threshold: 0,60
--------------
--------------
Threshold: 0,70
--------------
--------------
Threshold: 0,80
--------------
*********************************************************************************
All potential concepts based on thresholds
	V33 V40 ~#~ V26 V40 ~#~ V10 V33 ~#~ V34 V40 ~#~ V16 V26 V40 ~#~ V30 V33 V40 ~#~ V22 V33 V40 ~#~ 
*********************************************************************************
We remove max(NOISE,minNoise) groups, NOISE=1.0% -> 1, minNoise=3 we remove groups of size 3. Tree SHAP num of expl. inst. 85 (fold 6). Explaining class: 1).
Lower threshold thrL: 0.1 upper threshold thrU: 0.8 with step: 0.1
								--------------
									Fold  6
								--------------
--------------
Threshold: 0,10
--------------
	V40: 60
	V30: 10
	V41: 5
--------------
Threshold: 0,20
--------------
	V30 | V40: 20
	V33 | V40: 13
	V39 | V40: 7
	V4 | V40: 5
	V38 | V40: 4
--------------
Threshold: 0,30
--------------
	V30 | V38 | V40: 10
	V30 | V33 | V40: 6
	V10 | V39 | V40: 5
	V33 | V40: 5
	V22 | V33 | V40: 4
	V2 | V30 | V40: 4
	V30 | V34 | V40: 4
--------------
Threshold: 0,40
--------------
	V9 | V30 | V33 | V40: 4
--------------
Threshold: 0,50
--------------
--------------
Threshold: 0,60
--------------
--------------
Threshold: 0,70
--------------
--------------
Threshold: 0,80
--------------
*********************************************************************************
All potential concepts based on thresholds
	V30 V40 ~#~ V33 V40 ~#~ V39 V40 ~#~ V4 V40 ~#~ V38 V40 ~#~ V30 V38 V40 ~#~ V30 V33 V40 ~#~ V10 V39 V40 ~#~ V22 V33 V40 ~#~ V2 V30 V40 ~#~ V30 V34 V40 ~#~ V9 V30 V33 V40 ~#~ 
*********************************************************************************
We remove max(NOISE,minNoise) groups, NOISE=1.0% -> 1, minNoise=3 we remove groups of size 3. Tree SHAP num of expl. inst. 85 (fold 7). Explaining class: 1).
Lower threshold thrL: 0.1 upper threshold thrU: 0.8 with step: 0.1
								--------------
									Fold  7
								--------------
--------------
Threshold: 0,10
--------------
	V40: 65
	V33: 6
	V41: 6
	V26: 5
--------------
Threshold: 0,20
--------------
	V40: 23
	V33 | V40: 18
	V26 | V40: 15
	V26 | V33: 8
--------------
Threshold: 0,30
--------------
	V33 | V40: 14
	V26 | V40: 10
	V26 | V33 | V40: 9
	V26 | V30 | V40: 8
--------------
Threshold: 0,40
--------------
	V26 | V30 | V33 | V40: 6
	V10 | V26 | V33 | V40: 5
	V26 | V33 | V40: 5
	V10 | V26 | V38 | V40: 5
--------------
Threshold: 0,50
--------------
	V10 | V26 | V30 | V33 | V40: 7
--------------
Threshold: 0,60
--------------
--------------
Threshold: 0,70
--------------
--------------
Threshold: 0,80
--------------
*********************************************************************************
All potential concepts based on thresholds
	V33 V40 ~#~ V26 V40 ~#~ V26 V33 ~#~ V26 V33 V40 ~#~ V26 V30 V40 ~#~ V26 V30 V33 V40 ~#~ V10 V26 V33 V40 ~#~ V10 V26 V38 V40 ~#~ V10 V26 V30 V33 V40 ~#~ 
*********************************************************************************
We remove max(NOISE,minNoise) groups, NOISE=1.0% -> 1, minNoise=3 we remove groups of size 3. Tree SHAP num of expl. inst. 85 (fold 8). Explaining class: 1).
Lower threshold thrL: 0.1 upper threshold thrU: 0.8 with step: 0.1
								--------------
									Fold  8
								--------------
--------------
Threshold: 0,10
--------------
	V40: 54
	V33: 21
--------------
Threshold: 0,20
--------------
	V33 | V40: 25
	V39 | V40: 9
	V40: 9
	V26 | V40: 7
	V26 | V33: 6
--------------
Threshold: 0,30
--------------
	V33 | V40: 9
	V26 | V33 | V40: 6
	V30 | V33 | V40: 5
--------------
Threshold: 0,40
--------------
	V26 | V30 | V33 | V40: 6
--------------
Threshold: 0,50
--------------
--------------
Threshold: 0,60
--------------
--------------
Threshold: 0,70
--------------
--------------
Threshold: 0,80
--------------
*********************************************************************************
All potential concepts based on thresholds
	V33 V40 ~#~ V39 V40 ~#~ V26 V40 ~#~ V26 V33 ~#~ V26 V33 V40 ~#~ V30 V33 V40 ~#~ V26 V30 V33 V40 ~#~ 
*********************************************************************************
We remove max(NOISE,minNoise) groups, NOISE=1.0% -> 1, minNoise=3 we remove groups of size 3. Tree SHAP num of expl. inst. 85 (fold 9). Explaining class: 1).
Lower threshold thrL: 0.1 upper threshold thrU: 0.8 with step: 0.1
								--------------
									Fold  9
								--------------
--------------
Threshold: 0,10
--------------
	V40: 58
	V41: 10
	V33: 8
	V26: 5
--------------
Threshold: 0,20
--------------
	V33 | V40: 18
	V40: 15
	V26 | V40: 13
	V26 | V33: 6
	V41: 5
	V4 | V40: 4
	V40 | V41: 4
--------------
Threshold: 0,30
--------------
	V33 | V40: 13
	V26 | V38 | V40: 7
	V10 | V33 | V40: 4
	V26 | V34 | V40: 4
	V26 | V40: 4
--------------
Threshold: 0,40
--------------
	V26 | V33 | V34 | V40: 5
	V6 | V26 | V34 | V40: 4
	V6 | V26 | V33 | V40: 4
--------------
Threshold: 0,50
--------------
	V6 | V10 | V26 | V33 | V34 | V40: 4
--------------
Threshold: 0,60
--------------
--------------
Threshold: 0,70
--------------
--------------
Threshold: 0,80
--------------
*********************************************************************************
All potential concepts based on thresholds
	V33 V40 ~#~ V26 V40 ~#~ V26 V33 ~#~ V4 V40 ~#~ V40 V41 ~#~ V26 V38 V40 ~#~ V10 V33 V40 ~#~ V26 V34 V40 ~#~ V26 V33 V34 V40 ~#~ V6 V26 V34 V40 ~#~ V6 V26 V33 V40 ~#~ V6 V10 V26 V33 V34 V40 ~#~ 
*********************************************************************************
We remove max(NOISE,minNoise) groups, NOISE=1.0% -> 1, minNoise=3 we remove groups of size 3. Tree SHAP num of expl. inst. 86 (fold 10). Explaining class: 1).
Lower threshold thrL: 0.1 upper threshold thrU: 0.8 with step: 0.1
								--------------
									Fold 10
								--------------
--------------
Threshold: 0,10
--------------
	V40: 48
	V10: 8
	V33: 7
	V34: 4
--------------
Threshold: 0,20
--------------
	V26 | V40: 11
	V34 | V40: 11
	V33 | V40: 10
	V10 | V40: 8
	V6 | V40: 6
	V4 | V40: 5
--------------
Threshold: 0,30
--------------
	V10 | V33 | V40: 5
	V33 | V34 | V40: 5
	V30 | V33 | V40: 4
	V4 | V34 | V40: 4
	V6 | V34 | V40: 4
--------------
Threshold: 0,40
--------------
	V4 | V6 | V30 | V34 | V40: 4
	V4 | V6 | V26 | V34 | V40: 4
--------------
Threshold: 0,50
--------------
--------------
Threshold: 0,60
--------------
--------------
Threshold: 0,70
--------------
--------------
Threshold: 0,80
--------------
*********************************************************************************
All potential concepts based on thresholds
	V26 V40 ~#~ V34 V40 ~#~ V33 V40 ~#~ V10 V40 ~#~ V6 V40 ~#~ V4 V40 ~#~ V10 V33 V40 ~#~ V33 V34 V40 ~#~ V30 V33 V40 ~#~ V4 V34 V40 ~#~ V6 V34 V40 ~#~ V4 V6 V30 V34 V40 ~#~ V4 V6 V26 V34 V40 ~#~ 
*********************************************************************************
