dataset: rConcept.arff
--------------
Threshold: 0,10
--------------
	A2: 651
	A3: 201
	A4: 80
	A1: 66
--------------
Threshold: 0,20
--------------
	A2: 651
	A3: 201
	A4: 80
	A1: 66
--------------
Threshold: 0,30
--------------
	A2: 647
	A3: 198
	A4: 80
	A1: 65
--------------
Threshold: 0,40
--------------
	A2: 553
	A3: 143
	A2 | A3: 72
	A2 | A4: 46
	A1: 44
	A4: 42
	A1 | A2: 40
	A1 | A3: 31
	A3 | A4: 18
--------------
Threshold: 0,50
--------------
	A2: 358
	A2 | A3: 221
	A2 | A4: 125
	A1 | A2: 97
	A3: 62
	A1 | A3: 55
	A3 | A4: 33
	A1: 16
	A4: 13
	A1 | A4: 11
--------------
Threshold: 0,60
--------------
	A2 | A3: 307
	A2 | A4: 180
	A2: 176
	A1 | A2: 142
	A1 | A3: 70
	A3 | A4: 30
	A3: 23
	A2 | A3 | A4: 20
--------------
Threshold: 0,70
--------------
	A2 | A3: 280
	A2 | A4: 189
	A1 | A2: 132
	A1 | A2 | A3: 101
	A2 | A3 | A4: 81
	A2: 61
	A1 | A3: 54
	A1 | A2 | A4: 37
	A3 | A4: 16
	A1 | A3 | A4: 13
--------------
Threshold: 0,80
--------------
	A1 | A2 | A3: 255
	A2 | A3 | A4: 172
	A2 | A3: 140
	A2 | A4: 107
	A1 | A2 | A4: 83
	A1 | A2: 80
	A1 | A2 | A3 | A4: 34
	A1 | A3: 27
	A2 | A4 | A5: 16
	A1 | A3 | A4: 14
	A2 | A3 | A5: 11
*********************************************************************************
All potential concepts based on thresholds
	A2 A3 ~#~ A2 A4 ~#~ A1 A2 ~#~ A1 A3 ~#~ A3 A4 ~#~ A1 A4 ~#~ A2 A3 A4 ~#~ A1 A2 A3 ~#~ A1 A2 A4 ~#~ A1 A3 A4 ~#~ A1 A2 A3 A4 ~#~ A2 A4 A5 ~#~ A2 A3 A5 ~#~ 
*********************************************************************************
--------------
Threshold: 0,10
--------------
	A2: 623
	A3: 202
	A4: 96
	A1: 78
--------------
Threshold: 0,20
--------------
	A2: 623
	A3: 202
	A4: 96
	A1: 78
--------------
Threshold: 0,30
--------------
	A2: 617
	A3: 198
	A4: 91
	A1: 74
--------------
Threshold: 0,40
--------------
	A2: 522
	A3: 154
	A2 | A3: 63
	A2 | A4: 60
	A4: 53
	A1: 46
	A1 | A2: 45
	A1 | A3: 31
	A3 | A4: 17
--------------
Threshold: 0,50
--------------
	A2: 329
	A2 | A3: 210
	A2 | A4: 141
	A1 | A2: 102
	A1 | A3: 81
	A3: 60
	A3 | A4: 29
	A4: 15
	A1: 13
	A1 | A4: 13
--------------
Threshold: 0,60
--------------
	A2 | A3: 288
	A2 | A4: 212
	A2: 146
	A1 | A2: 141
	A1 | A3: 97
	A3 | A4: 26
	A2 | A3 | A4: 21
	A3: 14
	A1 | A2 | A4: 13
	A1 | A4: 12
--------------
Threshold: 0,70
--------------
	A2 | A3: 262
	A2 | A4: 193
	A1 | A2: 121
	A1 | A2 | A3: 103
	A1 | A3: 79
	A2 | A3 | A4: 66
	A1 | A2 | A4: 57
	A2: 55
	A1 | A3 | A4: 15
	A3 | A4: 12
--------------
Threshold: 0,80
--------------
	A1 | A2 | A3: 272
	A2 | A3 | A4: 140
	A2 | A3: 132
	A2 | A4: 95
	A1 | A2 | A4: 95
	A1 | A2: 67
	A1 | A2 | A3 | A4: 36
	A1 | A3: 33
	A1 | A3 | A4: 32
	A2 | A4 | A5: 25
	A1 | A2 | A4 | A5: 13
	A2: 11
	A2 | A3 | A4 | A5: 11
	A2 | A3 | A5: 11
*********************************************************************************
All potential concepts based on thresholds
	A2 A3 ~#~ A2 A4 ~#~ A1 A2 ~#~ A1 A3 ~#~ A3 A4 ~#~ A1 A4 ~#~ A2 A3 A4 ~#~ A1 A2 A4 ~#~ A1 A2 A3 ~#~ A1 A3 A4 ~#~ A1 A2 A3 A4 ~#~ A2 A4 A5 ~#~ A1 A2 A4 A5 ~#~ A2 A3 A4 A5 ~#~ A2 A3 A5 ~#~ 
*********************************************************************************
