dataset: cDisjunct.arff
--------------
Threshold: 0,10
--------------
	A1: 390
--------------
Threshold: 0,20
--------------
	A1: 390
--------------
Threshold: 0,30
--------------
	A1: 390
--------------
Threshold: 0,40
--------------
	A1: 385
	A1 | A3: 5
--------------
Threshold: 0,50
--------------
	A1 | A3: 356
	A1: 34
--------------
Threshold: 0,60
--------------
	A1 | A3: 389
--------------
Threshold: 0,70
--------------
	A1 | A3: 390
--------------
Threshold: 0,80
--------------
	A1 | A2 | A3: 199
	A1 | A3: 191
*********************************************************************************
All potential concepts based on thresholds
	A1 A3 ~#~ A1 A2 A3 ~#~ 
*********************************************************************************
--------------
Threshold: 0,10
--------------
	A1: 388
--------------
Threshold: 0,20
--------------
	A1: 388
--------------
Threshold: 0,30
--------------
	A1: 388
--------------
Threshold: 0,40
--------------
	A1: 378
	A1 | A3: 12
--------------
Threshold: 0,50
--------------
	A1 | A3: 350
	A1: 39
--------------
Threshold: 0,60
--------------
	A1 | A3: 388
--------------
Threshold: 0,70
--------------
	A1 | A3: 389
--------------
Threshold: 0,80
--------------
	A1 | A2 | A3: 244
	A1 | A3: 146
*********************************************************************************
All potential concepts based on thresholds
	A1 A3 ~#~ A1 A2 A3 ~#~ 
*********************************************************************************
--------------
Threshold: 0,10
--------------
	A1: 390
--------------
Threshold: 0,20
--------------
	A1: 390
--------------
Threshold: 0,30
--------------
	A1: 390
--------------
Threshold: 0,40
--------------
	A1: 385
	A1 | A3: 5
--------------
Threshold: 0,50
--------------
	A1 | A3: 349
	A1: 38
--------------
Threshold: 0,60
--------------
	A1 | A3: 385
	A1 | A2: 5
--------------
Threshold: 0,70
--------------
	A1 | A3: 385
	A1 | A2: 5
--------------
Threshold: 0,80
--------------
	A1 | A2 | A3: 204
	A1 | A3: 186
*********************************************************************************
All potential concepts based on thresholds
	A1 A3 ~#~ A1 A2 ~#~ A1 A2 A3 ~#~ 
*********************************************************************************
--------------
Threshold: 0,10
--------------
	A1: 390
--------------
Threshold: 0,20
--------------
	A1: 390
--------------
Threshold: 0,30
--------------
	A1: 390
--------------
Threshold: 0,40
--------------
	A1: 383
	A1 | A3: 7
--------------
Threshold: 0,50
--------------
	A1 | A3: 348
	A1: 42
--------------
Threshold: 0,60
--------------
	A1 | A3: 390
--------------
Threshold: 0,70
--------------
	A1 | A3: 390
--------------
Threshold: 0,80
--------------
	A1 | A2 | A3: 213
	A1 | A3: 177
*********************************************************************************
All potential concepts based on thresholds
	A1 A3 ~#~ A1 A2 A3 ~#~ 
*********************************************************************************
--------------
Threshold: 0,10
--------------
	A1: 385
	A3: 6
--------------
Threshold: 0,20
--------------
	A1: 385
	A3: 6
--------------
Threshold: 0,30
--------------
	A1: 385
	A3: 6
--------------
Threshold: 0,40
--------------
	A1: 378
	A1 | A3: 10
--------------
Threshold: 0,50
--------------
	A1 | A3: 358
	A1: 33
--------------
Threshold: 0,60
--------------
	A1 | A3: 390
--------------
Threshold: 0,70
--------------
	A1 | A3: 390
--------------
Threshold: 0,80
--------------
	A1 | A3: 204
	A1 | A2 | A3: 187
*********************************************************************************
All potential concepts based on thresholds
	A1 A3 ~#~ A1 A2 A3 ~#~ 
*********************************************************************************
--------------
Threshold: 0,10
--------------
	A1: 389
--------------
Threshold: 0,20
--------------
	A1: 389
--------------
Threshold: 0,30
--------------
	A1: 389
--------------
Threshold: 0,40
--------------
	A1: 380
	A1 | A3: 11
--------------
Threshold: 0,50
--------------
	A1 | A3: 345
	A1: 46
--------------
Threshold: 0,60
--------------
	A1 | A3: 391
--------------
Threshold: 0,70
--------------
	A1 | A3: 391
--------------
Threshold: 0,80
--------------
	A1 | A3: 211
	A1 | A2 | A3: 180
*********************************************************************************
All potential concepts based on thresholds
	A1 A3 ~#~ A1 A2 A3 ~#~ 
*********************************************************************************
--------------
Threshold: 0,10
--------------
	A1: 390
--------------
Threshold: 0,20
--------------
	A1: 390
--------------
Threshold: 0,30
--------------
	A1: 390
--------------
Threshold: 0,40
--------------
	A1: 383
	A1 | A3: 7
--------------
Threshold: 0,50
--------------
	A1 | A3: 359
	A1: 32
--------------
Threshold: 0,60
--------------
	A1 | A3: 391
--------------
Threshold: 0,70
--------------
	A1 | A3: 391
--------------
Threshold: 0,80
--------------
	A1 | A2 | A3: 202
	A1 | A3: 189
*********************************************************************************
All potential concepts based on thresholds
	A1 A3 ~#~ A1 A2 A3 ~#~ 
*********************************************************************************
--------------
Threshold: 0,10
--------------
	A1: 390
--------------
Threshold: 0,20
--------------
	A1: 390
--------------
Threshold: 0,30
--------------
	A1: 390
--------------
Threshold: 0,40
--------------
	A1: 389
--------------
Threshold: 0,50
--------------
	A1 | A3: 339
	A1: 51
--------------
Threshold: 0,60
--------------
	A1 | A3: 389
--------------
Threshold: 0,70
--------------
	A1 | A3: 390
--------------
Threshold: 0,80
--------------
	A1 | A2 | A3: 203
	A1 | A3: 188
*********************************************************************************
All potential concepts based on thresholds
	A1 A3 ~#~ A1 A2 A3 ~#~ 
*********************************************************************************
--------------
Threshold: 0,10
--------------
	A1: 390
--------------
Threshold: 0,20
--------------
	A1: 390
--------------
Threshold: 0,30
--------------
	A1: 390
--------------
Threshold: 0,40
--------------
	A1: 378
	A1 | A3: 13
--------------
Threshold: 0,50
--------------
	A1 | A3: 352
	A1: 39
--------------
Threshold: 0,60
--------------
	A1 | A3: 390
--------------
Threshold: 0,70
--------------
	A1 | A3: 391
--------------
Threshold: 0,80
--------------
	A1 | A2 | A3: 230
	A1 | A3: 161
*********************************************************************************
All potential concepts based on thresholds
	A1 A3 ~#~ A1 A2 A3 ~#~ 
*********************************************************************************
--------------
Threshold: 0,10
--------------
	A1: 389
--------------
Threshold: 0,20
--------------
	A1: 389
--------------
Threshold: 0,30
--------------
	A1: 389
--------------
Threshold: 0,40
--------------
	A1: 383
	A1 | A3: 7
--------------
Threshold: 0,50
--------------
	A1 | A3: 347
	A1: 44
--------------
Threshold: 0,60
--------------
	A1 | A3: 390
--------------
Threshold: 0,70
--------------
	A1 | A3: 391
--------------
Threshold: 0,80
--------------
	A1 | A2 | A3: 213
	A1 | A3: 178
*********************************************************************************
All potential concepts based on thresholds
	A1 A3 ~#~ A1 A2 A3 ~#~ 
*********************************************************************************
