dataset: cLogicalConcBEasy-uniqueSamples.arff
We remove max(NOISE,minNoise) groups, NOISE=0.0% -> 0, minNoise=0 we remove groups of size 0. Number of instances from class (0) is 43 (fold 1).
Lower threshold thrL: 0.1 upper threshold thrU: 0.8 with step: 0.1
								--------------
									Fold  1
								--------------
--------------
Threshold: 0,10
--------------
	A2: 20
	A4: 12
	A5: 11
	A3: 10
	A1: 4
--------------
Threshold: 0,20
--------------
	A2: 20
	A4: 12
	A5: 11
	A3: 10
	A1: 4
--------------
Threshold: 0,30
--------------
	A2: 17
	A4: 11
	A5: 10
	A3: 9
	A1: 4
	A4 | A5: 2
	A2 | A3: 1
	A2 | A4: 1
	A3 | A4: 1
	A2 | A5: 1
--------------
Threshold: 0,40
--------------
	A2: 10
	A2 | A3: 9
	A4 | A5: 9
	A3: 6
	A4: 5
	A5: 5
	A1: 4
	A1 | A4: 2
	A1 | A5: 2
	A3 | A4: 2
	A1 | A3: 1
	A2 | A4: 1
	A2 | A5: 1
--------------
Threshold: 0,50
--------------
	A2 | A3: 11
	A4 | A5: 9
	A2: 6
	A3: 5
	A4: 5
	A5: 5
	A1 | A2: 4
	A1 | A3: 3
	A1 | A5: 3
	A1 | A4: 2
	A3 | A4: 2
	A2 | A4: 1
	A2 | A5: 1
--------------
Threshold: 0,60
--------------
	A2 | A3: 14
	A4 | A5: 12
	A2 | A5: 3
	A1 | A2 | A5: 2
	A2 | A4 | A5: 2
	A2: 2
	A1 | A2: 2
	A1 | A3: 2
	A1 | A4: 2
	A2 | A3 | A5: 2
	A2 | A4: 2
	A1 | A5: 2
	A2 | A3 | A4: 2
	A3 | A5: 2
	A1 | A2 | A3: 1
	A1 | A2 | A4: 1
	A1 | A4 | A5: 1
	A3 | A4 | A5: 1
	A4: 1
	A3 | A4: 1
--------------
Threshold: 0,70
--------------
	A1 | A2 | A3: 9
	A2 | A3: 8
	A4 | A5: 8
	A1 | A4 | A5: 6
	A1 | A2 | A5: 5
	A2 | A5: 4
	A2 | A4 | A5: 3
	A2 | A3 | A5: 3
	A2 | A3 | A4: 3
	A1 | A2 | A4: 2
	A2 | A4: 2
	A3 | A5: 2
	A3 | A4 | A5: 1
	A3 | A4: 1
--------------
Threshold: 0,80
--------------
	A2 | A3 | A5: 11
	A2 | A4 | A5: 7
	A1 | A2 | A4 | A5: 6
	A2 | A3 | A4: 6
	A1 | A2 | A3: 5
	A1 | A2 | A3 | A5: 5
	A1 | A4 | A5: 5
	A3 | A4 | A5: 5
	A2 | A3 | A4 | A5: 4
	A1 | A2 | A3 | A4: 2
	A1 | A3 | A4 | A5: 1
We remove max(NOISE,minNoise) groups, NOISE=0.0% -> 0, minNoise=0 we remove groups of size 0. Number of instances from class (1) is 14 (fold 1).
Lower threshold thrL: 0.1 upper threshold thrU: 0.8 with step: 0.1
								--------------
									Fold  1
								--------------
--------------
Threshold: 0,10
--------------
	A2: 15
	A3: 13
	A4: 13
	A5: 12
	A1: 4
--------------
Threshold: 0,20
--------------
	A2: 15
	A3: 13
	A4: 13
	A5: 12
	A1: 4
--------------
Threshold: 0,30
--------------
	A2: 15
	A4: 12
	A5: 11
	A3: 9
	A1: 4
	A2 | A3: 2
	A3 | A5: 2
	A2 | A4: 1
	A4 | A5: 1
--------------
Threshold: 0,40
--------------
	A2 | A3: 10
	A2: 9
	A4 | A5: 9
	A3: 7
	A5: 7
	A4: 6
	A1: 2
	A1 | A4: 2
	A3 | A5: 2
	A1 | A2: 1
	A2 | A4: 1
	A1 | A5: 1
--------------
Threshold: 0,50
--------------
	A2 | A3: 11
	A4 | A5: 10
	A2: 6
	A3: 5
	A4: 5
	A5: 5
	A1 | A2: 5
	A1 | A4: 3
	A1 | A3: 2
	A1 | A5: 2
	A3 | A5: 2
	A2 | A4: 1
--------------
Threshold: 0,60
--------------
	A2 | A3: 15
	A4 | A5: 12
	A2 | A5: 3
	A1 | A2 | A3: 2
	A1 | A4 | A5: 2
	A2 | A4 | A5: 2
	A1 | A2: 2
	A1 | A3: 2
	A1 | A4: 2
	A2 | A3 | A5: 2
	A2 | A4: 2
	A1 | A5: 2
	A2 | A3 | A4: 2
	A3 | A5: 2
	A1 | A2 | A5: 1
	A1 | A2 | A4: 1
	A3 | A4 | A5: 1
	A2: 1
	A3 | A4: 1
--------------
Threshold: 0,70
--------------
	A1 | A2 | A3: 10
	A2 | A3: 10
	A1 | A4 | A5: 8
	A4 | A5: 7
	A2 | A4 | A5: 3
	A2 | A3 | A5: 3
	A2 | A5: 3
	A2 | A3 | A4: 3
	A1 | A2 | A5: 2
	A2 | A4: 2
	A3 | A5: 2
	A1 | A2 | A4: 1
	A1 | A3 | A5: 1
	A3 | A4 | A5: 1
	A3 | A4: 1
--------------
Threshold: 0,80
--------------
	A2 | A4 | A5: 9
	A2 | A3 | A5: 8
	A1 | A2 | A3: 6
	A1 | A2 | A4 | A5: 6
	A1 | A4 | A5: 6
	A2 | A3 | A4: 6
	A1 | A2 | A3 | A5: 4
	A3 | A4 | A5: 4
	A1 | A2 | A3 | A4: 3
	A2 | A3 | A4 | A5: 3
	A1 | A3 | A4 | A5: 1
	A2 | A3: 1
*********************************************************************************
All potential concepts based on thresholds
	A4 A5 ~#~ A2 A3 ~#~ A2 A4 ~#~ A3 A4 ~#~ A2 A5 ~#~ A1 A4 ~#~ A1 A5 ~#~ A1 A3 ~#~ A1 A2 ~#~ A1 A2 A5 ~#~ A2 A4 A5 ~#~ A2 A3 A5 ~#~ A2 A3 A4 ~#~ A3 A5 ~#~ A1 A2 A3 ~#~ A1 A2 A4 ~#~ A1 A4 A5 ~#~ A3 A4 A5 ~#~ A1 A2 A4 A5 ~#~ A1 A2 A3 A5 ~#~ A2 A3 A4 A5 ~#~ A1 A2 A3 A4 ~#~ A1 A3 A4 A5 ~#~ A1 A3 A5 ~#~ 
*********************************************************************************
We remove max(NOISE,minNoise) groups, NOISE=0.0% -> 0, minNoise=0 we remove groups of size 0. Number of instances from class (0) is 43 (fold 2).
Lower threshold thrL: 0.1 upper threshold thrU: 0.8 with step: 0.1
								--------------
									Fold  2
								--------------
--------------
Threshold: 0,10
--------------
	A4: 18
	A2: 14
	A5: 11
	A3: 10
	A1: 4
--------------
Threshold: 0,20
--------------
	A4: 18
	A2: 14
	A5: 11
	A3: 10
	A1: 4
--------------
Threshold: 0,30
--------------
	A2: 13
	A4: 13
	A5: 11
	A3: 10
	A1: 4
	A3 | A4: 2
	A4 | A5: 2
	A2 | A3: 1
	A2 | A4: 1
--------------
Threshold: 0,40
--------------
	A2 | A3: 9
	A4 | A5: 9
	A2: 7
	A4: 7
	A5: 7
	A3: 4
	A1: 3
	A1 | A2: 2
	A1 | A3: 2
	A1 | A4: 2
	A3 | A4: 2
	A2 | A4: 1
	A1 | A5: 1
	A3 | A5: 1
--------------
Threshold: 0,50
--------------
	A2 | A3: 9
	A4 | A5: 9
	A2: 6
	A4: 6
	A5: 6
	A3: 4
	A1 | A2: 4
	A1 | A4: 4
	A1 | A3: 2
	A1 | A5: 2
	A3 | A4: 2
	A3 | A4 | A5: 1
	A2 | A4: 1
	A3 | A5: 1
--------------
Threshold: 0,60
--------------
	A4 | A5: 16
	A2 | A3: 11
	A1 | A2 | A3: 4
	A2 | A3 | A4: 3
	A3 | A4 | A5: 2
	A1 | A2: 2
	A1 | A3: 2
	A1 | A4: 2
	A2 | A4: 2
	A1 | A5: 2
	A2 | A5: 2
	A3 | A4: 2
	A3 | A5: 2
	A1 | A3 | A4: 1
	A1 | A4 | A5: 1
	A2 | A4 | A5: 1
	A5: 1
	A2 | A3 | A5: 1
--------------
Threshold: 0,70
--------------
	A1 | A2 | A3: 11
	A4 | A5: 11
	A1 | A4 | A5: 9
	A2 | A3: 6
	A2 | A3 | A4: 3
	A2 | A4 | A5: 2
	A2 | A3 | A5: 2
	A2 | A4: 2
	A2 | A5: 2
	A3 | A4: 2
	A3 | A5: 2
	A1 | A3 | A4: 1
	A1 | A2 | A5: 1
	A1 | A2 | A4: 1
	A1 | A3 | A4 | A5: 1
	A3 | A4 | A5: 1
--------------
Threshold: 0,80
--------------
	A2 | A4 | A5: 8
	A1 | A2 | A3: 7
	A3 | A4 | A5: 7
	A2 | A3 | A5: 6
	A2 | A3 | A4: 6
	A1 | A2 | A3 | A4: 5
	A1 | A4 | A5: 5
	A1 | A3 | A4 | A5: 5
	A1 | A2 | A4 | A5: 4
	A2 | A3 | A4 | A5: 3
	A1 | A2 | A3 | A5: 1
We remove max(NOISE,minNoise) groups, NOISE=0.0% -> 0, minNoise=0 we remove groups of size 0. Number of instances from class (1) is 14 (fold 2).
Lower threshold thrL: 0.1 upper threshold thrU: 0.8 with step: 0.1
								--------------
									Fold  2
								--------------
--------------
Threshold: 0,10
--------------
	A4: 17
	A2: 15
	A3: 11
	A5: 10
	A1: 4
--------------
Threshold: 0,20
--------------
	A4: 17
	A2: 15
	A3: 11
	A5: 10
	A1: 4
--------------
Threshold: 0,30
--------------
	A4: 15
	A2: 14
	A3: 9
	A5: 9
	A1: 4
	A2 | A5: 2
	A3 | A4: 2
	A4 | A5: 2
--------------
Threshold: 0,40
--------------
	A2 | A3: 9
	A4 | A5: 9
	A4: 8
	A2: 7
	A5: 6
	A3: 5
	A1: 3
	A1 | A4: 2
	A1 | A5: 2
	A2 | A5: 2
	A3 | A4: 2
	A1 | A2: 1
	A1 | A3: 1
--------------
Threshold: 0,50
--------------
	A2 | A3: 9
	A4 | A5: 9
	A2: 6
	A4: 6
	A5: 6
	A1 | A4: 5
	A3: 4
	A1 | A2: 3
	A1 | A3: 2
	A1 | A5: 2
	A3 | A4: 2
	A3 | A4 | A5: 1
	A2 | A3 | A5: 1
	A2 | A5: 1
--------------
Threshold: 0,60
--------------
	A4 | A5: 15
	A2 | A3: 14
	A1 | A2: 3
	A2 | A4: 3
	A3 | A4: 3
	A3 | A4 | A5: 2
	A1 | A3: 2
	A1 | A4: 2
	A1 | A5: 2
	A2 | A3 | A4: 2
	A3 | A5: 2
	A1 | A3 | A4: 1
	A1 | A2 | A4: 1
	A1 | A4 | A5: 1
	A2 | A4 | A5: 1
	A4: 1
	A2 | A3 | A5: 1
	A2 | A5: 1
--------------
Threshold: 0,70
--------------
	A4 | A5: 9
	A1 | A2 | A3: 7
	A1 | A4 | A5: 7
	A2 | A3: 6
	A1 | A2 | A4: 4
	A2 | A4: 4
	A3 | A4 | A5: 3
	A2 | A3 | A5: 3
	A3 | A4: 3
	A1 | A3 | A4: 2
	A1 | A3 | A5: 2
	A2 | A3 | A4: 2
	A3 | A5: 2
	A1 | A2 | A5: 1
	A2 | A4 | A5: 1
	A2 | A5: 1
--------------
Threshold: 0,80
--------------
	A3 | A4 | A5: 8
	A1 | A2 | A3: 7
	A1 | A4 | A5: 6
	A2 | A4 | A5: 6
	A2 | A3 | A5: 6
	A2 | A3 | A4: 6
	A1 | A2 | A4 | A5: 5
	A1 | A3 | A4 | A5: 5
	A1 | A2 | A3 | A4: 4
	A1 | A2 | A3 | A5: 2
	A2 | A3 | A4 | A5: 2
*********************************************************************************
All potential concepts based on thresholds
	A3 A4 ~#~ A4 A5 ~#~ A2 A3 ~#~ A2 A4 ~#~ A1 A2 ~#~ A1 A3 ~#~ A1 A4 ~#~ A1 A5 ~#~ A3 A5 ~#~ A3 A4 A5 ~#~ A1 A2 A3 ~#~ A2 A3 A4 ~#~ A2 A5 ~#~ A1 A3 A4 ~#~ A1 A4 A5 ~#~ A2 A4 A5 ~#~ A2 A3 A5 ~#~ A1 A2 A5 ~#~ A1 A2 A4 ~#~ A1 A3 A4 A5 ~#~ A1 A2 A3 A4 ~#~ A1 A2 A4 A5 ~#~ A2 A3 A4 A5 ~#~ A1 A2 A3 A5 ~#~ A1 A3 A5 ~#~ 
*********************************************************************************
We remove max(NOISE,minNoise) groups, NOISE=0.0% -> 0, minNoise=0 we remove groups of size 0. Number of instances from class (0) is 43 (fold 3).
Lower threshold thrL: 0.1 upper threshold thrU: 0.8 with step: 0.1
								--------------
									Fold  3
								--------------
--------------
Threshold: 0,10
--------------
	A2: 18
	A4: 18
	A5: 12
	A3: 6
	A1: 3
--------------
Threshold: 0,20
--------------
	A2: 18
	A4: 18
	A5: 12
	A3: 6
	A1: 3
--------------
Threshold: 0,30
--------------
	A2: 16
	A4: 15
	A5: 11
	A3: 6
	A1: 3
	A2 | A4: 2
	A4 | A5: 2
	A3 | A4: 1
	A3 | A5: 1
--------------
Threshold: 0,40
--------------
	A4 | A5: 11
	A4: 9
	A2: 7
	A5: 7
	A2 | A3: 7
	A3: 5
	A1: 3
	A1 | A2: 2
	A2 | A4: 2
	A1 | A3: 1
	A1 | A5: 1
	A3 | A4: 1
	A3 | A5: 1
--------------
Threshold: 0,50
--------------
	A4 | A5: 12
	A2 | A3: 8
	A2: 6
	A4: 6
	A5: 6
	A3: 5
	A1 | A4: 4
	A1 | A5: 3
	A1 | A2: 2
	A2 | A4: 2
	A1 | A3: 1
	A2 | A3 | A5: 1
	A3 | A4: 1
--------------
Threshold: 0,60
--------------
	A4 | A5: 20
	A2 | A3: 16
	A1 | A4: 3
	A2 | A4: 3
	A2 | A4 | A5: 2
	A3 | A4 | A5: 2
	A1 | A2: 2
	A1 | A5: 2
	A2 | A3 | A4: 2
	A1 | A2 | A5: 1
	A1 | A3 | A4: 1
	A1 | A3: 1
	A2 | A3 | A5: 1
	A2 | A5: 1
--------------
Threshold: 0,70
--------------
	A4 | A5: 12
	A2 | A3: 9
	A1 | A4 | A5: 8
	A1 | A2 | A3: 7
	A1 | A3 | A4: 4
	A3 | A4 | A5: 4
	A1 | A2 | A5: 3
	A2 | A4: 3
	A2 | A4 | A5: 2
	A2 | A3 | A4: 2
	A1 | A2 | A3 | A5: 1
	A2 | A3 | A5: 1
	A2 | A5: 1
--------------
Threshold: 0,80
--------------
	A2 | A4 | A5: 8
	A1 | A4 | A5: 7
	A3 | A4 | A5: 7
	A2 | A3 | A4: 7
	A2 | A3 | A5: 6
	A1 | A2 | A3: 5
	A1 | A2 | A3 | A4: 5
	A1 | A3 | A4 | A5: 4
	A2 | A3 | A4 | A5: 4
	A1 | A2 | A3 | A5: 2
	A1 | A2 | A4 | A5: 1
	A1 | A2 | A5: 1
We remove max(NOISE,minNoise) groups, NOISE=0.0% -> 0, minNoise=0 we remove groups of size 0. Number of instances from class (1) is 14 (fold 3).
Lower threshold thrL: 0.1 upper threshold thrU: 0.8 with step: 0.1
								--------------
									Fold  3
								--------------
--------------
Threshold: 0,10
--------------
	A2: 17
	A4: 15
	A5: 13
	A3: 9
	A1: 3
--------------
Threshold: 0,20
--------------
	A2: 17
	A4: 15
	A5: 13
	A3: 9
	A1: 3
--------------
Threshold: 0,30
--------------
	A2: 14
	A4: 14
	A5: 12
	A3: 8
	A1: 3
	A4 | A5: 2
	A2 | A3: 1
	A2 | A4: 1
	A2 | A5: 1
	A3 | A5: 1
--------------
Threshold: 0,40
--------------
	A4 | A5: 11
	A2 | A3: 8
	A2: 7
	A4: 7
	A5: 7
	A3: 5
	A1: 2
	A1 | A2: 2
	A1 | A5: 2
	A2 | A5: 2
	A1 | A3: 1
	A1 | A4: 1
	A2 | A4: 1
	A3 | A5: 1
--------------
Threshold: 0,50
--------------
	A4 | A5: 11
	A2 | A3: 9
	A4: 6
	A5: 6
	A2: 5
	A1 | A5: 5
	A3: 4
	A2 | A5: 3
	A1 | A2: 2
	A1 | A4: 2
	A3 | A4 | A5: 1
	A1 | A3: 1
	A2 | A4: 1
	A2 | A3 | A4: 1
--------------
Threshold: 0,60
--------------
	A4 | A5: 20
	A2 | A3: 13
	A1 | A5: 3
	A2 | A4 | A5: 2
	A3 | A4 | A5: 2
	A1 | A2: 2
	A1 | A4: 2
	A2 | A3 | A4: 2
	A2 | A5: 2
	A3 | A4: 2
	A1 | A2 | A3: 1
	A1 | A4 | A5: 1
	A1 | A3 | A5: 1
	A1 | A3: 1
	A2 | A3 | A5: 1
	A2 | A4: 1
	A3 | A5: 1
--------------
Threshold: 0,70
--------------
	A4 | A5: 13
	A1 | A4 | A5: 9
	A2 | A3: 7
	A1 | A2 | A3: 5
	A1 | A2 | A4: 3
	A2 | A4 | A5: 3
	A2 | A3 | A5: 3
	A2 | A3 | A4: 3
	A1 | A3 | A5: 2
	A3 | A4 | A5: 2
	A3 | A4: 2
	A1 | A3 | A4: 1
	A1 | A2 | A5: 1
	A2 | A4: 1
	A2 | A5: 1
	A3 | A5: 1
--------------
Threshold: 0,80
--------------
	A2 | A4 | A5: 11
	A2 | A3 | A5: 7
	A2 | A3 | A4 | A5: 7
	A1 | A4 | A5: 6
	A2 | A3 | A4: 6
	A1 | A2 | A3: 5
	A1 | A2 | A4 | A5: 5
	A3 | A4 | A5: 4
	A1 | A3 | A4 | A5: 3
	A1 | A2 | A3 | A4: 2
	A1 | A2 | A4: 1
*********************************************************************************
All potential concepts based on thresholds
	A2 A4 ~#~ A4 A5 ~#~ A3 A4 ~#~ A3 A5 ~#~ A2 A3 ~#~ A1 A2 ~#~ A1 A3 ~#~ A1 A5 ~#~ A1 A4 ~#~ A2 A3 A5 ~#~ A2 A4 A5 ~#~ A3 A4 A5 ~#~ A2 A3 A4 ~#~ A1 A2 A5 ~#~ A1 A3 A4 ~#~ A2 A5 ~#~ A1 A4 A5 ~#~ A1 A2 A3 ~#~ A1 A2 A3 A5 ~#~ A1 A2 A3 A4 ~#~ A1 A3 A4 A5 ~#~ A2 A3 A4 A5 ~#~ A1 A2 A4 A5 ~#~ A1 A3 A5 ~#~ A1 A2 A4 ~#~ 
*********************************************************************************
We remove max(NOISE,minNoise) groups, NOISE=0.0% -> 0, minNoise=0 we remove groups of size 0. Number of instances from class (0) is 43 (fold 4).
Lower threshold thrL: 0.1 upper threshold thrU: 0.8 with step: 0.1
								--------------
									Fold  4
								--------------
--------------
Threshold: 0,10
--------------
	A3: 19
	A4: 13
	A5: 12
	A2: 9
	A1: 4
--------------
Threshold: 0,20
--------------
	A3: 19
	A4: 13
	A5: 12
	A2: 9
	A1: 4
--------------
Threshold: 0,30
--------------
	A3: 17
	A4: 13
	A5: 10
	A2: 6
	A1: 4
	A2 | A3: 2
	A2 | A4: 2
	A3 | A4: 1
	A2 | A5: 1
	A3 | A5: 1
--------------
Threshold: 0,40
--------------
	A2 | A3: 9
	A3: 8
	A4 | A5: 8
	A5: 7
	A2: 6
	A4: 6
	A1: 3
	A1 | A3: 2
	A1 | A4: 2
	A2 | A4: 2
	A1 | A2: 1
	A3 | A4: 1
	A2 | A5: 1
	A3 | A5: 1
--------------
Threshold: 0,50
--------------
	A2 | A3: 10
	A4 | A5: 8
	A3: 6
	A4: 6
	A5: 6
	A1 | A2: 5
	A2: 4
	A1 | A3: 3
	A1 | A4: 3
	A2 | A4: 2
	A2 | A4 | A5: 1
	A3 | A4 | A5: 1
	A1 | A5: 1
	A3 | A5: 1
--------------
Threshold: 0,60
--------------
	A4 | A5: 17
	A2 | A3: 16
	A1 | A3: 3
	A1 | A2 | A3: 2
	A2 | A4 | A5: 2
	A3 | A4 | A5: 2
	A1 | A2: 2
	A1 | A4: 2
	A2 | A3 | A5: 2
	A3 | A5: 2
	A1 | A2 | A5: 1
	A1 | A4 | A5: 1
	A5: 1
	A2 | A4: 1
	A1 | A5: 1
	A3 | A4: 1
	A2 | A3 | A4: 1
--------------
Threshold: 0,70
--------------
	A1 | A2 | A3: 10
	A2 | A3: 10
	A4 | A5: 10
	A1 | A4 | A5: 7
	A2 | A4 | A5: 4
	A1 | A2 | A5: 2
	A1 | A3 | A5: 2
	A3 | A4 | A5: 2
	A2 | A3 | A5: 2
	A2 | A3 | A4: 2
	A3 | A5: 2
	A1 | A2 | A4 | A5: 1
	A1 | A3 | A4: 1
	A2 | A4: 1
	A3 | A4: 1
--------------
Threshold: 0,80
--------------
	A1 | A2 | A3: 8
	A3 | A4 | A5: 8
	A2 | A4 | A5: 7
	A1 | A4 | A5: 6
	A2 | A3 | A4: 6
	A1 | A2 | A3 | A5: 5
	A2 | A3 | A5: 5
	A1 | A3 | A4 | A5: 4
	A2 | A3 | A4 | A5: 4
	A1 | A2 | A4 | A5: 2
	A1 | A2 | A5: 1
	A1 | A2 | A3 | A4: 1
We remove max(NOISE,minNoise) groups, NOISE=0.0% -> 0, minNoise=0 we remove groups of size 0. Number of instances from class (1) is 14 (fold 4).
Lower threshold thrL: 0.1 upper threshold thrU: 0.8 with step: 0.1
								--------------
									Fold  4
								--------------
--------------
Threshold: 0,10
--------------
	A3: 17
	A4: 15
	A5: 13
	A2: 8
	A1: 4
--------------
Threshold: 0,20
--------------
	A3: 17
	A4: 15
	A5: 13
	A2: 8
	A1: 4
--------------
Threshold: 0,30
--------------
	A3: 15
	A4: 13
	A5: 10
	A2: 8
	A1: 4
	A2 | A3: 2
	A4 | A5: 2
	A2 | A4: 1
	A2 | A5: 1
	A3 | A5: 1
--------------
Threshold: 0,40
--------------
	A2 | A3: 10
	A4 | A5: 10
	A3: 8
	A4: 6
	A5: 6
	A2: 5
	A1: 4
	A1 | A4: 2
	A1 | A2: 1
	A1 | A3: 1
	A1 | A5: 1
	A2 | A4: 1
	A2 | A5: 1
	A3 | A5: 1
--------------
Threshold: 0,50
--------------
	A2 | A3: 11
	A4 | A5: 9
	A3: 6
	A4: 6
	A5: 6
	A2: 4
	A1 | A3: 4
	A1 | A2: 3
	A2 | A4 | A5: 2
	A1 | A4: 2
	A1 | A5: 2
	A2 | A5: 1
	A3 | A5: 1
--------------
Threshold: 0,60
--------------
	A2 | A3: 17
	A4 | A5: 16
	A2 | A4 | A5: 3
	A1 | A3 | A5: 2
	A3 | A4 | A5: 2
	A1 | A2: 2
	A1 | A3: 2
	A1 | A4: 2
	A2 | A3 | A5: 2
	A1 | A2 | A3: 1
	A1 | A2 | A4: 1
	A1 | A4 | A5: 1
	A1 | A5: 1
	A2 | A4: 1
	A3 | A4: 1
	A2 | A3 | A4: 1
	A2 | A5: 1
	A3 | A5: 1
--------------
Threshold: 0,70
--------------
	A2 | A3: 11
	A4 | A5: 10
	A1 | A2 | A3: 9
	A1 | A4 | A5: 8
	A2 | A4 | A5: 4
	A2 | A3 | A5: 3
	A1 | A2 | A4: 2
	A1 | A3 | A5: 2
	A3 | A4 | A5: 2
	A1 | A3 | A4: 1
	A2 | A4: 1
	A3 | A4: 1
	A2 | A3 | A4: 1
	A2 | A5: 1
	A3 | A5: 1
--------------
Threshold: 0,80
--------------
	A1 | A2 | A3: 10
	A2 | A4 | A5: 8
	A3 | A4 | A5: 6
	A2 | A3 | A5: 6
	A1 | A2 | A3 | A5: 5
	A1 | A4 | A5: 5
	A2 | A3 | A4: 5
	A1 | A2 | A4 | A5: 3
	A1 | A2 | A3 | A4: 3
	A1 | A3 | A4 | A5: 3
	A2 | A3 | A4 | A5: 3
*********************************************************************************
All potential concepts based on thresholds
	A2 A3 ~#~ A2 A4 ~#~ A3 A4 ~#~ A2 A5 ~#~ A3 A5 ~#~ A4 A5 ~#~ A1 A3 ~#~ A1 A4 ~#~ A1 A2 ~#~ A2 A4 A5 ~#~ A3 A4 A5 ~#~ A1 A5 ~#~ A1 A2 A3 ~#~ A2 A3 A5 ~#~ A1 A2 A5 ~#~ A1 A4 A5 ~#~ A2 A3 A4 ~#~ A1 A3 A5 ~#~ A1 A2 A4 A5 ~#~ A1 A3 A4 ~#~ A1 A2 A3 A5 ~#~ A1 A3 A4 A5 ~#~ A2 A3 A4 A5 ~#~ A1 A2 A3 A4 ~#~ A1 A2 A4 ~#~ 
*********************************************************************************
We remove max(NOISE,minNoise) groups, NOISE=0.0% -> 0, minNoise=0 we remove groups of size 0. Number of instances from class (0) is 43 (fold 5).
Lower threshold thrL: 0.1 upper threshold thrU: 0.8 with step: 0.1
								--------------
									Fold  5
								--------------
--------------
Threshold: 0,10
--------------
	A3: 16
	A4: 16
	A2: 15
	A5: 8
	A1: 3
--------------
Threshold: 0,20
--------------
	A3: 16
	A4: 16
	A2: 15
	A5: 8
	A1: 3
--------------
Threshold: 0,30
--------------
	A3: 14
	A4: 14
	A2: 10
	A5: 8
	A2 | A3: 4
	A1: 3
	A2 | A4: 2
	A3 | A4: 1
	A3 | A5: 1
	A4 | A5: 1
--------------
Threshold: 0,40
--------------
	A2 | A3: 12
	A4 | A5: 8
	A3: 7
	A4: 7
	A2: 5
	A5: 4
	A1: 3
	A1 | A3: 3
	A1 | A4: 2
	A1 | A5: 2
	A2 | A4: 2
	A1 | A2: 1
	A3 | A4: 1
	A3 | A5: 1
--------------
Threshold: 0,50
--------------
	A2 | A3: 13
	A4 | A5: 9
	A3: 6
	A4: 6
	A2: 5
	A1 | A3: 5
	A5: 4
	A1 | A5: 3
	A1 | A4: 2
	A2 | A4: 2
	A3 | A4 | A5: 1
	A1 | A2: 1
	A3 | A4: 1
--------------
Threshold: 0,60
--------------
	A2 | A3: 19
	A4 | A5: 13
	A1 | A3: 4
	A2 | A4 | A5: 3
	A3 | A4 | A5: 2
	A1 | A4: 2
	A2 | A4: 2
	A1 | A5: 2
	A2 | A3 | A5: 2
	A3 | A4: 2
	A2 | A3 | A4: 2
	A3 | A5: 2
	A1 | A2 | A3: 1
	A1 | A3 | A5: 1
	A1 | A2: 1
--------------
Threshold: 0,70
--------------
	A2 | A3: 13
	A1 | A2 | A3: 8
	A1 | A4 | A5: 7
	A4 | A5: 7
	A2 | A4 | A5: 5
	A1 | A3 | A4: 4
	A2 | A3 | A5: 3
	A1 | A3 | A5: 2
	A3 | A4: 2
	A2 | A3 | A4: 2
	A3 | A5: 2
	A1 | A3 | A4 | A5: 1
	A3 | A4 | A5: 1
	A2 | A4: 1
--------------
Threshold: 0,80
--------------
	A1 | A2 | A3: 8
	A3 | A4 | A5: 7
	A2 | A3 | A5: 7
	A2 | A3 | A4: 7
	A2 | A4 | A5: 6
	A2 | A3 | A4 | A5: 6
	A1 | A4 | A5: 5
	A1 | A3 | A4 | A5: 5
	A1 | A2 | A3 | A4: 4
	A1 | A2 | A4 | A5: 1
	A1 | A2 | A3 | A5: 1
	A1 | A3 | A4: 1
We remove max(NOISE,minNoise) groups, NOISE=0.0% -> 0, minNoise=0 we remove groups of size 0. Number of instances from class (1) is 15 (fold 5).
Lower threshold thrL: 0.1 upper threshold thrU: 0.8 with step: 0.1
								--------------
									Fold  5
								--------------
--------------
Threshold: 0,10
--------------
	A3: 19
	A4: 17
	A2: 12
	A5: 7
	A1: 3
--------------
Threshold: 0,20
--------------
	A3: 19
	A4: 17
	A2: 12
	A5: 7
	A1: 3
--------------
Threshold: 0,30
--------------
	A3: 17
	A4: 16
	A2: 8
	A5: 6
	A1: 3
	A2 | A3: 3
	A2 | A4: 1
	A3 | A4: 1
	A2 | A5: 1
	A3 | A5: 1
	A4 | A5: 1
--------------
Threshold: 0,40
--------------
	A2 | A3: 11
	A3: 8
	A4 | A5: 8
	A4: 7
	A2: 6
	A5: 4
	A1 | A3: 3
	A1: 2
	A1 | A4: 2
	A1 | A5: 2
	A1 | A2: 1
	A2 | A4: 1
	A3 | A4: 1
	A2 | A5: 1
	A3 | A5: 1
--------------
Threshold: 0,50
--------------
	A2 | A3: 13
	A4 | A5: 9
	A3: 6
	A4: 6
	A2: 5
	A5: 4
	A1 | A3: 4
	A1 | A5: 3
	A1 | A2: 2
	A1 | A4: 2
	A2 | A4 | A5: 1
	A2 | A4: 1
	A3 | A4: 1
	A3 | A5: 1
--------------
Threshold: 0,60
--------------
	A2 | A3: 18
	A4 | A5: 13
	A1 | A3: 4
	A2 | A4 | A5: 3
	A2 | A4: 3
	A1 | A2 | A5: 2
	A3 | A4 | A5: 2
	A1 | A4: 2
	A1 | A5: 2
	A2 | A3 | A5: 2
	A3 | A4: 2
	A3: 1
	A1 | A2: 1
	A2 | A5: 1
	A2 | A3 | A4: 1
	A3 | A5: 1
--------------
Threshold: 0,70
--------------
	A2 | A3: 11
	A1 | A2 | A3: 6
	A1 | A4 | A5: 6
	A4 | A5: 6
	A1 | A3 | A4: 4
	A3 | A4 | A5: 4
	A2 | A4 | A5: 3
	A2 | A4: 3
	A2 | A3 | A5: 3
	A2 | A3 | A4: 3
	A1 | A2 | A5: 2
	A1 | A3 | A5: 2
	A3 | A4: 2
	A1 | A2 | A4: 1
	A2 | A5: 1
	A3 | A5: 1
--------------
Threshold: 0,80
--------------
	A2 | A3 | A4: 11
	A3 | A4 | A5: 8
	A1 | A2 | A3: 7
	A2 | A3 | A4 | A5: 7
	A1 | A4 | A5: 6
	A2 | A4 | A5: 5
	A2 | A3 | A5: 5
	A1 | A3 | A4 | A5: 4
	A1 | A2 | A4 | A5: 2
	A1 | A2 | A3 | A5: 2
	A1 | A3 | A4: 1
*********************************************************************************
All potential concepts based on thresholds
	A2 A3 ~#~ A2 A4 ~#~ A3 A4 ~#~ A3 A5 ~#~ A4 A5 ~#~ A1 A3 ~#~ A1 A4 ~#~ A1 A5 ~#~ A1 A2 ~#~ A3 A4 A5 ~#~ A2 A4 A5 ~#~ A2 A3 A5 ~#~ A2 A3 A4 ~#~ A1 A2 A3 ~#~ A1 A3 A5 ~#~ A1 A4 A5 ~#~ A1 A3 A4 ~#~ A1 A3 A4 A5 ~#~ A2 A3 A4 A5 ~#~ A1 A2 A3 A4 ~#~ A1 A2 A4 A5 ~#~ A1 A2 A3 A5 ~#~ A2 A5 ~#~ A1 A2 A5 ~#~ A1 A2 A4 ~#~ 
*********************************************************************************
We remove max(NOISE,minNoise) groups, NOISE=0.0% -> 0, minNoise=0 we remove groups of size 0. Number of instances from class (0) is 43 (fold 6).
Lower threshold thrL: 0.1 upper threshold thrU: 0.8 with step: 0.1
								--------------
									Fold  6
								--------------
--------------
Threshold: 0,10
--------------
	A4: 18
	A3: 16
	A5: 11
	A2: 9
	A1: 4
--------------
Threshold: 0,20
--------------
	A4: 18
	A3: 16
	A5: 11
	A2: 9
	A1: 4
--------------
Threshold: 0,30
--------------
	A4: 16
	A3: 15
	A5: 9
	A2: 7
	A1: 4
	A2 | A5: 3
	A2 | A3: 2
	A3 | A4: 1
	A4 | A5: 1
--------------
Threshold: 0,40
--------------
	A4 | A5: 11
	A2 | A3: 9
	A3: 7
	A4: 7
	A5: 6
	A2: 5
	A1: 3
	A2 | A5: 3
	A1 | A3: 2
	A1 | A4: 2
	A1 | A2: 1
	A1 | A5: 1
	A3 | A4: 1
--------------
Threshold: 0,50
--------------
	A4 | A5: 11
	A2 | A3: 10
	A3: 6
	A4: 6
	A2: 5
	A5: 5
	A1 | A4: 5
	A1 | A3: 3
	A2 | A5: 3
	A1 | A5: 2
	A1 | A2: 1
	A2 | A3 | A4: 1
--------------
Threshold: 0,60
--------------
	A2 | A3: 16
	A4 | A5: 14
	A1 | A3: 3
	A2 | A3 | A4: 3
	A1 | A4 | A5: 2
	A4: 2
	A1 | A4: 2
	A1 | A5: 2
	A2 | A3 | A5: 2
	A2 | A4: 2
	A3 | A4: 2
	A3 | A5: 2
	A1 | A3 | A4: 1
	A1 | A2 | A4: 1
	A2 | A4 | A5: 1
	A3 | A4 | A5: 1
	A1 | A2: 1
	A2 | A5: 1
--------------
Threshold: 0,70
--------------
	A2 | A3: 9
	A4 | A5: 9
	A1 | A2 | A3: 7
	A1 | A4 | A5: 7
	A1 | A3 | A4: 5
	A2 | A3 | A4: 3
	A1 | A3 | A5: 2
	A2 | A4 | A5: 2
	A3 | A4 | A5: 2
	A2 | A3 | A5: 2
	A2 | A4: 2
	A3 | A4: 2
	A3 | A5: 2
	A1 | A2 | A5: 1
	A1 | A2 | A4: 1
	A1 | A2 | A3 | A4: 1
	A2 | A5: 1
--------------
Threshold: 0,80
--------------
	A1 | A4 | A5: 9
	A1 | A2 | A3: 7
	A3 | A4 | A5: 7
	A2 | A3 | A4: 7
	A1 | A2 | A3 | A4: 6
	A2 | A4 | A5: 6
	A2 | A3 | A5: 5
	A1 | A3 | A4 | A5: 4
	A2 | A3 | A4 | A5: 4
	A1 | A2 | A3 | A5: 2
	A1 | A3 | A4: 1
We remove max(NOISE,minNoise) groups, NOISE=0.0% -> 0, minNoise=0 we remove groups of size 0. Number of instances from class (1) is 15 (fold 6).
Lower threshold thrL: 0.1 upper threshold thrU: 0.8 with step: 0.1
								--------------
									Fold  6
								--------------
--------------
Threshold: 0,10
--------------
	A4: 18
	A3: 14
	A2: 11
	A5: 11
	A1: 4
--------------
Threshold: 0,20
--------------
	A4: 18
	A3: 14
	A2: 11
	A5: 11
	A1: 4
--------------
Threshold: 0,30
--------------
	A4: 16
	A3: 14
	A2: 9
	A5: 9
	A1: 4
	A2 | A3: 2
	A4 | A5: 2
	A3 | A4: 1
	A3 | A5: 1
--------------
Threshold: 0,40
--------------
	A4 | A5: 12
	A2 | A3: 11
	A4: 7
	A3: 6
	A5: 6
	A2: 5
	A1: 4
	A1 | A3: 2
	A1 | A2: 1
	A1 | A4: 1
	A1 | A5: 1
	A3 | A4: 1
	A3 | A5: 1
--------------
Threshold: 0,50
--------------
	A4 | A5: 11
	A2 | A3: 10
	A3: 6
	A4: 6
	A2: 5
	A5: 5
	A1 | A3: 5
	A1 | A4: 3
	A1 | A5: 2
	A1 | A2 | A3: 1
	A2 | A4 | A5: 1
	A1 | A2: 1
	A3 | A4: 1
	A3 | A5: 1
--------------
Threshold: 0,60
--------------
	A4 | A5: 18
	A2 | A3: 16
	A1 | A3 | A4: 2
	A1 | A3: 2
	A1 | A4: 2
	A1 | A5: 2
	A2 | A3 | A4: 2
	A3 | A4: 2
	A3 | A5: 2
	A1 | A2 | A3: 1
	A1 | A2 | A4: 1
	A1 | A3 | A5: 1
	A2 | A4 | A5: 1
	A3 | A4 | A5: 1
	A4: 1
	A1 | A2: 1
	A2 | A3 | A5: 1
	A2 | A4: 1
	A2 | A5: 1
--------------
Threshold: 0,70
--------------
	A4 | A5: 10
	A1 | A4 | A5: 8
	A2 | A3: 8
	A1 | A2 | A3: 6
	A1 | A3 | A4: 4
	A3 | A4 | A5: 3
	A2 | A3 | A5: 3
	A3 | A4: 3
	A1 | A2 | A5: 2
	A1 | A3 | A5: 2
	A2 | A3 | A4: 2
	A3 | A5: 2
	A1 | A2 | A3 | A5: 1
	A1 | A2 | A4: 1
	A2 | A4 | A5: 1
	A2 | A4: 1
	A2 | A5: 1
--------------
Threshold: 0,80
--------------
	A2 | A3 | A5: 10
	A3 | A4 | A5: 9
	A1 | A4 | A5: 8
	A1 | A2 | A3: 6
	A2 | A4 | A5: 5
	A1 | A2 | A4 | A5: 4
	A2 | A3 | A4: 4
	A1 | A2 | A3 | A4: 3
	A1 | A3 | A4 | A5: 3
	A1 | A3 | A4: 2
	A1 | A2 | A3 | A5: 2
	A2 | A3 | A4 | A5: 2
*********************************************************************************
All potential concepts based on thresholds
	A2 A5 ~#~ A2 A3 ~#~ A3 A4 ~#~ A4 A5 ~#~ A1 A3 ~#~ A1 A4 ~#~ A1 A2 ~#~ A1 A5 ~#~ A2 A3 A4 ~#~ A1 A4 A5 ~#~ A2 A3 A5 ~#~ A2 A4 ~#~ A3 A5 ~#~ A1 A3 A4 ~#~ A1 A2 A4 ~#~ A2 A4 A5 ~#~ A3 A4 A5 ~#~ A1 A2 A3 ~#~ A1 A3 A5 ~#~ A1 A2 A5 ~#~ A1 A2 A3 A4 ~#~ A1 A3 A4 A5 ~#~ A2 A3 A4 A5 ~#~ A1 A2 A3 A5 ~#~ A1 A2 A4 A5 ~#~ 
*********************************************************************************
We remove max(NOISE,minNoise) groups, NOISE=0.0% -> 0, minNoise=0 we remove groups of size 0. Number of instances from class (0) is 43 (fold 7).
Lower threshold thrL: 0.1 upper threshold thrU: 0.8 with step: 0.1
								--------------
									Fold  7
								--------------
--------------
Threshold: 0,10
--------------
	A5: 19
	A2: 18
	A3: 10
	A4: 9
	A1: 2
--------------
Threshold: 0,20
--------------
	A5: 19
	A2: 18
	A3: 10
	A4: 9
	A1: 2
--------------
Threshold: 0,30
--------------
	A5: 15
	A2: 14
	A3: 9
	A4: 8
	A2 | A3: 3
	A2 | A5: 3
	A4 | A5: 3
	A1: 2
	A2 | A4: 1
--------------
Threshold: 0,40
--------------
	A4 | A5: 11
	A2 | A3: 10
	A2: 7
	A5: 7
	A3: 6
	A4: 5
	A1 | A5: 3
	A2 | A5: 3
	A1 | A2: 2
	A1: 1
	A1 | A3: 1
	A1 | A4: 1
	A2 | A4: 1
--------------
Threshold: 0,50
--------------
	A4 | A5: 10
	A2 | A3: 9
	A2: 6
	A5: 6
	A3: 5
	A1 | A5: 5
	A4: 4
	A2 | A5: 3
	A1 | A2: 2
	A1 | A3: 2
	A1 | A4: 2
	A2 | A3 | A4: 2
	A3 | A4 | A5: 1
	A2 | A4: 1
--------------
Threshold: 0,60
--------------
	A4 | A5: 12
	A2 | A3: 9
	A2 | A5: 4
	A1 | A2 | A3: 3
	A2 | A4 | A5: 3
	A2 | A3 | A5: 3
	A1 | A5: 3
	A2 | A3 | A4: 3
	A1 | A4 | A5: 2
	A3 | A4 | A5: 2
	A5: 2
	A1 | A2: 2
	A1 | A3: 2
	A1 | A4: 2
	A2 | A4: 2
	A3 | A5: 2
	A1 | A3 | A5: 1
	A3 | A4: 1
--------------
Threshold: 0,70
--------------
	A1 | A4 | A5: 9
	A4 | A5: 9
	A1 | A2 | A3: 7
	A2 | A3: 6
	A2 | A5: 4
	A1 | A3 | A5: 3
	A2 | A4 | A5: 3
	A3 | A4 | A5: 3
	A2 | A3 | A5: 3
	A2 | A3 | A4: 3
	A1 | A2 | A5: 2
	A2 | A4: 2
	A3 | A5: 2
	A1 | A2 | A3 | A4: 1
	A3 | A4: 1
--------------
Threshold: 0,80
--------------
	A1 | A2 | A3 | A5: 7
	A1 | A4 | A5: 7
	A2 | A4 | A5: 7
	A2 | A3 | A5: 7
	A2 | A3 | A4: 7
	A1 | A2 | A3: 5
	A1 | A2 | A4 | A5: 5
	A3 | A4 | A5: 5
	A2 | A3 | A4 | A5: 4
	A1 | A2 | A3 | A4: 2
	A1 | A2 | A5: 1
	A1 | A3 | A4 | A5: 1
We remove max(NOISE,minNoise) groups, NOISE=0.0% -> 0, minNoise=0 we remove groups of size 0. Number of instances from class (1) is 15 (fold 7).
Lower threshold thrL: 0.1 upper threshold thrU: 0.8 with step: 0.1
								--------------
									Fold  7
								--------------
--------------
Threshold: 0,10
--------------
	A5: 20
	A2: 15
	A3: 11
	A4: 10
	A1: 2
--------------
Threshold: 0,20
--------------
	A5: 20
	A2: 15
	A3: 11
	A4: 10
	A1: 2
--------------
Threshold: 0,30
--------------
	A5: 16
	A2: 14
	A3: 10
	A4: 8
	A4 | A5: 3
	A1: 2
	A2 | A4: 2
	A3 | A5: 2
	A3 | A4: 1
--------------
Threshold: 0,40
--------------
	A4 | A5: 11
	A5: 9
	A2 | A3: 8
	A2: 7
	A3: 5
	A4: 5
	A1: 2
	A1 | A2: 2
	A1 | A3: 2
	A2 | A4: 2
	A3 | A5: 2
	A1 | A4: 1
	A1 | A5: 1
	A3 | A4: 1
--------------
Threshold: 0,50
--------------
	A4 | A5: 13
	A2 | A3: 9
	A2: 6
	A5: 6
	A3: 5
	A4: 4
	A1 | A5: 4
	A1 | A2: 2
	A1 | A3: 2
	A1 | A4: 2
	A2 | A4: 2
	A3 | A5: 2
	A3 | A4: 1
--------------
Threshold: 0,60
--------------
	A2 | A3: 17
	A4 | A5: 16
	A2 | A4 | A5: 2
	A3 | A4 | A5: 2
	A1 | A2: 2
	A1 | A3: 2
	A1 | A4: 2
	A2 | A4: 2
	A1 | A5: 2
	A2 | A3 | A5: 2
	A2 | A3 | A4: 2
	A3 | A5: 2
	A1 | A2 | A5: 1
	A1 | A4 | A5: 1
	A5: 1
	A3 | A4: 1
	A2 | A5: 1
--------------
Threshold: 0,70
--------------
	A1 | A4 | A5: 9
	A2 | A3: 9
	A4 | A5: 9
	A1 | A2 | A3: 6
	A1 | A2 | A5: 5
	A3 | A4 | A5: 4
	A2 | A3 | A4: 4
	A2 | A3 | A5: 3
	A2 | A4 | A5: 2
	A2 | A4: 2
	A3 | A5: 2
	A1 | A3 | A5: 1
	A3 | A4: 1
	A2 | A5: 1
--------------
Threshold: 0,80
--------------
	A1 | A4 | A5: 8
	A2 | A3 | A4: 8
	A2 | A3 | A5: 7
	A1 | A2 | A3: 6
	A1 | A2 | A3 | A5: 6
	A2 | A4 | A5: 6
	A3 | A4 | A5: 6
	A1 | A3 | A4 | A5: 4
	A2 | A3 | A4 | A5: 4
	A1 | A2 | A4 | A5: 3
*********************************************************************************
All potential concepts based on thresholds
	A2 A3 ~#~ A2 A5 ~#~ A4 A5 ~#~ A2 A4 ~#~ A1 A5 ~#~ A1 A2 ~#~ A1 A3 ~#~ A1 A4 ~#~ A2 A3 A4 ~#~ A3 A4 A5 ~#~ A1 A2 A3 ~#~ A2 A4 A5 ~#~ A2 A3 A5 ~#~ A1 A4 A5 ~#~ A3 A5 ~#~ A1 A3 A5 ~#~ A3 A4 ~#~ A1 A2 A5 ~#~ A1 A2 A3 A4 ~#~ A1 A2 A3 A5 ~#~ A1 A2 A4 A5 ~#~ A2 A3 A4 A5 ~#~ A1 A3 A4 A5 ~#~ 
*********************************************************************************
We remove max(NOISE,minNoise) groups, NOISE=0.0% -> 0, minNoise=0 we remove groups of size 0. Number of instances from class (0) is 43 (fold 8).
Lower threshold thrL: 0.1 upper threshold thrU: 0.8 with step: 0.1
								--------------
									Fold  8
								--------------
--------------
Threshold: 0,10
--------------
	A3: 17
	A4: 15
	A5: 12
	A2: 10
	A1: 4
--------------
Threshold: 0,20
--------------
	A3: 17
	A4: 15
	A5: 12
	A2: 10
	A1: 4
--------------
Threshold: 0,30
--------------
	A3: 15
	A4: 15
	A5: 9
	A2: 8
	A1: 4
	A2 | A5: 2
	A3 | A5: 2
	A2 | A4: 1
	A3 | A4: 1
	A4 | A5: 1
--------------
Threshold: 0,40
--------------
	A4 | A5: 10
	A3: 8
	A4: 7
	A2 | A3: 6
	A2: 5
	A5: 5
	A1: 3
	A1 | A3: 3
	A1 | A4: 3
	A2 | A5: 2
	A3 | A5: 2
	A1 | A2: 1
	A2 | A4: 1
	A1 | A5: 1
	A3 | A4: 1
--------------
Threshold: 0,50
--------------
	A4 | A5: 12
	A2 | A3: 8
	A3: 6
	A4: 5
	A1 | A3: 5
	A2: 4
	A5: 4
	A1 | A4: 4
	A1 | A2: 2
	A1 | A5: 2
	A2 | A5: 2
	A3 | A5: 2
	A2 | A3 | A4: 1
	A3 | A4: 1
--------------
Threshold: 0,60
--------------
	A4 | A5: 15
	A2 | A3: 14
	A1 | A3: 4
	A1 | A3 | A4: 3
	A3 | A5: 3
	A2 | A4 | A5: 2
	A3 | A4 | A5: 2
	A1 | A2: 2
	A1 | A4: 2
	A2 | A3 | A5: 2
	A1 | A5: 2
	A2 | A3 | A4: 2
	A3 | A4: 2
	A1 | A4 | A5: 1
	A4: 1
	A2 | A5: 1
--------------
Threshold: 0,70
--------------
	A4 | A5: 9
	A2 | A3: 8
	A1 | A2 | A3: 7
	A1 | A4 | A5: 7
	A1 | A3 | A4: 6
	A2 | A3 | A5: 4
	A2 | A4 | A5: 3
	A3 | A4 | A5: 3
	A3 | A5: 3
	A1 | A3 | A5: 2
	A3 | A4: 2
	A1 | A2 | A5: 1
	A1 | A2 | A3 | A4: 1
	A2 | A5: 1
	A2 | A3 | A4: 1
--------------
Threshold: 0,80
--------------
	A1 | A3 | A4 | A5: 8
	A2 | A3 | A5: 8
	A1 | A2 | A3: 7
	A1 | A4 | A5: 7
	A3 | A4 | A5: 7
	A1 | A2 | A3 | A4: 5
	A2 | A4 | A5: 5
	A2 | A3 | A4: 4
	A2 | A3 | A4 | A5: 3
	A1 | A2 | A4 | A5: 2
	A1 | A2 | A3 | A5: 2
We remove max(NOISE,minNoise) groups, NOISE=0.0% -> 0, minNoise=0 we remove groups of size 0. Number of instances from class (1) is 15 (fold 8).
Lower threshold thrL: 0.1 upper threshold thrU: 0.8 with step: 0.1
								--------------
									Fold  8
								--------------
--------------
Threshold: 0,10
--------------
	A4: 20
	A3: 18
	A5: 9
	A2: 7
	A1: 4
--------------
Threshold: 0,20
--------------
	A4: 20
	A3: 18
	A5: 9
	A2: 7
	A1: 4
--------------
Threshold: 0,30
--------------
	A3: 17
	A4: 17
	A5: 8
	A2: 6
	A1: 4
	A2 | A4: 2
	A2 | A5: 2
	A3 | A5: 1
	A4 | A5: 1
--------------
Threshold: 0,40
--------------
	A4 | A5: 10
	A3: 8
	A4: 7
	A2 | A3: 7
	A1: 4
	A2: 4
	A5: 4
	A2 | A4: 3
	A1 | A2: 2
	A1 | A3: 2
	A1 | A4: 2
	A1 | A5: 2
	A2 | A5: 2
	A3 | A5: 1
--------------
Threshold: 0,50
--------------
	A4 | A5: 11
	A2 | A3: 9
	A3: 6
	A4: 5
	A1 | A3: 5
	A2: 4
	A5: 4
	A1 | A4: 4
	A2 | A4: 3
	A1 | A2: 2
	A1 | A5: 2
	A2 | A3 | A5: 1
	A2 | A5: 1
	A3 | A5: 1
--------------
Threshold: 0,60
--------------
	A2 | A3: 15
	A4 | A5: 14
	A1 | A3 | A4: 3
	A1 | A4: 3
	A3 | A4: 3
	A2 | A4 | A5: 2
	A3 | A4 | A5: 2
	A1 | A2: 2
	A1 | A3: 2
	A2 | A3 | A5: 2
	A1 | A5: 2
	A2 | A3 | A4: 2
	A3 | A5: 2
	A1 | A4 | A5: 1
	A1 | A3 | A5: 1
	A4: 1
	A2 | A4: 1
--------------
Threshold: 0,70
--------------
	A1 | A4 | A5: 9
	A4 | A5: 9
	A2 | A3: 8
	A1 | A2 | A3: 6
	A1 | A3 | A4: 5
	A2 | A4 | A5: 4
	A2 | A3 | A5: 4
	A3 | A4: 3
	A1 | A3 | A5: 2
	A3 | A4 | A5: 2
	A2 | A3 | A4: 2
	A3 | A5: 2
	A1 | A2 | A4: 1
	A2 | A4: 1
--------------
Threshold: 0,80
--------------
	A3 | A4 | A5: 10
	A1 | A3 | A4 | A5: 7
	A1 | A2 | A3: 6
	A1 | A4 | A5: 6
	A2 | A3 | A5: 6
	A2 | A3 | A4: 6
	A2 | A3 | A4 | A5: 5
	A1 | A2 | A3 | A4: 4
	A2 | A4 | A5: 4
	A1 | A3 | A4: 2
	A1 | A2 | A3 | A5: 2
*********************************************************************************
All potential concepts based on thresholds
	A2 A5 ~#~ A3 A5 ~#~ A2 A4 ~#~ A3 A4 ~#~ A4 A5 ~#~ A2 A3 ~#~ A1 A3 ~#~ A1 A4 ~#~ A1 A2 ~#~ A1 A5 ~#~ A2 A3 A4 ~#~ A1 A3 A4 ~#~ A2 A4 A5 ~#~ A3 A4 A5 ~#~ A2 A3 A5 ~#~ A1 A4 A5 ~#~ A1 A2 A3 ~#~ A1 A3 A5 ~#~ A1 A2 A5 ~#~ A1 A2 A3 A4 ~#~ A1 A3 A4 A5 ~#~ A2 A3 A4 A5 ~#~ A1 A2 A4 A5 ~#~ A1 A2 A3 A5 ~#~ A1 A2 A4 ~#~ 
*********************************************************************************
We remove max(NOISE,minNoise) groups, NOISE=0.0% -> 0, minNoise=0 we remove groups of size 0. Number of instances from class (0) is 44 (fold 9).
Lower threshold thrL: 0.1 upper threshold thrU: 0.8 with step: 0.1
								--------------
									Fold  9
								--------------
--------------
Threshold: 0,10
--------------
	A2: 22
	A5: 15
	A4: 10
	A3: 7
	A1: 4
--------------
Threshold: 0,20
--------------
	A2: 22
	A5: 15
	A4: 10
	A3: 7
	A1: 4
--------------
Threshold: 0,30
--------------
	A2: 18
	A5: 14
	A4: 8
	A3: 6
	A1: 4
	A2 | A4: 2
	A3 | A4: 2
	A2 | A5: 2
	A2 | A3: 1
	A4 | A5: 1
--------------
Threshold: 0,40
--------------
	A2 | A3: 9
	A4 | A5: 9
	A2: 8
	A5: 6
	A3: 5
	A4: 5
	A1: 3
	A1 | A2: 3
	A1 | A5: 2
	A2 | A4: 2
	A3 | A4: 2
	A2 | A5: 2
	A1 | A3: 1
	A1 | A4: 1
--------------
Threshold: 0,50
--------------
	A2 | A3: 11
	A4 | A5: 9
	A2: 6
	A5: 6
	A1 | A2: 6
	A3: 5
	A4: 5
	A1 | A5: 2
	A2 | A3 | A4: 2
	A2 | A5: 2
	A3 | A4 | A5: 1
	A1 | A3: 1
	A1 | A4: 1
	A2 | A4: 1
--------------
Threshold: 0,60
--------------
	A2 | A3: 18
	A4 | A5: 15
	A1 | A2: 3
	A1 | A2 | A5: 2
	A2 | A4 | A5: 2
	A3 | A4 | A5: 2
	A1 | A5: 2
	A2 | A4: 2
	A2 | A3 | A5: 2
	A2 | A3 | A4: 2
	A3 | A5: 2
	A1 | A2 | A4: 1
	A2: 1
	A1 | A3: 1
	A1 | A4: 1
	A2 | A5: 1
	A3 | A4: 1
--------------
Threshold: 0,70
--------------
	A2 | A3: 11
	A4 | A5: 9
	A1 | A2 | A3: 7
	A1 | A2 | A5: 5
	A1 | A4 | A5: 4
	A1 | A2 | A4: 3
	A3 | A4 | A5: 3
	A2 | A3 | A5: 3
	A2 | A3 | A4: 3
	A2 | A4 | A5: 2
	A2 | A4: 2
	A3 | A5: 2
	A1 | A3 | A5: 1
	A1 | A3 | A4 | A5: 1
	A2 | A5: 1
	A3 | A4: 1
--------------
Threshold: 0,80
--------------
	A2 | A3 | A4: 8
	A1 | A2 | A3: 7
	A2 | A4 | A5: 7
	A3 | A4 | A5: 7
	A1 | A2 | A3 | A5: 6
	A2 | A3 | A5: 6
	A1 | A2 | A3 | A4: 5
	A1 | A4 | A5: 5
	A2 | A3 | A4 | A5: 4
	A1 | A2 | A4 | A5: 2
	A1 | A3 | A4 | A5: 1
We remove max(NOISE,minNoise) groups, NOISE=0.0% -> 0, minNoise=0 we remove groups of size 0. Number of instances from class (1) is 14 (fold 9).
Lower threshold thrL: 0.1 upper threshold thrU: 0.8 with step: 0.1
								--------------
									Fold  9
								--------------
--------------
Threshold: 0,10
--------------
	A2: 20
	A5: 16
	A3: 9
	A4: 9
	A1: 4
--------------
Threshold: 0,20
--------------
	A2: 20
	A5: 16
	A3: 9
	A4: 9
	A1: 4
--------------
Threshold: 0,30
--------------
	A2: 18
	A5: 14
	A4: 8
	A3: 6
	A1: 4
	A2 | A3: 2
	A2 | A5: 2
	A3 | A5: 2
	A2 | A4: 1
	A3 | A4: 1
--------------
Threshold: 0,40
--------------
	A2 | A3: 11
	A2: 7
	A5: 7
	A4 | A5: 7
	A3: 6
	A4: 5
	A1: 4
	A1 | A2: 2
	A1 | A5: 2
	A2 | A5: 2
	A3 | A5: 2
	A1 | A4: 1
	A2 | A4: 1
	A3 | A4: 1
--------------
Threshold: 0,50
--------------
	A2 | A3: 12
	A4 | A5: 8
	A2: 6
	A5: 6
	A3: 5
	A4: 5
	A1 | A2: 4
	A1 | A5: 3
	A1 | A3: 2
	A2 | A5: 2
	A3 | A4 | A5: 1
	A1 | A4: 1
	A2 | A4: 1
	A3 | A4: 1
	A3 | A5: 1
--------------
Threshold: 0,60
--------------
	A2 | A3: 18
	A4 | A5: 15
	A1 | A2 | A5: 3
	A2 | A4: 3
	A2 | A4 | A5: 2
	A3 | A4 | A5: 2
	A1 | A2: 2
	A1 | A5: 2
	A2 | A3 | A5: 2
	A2 | A3 | A4: 2
	A3 | A5: 2
	A1 | A3 | A4: 1
	A1 | A3: 1
	A1 | A4: 1
	A2 | A5: 1
	A3 | A4: 1
--------------
Threshold: 0,70
--------------
	A2 | A3: 10
	A4 | A5: 8
	A1 | A2 | A3: 7
	A1 | A2 | A5: 7
	A1 | A4 | A5: 6
	A2 | A4 | A5: 4
	A2 | A3 | A4: 4
	A2 | A3 | A5: 3
	A2 | A4: 2
	A3 | A5: 2
	A1 | A3 | A4: 1
	A1 | A3 | A4 | A5: 1
	A3 | A4 | A5: 1
	A2 | A5: 1
	A3 | A4: 1
--------------
Threshold: 0,80
--------------
	A2 | A4 | A5: 10
	A2 | A3 | A4: 8
	A1 | A2 | A3: 7
	A2 | A3 | A5: 7
	A1 | A2 | A3 | A5: 6
	A2 | A3 | A4 | A5: 6
	A1 | A4 | A5: 4
	A3 | A4 | A5: 4
	A1 | A3 | A4 | A5: 3
	A1 | A2 | A4 | A5: 2
	A1 | A2 | A3 | A4: 1
*********************************************************************************
All potential concepts based on thresholds
	A2 A4 ~#~ A3 A4 ~#~ A2 A5 ~#~ A2 A3 ~#~ A4 A5 ~#~ A1 A2 ~#~ A1 A5 ~#~ A1 A3 ~#~ A1 A4 ~#~ A2 A3 A4 ~#~ A3 A4 A5 ~#~ A1 A2 A5 ~#~ A2 A4 A5 ~#~ A2 A3 A5 ~#~ A3 A5 ~#~ A1 A2 A4 ~#~ A1 A2 A3 ~#~ A1 A4 A5 ~#~ A1 A3 A5 ~#~ A1 A3 A4 A5 ~#~ A1 A2 A3 A5 ~#~ A1 A2 A3 A4 ~#~ A2 A3 A4 A5 ~#~ A1 A2 A4 A5 ~#~ A1 A3 A4 ~#~ 
*********************************************************************************
We remove max(NOISE,minNoise) groups, NOISE=0.0% -> 0, minNoise=0 we remove groups of size 0. Number of instances from class (0) is 44 (fold 10).
Lower threshold thrL: 0.1 upper threshold thrU: 0.8 with step: 0.1
								--------------
									Fold 10
								--------------
--------------
Threshold: 0,10
--------------
	A5: 21
	A3: 15
	A2: 10
	A4: 8
	A1: 4
--------------
Threshold: 0,20
--------------
	A5: 21
	A3: 15
	A2: 10
	A4: 8
	A1: 4
--------------
Threshold: 0,30
--------------
	A5: 17
	A3: 15
	A2: 8
	A4: 6
	A1: 4
	A4 | A5: 3
	A2 | A3: 2
	A2 | A4: 1
	A2 | A5: 1
	A3 | A5: 1
--------------
Threshold: 0,40
--------------
	A4 | A5: 11
	A2 | A3: 9
	A5: 8
	A2: 6
	A3: 6
	A4: 6
	A1: 4
	A1 | A2: 2
	A1 | A3: 2
	A2 | A4: 1
	A1 | A5: 1
	A2 | A5: 1
	A3 | A5: 1
--------------
Threshold: 0,50
--------------
	A4 | A5: 13
	A2 | A3: 9
	A2: 6
	A3: 6
	A5: 6
	A4: 5
	A1 | A3: 4
	A1 | A5: 3
	A1 | A2: 2
	A1 | A4: 1
	A2 | A4: 1
	A2 | A5: 1
	A3 | A5: 1
--------------
Threshold: 0,60
--------------
	A4 | A5: 20
	A2 | A3: 16
	A1 | A3 | A5: 3
	A2 | A3 | A5: 3
	A2 | A4 | A5: 2
	A3 | A4 | A5: 2
	A1 | A2: 2
	A1 | A3: 2
	A2 | A4: 2
	A2 | A3 | A4: 2
	A1 | A2 | A5: 1
	A1 | A4: 1
	A1 | A5: 1
	A3 | A5: 1
--------------
Threshold: 0,70
--------------
	A2 | A3: 11
	A4 | A5: 11
	A1 | A2 | A3: 8
	A1 | A4 | A5: 8
	A1 | A3 | A5: 5
	A3 | A4 | A5: 4
	A2 | A3 | A5: 3
	A2 | A3 | A4: 3
	A2 | A4 | A5: 2
	A1 | A2 | A5: 1
	A2 | A4: 1
	A3 | A5: 1
--------------
Threshold: 0,80
--------------
	A1 | A4 | A5: 10
	A1 | A2 | A3 | A5: 9
	A3 | A4 | A5: 8
	A2 | A3 | A4: 7
	A2 | A3 | A4 | A5: 7
	A2 | A3 | A5: 6
	A1 | A2 | A3: 5
	A2 | A4 | A5: 3
	A1 | A3 | A4 | A5: 2
	A1 | A2 | A3 | A4: 1
We remove max(NOISE,minNoise) groups, NOISE=0.0% -> 0, minNoise=0 we remove groups of size 0. Number of instances from class (1) is 14 (fold 10).
Lower threshold thrL: 0.1 upper threshold thrU: 0.8 with step: 0.1
								--------------
									Fold 10
								--------------
--------------
Threshold: 0,10
--------------
	A5: 18
	A2: 13
	A3: 13
	A4: 10
	A1: 4
--------------
Threshold: 0,20
--------------
	A5: 18
	A2: 13
	A3: 13
	A4: 10
	A1: 4
--------------
Threshold: 0,30
--------------
	A5: 16
	A2: 12
	A3: 12
	A4: 7
	A1: 4
	A4 | A5: 3
	A2 | A4: 2
	A2 | A5: 1
	A3 | A5: 1
--------------
Threshold: 0,40
--------------
	A4 | A5: 12
	A2 | A3: 8
	A2: 7
	A5: 7
	A3: 6
	A4: 5
	A1: 4
	A1 | A3: 2
	A2 | A4: 2
	A1 | A2: 1
	A1 | A4: 1
	A1 | A5: 1
	A2 | A5: 1
	A3 | A5: 1
--------------
Threshold: 0,50
--------------
	A4 | A5: 13
	A2 | A3: 8
	A2: 6
	A3: 6
	A5: 6
	A4: 5
	A1 | A4: 3
	A1 | A5: 3
	A1 | A2: 2
	A1 | A3: 2
	A2 | A4 | A5: 1
	A2 | A4: 1
	A2 | A3 | A5: 1
	A2 | A5: 1
--------------
Threshold: 0,60
--------------
	A2 | A3: 17
	A4 | A5: 17
	A2 | A4 | A5: 2
	A3 | A4 | A5: 2
	A1 | A2: 2
	A1 | A3: 2
	A2 | A3 | A5: 2
	A1 | A5: 2
	A2 | A5: 2
	A3 | A4: 2
	A3 | A5: 2
	A1 | A2 | A5: 1
	A1 | A3 | A4: 1
	A1 | A2 | A4: 1
	A3: 1
	A1 | A4: 1
	A2 | A3 | A4: 1
--------------
Threshold: 0,70
--------------
	A2 | A3: 9
	A4 | A5: 9
	A1 | A2 | A3: 7
	A1 | A4 | A5: 6
	A2 | A3 | A4: 5
	A1 | A3 | A5: 3
	A2 | A4 | A5: 3
	A3 | A4 | A5: 3
	A1 | A2 | A5: 2
	A1 | A3 | A4: 2
	A2 | A3 | A5: 2
	A2 | A5: 2
	A3 | A4: 2
	A3 | A5: 2
	A1 | A2 | A4: 1
--------------
Threshold: 0,80
--------------
	A3 | A4 | A5: 8
	A1 | A2 | A3 | A5: 7
	A1 | A4 | A5: 7
	A2 | A3 | A5: 7
	A2 | A3 | A4: 7
	A2 | A3 | A4 | A5: 6
	A1 | A2 | A3: 5
	A2 | A4 | A5: 5
	A1 | A2 | A4 | A5: 2
	A1 | A2 | A3 | A4: 2
	A1 | A3 | A4 | A5: 1
	A2 | A3: 1
*********************************************************************************
All potential concepts based on thresholds
	A4 A5 ~#~ A2 A3 ~#~ A2 A4 ~#~ A2 A5 ~#~ A3 A5 ~#~ A1 A2 ~#~ A1 A3 ~#~ A1 A5 ~#~ A1 A4 ~#~ A1 A3 A5 ~#~ A2 A3 A5 ~#~ A2 A4 A5 ~#~ A3 A4 A5 ~#~ A2 A3 A4 ~#~ A1 A2 A5 ~#~ A1 A2 A3 ~#~ A1 A4 A5 ~#~ A1 A2 A3 A5 ~#~ A2 A3 A4 A5 ~#~ A1 A3 A4 A5 ~#~ A1 A2 A3 A4 ~#~ A3 A4 ~#~ A1 A3 A4 ~#~ A1 A2 A4 ~#~ A1 A2 A4 A5 ~#~ 
*********************************************************************************
