dataset: rConcept.arff
--------------
Threshold: 0,10
--------------
	A2: 671
	A3: 179
	A4: 77
	A1: 73
--------------
Threshold: 0,20
--------------
	A2: 671
	A3: 179
	A4: 77
	A1: 73
--------------
Threshold: 0,30
--------------
	A2: 668
	A3: 175
	A4: 72
	A1: 70
--------------
Threshold: 0,40
--------------
	A2: 572
	A3: 130
	A2 | A3: 63
	A2 | A4: 51
	A1: 47
	A4: 39
	A1 | A2: 36
	A1 | A3: 28
	A3 | A4: 23
--------------
Threshold: 0,50
--------------
	A2: 369
	A2 | A3: 175
	A2 | A4: 142
	A1 | A2: 116
	A1 | A3: 69
	A3: 55
	A3 | A4: 36
	A1: 13
--------------
Threshold: 0,60
--------------
	A2 | A3: 250
	A2 | A4: 203
	A2: 173
	A1 | A2: 171
	A1 | A3: 81
	A3 | A4: 31
	A3: 23
	A1 | A2 | A4: 14
	A2 | A3 | A4: 14
	A1 | A2 | A3: 11
--------------
Threshold: 0,70
--------------
	A2 | A3: 226
	A2 | A4: 194
	A1 | A2: 171
	A1 | A2 | A3: 99
	A2 | A3 | A4: 71
	A1 | A3: 61
	A2: 57
	A1 | A2 | A4: 55
	A3 | A4: 13
	A2 | A5: 13
--------------
Threshold: 0,80
--------------
	A1 | A2 | A3: 261
	A2 | A3 | A4: 152
	A2 | A3: 114
	A2 | A4: 112
	A1 | A2 | A4: 109
	A1 | A2: 91
	A1 | A2 | A3 | A4: 34
	A2 | A4 | A5: 33
	A1 | A3: 18
	A1 | A3 | A4: 16
*********************************************************************************
All potential concepts based on thresholds
	A2 A3 ~#~ A2 A4 ~#~ A1 A2 ~#~ A1 A3 ~#~ A3 A4 ~#~ A1 A2 A4 ~#~ A2 A3 A4 ~#~ A1 A2 A3 ~#~ A2 A5 ~#~ A1 A2 A3 A4 ~#~ A2 A4 A5 ~#~ A1 A3 A4 ~#~ 
*********************************************************************************
--------------
Threshold: 0,10
--------------
	A2: 644
	A3: 217
	A4: 77
	A1: 61
--------------
Threshold: 0,20
--------------
	A2: 644
	A3: 217
	A4: 77
	A1: 61
--------------
Threshold: 0,30
--------------
	A2: 637
	A3: 213
	A4: 72
	A1: 60
--------------
Threshold: 0,40
--------------
	A2: 546
	A3: 161
	A2 | A3: 70
	A2 | A4: 51
	A4: 45
	A1: 36
	A1 | A2: 36
	A1 | A3: 31
	A3 | A4: 13
--------------
Threshold: 0,50
--------------
	A2: 347
	A2 | A3: 209
	A2 | A4: 136
	A1 | A2: 101
	A3: 74
	A1 | A3: 64
	A3 | A4: 28
	A1 | A4: 14
	A4: 13
--------------
Threshold: 0,60
--------------
	A2 | A3: 288
	A2 | A4: 195
	A2: 166
	A1 | A2: 142
	A1 | A3: 86
	A3 | A4: 31
	A3: 18
	A1 | A2 | A4: 16
	A2 | A3 | A4: 15
	A1 | A2 | A3: 14
--------------
Threshold: 0,70
--------------
	A2 | A3: 268
	A2 | A4: 216
	A1 | A2: 122
	A1 | A2 | A3: 101
	A1 | A3: 66
	A2 | A3 | A4: 59
	A2: 50
	A1 | A2 | A4: 40
	A3 | A4: 23
	A1 | A3 | A4: 19
--------------
Threshold: 0,80
--------------
	A1 | A2 | A3: 279
	A2 | A3 | A4: 158
	A2 | A3: 129
	A2 | A4: 108
	A1 | A2 | A4: 84
	A1 | A2: 59
	A1 | A2 | A3 | A4: 35
	A2 | A4 | A5: 34
	A1 | A3: 31
	A1 | A3 | A4: 24
*********************************************************************************
All potential concepts based on thresholds
	A2 A3 ~#~ A2 A4 ~#~ A1 A2 ~#~ A1 A3 ~#~ A3 A4 ~#~ A1 A4 ~#~ A1 A2 A4 ~#~ A2 A3 A4 ~#~ A1 A2 A3 ~#~ A1 A3 A4 ~#~ A1 A2 A3 A4 ~#~ A2 A4 A5 ~#~ 
*********************************************************************************
