dataset: Heart.arff
We remove max(NOISE,minNoise) groups, NOISE=1.0% -> 2, minNoise=3 we remove groups of size 3. Tree SHAP num of expl. inst. 243 (fold 1). Explaining class: 2).
Lower threshold thrL: 0.1 upper threshold thrU: 0.8 with step: 0.1
								--------------
									Fold  1
								--------------
--------------
Threshold: 0,10
--------------
	A3: 98
	A12: 69
	A5: 28
	A13: 22
	A10: 19
	A2: 6
--------------
Threshold: 0,20
--------------
	A3: 58
	A12: 51
	A3 | A12: 24
	A3 | A13: 16
	A3 | A5: 14
	A13: 12
	A5: 9
	A10: 9
	A5 | A12: 9
	A3 | A10: 7
	A2 | A3: 6
	A12 | A13: 5
	A2 | A5: 4
	A5 | A10: 4
--------------
Threshold: 0,30
--------------
	A3 | A12: 87
	A3 | A13: 37
	A3 | A5: 22
	A12 | A13: 18
	A2 | A3: 13
	A3 | A10: 11
	A5 | A12: 11
	A10 | A12: 6
	A10 | A13: 5
	A5 | A13: 4
--------------
Threshold: 0,40
--------------
	A3 | A12: 51
	A3 | A12 | A13: 40
	A3 | A5 | A12: 19
	A3 | A5 | A13: 13
	A3 | A13: 13
	A2 | A3 | A5: 10
	A2 | A3 | A13: 8
	A12 | A13: 8
	A2 | A3 | A12: 7
	A3 | A10 | A12: 7
	A10 | A12: 6
	A3 | A5 | A10: 6
	A10 | A12 | A13: 6
	A3 | A8 | A12: 5
	A3 | A10 | A13: 5
	A2 | A3: 5
	A3 | A10: 4
	A2 | A3 | A10: 4
--------------
Threshold: 0,50
--------------
	A3 | A12 | A13: 67
	A3 | A5 | A12 | A13: 17
	A3 | A10 | A12: 16
	A3 | A5 | A12: 15
	A3 | A12: 13
	A3 | A10 | A12 | A13: 9
	A3 | A5 | A13: 7
	A2 | A3 | A12 | A13: 7
	A3 | A5 | A8 | A12: 6
	A2 | A3 | A5 | A12: 6
	A2 | A3 | A12: 6
	A10 | A12 | A13: 6
	A3 | A8 | A12: 5
	A2 | A3 | A5 | A13: 4
	A3 | A10 | A13: 4
	A3 | A8 | A12 | A13: 4
--------------
Threshold: 0,60
--------------
	A3 | A5 | A12 | A13: 34
	A3 | A12 | A13: 24
	A3 | A10 | A12 | A13: 23
	A3 | A8 | A12 | A13: 17
	A3 | A11 | A12 | A13: 15
	A2 | A3 | A12 | A13: 14
	A3 | A5 | A8 | A12 | A13: 9
	A2 | A3 | A5 | A12 | A13: 8
	A2 | A3 | A5 | A12: 6
	A3 | A10 | A12: 6
	A3 | A8 | A10 | A12 | A13: 4
	A3 | A5 | A10 | A12 | A13: 4
--------------
Threshold: 0,70
--------------
	A3 | A5 | A10 | A12 | A13: 19
	A3 | A5 | A11 | A12 | A13: 13
	A3 | A8 | A11 | A12 | A13: 11
	A2 | A3 | A11 | A12 | A13: 11
	A3 | A5 | A8 | A10 | A12 | A13: 10
	A3 | A5 | A8 | A12 | A13: 10
	A2 | A3 | A5 | A12 | A13: 10
	A3 | A10 | A12 | A13: 10
	A3 | A11 | A12 | A13: 9
	A3 | A5 | A12 | A13: 8
	A2 | A3 | A5 | A8 | A12 | A13: 8
	A1 | A3 | A5 | A12 | A13: 7
	A3 | A5 | A8 | A11 | A12 | A13: 6
	A1 | A3 | A11 | A12 | A13: 5
	A2 | A3 | A5 | A11 | A13: 4
	A3 | A8 | A10 | A12 | A13: 4
	A2 | A3 | A10 | A12 | A13: 4
	A3 | A10 | A11 | A12 | A13: 4
	A2 | A3 | A8 | A12 | A13: 4
	A1 | A3 | A10 | A12 | A13: 4
--------------
Threshold: 0,80
--------------
	A2 | A3 | A5 | A11 | A12 | A13: 19
	A3 | A5 | A8 | A10 | A11 | A12 | A13: 11
	A1 | A3 | A5 | A11 | A12 | A13: 11
	A2 | A3 | A5 | A8 | A11 | A12 | A13: 10
	A3 | A5 | A10 | A11 | A12 | A13: 10
	A3 | A5 | A8 | A11 | A12 | A13: 8
	A2 | A3 | A8 | A11 | A12 | A13: 8
	A1 | A2 | A3 | A5 | A11 | A12 | A13: 8
	A2 | A3 | A10 | A11 | A12 | A13: 7
	A2 | A3 | A5 | A10 | A11 | A12 | A13: 5
	A1 | A2 | A3 | A11 | A12 | A13: 5
	A3 | A10 | A11 | A12 | A13: 5
	A2 | A3 | A11 | A12 | A13: 5
	A1 | A2 | A3 | A5 | A8 | A12 | A13: 5
	A3 | A8 | A10 | A11 | A12 | A13: 5
	A1 | A3 | A5 | A8 | A10 | A12 | A13: 5
	A3 | A4 | A5 | A10 | A11 | A12 | A13: 5
	A1 | A3 | A5 | A8 | A11 | A12 | A13: 4
	A3 | A5 | A8 | A9 | A11 | A12 | A13: 4
	A2 | A3 | A5 | A10 | A12 | A13: 4
	A1 | A2 | A3 | A5 | A12 | A13: 4
	A1 | A3 | A10 | A11 | A12 | A13: 4
*********************************************************************************
All potential concepts based on thresholds
	A3 A12 ~#~ A3 A13 ~#~ A3 A5 ~#~ A5 A12 ~#~ A3 A10 ~#~ A2 A3 ~#~ A12 A13 ~#~ A2 A5 ~#~ A5 A10 ~#~ A10 A12 ~#~ A10 A13 ~#~ A5 A13 ~#~ A3 A12 A13 ~#~ A3 A5 A12 ~#~ A3 A5 A13 ~#~ A2 A3 A5 ~#~ A2 A3 A13 ~#~ A2 A3 A12 ~#~ A3 A10 A12 ~#~ A3 A5 A10 ~#~ A10 A12 A13 ~#~ A3 A8 A12 ~#~ A3 A10 A13 ~#~ A2 A3 A10 ~#~ A3 A5 A12 A13 ~#~ A3 A10 A12 A13 ~#~ A2 A3 A12 A13 ~#~ A3 A5 A8 A12 ~#~ A2 A3 A5 A12 ~#~ A2 A3 A5 A13 ~#~ A3 A8 A12 A13 ~#~ A3 A11 A12 A13 ~#~ A3 A5 A8 A12 A13 ~#~ A2 A3 A5 A12 A13 ~#~ A3 A8 A10 A12 A13 ~#~ A3 A5 A10 A12 A13 ~#~ A3 A5 A11 A12 A13 ~#~ A3 A8 A11 A12 A13 ~#~ A2 A3 A11 A12 A13 ~#~ A3 A5 A8 A10 A12 A13 ~#~ A2 A3 A5 A8 A12 A13 ~#~ A1 A3 A5 A12 A13 ~#~ A3 A5 A8 A11 A12 A13 ~#~ A1 A3 A11 A12 A13 ~#~ A2 A3 A5 A11 A13 ~#~ A2 A3 A10 A12 A13 ~#~ A3 A10 A11 A12 A13 ~#~ A2 A3 A8 A12 A13 ~#~ A1 A3 A10 A12 A13 ~#~ A2 A3 A5 A11 A12 A13 ~#~ A3 A5 A8 A10 A11 A12 A13 ~#~ A1 A3 A5 A11 A12 A13 ~#~ A2 A3 A5 A8 A11 A12 A13 ~#~ A3 A5 A10 A11 A12 A13 ~#~ A2 A3 A8 A11 A12 A13 ~#~ A1 A2 A3 A5 A11 A12 A13 ~#~ A2 A3 A10 A11 A12 A13 ~#~ A2 A3 A5 A10 A11 A12 A13 ~#~ A1 A2 A3 A11 A12 A13 ~#~ A1 A2 A3 A5 A8 A12 A13 ~#~ A3 A8 A10 A11 A12 A13 ~#~ A1 A3 A5 A8 A10 A12 A13 ~#~ A3 A4 A5 A10 A11 A12 A13 ~#~ A1 A3 A5 A8 A11 A12 A13 ~#~ A3 A5 A8 A9 A11 A12 A13 ~#~ A2 A3 A5 A10 A12 A13 ~#~ A1 A2 A3 A5 A12 A13 ~#~ A1 A3 A10 A11 A12 A13 ~#~ 
*********************************************************************************
We remove max(NOISE,minNoise) groups, NOISE=1.0% -> 2, minNoise=3 we remove groups of size 3. Tree SHAP num of expl. inst. 243 (fold 2). Explaining class: 2).
Lower threshold thrL: 0.1 upper threshold thrU: 0.8 with step: 0.1
								--------------
									Fold  2
								--------------
--------------
Threshold: 0,10
--------------
	A13: 83
	A12: 50
	A2: 37
	A3: 30
	A10: 28
	A5: 9
	A1: 5
--------------
Threshold: 0,20
--------------
	A13: 55
	A12: 41
	A2: 22
	A3: 20
	A10: 19
	A12 | A13: 15
	A3 | A13: 12
	A2 | A13: 11
	A3 | A12: 6
	A3 | A10: 5
	A5: 4
	A10 | A12: 4
	A10 | A13: 4
	A2 | A3: 4
	A8 | A13: 4
--------------
Threshold: 0,30
--------------
	A3 | A13: 51
	A12 | A13: 51
	A3 | A12: 27
	A2 | A13: 21
	A10 | A12: 18
	A2 | A3: 17
	A10 | A13: 11
	A3 | A10: 8
	A5 | A13: 5
--------------
Threshold: 0,40
--------------
	A3 | A12 | A13: 42
	A3 | A13: 30
	A12 | A13: 19
	A3 | A12: 18
	A2 | A3 | A13: 15
	A2 | A12 | A13: 14
	A10 | A12: 11
	A3 | A5 | A13: 10
	A3 | A10 | A12: 9
	A10 | A12 | A13: 8
	A10 | A13: 7
	A8 | A12 | A13: 5
	A2 | A3: 5
	A5 | A12 | A13: 4
	A2 | A3 | A12: 4
	A2 | A13: 4
--------------
Threshold: 0,50
--------------
	A3 | A12 | A13: 77
	A3 | A10 | A12: 17
	A2 | A3 | A13: 16
	A10 | A12 | A13: 15
	A2 | A12 | A13: 12
	A2 | A3 | A12 | A13: 11
	A3 | A5 | A12 | A13: 9
	A3 | A5 | A13: 8
	A3 | A10 | A13: 8
	A2 | A3 | A12: 5
	A3 | A13: 5
	A8 | A12 | A13: 4
	A3 | A8 | A12 | A13: 4
--------------
Threshold: 0,60
--------------
	A2 | A3 | A12 | A13: 45
	A3 | A10 | A12 | A13: 41
	A3 | A12 | A13: 30
	A3 | A5 | A12 | A13: 26
	A3 | A8 | A12 | A13: 16
	A2 | A3 | A5 | A13: 5
	A3 | A5 | A8 | A12 | A13: 5
	A1 | A3 | A12 | A13: 5
	A1 | A3 | A5 | A13: 4
	A10 | A12 | A13: 4
--------------
Threshold: 0,70
--------------
	A2 | A3 | A12 | A13: 24
	A2 | A3 | A5 | A12 | A13: 24
	A2 | A3 | A10 | A12 | A13: 18
	A3 | A5 | A10 | A12 | A13: 13
	A3 | A10 | A12 | A13: 12
	A3 | A5 | A8 | A12 | A13: 11
	A3 | A8 | A12 | A13: 11
	A2 | A3 | A8 | A12 | A13: 8
	A1 | A3 | A5 | A12 | A13: 7
	A1 | A2 | A3 | A12 | A13: 6
	A3 | A8 | A10 | A12 | A13: 6
	A3 | A5 | A12 | A13: 6
	A2 | A3 | A5 | A10 | A12 | A13: 4
	A3 | A4 | A10 | A12 | A13: 4
	A1 | A3 | A8 | A12 | A13: 4
	A2 | A3 | A4 | A5 | A12 | A13: 4
	A1 | A2 | A3 | A5 | A13: 4
	A3 | A11 | A12 | A13: 4
	A1 | A3 | A10 | A12 | A13: 4
	A2 | A3 | A5 | A8 | A12 | A13: 4
--------------
Threshold: 0,80
--------------
	A1 | A2 | A3 | A5 | A12 | A13: 15
	A1 | A2 | A3 | A5 | A8 | A12 | A13: 15
	A2 | A3 | A5 | A8 | A12 | A13: 11
	A2 | A3 | A8 | A10 | A12 | A13: 10
	A2 | A3 | A5 | A10 | A12 | A13: 9
	A2 | A3 | A5 | A8 | A10 | A12 | A13: 9
	A1 | A2 | A3 | A8 | A12 | A13: 8
	A2 | A3 | A10 | A12 | A13: 8
	A2 | A3 | A5 | A12 | A13: 8
	A3 | A5 | A8 | A10 | A12 | A13: 7
	A1 | A2 | A3 | A12 | A13: 6
	A3 | A5 | A8 | A12 | A13: 6
	A1 | A2 | A3 | A10 | A12 | A13: 6
	A2 | A3 | A5 | A7 | A12 | A13: 5
	A2 | A3 | A4 | A5 | A12 | A13: 5
	A1 | A3 | A5 | A10 | A12 | A13: 4
	A2 | A3 | A7 | A11 | A12 | A13: 4
	A2 | A3 | A4 | A10 | A12 | A13: 4
	A2 | A3 | A5 | A7 | A11 | A12 | A13: 4
	A1 | A2 | A3 | A4 | A5 | A12 | A13: 4
*********************************************************************************
All potential concepts based on thresholds
	A12 A13 ~#~ A3 A13 ~#~ A2 A13 ~#~ A3 A12 ~#~ A3 A10 ~#~ A10 A12 ~#~ A10 A13 ~#~ A2 A3 ~#~ A8 A13 ~#~ A5 A13 ~#~ A3 A12 A13 ~#~ A2 A3 A13 ~#~ A2 A12 A13 ~#~ A3 A5 A13 ~#~ A3 A10 A12 ~#~ A10 A12 A13 ~#~ A8 A12 A13 ~#~ A5 A12 A13 ~#~ A2 A3 A12 ~#~ A2 A3 A12 A13 ~#~ A3 A5 A12 A13 ~#~ A3 A10 A13 ~#~ A3 A8 A12 A13 ~#~ A3 A10 A12 A13 ~#~ A2 A3 A5 A13 ~#~ A3 A5 A8 A12 A13 ~#~ A1 A3 A12 A13 ~#~ A1 A3 A5 A13 ~#~ A2 A3 A5 A12 A13 ~#~ A2 A3 A10 A12 A13 ~#~ A3 A5 A10 A12 A13 ~#~ A2 A3 A8 A12 A13 ~#~ A1 A3 A5 A12 A13 ~#~ A1 A2 A3 A12 A13 ~#~ A3 A8 A10 A12 A13 ~#~ A2 A3 A5 A10 A12 A13 ~#~ A3 A4 A10 A12 A13 ~#~ A1 A3 A8 A12 A13 ~#~ A2 A3 A4 A5 A12 A13 ~#~ A1 A2 A3 A5 A13 ~#~ A3 A11 A12 A13 ~#~ A1 A3 A10 A12 A13 ~#~ A2 A3 A5 A8 A12 A13 ~#~ A1 A2 A3 A5 A12 A13 ~#~ A1 A2 A3 A5 A8 A12 A13 ~#~ A2 A3 A8 A10 A12 A13 ~#~ A2 A3 A5 A8 A10 A12 A13 ~#~ A1 A2 A3 A8 A12 A13 ~#~ A3 A5 A8 A10 A12 A13 ~#~ A1 A2 A3 A10 A12 A13 ~#~ A2 A3 A5 A7 A12 A13 ~#~ A1 A3 A5 A10 A12 A13 ~#~ A2 A3 A7 A11 A12 A13 ~#~ A2 A3 A4 A10 A12 A13 ~#~ A2 A3 A5 A7 A11 A12 A13 ~#~ A1 A2 A3 A4 A5 A12 A13 ~#~ 
*********************************************************************************
We remove max(NOISE,minNoise) groups, NOISE=1.0% -> 2, minNoise=3 we remove groups of size 3. Tree SHAP num of expl. inst. 243 (fold 3). Explaining class: 2).
Lower threshold thrL: 0.1 upper threshold thrU: 0.8 with step: 0.1
								--------------
									Fold  3
								--------------
--------------
Threshold: 0,10
--------------
	A12: 82
	A13: 76
	A3: 40
	A5: 22
	A10: 17
	A2: 5
--------------
Threshold: 0,20
--------------
	A12: 73
	A13: 50
	A3: 29
	A12 | A13: 21
	A10: 15
	A3 | A13: 12
	A5: 9
	A3 | A12: 6
	A3 | A5: 4
	A5 | A12: 4
--------------
Threshold: 0,30
--------------
	A12 | A13: 60
	A3 | A12: 39
	A3 | A13: 35
	A10 | A12: 17
	A12: 16
	A10 | A13: 15
	A5 | A12: 10
	A3 | A10: 8
	A5 | A13: 7
	A13: 6
	A3 | A5: 5
	A2 | A3: 4
--------------
Threshold: 0,40
--------------
	A3 | A12: 42
	A3 | A12 | A13: 33
	A12 | A13: 31
	A3 | A13: 24
	A10 | A12: 18
	A5 | A12 | A13: 11
	A10 | A13: 10
	A3 | A10 | A13: 9
	A3 | A5 | A13: 7
	A10 | A12 | A13: 6
	A3 | A10: 4
	A3 | A10 | A12: 4
--------------
Threshold: 0,50
--------------
	A3 | A12 | A13: 71
	A3 | A10 | A12: 19
	A10 | A12 | A13: 17
	A3 | A10 | A13: 15
	A3 | A12: 15
	A3 | A5 | A13: 12
	A2 | A3 | A12 | A13: 10
	A5 | A12 | A13: 8
	A12 | A13: 7
	A3 | A5 | A12: 6
	A3 | A5 | A12 | A13: 6
	A3 | A13: 5
	A5 | A10 | A12 | A13: 4
	A2 | A3 | A12: 4
	A10 | A12: 4
--------------
Threshold: 0,60
--------------
	A3 | A12 | A13: 44
	A3 | A5 | A12 | A13: 39
	A3 | A10 | A12 | A13: 34
	A2 | A3 | A12 | A13: 14
	A3 | A10 | A12: 11
	A1 | A3 | A12 | A13: 9
	A3 | A8 | A12 | A13: 7
	A2 | A3 | A5 | A12 | A13: 7
	A10 | A12 | A13: 7
	A3 | A5 | A10 | A13: 5
	A3 | A5 | A12: 4
	A3 | A5 | A13: 4
	A5 | A10 | A12 | A13: 4
--------------
Threshold: 0,70
--------------
	A3 | A5 | A12 | A13: 30
	A3 | A10 | A12 | A13: 30
	A3 | A5 | A10 | A12 | A13: 25
	A1 | A2 | A3 | A12 | A13: 12
	A2 | A3 | A5 | A12 | A13: 12
	A3 | A5 | A8 | A12 | A13: 10
	A3 | A5 | A11 | A12 | A13: 9
	A3 | A11 | A12 | A13: 9
	A1 | A3 | A5 | A12 | A13: 8
	A3 | A8 | A12 | A13: 8
	A1 | A3 | A10 | A12 | A13: 8
	A2 | A3 | A12 | A13: 7
	A2 | A3 | A10 | A12 | A13: 6
	A3 | A4 | A5 | A12 | A13: 4
	A2 | A3 | A5 | A10 | A12 | A13: 4
	A3 | A5 | A10 | A12: 4
	A3 | A10 | A11 | A12 | A13: 4
	A3 | A12 | A13: 4
--------------
Threshold: 0,80
--------------
	A3 | A5 | A10 | A11 | A12 | A13: 20
	A1 | A3 | A5 | A10 | A12 | A13: 13
	A3 | A5 | A11 | A12 | A13: 13
	A2 | A3 | A5 | A10 | A12 | A13: 12
	A2 | A3 | A5 | A11 | A12 | A13: 12
	A3 | A5 | A10 | A12 | A13: 11
	A1 | A2 | A3 | A10 | A12 | A13: 9
	A1 | A2 | A3 | A5 | A12 | A13: 7
	A3 | A5 | A8 | A12 | A13: 7
	A3 | A5 | A8 | A10 | A12 | A13: 6
	A1 | A3 | A10 | A11 | A12 | A13: 6
	A3 | A5 | A8 | A11 | A12 | A13: 5
	A3 | A8 | A11 | A12 | A13: 5
	A2 | A3 | A10 | A12 | A13: 5
	A1 | A3 | A5 | A11 | A12 | A13: 5
	A2 | A3 | A11 | A12 | A13: 5
	A1 | A3 | A10 | A12 | A13: 5
	A2 | A3 | A5 | A8 | A11 | A12 | A13: 4
	A1 | A2 | A3 | A11 | A12 | A13: 4
	A3 | A4 | A5 | A10 | A12 | A13: 4
	A2 | A3 | A5 | A8 | A12 | A13: 4
*********************************************************************************
All potential concepts based on thresholds
	A12 A13 ~#~ A3 A13 ~#~ A3 A12 ~#~ A3 A5 ~#~ A5 A12 ~#~ A10 A12 ~#~ A10 A13 ~#~ A3 A10 ~#~ A5 A13 ~#~ A2 A3 ~#~ A3 A12 A13 ~#~ A5 A12 A13 ~#~ A3 A10 A13 ~#~ A3 A5 A13 ~#~ A10 A12 A13 ~#~ A3 A10 A12 ~#~ A2 A3 A12 A13 ~#~ A3 A5 A12 ~#~ A3 A5 A12 A13 ~#~ A5 A10 A12 A13 ~#~ A2 A3 A12 ~#~ A3 A10 A12 A13 ~#~ A1 A3 A12 A13 ~#~ A3 A8 A12 A13 ~#~ A2 A3 A5 A12 A13 ~#~ A3 A5 A10 A13 ~#~ A3 A5 A10 A12 A13 ~#~ A1 A2 A3 A12 A13 ~#~ A3 A5 A8 A12 A13 ~#~ A3 A5 A11 A12 A13 ~#~ A3 A11 A12 A13 ~#~ A1 A3 A5 A12 A13 ~#~ A1 A3 A10 A12 A13 ~#~ A2 A3 A10 A12 A13 ~#~ A3 A4 A5 A12 A13 ~#~ A2 A3 A5 A10 A12 A13 ~#~ A3 A5 A10 A12 ~#~ A3 A10 A11 A12 A13 ~#~ A3 A5 A10 A11 A12 A13 ~#~ A1 A3 A5 A10 A12 A13 ~#~ A2 A3 A5 A11 A12 A13 ~#~ A1 A2 A3 A10 A12 A13 ~#~ A1 A2 A3 A5 A12 A13 ~#~ A3 A5 A8 A10 A12 A13 ~#~ A1 A3 A10 A11 A12 A13 ~#~ A3 A5 A8 A11 A12 A13 ~#~ A3 A8 A11 A12 A13 ~#~ A1 A3 A5 A11 A12 A13 ~#~ A2 A3 A11 A12 A13 ~#~ A2 A3 A5 A8 A11 A12 A13 ~#~ A1 A2 A3 A11 A12 A13 ~#~ A3 A4 A5 A10 A12 A13 ~#~ A2 A3 A5 A8 A12 A13 ~#~ 
*********************************************************************************
We remove max(NOISE,minNoise) groups, NOISE=1.0% -> 2, minNoise=3 we remove groups of size 3. Tree SHAP num of expl. inst. 243 (fold 4). Explaining class: 2).
Lower threshold thrL: 0.1 upper threshold thrU: 0.8 with step: 0.1
								--------------
									Fold  4
								--------------
--------------
Threshold: 0,10
--------------
	A12: 128
	A10: 35
	A13: 25
	A3: 19
	A5: 18
	A2: 15
--------------
Threshold: 0,20
--------------
	A12: 97
	A10: 28
	A13: 21
	A12 | A13: 17
	A3 | A12: 14
	A5: 8
	A10 | A12: 8
	A3: 6
	A2 | A12: 5
	A2: 4
	A2 | A3: 4
	A2 | A5: 4
--------------
Threshold: 0,30
--------------
	A3 | A12: 53
	A12 | A13: 42
	A10 | A12: 35
	A12: 13
	A3 | A13: 13
	A10 | A13: 11
	A5 | A12: 10
	A2 | A12: 9
	A2 | A3: 8
	A10: 5
	A3 | A5: 4
	A8 | A12: 4
	A1 | A5: 4
--------------
Threshold: 0,40
--------------
	A3 | A12: 35
	A3 | A12 | A13: 33
	A10 | A12: 28
	A12 | A13: 17
	A2 | A12 | A13: 10
	A10 | A13: 10
	A3 | A13: 9
	A3 | A5 | A12: 7
	A3 | A8 | A12: 6
	A2 | A3 | A12: 6
	A3 | A10 | A12: 6
	A5 | A12 | A13: 5
	A3 | A5 | A13: 4
	A3 | A11 | A12: 4
	A8 | A12 | A13: 4
--------------
Threshold: 0,50
--------------
	A3 | A12 | A13: 54
	A3 | A10 | A12: 19
	A10 | A12 | A13: 15
	A3 | A5 | A12 | A13: 13
	A3 | A5 | A12: 8
	A3 | A8 | A12 | A13: 8
	A2 | A12 | A13: 7
	A3 | A8 | A12: 6
	A2 | A3 | A12: 6
	A3 | A12: 6
	A3 | A11 | A12: 5
	A8 | A12 | A13: 5
	A3 | A10 | A12 | A13: 5
	A3 | A5 | A13: 4
	A5 | A12 | A13: 4
	A10 | A12: 4
	A1 | A3 | A12 | A13: 4
--------------
Threshold: 0,60
--------------
	A3 | A10 | A12 | A13: 30
	A3 | A5 | A12 | A13: 25
	A3 | A8 | A12 | A13: 20
	A3 | A12 | A13: 12
	A2 | A3 | A12 | A13: 9
	A3 | A11 | A12 | A13: 8
	A3 | A5 | A8 | A12 | A13: 7
	A3 | A10 | A12: 7
	A3 | A5 | A10 | A12 | A13: 7
	A1 | A3 | A12 | A13: 6
	A2 | A5 | A12 | A13: 5
	A10 | A12 | A13: 5
	A2 | A3 | A11 | A12: 5
	A3 | A10 | A11 | A12: 4
	A2 | A3 | A10 | A12 | A13: 4
	A3 | A5 | A10 | A12: 4
	A2 | A3 | A8 | A12 | A13: 4
	A3 | A8 | A11 | A12: 4
--------------
Threshold: 0,70
--------------
	A3 | A5 | A10 | A12 | A13: 22
	A3 | A5 | A8 | A12 | A13: 14
	A2 | A3 | A5 | A12 | A13: 14
	A3 | A10 | A11 | A12 | A13: 11
	A3 | A10 | A12 | A13: 11
	A1 | A3 | A5 | A12 | A13: 8
	A3 | A8 | A10 | A12 | A13: 7
	A3 | A8 | A12 | A13: 7
	A1 | A3 | A10 | A12 | A13: 6
	A1 | A3 | A5 | A10 | A12 | A13: 5
	A2 | A3 | A5 | A10 | A12 | A13: 5
	A1 | A3 | A8 | A12 | A13: 5
	A2 | A3 | A11 | A12 | A13: 5
	A3 | A11 | A12 | A13: 5
	A1 | A3 | A5 | A8 | A12 | A13: 5
	A1 | A2 | A3 | A12 | A13: 4
	A3 | A5 | A8 | A10 | A12 | A13: 4
	A1 | A2 | A3 | A5 | A12 | A13: 4
	A3 | A5 | A11 | A12 | A13: 4
	A3 | A5 | A10 | A11 | A12 | A13: 4
--------------
Threshold: 0,80
--------------
	A3 | A5 | A8 | A10 | A12 | A13: 10
	A1 | A3 | A5 | A8 | A11 | A12 | A13: 8
	A3 | A5 | A10 | A11 | A12 | A13: 8
	A3 | A8 | A10 | A11 | A12 | A13: 8
	A3 | A5 | A8 | A10 | A11 | A12 | A13: 7
	A1 | A2 | A3 | A5 | A10 | A12 | A13: 7
	A1 | A2 | A3 | A5 | A12 | A13: 6
	A3 | A5 | A10 | A12 | A13: 6
	A2 | A3 | A5 | A11 | A12 | A13: 6
	A1 | A2 | A3 | A5 | A11 | A12 | A13: 6
	A2 | A3 | A10 | A11 | A12 | A13: 6
	A1 | A3 | A5 | A10 | A12 | A13: 5
	A1 | A3 | A5 | A11 | A12 | A13: 5
	A1 | A2 | A3 | A10 | A12 | A13: 5
	A2 | A3 | A8 | A11 | A12 | A13: 4
	A2 | A3 | A5 | A8 | A11 | A12 | A13: 4
	A2 | A3 | A4 | A5 | A8 | A12 | A13: 4
	A3 | A10 | A11 | A12 | A13: 4
	A1 | A3 | A10 | A11 | A12 | A13: 4
	A2 | A3 | A5 | A8 | A12 | A13: 4
	A1 | A2 | A3 | A4 | A5 | A12 | A13: 4
*********************************************************************************
All potential concepts based on thresholds
	A12 A13 ~#~ A3 A12 ~#~ A10 A12 ~#~ A2 A12 ~#~ A2 A3 ~#~ A2 A5 ~#~ A3 A13 ~#~ A10 A13 ~#~ A5 A12 ~#~ A3 A5 ~#~ A8 A12 ~#~ A1 A5 ~#~ A3 A12 A13 ~#~ A2 A12 A13 ~#~ A3 A5 A12 ~#~ A3 A8 A12 ~#~ A2 A3 A12 ~#~ A3 A10 A12 ~#~ A5 A12 A13 ~#~ A3 A5 A13 ~#~ A3 A11 A12 ~#~ A8 A12 A13 ~#~ A10 A12 A13 ~#~ A3 A5 A12 A13 ~#~ A3 A8 A12 A13 ~#~ A3 A10 A12 A13 ~#~ A1 A3 A12 A13 ~#~ A2 A3 A12 A13 ~#~ A3 A11 A12 A13 ~#~ A3 A5 A8 A12 A13 ~#~ A3 A5 A10 A12 A13 ~#~ A2 A5 A12 A13 ~#~ A2 A3 A11 A12 ~#~ A3 A10 A11 A12 ~#~ A2 A3 A10 A12 A13 ~#~ A3 A5 A10 A12 ~#~ A2 A3 A8 A12 A13 ~#~ A3 A8 A11 A12 ~#~ A2 A3 A5 A12 A13 ~#~ A3 A10 A11 A12 A13 ~#~ A1 A3 A5 A12 A13 ~#~ A3 A8 A10 A12 A13 ~#~ A1 A3 A10 A12 A13 ~#~ A1 A3 A5 A10 A12 A13 ~#~ A2 A3 A5 A10 A12 A13 ~#~ A1 A3 A8 A12 A13 ~#~ A2 A3 A11 A12 A13 ~#~ A1 A3 A5 A8 A12 A13 ~#~ A1 A2 A3 A12 A13 ~#~ A3 A5 A8 A10 A12 A13 ~#~ A1 A2 A3 A5 A12 A13 ~#~ A3 A5 A11 A12 A13 ~#~ A3 A5 A10 A11 A12 A13 ~#~ A1 A3 A5 A8 A11 A12 A13 ~#~ A3 A8 A10 A11 A12 A13 ~#~ A3 A5 A8 A10 A11 A12 A13 ~#~ A1 A2 A3 A5 A10 A12 A13 ~#~ A2 A3 A5 A11 A12 A13 ~#~ A1 A2 A3 A5 A11 A12 A13 ~#~ A2 A3 A10 A11 A12 A13 ~#~ A1 A3 A5 A11 A12 A13 ~#~ A1 A2 A3 A10 A12 A13 ~#~ A2 A3 A8 A11 A12 A13 ~#~ A2 A3 A5 A8 A11 A12 A13 ~#~ A2 A3 A4 A5 A8 A12 A13 ~#~ A1 A3 A10 A11 A12 A13 ~#~ A2 A3 A5 A8 A12 A13 ~#~ A1 A2 A3 A4 A5 A12 A13 ~#~ 
*********************************************************************************
We remove max(NOISE,minNoise) groups, NOISE=1.0% -> 2, minNoise=3 we remove groups of size 3. Tree SHAP num of expl. inst. 243 (fold 5). Explaining class: 2).
Lower threshold thrL: 0.1 upper threshold thrU: 0.8 with step: 0.1
								--------------
									Fold  5
								--------------
--------------
Threshold: 0,10
--------------
	A13: 94
	A3: 65
	A12: 33
	A5: 29
	A10: 15
	A2: 7
--------------
Threshold: 0,20
--------------
	A13: 57
	A3: 38
	A12: 27
	A3 | A13: 23
	A12 | A13: 16
	A5: 15
	A5 | A13: 14
	A10: 11
	A3 | A5: 11
	A3 | A12: 8
	A10 | A13: 5
	A2 | A3: 5
--------------
Threshold: 0,30
--------------
	A3 | A13: 72
	A12 | A13: 44
	A3 | A12: 34
	A5 | A13: 22
	A3 | A5: 18
	A10 | A13: 11
	A2 | A3: 10
	A3 | A10: 5
	A10 | A12: 5
	A5 | A12: 4
--------------
Threshold: 0,40
--------------
	A3 | A12 | A13: 45
	A3 | A13: 32
	A3 | A5 | A13: 27
	A3 | A12: 21
	A12 | A13: 18
	A3 | A5 | A12: 17
	A2 | A3 | A13: 16
	A5 | A12 | A13: 8
	A10 | A13: 6
	A10 | A12: 5
	A5 | A13: 5
	A2 | A3 | A5: 5
	A2 | A5 | A13: 4
	A3 | A10: 4
	A3 | A10 | A13: 4
--------------
Threshold: 0,50
--------------
	A3 | A12 | A13: 78
	A3 | A5 | A13: 26
	A3 | A5 | A12 | A13: 21
	A3 | A5 | A12: 16
	A2 | A3 | A13: 14
	A2 | A3 | A5 | A13: 9
	A3 | A10 | A12 | A13: 8
	A3 | A10 | A12: 7
	A3 | A10 | A13: 7
	A10 | A12 | A13: 7
	A5 | A12 | A13: 6
	A2 | A3 | A12 | A13: 5
	A3 | A8 | A12 | A13: 4
--------------
Threshold: 0,60
--------------
	A3 | A5 | A12 | A13: 70
	A3 | A10 | A12 | A13: 29
	A3 | A12 | A13: 28
	A2 | A3 | A12 | A13: 20
	A2 | A3 | A5 | A13: 13
	A3 | A8 | A12 | A13: 10
	A2 | A3 | A5 | A12 | A13: 7
	A3 | A5 | A8 | A12 | A13: 6
	A3 | A4 | A12 | A13: 5
	A3 | A11 | A12 | A13: 4
--------------
Threshold: 0,70
--------------
	A2 | A3 | A5 | A12 | A13: 28
	A3 | A5 | A12 | A13: 24
	A3 | A5 | A8 | A12 | A13: 22
	A3 | A5 | A10 | A12 | A13: 18
	A3 | A5 | A11 | A12 | A13: 14
	A3 | A8 | A12 | A13: 10
	A1 | A3 | A5 | A12 | A13: 9
	A3 | A5 | A8 | A10 | A12 | A13: 8
	A3 | A10 | A11 | A12 | A13: 7
	A2 | A3 | A8 | A12 | A13: 7
	A3 | A10 | A12 | A13: 6
	A3 | A4 | A10 | A12 | A13: 5
	A2 | A3 | A10 | A12 | A13: 5
	A3 | A11 | A12 | A13: 5
	A3 | A4 | A5 | A12 | A13: 4
	A2 | A3 | A11 | A12 | A13: 4
	A2 | A3 | A5 | A8 | A12 | A13: 4
--------------
Threshold: 0,80
--------------
	A2 | A3 | A5 | A11 | A12 | A13: 16
	A3 | A5 | A8 | A11 | A12 | A13: 15
	A2 | A3 | A4 | A5 | A12 | A13: 8
	A2 | A3 | A5 | A8 | A11 | A12 | A13: 7
	A2 | A3 | A5 | A8 | A12 | A13: 7
	A1 | A2 | A3 | A5 | A12 | A13: 6
	A3 | A5 | A10 | A11 | A12 | A13: 6
	A2 | A3 | A5 | A8 | A10 | A12 | A13: 6
	A1 | A2 | A3 | A5 | A11 | A12 | A13: 6
	A2 | A3 | A5 | A10 | A11 | A12 | A13: 5
	A2 | A3 | A8 | A11 | A12 | A13: 5
	A2 | A3 | A8 | A10 | A11 | A12 | A13: 5
	A3 | A5 | A11 | A12 | A13: 5
	A1 | A3 | A5 | A11 | A12 | A13: 5
	A1 | A3 | A5 | A8 | A12 | A13: 5
	A3 | A5 | A8 | A12 | A13: 4
	A3 | A5 | A7 | A11 | A12 | A13: 4
	A3 | A4 | A5 | A10 | A12 | A13: 4
*********************************************************************************
All potential concepts based on thresholds
	A3 A13 ~#~ A12 A13 ~#~ A5 A13 ~#~ A3 A5 ~#~ A3 A12 ~#~ A10 A13 ~#~ A2 A3 ~#~ A3 A10 ~#~ A10 A12 ~#~ A5 A12 ~#~ A3 A12 A13 ~#~ A3 A5 A13 ~#~ A3 A5 A12 ~#~ A2 A3 A13 ~#~ A5 A12 A13 ~#~ A2 A3 A5 ~#~ A2 A5 A13 ~#~ A3 A10 A13 ~#~ A3 A5 A12 A13 ~#~ A2 A3 A5 A13 ~#~ A3 A10 A12 A13 ~#~ A3 A10 A12 ~#~ A10 A12 A13 ~#~ A2 A3 A12 A13 ~#~ A3 A8 A12 A13 ~#~ A2 A3 A5 A12 A13 ~#~ A3 A5 A8 A12 A13 ~#~ A3 A4 A12 A13 ~#~ A3 A11 A12 A13 ~#~ A3 A5 A10 A12 A13 ~#~ A3 A5 A11 A12 A13 ~#~ A1 A3 A5 A12 A13 ~#~ A3 A5 A8 A10 A12 A13 ~#~ A3 A10 A11 A12 A13 ~#~ A2 A3 A8 A12 A13 ~#~ A3 A4 A10 A12 A13 ~#~ A2 A3 A10 A12 A13 ~#~ A3 A4 A5 A12 A13 ~#~ A2 A3 A11 A12 A13 ~#~ A2 A3 A5 A8 A12 A13 ~#~ A2 A3 A5 A11 A12 A13 ~#~ A3 A5 A8 A11 A12 A13 ~#~ A2 A3 A4 A5 A12 A13 ~#~ A2 A3 A5 A8 A11 A12 A13 ~#~ A1 A2 A3 A5 A12 A13 ~#~ A3 A5 A10 A11 A12 A13 ~#~ A2 A3 A5 A8 A10 A12 A13 ~#~ A1 A2 A3 A5 A11 A12 A13 ~#~ A2 A3 A5 A10 A11 A12 A13 ~#~ A2 A3 A8 A11 A12 A13 ~#~ A2 A3 A8 A10 A11 A12 A13 ~#~ A1 A3 A5 A11 A12 A13 ~#~ A1 A3 A5 A8 A12 A13 ~#~ A3 A5 A7 A11 A12 A13 ~#~ A3 A4 A5 A10 A12 A13 ~#~ 
*********************************************************************************
We remove max(NOISE,minNoise) groups, NOISE=1.0% -> 2, minNoise=3 we remove groups of size 3. Tree SHAP num of expl. inst. 243 (fold 6). Explaining class: 2).
Lower threshold thrL: 0.1 upper threshold thrU: 0.8 with step: 0.1
								--------------
									Fold  6
								--------------
--------------
Threshold: 0,10
--------------
	A12: 104
	A13: 44
	A3: 33
	A10: 24
	A2: 14
	A5: 14
	A8: 10
--------------
Threshold: 0,20
--------------
	A12: 85
	A13: 28
	A3 | A12: 17
	A10: 15
	A12 | A13: 15
	A2 | A3: 10
	A3: 9
	A8 | A12: 8
	A3 | A13: 8
	A10 | A13: 6
	A2: 5
	A5: 5
	A3 | A8: 4
	A3 | A10: 4
	A5 | A12: 4
--------------
Threshold: 0,30
--------------
	A12 | A13: 56
	A3 | A12: 50
	A10 | A12: 25
	A3 | A13: 20
	A2 | A3: 15
	A10 | A13: 12
	A5 | A12: 11
	A8 | A12: 10
	A12: 8
	A10: 4
	A3 | A8: 4
	A2 | A12: 4
--------------
Threshold: 0,40
--------------
	A3 | A12 | A13: 41
	A3 | A12: 35
	A12 | A13: 29
	A10 | A12: 20
	A10 | A12 | A13: 14
	A2 | A3 | A12: 12
	A8 | A12 | A13: 10
	A3 | A13: 8
	A3 | A8 | A12: 7
	A2 | A3 | A13: 7
	A5 | A12: 7
	A3 | A5 | A12: 6
	A5 | A8 | A12: 6
	A3 | A10 | A12: 4
	A3 | A10 | A13: 4
--------------
Threshold: 0,50
--------------
	A3 | A12 | A13: 84
	A10 | A12 | A13: 29
	A3 | A5 | A12: 12
	A8 | A12 | A13: 11
	A3 | A8 | A12: 11
	A3 | A10 | A12: 8
	A2 | A3 | A12: 7
	A2 | A3 | A13: 7
	A2 | A3 | A12 | A13: 6
	A3 | A12: 5
	A3 | A5 | A12 | A13: 4
	A3 | A8 | A12 | A13: 4
--------------
Threshold: 0,60
--------------
	A3 | A10 | A12 | A13: 38
	A3 | A8 | A12 | A13: 35
	A3 | A5 | A12 | A13: 30
	A2 | A3 | A12 | A13: 29
	A3 | A12 | A13: 22
	A3 | A5 | A8 | A12: 9
	A1 | A3 | A12 | A13: 9
	A3 | A10 | A12: 7
	A5 | A10 | A12 | A13: 4
--------------
Threshold: 0,70
--------------
	A3 | A5 | A8 | A12 | A13: 25
	A3 | A10 | A12 | A13: 22
	A2 | A3 | A8 | A12 | A13: 19
	A1 | A2 | A3 | A12 | A13: 14
	A3 | A5 | A10 | A12 | A13: 13
	A3 | A8 | A10 | A12 | A13: 12
	A3 | A5 | A12 | A13: 12
	A3 | A8 | A12 | A13: 11
	A2 | A3 | A10 | A12 | A13: 10
	A2 | A3 | A11 | A12 | A13: 9
	A3 | A8 | A11 | A12 | A13: 8
	A1 | A3 | A5 | A12 | A13: 8
	A2 | A3 | A5 | A12 | A13: 8
	A3 | A10 | A11 | A12 | A13: 7
	A3 | A11 | A12 | A13: 7
	A2 | A3 | A12 | A13: 6
	A3 | A5 | A11 | A12 | A13: 4
	A1 | A3 | A8 | A12 | A13: 4
--------------
Threshold: 0,80
--------------
	A3 | A5 | A8 | A11 | A12 | A13: 21
	A2 | A3 | A8 | A11 | A12 | A13: 19
	A1 | A2 | A3 | A8 | A12 | A13: 14
	A3 | A8 | A10 | A11 | A12 | A13: 11
	A3 | A5 | A8 | A10 | A12 | A13: 10
	A1 | A2 | A3 | A11 | A12 | A13: 10
	A3 | A5 | A10 | A11 | A12 | A13: 10
	A2 | A3 | A5 | A8 | A12 | A13: 9
	A2 | A3 | A11 | A12 | A13: 7
	A1 | A2 | A3 | A10 | A12 | A13: 7
	A1 | A2 | A3 | A5 | A12 | A13: 5
	A2 | A3 | A5 | A8 | A11 | A12 | A13: 5
	A1 | A3 | A5 | A12 | A13: 5
	A1 | A2 | A3 | A5 | A8 | A12 | A13: 5
	A2 | A3 | A5 | A11 | A12 | A13: 5
	A2 | A3 | A10 | A11 | A12 | A13: 5
	A2 | A3 | A5 | A10 | A12 | A13: 4
	A3 | A5 | A8 | A12 | A13: 4
	A3 | A5 | A11 | A12 | A13: 4
	A3 | A10 | A11 | A12 | A13: 4
	A1 | A3 | A8 | A10 | A11 | A12 | A13: 4
	A1 | A2 | A3 | A8 | A10 | A12 | A13: 4
	A2 | A3 | A8 | A10 | A12 | A13: 4
*********************************************************************************
All potential concepts based on thresholds
	A3 A12 ~#~ A12 A13 ~#~ A2 A3 ~#~ A8 A12 ~#~ A3 A13 ~#~ A10 A13 ~#~ A3 A8 ~#~ A3 A10 ~#~ A5 A12 ~#~ A10 A12 ~#~ A2 A12 ~#~ A3 A12 A13 ~#~ A10 A12 A13 ~#~ A2 A3 A12 ~#~ A8 A12 A13 ~#~ A3 A8 A12 ~#~ A2 A3 A13 ~#~ A3 A5 A12 ~#~ A5 A8 A12 ~#~ A3 A10 A12 ~#~ A3 A10 A13 ~#~ A2 A3 A12 A13 ~#~ A3 A5 A12 A13 ~#~ A3 A8 A12 A13 ~#~ A3 A10 A12 A13 ~#~ A3 A5 A8 A12 ~#~ A1 A3 A12 A13 ~#~ A5 A10 A12 A13 ~#~ A3 A5 A8 A12 A13 ~#~ A2 A3 A8 A12 A13 ~#~ A1 A2 A3 A12 A13 ~#~ A3 A5 A10 A12 A13 ~#~ A3 A8 A10 A12 A13 ~#~ A2 A3 A10 A12 A13 ~#~ A2 A3 A11 A12 A13 ~#~ A3 A8 A11 A12 A13 ~#~ A1 A3 A5 A12 A13 ~#~ A2 A3 A5 A12 A13 ~#~ A3 A10 A11 A12 A13 ~#~ A3 A11 A12 A13 ~#~ A3 A5 A11 A12 A13 ~#~ A1 A3 A8 A12 A13 ~#~ A3 A5 A8 A11 A12 A13 ~#~ A2 A3 A8 A11 A12 A13 ~#~ A1 A2 A3 A8 A12 A13 ~#~ A3 A8 A10 A11 A12 A13 ~#~ A3 A5 A8 A10 A12 A13 ~#~ A1 A2 A3 A11 A12 A13 ~#~ A3 A5 A10 A11 A12 A13 ~#~ A2 A3 A5 A8 A12 A13 ~#~ A1 A2 A3 A10 A12 A13 ~#~ A1 A2 A3 A5 A12 A13 ~#~ A2 A3 A5 A8 A11 A12 A13 ~#~ A1 A2 A3 A5 A8 A12 A13 ~#~ A2 A3 A5 A11 A12 A13 ~#~ A2 A3 A10 A11 A12 A13 ~#~ A2 A3 A5 A10 A12 A13 ~#~ A1 A3 A8 A10 A11 A12 A13 ~#~ A1 A2 A3 A8 A10 A12 A13 ~#~ A2 A3 A8 A10 A12 A13 ~#~ 
*********************************************************************************
We remove max(NOISE,minNoise) groups, NOISE=1.0% -> 2, minNoise=3 we remove groups of size 3. Tree SHAP num of expl. inst. 243 (fold 7). Explaining class: 2).
Lower threshold thrL: 0.1 upper threshold thrU: 0.8 with step: 0.1
								--------------
									Fold  7
								--------------
--------------
Threshold: 0,10
--------------
	A13: 80
	A12: 67
	A10: 35
	A2: 26
	A8: 20
	A5: 12
--------------
Threshold: 0,20
--------------
	A13: 64
	A12: 58
	A10: 31
	A2: 17
	A12 | A13: 15
	A8: 12
	A5: 8
	A2 | A13: 5
	A8 | A13: 5
	A2 | A12: 4
--------------
Threshold: 0,30
--------------
	A12 | A13: 72
	A2 | A13: 26
	A8 | A13: 25
	A10 | A12: 21
	A10 | A13: 16
	A2 | A12: 12
	A12: 10
	A5 | A13: 10
	A5 | A12: 8
	A8 | A12: 7
	A3 | A13: 7
	A10: 5
	A3 | A12: 5
--------------
Threshold: 0,40
--------------
	A12 | A13: 51
	A10 | A12: 20
	A5 | A12 | A13: 17
	A3 | A12 | A13: 17
	A2 | A13: 16
	A2 | A12 | A13: 15
	A8 | A12 | A13: 12
	A8 | A13: 11
	A10 | A13: 10
	A10 | A12 | A13: 10
	A2 | A8 | A13: 8
	A2 | A10 | A13: 7
	A2 | A12: 6
	A5 | A8 | A13: 5
	A3 | A12: 5
	A8 | A12: 4
--------------
Threshold: 0,50
--------------
	A3 | A12 | A13: 37
	A10 | A12 | A13: 30
	A8 | A12 | A13: 28
	A2 | A12 | A13: 27
	A5 | A12 | A13: 17
	A3 | A5 | A12 | A13: 8
	A2 | A8 | A12 | A13: 8
	A12 | A13: 8
	A2 | A10 | A13: 7
	A3 | A10 | A12: 5
	A5 | A8 | A12 | A13: 5
	A5 | A8 | A13: 4
--------------
Threshold: 0,60
--------------
	A3 | A5 | A12 | A13: 26
	A3 | A8 | A12 | A13: 23
	A3 | A12 | A13: 18
	A3 | A10 | A12 | A13: 17
	A2 | A8 | A12 | A13: 17
	A2 | A3 | A12 | A13: 15
	A5 | A10 | A12 | A13: 14
	A10 | A12 | A13: 11
	A2 | A10 | A12 | A13: 10
	A5 | A8 | A12 | A13: 10
	A2 | A12 | A13: 9
	A2 | A5 | A12 | A13: 9
	A8 | A12 | A13: 6
	A8 | A10 | A12 | A13: 4
	A3 | A5 | A8 | A12 | A13: 4
--------------
Threshold: 0,70
--------------
	A3 | A5 | A8 | A12 | A13: 29
	A2 | A3 | A5 | A12 | A13: 22
	A3 | A5 | A10 | A12 | A13: 18
	A2 | A3 | A8 | A12 | A13: 17
	A3 | A8 | A10 | A12 | A13: 15
	A3 | A10 | A12 | A13: 14
	A2 | A3 | A12 | A13: 12
	A2 | A5 | A8 | A12 | A13: 10
	A3 | A8 | A12 | A13: 9
	A2 | A3 | A10 | A12 | A13: 8
	A2 | A10 | A12 | A13: 5
	A2 | A3 | A4 | A12 | A13: 4
	A2 | A8 | A10 | A12 | A13: 4
	A2 | A3 | A5 | A10 | A12 | A13: 4
	A2 | A3 | A5 | A8 | A12 | A13: 4
--------------
Threshold: 0,80
--------------
	A2 | A3 | A5 | A8 | A12 | A13: 45
	A2 | A3 | A5 | A10 | A12 | A13: 15
	A2 | A3 | A5 | A8 | A10 | A12 | A13: 15
	A2 | A3 | A8 | A10 | A12 | A13: 12
	A3 | A5 | A8 | A10 | A12 | A13: 9
	A2 | A3 | A4 | A5 | A8 | A12 | A13: 9
	A2 | A3 | A8 | A12 | A13: 8
	A1 | A2 | A3 | A5 | A8 | A12 | A13: 8
	A1 | A3 | A5 | A8 | A12 | A13: 7
	A1 | A2 | A3 | A5 | A12 | A13: 6
	A2 | A3 | A10 | A12 | A13: 6
	A2 | A3 | A5 | A12 | A13: 5
	A3 | A8 | A10 | A12 | A13: 4
	A1 | A2 | A3 | A4 | A8 | A12 | A13: 4
	A2 | A3 | A4 | A5 | A10 | A12 | A13: 4
	A2 | A3 | A7 | A12 | A13: 4
*********************************************************************************
All potential concepts based on thresholds
	A12 A13 ~#~ A2 A13 ~#~ A8 A13 ~#~ A2 A12 ~#~ A10 A12 ~#~ A10 A13 ~#~ A5 A13 ~#~ A5 A12 ~#~ A8 A12 ~#~ A3 A13 ~#~ A3 A12 ~#~ A5 A12 A13 ~#~ A3 A12 A13 ~#~ A2 A12 A13 ~#~ A8 A12 A13 ~#~ A10 A12 A13 ~#~ A2 A8 A13 ~#~ A2 A10 A13 ~#~ A5 A8 A13 ~#~ A3 A5 A12 A13 ~#~ A2 A8 A12 A13 ~#~ A3 A10 A12 ~#~ A5 A8 A12 A13 ~#~ A3 A8 A12 A13 ~#~ A3 A10 A12 A13 ~#~ A2 A3 A12 A13 ~#~ A5 A10 A12 A13 ~#~ A2 A10 A12 A13 ~#~ A2 A5 A12 A13 ~#~ A8 A10 A12 A13 ~#~ A3 A5 A8 A12 A13 ~#~ A2 A3 A5 A12 A13 ~#~ A3 A5 A10 A12 A13 ~#~ A2 A3 A8 A12 A13 ~#~ A3 A8 A10 A12 A13 ~#~ A2 A5 A8 A12 A13 ~#~ A2 A3 A10 A12 A13 ~#~ A2 A3 A4 A12 A13 ~#~ A2 A8 A10 A12 A13 ~#~ A2 A3 A5 A10 A12 A13 ~#~ A2 A3 A5 A8 A12 A13 ~#~ A2 A3 A5 A8 A10 A12 A13 ~#~ A2 A3 A8 A10 A12 A13 ~#~ A3 A5 A8 A10 A12 A13 ~#~ A2 A3 A4 A5 A8 A12 A13 ~#~ A1 A2 A3 A5 A8 A12 A13 ~#~ A1 A3 A5 A8 A12 A13 ~#~ A1 A2 A3 A5 A12 A13 ~#~ A1 A2 A3 A4 A8 A12 A13 ~#~ A2 A3 A4 A5 A10 A12 A13 ~#~ A2 A3 A7 A12 A13 ~#~ 
*********************************************************************************
We remove max(NOISE,minNoise) groups, NOISE=1.0% -> 2, minNoise=3 we remove groups of size 3. Tree SHAP num of expl. inst. 243 (fold 8). Explaining class: 2).
Lower threshold thrL: 0.1 upper threshold thrU: 0.8 with step: 0.1
								--------------
									Fold  8
								--------------
--------------
Threshold: 0,10
--------------
	A12: 82
	A3: 44
	A13: 39
	A10: 35
	A2: 34
	A5: 4
	A8: 4
--------------
Threshold: 0,20
--------------
	A12: 52
	A3: 26
	A10: 26
	A13: 20
	A3 | A12: 19
	A2: 18
	A12 | A13: 15
	A2 | A3: 13
	A3 | A13: 11
	A2 | A12: 8
	A10 | A13: 7
	A10 | A12: 6
	A5 | A12: 5
	A8 | A12: 5
--------------
Threshold: 0,30
--------------
	A3 | A12: 64
	A3 | A13: 27
	A12 | A13: 27
	A2 | A3: 26
	A10 | A12: 21
	A10 | A13: 11
	A2 | A12: 10
	A10: 7
	A5 | A12: 7
	A8 | A12: 6
	A2 | A13: 5
	A5 | A13: 5
	A3 | A10: 4
	A2 | A10: 4
--------------
Threshold: 0,40
--------------
	A3 | A12 | A13: 44
	A3 | A12: 35
	A2 | A3 | A12: 17
	A2 | A3 | A13: 14
	A10 | A12: 13
	A3 | A10 | A12: 11
	A3 | A13: 11
	A2 | A12 | A13: 9
	A10 | A12 | A13: 9
	A12 | A13: 9
	A3 | A5 | A12: 6
	A8 | A12 | A13: 6
	A3 | A8 | A12: 5
	A1 | A3 | A12: 5
	A3 | A10 | A13: 4
	A2 | A3: 4
--------------
Threshold: 0,50
--------------
	A3 | A12 | A13: 61
	A2 | A3 | A12 | A13: 18
	A2 | A3 | A12: 13
	A3 | A10 | A12: 13
	A3 | A5 | A12 | A13: 13
	A2 | A3 | A13: 11
	A10 | A12 | A13: 11
	A3 | A8 | A12 | A13: 10
	A3 | A5 | A12: 8
	A3 | A10 | A12 | A13: 8
	A3 | A12: 7
	A10 | A12: 4
	A1 | A3 | A12 | A13: 4
--------------
Threshold: 0,60
--------------
	A2 | A3 | A12 | A13: 43
	A3 | A5 | A12 | A13: 23
	A3 | A10 | A12 | A13: 23
	A3 | A8 | A12 | A13: 13
	A3 | A12 | A13: 11
	A2 | A3 | A10 | A12 | A13: 10
	A2 | A3 | A8 | A12 | A13: 9
	A3 | A11 | A12 | A13: 8
	A1 | A3 | A12 | A13: 8
	A2 | A3 | A5 | A12 | A13: 7
	A3 | A5 | A8 | A12 | A13: 5
	A2 | A3 | A10 | A12: 4
	A1 | A2 | A3 | A12 | A13: 4
	A3 | A7 | A12 | A13: 4
	A3 | A8 | A10 | A12 | A13: 4
	A3 | A10 | A12: 4
	A3 | A5 | A10 | A12 | A13: 4
--------------
Threshold: 0,70
--------------
	A1 | A2 | A3 | A12 | A13: 17
	A2 | A3 | A5 | A12 | A13: 15
	A2 | A3 | A11 | A12 | A13: 14
	A3 | A10 | A11 | A12 | A13: 12
	A2 | A3 | A10 | A12 | A13: 11
	A2 | A3 | A8 | A12 | A13: 11
	A3 | A5 | A10 | A12 | A13: 10
	A2 | A3 | A5 | A8 | A12 | A13: 10
	A2 | A3 | A12 | A13: 9
	A3 | A5 | A8 | A12 | A13: 8
	A2 | A3 | A5 | A10 | A12 | A13: 7
	A1 | A3 | A5 | A12 | A13: 7
	A1 | A2 | A3 | A5 | A12 | A13: 6
	A2 | A3 | A5 | A11 | A12 | A13: 6
	A2 | A3 | A8 | A11 | A12 | A13: 5
	A3 | A10 | A12 | A13: 5
	A2 | A3 | A10 | A11 | A12 | A13: 5
--------------
Threshold: 0,80
--------------
	A2 | A3 | A10 | A11 | A12 | A13: 12
	A2 | A3 | A5 | A10 | A11 | A12 | A13: 9
	A2 | A3 | A5 | A8 | A12 | A13: 8
	A1 | A2 | A3 | A5 | A12 | A13: 7
	A2 | A3 | A4 | A5 | A8 | A12 | A13: 7
	A1 | A2 | A3 | A5 | A11 | A12 | A13: 6
	A2 | A3 | A8 | A11 | A12 | A13: 5
	A2 | A3 | A5 | A10 | A12 | A13: 5
	A2 | A3 | A8 | A10 | A11 | A12 | A13: 5
	A1 | A2 | A3 | A8 | A11 | A12 | A13: 5
	A1 | A2 | A3 | A11 | A12 | A13: 5
	A1 | A2 | A3 | A10 | A11 | A12 | A13: 5
	A1 | A2 | A3 | A4 | A5 | A12 | A13: 5
	A2 | A3 | A5 | A7 | A12 | A13: 4
	A3 | A5 | A10 | A11 | A12 | A13: 4
	A1 | A2 | A3 | A5 | A8 | A12 | A13: 4
	A3 | A5 | A7 | A8 | A10 | A12 | A13: 4
	A2 | A3 | A5 | A7 | A10 | A12 | A13: 4
	A2 | A3 | A5 | A11 | A12 | A13: 4
	A2 | A3 | A4 | A5 | A11 | A12 | A13: 4
	A1 | A2 | A3 | A10 | A12 | A13: 4
*********************************************************************************
All potential concepts based on thresholds
	A3 A12 ~#~ A12 A13 ~#~ A2 A3 ~#~ A3 A13 ~#~ A2 A12 ~#~ A10 A13 ~#~ A10 A12 ~#~ A5 A12 ~#~ A8 A12 ~#~ A2 A13 ~#~ A5 A13 ~#~ A3 A10 ~#~ A2 A10 ~#~ A3 A12 A13 ~#~ A2 A3 A12 ~#~ A2 A3 A13 ~#~ A3 A10 A12 ~#~ A2 A12 A13 ~#~ A10 A12 A13 ~#~ A3 A5 A12 ~#~ A8 A12 A13 ~#~ A3 A8 A12 ~#~ A1 A3 A12 ~#~ A3 A10 A13 ~#~ A2 A3 A12 A13 ~#~ A3 A5 A12 A13 ~#~ A3 A8 A12 A13 ~#~ A3 A10 A12 A13 ~#~ A1 A3 A12 A13 ~#~ A2 A3 A10 A12 A13 ~#~ A2 A3 A8 A12 A13 ~#~ A3 A11 A12 A13 ~#~ A2 A3 A5 A12 A13 ~#~ A3 A5 A8 A12 A13 ~#~ A2 A3 A10 A12 ~#~ A1 A2 A3 A12 A13 ~#~ A3 A7 A12 A13 ~#~ A3 A8 A10 A12 A13 ~#~ A3 A5 A10 A12 A13 ~#~ A2 A3 A11 A12 A13 ~#~ A3 A10 A11 A12 A13 ~#~ A2 A3 A5 A8 A12 A13 ~#~ A2 A3 A5 A10 A12 A13 ~#~ A1 A3 A5 A12 A13 ~#~ A1 A2 A3 A5 A12 A13 ~#~ A2 A3 A5 A11 A12 A13 ~#~ A2 A3 A8 A11 A12 A13 ~#~ A2 A3 A10 A11 A12 A13 ~#~ A2 A3 A5 A10 A11 A12 A13 ~#~ A2 A3 A4 A5 A8 A12 A13 ~#~ A1 A2 A3 A5 A11 A12 A13 ~#~ A2 A3 A8 A10 A11 A12 A13 ~#~ A1 A2 A3 A8 A11 A12 A13 ~#~ A1 A2 A3 A11 A12 A13 ~#~ A1 A2 A3 A10 A11 A12 A13 ~#~ A1 A2 A3 A4 A5 A12 A13 ~#~ A2 A3 A5 A7 A12 A13 ~#~ A3 A5 A10 A11 A12 A13 ~#~ A1 A2 A3 A5 A8 A12 A13 ~#~ A3 A5 A7 A8 A10 A12 A13 ~#~ A2 A3 A5 A7 A10 A12 A13 ~#~ A2 A3 A4 A5 A11 A12 A13 ~#~ A1 A2 A3 A10 A12 A13 ~#~ 
*********************************************************************************
We remove max(NOISE,minNoise) groups, NOISE=1.0% -> 2, minNoise=3 we remove groups of size 3. Tree SHAP num of expl. inst. 243 (fold 9). Explaining class: 2).
Lower threshold thrL: 0.1 upper threshold thrU: 0.8 with step: 0.1
								--------------
									Fold  9
								--------------
--------------
Threshold: 0,10
--------------
	A12: 82
	A3: 68
	A10: 30
	A2: 22
	A13: 18
	A5: 11
	A1: 6
--------------
Threshold: 0,20
--------------
	A12: 62
	A3: 50
	A10: 26
	A2 | A3: 19
	A3 | A12: 18
	A13: 13
	A2: 9
	A1 | A3: 6
	A5 | A12: 5
	A8 | A12: 4
	A12 | A13: 4
--------------
Threshold: 0,30
--------------
	A3 | A12: 73
	A2 | A3: 34
	A3 | A13: 27
	A10 | A12: 25
	A12 | A13: 12
	A12: 9
	A10 | A13: 9
	A5 | A12: 8
	A3 | A10: 7
	A1 | A3: 7
	A3 | A5: 6
	A8 | A12: 5
	A1 | A12: 4
--------------
Threshold: 0,40
--------------
	A3 | A12: 55
	A3 | A13: 25
	A2 | A3 | A12: 20
	A10 | A12: 20
	A3 | A12 | A13: 17
	A2 | A3: 10
	A3 | A5 | A12: 8
	A3 | A10 | A12: 8
	A10 | A13: 7
	A1 | A3 | A12: 7
	A12 | A13: 7
	A3 | A10: 6
	A3 | A5 | A13: 5
	A1 | A2 | A3: 5
	A5 | A12: 4
--------------
Threshold: 0,50
--------------
	A3 | A12 | A13: 61
	A3 | A10 | A12: 25
	A2 | A3 | A12: 19
	A3 | A12: 16
	A1 | A3 | A12: 11
	A3 | A5 | A12: 10
	A2 | A3 | A12 | A13: 8
	A3 | A10 | A13: 8
	A2 | A3 | A13: 7
	A3 | A5 | A13: 6
	A10 | A12 | A13: 5
	A1 | A2 | A3: 4
	A3 | A5 | A12 | A13: 4
	A3 | A10 | A12 | A13: 4
	A3 | A13: 4
--------------
Threshold: 0,60
--------------
	A3 | A12 | A13: 39
	A3 | A10 | A12 | A13: 33
	A3 | A5 | A12 | A13: 26
	A2 | A3 | A12 | A13: 16
	A1 | A3 | A12 | A13: 14
	A3 | A10 | A12: 11
	A3 | A8 | A12 | A13: 10
	A1 | A3 | A5 | A12: 9
	A1 | A2 | A3 | A12: 8
	A2 | A3 | A5 | A12: 7
	A3 | A8 | A12: 4
--------------
Threshold: 0,70
--------------
	A3 | A10 | A12 | A13: 22
	A3 | A5 | A10 | A12 | A13: 17
	A3 | A5 | A12 | A13: 16
	A3 | A5 | A8 | A12 | A13: 15
	A2 | A3 | A12 | A13: 12
	A1 | A3 | A5 | A12 | A13: 12
	A1 | A2 | A3 | A12 | A13: 11
	A3 | A8 | A12 | A13: 10
	A2 | A3 | A5 | A12 | A13: 10
	A1 | A3 | A12 | A13: 9
	A2 | A3 | A10 | A12 | A13: 8
	A1 | A3 | A8 | A12 | A13: 7
	A2 | A3 | A8 | A12 | A13: 7
	A3 | A8 | A10 | A12 | A13: 6
	A1 | A2 | A3 | A5 | A12: 5
	A1 | A3 | A10 | A12 | A13: 5
	A3 | A12 | A13: 5
--------------
Threshold: 0,80
--------------
	A1 | A2 | A3 | A5 | A12 | A13: 22
	A2 | A3 | A5 | A8 | A12 | A13: 12
	A1 | A3 | A5 | A8 | A12 | A13: 9
	A1 | A2 | A3 | A8 | A12 | A13: 8
	A2 | A3 | A5 | A10 | A12 | A13: 8
	A1 | A2 | A3 | A12 | A13: 7
	A1 | A3 | A5 | A10 | A12 | A13: 7
	A1 | A2 | A3 | A10 | A12 | A13: 7
	A2 | A3 | A10 | A12 | A13: 6
	A1 | A2 | A3 | A5 | A8 | A12 | A13: 6
	A2 | A3 | A8 | A10 | A12 | A13: 6
	A3 | A5 | A8 | A10 | A12 | A13: 5
	A1 | A2 | A3 | A11 | A12 | A13: 5
	A2 | A3 | A5 | A12 | A13: 5
	A1 | A2 | A3 | A5 | A11 | A12 | A13: 5
	A1 | A3 | A8 | A11 | A12 | A13: 4
	A1 | A3 | A5 | A12 | A13: 4
	A3 | A5 | A10 | A12 | A13: 4
	A3 | A5 | A7 | A10 | A12 | A13: 4
*********************************************************************************
All potential concepts based on thresholds
	A2 A3 ~#~ A3 A12 ~#~ A1 A3 ~#~ A5 A12 ~#~ A8 A12 ~#~ A12 A13 ~#~ A3 A13 ~#~ A10 A12 ~#~ A10 A13 ~#~ A3 A10 ~#~ A3 A5 ~#~ A1 A12 ~#~ A2 A3 A12 ~#~ A3 A12 A13 ~#~ A3 A5 A12 ~#~ A3 A10 A12 ~#~ A1 A3 A12 ~#~ A3 A5 A13 ~#~ A1 A2 A3 ~#~ A2 A3 A12 A13 ~#~ A3 A10 A13 ~#~ A2 A3 A13 ~#~ A10 A12 A13 ~#~ A3 A5 A12 A13 ~#~ A3 A10 A12 A13 ~#~ A1 A3 A12 A13 ~#~ A3 A8 A12 A13 ~#~ A1 A3 A5 A12 ~#~ A1 A2 A3 A12 ~#~ A2 A3 A5 A12 ~#~ A3 A8 A12 ~#~ A3 A5 A10 A12 A13 ~#~ A3 A5 A8 A12 A13 ~#~ A1 A3 A5 A12 A13 ~#~ A1 A2 A3 A12 A13 ~#~ A2 A3 A5 A12 A13 ~#~ A2 A3 A10 A12 A13 ~#~ A1 A3 A8 A12 A13 ~#~ A2 A3 A8 A12 A13 ~#~ A3 A8 A10 A12 A13 ~#~ A1 A2 A3 A5 A12 ~#~ A1 A3 A10 A12 A13 ~#~ A1 A2 A3 A5 A12 A13 ~#~ A2 A3 A5 A8 A12 A13 ~#~ A1 A3 A5 A8 A12 A13 ~#~ A1 A2 A3 A8 A12 A13 ~#~ A2 A3 A5 A10 A12 A13 ~#~ A1 A3 A5 A10 A12 A13 ~#~ A1 A2 A3 A10 A12 A13 ~#~ A1 A2 A3 A5 A8 A12 A13 ~#~ A2 A3 A8 A10 A12 A13 ~#~ A3 A5 A8 A10 A12 A13 ~#~ A1 A2 A3 A11 A12 A13 ~#~ A1 A2 A3 A5 A11 A12 A13 ~#~ A1 A3 A8 A11 A12 A13 ~#~ A3 A5 A7 A10 A12 A13 ~#~ 
*********************************************************************************
We remove max(NOISE,minNoise) groups, NOISE=1.0% -> 2, minNoise=3 we remove groups of size 3. Tree SHAP num of expl. inst. 243 (fold 10). Explaining class: 2).
Lower threshold thrL: 0.1 upper threshold thrU: 0.8 with step: 0.1
								--------------
									Fold 10
								--------------
--------------
Threshold: 0,10
--------------
	A13: 123
	A12: 35
	A10: 32
	A3: 25
	A2: 13
	A5: 10
	A8: 5
--------------
Threshold: 0,20
--------------
	A13: 82
	A12: 32
	A10: 27
	A3: 20
	A3 | A13: 20
	A2: 11
	A12 | A13: 11
	A10 | A13: 10
	A5 | A13: 6
	A5: 5
--------------
Threshold: 0,30
--------------
	A3 | A13: 65
	A12 | A13: 55
	A10 | A13: 30
	A3 | A12: 16
	A10 | A12: 11
	A10: 9
	A2 | A13: 9
	A5 | A13: 8
	A8 | A12: 8
	A2 | A3: 7
	A13: 5
--------------
Threshold: 0,40
--------------
	A3 | A13: 39
	A12 | A13: 32
	A3 | A12 | A13: 32
	A2 | A3 | A13: 18
	A10 | A12 | A13: 17
	A10 | A13: 15
	A10 | A12: 14
	A3 | A12: 12
	A3 | A5 | A13: 7
	A2 | A10 | A13: 5
	A8 | A12: 5
	A3 | A8 | A12: 4
	A2 | A3: 4
--------------
Threshold: 0,50
--------------
	A3 | A12 | A13: 86
	A10 | A12 | A13: 33
	A2 | A3 | A13: 15
	A3 | A5 | A13: 9
	A2 | A3 | A5 | A13: 8
	A3 | A8 | A12: 6
	A3 | A5 | A12 | A13: 5
	A3 | A5 | A12: 4
	A10 | A12: 4
	A3 | A10 | A12 | A13: 4
--------------
Threshold: 0,60
--------------
	A3 | A12 | A13: 40
	A3 | A10 | A12 | A13: 26
	A2 | A3 | A12 | A13: 21
	A1 | A3 | A12 | A13: 21
	A3 | A5 | A12 | A13: 18
	A3 | A8 | A12 | A13: 16
	A10 | A12 | A13: 12
	A2 | A3 | A5 | A13: 11
	A2 | A3 | A13: 7
	A1 | A3 | A5 | A13: 7
	A2 | A3 | A10 | A13: 5
	A2 | A10 | A12 | A13: 4
--------------
Threshold: 0,70
--------------
	A1 | A3 | A5 | A12 | A13: 21
	A1 | A2 | A3 | A12 | A13: 17
	A2 | A3 | A12 | A13: 16
	A1 | A3 | A10 | A12 | A13: 15
	A2 | A3 | A10 | A12 | A13: 13
	A3 | A8 | A12 | A13: 13
	A2 | A3 | A5 | A12 | A13: 12
	A3 | A10 | A12 | A13: 12
	A3 | A5 | A8 | A12 | A13: 11
	A3 | A8 | A10 | A12 | A13: 10
	A1 | A3 | A12 | A13: 10
	A3 | A5 | A10 | A12 | A13: 9
	A3 | A5 | A12 | A13: 8
	A1 | A3 | A8 | A12 | A13: 7
	A1 | A2 | A3 | A5 | A13: 6
	A2 | A3 | A8 | A12 | A13: 5
	A1 | A3 | A4 | A12 | A13: 4
	A3 | A12 | A13: 4
--------------
Threshold: 0,80
--------------
	A1 | A2 | A3 | A5 | A12 | A13: 25
	A1 | A2 | A3 | A10 | A12 | A13: 19
	A1 | A3 | A5 | A8 | A12 | A13: 14
	A1 | A3 | A8 | A10 | A12 | A13: 12
	A2 | A3 | A8 | A10 | A12 | A13: 10
	A1 | A2 | A3 | A8 | A12 | A13: 8
	A2 | A3 | A8 | A12 | A13: 8
	A2 | A3 | A5 | A8 | A12 | A13: 8
	A1 | A2 | A3 | A5 | A10 | A12 | A13: 8
	A2 | A3 | A5 | A10 | A12 | A13: 7
	A3 | A5 | A8 | A10 | A12 | A13: 7
	A2 | A3 | A5 | A12 | A13: 5
	A1 | A3 | A5 | A8 | A10 | A12 | A13: 5
	A1 | A2 | A3 | A12 | A13: 4
	A3 | A5 | A8 | A12 | A13: 4
	A2 | A3 | A10 | A12 | A13: 4
	A1 | A3 | A8 | A12 | A13: 4
	A2 | A3 | A5 | A8 | A10 | A12 | A13: 4
	A1 | A2 | A3 | A5 | A8 | A12 | A13: 4
	A2 | A3 | A10 | A11 | A12 | A13: 4
*********************************************************************************
All potential concepts based on thresholds
	A3 A13 ~#~ A12 A13 ~#~ A10 A13 ~#~ A5 A13 ~#~ A3 A12 ~#~ A10 A12 ~#~ A2 A13 ~#~ A8 A12 ~#~ A2 A3 ~#~ A3 A12 A13 ~#~ A2 A3 A13 ~#~ A10 A12 A13 ~#~ A3 A5 A13 ~#~ A2 A10 A13 ~#~ A3 A8 A12 ~#~ A2 A3 A5 A13 ~#~ A3 A5 A12 A13 ~#~ A3 A5 A12 ~#~ A3 A10 A12 A13 ~#~ A2 A3 A12 A13 ~#~ A1 A3 A12 A13 ~#~ A3 A8 A12 A13 ~#~ A1 A3 A5 A13 ~#~ A2 A3 A10 A13 ~#~ A2 A10 A12 A13 ~#~ A1 A3 A5 A12 A13 ~#~ A1 A2 A3 A12 A13 ~#~ A1 A3 A10 A12 A13 ~#~ A2 A3 A10 A12 A13 ~#~ A2 A3 A5 A12 A13 ~#~ A3 A5 A8 A12 A13 ~#~ A3 A8 A10 A12 A13 ~#~ A3 A5 A10 A12 A13 ~#~ A1 A3 A8 A12 A13 ~#~ A1 A2 A3 A5 A13 ~#~ A2 A3 A8 A12 A13 ~#~ A1 A3 A4 A12 A13 ~#~ A1 A2 A3 A5 A12 A13 ~#~ A1 A2 A3 A10 A12 A13 ~#~ A1 A3 A5 A8 A12 A13 ~#~ A1 A3 A8 A10 A12 A13 ~#~ A2 A3 A8 A10 A12 A13 ~#~ A1 A2 A3 A8 A12 A13 ~#~ A2 A3 A5 A8 A12 A13 ~#~ A1 A2 A3 A5 A10 A12 A13 ~#~ A2 A3 A5 A10 A12 A13 ~#~ A3 A5 A8 A10 A12 A13 ~#~ A1 A3 A5 A8 A10 A12 A13 ~#~ A2 A3 A5 A8 A10 A12 A13 ~#~ A1 A2 A3 A5 A8 A12 A13 ~#~ A2 A3 A10 A11 A12 A13 ~#~ 
*********************************************************************************
