dataset: rConcept.arff
								--------------
								Fold  1
								--------------
We remove max(NOISE,minNoise) groups, NOISE=10.0% -> 18, minNoise=3 we remove groups of size 18. Explanation method: IME, num. of expl. inst. 180, pct of expl. instances is 10 (fold 1). Number of bins for discretisation (simple binning) is 2.
--------------
Threshold: 0,10
--------------
	A2: 116
	A3: 35
--------------
Threshold: 0,20
--------------
	A2: 116
	A3: 35
--------------
Threshold: 0,30
--------------
	A2: 116
	A3: 35
--------------
Threshold: 0,40
--------------
	A2: 103
	A3: 29
--------------
Threshold: 0,50
--------------
	A2: 68
	A2 | A3: 29
	A2 | A4: 29
--------------
Threshold: 0,60
--------------
	A2 | A3: 48
	A2 | A4: 43
	A2: 31
	A1 | A2: 23
--------------
Threshold: 0,70
--------------
	A2 | A3: 47
	A2 | A4: 34
	A1 | A2: 27
--------------
Threshold: 0,80
--------------
	A1 | A2 | A3: 46
	A2 | A3: 30
	A2 | A3 | A4: 27
*********************************************************************************
All potential concepts based on thresholds
	A2 A3 ~#~ A2 A4 ~#~ A1 A2 ~#~ A1 A2 A3 ~#~ A2 A3 A4 ~#~ 
*********************************************************************************
								--------------
								Fold  2
								--------------
We remove max(NOISE,minNoise) groups, NOISE=10.0% -> 18, minNoise=3 we remove groups of size 18. Explanation method: IME, num. of expl. inst. 180, pct of expl. instances is 10 (fold 2). Number of bins for discretisation (simple binning) is 2.
--------------
Threshold: 0,10
--------------
	A2: 115
	A3: 36
--------------
Threshold: 0,20
--------------
	A2: 115
	A3: 36
--------------
Threshold: 0,30
--------------
	A2: 114
	A3: 35
--------------
Threshold: 0,40
--------------
	A2: 102
	A3: 27
--------------
Threshold: 0,50
--------------
	A2: 68
	A2 | A3: 34
	A2 | A4: 24
--------------
Threshold: 0,60
--------------
	A2 | A3: 51
	A2 | A4: 37
	A1 | A2: 31
	A2: 29
--------------
Threshold: 0,70
--------------
	A2 | A3: 44
	A1 | A2: 32
	A2 | A4: 30
	A1 | A2 | A3: 19
--------------
Threshold: 0,80
--------------
	A1 | A2 | A3: 41
	A2 | A3: 29
	A2 | A3 | A4: 28
*********************************************************************************
All potential concepts based on thresholds
	A2 A3 ~#~ A2 A4 ~#~ A1 A2 ~#~ A1 A2 A3 ~#~ A2 A3 A4 ~#~ 
*********************************************************************************
								--------------
								Fold  3
								--------------
We remove max(NOISE,minNoise) groups, NOISE=10.0% -> 18, minNoise=3 we remove groups of size 18. Explanation method: IME, num. of expl. inst. 180, pct of expl. instances is 10 (fold 3). Number of bins for discretisation (simple binning) is 2.
--------------
Threshold: 0,10
--------------
	A2: 109
	A3: 41
	A4: 21
--------------
Threshold: 0,20
--------------
	A2: 109
	A3: 41
	A4: 21
--------------
Threshold: 0,30
--------------
	A2: 108
	A3: 40
	A4: 21
--------------
Threshold: 0,40
--------------
	A2: 94
	A3: 33
--------------
Threshold: 0,50
--------------
	A2: 46
	A2 | A3: 34
	A2 | A4: 29
	A1 | A2: 22
--------------
Threshold: 0,60
--------------
	A2 | A3: 51
	A2 | A4: 32
	A1 | A2: 29
	A2: 25
	A1 | A3: 20
--------------
Threshold: 0,70
--------------
	A2 | A3: 47
	A2 | A4: 28
	A1 | A2: 23
	A1 | A2 | A3: 19
--------------
Threshold: 0,80
--------------
	A1 | A2 | A3: 52
	A2 | A3: 24
	A1 | A2 | A4: 19
	A2 | A3 | A4: 19
*********************************************************************************
All potential concepts based on thresholds
	A2 A3 ~#~ A2 A4 ~#~ A1 A2 ~#~ A1 A3 ~#~ A1 A2 A3 ~#~ A1 A2 A4 ~#~ A2 A3 A4 ~#~ 
*********************************************************************************
								--------------
								Fold  4
								--------------
We remove max(NOISE,minNoise) groups, NOISE=10.0% -> 18, minNoise=3 we remove groups of size 18. Explanation method: IME, num. of expl. inst. 180, pct of expl. instances is 10 (fold 4). Number of bins for discretisation (simple binning) is 2.
--------------
Threshold: 0,10
--------------
	A2: 115
	A3: 29
	A4: 22
--------------
Threshold: 0,20
--------------
	A2: 115
	A3: 29
	A4: 22
--------------
Threshold: 0,30
--------------
	A2: 115
	A3: 27
	A4: 22
--------------
Threshold: 0,40
--------------
	A2: 104
	A3: 23
--------------
Threshold: 0,50
--------------
	A2: 61
	A2 | A3: 31
	A2 | A4: 29
--------------
Threshold: 0,60
--------------
	A2 | A4: 45
	A2 | A3: 37
	A2: 33
	A1 | A2: 28
--------------
Threshold: 0,70
--------------
	A2 | A4: 41
	A2 | A3: 40
	A1 | A2: 31
--------------
Threshold: 0,80
--------------
	A1 | A2 | A3: 44
	A2 | A3: 22
	A2 | A4: 22
	A2 | A3 | A4: 21
	A1 | A2 | A4: 20
	A1 | A2: 19
*********************************************************************************
All potential concepts based on thresholds
	A2 A3 ~#~ A2 A4 ~#~ A1 A2 ~#~ A1 A2 A3 ~#~ A2 A3 A4 ~#~ A1 A2 A4 ~#~ 
*********************************************************************************
								--------------
								Fold  5
								--------------
We remove max(NOISE,minNoise) groups, NOISE=10.0% -> 18, minNoise=3 we remove groups of size 18. Explanation method: IME, num. of expl. inst. 180, pct of expl. instances is 10 (fold 5). Number of bins for discretisation (simple binning) is 2.
--------------
Threshold: 0,10
--------------
	A2: 104
	A3: 46
	A4: 20
--------------
Threshold: 0,20
--------------
	A2: 104
	A3: 46
	A4: 20
--------------
Threshold: 0,30
--------------
	A2: 103
	A3: 45
	A4: 20
--------------
Threshold: 0,40
--------------
	A2: 83
	A3: 29
	A2 | A3: 21
--------------
Threshold: 0,50
--------------
	A2: 53
	A2 | A3: 44
	A2 | A4: 28
	A1 | A2: 21
--------------
Threshold: 0,60
--------------
	A2 | A3: 54
	A2: 32
	A1 | A2: 32
	A2 | A4: 29
--------------
Threshold: 0,70
--------------
	A2 | A3: 47
	A1 | A2: 29
	A2 | A4: 25
--------------
Threshold: 0,80
--------------
	A1 | A2 | A3: 45
	A2 | A3: 23
	A1 | A2 | A4: 21
	A2 | A3 | A4: 20
*********************************************************************************
All potential concepts based on thresholds
	A2 A3 ~#~ A2 A4 ~#~ A1 A2 ~#~ A1 A2 A3 ~#~ A1 A2 A4 ~#~ A2 A3 A4 ~#~ 
*********************************************************************************
								--------------
								Fold  6
								--------------
We remove max(NOISE,minNoise) groups, NOISE=10.0% -> 18, minNoise=3 we remove groups of size 18. Explanation method: IME, num. of expl. inst. 180, pct of expl. instances is 10 (fold 6). Number of bins for discretisation (simple binning) is 2.
--------------
Threshold: 0,10
--------------
	A2: 120
	A3: 32
--------------
Threshold: 0,20
--------------
	A2: 120
	A3: 32
--------------
Threshold: 0,30
--------------
	A2: 119
	A3: 31
--------------
Threshold: 0,40
--------------
	A2: 108
	A3: 25
--------------
Threshold: 0,50
--------------
	A2: 68
	A2 | A3: 30
	A2 | A4: 29
--------------
Threshold: 0,60
--------------
	A2 | A4: 42
	A2 | A3: 40
	A2: 36
	A1 | A2: 27
--------------
Threshold: 0,70
--------------
	A2 | A3: 40
	A2 | A4: 37
	A1 | A2: 33
--------------
Threshold: 0,80
--------------
	A1 | A2 | A3: 49
	A2 | A3: 23
	A2 | A4: 20
	A1 | A2: 19
*********************************************************************************
All potential concepts based on thresholds
	A2 A3 ~#~ A2 A4 ~#~ A1 A2 ~#~ A1 A2 A3 ~#~ 
*********************************************************************************
								--------------
								Fold  7
								--------------
We remove max(NOISE,minNoise) groups, NOISE=10.0% -> 18, minNoise=3 we remove groups of size 18. Explanation method: IME, num. of expl. inst. 180, pct of expl. instances is 10 (fold 7). Number of bins for discretisation (simple binning) is 2.
--------------
Threshold: 0,10
--------------
	A2: 113
	A3: 36
--------------
Threshold: 0,20
--------------
	A2: 113
	A3: 36
--------------
Threshold: 0,30
--------------
	A2: 112
	A3: 36
--------------
Threshold: 0,40
--------------
	A2: 101
	A3: 29
--------------
Threshold: 0,50
--------------
	A2: 65
	A2 | A4: 29
	A1 | A2: 27
	A2 | A3: 26
--------------
Threshold: 0,60
--------------
	A1 | A2: 41
	A2 | A4: 39
	A2 | A3: 37
	A2: 28
--------------
Threshold: 0,70
--------------
	A2 | A4: 40
	A2 | A3: 38
	A1 | A2: 36
--------------
Threshold: 0,80
--------------
	A1 | A2 | A3: 40
	A1 | A2 | A4: 25
	A2 | A3 | A4: 22
	A2 | A4: 21
*********************************************************************************
All potential concepts based on thresholds
	A2 A4 ~#~ A1 A2 ~#~ A2 A3 ~#~ A1 A2 A3 ~#~ A1 A2 A4 ~#~ A2 A3 A4 ~#~ 
*********************************************************************************
								--------------
								Fold  8
								--------------
We remove max(NOISE,minNoise) groups, NOISE=10.0% -> 18, minNoise=3 we remove groups of size 18. Explanation method: IME, num. of expl. inst. 180, pct of expl. instances is 10 (fold 8). Number of bins for discretisation (simple binning) is 2.
--------------
Threshold: 0,10
--------------
	A2: 105
	A3: 32
	A1: 25
--------------
Threshold: 0,20
--------------
	A2: 105
	A3: 32
	A1: 25
--------------
Threshold: 0,30
--------------
	A2: 103
	A3: 32
	A1: 25
--------------
Threshold: 0,40
--------------
	A2: 89
	A3: 21
--------------
Threshold: 0,50
--------------
	A2: 51
	A2 | A3: 32
	A2 | A4: 27
	A1 | A2: 23
--------------
Threshold: 0,60
--------------
	A2 | A3: 47
	A2 | A4: 32
	A1 | A2: 31
	A2: 25
--------------
Threshold: 0,70
--------------
	A2 | A3: 43
	A2 | A4: 32
	A1 | A2: 30
--------------
Threshold: 0,80
--------------
	A1 | A2 | A3: 47
	A2 | A3 | A4: 26
	A1 | A2 | A4: 22
	A2 | A3: 19
	A2 | A4: 19
*********************************************************************************
All potential concepts based on thresholds
	A2 A3 ~#~ A2 A4 ~#~ A1 A2 ~#~ A1 A2 A3 ~#~ A2 A3 A4 ~#~ A1 A2 A4 ~#~ 
*********************************************************************************
								--------------
								Fold  9
								--------------
We remove max(NOISE,minNoise) groups, NOISE=10.0% -> 18, minNoise=3 we remove groups of size 18. Explanation method: IME, num. of expl. inst. 180, pct of expl. instances is 10 (fold 9). Number of bins for discretisation (simple binning) is 2.
--------------
Threshold: 0,10
--------------
	A2: 106
	A3: 48
--------------
Threshold: 0,20
--------------
	A2: 106
	A3: 48
--------------
Threshold: 0,30
--------------
	A2: 106
	A3: 48
--------------
Threshold: 0,40
--------------
	A2: 87
	A3: 35
--------------
Threshold: 0,50
--------------
	A2: 61
	A2 | A3: 40
	A2 | A4: 20
--------------
Threshold: 0,60
--------------
	A2 | A3: 57
	A1 | A2: 31
	A2 | A4: 28
	A2: 27
--------------
Threshold: 0,70
--------------
	A2 | A3: 47
	A1 | A2: 30
	A2 | A4: 29
	A1 | A2 | A3: 24
--------------
Threshold: 0,80
--------------
	A1 | A2 | A3: 54
	A2 | A3: 29
	A2 | A3 | A4: 21
*********************************************************************************
All potential concepts based on thresholds
	A2 A3 ~#~ A2 A4 ~#~ A1 A2 ~#~ A1 A2 A3 ~#~ A2 A3 A4 ~#~ 
*********************************************************************************
								--------------
								Fold 10
								--------------
We remove max(NOISE,minNoise) groups, NOISE=10.0% -> 18, minNoise=3 we remove groups of size 18. Explanation method: IME, num. of expl. inst. 180, pct of expl. instances is 10 (fold 10). Number of bins for discretisation (simple binning) is 2.
--------------
Threshold: 0,10
--------------
	A2: 115
	A3: 35
--------------
Threshold: 0,20
--------------
	A2: 115
	A3: 35
--------------
Threshold: 0,30
--------------
	A2: 112
	A3: 34
--------------
Threshold: 0,40
--------------
	A2: 97
	A3: 25
--------------
Threshold: 0,50
--------------
	A2: 72
	A2 | A3: 36
	A2 | A4: 24
	A1 | A2: 21
--------------
Threshold: 0,60
--------------
	A2 | A3: 50
	A2: 38
	A2 | A4: 32
	A1 | A2: 26
--------------
Threshold: 0,70
--------------
	A2 | A3: 44
	A2 | A4: 32
	A1 | A2: 26
	A1 | A2 | A3: 22
--------------
Threshold: 0,80
--------------
	A1 | A2 | A3: 44
	A2 | A3 | A4: 26
	A2 | A3: 23
*********************************************************************************
All potential concepts based on thresholds
	A2 A3 ~#~ A2 A4 ~#~ A1 A2 ~#~ A1 A2 A3 ~#~ A2 A3 A4 ~#~ 
*********************************************************************************
