dataset: Australian credit.arff
We remove max(NOISE,minNoise) groups, NOISE=1.0% -> 3, minNoise=3 we remove groups of size 3. Tree SHAP num of expl. inst. 277 (fold 1). Explaining class: 1).
Lower threshold thrL: 0.1 upper threshold thrU: 0.8 with step: 0.1
								--------------
									Fold  1
								--------------
--------------
Threshold: 0,10
--------------
	A8: 260
	A3: 11
	A5: 5
--------------
Threshold: 0,20
--------------
	A8: 260
	A3: 11
	A5: 5
--------------
Threshold: 0,30
--------------
	A8: 241
	A3: 10
	A5 | A8: 10
	A8 | A14: 6
	A5: 4
--------------
Threshold: 0,40
--------------
	A8: 90
	A8 | A14: 54
	A8 | A10: 46
	A5 | A8: 42
	A3 | A8: 15
	A7 | A8: 11
	A8 | A13: 9
	A3: 4
	A4 | A8: 4
--------------
Threshold: 0,50
--------------
	A8 | A10: 72
	A8 | A14: 69
	A5 | A8: 35
	A7 | A8: 20
	A3 | A8: 17
	A8 | A13: 13
	A8: 11
	A5 | A8 | A14: 9
	A5 | A8 | A10: 5
	A3 | A8 | A10: 4
--------------
Threshold: 0,60
--------------
	A8 | A10 | A14: 36
	A8 | A14: 34
	A8 | A10: 27
	A5 | A8 | A10: 21
	A5 | A8: 17
	A5 | A8 | A14: 14
	A7 | A8 | A10: 13
	A7 | A8: 12
	A7 | A8 | A13: 12
	A8 | A10 | A13: 9
	A3 | A8: 9
	A5 | A7 | A8: 6
	A5 | A8 | A13: 6
	A3 | A5 | A8: 5
	A3 | A7 | A8: 5
	A8 | A13 | A14: 4
	A3 | A8 | A14: 4
	A3 | A8 | A10: 4
	A8 | A13: 4
--------------
Threshold: 0,70
--------------
	A8 | A10 | A14: 38
	A5 | A8 | A10 | A14: 18
	A5 | A8 | A10: 12
	A5 | A8 | A14: 12
	A5 | A7 | A8: 11
	A7 | A8 | A10: 11
	A7 | A8 | A14: 11
	A7 | A8 | A13: 11
	A7 | A8 | A10 | A14: 10
	A5 | A8 | A10 | A13: 10
	A8 | A10 | A13: 9
	A7 | A8 | A10 | A13: 9
	A5 | A7 | A8 | A10: 8
	A8 | A13 | A14: 7
	A3 | A7 | A8: 6
	A8 | A10 | A13 | A14: 6
	A5 | A7 | A8 | A13: 5
	A3 | A8 | A10 | A14: 5
	A3 | A5 | A8: 5
	A5 | A8 | A13 | A14: 5
--------------
Threshold: 0,80
--------------
	A7 | A8 | A10 | A14: 24
	A7 | A8 | A10 | A13 | A14: 16
	A5 | A8 | A10 | A13 | A14: 15
	A5 | A7 | A8 | A10 | A13: 14
	A8 | A10 | A13 | A14: 12
	A5 | A7 | A8 | A10 | A14: 10
	A7 | A8 | A10 | A13: 8
	A7 | A8 | A13 | A14: 7
	A8 | A10 | A14: 7
	A5 | A7 | A8 | A14: 6
	A5 | A8 | A10 | A14: 6
	A5 | A7 | A8 | A13 | A14: 6
	A3 | A5 | A7 | A8: 5
	A5 | A8 | A10 | A13: 5
	A2 | A5 | A8 | A10 | A14: 5
	A3 | A5 | A8 | A13 | A14: 4
	A3 | A5 | A8 | A10 | A14: 4
	A5 | A7 | A8 | A10: 4
	A2 | A7 | A8 | A10 | A14: 4
	A2 | A3 | A7 | A8 | A10: 4
*********************************************************************************
All potential concepts based on thresholds
	A5 A8 ~#~ A8 A14 ~#~ A8 A10 ~#~ A3 A8 ~#~ A7 A8 ~#~ A8 A13 ~#~ A4 A8 ~#~ A5 A8 A14 ~#~ A5 A8 A10 ~#~ A3 A8 A10 ~#~ A8 A10 A14 ~#~ A7 A8 A10 ~#~ A7 A8 A13 ~#~ A8 A10 A13 ~#~ A5 A7 A8 ~#~ A5 A8 A13 ~#~ A3 A5 A8 ~#~ A3 A7 A8 ~#~ A8 A13 A14 ~#~ A3 A8 A14 ~#~ A5 A8 A10 A14 ~#~ A7 A8 A14 ~#~ A7 A8 A10 A14 ~#~ A5 A8 A10 A13 ~#~ A7 A8 A10 A13 ~#~ A5 A7 A8 A10 ~#~ A8 A10 A13 A14 ~#~ A5 A7 A8 A13 ~#~ A3 A8 A10 A14 ~#~ A5 A8 A13 A14 ~#~ A7 A8 A10 A13 A14 ~#~ A5 A8 A10 A13 A14 ~#~ A5 A7 A8 A10 A13 ~#~ A5 A7 A8 A10 A14 ~#~ A7 A8 A13 A14 ~#~ A5 A7 A8 A14 ~#~ A5 A7 A8 A13 A14 ~#~ A3 A5 A7 A8 ~#~ A2 A5 A8 A10 A14 ~#~ A3 A5 A8 A13 A14 ~#~ A3 A5 A8 A10 A14 ~#~ A2 A7 A8 A10 A14 ~#~ A2 A3 A7 A8 A10 ~#~ 
*********************************************************************************
We remove max(NOISE,minNoise) groups, NOISE=1.0% -> 3, minNoise=3 we remove groups of size 3. Tree SHAP num of expl. inst. 277 (fold 2). Explaining class: 1).
Lower threshold thrL: 0.1 upper threshold thrU: 0.8 with step: 0.1
								--------------
									Fold  2
								--------------
--------------
Threshold: 0,10
--------------
	A8: 264
	A3: 7
	A5: 4
--------------
Threshold: 0,20
--------------
	A8: 264
	A3: 7
	A5: 4
--------------
Threshold: 0,30
--------------
	A8: 233
	A8 | A14: 13
	A5 | A8: 11
	A3 | A8: 6
	A8 | A13: 5
	A3: 4
--------------
Threshold: 0,40
--------------
	A8 | A14: 96
	A8: 60
	A5 | A8: 34
	A8 | A13: 31
	A8 | A10: 26
	A3 | A8: 14
	A7 | A8: 9
	A4 | A8: 5
--------------
Threshold: 0,50
--------------
	A8 | A14: 104
	A8 | A13: 37
	A8 | A10: 32
	A5 | A8: 30
	A3 | A8: 13
	A7 | A8: 7
	A8: 6
	A8 | A10 | A14: 6
	A5 | A8 | A13: 6
	A7 | A8 | A14: 6
	A5 | A8 | A14: 5
	A4 | A8 | A13: 4
	A4 | A8: 4
--------------
Threshold: 0,60
--------------
	A8 | A14: 34
	A8 | A10 | A14: 31
	A8 | A13 | A14: 27
	A5 | A8 | A14: 21
	A5 | A8 | A13: 17
	A8 | A10 | A13: 16
	A8 | A13: 12
	A5 | A8 | A10: 11
	A7 | A8 | A14: 10
	A8 | A10: 9
	A5 | A7 | A8: 8
	A7 | A8 | A13: 8
	A3 | A8 | A13: 7
	A3 | A8 | A14: 7
	A5 | A8: 6
	A3 | A8: 5
	A4 | A5 | A8: 4
	A3 | A8 | A12: 4
--------------
Threshold: 0,70
--------------
	A8 | A10 | A14: 27
	A8 | A10 | A13 | A14: 19
	A8 | A13 | A14: 18
	A5 | A8 | A13 | A14: 16
	A5 | A8 | A14: 13
	A8 | A10 | A13: 10
	A7 | A8 | A13 | A14: 9
	A5 | A8 | A10 | A13: 9
	A5 | A8 | A10 | A14: 8
	A3 | A7 | A8 | A14: 7
	A3 | A8 | A13 | A14: 7
	A7 | A8 | A10 | A14: 6
	A5 | A7 | A8 | A14: 5
	A5 | A8 | A10: 5
	A3 | A8 | A14: 5
	A3 | A7 | A8 | A13: 4
	A5 | A7 | A8 | A13: 4
	A3 | A8 | A10 | A14: 4
	A3 | A8 | A12: 4
--------------
Threshold: 0,80
--------------
	A8 | A10 | A13 | A14: 20
	A5 | A7 | A8 | A13 | A14: 14
	A5 | A8 | A10 | A13 | A14: 14
	A5 | A7 | A8 | A10 | A14: 12
	A7 | A8 | A10 | A13 | A14: 11
	A3 | A7 | A8 | A13 | A14: 8
	A5 | A7 | A8 | A10 | A13 | A14: 8
	A8 | A10 | A14: 7
	A3 | A5 | A8 | A13 | A14: 6
	A7 | A8 | A10 | A14: 6
	A7 | A8 | A10 | A13: 6
	A3 | A5 | A7 | A8 | A13 | A14: 6
	A3 | A8 | A10 | A14: 5
	A5 | A8 | A10 | A14: 5
	A5 | A7 | A8 | A10 | A13: 5
	A5 | A7 | A8 | A14: 4
	A3 | A5 | A8 | A12 | A13: 4
	A4 | A7 | A8 | A13 | A14: 4
	A3 | A5 | A7 | A8 | A10 | A14: 4
	A3 | A8 | A10 | A13 | A14: 4
*********************************************************************************
All potential concepts based on thresholds
	A8 A14 ~#~ A5 A8 ~#~ A3 A8 ~#~ A8 A13 ~#~ A8 A10 ~#~ A7 A8 ~#~ A4 A8 ~#~ A8 A10 A14 ~#~ A5 A8 A13 ~#~ A7 A8 A14 ~#~ A5 A8 A14 ~#~ A4 A8 A13 ~#~ A8 A13 A14 ~#~ A8 A10 A13 ~#~ A5 A8 A10 ~#~ A5 A7 A8 ~#~ A7 A8 A13 ~#~ A3 A8 A13 ~#~ A3 A8 A14 ~#~ A4 A5 A8 ~#~ A3 A8 A12 ~#~ A8 A10 A13 A14 ~#~ A5 A8 A13 A14 ~#~ A7 A8 A13 A14 ~#~ A5 A8 A10 A13 ~#~ A5 A8 A10 A14 ~#~ A3 A7 A8 A14 ~#~ A3 A8 A13 A14 ~#~ A7 A8 A10 A14 ~#~ A5 A7 A8 A14 ~#~ A3 A7 A8 A13 ~#~ A5 A7 A8 A13 ~#~ A3 A8 A10 A14 ~#~ A5 A7 A8 A13 A14 ~#~ A5 A8 A10 A13 A14 ~#~ A5 A7 A8 A10 A14 ~#~ A7 A8 A10 A13 A14 ~#~ A3 A7 A8 A13 A14 ~#~ A5 A7 A8 A10 A13 A14 ~#~ A3 A5 A8 A13 A14 ~#~ A7 A8 A10 A13 ~#~ A3 A5 A7 A8 A13 A14 ~#~ A5 A7 A8 A10 A13 ~#~ A3 A5 A8 A12 A13 ~#~ A4 A7 A8 A13 A14 ~#~ A3 A5 A7 A8 A10 A14 ~#~ A3 A8 A10 A13 A14 ~#~ 
*********************************************************************************
We remove max(NOISE,minNoise) groups, NOISE=1.0% -> 3, minNoise=3 we remove groups of size 3. Tree SHAP num of expl. inst. 277 (fold 3). Explaining class: 1).
Lower threshold thrL: 0.1 upper threshold thrU: 0.8 with step: 0.1
								--------------
									Fold  3
								--------------
--------------
Threshold: 0,10
--------------
	A8: 253
	A3: 11
	A14: 10
--------------
Threshold: 0,20
--------------
	A8: 253
	A3: 11
	A14: 10
--------------
Threshold: 0,30
--------------
	A8: 227
	A5 | A8: 11
	A8 | A14: 10
	A3: 9
	A3 | A8: 8
	A14: 4
--------------
Threshold: 0,40
--------------
	A8 | A14: 76
	A8: 64
	A8 | A10: 37
	A5 | A8: 32
	A8 | A13: 26
	A3 | A8: 19
	A7 | A8: 16
--------------
Threshold: 0,50
--------------
	A8 | A14: 90
	A8 | A10: 41
	A8 | A13: 30
	A5 | A8: 25
	A3 | A8: 18
	A7 | A8: 16
	A5 | A8 | A14: 7
	A5 | A8 | A13: 5
	A8: 4
	A5 | A8 | A10: 4
	A8 | A10 | A14: 4
	A3 | A8 | A14: 4
--------------
Threshold: 0,60
--------------
	A8 | A14: 37
	A8 | A10 | A14: 32
	A5 | A8 | A14: 19
	A7 | A8 | A14: 18
	A7 | A8 | A13: 18
	A8 | A10 | A13: 16
	A8 | A13 | A14: 12
	A5 | A8 | A10: 10
	A5 | A8 | A13: 9
	A8 | A10: 8
	A5 | A7 | A8: 8
	A7 | A8 | A10: 7
	A3 | A8 | A14: 6
	A3 | A8 | A13: 5
	A5 | A8: 4
	A5 | A8 | A10 | A14: 4
	A3 | A8 | A12: 4
	A3 | A8: 4
--------------
Threshold: 0,70
--------------
	A8 | A10 | A14: 26
	A7 | A8 | A10 | A14: 17
	A7 | A8 | A13 | A14: 14
	A5 | A8 | A10 | A14: 14
	A8 | A10 | A13 | A14: 14
	A5 | A8 | A14: 11
	A5 | A7 | A8 | A13: 10
	A7 | A8 | A14: 10
	A8 | A13 | A14: 9
	A8 | A10 | A13: 9
	A5 | A7 | A8 | A10: 7
	A7 | A8 | A10 | A13: 7
	A5 | A8 | A10 | A13: 6
	A5 | A7 | A8 | A14: 5
	A5 | A8 | A13 | A14: 5
	A3 | A7 | A8 | A13: 4
	A2 | A7 | A8 | A14: 4
	A7 | A8 | A13: 4
--------------
Threshold: 0,80
--------------
	A7 | A8 | A10 | A13 | A14: 25
	A7 | A8 | A10 | A14: 13
	A8 | A10 | A13 | A14: 11
	A5 | A7 | A8 | A10 | A14: 10
	A3 | A7 | A8 | A13 | A14: 9
	A5 | A7 | A8 | A10 | A13: 8
	A5 | A7 | A8 | A10 | A13 | A14: 7
	A7 | A8 | A10 | A13: 7
	A5 | A8 | A10 | A13 | A14: 7
	A3 | A7 | A8 | A10 | A14: 6
	A3 | A5 | A7 | A8 | A13: 5
	A2 | A7 | A8 | A13 | A14: 5
	A5 | A7 | A8 | A13 | A14: 5
	A2 | A3 | A7 | A8 | A10 | A14: 4
	A8 | A10 | A14: 4
	A3 | A7 | A8 | A10 | A13: 4
*********************************************************************************
All potential concepts based on thresholds
	A5 A8 ~#~ A8 A14 ~#~ A3 A8 ~#~ A8 A10 ~#~ A8 A13 ~#~ A7 A8 ~#~ A5 A8 A14 ~#~ A5 A8 A13 ~#~ A5 A8 A10 ~#~ A8 A10 A14 ~#~ A3 A8 A14 ~#~ A7 A8 A14 ~#~ A7 A8 A13 ~#~ A8 A10 A13 ~#~ A8 A13 A14 ~#~ A5 A7 A8 ~#~ A7 A8 A10 ~#~ A3 A8 A13 ~#~ A5 A8 A10 A14 ~#~ A3 A8 A12 ~#~ A7 A8 A10 A14 ~#~ A7 A8 A13 A14 ~#~ A8 A10 A13 A14 ~#~ A5 A7 A8 A13 ~#~ A5 A7 A8 A10 ~#~ A7 A8 A10 A13 ~#~ A5 A8 A10 A13 ~#~ A5 A7 A8 A14 ~#~ A5 A8 A13 A14 ~#~ A3 A7 A8 A13 ~#~ A2 A7 A8 A14 ~#~ A7 A8 A10 A13 A14 ~#~ A5 A7 A8 A10 A14 ~#~ A3 A7 A8 A13 A14 ~#~ A5 A7 A8 A10 A13 ~#~ A5 A7 A8 A10 A13 A14 ~#~ A5 A8 A10 A13 A14 ~#~ A3 A7 A8 A10 A14 ~#~ A3 A5 A7 A8 A13 ~#~ A2 A7 A8 A13 A14 ~#~ A5 A7 A8 A13 A14 ~#~ A2 A3 A7 A8 A10 A14 ~#~ A3 A7 A8 A10 A13 ~#~ 
*********************************************************************************
We remove max(NOISE,minNoise) groups, NOISE=1.0% -> 3, minNoise=3 we remove groups of size 3. Tree SHAP num of expl. inst. 276 (fold 4). Explaining class: 1).
Lower threshold thrL: 0.1 upper threshold thrU: 0.8 with step: 0.1
								--------------
									Fold  4
								--------------
--------------
Threshold: 0,10
--------------
	A8: 265
	A3: 7
	A5: 4
--------------
Threshold: 0,20
--------------
	A8: 265
	A3: 7
	A5: 4
--------------
Threshold: 0,30
--------------
	A8: 253
	A3: 5
	A5 | A8: 5
	A3 | A8: 4
--------------
Threshold: 0,40
--------------
	A8: 115
	A8 | A14: 72
	A5 | A8: 43
	A8 | A10: 15
	A8 | A13: 14
	A3 | A8: 13
--------------
Threshold: 0,50
--------------
	A8 | A14: 109
	A5 | A8: 43
	A8 | A10: 33
	A8 | A13: 32
	A8: 14
	A3 | A8: 11
	A7 | A8: 8
	A5 | A8 | A14: 6
--------------
Threshold: 0,60
--------------
	A8 | A14: 59
	A8 | A10 | A14: 24
	A5 | A8 | A14: 24
	A8 | A13: 19
	A8 | A10: 16
	A5 | A8 | A10: 14
	A8 | A10 | A13: 14
	A5 | A8 | A13: 13
	A5 | A8: 12
	A8 | A13 | A14: 9
	A5 | A7 | A8: 8
	A7 | A8 | A14: 8
	A7 | A8 | A13: 7
	A7 | A8: 5
	A7 | A8 | A10: 5
	A3 | A8 | A13: 4
	A3 | A8 | A14: 4
	A3 | A8 | A12: 4
	A3 | A8: 4
--------------
Threshold: 0,70
--------------
	A8 | A10 | A14: 39
	A8 | A10 | A13: 17
	A5 | A8 | A14: 17
	A5 | A8 | A10 | A14: 15
	A8 | A13 | A14: 14
	A5 | A8 | A10 | A13: 13
	A7 | A8 | A14: 10
	A5 | A7 | A8 | A14: 8
	A7 | A8 | A13: 8
	A5 | A7 | A8 | A13: 7
	A7 | A8 | A10 | A13: 7
	A7 | A8 | A10: 6
	A5 | A8 | A13: 6
	A5 | A8 | A13 | A14: 6
	A7 | A8 | A13 | A14: 5
	A3 | A5 | A8 | A14: 5
	A7 | A8 | A10 | A14: 5
	A5 | A8 | A10: 5
	A3 | A8 | A14: 5
	A8 | A10 | A13 | A14: 5
	A4 | A8 | A13: 4
	A8 | A14: 4
--------------
Threshold: 0,80
--------------
	A8 | A10 | A13 | A14: 20
	A5 | A7 | A8 | A10 | A13: 17
	A7 | A8 | A10 | A14: 16
	A5 | A7 | A8 | A13 | A14: 14
	A7 | A8 | A10 | A13: 12
	A5 | A8 | A10 | A13 | A14: 10
	A7 | A8 | A13 | A14: 9
	A7 | A8 | A10 | A13 | A14: 7
	A8 | A10 | A14: 7
	A5 | A8 | A10 | A14: 7
	A5 | A7 | A8 | A10 | A14: 6
	A3 | A5 | A7 | A8 | A12: 5
	A5 | A7 | A8 | A14: 5
	A3 | A7 | A8 | A10 | A13: 4
	A5 | A8 | A10 | A13: 4
*********************************************************************************
All potential concepts based on thresholds
	A5 A8 ~#~ A3 A8 ~#~ A8 A14 ~#~ A8 A10 ~#~ A8 A13 ~#~ A7 A8 ~#~ A5 A8 A14 ~#~ A8 A10 A14 ~#~ A5 A8 A10 ~#~ A8 A10 A13 ~#~ A5 A8 A13 ~#~ A8 A13 A14 ~#~ A5 A7 A8 ~#~ A7 A8 A14 ~#~ A7 A8 A13 ~#~ A7 A8 A10 ~#~ A3 A8 A13 ~#~ A3 A8 A14 ~#~ A3 A8 A12 ~#~ A5 A8 A10 A14 ~#~ A5 A8 A10 A13 ~#~ A5 A7 A8 A14 ~#~ A5 A7 A8 A13 ~#~ A7 A8 A10 A13 ~#~ A5 A8 A13 A14 ~#~ A7 A8 A13 A14 ~#~ A3 A5 A8 A14 ~#~ A7 A8 A10 A14 ~#~ A8 A10 A13 A14 ~#~ A4 A8 A13 ~#~ A5 A7 A8 A10 A13 ~#~ A5 A7 A8 A13 A14 ~#~ A5 A8 A10 A13 A14 ~#~ A7 A8 A10 A13 A14 ~#~ A5 A7 A8 A10 A14 ~#~ A3 A5 A7 A8 A12 ~#~ A3 A7 A8 A10 A13 ~#~ 
*********************************************************************************
We remove max(NOISE,minNoise) groups, NOISE=1.0% -> 3, minNoise=3 we remove groups of size 3. Tree SHAP num of expl. inst. 276 (fold 5). Explaining class: 1).
Lower threshold thrL: 0.1 upper threshold thrU: 0.8 with step: 0.1
								--------------
									Fold  5
								--------------
--------------
Threshold: 0,10
--------------
	A8: 264
	A3: 9
--------------
Threshold: 0,20
--------------
	A8: 264
	A3: 9
--------------
Threshold: 0,30
--------------
	A8: 226
	A8 | A14: 22
	A3 | A8: 9
	A3: 5
	A5 | A8: 4
--------------
Threshold: 0,40
--------------
	A8 | A14: 70
	A8: 65
	A8 | A10: 49
	A8 | A13: 27
	A5 | A8: 22
	A3 | A8: 18
	A7 | A8: 7
	A6 | A8: 7
	A4 | A8: 5
--------------
Threshold: 0,50
--------------
	A8 | A14: 60
	A8 | A10: 55
	A5 | A8: 25
	A8 | A13: 24
	A8 | A10 | A14: 11
	A8: 10
	A3 | A8: 10
	A8 | A13 | A14: 9
	A6 | A8: 6
	A5 | A8 | A13: 6
	A7 | A8: 5
	A5 | A8 | A10: 5
	A4 | A8: 5
	A3 | A8 | A13: 5
--------------
Threshold: 0,60
--------------
	A8 | A10 | A14: 40
	A8 | A13 | A14: 26
	A8 | A10 | A13: 15
	A5 | A8 | A14: 15
	A8 | A10: 12
	A5 | A8 | A13: 12
	A8 | A14: 12
	A5 | A8 | A10: 11
	A5 | A8: 7
	A7 | A8 | A13: 7
	A5 | A7 | A8: 5
	A7 | A8 | A10: 5
	A5 | A8 | A10 | A14: 5
	A3 | A8 | A13: 5
	A5 | A6 | A8: 5
	A3 | A8 | A12: 4
	A8 | A13: 4
	A4 | A8 | A10: 4
--------------
Threshold: 0,70
--------------
	A8 | A10 | A13 | A14: 23
	A8 | A10 | A14: 19
	A5 | A8 | A10 | A14: 13
	A5 | A8 | A14: 8
	A5 | A7 | A8 | A13: 7
	A8 | A10 | A13: 6
	A5 | A8 | A13: 6
	A3 | A8 | A10 | A14: 5
	A5 | A8 | A10: 5
	A5 | A6 | A8 | A10 | A14: 5
	A5 | A6 | A8 | A10: 4
	A2 | A7 | A8 | A10: 4
	A7 | A8 | A10 | A14: 4
	A2 | A8 | A13 | A14: 4
	A8 | A13 | A14: 4
	A5 | A8 | A10 | A13: 4
	A2 | A5 | A7 | A8 | A13: 4
	A5 | A7 | A8 | A10 | A13: 4
	A7 | A8 | A10 | A13: 4
	A5 | A8 | A13 | A14: 4
	A7 | A8 | A14: 4
--------------
Threshold: 0,80
--------------
	A5 | A8 | A10 | A13 | A14: 11
	A7 | A8 | A10 | A13 | A14: 9
	A5 | A7 | A8 | A10 | A13 | A14: 8
	A2 | A8 | A10 | A13 | A14: 7
	A2 | A8 | A10 | A14: 6
	A5 | A8 | A10 | A14: 6
	A5 | A7 | A8 | A10 | A13: 6
	A5 | A6 | A8 | A10 | A13 | A14: 5
	A2 | A5 | A7 | A8 | A13: 5
	A5 | A7 | A8 | A10 | A14: 5
	A5 | A6 | A7 | A8 | A13: 5
	A3 | A8 | A10 | A14: 4
	A7 | A8 | A10 | A14: 4
	A3 | A5 | A8 | A10 | A14: 4
	A2 | A5 | A7 | A8 | A14: 4
	A2 | A7 | A8 | A10 | A14: 4
	A5 | A7 | A8 | A13 | A14: 4
	A8 | A10 | A13 | A14: 4
*********************************************************************************
All potential concepts based on thresholds
	A8 A14 ~#~ A3 A8 ~#~ A5 A8 ~#~ A8 A10 ~#~ A8 A13 ~#~ A7 A8 ~#~ A6 A8 ~#~ A4 A8 ~#~ A8 A10 A14 ~#~ A8 A13 A14 ~#~ A5 A8 A13 ~#~ A5 A8 A10 ~#~ A3 A8 A13 ~#~ A8 A10 A13 ~#~ A5 A8 A14 ~#~ A7 A8 A13 ~#~ A5 A7 A8 ~#~ A7 A8 A10 ~#~ A5 A8 A10 A14 ~#~ A5 A6 A8 ~#~ A3 A8 A12 ~#~ A4 A8 A10 ~#~ A8 A10 A13 A14 ~#~ A5 A7 A8 A13 ~#~ A3 A8 A10 A14 ~#~ A5 A6 A8 A10 A14 ~#~ A5 A6 A8 A10 ~#~ A2 A7 A8 A10 ~#~ A7 A8 A10 A14 ~#~ A2 A8 A13 A14 ~#~ A5 A8 A10 A13 ~#~ A2 A5 A7 A8 A13 ~#~ A5 A7 A8 A10 A13 ~#~ A7 A8 A10 A13 ~#~ A5 A8 A13 A14 ~#~ A7 A8 A14 ~#~ A5 A8 A10 A13 A14 ~#~ A7 A8 A10 A13 A14 ~#~ A5 A7 A8 A10 A13 A14 ~#~ A2 A8 A10 A13 A14 ~#~ A2 A8 A10 A14 ~#~ A5 A6 A8 A10 A13 A14 ~#~ A5 A7 A8 A10 A14 ~#~ A5 A6 A7 A8 A13 ~#~ A3 A5 A8 A10 A14 ~#~ A2 A5 A7 A8 A14 ~#~ A2 A7 A8 A10 A14 ~#~ A5 A7 A8 A13 A14 ~#~ 
*********************************************************************************
We remove max(NOISE,minNoise) groups, NOISE=1.0% -> 3, minNoise=3 we remove groups of size 3. Tree SHAP num of expl. inst. 276 (fold 6). Explaining class: 1).
Lower threshold thrL: 0.1 upper threshold thrU: 0.8 with step: 0.1
								--------------
									Fold  6
								--------------
--------------
Threshold: 0,10
--------------
	A8: 242
	A5: 19
	A3: 9
	A14: 6
--------------
Threshold: 0,20
--------------
	A8: 242
	A5: 19
	A3: 9
	A14: 6
--------------
Threshold: 0,30
--------------
	A8: 206
	A8 | A14: 18
	A5 | A8: 15
	A5: 14
	A3: 8
	A14: 5
--------------
Threshold: 0,40
--------------
	A8 | A14: 86
	A5 | A8: 43
	A8: 38
	A8 | A10: 32
	A8 | A13: 28
	A7 | A8: 16
	A3 | A8: 12
	A6 | A8: 8
	A4 | A8: 6
--------------
Threshold: 0,50
--------------
	A8 | A14: 83
	A5 | A8: 36
	A8 | A10: 26
	A8 | A13: 23
	A7 | A8: 17
	A3 | A8: 10
	A8 | A10 | A14: 8
	A5 | A8 | A14: 8
	A8 | A10 | A13: 5
	A6 | A7 | A8: 5
	A5 | A8 | A13: 5
	A7 | A8 | A13: 5
	A8 | A13 | A14: 4
--------------
Threshold: 0,60
--------------
	A8 | A14: 25
	A8 | A10 | A14: 22
	A5 | A8 | A14: 22
	A8 | A13 | A14: 17
	A8 | A10 | A13: 17
	A7 | A8 | A14: 16
	A7 | A8 | A13: 14
	A3 | A8 | A14: 11
	A7 | A8 | A10: 10
	A5 | A8 | A10: 9
	A5 | A8: 9
	A5 | A8 | A13: 9
	A5 | A7 | A8: 6
	A8 | A9 | A13: 4
	A4 | A8 | A14: 4
	A6 | A7 | A8: 4
	A5 | A6 | A8 | A13: 4
	A3 | A7 | A8: 4
	A4 | A5 | A8: 4
	A3 | A8 | A13: 4
	A3 | A8 | A12: 4
--------------
Threshold: 0,70
--------------
	A8 | A10 | A13 | A14: 20
	A5 | A7 | A8 | A14: 16
	A7 | A8 | A10 | A13: 16
	A8 | A10 | A14: 15
	A7 | A8 | A13 | A14: 12
	A5 | A8 | A14: 12
	A5 | A8 | A10 | A14: 8
	A3 | A7 | A8 | A13: 7
	A7 | A8 | A10 | A14: 7
	A5 | A8 | A13 | A14: 7
	A5 | A7 | A8 | A13: 6
	A7 | A8 | A14: 6
	A3 | A5 | A7 | A8 | A13: 5
	A3 | A7 | A8 | A14: 5
	A8 | A10 | A13: 5
	A3 | A8 | A13 | A14: 5
	A6 | A8 | A14: 4
	A5 | A8 | A10: 4
	A8 | A13 | A14: 4
	A3 | A8 | A12: 4
--------------
Threshold: 0,80
--------------
	A7 | A8 | A10 | A13 | A14: 19
	A3 | A7 | A8 | A13 | A14: 10
	A5 | A7 | A8 | A10 | A13: 7
	A5 | A7 | A8 | A13 | A14: 7
	A7 | A8 | A10 | A14: 6
	A5 | A7 | A8 | A10 | A13 | A14: 6
	A5 | A8 | A10 | A13 | A14: 6
	A3 | A7 | A8 | A10 | A13: 5
	A3 | A5 | A7 | A8 | A9 | A13: 5
	A5 | A7 | A8 | A9 | A14: 5
	A3 | A8 | A10 | A13 | A14: 5
	A3 | A7 | A8 | A10 | A13 | A14: 4
	A7 | A8 | A9 | A10 | A13: 4
	A5 | A8 | A13 | A14: 4
*********************************************************************************
All potential concepts based on thresholds
	A8 A14 ~#~ A5 A8 ~#~ A8 A10 ~#~ A8 A13 ~#~ A7 A8 ~#~ A3 A8 ~#~ A6 A8 ~#~ A4 A8 ~#~ A8 A10 A14 ~#~ A5 A8 A14 ~#~ A8 A10 A13 ~#~ A6 A7 A8 ~#~ A5 A8 A13 ~#~ A7 A8 A13 ~#~ A8 A13 A14 ~#~ A7 A8 A14 ~#~ A3 A8 A14 ~#~ A7 A8 A10 ~#~ A5 A8 A10 ~#~ A5 A7 A8 ~#~ A8 A9 A13 ~#~ A4 A8 A14 ~#~ A5 A6 A8 A13 ~#~ A3 A7 A8 ~#~ A4 A5 A8 ~#~ A3 A8 A13 ~#~ A3 A8 A12 ~#~ A8 A10 A13 A14 ~#~ A5 A7 A8 A14 ~#~ A7 A8 A10 A13 ~#~ A7 A8 A13 A14 ~#~ A5 A8 A10 A14 ~#~ A3 A7 A8 A13 ~#~ A7 A8 A10 A14 ~#~ A5 A8 A13 A14 ~#~ A5 A7 A8 A13 ~#~ A3 A5 A7 A8 A13 ~#~ A3 A7 A8 A14 ~#~ A3 A8 A13 A14 ~#~ A6 A8 A14 ~#~ A7 A8 A10 A13 A14 ~#~ A3 A7 A8 A13 A14 ~#~ A5 A7 A8 A10 A13 ~#~ A5 A7 A8 A13 A14 ~#~ A5 A7 A8 A10 A13 A14 ~#~ A5 A8 A10 A13 A14 ~#~ A3 A7 A8 A10 A13 ~#~ A3 A5 A7 A8 A9 A13 ~#~ A5 A7 A8 A9 A14 ~#~ A3 A8 A10 A13 A14 ~#~ A3 A7 A8 A10 A13 A14 ~#~ A7 A8 A9 A10 A13 ~#~ 
*********************************************************************************
We remove max(NOISE,minNoise) groups, NOISE=1.0% -> 3, minNoise=3 we remove groups of size 3. Tree SHAP num of expl. inst. 276 (fold 7). Explaining class: 1).
Lower threshold thrL: 0.1 upper threshold thrU: 0.8 with step: 0.1
								--------------
									Fold  7
								--------------
--------------
Threshold: 0,10
--------------
	A8: 221
	A14: 45
	A3: 9
--------------
Threshold: 0,20
--------------
	A8: 221
	A14: 45
	A3: 9
--------------
Threshold: 0,30
--------------
	A8: 204
	A14: 41
	A5 | A8: 8
	A8 | A14: 7
	A3 | A8: 6
	A3 | A12: 4
--------------
Threshold: 0,40
--------------
	A8 | A14: 88
	A8: 80
	A8 | A10: 36
	A5 | A8: 31
	A8 | A13: 13
	A3 | A8: 10
	A14: 4
	A7 | A8: 4
	A3 | A12: 4
--------------
Threshold: 0,50
--------------
	A8 | A14: 113
	A8 | A10: 54
	A5 | A8: 25
	A8 | A13: 23
	A3 | A8: 9
	A7 | A8: 8
	A8: 7
	A6 | A8: 5
	A8 | A10 | A14: 4
--------------
Threshold: 0,60
--------------
	A8 | A14: 78
	A8 | A10: 25
	A8 | A10 | A14: 23
	A8 | A10 | A13: 22
	A5 | A8 | A14: 17
	A5 | A8 | A10: 14
	A7 | A8 | A13: 10
	A8 | A13: 8
	A7 | A8: 5
	A5 | A8: 5
	A6 | A8 | A14: 4
	A3 | A8 | A14: 4
	A3 | A8 | A12: 4
--------------
Threshold: 0,70
--------------
	A8 | A10 | A14: 51
	A8 | A14: 20
	A5 | A8 | A10 | A14: 13
	A5 | A8 | A14: 13
	A7 | A8 | A10 | A13: 13
	A7 | A8 | A10: 10
	A5 | A8 | A10 | A13: 10
	A7 | A8 | A13 | A14: 9
	A8 | A10 | A13: 9
	A7 | A8 | A13: 9
	A5 | A8 | A10: 7
	A6 | A8 | A14: 5
	A7 | A8 | A10 | A14: 5
	A8 | A10 | A13 | A14: 5
	A7 | A8 | A14: 4
--------------
Threshold: 0,80
--------------
	A7 | A8 | A10 | A14: 21
	A8 | A10 | A13 | A14: 15
	A7 | A8 | A10 | A13 | A14: 13
	A5 | A7 | A8 | A10 | A13: 11
	A8 | A10 | A14: 10
	A7 | A8 | A10 | A13: 10
	A5 | A7 | A8 | A10 | A14: 8
	A5 | A7 | A8 | A10 | A13 | A14: 6
	A7 | A8 | A13 | A14: 5
	A5 | A8 | A10 | A14: 5
	A5 | A8 | A14: 5
	A3 | A8 | A10 | A14: 4
	A3 | A7 | A8 | A10 | A13: 4
	A5 | A6 | A8 | A14: 4
*********************************************************************************
All potential concepts based on thresholds
	A5 A8 ~#~ A8 A14 ~#~ A3 A8 ~#~ A3 A12 ~#~ A8 A10 ~#~ A8 A13 ~#~ A7 A8 ~#~ A6 A8 ~#~ A8 A10 A14 ~#~ A8 A10 A13 ~#~ A5 A8 A14 ~#~ A5 A8 A10 ~#~ A7 A8 A13 ~#~ A6 A8 A14 ~#~ A3 A8 A14 ~#~ A3 A8 A12 ~#~ A5 A8 A10 A14 ~#~ A7 A8 A10 A13 ~#~ A7 A8 A10 ~#~ A5 A8 A10 A13 ~#~ A7 A8 A13 A14 ~#~ A7 A8 A10 A14 ~#~ A8 A10 A13 A14 ~#~ A7 A8 A14 ~#~ A7 A8 A10 A13 A14 ~#~ A5 A7 A8 A10 A13 ~#~ A5 A7 A8 A10 A14 ~#~ A5 A7 A8 A10 A13 A14 ~#~ A3 A8 A10 A14 ~#~ A3 A7 A8 A10 A13 ~#~ A5 A6 A8 A14 ~#~ 
*********************************************************************************
We remove max(NOISE,minNoise) groups, NOISE=1.0% -> 3, minNoise=3 we remove groups of size 3. Tree SHAP num of expl. inst. 276 (fold 8). Explaining class: 1).
Lower threshold thrL: 0.1 upper threshold thrU: 0.8 with step: 0.1
								--------------
									Fold  8
								--------------
--------------
Threshold: 0,10
--------------
	A8: 261
	A3: 8
	A5: 4
--------------
Threshold: 0,20
--------------
	A8: 261
	A3: 8
	A5: 4
--------------
Threshold: 0,30
--------------
	A8: 235
	A8 | A14: 14
	A3: 7
	A3 | A8: 7
	A5 | A8: 6
--------------
Threshold: 0,40
--------------
	A8 | A14: 86
	A8: 70
	A8 | A10: 39
	A5 | A8: 36
	A3 | A8: 14
	A7 | A8: 13
	A8 | A13: 10
	A2 | A8: 5
--------------
Threshold: 0,50
--------------
	A8 | A14: 91
	A8 | A10: 50
	A5 | A8: 33
	A7 | A8: 18
	A3 | A8: 13
	A8 | A13: 12
	A5 | A8 | A14: 8
	A8 | A13 | A14: 5
	A8: 4
	A2 | A8: 4
--------------
Threshold: 0,60
--------------
	A8 | A10 | A14: 39
	A8 | A14: 34
	A5 | A8 | A14: 33
	A8 | A10: 13
	A7 | A8 | A10: 11
	A5 | A8: 10
	A5 | A8 | A10: 9
	A8 | A10 | A13: 9
	A2 | A7 | A8: 8
	A7 | A8 | A13: 8
	A3 | A8 | A14: 7
	A7 | A8 | A14: 7
	A3 | A8 | A13: 6
	A3 | A8 | A10: 6
	A5 | A8 | A13: 6
	A5 | A7 | A8: 5
	A7 | A8: 5
	A2 | A8 | A14: 5
	A3 | A8: 5
	A3 | A7 | A8: 4
--------------
Threshold: 0,70
--------------
	A8 | A10 | A14: 35
	A5 | A8 | A14: 14
	A5 | A8 | A10 | A14: 13
	A7 | A8 | A10 | A14: 12
	A5 | A7 | A8 | A14: 11
	A7 | A8 | A10 | A13: 9
	A7 | A8 | A14: 8
	A5 | A8 | A13 | A14: 7
	A7 | A8 | A10: 6
	A5 | A7 | A8 | A10: 6
	A7 | A8 | A13 | A14: 5
	A3 | A8 | A10 | A14: 5
	A3 | A7 | A8 | A10: 5
	A2 | A5 | A7 | A8: 5
	A5 | A7 | A8 | A13: 4
	A5 | A7 | A8: 4
	A5 | A8 | A10: 4
	A8 | A13 | A14: 4
	A2 | A7 | A8 | A14: 4
	A5 | A7 | A8 | A13 | A14: 4
--------------
Threshold: 0,80
--------------
	A7 | A8 | A10 | A13 | A14: 15
	A5 | A7 | A8 | A10 | A14: 12
	A3 | A7 | A8 | A13 | A14: 11
	A7 | A8 | A10 | A14: 10
	A3 | A7 | A8 | A10 | A14: 10
	A5 | A7 | A8 | A13 | A14: 9
	A5 | A8 | A10 | A13 | A14: 6
	A3 | A5 | A8 | A13 | A14: 5
	A5 | A7 | A8 | A10 | A13: 5
	A5 | A7 | A8 | A9 | A10 | A14: 4
	A2 | A5 | A7 | A8 | A14: 4
	A3 | A5 | A7 | A8 | A9 | A14: 4
	A5 | A8 | A10 | A14: 4
	A5 | A7 | A8 | A10 | A13 | A14: 4
	A2 | A5 | A7 | A8 | A13: 4
	A2 | A3 | A7 | A8 | A14: 4
	A8 | A10 | A13 | A14: 4
	A3 | A5 | A7 | A8 | A13 | A14: 4
*********************************************************************************
All potential concepts based on thresholds
	A8 A14 ~#~ A3 A8 ~#~ A5 A8 ~#~ A8 A10 ~#~ A7 A8 ~#~ A8 A13 ~#~ A2 A8 ~#~ A5 A8 A14 ~#~ A8 A13 A14 ~#~ A8 A10 A14 ~#~ A7 A8 A10 ~#~ A5 A8 A10 ~#~ A8 A10 A13 ~#~ A2 A7 A8 ~#~ A7 A8 A13 ~#~ A3 A8 A14 ~#~ A7 A8 A14 ~#~ A3 A8 A13 ~#~ A3 A8 A10 ~#~ A5 A8 A13 ~#~ A5 A7 A8 ~#~ A2 A8 A14 ~#~ A3 A7 A8 ~#~ A5 A8 A10 A14 ~#~ A7 A8 A10 A14 ~#~ A5 A7 A8 A14 ~#~ A7 A8 A10 A13 ~#~ A5 A8 A13 A14 ~#~ A5 A7 A8 A10 ~#~ A7 A8 A13 A14 ~#~ A3 A8 A10 A14 ~#~ A3 A7 A8 A10 ~#~ A2 A5 A7 A8 ~#~ A5 A7 A8 A13 ~#~ A2 A7 A8 A14 ~#~ A5 A7 A8 A13 A14 ~#~ A7 A8 A10 A13 A14 ~#~ A5 A7 A8 A10 A14 ~#~ A3 A7 A8 A13 A14 ~#~ A3 A7 A8 A10 A14 ~#~ A5 A8 A10 A13 A14 ~#~ A3 A5 A8 A13 A14 ~#~ A5 A7 A8 A10 A13 ~#~ A5 A7 A8 A9 A10 A14 ~#~ A2 A5 A7 A8 A14 ~#~ A3 A5 A7 A8 A9 A14 ~#~ A5 A7 A8 A10 A13 A14 ~#~ A2 A5 A7 A8 A13 ~#~ A2 A3 A7 A8 A14 ~#~ A8 A10 A13 A14 ~#~ A3 A5 A7 A8 A13 A14 ~#~ 
*********************************************************************************
We remove max(NOISE,minNoise) groups, NOISE=1.0% -> 3, minNoise=3 we remove groups of size 3. Tree SHAP num of expl. inst. 276 (fold 9). Explaining class: 1).
Lower threshold thrL: 0.1 upper threshold thrU: 0.8 with step: 0.1
								--------------
									Fold  9
								--------------
--------------
Threshold: 0,10
--------------
	A8: 263
	A3: 11
--------------
Threshold: 0,20
--------------
	A8: 263
	A3: 11
--------------
Threshold: 0,30
--------------
	A8: 255
	A3 | A8: 8
	A3: 7
	A8 | A14: 4
--------------
Threshold: 0,40
--------------
	A8: 137
	A8 | A14: 63
	A5 | A8: 32
	A3 | A8: 19
	A8 | A13: 10
	A8 | A10: 9
--------------
Threshold: 0,50
--------------
	A8 | A14: 112
	A5 | A8: 40
	A8 | A10: 30
	A8 | A13: 30
	A3 | A8: 16
	A8: 14
	A3 | A5 | A8: 6
	A8 | A9: 5
	A7 | A8: 5
	A4 | A8: 5
--------------
Threshold: 0,60
--------------
	A8 | A14: 63
	A5 | A8 | A14: 32
	A8 | A10: 20
	A5 | A8 | A13: 17
	A8 | A10 | A14: 16
	A8 | A13: 15
	A5 | A8: 11
	A8 | A13 | A14: 9
	A8 | A10 | A13: 9
	A3 | A8: 9
	A5 | A8 | A10: 8
	A3 | A5 | A8: 7
	A7 | A8 | A13: 5
	A8 | A9 | A14: 4
	A4 | A5 | A8: 4
	A3 | A8 | A14: 4
	A4 | A8 | A10: 4
--------------
Threshold: 0,70
--------------
	A8 | A10 | A14: 44
	A5 | A8 | A14: 30
	A8 | A10 | A13: 17
	A8 | A13 | A14: 9
	A5 | A8 | A9 | A13: 9
	A5 | A8 | A13 | A14: 8
	A5 | A8 | A10: 7
	A8 | A10 | A13 | A14: 7
	A7 | A8 | A13: 7
	A7 | A8 | A10 | A14: 6
	A5 | A8 | A10 | A13: 5
	A3 | A8 | A13 | A14: 5
	A5 | A7 | A8 | A14: 4
	A3 | A5 | A8 | A14: 4
	A3 | A5 | A8: 4
	A7 | A8 | A14: 4
--------------
Threshold: 0,80
--------------
	A7 | A8 | A10 | A14: 15
	A7 | A8 | A10 | A13 | A14: 12
	A5 | A8 | A10 | A14: 12
	A5 | A7 | A8 | A10 | A14: 11
	A8 | A10 | A13 | A14: 10
	A5 | A8 | A10 | A13 | A14: 10
	A5 | A8 | A13 | A14: 8
	A5 | A8 | A9 | A13 | A14: 7
	A7 | A8 | A10 | A13: 6
	A5 | A6 | A8 | A13 | A14: 5
	A5 | A8 | A10 | A13: 5
	A3 | A8 | A10 | A13 | A14: 5
	A5 | A7 | A8 | A13 | A14: 5
	A3 | A5 | A8 | A14: 4
	A3 | A5 | A8 | A10 | A13 | A14: 4
	A8 | A10 | A14: 4
	A3 | A7 | A8 | A10 | A14: 4
	A4 | A8 | A10 | A13 | A14: 4
	A5 | A7 | A8 | A10 | A13: 4
	A5 | A8 | A9 | A10 | A13 | A14: 4
*********************************************************************************
All potential concepts based on thresholds
	A3 A8 ~#~ A8 A14 ~#~ A5 A8 ~#~ A8 A13 ~#~ A8 A10 ~#~ A3 A5 A8 ~#~ A8 A9 ~#~ A7 A8 ~#~ A4 A8 ~#~ A5 A8 A14 ~#~ A5 A8 A13 ~#~ A8 A10 A14 ~#~ A8 A13 A14 ~#~ A8 A10 A13 ~#~ A5 A8 A10 ~#~ A7 A8 A13 ~#~ A8 A9 A14 ~#~ A4 A5 A8 ~#~ A3 A8 A14 ~#~ A4 A8 A10 ~#~ A5 A8 A9 A13 ~#~ A5 A8 A13 A14 ~#~ A8 A10 A13 A14 ~#~ A7 A8 A10 A14 ~#~ A5 A8 A10 A13 ~#~ A3 A8 A13 A14 ~#~ A5 A7 A8 A14 ~#~ A3 A5 A8 A14 ~#~ A7 A8 A14 ~#~ A7 A8 A10 A13 A14 ~#~ A5 A8 A10 A14 ~#~ A5 A7 A8 A10 A14 ~#~ A5 A8 A10 A13 A14 ~#~ A5 A8 A9 A13 A14 ~#~ A7 A8 A10 A13 ~#~ A5 A6 A8 A13 A14 ~#~ A3 A8 A10 A13 A14 ~#~ A5 A7 A8 A13 A14 ~#~ A3 A5 A8 A10 A13 A14 ~#~ A3 A7 A8 A10 A14 ~#~ A4 A8 A10 A13 A14 ~#~ A5 A7 A8 A10 A13 ~#~ A5 A8 A9 A10 A13 A14 ~#~ 
*********************************************************************************
We remove max(NOISE,minNoise) groups, NOISE=1.0% -> 3, minNoise=3 we remove groups of size 3. Tree SHAP num of expl. inst. 276 (fold 10). Explaining class: 1).
Lower threshold thrL: 0.1 upper threshold thrU: 0.8 with step: 0.1
								--------------
									Fold 10
								--------------
--------------
Threshold: 0,10
--------------
	A8: 249
	A14: 13
	A3: 7
	A5: 7
--------------
Threshold: 0,20
--------------
	A8: 249
	A14: 13
	A3: 7
	A5: 7
--------------
Threshold: 0,30
--------------
	A8: 185
	A8 | A14: 32
	A5 | A8: 29
	A8 | A10: 7
	A3 | A8: 7
	A14: 5
	A7 | A8: 4
--------------
Threshold: 0,40
--------------
	A8 | A14: 78
	A8: 53
	A5 | A8: 43
	A8 | A10: 40
	A7 | A8: 25
	A8 | A13: 15
	A3 | A8: 12
	A2 | A8: 8
--------------
Threshold: 0,50
--------------
	A8 | A14: 65
	A8 | A10: 43
	A7 | A8: 27
	A5 | A8: 26
	A8 | A13: 17
	A5 | A8 | A14: 16
	A5 | A7 | A8: 8
	A8 | A10 | A14: 8
	A5 | A8 | A10: 7
	A7 | A8 | A14: 7
	A2 | A7 | A8: 6
	A3 | A8: 6
	A7 | A8 | A13: 5
	A7 | A8 | A10: 4
	A3 | A7 | A8: 4
	A2 | A8: 4
--------------
Threshold: 0,60
--------------
	A8 | A10 | A14: 41
	A7 | A8 | A10: 24
	A5 | A8 | A14: 20
	A8 | A14: 19
	A5 | A8 | A10: 14
	A7 | A8 | A13: 13
	A5 | A7 | A8: 12
	A8 | A10: 11
	A7 | A8 | A14: 11
	A8 | A10 | A13: 8
	A7 | A8: 6
	A5 | A7 | A8 | A13: 5
	A5 | A7 | A8 | A14: 5
	A2 | A7 | A8: 5
	A8 | A13 | A14: 4
	A3 | A8 | A13: 4
	A5 | A8 | A13: 4
--------------
Threshold: 0,70
--------------
	A7 | A8 | A10 | A14: 24
	A8 | A10 | A14: 23
	A7 | A8 | A10 | A13: 17
	A5 | A8 | A10 | A14: 11
	A7 | A8 | A13 | A14: 9
	A8 | A10 | A13 | A14: 8
	A7 | A8 | A14: 8
	A7 | A8 | A10: 7
	A5 | A7 | A8 | A14: 6
	A8 | A10 | A13: 6
	A2 | A7 | A8 | A13: 6
	A5 | A8 | A14: 6
	A2 | A5 | A7 | A8: 6
	A7 | A8 | A13: 6
	A3 | A7 | A8 | A13: 5
	A5 | A8 | A10: 5
	A5 | A7 | A8 | A10: 5
	A5 | A8 | A10 | A13: 5
	A2 | A7 | A8 | A10: 4
--------------
Threshold: 0,80
--------------
	A7 | A8 | A10 | A14: 23
	A7 | A8 | A10 | A13 | A14: 23
	A7 | A8 | A10 | A13: 9
	A5 | A7 | A8 | A10 | A14: 8
	A2 | A7 | A8 | A10 | A13: 8
	A5 | A7 | A8 | A10 | A13 | A14: 6
	A5 | A7 | A8 | A10 | A13: 6
	A2 | A7 | A8 | A10 | A14: 6
	A2 | A5 | A7 | A8 | A10 | A14: 6
	A5 | A7 | A8 | A9 | A10 | A13: 4
	A2 | A3 | A5 | A7 | A8 | A13: 4
	A3 | A7 | A8 | A10 | A13: 4
	A3 | A7 | A8 | A10 | A13 | A14: 4
	A2 | A5 | A7 | A8 | A10 | A13: 4
*********************************************************************************
All potential concepts based on thresholds
	A8 A14 ~#~ A5 A8 ~#~ A8 A10 ~#~ A3 A8 ~#~ A7 A8 ~#~ A8 A13 ~#~ A2 A8 ~#~ A5 A8 A14 ~#~ A5 A7 A8 ~#~ A8 A10 A14 ~#~ A5 A8 A10 ~#~ A7 A8 A14 ~#~ A2 A7 A8 ~#~ A7 A8 A13 ~#~ A7 A8 A10 ~#~ A3 A7 A8 ~#~ A8 A10 A13 ~#~ A5 A7 A8 A13 ~#~ A5 A7 A8 A14 ~#~ A8 A13 A14 ~#~ A3 A8 A13 ~#~ A5 A8 A13 ~#~ A7 A8 A10 A14 ~#~ A7 A8 A10 A13 ~#~ A5 A8 A10 A14 ~#~ A7 A8 A13 A14 ~#~ A8 A10 A13 A14 ~#~ A2 A7 A8 A13 ~#~ A2 A5 A7 A8 ~#~ A3 A7 A8 A13 ~#~ A5 A7 A8 A10 ~#~ A5 A8 A10 A13 ~#~ A2 A7 A8 A10 ~#~ A7 A8 A10 A13 A14 ~#~ A5 A7 A8 A10 A14 ~#~ A2 A7 A8 A10 A13 ~#~ A5 A7 A8 A10 A13 A14 ~#~ A5 A7 A8 A10 A13 ~#~ A2 A7 A8 A10 A14 ~#~ A2 A5 A7 A8 A10 A14 ~#~ A5 A7 A8 A9 A10 A13 ~#~ A2 A3 A5 A7 A8 A13 ~#~ A3 A7 A8 A10 A13 ~#~ A3 A7 A8 A10 A13 A14 ~#~ A2 A5 A7 A8 A10 A13 ~#~ 
*********************************************************************************
