dataset: cLogicalConcBEasyNoisy-uniqueSamples.arff
We remove max(NOISE,minNoise) groups, NOISE=0.0% -> 0, minNoise=0 we remove groups of size 0. Number of instances from class (1) is 15 (fold 1).
Lower threshold thrL: 0.6 upper threshold thrU: 0.8 with step: 0.1
								--------------
									Fold  1
								--------------
--------------
Threshold: 0,60
--------------
	A4 | A5: 5
	A2 | A3: 3
	A1 | A2 | A3: 2
	A1 | A4 | A5: 2
	A2 | A3 | A5: 2
	A2 | A4 | A5: 1
--------------
Threshold: 0,70
--------------
	A1 | A4 | A5: 5
	A2 | A3 | A5: 5
	A2 | A4 | A5: 2
	A1 | A2 | A3: 1
	A1 | A2 | A3 | A6: 1
	A4 | A5: 1
--------------
Threshold: 0,80
--------------
	A1 | A4 | A5: 4
	A2 | A3 | A5: 3
	A1 | A2 | A3 | A5: 2
	A2 | A3 | A4 | A5: 2
	A1 | A3 | A4 | A5: 1
	A2 | A3 | A5 | A6: 1
	A1 | A2 | A3 | A6: 1
	A2 | A4 | A5: 1
*********************************************************************************
All potential concepts based on thresholds
	A4 A5 ~#~ A2 A3 ~#~ A1 A2 A3 ~#~ A1 A4 A5 ~#~ A2 A3 A5 ~#~ A2 A4 A5 ~#~ A1 A2 A3 A6 ~#~ A1 A2 A3 A5 ~#~ A2 A3 A4 A5 ~#~ A1 A3 A4 A5 ~#~ A2 A3 A5 A6 ~#~ 
*********************************************************************************
We remove max(NOISE,minNoise) groups, NOISE=0.0% -> 0, minNoise=0 we remove groups of size 0. Number of instances from class (1) is 15 (fold 2).
Lower threshold thrL: 0.6 upper threshold thrU: 0.8 with step: 0.1
								--------------
									Fold  2
								--------------
--------------
Threshold: 0,60
--------------
	A4 | A5: 5
	A2 | A3: 3
	A1 | A2 | A3: 2
	A1 | A4 | A5: 2
	A2 | A3 | A5: 2
	A2 | A3 | A4: 1
--------------
Threshold: 0,70
--------------
	A1 | A4 | A5: 5
	A2 | A3 | A5: 3
	A1 | A2 | A3: 1
	A2 | A3 | A5 | A6: 1
	A1 | A2 | A3 | A6: 1
	A3 | A4 | A5: 1
	A1 | A2 | A3 | A5: 1
	A1 | A2 | A3 | A4: 1
	A4 | A5: 1
--------------
Threshold: 0,80
--------------
	A1 | A4 | A5: 5
	A1 | A2 | A3 | A5: 3
	A2 | A3 | A5: 2
	A2 | A3 | A5 | A6: 1
	A1 | A2 | A3 | A6: 1
	A3 | A4 | A5: 1
	A1 | A2 | A3 | A4: 1
	A2 | A3 | A4 | A5: 1
*********************************************************************************
All potential concepts based on thresholds
	A4 A5 ~#~ A2 A3 ~#~ A1 A2 A3 ~#~ A1 A4 A5 ~#~ A2 A3 A5 ~#~ A2 A3 A4 ~#~ A2 A3 A5 A6 ~#~ A1 A2 A3 A6 ~#~ A3 A4 A5 ~#~ A1 A2 A3 A5 ~#~ A1 A2 A3 A4 ~#~ A2 A3 A4 A5 ~#~ 
*********************************************************************************
We remove max(NOISE,minNoise) groups, NOISE=0.0% -> 0, minNoise=0 we remove groups of size 0. Number of instances from class (1) is 15 (fold 3).
Lower threshold thrL: 0.6 upper threshold thrU: 0.8 with step: 0.1
								--------------
									Fold  3
								--------------
--------------
Threshold: 0,60
--------------
	A1 | A4 | A5: 4
	A2 | A3: 4
	A4 | A5: 4
	A1 | A2 | A3: 1
	A2 | A3 | A5: 1
	A2 | A3 | A4: 1
--------------
Threshold: 0,70
--------------
	A1 | A4 | A5: 6
	A2 | A3: 2
	A1 | A2 | A3: 1
	A1 | A2 | A3 | A6: 1
	A3 | A4 | A5: 1
	A2 | A4 | A5: 1
	A2 | A3 | A5: 1
	A2 | A3 | A4: 1
	A2 | A3 | A4 | A5: 1
--------------
Threshold: 0,80
--------------
	A1 | A4 | A5: 6
	A2 | A3 | A5: 3
	A2 | A3 | A4 | A5: 3
	A1 | A2 | A3 | A6: 1
	A1 | A2 | A3 | A5: 1
	A1 | A2 | A3 | A4: 1
*********************************************************************************
All potential concepts based on thresholds
	A1 A4 A5 ~#~ A2 A3 ~#~ A4 A5 ~#~ A1 A2 A3 ~#~ A2 A3 A5 ~#~ A2 A3 A4 ~#~ A1 A2 A3 A6 ~#~ A3 A4 A5 ~#~ A2 A4 A5 ~#~ A2 A3 A4 A5 ~#~ A1 A2 A3 A5 ~#~ A1 A2 A3 A4 ~#~ 
*********************************************************************************
We remove max(NOISE,minNoise) groups, NOISE=0.0% -> 0, minNoise=0 we remove groups of size 0. Number of instances from class (1) is 15 (fold 4).
Lower threshold thrL: 0.6 upper threshold thrU: 0.8 with step: 0.1
								--------------
									Fold  4
								--------------
--------------
Threshold: 0,60
--------------
	A2 | A3: 5
	A2 | A3 | A5: 4
	A3 | A4 | A5: 3
	A2 | A3 | A6: 1
	A2 | A4 | A5: 1
	A2 | A3 | A4: 1
--------------
Threshold: 0,70
--------------
	A2 | A3 | A5: 5
	A2 | A3: 4
	A1 | A3 | A4 | A5: 1
	A1 | A2 | A4 | A5: 1
	A3 | A4 | A5: 1
	A2 | A3 | A6: 1
	A2 | A3 | A4: 1
	A2 | A3 | A4 | A5: 1
--------------
Threshold: 0,80
--------------
	A2 | A3 | A4 | A5: 4
	A2 | A3 | A5: 2
	A2 | A3 | A4: 2
	A1 | A3 | A4 | A5: 1
	A1 | A2 | A3 | A6: 1
	A2 | A3 | A5 | A6: 1
	A1 | A2 | A3 | A5: 1
	A1 | A2 | A3 | A4: 1
	A2 | A3: 1
	A1 | A2 | A3 | A4 | A5: 1
*********************************************************************************
All potential concepts based on thresholds
	A2 A3 ~#~ A2 A3 A5 ~#~ A3 A4 A5 ~#~ A2 A3 A6 ~#~ A2 A4 A5 ~#~ A2 A3 A4 ~#~ A1 A3 A4 A5 ~#~ A1 A2 A4 A5 ~#~ A2 A3 A4 A5 ~#~ A1 A2 A3 A6 ~#~ A2 A3 A5 A6 ~#~ A1 A2 A3 A5 ~#~ A1 A2 A3 A4 ~#~ A1 A2 A3 A4 A5 ~#~ 
*********************************************************************************
We remove max(NOISE,minNoise) groups, NOISE=0.0% -> 0, minNoise=0 we remove groups of size 0. Number of instances from class (1) is 16 (fold 5).
Lower threshold thrL: 0.6 upper threshold thrU: 0.8 with step: 0.1
								--------------
									Fold  5
								--------------
--------------
Threshold: 0,60
--------------
	A2 | A3: 4
	A1 | A4 | A5: 3
	A3 | A4 | A5: 2
	A2 | A4 | A5: 2
	A2 | A3 | A5: 2
	A2 | A3 | A6: 1
	A2 | A3 | A4: 1
	A4 | A5: 1
--------------
Threshold: 0,70
--------------
	A2 | A3: 3
	A3 | A4 | A5: 2
	A1 | A4 | A5: 2
	A1 | A3 | A4 | A5: 1
	A1 | A2 | A3: 1
	A2 | A3 | A5 | A6: 1
	A1 | A2 | A4 | A5: 1
	A2 | A3 | A6: 1
	A2 | A3 | A5: 1
	A2 | A3 | A4: 1
	A1 | A4 | A5 | A6: 1
	A2 | A3 | A4 | A5: 1
--------------
Threshold: 0,80
--------------
	A2 | A3 | A5: 3
	A2 | A3 | A4 | A5: 3
	A1 | A3 | A4 | A5: 2
	A1 | A2 | A4 | A5: 2
	A1 | A2 | A3 | A5: 2
	A2 | A3 | A5 | A6: 1
	A1 | A2 | A3 | A6: 1
	A1 | A2 | A3 | A4: 1
	A1 | A4 | A5 | A6: 1
*********************************************************************************
All potential concepts based on thresholds
	A2 A3 ~#~ A1 A4 A5 ~#~ A3 A4 A5 ~#~ A2 A4 A5 ~#~ A2 A3 A5 ~#~ A2 A3 A6 ~#~ A2 A3 A4 ~#~ A4 A5 ~#~ A1 A3 A4 A5 ~#~ A1 A2 A3 ~#~ A2 A3 A5 A6 ~#~ A1 A2 A4 A5 ~#~ A1 A4 A5 A6 ~#~ A2 A3 A4 A5 ~#~ A1 A2 A3 A5 ~#~ A1 A2 A3 A6 ~#~ A1 A2 A3 A4 ~#~ 
*********************************************************************************
We remove max(NOISE,minNoise) groups, NOISE=0.0% -> 0, minNoise=0 we remove groups of size 0. Number of instances from class (1) is 16 (fold 6).
Lower threshold thrL: 0.6 upper threshold thrU: 0.8 with step: 0.1
								--------------
									Fold  6
								--------------
--------------
Threshold: 0,60
--------------
	A4 | A5: 5
	A1 | A4 | A5: 3
	A2 | A3: 3
	A2 | A3 | A5: 2
	A1 | A2 | A3: 1
	A2 | A4 | A5: 1
	A2 | A3 | A4: 1
--------------
Threshold: 0,70
--------------
	A1 | A4 | A5: 6
	A2 | A3: 2
	A2 | A3 | A5: 2
	A1 | A2 | A3: 1
	A1 | A2 | A3 | A6: 1
	A3 | A4 | A5: 1
	A2 | A4 | A5: 1
	A2 | A3 | A4: 1
	A4 | A5: 1
--------------
Threshold: 0,80
--------------
	A1 | A4 | A5: 6
	A1 | A2 | A3 | A5: 2
	A2 | A3 | A5: 2
	A2 | A3 | A4 | A5: 2
	A1 | A2 | A3 | A6: 1
	A2 | A3 | A5 | A6: 1
	A3 | A4 | A5: 1
	A1 | A2 | A3 | A4: 1
*********************************************************************************
All potential concepts based on thresholds
	A4 A5 ~#~ A1 A4 A5 ~#~ A2 A3 ~#~ A2 A3 A5 ~#~ A1 A2 A3 ~#~ A2 A4 A5 ~#~ A2 A3 A4 ~#~ A1 A2 A3 A6 ~#~ A3 A4 A5 ~#~ A1 A2 A3 A5 ~#~ A2 A3 A4 A5 ~#~ A2 A3 A5 A6 ~#~ A1 A2 A3 A4 ~#~ 
*********************************************************************************
We remove max(NOISE,minNoise) groups, NOISE=0.0% -> 0, minNoise=0 we remove groups of size 0. Number of instances from class (1) is 16 (fold 7).
Lower threshold thrL: 0.6 upper threshold thrU: 0.8 with step: 0.1
								--------------
									Fold  7
								--------------
--------------
Threshold: 0,60
--------------
	A1 | A4 | A5: 4
	A4 | A5: 3
	A2 | A3: 2
	A2 | A3 | A5: 2
	A2 | A3 | A4: 2
	A2 | A5 | A6: 1
	A2 | A4 | A5: 1
	A1 | A5: 1
--------------
Threshold: 0,70
--------------
	A1 | A4 | A5: 6
	A2 | A3 | A5: 4
	A2 | A4 | A5: 2
	A2 | A3 | A4: 2
	A2 | A5 | A6: 1
	A4 | A5: 1
--------------
Threshold: 0,80
--------------
	A1 | A4 | A5: 5
	A2 | A3 | A4 | A5: 5
	A2 | A4 | A5: 2
	A2 | A3 | A5: 2
	A1 | A3 | A4 | A5: 1
	A2 | A4 | A5 | A6: 1
*********************************************************************************
All potential concepts based on thresholds
	A1 A4 A5 ~#~ A4 A5 ~#~ A2 A3 ~#~ A2 A3 A5 ~#~ A2 A3 A4 ~#~ A2 A5 A6 ~#~ A2 A4 A5 ~#~ A1 A5 ~#~ A2 A3 A4 A5 ~#~ A1 A3 A4 A5 ~#~ A2 A4 A5 A6 ~#~ 
*********************************************************************************
We remove max(NOISE,minNoise) groups, NOISE=0.0% -> 0, minNoise=0 we remove groups of size 0. Number of instances from class (1) is 15 (fold 8).
Lower threshold thrL: 0.6 upper threshold thrU: 0.8 with step: 0.1
								--------------
									Fold  8
								--------------
--------------
Threshold: 0,60
--------------
	A1 | A4 | A5: 3
	A1 | A2 | A3: 2
	A2 | A3: 2
	A1 | A5: 2
	A4 | A5: 2
	A3 | A4 | A5: 1
	A3 | A5 | A6: 1
	A2 | A3 | A5: 1
	A2 | A3 | A4: 1
--------------
Threshold: 0,70
--------------
	A1 | A4 | A5: 6
	A2 | A3 | A5: 3
	A1 | A2 | A3: 1
	A1 | A2 | A3 | A6: 1
	A3 | A4 | A5: 1
	A3 | A5 | A6: 1
	A2 | A3 | A4: 1
	A4 | A5: 1
--------------
Threshold: 0,80
--------------
	A1 | A4 | A5: 5
	A1 | A2 | A3 | A5: 2
	A2 | A3 | A5: 2
	A1 | A3 | A4 | A5: 1
	A1 | A2 | A3 | A6: 1
	A3 | A4 | A5: 1
	A1 | A2 | A3 | A4: 1
	A3 | A4 | A5 | A6: 1
	A2 | A3 | A4 | A5: 1
*********************************************************************************
All potential concepts based on thresholds
	A1 A4 A5 ~#~ A1 A2 A3 ~#~ A2 A3 ~#~ A1 A5 ~#~ A4 A5 ~#~ A3 A4 A5 ~#~ A3 A5 A6 ~#~ A2 A3 A5 ~#~ A2 A3 A4 ~#~ A1 A2 A3 A6 ~#~ A1 A2 A3 A5 ~#~ A1 A3 A4 A5 ~#~ A1 A2 A3 A4 ~#~ A3 A4 A5 A6 ~#~ A2 A3 A4 A5 ~#~ 
*********************************************************************************
We remove max(NOISE,minNoise) groups, NOISE=0.0% -> 0, minNoise=0 we remove groups of size 0. Number of instances from class (1) is 15 (fold 9).
Lower threshold thrL: 0.6 upper threshold thrU: 0.8 with step: 0.1
								--------------
									Fold  9
								--------------
--------------
Threshold: 0,60
--------------
	A1 | A4 | A5: 5
	A2 | A3 | A5: 4
	A2 | A3: 3
	A2 | A3 | A6: 1
	A2 | A3 | A4: 1
	A4 | A5: 1
--------------
Threshold: 0,70
--------------
	A1 | A4 | A5: 5
	A2 | A3 | A5: 3
	A2 | A3: 2
	A1 | A2 | A3: 1
	A2 | A3 | A6: 1
	A2 | A4 | A5: 1
	A2 | A3 | A4: 1
	A2 | A3 | A4 | A5: 1
--------------
Threshold: 0,80
--------------
	A2 | A3 | A4 | A5: 5
	A1 | A4 | A5: 3
	A2 | A3 | A5: 2
	A1 | A3 | A4 | A5: 1
	A1 | A2 | A4 | A5: 1
	A1 | A2 | A3 | A6: 1
	A1 | A2 | A3 | A5: 1
	A1 | A2 | A3 | A4: 1
*********************************************************************************
All potential concepts based on thresholds
	A1 A4 A5 ~#~ A2 A3 A5 ~#~ A2 A3 ~#~ A2 A3 A6 ~#~ A2 A3 A4 ~#~ A4 A5 ~#~ A1 A2 A3 ~#~ A2 A4 A5 ~#~ A2 A3 A4 A5 ~#~ A1 A3 A4 A5 ~#~ A1 A2 A4 A5 ~#~ A1 A2 A3 A6 ~#~ A1 A2 A3 A5 ~#~ A1 A2 A3 A4 ~#~ 
*********************************************************************************
We remove max(NOISE,minNoise) groups, NOISE=0.0% -> 0, minNoise=0 we remove groups of size 0. Number of instances from class (1) is 15 (fold 10).
Lower threshold thrL: 0.6 upper threshold thrU: 0.8 with step: 0.1
								--------------
									Fold 10
								--------------
--------------
Threshold: 0,60
--------------
	A4 | A5: 8
	A1 | A2 | A3: 2
	A2 | A3: 2
	A1 | A4 | A5: 1
	A2 | A3 | A5: 1
	A2 | A3 | A4: 1
--------------
Threshold: 0,70
--------------
	A1 | A4 | A5: 6
	A2 | A3 | A4: 2
	A4 | A5: 2
	A1 | A2 | A3: 1
	A1 | A2 | A3 | A6: 1
	A2 | A3: 1
	A2 | A4 | A5: 1
	A2 | A3 | A5: 1
--------------
Threshold: 0,80
--------------
	A1 | A4 | A5: 6
	A1 | A2 | A3 | A4: 2
	A2 | A3 | A4: 2
	A1 | A2 | A3 | A6: 1
	A1 | A2 | A3 | A5: 1
	A3 | A4 | A5: 1
	A2 | A4 | A5: 1
	A2 | A3 | A4 | A5: 1
*********************************************************************************
All potential concepts based on thresholds
	A4 A5 ~#~ A1 A2 A3 ~#~ A2 A3 ~#~ A1 A4 A5 ~#~ A2 A3 A5 ~#~ A2 A3 A4 ~#~ A1 A2 A3 A6 ~#~ A2 A4 A5 ~#~ A1 A2 A3 A4 ~#~ A1 A2 A3 A5 ~#~ A3 A4 A5 ~#~ A2 A3 A4 A5 ~#~ 
*********************************************************************************
