dataset: rConcept.arff
--------------
Threshold: 0,10
--------------
	A2: 614
	A3: 203
	A1: 94
	A4: 86
--------------
Threshold: 0,20
--------------
	A2: 614
	A3: 203
	A1: 94
	A4: 86
--------------
Threshold: 0,30
--------------
	A2: 611
	A3: 197
	A1: 89
	A4: 81
--------------
Threshold: 0,40
--------------
	A2: 527
	A3: 138
	A2 | A3: 80
	A4: 49
	A1: 46
	A2 | A4: 44
	A1 | A2: 43
	A1 | A3: 37
	A3 | A4: 17
	A1 | A4: 14
--------------
Threshold: 0,50
--------------
	A2: 352
	A2 | A3: 195
	A2 | A4: 138
	A1 | A2: 104
	A1 | A3: 71
	A3: 55
	A3 | A4: 27
	A1 | A4: 21
	A4: 15
	A1: 13
--------------
Threshold: 0,60
--------------
	A2 | A3: 276
	A2 | A4: 196
	A2: 158
	A1 | A2: 154
	A1 | A3: 83
	A3 | A4: 25
	A2 | A3 | A4: 18
	A3: 17
	A1 | A4: 17
	A1 | A2 | A3: 17
--------------
Threshold: 0,70
--------------
	A2 | A3: 244
	A2 | A4: 193
	A1 | A2: 136
	A1 | A2 | A3: 117
	A2 | A3 | A4: 73
	A1 | A3: 55
	A2: 51
	A1 | A2 | A4: 46
	A3 | A4: 20
	A1 | A3 | A4: 19
--------------
Threshold: 0,80
--------------
	A1 | A2 | A3: 265
	A2 | A3 | A4: 145
	A2 | A4: 120
	A2 | A3: 119
	A1 | A2 | A4: 84
	A1 | A2: 78
	A1 | A2 | A3 | A4: 39
	A2 | A4 | A5: 27
	A1 | A3: 22
	A1 | A3 | A4: 21
	A2 | A3 | A5: 13
	A3 | A4 | A5: 11
*********************************************************************************
All potential concepts based on thresholds
	A2 A3 ~#~ A2 A4 ~#~ A1 A2 ~#~ A1 A3 ~#~ A3 A4 ~#~ A1 A4 ~#~ A2 A3 A4 ~#~ A1 A2 A3 ~#~ A1 A2 A4 ~#~ A1 A3 A4 ~#~ A1 A2 A3 A4 ~#~ A2 A4 A5 ~#~ A2 A3 A5 ~#~ A3 A4 A5 ~#~ 
*********************************************************************************
--------------
Threshold: 0,10
--------------
	A2: 634
	A3: 205
	A4: 83
	A1: 78
--------------
Threshold: 0,20
--------------
	A2: 634
	A3: 205
	A4: 83
	A1: 78
--------------
Threshold: 0,30
--------------
	A2: 630
	A3: 199
	A4: 77
	A1: 75
--------------
Threshold: 0,40
--------------
	A2: 544
	A3: 152
	A2 | A3: 77
	A4: 47
	A2 | A4: 45
	A1: 43
	A1 | A2: 42
	A1 | A3: 29
	A3 | A4: 13
--------------
Threshold: 0,50
--------------
	A2: 326
	A2 | A3: 218
	A2 | A4: 145
	A1 | A2: 109
	A3: 71
	A1 | A3: 71
	A3 | A4: 27
	A4: 12
--------------
Threshold: 0,60
--------------
	A2 | A3: 290
	A2 | A4: 192
	A2: 160
	A1 | A2: 147
	A1 | A3: 87
	A3: 34
	A3 | A4: 31
	A2 | A3 | A4: 17
--------------
Threshold: 0,70
--------------
	A2 | A3: 263
	A2 | A4: 171
	A1 | A2: 124
	A1 | A2 | A3: 120
	A2 | A3 | A4: 83
	A1 | A3: 74
	A2: 62
	A1 | A2 | A4: 30
	A3 | A4: 15
	A1 | A3 | A4: 14
	A2 | A4 | A5: 11
--------------
Threshold: 0,80
--------------
	A1 | A2 | A3: 281
	A2 | A3: 151
	A2 | A3 | A4: 150
	A1 | A2 | A4: 89
	A2 | A4: 83
	A1 | A2: 55
	A1 | A2 | A3 | A4: 36
	A1 | A3: 31
	A2 | A4 | A5: 29
	A1 | A3 | A4: 17
	A2: 14
*********************************************************************************
All potential concepts based on thresholds
	A2 A3 ~#~ A2 A4 ~#~ A1 A2 ~#~ A1 A3 ~#~ A3 A4 ~#~ A2 A3 A4 ~#~ A1 A2 A3 ~#~ A1 A2 A4 ~#~ A1 A3 A4 ~#~ A2 A4 A5 ~#~ A1 A2 A3 A4 ~#~ 
*********************************************************************************
