dataset: rLinear.arff
--------------
Threshold: 0,10
--------------
	A3: 660
	A2: 297
	A1: 43
--------------
Threshold: 0,20
--------------
	A3: 660
	A2: 297
	A1: 43
--------------
Threshold: 0,30
--------------
	A3: 660
	A2: 297
	A1: 43
--------------
Threshold: 0,40
--------------
	A3: 648
	A2: 285
	A1: 35
	A2 | A3: 15
--------------
Threshold: 0,50
--------------
	A3: 528
	A2: 186
	A2 | A3: 184
	A1 | A2: 46
	A1 | A3: 39
	A1: 17
--------------
Threshold: 0,60
--------------
	A2 | A3: 440
	A3: 300
	A2: 87
	A1 | A2: 86
	A1 | A3: 81
--------------
Threshold: 0,70
--------------
	A2 | A3: 576
	A3: 146
	A1 | A3: 122
	A1 | A2: 106
	A2: 34
	A1 | A2 | A3: 14
--------------
Threshold: 0,80
--------------
	A2 | A3: 546
	A1 | A2 | A3: 175
	A1 | A3: 134
	A1 | A2: 85
	A3: 49
	A2: 11
*********************************************************************************
All potential concepts based on thresholds
	A2 A3 ~#~ A1 A2 ~#~ A1 A3 ~#~ A1 A2 A3 ~#~ 
*********************************************************************************
--------------
Threshold: 0,10
--------------
	A3: 655
	A2: 304
	A1: 41
--------------
Threshold: 0,20
--------------
	A3: 655
	A2: 304
	A1: 41
--------------
Threshold: 0,30
--------------
	A3: 655
	A2: 304
	A1: 41
--------------
Threshold: 0,40
--------------
	A3: 631
	A2: 285
	A1: 37
	A2 | A3: 29
--------------
Threshold: 0,50
--------------
	A3: 509
	A2: 197
	A2 | A3: 196
	A1 | A2: 43
	A1 | A3: 37
	A1: 18
--------------
Threshold: 0,60
--------------
	A2 | A3: 446
	A3: 290
	A2: 93
	A1 | A3: 85
	A1 | A2: 80
--------------
Threshold: 0,70
--------------
	A2 | A3: 575
	A3: 135
	A1 | A3: 130
	A1 | A2: 101
	A2: 46
	A1 | A2 | A3: 13
--------------
Threshold: 0,80
--------------
	A2 | A3: 529
	A1 | A2 | A3: 198
	A1 | A3: 143
	A1 | A2: 77
	A3: 36
	A2: 17
*********************************************************************************
All potential concepts based on thresholds
	A2 A3 ~#~ A1 A2 ~#~ A1 A3 ~#~ A1 A2 A3 ~#~ 
*********************************************************************************
