dataset: Glass_new.arff
--------------
Threshold: 0,10
--------------
	K: 22
	Na: 3
--------------
Threshold: 0,20
--------------
	K: 22
	Na: 3
--------------
Threshold: 0,30
--------------
	K: 21
	Na: 3
	K | Ba: 2
--------------
Threshold: 0,40
--------------
	K: 12
	Na | K: 10
	K | Ba: 2
	Na | Ba: 2
--------------
Threshold: 0,50
--------------
	Na | K: 22
	Na | Ba: 2
--------------
Threshold: 0,60
--------------
	Na | K: 21
	Na | K | Ba: 2
--------------
Threshold: 0,70
--------------
	Na | K | Ba: 23
--------------
Threshold: 0,80
--------------
	Na | K | Ba: 19
	RI | Na | K | Ba: 3
	Na | Mg | K | Ba: 2
*********************************************************************************
All potential concepts based on thresholds
	K Ba ~#~ Na K ~#~ Na Ba ~#~ Na K Ba ~#~ RI Na K Ba ~#~ Na Mg K Ba ~#~ 
*********************************************************************************
--------------
Threshold: 0,10
--------------
	K: 18
	Na: 4
	Ba: 4
--------------
Threshold: 0,20
--------------
	K: 18
	Na: 4
	Ba: 4
--------------
Threshold: 0,30
--------------
	K: 18
	Ba: 4
	Na | Ba: 3
--------------
Threshold: 0,40
--------------
	Na | K: 14
	K | Ba: 4
	K: 4
	Na | Ba: 4
--------------
Threshold: 0,50
--------------
	Na | K: 17
	K | Ba: 5
	Na | Ba: 3
--------------
Threshold: 0,60
--------------
	Na | K: 16
	Na | K | Ba: 6
	Mg | K | Ba: 3
--------------
Threshold: 0,70
--------------
	Na | K | Ba: 20
	Mg | K | Ba: 3
	RI | Na | K | Ba: 2
--------------
Threshold: 0,80
--------------
	Na | Mg | K | Ba: 10
	Na | K | Ba: 9
	RI | Na | K | Ba: 4
*********************************************************************************
All potential concepts based on thresholds
	Na Ba ~#~ Na K ~#~ K Ba ~#~ Na K Ba ~#~ Mg K Ba ~#~ RI Na K Ba ~#~ Na Mg K Ba ~#~ 
*********************************************************************************
--------------
Threshold: 0,10
--------------
	K: 20
	Ba: 7
--------------
Threshold: 0,20
--------------
	K: 20
	Ba: 7
--------------
Threshold: 0,30
--------------
	K: 19
	K | Ba: 5
	Ba: 3
--------------
Threshold: 0,40
--------------
	K: 19
	K | Ba: 8
--------------
Threshold: 0,50
--------------
	K | Ba: 14
	K: 12
--------------
Threshold: 0,60
--------------
	K | Ba: 21
	Mg | K | Ba: 3
	RI | K | Ba: 2
--------------
Threshold: 0,70
--------------
	K | Ba: 14
	Mg | K | Ba: 8
	RI | K | Ba: 3
	RI | Mg | K | Ba: 2
--------------
Threshold: 0,80
--------------
	Mg | K | Ba: 13
	RI | Mg | K | Ba: 7
	Na | Mg | K | Ba: 3
	RI | Na | Mg | K | Ba: 2
*********************************************************************************
All potential concepts based on thresholds
	K Ba ~#~ Mg K Ba ~#~ RI K Ba ~#~ RI Mg K Ba ~#~ Na Mg K Ba ~#~ RI Na Mg K Ba ~#~ 
*********************************************************************************
--------------
Threshold: 0,10
--------------
	K: 18
	Na: 5
	Ba: 3
--------------
Threshold: 0,20
--------------
	K: 18
	Na: 5
	Ba: 3
--------------
Threshold: 0,30
--------------
	K: 18
	Na: 5
	K | Ba: 3
--------------
Threshold: 0,40
--------------
	Na | K: 17
	Na | Ba: 5
	K | Ba: 3
--------------
Threshold: 0,50
--------------
	Na | K: 18
	Na | Ba: 5
	K | Ba: 2
--------------
Threshold: 0,60
--------------
	Na | K: 17
	Na | K | Ba: 7
--------------
Threshold: 0,70
--------------
	Na | K | Ba: 23
	RI | Na | K | Ba: 2
--------------
Threshold: 0,80
--------------
	Na | Mg | K | Ba: 10
	Na | K | Ba: 9
	Na | Al | K | Ba: 2
	RI | Na | K | Ba: 2
*********************************************************************************
All potential concepts based on thresholds
	K Ba ~#~ Na K ~#~ Na Ba ~#~ Na K Ba ~#~ RI Na K Ba ~#~ Na Mg K Ba ~#~ Na Al K Ba ~#~ 
*********************************************************************************
--------------
Threshold: 0,10
--------------
	K: 22
	Na: 4
--------------
Threshold: 0,20
--------------
	K: 22
	Na: 4
--------------
Threshold: 0,30
--------------
	K: 19
	Na: 4
	K | Ba: 2
--------------
Threshold: 0,40
--------------
	K: 12
	Na | K: 12
	K | Ba: 2
--------------
Threshold: 0,50
--------------
	Na | K: 23
	Na | K | Ba: 2
--------------
Threshold: 0,60
--------------
	Na | K: 20
	Na | K | Ba: 5
--------------
Threshold: 0,70
--------------
	Na | K | Ba: 20
	Na | Al | K: 3
	Na | Mg | K | Ba: 2
--------------
Threshold: 0,80
--------------
	Na | Al | K | Ba: 18
	RI | Na | Al | K | Ba: 3
	Na | Mg | K | Ba: 2
*********************************************************************************
All potential concepts based on thresholds
	K Ba ~#~ Na K ~#~ Na K Ba ~#~ Na Al K ~#~ Na Mg K Ba ~#~ Na Al K Ba ~#~ RI Na Al K Ba ~#~ 
*********************************************************************************
--------------
Threshold: 0,10
--------------
	K: 19
	Ba: 4
	Na: 3
--------------
Threshold: 0,20
--------------
	K: 19
	Ba: 4
	Na: 3
--------------
Threshold: 0,30
--------------
	K: 19
	K | Ba: 4
	Na: 2
--------------
Threshold: 0,40
--------------
	Na | K: 19
	K | Ba: 4
	Na | Ba: 3
--------------
Threshold: 0,50
--------------
	Na | K: 19
	K | Ba: 3
	Na | Ba: 2
--------------
Threshold: 0,60
--------------
	Na | K | Ba: 19
	Na | K: 3
	Mg | K | Ba: 2
	RI | K | Ba: 2
--------------
Threshold: 0,70
--------------
	Na | K | Ba: 21
	RI | Na | K | Ba: 2
	Na | Mg | K | Ba: 2
--------------
Threshold: 0,80
--------------
	Na | Mg | K | Ba: 15
	RI | Na | K | Ba: 6
	RI | Na | Mg | K | Ba: 3
*********************************************************************************
All potential concepts based on thresholds
	K Ba ~#~ Na K ~#~ Na Ba ~#~ Na K Ba ~#~ Mg K Ba ~#~ RI K Ba ~#~ RI Na K Ba ~#~ Na Mg K Ba ~#~ RI Na Mg K Ba ~#~ 
*********************************************************************************
--------------
Threshold: 0,10
--------------
	K: 21
	Ba: 5
--------------
Threshold: 0,20
--------------
	K: 21
	Ba: 5
--------------
Threshold: 0,30
--------------
	K: 19
	K | Ba: 5
	Ba: 2
--------------
Threshold: 0,40
--------------
	K: 18
	K | Ba: 8
--------------
Threshold: 0,50
--------------
	K | Ba: 21
	K: 3
	Na | K | Ba: 2
--------------
Threshold: 0,60
--------------
	K | Ba: 20
	Na | K | Ba: 3
--------------
Threshold: 0,70
--------------
	Na | K | Ba: 14
	K | Ba: 5
	Na | Mg | K | Ba: 2
	Mg | K | Ba: 2
--------------
Threshold: 0,80
--------------
	Na | Mg | K | Ba: 13
	Na | K | Ba: 9
*********************************************************************************
All potential concepts based on thresholds
	K Ba ~#~ Na K Ba ~#~ Na Mg K Ba ~#~ Mg K Ba ~#~ 
*********************************************************************************
--------------
Threshold: 0,10
--------------
	K: 18
	Ba: 6
	Na: 2
--------------
Threshold: 0,20
--------------
	K: 18
	Ba: 6
	Na: 2
--------------
Threshold: 0,30
--------------
	K: 18
	Na | Ba: 4
	Ba: 3
--------------
Threshold: 0,40
--------------
	K: 13
	Na | K: 5
	Na | Ba: 5
	K | Ba: 3
--------------
Threshold: 0,50
--------------
	Na | K: 11
	K | Ba: 10
	Na | Ba: 4
--------------
Threshold: 0,60
--------------
	Na | K | Ba: 11
	K | Ba: 8
	Na | K: 7
--------------
Threshold: 0,70
--------------
	Na | K | Ba: 23
--------------
Threshold: 0,80
--------------
	Na | Mg | K | Ba: 12
	Na | K | Ba: 9
	RI | Na | K | Ba: 4
*********************************************************************************
All potential concepts based on thresholds
	Na Ba ~#~ Na K ~#~ K Ba ~#~ Na K Ba ~#~ Na Mg K Ba ~#~ RI Na K Ba ~#~ 
*********************************************************************************
--------------
Threshold: 0,10
--------------
	K: 18
	Na: 4
	Ba: 4
--------------
Threshold: 0,20
--------------
	K: 18
	Na: 4
	Ba: 4
--------------
Threshold: 0,30
--------------
	K: 17
	Na: 4
	K | Ba: 2
--------------
Threshold: 0,40
--------------
	Na | K: 18
	K | Ba: 4
	Na | Ba: 3
--------------
Threshold: 0,50
--------------
	Na | K: 18
	Na | Ba: 3
	K | Ba: 2
	Na | K | Ba: 2
--------------
Threshold: 0,60
--------------
	Na | K: 16
	Na | K | Ba: 6
	Na | Ba: 2
--------------
Threshold: 0,70
--------------
	Na | K | Ba: 22
	RI | Na | K | Ba: 2
	Na | Mg | K | Ba: 2
--------------
Threshold: 0,80
--------------
	Na | Mg | K | Ba: 12
	Na | K | Ba: 10
	RI | Na | K | Ba: 2
*********************************************************************************
All potential concepts based on thresholds
	K Ba ~#~ Na K ~#~ Na Ba ~#~ Na K Ba ~#~ RI Na K Ba ~#~ Na Mg K Ba ~#~ 
*********************************************************************************
--------------
Threshold: 0,10
--------------
	K: 20
	Na: 4
	Ba: 2
--------------
Threshold: 0,20
--------------
	K: 20
	Na: 4
	Ba: 2
--------------
Threshold: 0,30
--------------
	K: 20
	Na | Ba: 3
	K | Ba: 2
--------------
Threshold: 0,40
--------------
	Na | K: 11
	K: 9
	Na | Ba: 4
	K | Ba: 2
--------------
Threshold: 0,50
--------------
	Na | K: 18
	K | Ba: 3
	Na | K | Ba: 2
	Na | Ba: 2
--------------
Threshold: 0,60
--------------
	Na | K: 12
	Na | K | Ba: 10
	K | Ba: 2
	Mg | K | Ba: 2
--------------
Threshold: 0,70
--------------
	Na | K | Ba: 21
	Na | Mg | K | Ba: 2
--------------
Threshold: 0,80
--------------
	Na | Mg | K | Ba: 17
	Na | K | Ba: 4
	RI | Na | Mg | K | Ba: 3
*********************************************************************************
All potential concepts based on thresholds
	Na Ba ~#~ K Ba ~#~ Na K ~#~ Na K Ba ~#~ Mg K Ba ~#~ Na Mg K Ba ~#~ RI Na Mg K Ba ~#~ 
*********************************************************************************
