dataset: cBinClassDisAttr-uniqueInst.arff
--------------
Threshold: 0,10
--------------
	A1: 78
--------------
Threshold: 0,20
--------------
	A1: 78
--------------
Threshold: 0,30
--------------
	A1: 78
--------------
Threshold: 0,40
--------------
	A1: 78
--------------
Threshold: 0,50
--------------
	A1: 77
--------------
Threshold: 0,60
--------------
	A1: 63
	A1 | A2: 15
--------------
Threshold: 0,70
--------------
	A1: 62
	A1 | A2: 16
--------------
Threshold: 0,80
--------------
	A1 | A2: 55
	A1: 15
	A1 | A2 | A4: 5
*********************************************************************************
All potential concepts based on thresholds
	A1 A2 ~#~ A1 A2 A4 ~#~ 
*********************************************************************************
--------------
Threshold: 0,10
--------------
	A1: 78
--------------
Threshold: 0,20
--------------
	A1: 78
--------------
Threshold: 0,30
--------------
	A1: 78
--------------
Threshold: 0,40
--------------
	A1: 78
--------------
Threshold: 0,50
--------------
	A1: 78
--------------
Threshold: 0,60
--------------
	A1: 67
	A1 | A2: 10
--------------
Threshold: 0,70
--------------
	A1: 59
	A1 | A2: 18
--------------
Threshold: 0,80
--------------
	A1 | A2: 48
	A1: 16
	A1 | A2 | A4: 12
*********************************************************************************
All potential concepts based on thresholds
	A1 A2 ~#~ A1 A2 A4 ~#~ 
*********************************************************************************
--------------
Threshold: 0,10
--------------
	A1: 78
--------------
Threshold: 0,20
--------------
	A1: 78
--------------
Threshold: 0,30
--------------
	A1: 78
--------------
Threshold: 0,40
--------------
	A1: 78
--------------
Threshold: 0,50
--------------
	A1: 73
	A1 | A2: 5
--------------
Threshold: 0,60
--------------
	A1: 64
	A1 | A2: 14
--------------
Threshold: 0,70
--------------
	A1: 52
	A1 | A2: 26
--------------
Threshold: 0,80
--------------
	A1 | A2: 54
	A1 | A2 | A4: 13
	A1: 9
*********************************************************************************
All potential concepts based on thresholds
	A1 A2 ~#~ A1 A2 A4 ~#~ 
*********************************************************************************
--------------
Threshold: 0,10
--------------
	A1: 78
--------------
Threshold: 0,20
--------------
	A1: 78
--------------
Threshold: 0,30
--------------
	A1: 78
--------------
Threshold: 0,40
--------------
	A1: 78
--------------
Threshold: 0,50
--------------
	A1: 78
--------------
Threshold: 0,60
--------------
	A1: 63
	A1 | A2: 11
	A1 | A4: 4
--------------
Threshold: 0,70
--------------
	A1: 59
	A1 | A2: 14
	A1 | A4: 5
--------------
Threshold: 0,80
--------------
	A1 | A2: 44
	A1: 13
	A1 | A2 | A4: 13
	A1 | A4: 8
*********************************************************************************
All potential concepts based on thresholds
	A1 A2 ~#~ A1 A4 ~#~ A1 A2 A4 ~#~ 
*********************************************************************************
--------------
Threshold: 0,10
--------------
	A1: 78
--------------
Threshold: 0,20
--------------
	A1: 78
--------------
Threshold: 0,30
--------------
	A1: 78
--------------
Threshold: 0,40
--------------
	A1: 78
--------------
Threshold: 0,50
--------------
	A1: 78
--------------
Threshold: 0,60
--------------
	A1: 64
	A1 | A2: 14
--------------
Threshold: 0,70
--------------
	A1: 58
	A1 | A2: 20
--------------
Threshold: 0,80
--------------
	A1 | A2: 48
	A1: 17
	A1 | A2 | A4: 8
	A1 | A2 | A3: 5
*********************************************************************************
All potential concepts based on thresholds
	A1 A2 ~#~ A1 A2 A4 ~#~ A1 A2 A3 ~#~ 
*********************************************************************************
--------------
Threshold: 0,10
--------------
	A1: 78
--------------
Threshold: 0,20
--------------
	A1: 78
--------------
Threshold: 0,30
--------------
	A1: 78
--------------
Threshold: 0,40
--------------
	A1: 78
--------------
Threshold: 0,50
--------------
	A1: 78
--------------
Threshold: 0,60
--------------
	A1: 70
	A1 | A2: 8
--------------
Threshold: 0,70
--------------
	A1: 66
	A1 | A2: 11
--------------
Threshold: 0,80
--------------
	A1 | A2: 47
	A1: 20
	A1 | A2 | A4: 7
	A1 | A4: 4
*********************************************************************************
All potential concepts based on thresholds
	A1 A2 ~#~ A1 A2 A4 ~#~ A1 A4 ~#~ 
*********************************************************************************
--------------
Threshold: 0,10
--------------
	A1: 78
--------------
Threshold: 0,20
--------------
	A1: 78
--------------
Threshold: 0,30
--------------
	A1: 78
--------------
Threshold: 0,40
--------------
	A1: 78
--------------
Threshold: 0,50
--------------
	A1: 78
--------------
Threshold: 0,60
--------------
	A1: 64
	A1 | A2: 10
	A1 | A4: 4
--------------
Threshold: 0,70
--------------
	A1: 58
	A1 | A2: 16
	A1 | A4: 4
--------------
Threshold: 0,80
--------------
	A1 | A2: 47
	A1 | A2 | A4: 14
	A1: 13
	A1 | A4: 4
*********************************************************************************
All potential concepts based on thresholds
	A1 A2 ~#~ A1 A4 ~#~ A1 A2 A4 ~#~ 
*********************************************************************************
--------------
Threshold: 0,10
--------------
	A1: 79
--------------
Threshold: 0,20
--------------
	A1: 79
--------------
Threshold: 0,30
--------------
	A1: 79
--------------
Threshold: 0,40
--------------
	A1: 79
--------------
Threshold: 0,50
--------------
	A1: 78
--------------
Threshold: 0,60
--------------
	A1: 62
	A1 | A2: 16
--------------
Threshold: 0,70
--------------
	A1: 57
	A1 | A2: 21
--------------
Threshold: 0,80
--------------
	A1 | A2: 51
	A1: 14
	A1 | A2 | A4: 14
*********************************************************************************
All potential concepts based on thresholds
	A1 A2 ~#~ A1 A2 A4 ~#~ 
*********************************************************************************
--------------
Threshold: 0,10
--------------
	A1: 79
--------------
Threshold: 0,20
--------------
	A1: 79
--------------
Threshold: 0,30
--------------
	A1: 79
--------------
Threshold: 0,40
--------------
	A1: 79
--------------
Threshold: 0,50
--------------
	A1: 79
--------------
Threshold: 0,60
--------------
	A1: 65
	A1 | A2: 14
--------------
Threshold: 0,70
--------------
	A1: 59
	A1 | A2: 20
--------------
Threshold: 0,80
--------------
	A1 | A2: 60
	A1: 8
	A1 | A2 | A4: 7
	A1 | A2 | A3: 4
*********************************************************************************
All potential concepts based on thresholds
	A1 A2 ~#~ A1 A2 A4 ~#~ A1 A2 A3 ~#~ 
*********************************************************************************
--------------
Threshold: 0,10
--------------
	A1: 79
--------------
Threshold: 0,20
--------------
	A1: 79
--------------
Threshold: 0,30
--------------
	A1: 79
--------------
Threshold: 0,40
--------------
	A1: 79
--------------
Threshold: 0,50
--------------
	A1: 79
--------------
Threshold: 0,60
--------------
	A1: 64
	A1 | A2: 15
--------------
Threshold: 0,70
--------------
	A1: 56
	A1 | A2: 23
--------------
Threshold: 0,80
--------------
	A1 | A2: 55
	A1: 10
	A1 | A2 | A4: 8
	A1 | A2 | A3: 5
*********************************************************************************
All potential concepts based on thresholds
	A1 A2 ~#~ A1 A2 A4 ~#~ A1 A2 A3 ~#~ 
*********************************************************************************
dataset: cBinClassNumBinAttr.arff
--------------
Threshold: 0,10
--------------
	A3: 153
	A4: 39
	A2: 18
--------------
Threshold: 0,20
--------------
	A3: 153
	A4: 39
	A2: 18
--------------
Threshold: 0,30
--------------
	A3: 153
	A4: 38
	A2: 18
--------------
Threshold: 0,40
--------------
	A3: 137
	A2 | A4: 33
	A2: 11
	A4: 11
	A3 | A4: 9
	A2 | A3: 7
--------------
Threshold: 0,50
--------------
	A2 | A3: 110
	A2 | A4: 44
	A3: 28
	A3 | A4: 15
	A1 | A2: 13
--------------
Threshold: 0,60
--------------
	A2 | A3: 138
	A2 | A4: 42
	A3 | A4: 15
	A1 | A2: 13
--------------
Threshold: 0,70
--------------
	A2 | A3: 96
	A2 | A3 | A4: 63
	A1 | A2 | A4: 17
	A2 | A4: 17
	A1 | A2 | A3: 13
	A1 | A2: 4
--------------
Threshold: 0,80
--------------
	A1 | A2 | A3: 111
	A2 | A3 | A4: 66
	A1 | A2 | A4: 27
	A1 | A2 | A3 | A4: 4
*********************************************************************************
All potential concepts based on thresholds
	A2 A4 ~#~ A3 A4 ~#~ A2 A3 ~#~ A1 A2 ~#~ A2 A3 A4 ~#~ A1 A2 A4 ~#~ A1 A2 A3 ~#~ A1 A2 A3 A4 ~#~ 
*********************************************************************************
--------------
Threshold: 0,10
--------------
	A3: 152
	A4: 33
	A2: 25
--------------
Threshold: 0,20
--------------
	A3: 152
	A4: 33
	A2: 25
--------------
Threshold: 0,30
--------------
	A3: 152
	A4: 32
	A2: 25
--------------
Threshold: 0,40
--------------
	A3: 134
	A2 | A4: 40
	A2 | A3: 13
	A2: 12
	A3 | A4: 5
	A4: 4
--------------
Threshold: 0,50
--------------
	A2 | A3: 136
	A2 | A4: 44
	A1 | A2: 14
	A3: 10
	A3 | A4: 6
--------------
Threshold: 0,60
--------------
	A2 | A3: 146
	A2 | A4: 43
	A1 | A2: 14
	A3 | A4: 6
--------------
Threshold: 0,70
--------------
	A2 | A3: 94
	A2 | A3 | A4: 58
	A1 | A2 | A3: 19
	A1 | A2 | A4: 19
	A2 | A4: 13
	A1 | A2: 7
--------------
Threshold: 0,80
--------------
	A1 | A2 | A3: 120
	A2 | A3 | A4: 55
	A1 | A2 | A4: 31
	A1 | A2 | A3 | A4: 4
*********************************************************************************
All potential concepts based on thresholds
	A2 A4 ~#~ A2 A3 ~#~ A3 A4 ~#~ A1 A2 ~#~ A2 A3 A4 ~#~ A1 A2 A3 ~#~ A1 A2 A4 ~#~ A1 A2 A3 A4 ~#~ 
*********************************************************************************
--------------
Threshold: 0,10
--------------
	A3: 150
	A4: 37
	A2: 23
--------------
Threshold: 0,20
--------------
	A3: 150
	A4: 37
	A2: 23
--------------
Threshold: 0,30
--------------
	A3: 150
	A4: 37
	A2: 23
--------------
Threshold: 0,40
--------------
	A3: 129
	A2 | A4: 31
	A4: 15
	A2: 14
	A2 | A3: 12
	A3 | A4: 9
--------------
Threshold: 0,50
--------------
	A2 | A3: 135
	A2 | A4: 46
	A3 | A4: 14
	A1 | A2: 14
--------------
Threshold: 0,60
--------------
	A2 | A3: 136
	A2 | A4: 42
	A3 | A4: 14
	A1 | A2: 14
	A1 | A2 | A4: 4
--------------
Threshold: 0,70
--------------
	A2 | A3: 91
	A2 | A3 | A4: 58
	A2 | A4: 23
	A1 | A2 | A4: 19
	A1 | A2 | A3: 12
	A1 | A2: 7
--------------
Threshold: 0,80
--------------
	A1 | A2 | A3: 108
	A2 | A3 | A4: 62
	A1 | A2 | A4: 36
*********************************************************************************
All potential concepts based on thresholds
	A2 A4 ~#~ A2 A3 ~#~ A3 A4 ~#~ A1 A2 ~#~ A1 A2 A4 ~#~ A2 A3 A4 ~#~ A1 A2 A3 ~#~ 
*********************************************************************************
--------------
Threshold: 0,10
--------------
	A3: 145
	A4: 46
	A2: 19
--------------
Threshold: 0,20
--------------
	A3: 145
	A4: 46
	A2: 19
--------------
Threshold: 0,30
--------------
	A3: 145
	A4: 46
	A2: 19
--------------
Threshold: 0,40
--------------
	A3: 128
	A2 | A4: 34
	A4: 16
	A2: 15
	A2 | A3: 9
	A3 | A4: 8
--------------
Threshold: 0,50
--------------
	A2 | A3: 117
	A2 | A4: 50
	A3 | A4: 16
	A1 | A2: 14
	A3: 12
--------------
Threshold: 0,60
--------------
	A2 | A3: 129
	A2 | A4: 50
	A3 | A4: 16
	A1 | A2: 15
--------------
Threshold: 0,70
--------------
	A2 | A3: 84
	A2 | A3 | A4: 72
	A2 | A4: 20
	A1 | A2 | A4: 18
	A1 | A2 | A3: 10
	A1 | A2: 6
--------------
Threshold: 0,80
--------------
	A1 | A2 | A3: 97
	A2 | A3 | A4: 76
	A1 | A2 | A4: 37
*********************************************************************************
All potential concepts based on thresholds
	A2 A4 ~#~ A2 A3 ~#~ A3 A4 ~#~ A1 A2 ~#~ A2 A3 A4 ~#~ A1 A2 A4 ~#~ A1 A2 A3 ~#~ 
*********************************************************************************
--------------
Threshold: 0,10
--------------
	A3: 146
	A4: 41
	A2: 23
--------------
Threshold: 0,20
--------------
	A3: 146
	A4: 41
	A2: 23
--------------
Threshold: 0,30
--------------
	A3: 146
	A4: 40
	A2: 22
--------------
Threshold: 0,40
--------------
	A3: 129
	A2 | A4: 41
	A2: 16
	A3 | A4: 10
	A4: 7
	A2 | A3: 7
--------------
Threshold: 0,50
--------------
	A2 | A3: 109
	A2 | A4: 48
	A3: 20
	A3 | A4: 17
	A1 | A2: 16
--------------
Threshold: 0,60
--------------
	A2 | A3: 128
	A2 | A4: 45
	A3 | A4: 17
	A1 | A2: 16
	A2 | A3 | A4: 4
--------------
Threshold: 0,70
--------------
	A2 | A3: 84
	A2 | A3 | A4: 75
	A2 | A4: 19
	A1 | A2 | A4: 15
	A1 | A2 | A3: 9
	A1 | A2: 8
--------------
Threshold: 0,80
--------------
	A1 | A2 | A3: 96
	A2 | A3 | A4: 79
	A1 | A2 | A4: 29
	A1 | A2 | A3 | A4: 5
*********************************************************************************
All potential concepts based on thresholds
	A2 A4 ~#~ A3 A4 ~#~ A2 A3 ~#~ A1 A2 ~#~ A2 A3 A4 ~#~ A1 A2 A4 ~#~ A1 A2 A3 ~#~ A1 A2 A3 A4 ~#~ 
*********************************************************************************
--------------
Threshold: 0,10
--------------
	A3: 152
	A4: 36
	A2: 22
--------------
Threshold: 0,20
--------------
	A3: 152
	A4: 36
	A2: 22
--------------
Threshold: 0,30
--------------
	A3: 152
	A4: 36
	A2: 20
--------------
Threshold: 0,40
--------------
	A3: 133
	A2 | A4: 38
	A2: 15
	A2 | A3: 15
	A4: 5
	A3 | A4: 4
--------------
Threshold: 0,50
--------------
	A2 | A3: 132
	A2 | A4: 43
	A1 | A2: 15
	A3: 10
	A3 | A4: 10
--------------
Threshold: 0,60
--------------
	A2 | A3: 141
	A2 | A4: 39
	A1 | A2: 15
	A3 | A4: 10
--------------
Threshold: 0,70
--------------
	A2 | A3: 91
	A2 | A3 | A4: 60
	A1 | A2 | A4: 20
	A2 | A4: 16
	A1 | A2 | A3: 13
	A1 | A2: 10
--------------
Threshold: 0,80
--------------
	A1 | A2 | A3: 111
	A2 | A3 | A4: 61
	A1 | A2 | A4: 33
	A1 | A2 | A3 | A4: 4
*********************************************************************************
All potential concepts based on thresholds
	A2 A4 ~#~ A2 A3 ~#~ A3 A4 ~#~ A1 A2 ~#~ A2 A3 A4 ~#~ A1 A2 A4 ~#~ A1 A2 A3 ~#~ A1 A2 A3 A4 ~#~ 
*********************************************************************************
--------------
Threshold: 0,10
--------------
	A3: 153
	A4: 34
	A2: 23
--------------
Threshold: 0,20
--------------
	A3: 153
	A4: 34
	A2: 23
--------------
Threshold: 0,30
--------------
	A3: 153
	A4: 33
	A2: 22
--------------
Threshold: 0,40
--------------
	A3: 135
	A2 | A4: 35
	A2: 13
	A2 | A3: 11
	A4: 8
	A3 | A4: 7
--------------
Threshold: 0,50
--------------
	A2 | A3: 129
	A2 | A4: 43
	A3 | A4: 15
	A1 | A2: 14
	A3: 9
--------------
Threshold: 0,60
--------------
	A2 | A3: 138
	A2 | A4: 39
	A3 | A4: 15
	A1 | A2: 14
--------------
Threshold: 0,70
--------------
	A2 | A3: 86
	A2 | A3 | A4: 70
	A1 | A2 | A4: 20
	A2 | A4: 13
	A1 | A2 | A3: 12
	A1 | A2: 9
--------------
Threshold: 0,80
--------------
	A1 | A2 | A3: 106
	A2 | A3 | A4: 67
	A1 | A2 | A4: 29
	A1 | A2 | A3 | A4: 8
*********************************************************************************
All potential concepts based on thresholds
	A2 A4 ~#~ A2 A3 ~#~ A3 A4 ~#~ A1 A2 ~#~ A2 A3 A4 ~#~ A1 A2 A4 ~#~ A1 A2 A3 ~#~ A1 A2 A3 A4 ~#~ 
*********************************************************************************
--------------
Threshold: 0,10
--------------
	A3: 149
	A4: 41
	A2: 19
--------------
Threshold: 0,20
--------------
	A3: 149
	A4: 41
	A2: 19
--------------
Threshold: 0,30
--------------
	A3: 149
	A4: 41
	A2: 18
--------------
Threshold: 0,40
--------------
	A3: 134
	A2 | A4: 35
	A2: 14
	A4: 11
	A3 | A4: 8
	A2 | A3: 7
--------------
Threshold: 0,50
--------------
	A2 | A3: 111
	A2 | A4: 46
	A3: 25
	A1 | A2: 14
	A3 | A4: 13
--------------
Threshold: 0,60
--------------
	A2 | A3: 136
	A2 | A4: 44
	A1 | A2: 14
	A3 | A4: 13
--------------
Threshold: 0,70
--------------
	A2 | A3: 87
	A2 | A3 | A4: 70
	A2 | A4: 18
	A1 | A2 | A4: 17
	A1 | A2 | A3: 13
	A1 | A2: 4
--------------
Threshold: 0,80
--------------
	A1 | A2 | A3: 103
	A2 | A3 | A4: 72
	A1 | A2 | A4: 29
*********************************************************************************
All potential concepts based on thresholds
	A2 A4 ~#~ A3 A4 ~#~ A2 A3 ~#~ A1 A2 ~#~ A2 A3 A4 ~#~ A1 A2 A4 ~#~ A1 A2 A3 ~#~ 
*********************************************************************************
--------------
Threshold: 0,10
--------------
	A3: 148
	A4: 41
	A2: 20
--------------
Threshold: 0,20
--------------
	A3: 148
	A4: 41
	A2: 20
--------------
Threshold: 0,30
--------------
	A3: 148
	A4: 41
	A2: 19
--------------
Threshold: 0,40
--------------
	A3: 131
	A2 | A4: 31
	A4: 15
	A2: 13
	A3 | A4: 12
	A2 | A3: 5
--------------
Threshold: 0,50
--------------
	A2 | A3: 116
	A2 | A4: 46
	A3 | A4: 19
	A1 | A2: 15
	A3: 13
--------------
Threshold: 0,60
--------------
	A2 | A3: 129
	A2 | A4: 43
	A3 | A4: 19
	A1 | A2: 15
--------------
Threshold: 0,70
--------------
	A2 | A3: 87
	A2 | A3 | A4: 73
	A2 | A4: 19
	A1 | A2 | A4: 15
	A1 | A2 | A3: 11
	A1 | A2: 4
--------------
Threshold: 0,80
--------------
	A1 | A2 | A3: 100
	A2 | A3 | A4: 75
	A1 | A2 | A4: 29
*********************************************************************************
All potential concepts based on thresholds
	A2 A4 ~#~ A3 A4 ~#~ A2 A3 ~#~ A1 A2 ~#~ A2 A3 A4 ~#~ A1 A2 A4 ~#~ A1 A2 A3 ~#~ 
*********************************************************************************
--------------
Threshold: 0,10
--------------
	A3: 148
	A4: 33
	A2: 28
--------------
Threshold: 0,20
--------------
	A3: 148
	A4: 33
	A2: 28
--------------
Threshold: 0,30
--------------
	A3: 148
	A4: 32
	A2: 28
--------------
Threshold: 0,40
--------------
	A3: 133
	A2 | A4: 39
	A2: 14
	A3 | A4: 9
	A4: 8
	A2 | A3: 6
--------------
Threshold: 0,50
--------------
	A2 | A3: 121
	A2 | A4: 47
	A3: 15
	A1 | A2: 14
	A3 | A4: 12
--------------
Threshold: 0,60
--------------
	A2 | A3: 136
	A2 | A4: 45
	A1 | A2: 14
	A3 | A4: 12
--------------
Threshold: 0,70
--------------
	A2 | A3: 92
	A2 | A3 | A4: 59
	A1 | A2 | A4: 22
	A2 | A4: 15
	A1 | A2 | A3: 12
	A1 | A2: 9
--------------
Threshold: 0,80
--------------
	A1 | A2 | A3: 109
	A2 | A3 | A4: 63
	A1 | A2 | A4: 34
*********************************************************************************
All potential concepts based on thresholds
	A2 A4 ~#~ A3 A4 ~#~ A2 A3 ~#~ A1 A2 ~#~ A2 A3 A4 ~#~ A1 A2 A4 ~#~ A1 A2 A3 ~#~ 
*********************************************************************************
dataset: cBinClassNumDisAttr.arff
--------------
Threshold: 0,10
--------------
	A1: 225
	A4: 82
	A3: 21
	A2: 10
--------------
Threshold: 0,20
--------------
	A1: 225
	A4: 82
	A3: 21
	A2: 10
--------------
Threshold: 0,30
--------------
	A1: 225
	A4: 82
	A3: 20
	A2: 10
--------------
Threshold: 0,40
--------------
	A1: 131
	A1 | A2: 104
	A4: 75
	A3: 20
	A3 | A4: 8
--------------
Threshold: 0,50
--------------
	A1 | A2: 231
	A3 | A4: 45
	A4: 40
	A3: 8
	A2 | A3: 8
--------------
Threshold: 0,60
--------------
	A1 | A2: 235
	A3 | A4: 75
	A4: 11
	A2 | A3: 9
--------------
Threshold: 0,70
--------------
	A1 | A2: 199
	A3 | A4: 76
	A1 | A2 | A4: 36
	A2 | A3 | A4: 10
	A2 | A3: 5
--------------
Threshold: 0,80
--------------
	A1 | A2 | A4: 156
	A1 | A2: 79
	A2 | A3 | A4: 41
	A3 | A4: 39
	A3 | A4 | A5: 10
*********************************************************************************
All potential concepts based on thresholds
	A1 A2 ~#~ A3 A4 ~#~ A2 A3 ~#~ A1 A2 A4 ~#~ A2 A3 A4 ~#~ A3 A4 A5 ~#~ 
*********************************************************************************
--------------
Threshold: 0,10
--------------
	A1: 238
	A4: 65
	A3: 35
--------------
Threshold: 0,20
--------------
	A1: 238
	A4: 65
	A3: 35
--------------
Threshold: 0,30
--------------
	A1: 238
	A4: 65
	A3: 35
--------------
Threshold: 0,40
--------------
	A1: 159
	A1 | A2: 79
	A4: 62
	A3: 26
	A3 | A4: 9
--------------
Threshold: 0,50
--------------
	A1 | A2: 229
	A3 | A4: 47
	A4: 30
	A3: 14
	A1: 9
	A2 | A3: 5
--------------
Threshold: 0,60
--------------
	A1 | A2: 238
	A3 | A4: 77
	A3: 7
	A2 | A3: 7
--------------
Threshold: 0,70
--------------
	A1 | A2: 198
	A3 | A4: 74
	A1 | A2 | A4: 40
	A2 | A3: 6
	A2 | A3 | A4: 5
--------------
Threshold: 0,80
--------------
	A1 | A2 | A4: 136
	A1 | A2: 102
	A3 | A4: 46
	A2 | A3 | A4: 24
	A3 | A4 | A5: 8
	A1 | A3 | A4: 7
	A2 | A3 | A5: 5
*********************************************************************************
All potential concepts based on thresholds
	A1 A2 ~#~ A3 A4 ~#~ A2 A3 ~#~ A1 A2 A4 ~#~ A2 A3 A4 ~#~ A3 A4 A5 ~#~ A1 A3 A4 ~#~ A2 A3 A5 ~#~ 
*********************************************************************************
--------------
Threshold: 0,10
--------------
	A1: 208
	A3: 57
	A4: 47
	A2: 26
--------------
Threshold: 0,20
--------------
	A1: 208
	A3: 57
	A4: 47
	A2: 26
--------------
Threshold: 0,30
--------------
	A1: 208
	A3: 57
	A4: 47
	A2: 26
--------------
Threshold: 0,40
--------------
	A1: 130
	A1 | A2: 98
	A3: 45
	A4: 36
	A3 | A4: 20
	A2: 6
--------------
Threshold: 0,50
--------------
	A1 | A2: 231
	A3 | A4: 60
	A3: 20
	A4: 17
--------------
Threshold: 0,60
--------------
	A1 | A2: 234
	A3 | A4: 80
	A3: 9
	A2 | A3: 7
--------------
Threshold: 0,70
--------------
	A1 | A2: 200
	A3 | A4: 65
	A1 | A2 | A4: 34
	A2 | A3: 13
	A1 | A3 | A4: 7
	A2 | A3 | A4: 7
	A1 | A2 | A3: 5
--------------
Threshold: 0,80
--------------
	A1 | A2 | A4: 133
	A1 | A2: 100
	A3 | A4: 33
	A2 | A3 | A4: 27
	A3 | A4 | A5: 16
	A1 | A3 | A4: 9
	A1 | A2 | A3: 8
	A2 | A3: 6
*********************************************************************************
All potential concepts based on thresholds
	A1 A2 ~#~ A3 A4 ~#~ A2 A3 ~#~ A1 A2 A4 ~#~ A1 A3 A4 ~#~ A2 A3 A4 ~#~ A1 A2 A3 ~#~ A3 A4 A5 ~#~ 
*********************************************************************************
--------------
Threshold: 0,10
--------------
	A1: 229
	A4: 74
	A3: 31
--------------
Threshold: 0,20
--------------
	A1: 229
	A4: 74
	A3: 31
--------------
Threshold: 0,30
--------------
	A1: 229
	A4: 74
	A3: 31
--------------
Threshold: 0,40
--------------
	A1: 154
	A1 | A2: 79
	A4: 69
	A3: 28
	A3 | A4: 8
--------------
Threshold: 0,50
--------------
	A1 | A2: 227
	A3 | A4: 43
	A4: 41
	A3: 17
	A1: 6
--------------
Threshold: 0,60
--------------
	A1 | A2: 233
	A3 | A4: 78
	A4: 12
	A2 | A3: 6
	A1 | A3: 5
--------------
Threshold: 0,70
--------------
	A1 | A2: 202
	A3 | A4: 82
	A1 | A2 | A4: 31
	A2 | A3: 5
	A1 | A3: 5
	A2 | A3 | A4: 5
--------------
Threshold: 0,80
--------------
	A1 | A2 | A4: 170
	A1 | A2: 63
	A3 | A4: 54
	A1 | A3 | A4: 17
	A2 | A3 | A4: 12
	A3 | A4 | A5: 10
*********************************************************************************
All potential concepts based on thresholds
	A1 A2 ~#~ A3 A4 ~#~ A2 A3 ~#~ A1 A3 ~#~ A1 A2 A4 ~#~ A2 A3 A4 ~#~ A1 A3 A4 ~#~ A3 A4 A5 ~#~ 
*********************************************************************************
--------------
Threshold: 0,10
--------------
	A1: 209
	A4: 56
	A3: 49
	A2: 24
--------------
Threshold: 0,20
--------------
	A1: 209
	A4: 56
	A3: 49
	A2: 24
--------------
Threshold: 0,30
--------------
	A1: 209
	A4: 56
	A3: 49
	A2: 24
--------------
Threshold: 0,40
--------------
	A1 | A2: 121
	A1: 101
	A4: 49
	A3: 38
	A3 | A4: 17
	A2: 11
--------------
Threshold: 0,50
--------------
	A1 | A2: 233
	A3 | A4: 60
	A4: 19
	A3: 18
--------------
Threshold: 0,60
--------------
	A1 | A2: 232
	A3 | A4: 80
	A2 | A3: 10
	A3: 7
	A1 | A3: 6
--------------
Threshold: 0,70
--------------
	A1 | A2: 182
	A3 | A4: 71
	A1 | A2 | A4: 51
	A1 | A3 | A4: 8
	A2 | A3: 8
	A1 | A3: 6
	A1 | A2 | A3: 5
	A2 | A3 | A4: 5
--------------
Threshold: 0,80
--------------
	A1 | A2 | A4: 155
	A1 | A2: 75
	A3 | A4: 40
	A1 | A3 | A4: 22
	A2 | A3 | A4: 19
	A1 | A2 | A3: 15
*********************************************************************************
All potential concepts based on thresholds
	A1 A2 ~#~ A3 A4 ~#~ A2 A3 ~#~ A1 A3 ~#~ A1 A2 A4 ~#~ A1 A3 A4 ~#~ A1 A2 A3 ~#~ A2 A3 A4 ~#~ 
*********************************************************************************
--------------
Threshold: 0,10
--------------
	A1: 147
	A2: 87
	A4: 59
	A3: 44
--------------
Threshold: 0,20
--------------
	A1: 147
	A2: 87
	A4: 59
	A3: 44
--------------
Threshold: 0,30
--------------
	A1: 147
	A2: 87
	A4: 59
	A3: 44
--------------
Threshold: 0,40
--------------
	A1 | A2: 101
	A1: 80
	A2: 53
	A4: 49
	A3: 37
	A3 | A4: 15
--------------
Threshold: 0,50
--------------
	A1 | A2: 234
	A3 | A4: 53
	A4: 28
	A3: 17
--------------
Threshold: 0,60
--------------
	A1 | A2: 234
	A3 | A4: 80
	A3: 9
	A1 | A3: 5
--------------
Threshold: 0,70
--------------
	A1 | A2: 202
	A3 | A4: 78
	A1 | A2 | A4: 32
--------------
Threshold: 0,80
--------------
	A1 | A2 | A4: 118
	A1 | A2: 115
	A3 | A4: 48
	A1 | A3 | A4: 20
	A2 | A3 | A4: 10
	A3 | A4 | A5: 8
	A1 | A2 | A3: 5
*********************************************************************************
All potential concepts based on thresholds
	A1 A2 ~#~ A3 A4 ~#~ A1 A3 ~#~ A1 A2 A4 ~#~ A1 A3 A4 ~#~ A2 A3 A4 ~#~ A3 A4 A5 ~#~ A1 A2 A3 ~#~ 
*********************************************************************************
--------------
Threshold: 0,10
--------------
	A1: 126
	A2: 108
	A4: 77
	A3: 26
--------------
Threshold: 0,20
--------------
	A1: 126
	A2: 108
	A4: 77
	A3: 26
--------------
Threshold: 0,30
--------------
	A1: 126
	A2: 108
	A4: 77
	A3: 26
--------------
Threshold: 0,40
--------------
	A1 | A2: 117
	A4: 76
	A1: 75
	A2: 42
	A3: 21
--------------
Threshold: 0,50
--------------
	A1 | A2: 233
	A4: 58
	A3 | A4: 28
	A1 | A3: 10
	A3: 6
--------------
Threshold: 0,60
--------------
	A1 | A2: 234
	A3 | A4: 57
	A4: 26
	A1 | A3: 9
	A1 | A4: 6
--------------
Threshold: 0,70
--------------
	A1 | A2: 203
	A3 | A4: 61
	A1 | A2 | A4: 31
	A1 | A3 | A4: 15
	A4: 8
	A1 | A3: 5
--------------
Threshold: 0,80
--------------
	A1 | A2 | A4: 141
	A1 | A2: 93
	A3 | A4: 47
	A1 | A3 | A4: 41
*********************************************************************************
All potential concepts based on thresholds
	A1 A2 ~#~ A3 A4 ~#~ A1 A3 ~#~ A1 A4 ~#~ A1 A2 A4 ~#~ A1 A3 A4 ~#~ 
*********************************************************************************
--------------
Threshold: 0,10
--------------
	A1: 225
	A4: 53
	A3: 52
	A2: 7
--------------
Threshold: 0,20
--------------
	A1: 225
	A4: 53
	A3: 52
	A2: 7
--------------
Threshold: 0,30
--------------
	A1: 225
	A4: 53
	A3: 52
	A2: 7
--------------
Threshold: 0,40
--------------
	A1: 136
	A1 | A2: 93
	A4: 39
	A3: 35
	A3 | A4: 28
--------------
Threshold: 0,50
--------------
	A1 | A2: 232
	A3 | A4: 68
	A3: 16
	A4: 11
	A2 | A3: 5
--------------
Threshold: 0,60
--------------
	A1 | A2: 232
	A3 | A4: 79
	A2 | A3: 8
	A1 | A3: 8
--------------
Threshold: 0,70
--------------
	A1 | A2: 193
	A3 | A4: 51
	A1 | A2 | A4: 39
	A2 | A3 | A4: 17
	A1 | A3 | A4: 14
	A1 | A2 | A3: 9
	A2 | A3: 5
	A1 | A3: 5
--------------
Threshold: 0,80
--------------
	A1 | A2 | A4: 140
	A1 | A2: 90
	A2 | A3 | A4: 30
	A1 | A3 | A4: 23
	A3 | A4: 17
	A1 | A2 | A3: 15
	A1 | A2 | A3 | A4: 12
	A3 | A4 | A5: 6
*********************************************************************************
All potential concepts based on thresholds
	A1 A2 ~#~ A3 A4 ~#~ A2 A3 ~#~ A1 A3 ~#~ A1 A2 A4 ~#~ A2 A3 A4 ~#~ A1 A3 A4 ~#~ A1 A2 A3 ~#~ A1 A2 A3 A4 ~#~ A3 A4 A5 ~#~ 
*********************************************************************************
--------------
Threshold: 0,10
--------------
	A1: 206
	A3: 62
	A4: 45
	A2: 24
--------------
Threshold: 0,20
--------------
	A1: 206
	A3: 62
	A4: 45
	A2: 24
--------------
Threshold: 0,30
--------------
	A1: 206
	A3: 61
	A4: 44
	A2: 24
--------------
Threshold: 0,40
--------------
	A1 | A2: 114
	A1: 107
	A3: 41
	A3 | A4: 33
	A4: 32
	A2: 9
--------------
Threshold: 0,50
--------------
	A1 | A2: 230
	A3 | A4: 75
	A3: 16
	A4: 6
	A2 | A3: 6
--------------
Threshold: 0,60
--------------
	A1 | A2: 230
	A3 | A4: 81
	A2 | A3: 12
	A1 | A3: 5
--------------
Threshold: 0,70
--------------
	A1 | A2: 183
	A3 | A4: 54
	A1 | A2 | A4: 46
	A2 | A3 | A4: 20
	A1 | A3 | A4: 11
	A1 | A2 | A3: 8
	A2 | A3: 6
--------------
Threshold: 0,80
--------------
	A1 | A2 | A4: 143
	A1 | A2: 80
	A2 | A3 | A4: 32
	A1 | A3 | A4: 20
	A1 | A2 | A3: 20
	A3 | A4: 16
	A1 | A2 | A3 | A4: 11
	A3 | A4 | A5: 9
*********************************************************************************
All potential concepts based on thresholds
	A1 A2 ~#~ A3 A4 ~#~ A2 A3 ~#~ A1 A3 ~#~ A1 A2 A4 ~#~ A2 A3 A4 ~#~ A1 A3 A4 ~#~ A1 A2 A3 ~#~ A1 A2 A3 A4 ~#~ A3 A4 A5 ~#~ 
*********************************************************************************
--------------
Threshold: 0,10
--------------
	A1: 200
	A4: 70
	A2: 37
	A3: 30
--------------
Threshold: 0,20
--------------
	A1: 200
	A4: 70
	A2: 37
	A3: 30
--------------
Threshold: 0,30
--------------
	A1: 200
	A4: 70
	A2: 37
	A3: 30
--------------
Threshold: 0,40
--------------
	A1: 130
	A1 | A2: 104
	A4: 61
	A3: 28
	A3 | A4: 10
--------------
Threshold: 0,50
--------------
	A1 | A2: 237
	A3 | A4: 50
	A4: 30
	A3: 18
--------------
Threshold: 0,60
--------------
	A1 | A2: 237
	A3 | A4: 83
	A3: 9
--------------
Threshold: 0,70
--------------
	A1 | A2: 184
	A3 | A4: 83
	A1 | A2 | A4: 53
	A2 | A3: 7
--------------
Threshold: 0,80
--------------
	A1 | A2 | A4: 158
	A1 | A2: 79
	A3 | A4: 45
	A2 | A3 | A4: 22
	A1 | A3 | A4: 21
	A3 | A4 | A5: 5
*********************************************************************************
All potential concepts based on thresholds
	A1 A2 ~#~ A3 A4 ~#~ A1 A2 A4 ~#~ A2 A3 ~#~ A2 A3 A4 ~#~ A1 A3 A4 ~#~ A3 A4 A5 ~#~ 
*********************************************************************************
dataset: cConcepts-uniqueInst.arff
--------------
Threshold: 0,10
--------------
	A2: 11
--------------
Threshold: 0,20
--------------
	A2: 11
--------------
Threshold: 0,30
--------------
	A2: 11
--------------
Threshold: 0,40
--------------
	A2: 8
	A1 | A2: 4
--------------
Threshold: 0,50
--------------
	A1 | A2: 12
--------------
Threshold: 0,60
--------------
	A1 | A2: 12
--------------
Threshold: 0,70
--------------
	A1 | A2: 12
--------------
Threshold: 0,80
--------------
	A1 | A2 | A3: 8
	A1 | A2: 4
*********************************************************************************
All potential concepts based on thresholds
	A1 A2 ~#~ A1 A2 A3 ~#~ 
*********************************************************************************
--------------
Threshold: 0,10
--------------
	A1: 12
--------------
Threshold: 0,20
--------------
	A1: 12
--------------
Threshold: 0,30
--------------
	A1: 12
--------------
Threshold: 0,40
--------------
	A1: 12
--------------
Threshold: 0,50
--------------
	A1 | A2: 11
--------------
Threshold: 0,60
--------------
	A1 | A2: 11
--------------
Threshold: 0,70
--------------
	A1 | A2: 11
--------------
Threshold: 0,80
--------------
	A1 | A2 | A4: 12
*********************************************************************************
All potential concepts based on thresholds
	A1 A2 ~#~ A1 A2 A4 ~#~ 
*********************************************************************************
--------------
Threshold: 0,10
--------------
	A1: 10
	A2: 2
--------------
Threshold: 0,20
--------------
	A1: 10
	A2: 2
--------------
Threshold: 0,30
--------------
	A1: 10
	A2: 2
--------------
Threshold: 0,40
--------------
	A1: 10
	A2: 2
--------------
Threshold: 0,50
--------------
	A1 | A2: 11
--------------
Threshold: 0,60
--------------
	A1 | A2: 12
--------------
Threshold: 0,70
--------------
	A1 | A2: 12
--------------
Threshold: 0,80
--------------
	A1 | A2: 12
*********************************************************************************
All potential concepts based on thresholds
	A1 A2 ~#~ 
*********************************************************************************
--------------
Threshold: 0,10
--------------
	A1: 12
--------------
Threshold: 0,20
--------------
	A1: 12
--------------
Threshold: 0,30
--------------
	A1: 12
--------------
Threshold: 0,40
--------------
	A1: 12
--------------
Threshold: 0,50
--------------
	A1 | A2: 12
--------------
Threshold: 0,60
--------------
	A1 | A2: 12
--------------
Threshold: 0,70
--------------
	A1 | A2: 12
--------------
Threshold: 0,80
--------------
	A1 | A2: 9
	A1 | A2 | A3: 3
*********************************************************************************
All potential concepts based on thresholds
	A1 A2 ~#~ A1 A2 A3 ~#~ 
*********************************************************************************
--------------
Threshold: 0,10
--------------
	A2: 13
--------------
Threshold: 0,20
--------------
	A2: 13
--------------
Threshold: 0,30
--------------
	A2: 13
--------------
Threshold: 0,40
--------------
	A2: 13
--------------
Threshold: 0,50
--------------
	A2: 13
--------------
Threshold: 0,60
--------------
	A1 | A2: 13
--------------
Threshold: 0,70
--------------
	A1 | A2: 13
--------------
Threshold: 0,80
--------------
	A1 | A2: 13
*********************************************************************************
All potential concepts based on thresholds
	A1 A2 ~#~ 
*********************************************************************************
--------------
Threshold: 0,10
--------------
	A1: 13
--------------
Threshold: 0,20
--------------
	A1: 13
--------------
Threshold: 0,30
--------------
	A1: 13
--------------
Threshold: 0,40
--------------
	A1: 13
--------------
Threshold: 0,50
--------------
	A1 | A2: 13
--------------
Threshold: 0,60
--------------
	A1 | A2: 13
--------------
Threshold: 0,70
--------------
	A1 | A2: 13
--------------
Threshold: 0,80
--------------
	A1 | A2: 9
	A1 | A2 | A4: 4
*********************************************************************************
All potential concepts based on thresholds
	A1 A2 ~#~ A1 A2 A4 ~#~ 
*********************************************************************************
--------------
Threshold: 0,10
--------------
	A1: 13
--------------
Threshold: 0,20
--------------
	A1: 13
--------------
Threshold: 0,30
--------------
	A1: 13
--------------
Threshold: 0,40
--------------
	A1: 10
	A1 | A2: 3
--------------
Threshold: 0,50
--------------
	A1 | A2: 13
--------------
Threshold: 0,60
--------------
	A1 | A2: 13
--------------
Threshold: 0,70
--------------
	A1 | A2: 13
--------------
Threshold: 0,80
--------------
	A1 | A2 | A4: 9
	A1 | A2: 4
*********************************************************************************
All potential concepts based on thresholds
	A1 A2 ~#~ A1 A2 A4 ~#~ 
*********************************************************************************
--------------
Threshold: 0,10
--------------
	A2: 13
--------------
Threshold: 0,20
--------------
	A2: 13
--------------
Threshold: 0,30
--------------
	A2: 13
--------------
Threshold: 0,40
--------------
	A2: 13
--------------
Threshold: 0,50
--------------
	A1 | A2: 13
--------------
Threshold: 0,60
--------------
	A1 | A2: 13
--------------
Threshold: 0,70
--------------
	A1 | A2: 13
--------------
Threshold: 0,80
--------------
	A1 | A2: 11
	A1 | A2 | A4: 2
*********************************************************************************
All potential concepts based on thresholds
	A1 A2 ~#~ A1 A2 A4 ~#~ 
*********************************************************************************
--------------
Threshold: 0,10
--------------
	A2: 13
--------------
Threshold: 0,20
--------------
	A2: 13
--------------
Threshold: 0,30
--------------
	A2: 13
--------------
Threshold: 0,40
--------------
	A2: 9
	A1 | A2: 4
--------------
Threshold: 0,50
--------------
	A1 | A2: 13
--------------
Threshold: 0,60
--------------
	A1 | A2: 13
--------------
Threshold: 0,70
--------------
	A1 | A2: 13
--------------
Threshold: 0,80
--------------
	A1 | A2 | A3: 13
*********************************************************************************
All potential concepts based on thresholds
	A1 A2 ~#~ A1 A2 A3 ~#~ 
*********************************************************************************
--------------
Threshold: 0,10
--------------
	A2: 13
--------------
Threshold: 0,20
--------------
	A2: 13
--------------
Threshold: 0,30
--------------
	A2: 13
--------------
Threshold: 0,40
--------------
	A2: 13
--------------
Threshold: 0,50
--------------
	A1 | A2: 7
	A2: 6
--------------
Threshold: 0,60
--------------
	A1 | A2: 13
--------------
Threshold: 0,70
--------------
	A1 | A2: 13
--------------
Threshold: 0,80
--------------
	A1 | A2: 13
*********************************************************************************
All potential concepts based on thresholds
	A1 A2 ~#~ 
*********************************************************************************
dataset: cDisjunct.arff
--------------
Threshold: 0,10
--------------
	A1: 389
--------------
Threshold: 0,20
--------------
	A1: 389
--------------
Threshold: 0,30
--------------
	A1: 389
--------------
Threshold: 0,40
--------------
	A1: 387
--------------
Threshold: 0,50
--------------
	A1 | A3: 341
	A1: 47
--------------
Threshold: 0,60
--------------
	A1 | A3: 388
--------------
Threshold: 0,70
--------------
	A1 | A3: 387
--------------
Threshold: 0,80
--------------
	A1 | A2 | A3: 198
	A1 | A3: 192
*********************************************************************************
All potential concepts based on thresholds
	A1 A3 ~#~ A1 A2 A3 ~#~ 
*********************************************************************************
--------------
Threshold: 0,10
--------------
	A1: 389
--------------
Threshold: 0,20
--------------
	A1: 389
--------------
Threshold: 0,30
--------------
	A1: 389
--------------
Threshold: 0,40
--------------
	A1: 384
	A1 | A3: 6
--------------
Threshold: 0,50
--------------
	A1 | A3: 352
	A1: 37
--------------
Threshold: 0,60
--------------
	A1 | A3: 388
--------------
Threshold: 0,70
--------------
	A1 | A3: 388
--------------
Threshold: 0,80
--------------
	A1 | A2 | A3: 229
	A1 | A3: 161
*********************************************************************************
All potential concepts based on thresholds
	A1 A3 ~#~ A1 A2 A3 ~#~ 
*********************************************************************************
--------------
Threshold: 0,10
--------------
	A1: 387
--------------
Threshold: 0,20
--------------
	A1: 387
--------------
Threshold: 0,30
--------------
	A1: 387
--------------
Threshold: 0,40
--------------
	A1: 374
	A1 | A3: 14
--------------
Threshold: 0,50
--------------
	A1 | A3: 350
	A1: 39
--------------
Threshold: 0,60
--------------
	A1 | A3: 389
--------------
Threshold: 0,70
--------------
	A1 | A3: 389
--------------
Threshold: 0,80
--------------
	A1 | A2 | A3: 209
	A1 | A3: 181
*********************************************************************************
All potential concepts based on thresholds
	A1 A3 ~#~ A1 A2 A3 ~#~ 
*********************************************************************************
--------------
Threshold: 0,10
--------------
	A1: 388
--------------
Threshold: 0,20
--------------
	A1: 388
--------------
Threshold: 0,30
--------------
	A1: 388
--------------
Threshold: 0,40
--------------
	A1: 384
--------------
Threshold: 0,50
--------------
	A1 | A3: 351
	A1: 39
--------------
Threshold: 0,60
--------------
	A1 | A3: 389
--------------
Threshold: 0,70
--------------
	A1 | A3: 390
--------------
Threshold: 0,80
--------------
	A1 | A2 | A3: 223
	A1 | A3: 167
*********************************************************************************
All potential concepts based on thresholds
	A1 A3 ~#~ A1 A2 A3 ~#~ 
*********************************************************************************
--------------
Threshold: 0,10
--------------
	A1: 387
--------------
Threshold: 0,20
--------------
	A1: 387
--------------
Threshold: 0,30
--------------
	A1: 387
--------------
Threshold: 0,40
--------------
	A1: 379
	A1 | A3: 9
--------------
Threshold: 0,50
--------------
	A1 | A3: 358
	A1: 33
--------------
Threshold: 0,60
--------------
	A1 | A3: 391
--------------
Threshold: 0,70
--------------
	A1 | A3: 391
--------------
Threshold: 0,80
--------------
	A1 | A2 | A3: 200
	A1 | A3: 191
*********************************************************************************
All potential concepts based on thresholds
	A1 A3 ~#~ A1 A2 A3 ~#~ 
*********************************************************************************
--------------
Threshold: 0,10
--------------
	A1: 389
--------------
Threshold: 0,20
--------------
	A1: 389
--------------
Threshold: 0,30
--------------
	A1: 389
--------------
Threshold: 0,40
--------------
	A1: 377
	A1 | A3: 13
--------------
Threshold: 0,50
--------------
	A1 | A3: 352
	A1: 39
--------------
Threshold: 0,60
--------------
	A1 | A3: 391
--------------
Threshold: 0,70
--------------
	A1 | A3: 391
--------------
Threshold: 0,80
--------------
	A1 | A2 | A3: 208
	A1 | A3: 183
*********************************************************************************
All potential concepts based on thresholds
	A1 A3 ~#~ A1 A2 A3 ~#~ 
*********************************************************************************
--------------
Threshold: 0,10
--------------
	A1: 390
--------------
Threshold: 0,20
--------------
	A1: 390
--------------
Threshold: 0,30
--------------
	A1: 390
--------------
Threshold: 0,40
--------------
	A1: 388
--------------
Threshold: 0,50
--------------
	A1 | A3: 355
	A1: 36
--------------
Threshold: 0,60
--------------
	A1 | A3: 391
--------------
Threshold: 0,70
--------------
	A1 | A3: 391
--------------
Threshold: 0,80
--------------
	A1 | A3: 196
	A1 | A2 | A3: 195
*********************************************************************************
All potential concepts based on thresholds
	A1 A3 ~#~ A1 A2 A3 ~#~ 
*********************************************************************************
--------------
Threshold: 0,10
--------------
	A1: 391
--------------
Threshold: 0,20
--------------
	A1: 391
--------------
Threshold: 0,30
--------------
	A1: 391
--------------
Threshold: 0,40
--------------
	A1: 387
--------------
Threshold: 0,50
--------------
	A1 | A3: 333
	A1: 58
--------------
Threshold: 0,60
--------------
	A1 | A3: 391
--------------
Threshold: 0,70
--------------
	A1 | A3: 391
--------------
Threshold: 0,80
--------------
	A1 | A2 | A3: 198
	A1 | A3: 193
*********************************************************************************
All potential concepts based on thresholds
	A1 A3 ~#~ A1 A2 A3 ~#~ 
*********************************************************************************
--------------
Threshold: 0,10
--------------
	A1: 390
--------------
Threshold: 0,20
--------------
	A1: 390
--------------
Threshold: 0,30
--------------
	A1: 390
--------------
Threshold: 0,40
--------------
	A1: 387
--------------
Threshold: 0,50
--------------
	A1 | A3: 347
	A1: 44
--------------
Threshold: 0,60
--------------
	A1 | A3: 391
--------------
Threshold: 0,70
--------------
	A1 | A3: 391
--------------
Threshold: 0,80
--------------
	A1 | A2 | A3: 208
	A1 | A3: 183
*********************************************************************************
All potential concepts based on thresholds
	A1 A3 ~#~ A1 A2 A3 ~#~ 
*********************************************************************************
--------------
Threshold: 0,10
--------------
	A1: 389
--------------
Threshold: 0,20
--------------
	A1: 389
--------------
Threshold: 0,30
--------------
	A1: 389
--------------
Threshold: 0,40
--------------
	A1: 382
	A1 | A3: 8
--------------
Threshold: 0,50
--------------
	A1 | A3: 344
	A1: 47
--------------
Threshold: 0,60
--------------
	A1 | A3: 390
--------------
Threshold: 0,70
--------------
	A1 | A3: 391
--------------
Threshold: 0,80
--------------
	A1 | A3: 198
	A1 | A2 | A3: 193
*********************************************************************************
All potential concepts based on thresholds
	A1 A3 ~#~ A1 A2 A3 ~#~ 
*********************************************************************************
dataset: cLogicalConcB-uniqueInst.arff
--------------
Threshold: 0,10
--------------
	A6: 26
	A2: 24
--------------
Threshold: 0,20
--------------
	A6: 26
	A2: 24
--------------
Threshold: 0,30
--------------
	A2 | A6: 48
--------------
Threshold: 0,40
--------------
	A2 | A6: 50
--------------
Threshold: 0,50
--------------
	A2 | A6: 37
	A1 | A2 | A6: 12
--------------
Threshold: 0,60
--------------
	A1 | A2 | A6: 41
	A2 | A3 | A6: 8
--------------
Threshold: 0,70
--------------
	A1 | A2 | A6: 26
	A1 | A2 | A3 | A6: 18
	A2 | A3 | A6: 6
--------------
Threshold: 0,80
--------------
	A1 | A2 | A3 | A6: 50
*********************************************************************************
All potential concepts based on thresholds
	A2 A6 ~#~ A1 A2 A6 ~#~ A2 A3 A6 ~#~ A1 A2 A3 A6 ~#~ 
*********************************************************************************
--------------
Threshold: 0,10
--------------
	A2: 33
	A6: 17
--------------
Threshold: 0,20
--------------
	A2: 33
	A6: 17
--------------
Threshold: 0,30
--------------
	A2 | A6: 41
	A2: 8
--------------
Threshold: 0,40
--------------
	A2 | A6: 50
--------------
Threshold: 0,50
--------------
	A2 | A6: 49
--------------
Threshold: 0,60
--------------
	A1 | A2 | A6: 33
	A2 | A3 | A6: 12
	A2 | A6: 5
--------------
Threshold: 0,70
--------------
	A1 | A2 | A6: 36
	A2 | A3 | A6: 12
--------------
Threshold: 0,80
--------------
	A1 | A2 | A3 | A6: 50
*********************************************************************************
All potential concepts based on thresholds
	A2 A6 ~#~ A1 A2 A6 ~#~ A2 A3 A6 ~#~ A1 A2 A3 A6 ~#~ 
*********************************************************************************
--------------
Threshold: 0,10
--------------
	A2: 33
	A6: 17
--------------
Threshold: 0,20
--------------
	A2: 33
	A6: 17
--------------
Threshold: 0,30
--------------
	A2 | A6: 43
	A2: 6
--------------
Threshold: 0,40
--------------
	A2 | A6: 50
--------------
Threshold: 0,50
--------------
	A2 | A6: 44
	A2 | A3 | A6: 6
--------------
Threshold: 0,60
--------------
	A2 | A3 | A6: 47
--------------
Threshold: 0,70
--------------
	A2 | A3 | A6: 38
	A1 | A2 | A3 | A6: 9
--------------
Threshold: 0,80
--------------
	A1 | A2 | A3 | A6: 50
*********************************************************************************
All potential concepts based on thresholds
	A2 A6 ~#~ A2 A3 A6 ~#~ A1 A2 A3 A6 ~#~ 
*********************************************************************************
--------------
Threshold: 0,10
--------------
	A2: 30
	A6: 20
--------------
Threshold: 0,20
--------------
	A2: 30
	A6: 20
--------------
Threshold: 0,30
--------------
	A2 | A6: 43
	A2: 7
--------------
Threshold: 0,40
--------------
	A2 | A6: 50
--------------
Threshold: 0,50
--------------
	A2 | A6: 39
	A1 | A2 | A6: 9
--------------
Threshold: 0,60
--------------
	A1 | A2 | A6: 37
	A2 | A3 | A6: 13
--------------
Threshold: 0,70
--------------
	A1 | A2 | A6: 24
	A1 | A2 | A3 | A6: 18
	A2 | A3 | A6: 8
--------------
Threshold: 0,80
--------------
	A1 | A2 | A3 | A6: 50
*********************************************************************************
All potential concepts based on thresholds
	A2 A6 ~#~ A1 A2 A6 ~#~ A2 A3 A6 ~#~ A1 A2 A3 A6 ~#~ 
*********************************************************************************
--------------
Threshold: 0,10
--------------
	A2: 26
	A6: 24
--------------
Threshold: 0,20
--------------
	A2: 26
	A6: 24
--------------
Threshold: 0,30
--------------
	A2 | A6: 28
	A2: 16
	A6: 6
--------------
Threshold: 0,40
--------------
	A2 | A6: 50
--------------
Threshold: 0,50
--------------
	A2 | A6: 50
--------------
Threshold: 0,60
--------------
	A1 | A2 | A6: 32
	A2 | A6: 13
	A2 | A3 | A6: 5
--------------
Threshold: 0,70
--------------
	A1 | A2 | A6: 36
	A2 | A3 | A6: 10
	A1 | A2 | A3 | A6: 4
--------------
Threshold: 0,80
--------------
	A1 | A2 | A3 | A6: 50
*********************************************************************************
All potential concepts based on thresholds
	A2 A6 ~#~ A1 A2 A6 ~#~ A2 A3 A6 ~#~ A1 A2 A3 A6 ~#~ 
*********************************************************************************
--------------
Threshold: 0,10
--------------
	A2: 25
	A6: 25
--------------
Threshold: 0,20
--------------
	A2: 25
	A6: 25
--------------
Threshold: 0,30
--------------
	A2 | A6: 44
--------------
Threshold: 0,40
--------------
	A2 | A6: 46
--------------
Threshold: 0,50
--------------
	A2 | A6: 34
	A2 | A3 | A6: 15
--------------
Threshold: 0,60
--------------
	A2 | A3 | A6: 44
	A1 | A2 | A6: 6
--------------
Threshold: 0,70
--------------
	A2 | A3 | A6: 31
	A1 | A2 | A3 | A6: 13
	A1 | A2 | A6: 6
--------------
Threshold: 0,80
--------------
	A1 | A2 | A3 | A6: 50
*********************************************************************************
All potential concepts based on thresholds
	A2 A6 ~#~ A2 A3 A6 ~#~ A1 A2 A6 ~#~ A1 A2 A3 A6 ~#~ 
*********************************************************************************
--------------
Threshold: 0,10
--------------
	A2: 46
	A6: 5
--------------
Threshold: 0,20
--------------
	A2: 46
	A6: 5
--------------
Threshold: 0,30
--------------
	A2: 37
	A2 | A6: 10
	A6: 4
--------------
Threshold: 0,40
--------------
	A2 | A6: 51
--------------
Threshold: 0,50
--------------
	A2 | A6: 51
--------------
Threshold: 0,60
--------------
	A2 | A6: 30
	A2 | A3 | A6: 14
	A1 | A2 | A6: 7
--------------
Threshold: 0,70
--------------
	A2 | A3 | A6: 36
	A1 | A2 | A6: 15
--------------
Threshold: 0,80
--------------
	A1 | A2 | A3 | A6: 50
*********************************************************************************
All potential concepts based on thresholds
	A2 A6 ~#~ A2 A3 A6 ~#~ A1 A2 A6 ~#~ A1 A2 A3 A6 ~#~ 
*********************************************************************************
--------------
Threshold: 0,10
--------------
	A2: 35
	A6: 16
--------------
Threshold: 0,20
--------------
	A2: 35
	A6: 16
--------------
Threshold: 0,30
--------------
	A2 | A6: 45
	A2: 6
--------------
Threshold: 0,40
--------------
	A2 | A6: 51
--------------
Threshold: 0,50
--------------
	A2 | A6: 42
	A2 | A3 | A6: 9
--------------
Threshold: 0,60
--------------
	A2 | A3 | A6: 47
--------------
Threshold: 0,70
--------------
	A2 | A3 | A6: 26
	A1 | A2 | A3 | A6: 24
--------------
Threshold: 0,80
--------------
	A1 | A2 | A3 | A6: 51
*********************************************************************************
All potential concepts based on thresholds
	A2 A6 ~#~ A2 A3 A6 ~#~ A1 A2 A3 A6 ~#~ 
*********************************************************************************
--------------
Threshold: 0,10
--------------
	A6: 49
--------------
Threshold: 0,20
--------------
	A6: 49
--------------
Threshold: 0,30
--------------
	A2 | A6: 26
	A6: 24
--------------
Threshold: 0,40
--------------
	A2 | A6: 51
--------------
Threshold: 0,50
--------------
	A2 | A6: 51
--------------
Threshold: 0,60
--------------
	A1 | A2 | A6: 35
	A2 | A3 | A6: 11
	A2 | A6: 5
--------------
Threshold: 0,70
--------------
	A1 | A2 | A6: 27
	A1 | A2 | A3 | A6: 16
	A2 | A3 | A6: 8
--------------
Threshold: 0,80
--------------
	A1 | A2 | A3 | A6: 51
*********************************************************************************
All potential concepts based on thresholds
	A2 A6 ~#~ A1 A2 A6 ~#~ A2 A3 A6 ~#~ A1 A2 A3 A6 ~#~ 
*********************************************************************************
--------------
Threshold: 0,10
--------------
	A2: 49
--------------
Threshold: 0,20
--------------
	A2: 49
--------------
Threshold: 0,30
--------------
	A2: 26
	A2 | A6: 25
--------------
Threshold: 0,40
--------------
	A2 | A6: 51
--------------
Threshold: 0,50
--------------
	A2 | A6: 48
--------------
Threshold: 0,60
--------------
	A1 | A2 | A6: 44
	A2 | A3 | A6: 5
--------------
Threshold: 0,70
--------------
	A1 | A2 | A6: 36
	A1 | A2 | A3 | A6: 12
--------------
Threshold: 0,80
--------------
	A1 | A2 | A3 | A6: 51
*********************************************************************************
All potential concepts based on thresholds
	A2 A6 ~#~ A1 A2 A6 ~#~ A2 A3 A6 ~#~ A1 A2 A3 A6 ~#~ 
*********************************************************************************
dataset: cLogicalConcBNoisy-uniqueInst.arff
--------------
Threshold: 0,10
--------------
	A2: 47
--------------
Threshold: 0,20
--------------
	A2: 47
--------------
Threshold: 0,30
--------------
	A2: 26
	A2 | A6: 22
--------------
Threshold: 0,40
--------------
	A2 | A6: 48
--------------
Threshold: 0,50
--------------
	A2 | A6: 48
--------------
Threshold: 0,60
--------------
	A1 | A2 | A6: 39
	A2 | A3 | A6: 8
--------------
Threshold: 0,70
--------------
	A1 | A2 | A6: 29
	A1 | A2 | A3 | A6: 16
	A2 | A3 | A6: 3
--------------
Threshold: 0,80
--------------
	A1 | A2 | A3 | A6: 47
*********************************************************************************
All potential concepts based on thresholds
	A2 A6 ~#~ A1 A2 A6 ~#~ A2 A3 A6 ~#~ A1 A2 A3 A6 ~#~ 
*********************************************************************************
--------------
Threshold: 0,10
--------------
	A6: 41
	A2: 7
--------------
Threshold: 0,20
--------------
	A6: 41
	A2: 7
--------------
Threshold: 0,30
--------------
	A6: 26
	A2 | A6: 17
	A2: 5
--------------
Threshold: 0,40
--------------
	A2 | A6: 48
--------------
Threshold: 0,50
--------------
	A2 | A6: 48
--------------
Threshold: 0,60
--------------
	A1 | A2 | A6: 34
	A2 | A6: 14
--------------
Threshold: 0,70
--------------
	A1 | A2 | A6: 48
--------------
Threshold: 0,80
--------------
	A1 | A2 | A3 | A6: 48
*********************************************************************************
All potential concepts based on thresholds
	A2 A6 ~#~ A1 A2 A6 ~#~ A1 A2 A3 A6 ~#~ 
*********************************************************************************
--------------
Threshold: 0,10
--------------
	A2: 48
--------------
Threshold: 0,20
--------------
	A2: 48
--------------
Threshold: 0,30
--------------
	A2 | A6: 37
	A2: 11
--------------
Threshold: 0,40
--------------
	A2 | A6: 48
--------------
Threshold: 0,50
--------------
	A2 | A6: 44
	A1 | A2 | A6: 4
--------------
Threshold: 0,60
--------------
	A1 | A2 | A6: 41
	A2 | A3 | A6: 7
--------------
Threshold: 0,70
--------------
	A1 | A2 | A3 | A6: 30
	A1 | A2 | A6: 17
--------------
Threshold: 0,80
--------------
	A1 | A2 | A3 | A6: 48
*********************************************************************************
All potential concepts based on thresholds
	A2 A6 ~#~ A1 A2 A6 ~#~ A2 A3 A6 ~#~ A1 A2 A3 A6 ~#~ 
*********************************************************************************
--------------
Threshold: 0,10
--------------
	A6: 33
	A2: 15
--------------
Threshold: 0,20
--------------
	A6: 33
	A2: 15
--------------
Threshold: 0,30
--------------
	A2 | A6: 33
	A6: 8
	A2: 7
--------------
Threshold: 0,40
--------------
	A2 | A6: 48
--------------
Threshold: 0,50
--------------
	A2 | A6: 48
--------------
Threshold: 0,60
--------------
	A1 | A2 | A6: 44
	A2 | A6: 4
--------------
Threshold: 0,70
--------------
	A1 | A2 | A6: 48
--------------
Threshold: 0,80
--------------
	A1 | A2 | A3 | A6: 48
*********************************************************************************
All potential concepts based on thresholds
	A2 A6 ~#~ A1 A2 A6 ~#~ A1 A2 A3 A6 ~#~ 
*********************************************************************************
--------------
Threshold: 0,10
--------------
	A2: 33
	A6: 16
--------------
Threshold: 0,20
--------------
	A2: 33
	A6: 16
--------------
Threshold: 0,30
--------------
	A2 | A6: 42
	A2: 7
--------------
Threshold: 0,40
--------------
	A2 | A6: 49
--------------
Threshold: 0,50
--------------
	A2 | A6: 45
	A1 | A2 | A6: 4
--------------
Threshold: 0,60
--------------
	A1 | A2 | A6: 49
--------------
Threshold: 0,70
--------------
	A1 | A2 | A6: 49
--------------
Threshold: 0,80
--------------
	A1 | A2 | A3 | A6: 49
*********************************************************************************
All potential concepts based on thresholds
	A2 A6 ~#~ A1 A2 A6 ~#~ A1 A2 A3 A6 ~#~ 
*********************************************************************************
--------------
Threshold: 0,10
--------------
	A2: 47
	A6: 2
--------------
Threshold: 0,20
--------------
	A2: 47
	A6: 2
--------------
Threshold: 0,30
--------------
	A2 | A6: 31
	A2: 14
	A1 | A2: 4
--------------
Threshold: 0,40
--------------
	A2 | A6: 45
	A1 | A2: 4
--------------
Threshold: 0,50
--------------
	A2 | A6: 42
	A1 | A2 | A6: 6
--------------
Threshold: 0,60
--------------
	A1 | A2 | A6: 49
--------------
Threshold: 0,70
--------------
	A1 | A2 | A6: 49
--------------
Threshold: 0,80
--------------
	A1 | A2 | A3 | A6: 49
*********************************************************************************
All potential concepts based on thresholds
	A2 A6 ~#~ A1 A2 ~#~ A1 A2 A6 ~#~ A1 A2 A3 A6 ~#~ 
*********************************************************************************
--------------
Threshold: 0,10
--------------
	A6: 28
	A2: 21
--------------
Threshold: 0,20
--------------
	A6: 28
	A2: 21
--------------
Threshold: 0,30
--------------
	A2 | A6: 39
	A2: 9
--------------
Threshold: 0,40
--------------
	A2 | A6: 49
--------------
Threshold: 0,50
--------------
	A2 | A6: 46
	A1 | A2 | A6: 3
--------------
Threshold: 0,60
--------------
	A1 | A2 | A6: 44
	A2 | A3 | A6: 3
	A2 | A6: 2
--------------
Threshold: 0,70
--------------
	A1 | A2 | A6: 43
	A1 | A2 | A3 | A6: 3
	A2 | A3 | A6: 3
--------------
Threshold: 0,80
--------------
	A1 | A2 | A3 | A6: 49
*********************************************************************************
All potential concepts based on thresholds
	A2 A6 ~#~ A1 A2 A6 ~#~ A2 A3 A6 ~#~ A1 A2 A3 A6 ~#~ 
*********************************************************************************
--------------
Threshold: 0,10
--------------
	A6: 26
	A2: 23
--------------
Threshold: 0,20
--------------
	A6: 26
	A2: 23
--------------
Threshold: 0,30
--------------
	A2 | A6: 40
	A2: 8
--------------
Threshold: 0,40
--------------
	A2 | A6: 49
--------------
Threshold: 0,50
--------------
	A2 | A6: 49
--------------
Threshold: 0,60
--------------
	A1 | A2 | A6: 47
	A2 | A6: 2
--------------
Threshold: 0,70
--------------
	A1 | A2 | A6: 46
	A1 | A2 | A3 | A6: 3
--------------
Threshold: 0,80
--------------
	A1 | A2 | A3 | A6: 49
*********************************************************************************
All potential concepts based on thresholds
	A2 A6 ~#~ A1 A2 A6 ~#~ A1 A2 A3 A6 ~#~ 
*********************************************************************************
--------------
Threshold: 0,10
--------------
	A2: 26
	A6: 23
--------------
Threshold: 0,20
--------------
	A2: 26
	A6: 23
--------------
Threshold: 0,30
--------------
	A2 | A6: 47
	A2: 2
--------------
Threshold: 0,40
--------------
	A2 | A6: 49
--------------
Threshold: 0,50
--------------
	A2 | A6: 42
	A1 | A2 | A6: 7
--------------
Threshold: 0,60
--------------
	A1 | A2 | A6: 49
--------------
Threshold: 0,70
--------------
	A1 | A2 | A6: 34
	A1 | A2 | A3 | A6: 13
	A1 | A2 | A5 | A6: 2
--------------
Threshold: 0,80
--------------
	A1 | A2 | A3 | A6: 47
	A1 | A2 | A5 | A6: 2
*********************************************************************************
All potential concepts based on thresholds
	A2 A6 ~#~ A1 A2 A6 ~#~ A1 A2 A3 A6 ~#~ A1 A2 A5 A6 ~#~ 
*********************************************************************************
--------------
Threshold: 0,10
--------------
	A2: 47
	A6: 2
--------------
Threshold: 0,20
--------------
	A2: 47
	A6: 2
--------------
Threshold: 0,30
--------------
	A2: 28
	A2 | A6: 21
--------------
Threshold: 0,40
--------------
	A2 | A6: 49
--------------
Threshold: 0,50
--------------
	A2 | A6: 49
--------------
Threshold: 0,60
--------------
	A2 | A3 | A6: 23
	A2 | A6: 14
	A1 | A2 | A6: 12
--------------
Threshold: 0,70
--------------
	A2 | A3 | A6: 31
	A1 | A2 | A6: 18
--------------
Threshold: 0,80
--------------
	A1 | A2 | A3 | A6: 49
*********************************************************************************
All potential concepts based on thresholds
	A2 A6 ~#~ A2 A3 A6 ~#~ A1 A2 A6 ~#~ A1 A2 A3 A6 ~#~ 
*********************************************************************************
dataset: cModGroups.arff
--------------
Threshold: 0,10
--------------
	I2: 302
	I1: 165
	R1: 61
	R2: 55
--------------
Threshold: 0,20
--------------
	I2: 302
	I1: 165
	R1: 61
	R2: 55
--------------
Threshold: 0,30
--------------
	I2: 299
	I1: 165
	R1: 61
	R2: 55
--------------
Threshold: 0,40
--------------
	I2: 257
	I1: 130
	R1: 43
	R2: 37
	I1 | I2: 27
	I2 | R1: 26
	I2 | R2: 24
	I1 | R1: 19
	I1 | R2: 14
--------------
Threshold: 0,50
--------------
	I2: 198
	I1 | I2: 79
	I1: 65
	I1 | R2: 56
	I2 | R2: 47
	I2 | R1: 46
	I1 | R1: 44
	R1 | R2: 23
	R1: 14
	R2: 11
--------------
Threshold: 0,60
--------------
	I1 | I2: 186
	I1 | R2: 76
	I2: 70
	I1 | R1: 63
	I2 | R1: 61
	I2 | R2: 57
	R1 | R2: 26
	I1: 23
	I1 | I2 | R1: 8
--------------
Threshold: 0,70
--------------
	I1 | I2: 210
	I1 | R2: 64
	I1 | R1: 53
	I2 | R1: 46
	I1 | I2 | R1: 45
	I2 | R2: 39
	I1 | I2 | R2: 35
	I1 | R1 | R2: 25
	I2 | R1 | R2: 25
	R1 | R2: 16
	I2: 15
	I1: 9
--------------
Threshold: 0,80
--------------
	I1 | I2: 155
	I1 | I2 | R1: 104
	I1 | I2 | R2: 99
	I1 | R1 | R2: 66
	I2 | R1 | R2: 49
	I1 | R2: 38
	I1 | R1: 27
	I2 | R1: 21
	I2 | R2: 15
*********************************************************************************
All potential concepts based on thresholds
	I1 I2 ~#~ I2 R1 ~#~ I2 R2 ~#~ I1 R1 ~#~ I1 R2 ~#~ R1 R2 ~#~ I1 I2 R1 ~#~ I1 I2 R2 ~#~ I1 R1 R2 ~#~ I2 R1 R2 ~#~ 
*********************************************************************************
--------------
Threshold: 0,10
--------------
	I1: 327
	I2: 230
	R1: 13
	R2: 13
--------------
Threshold: 0,20
--------------
	I1: 327
	I2: 230
	R1: 13
	R2: 13
--------------
Threshold: 0,30
--------------
	I1: 326
	I2: 230
	R1: 13
	R2: 13
--------------
Threshold: 0,40
--------------
	I1: 293
	I2: 210
	I1 | I2: 31
	I1 | R2: 15
	R1: 10
	I2 | R1: 9
--------------
Threshold: 0,50
--------------
	I1: 185
	I1 | I2: 174
	I2: 120
	I1 | R1: 36
	I1 | R2: 29
	I2 | R1: 18
	I2 | R2: 15
--------------
Threshold: 0,60
--------------
	I1 | I2: 362
	I1: 69
	I1 | R1: 44
	I1 | R2: 41
	I2 | R1: 22
	I2: 17
	I2 | R2: 17
--------------
Threshold: 0,70
--------------
	I1 | I2: 392
	I1 | R1: 43
	I1 | I2 | R2: 36
	I1 | R2: 32
	I1 | I2 | R1: 23
	I2 | R1: 14
	I1: 13
	I2 | R2: 12
	I1 | R1 | R2: 11
--------------
Threshold: 0,80
--------------
	I1 | I2: 299
	I1 | I2 | R1: 100
	I1 | I2 | R2: 96
	I1 | R1 | R2: 29
	I1 | R2: 20
	I2 | R1 | R2: 11
	I1 | R1: 10
*********************************************************************************
All potential concepts based on thresholds
	I1 I2 ~#~ I1 R2 ~#~ I2 R1 ~#~ I1 R1 ~#~ I2 R2 ~#~ I1 I2 R2 ~#~ I1 I2 R1 ~#~ I1 R1 R2 ~#~ I2 R1 R2 ~#~ 
*********************************************************************************
--------------
Threshold: 0,10
--------------
	I2: 359
	I1: 172
	R2: 30
	R1: 22
--------------
Threshold: 0,20
--------------
	I2: 359
	I1: 172
	R2: 30
	R1: 22
--------------
Threshold: 0,30
--------------
	I2: 357
	I1: 171
	R2: 29
	R1: 21
--------------
Threshold: 0,40
--------------
	I2: 338
	I1: 145
	I1 | I2: 26
	R2: 15
	I2 | R2: 14
	R1: 13
	I1 | R2: 10
	I2 | R1: 9
	I1 | R1: 7
--------------
Threshold: 0,50
--------------
	I2: 231
	I1 | I2: 169
	I1: 78
	I2 | R2: 36
	I2 | R1: 23
	I1 | R2: 16
	R1 | R2: 10
	I1 | R1: 9
--------------
Threshold: 0,60
--------------
	I1 | I2: 322
	I2: 98
	I2 | R2: 53
	I2 | R1: 34
	I1 | R2: 25
	I1: 17
	R1 | R2: 11
	I1 | R1: 7
--------------
Threshold: 0,70
--------------
	I1 | I2: 359
	I2 | R2: 59
	I2 | R1: 39
	I2: 27
	I1 | R2: 20
	I1 | I2 | R2: 19
	I1 | I2 | R1: 17
	I2 | R1 | R2: 14
	I1 | R1 | R2: 13
	R1 | R2: 7
--------------
Threshold: 0,80
--------------
	I1 | I2: 284
	I1 | I2 | R2: 92
	I1 | I2 | R1: 65
	I2 | R2: 41
	I2 | R1 | R2: 37
	I2 | R1: 25
	I1 | R1 | R2: 17
	I1 | R2: 8
*********************************************************************************
All potential concepts based on thresholds
	I1 I2 ~#~ I2 R2 ~#~ I1 R2 ~#~ I2 R1 ~#~ I1 R1 ~#~ R1 R2 ~#~ I1 I2 R2 ~#~ I1 I2 R1 ~#~ I2 R1 R2 ~#~ I1 R1 R2 ~#~ 
*********************************************************************************
--------------
Threshold: 0,10
--------------
	I2: 331
	I1: 211
	R1: 25
	R2: 16
--------------
Threshold: 0,20
--------------
	I2: 331
	I1: 211
	R1: 25
	R2: 16
--------------
Threshold: 0,30
--------------
	I2: 331
	I1: 211
	R1: 24
	R2: 16
--------------
Threshold: 0,40
--------------
	I2: 313
	I1: 204
	R1: 18
	R2: 12
	I1 | I2: 12
	I1 | R1: 8
	I2 | R2: 7
--------------
Threshold: 0,50
--------------
	I2: 281
	I1: 164
	I1 | I2: 56
	I1 | R1: 20
	I2 | R2: 16
	I1 | R2: 14
	I2 | R1: 11
	R1: 10
	R1 | R2: 8
--------------
Threshold: 0,60
--------------
	I2: 206
	I1 | I2: 187
	I1: 72
	I2 | R2: 29
	I1 | R1: 26
	I2 | R1: 24
	I1 | R2: 19
	R1 | R2: 12
--------------
Threshold: 0,70
--------------
	I1 | I2: 250
	I2: 117
	I2 | R1: 42
	I2 | R2: 41
	I1: 34
	I1 | R1: 23
	I1 | R2: 18
	I1 | I2 | R1: 15
	I1 | I2 | R2: 15
	I2 | R1 | R2: 11
	R1 | R2: 10
--------------
Threshold: 0,80
--------------
	I1 | I2: 238
	I1 | I2 | R1: 67
	I1 | I2 | R2: 57
	I2 | R1: 47
	I2 | R2: 41
	I2: 39
	I2 | R1 | R2: 23
	I1 | R1: 20
	I1 | R1 | R2: 20
	I1: 13
	I1 | R2: 13
*********************************************************************************
All potential concepts based on thresholds
	I1 I2 ~#~ I1 R1 ~#~ I2 R2 ~#~ I1 R2 ~#~ I2 R1 ~#~ R1 R2 ~#~ I1 I2 R1 ~#~ I1 I2 R2 ~#~ I2 R1 R2 ~#~ I1 R1 R2 ~#~ 
*********************************************************************************
--------------
Threshold: 0,10
--------------
	I1: 269
	I2: 227
	R2: 73
	R1: 14
--------------
Threshold: 0,20
--------------
	I1: 269
	I2: 227
	R2: 73
	R1: 14
--------------
Threshold: 0,30
--------------
	I1: 268
	I2: 225
	R2: 72
	R1: 13
--------------
Threshold: 0,40
--------------
	I1: 250
	I2: 199
	R2: 45
	I2 | R2: 27
	I1 | I2: 20
	I1 | R2: 18
	I2 | R1: 8
	I1 | R1: 7
--------------
Threshold: 0,50
--------------
	I1 | I2: 167
	I1: 146
	I2: 89
	I2 | R2: 62
	I1 | R2: 57
	I2 | R1: 20
	R2: 17
	I1 | R1: 14
	R1 | R2: 10
--------------
Threshold: 0,60
--------------
	I1 | I2: 240
	I1 | R2: 89
	I2 | R2: 76
	I1: 61
	I2: 48
	I1 | R1: 22
	I2 | R1: 21
	R1 | R2: 9
--------------
Threshold: 0,70
--------------
	I1 | I2: 246
	I1 | R2: 79
	I2 | R2: 61
	I1 | I2 | R2: 59
	I2 | R1: 30
	I2: 21
	I1 | R1: 21
	I1: 19
	I1 | I2 | R1: 16
	I2 | R1 | R2: 14
	I1 | R1 | R2: 11
--------------
Threshold: 0,80
--------------
	I1 | I2: 207
	I1 | I2 | R2: 144
	I1 | I2 | R1: 54
	I1 | R2: 47
	I2 | R2: 35
	I1 | R1 | R2: 30
	I2 | R1 | R2: 29
	I2 | R1: 20
	I1 | R1: 10
*********************************************************************************
All potential concepts based on thresholds
	I2 R2 ~#~ I1 I2 ~#~ I1 R2 ~#~ I2 R1 ~#~ I1 R1 ~#~ R1 R2 ~#~ I1 I2 R2 ~#~ I1 I2 R1 ~#~ I2 R1 R2 ~#~ I1 R1 R2 ~#~ 
*********************************************************************************
--------------
Threshold: 0,10
--------------
	I2: 329
	I1: 242
	R1: 7
--------------
Threshold: 0,20
--------------
	I2: 329
	I1: 242
	R1: 7
--------------
Threshold: 0,30
--------------
	I2: 329
	I1: 242
	R1: 7
--------------
Threshold: 0,40
--------------
	I2: 318
	I1: 226
	I1 | I2: 17
--------------
Threshold: 0,50
--------------
	I2: 238
	I1: 174
	I1 | I2: 133
	I2 | R1: 12
	I2 | R2: 10
	I1 | R2: 8
--------------
Threshold: 0,60
--------------
	I1 | I2: 330
	I2: 102
	I1: 87
	I2 | R1: 21
	I2 | R2: 15
	I1 | R2: 13
	I1 | R1: 11
--------------
Threshold: 0,70
--------------
	I1 | I2: 387
	I2: 55
	I1: 33
	I2 | R1: 23
	I1 | R2: 20
	I1 | I2 | R1: 18
	I1 | R1: 14
	I1 | I2 | R2: 14
	I2 | R2: 13
--------------
Threshold: 0,80
--------------
	I1 | I2: 348
	I1 | I2 | R1: 81
	I1 | I2 | R2: 48
	I2 | R1: 21
	I2: 20
	I1 | R2: 17
	I2 | R2: 12
	I1 | R1: 11
	I1 | R1 | R2: 10
	I2 | R1 | R2: 9
*********************************************************************************
All potential concepts based on thresholds
	I1 I2 ~#~ I2 R1 ~#~ I2 R2 ~#~ I1 R2 ~#~ I1 R1 ~#~ I1 I2 R1 ~#~ I1 I2 R2 ~#~ I1 R1 R2 ~#~ I2 R1 R2 ~#~ 
*********************************************************************************
--------------
Threshold: 0,10
--------------
	I2: 485
	I1: 85
	R1: 8
--------------
Threshold: 0,20
--------------
	I2: 485
	I1: 85
	R1: 8
--------------
Threshold: 0,30
--------------
	I2: 484
	I1: 85
	R1: 8
--------------
Threshold: 0,40
--------------
	I2: 458
	I1: 70
	I1 | I2: 24
	I2 | R1: 12
--------------
Threshold: 0,50
--------------
	I2: 288
	I1 | I2: 195
	I2 | R1: 34
	I1: 25
	I2 | R2: 25
	I1 | R2: 11
--------------
Threshold: 0,60
--------------
	I1 | I2: 345
	I2: 106
	I2 | R1: 57
	I2 | R2: 41
	I1 | R2: 15
--------------
Threshold: 0,70
--------------
	I1 | I2: 364
	I2 | R1: 56
	I2 | R2: 44
	I2: 40
	I1 | I2 | R2: 31
	I1 | I2 | R1: 25
	I1 | R2: 8
--------------
Threshold: 0,80
--------------
	I1 | I2: 301
	I1 | I2 | R2: 95
	I1 | I2 | R1: 83
	I2 | R1: 31
	I2 | R2: 24
	I2 | R1 | R2: 21
	I2: 11
	I1 | R1 | R2: 10
*********************************************************************************
All potential concepts based on thresholds
	I1 I2 ~#~ I2 R1 ~#~ I2 R2 ~#~ I1 R2 ~#~ I1 I2 R2 ~#~ I1 I2 R1 ~#~ I2 R1 R2 ~#~ I1 R1 R2 ~#~ 
*********************************************************************************
--------------
Threshold: 0,10
--------------
	I1: 361
	I2: 173
	R1: 46
--------------
Threshold: 0,20
--------------
	I1: 361
	I2: 173
	R1: 46
--------------
Threshold: 0,30
--------------
	I1: 361
	I2: 170
	R1: 45
--------------
Threshold: 0,40
--------------
	I1: 315
	I2: 135
	I2 | R1: 37
	I1 | I2: 36
	I1 | R1: 28
	R1: 20
	I1 | R2: 8
--------------
Threshold: 0,50
--------------
	I1 | I2: 184
	I1: 176
	I2: 64
	I1 | R1: 62
	I2 | R1: 60
	I1 | R2: 17
	R1: 9
	I2 | R2: 8
--------------
Threshold: 0,60
--------------
	I1 | I2: 318
	I1 | R1: 80
	I2 | R1: 67
	I1: 46
	I2: 25
	I1 | R2: 21
	I2 | R2: 10
--------------
Threshold: 0,70
--------------
	I1 | I2: 321
	I1 | I2 | R1: 72
	I1 | R1: 59
	I2 | R1: 43
	I1 | R2: 22
	I1 | I2 | R2: 15
	I1: 12
	I2 | R2: 12
	I1 | R1 | R2: 10
	I2 | R1 | R2: 8
--------------
Threshold: 0,80
--------------
	I1 | I2 | R1: 211
	I1 | I2: 206
	I1 | I2 | R2: 74
	I1 | R1 | R2: 26
	I2 | R1: 15
	I1 | R1: 15
	I1 | R2: 10
	I2 | R1 | R2: 10
*********************************************************************************
All potential concepts based on thresholds
	I2 R1 ~#~ I1 I2 ~#~ I1 R1 ~#~ I1 R2 ~#~ I2 R2 ~#~ I1 I2 R1 ~#~ I1 I2 R2 ~#~ I1 R1 R2 ~#~ I2 R1 R2 ~#~ 
*********************************************************************************
--------------
Threshold: 0,10
--------------
	I1: 365
	I2: 138
	R2: 44
	R1: 36
--------------
Threshold: 0,20
--------------
	I1: 365
	I2: 138
	R2: 44
	R1: 36
--------------
Threshold: 0,30
--------------
	I1: 364
	I2: 138
	R2: 43
	R1: 36
--------------
Threshold: 0,40
--------------
	I1: 336
	I2: 112
	R1: 28
	R2: 27
	I1 | I2: 27
	I1 | R2: 16
	I2 | R2: 13
	I1 | R1: 10
	I2 | R1: 8
--------------
Threshold: 0,50
--------------
	I1: 251
	I1 | I2: 99
	I2: 55
	I1 | R2: 40
	I1 | R1: 39
	I2 | R2: 35
	I2 | R1: 28
	R2: 14
	R1 | R2: 14
	R1: 8
--------------
Threshold: 0,60
--------------
	I1 | I2: 198
	I1: 119
	I1 | R2: 74
	I1 | R1: 56
	I2 | R2: 53
	I2 | R1: 38
	R1 | R2: 18
	I2: 11
--------------
Threshold: 0,70
--------------
	I1 | I2: 221
	I1 | R2: 77
	I1 | R1: 57
	I2 | R2: 46
	I1: 44
	I1 | I2 | R1: 32
	I1 | I2 | R2: 31
	I2 | R1: 27
	R1 | R2: 16
	I1 | R1 | R2: 16
	I2 | R1 | R2: 10
--------------
Threshold: 0,80
--------------
	I1 | I2: 172
	I1 | I2 | R2: 92
	I1 | I2 | R1: 74
	I1 | R2: 58
	I1 | R1 | R2: 49
	I1 | R1: 41
	I2 | R1 | R2: 33
	I2 | R2: 21
	I2 | R1: 15
	I1: 14
	R1 | R2: 8
*********************************************************************************
All potential concepts based on thresholds
	I1 I2 ~#~ I1 R2 ~#~ I2 R2 ~#~ I1 R1 ~#~ I2 R1 ~#~ R1 R2 ~#~ I1 I2 R1 ~#~ I1 I2 R2 ~#~ I1 R1 R2 ~#~ I2 R1 R2 ~#~ 
*********************************************************************************
--------------
Threshold: 0,10
--------------
	I1: 379
	I2: 111
	R2: 64
	R1: 29
--------------
Threshold: 0,20
--------------
	I1: 379
	I2: 111
	R2: 64
	R1: 29
--------------
Threshold: 0,30
--------------
	I1: 378
	I2: 110
	R2: 62
	R1: 29
--------------
Threshold: 0,40
--------------
	I1: 337
	I2: 83
	R2: 40
	I1 | R2: 31
	I1 | I2: 25
	R1: 20
	I2 | R2: 13
	I1 | R1: 13
	I2 | R1: 11
	R1 | R2: 10
--------------
Threshold: 0,50
--------------
	I1: 221
	I1 | I2: 124
	I1 | R2: 66
	I2: 51
	I2 | R2: 33
	I1 | R1: 29
	I2 | R1: 18
	R2: 17
	R1 | R2: 17
	R1: 7
--------------
Threshold: 0,60
--------------
	I1 | I2: 233
	I1: 92
	I1 | R2: 80
	I1 | R1: 46
	I2 | R2: 42
	I2: 26
	R1 | R2: 22
	I2 | R1: 22
--------------
Threshold: 0,70
--------------
	I1 | I2: 226
	I1 | R2: 77
	I1: 45
	I2 | R2: 45
	I1 | R1: 43
	I1 | I2 | R2: 41
	I1 | R1 | R2: 32
	I1 | I2 | R1: 24
	I2 | R1: 23
	R1 | R2: 12
	I2 | R1 | R2: 12
--------------
Threshold: 0,80
--------------
	I1 | I2: 170
	I1 | I2 | R2: 100
	I1 | I2 | R1: 74
	I1 | R2: 66
	I1 | R1 | R2: 58
	I2 | R1 | R2: 34
	I1 | R1: 31
	I2 | R2: 22
	I2 | R1: 10
	I1: 7
*********************************************************************************
All potential concepts based on thresholds
	I1 R2 ~#~ I1 I2 ~#~ I2 R2 ~#~ I1 R1 ~#~ I2 R1 ~#~ R1 R2 ~#~ I1 I2 R2 ~#~ I1 R1 R2 ~#~ I1 I2 R1 ~#~ I2 R1 R2 ~#~ 
*********************************************************************************
dataset: cMultiVClassDisAttr-uniqueInst.arff
--------------
Threshold: 0,10
--------------
	A1: 70
--------------
Threshold: 0,20
--------------
	A1: 70
--------------
Threshold: 0,30
--------------
	A1: 70
--------------
Threshold: 0,40
--------------
	A1: 70
--------------
Threshold: 0,50
--------------
	A1: 61
	A1 | A2: 9
--------------
Threshold: 0,60
--------------
	A1: 61
	A1 | A2: 9
--------------
Threshold: 0,70
--------------
	A1: 61
	A1 | A2: 9
--------------
Threshold: 0,80
--------------
	A1: 39
	A1 | A2: 22
	A1 | A2 | A4: 9
*********************************************************************************
All potential concepts based on thresholds
	A1 A2 ~#~ A1 A2 A4 ~#~ 
*********************************************************************************
--------------
Threshold: 0,10
--------------
	A1: 70
--------------
Threshold: 0,20
--------------
	A1: 70
--------------
Threshold: 0,30
--------------
	A1: 70
--------------
Threshold: 0,40
--------------
	A1: 70
--------------
Threshold: 0,50
--------------
	A1: 63
	A1 | A2: 7
--------------
Threshold: 0,60
--------------
	A1: 61
	A1 | A2: 9
--------------
Threshold: 0,70
--------------
	A1: 61
	A1 | A2: 9
--------------
Threshold: 0,80
--------------
	A1 | A2: 36
	A1: 28
	A1 | A2 | A4: 6
*********************************************************************************
All potential concepts based on thresholds
	A1 A2 ~#~ A1 A2 A4 ~#~ 
*********************************************************************************
--------------
Threshold: 0,10
--------------
	A1: 71
--------------
Threshold: 0,20
--------------
	A1: 71
--------------
Threshold: 0,30
--------------
	A1: 71
--------------
Threshold: 0,40
--------------
	A1: 71
--------------
Threshold: 0,50
--------------
	A1: 69
--------------
Threshold: 0,60
--------------
	A1: 63
	A1 | A2: 8
--------------
Threshold: 0,70
--------------
	A1: 63
	A1 | A2: 8
--------------
Threshold: 0,80
--------------
	A1: 39
	A1 | A2: 28
	A1 | A2 | A4: 4
*********************************************************************************
All potential concepts based on thresholds
	A1 A2 ~#~ A1 A2 A4 ~#~ 
*********************************************************************************
--------------
Threshold: 0,10
--------------
	A1: 71
--------------
Threshold: 0,20
--------------
	A1: 71
--------------
Threshold: 0,30
--------------
	A1: 71
--------------
Threshold: 0,40
--------------
	A1: 71
--------------
Threshold: 0,50
--------------
	A1: 63
	A1 | A2: 8
--------------
Threshold: 0,60
--------------
	A1: 62
	A1 | A2: 9
--------------
Threshold: 0,70
--------------
	A1: 62
	A1 | A2: 9
--------------
Threshold: 0,80
--------------
	A1 | A2: 36
	A1: 27
	A1 | A2 | A4: 8
*********************************************************************************
All potential concepts based on thresholds
	A1 A2 ~#~ A1 A2 A4 ~#~ 
*********************************************************************************
--------------
Threshold: 0,10
--------------
	A1: 70
--------------
Threshold: 0,20
--------------
	A1: 70
--------------
Threshold: 0,30
--------------
	A1: 70
--------------
Threshold: 0,40
--------------
	A1: 70
--------------
Threshold: 0,50
--------------
	A1: 63
	A1 | A2: 7
--------------
Threshold: 0,60
--------------
	A1: 62
	A1 | A2: 8
--------------
Threshold: 0,70
--------------
	A1: 62
	A1 | A2: 8
--------------
Threshold: 0,80
--------------
	A1 | A2: 40
	A1: 25
	A1 | A2 | A4: 5
*********************************************************************************
All potential concepts based on thresholds
	A1 A2 ~#~ A1 A2 A4 ~#~ 
*********************************************************************************
--------------
Threshold: 0,10
--------------
	A1: 70
--------------
Threshold: 0,20
--------------
	A1: 70
--------------
Threshold: 0,30
--------------
	A1: 70
--------------
Threshold: 0,40
--------------
	A1: 70
--------------
Threshold: 0,50
--------------
	A1: 70
--------------
Threshold: 0,60
--------------
	A1: 63
	A1 | A2: 7
--------------
Threshold: 0,70
--------------
	A1: 63
	A1 | A2: 7
--------------
Threshold: 0,80
--------------
	A1: 35
	A1 | A2: 29
	A1 | A2 | A4: 6
*********************************************************************************
All potential concepts based on thresholds
	A1 A2 ~#~ A1 A2 A4 ~#~ 
*********************************************************************************
--------------
Threshold: 0,10
--------------
	A1: 70
--------------
Threshold: 0,20
--------------
	A1: 70
--------------
Threshold: 0,30
--------------
	A1: 70
--------------
Threshold: 0,40
--------------
	A1: 70
--------------
Threshold: 0,50
--------------
	A1: 70
--------------
Threshold: 0,60
--------------
	A1: 62
	A1 | A2: 8
--------------
Threshold: 0,70
--------------
	A1: 62
	A1 | A2: 8
--------------
Threshold: 0,80
--------------
	A1: 43
	A1 | A2: 21
	A1 | A2 | A4: 6
*********************************************************************************
All potential concepts based on thresholds
	A1 A2 ~#~ A1 A2 A4 ~#~ 
*********************************************************************************
--------------
Threshold: 0,10
--------------
	A1: 70
--------------
Threshold: 0,20
--------------
	A1: 70
--------------
Threshold: 0,30
--------------
	A1: 70
--------------
Threshold: 0,40
--------------
	A1: 70
--------------
Threshold: 0,50
--------------
	A1: 70
--------------
Threshold: 0,60
--------------
	A1: 64
	A1 | A2: 6
--------------
Threshold: 0,70
--------------
	A1: 64
	A1 | A2: 6
--------------
Threshold: 0,80
--------------
	A1: 43
	A1 | A2: 22
	A1 | A2 | A4: 5
*********************************************************************************
All potential concepts based on thresholds
	A1 A2 ~#~ A1 A2 A4 ~#~ 
*********************************************************************************
--------------
Threshold: 0,10
--------------
	A1: 70
--------------
Threshold: 0,20
--------------
	A1: 70
--------------
Threshold: 0,30
--------------
	A1: 70
--------------
Threshold: 0,40
--------------
	A1: 70
--------------
Threshold: 0,50
--------------
	A1: 67
--------------
Threshold: 0,60
--------------
	A1: 61
	A1 | A2: 9
--------------
Threshold: 0,70
--------------
	A1: 61
	A1 | A2: 9
--------------
Threshold: 0,80
--------------
	A1: 35
	A1 | A2: 28
	A1 | A2 | A4: 7
*********************************************************************************
All potential concepts based on thresholds
	A1 A2 ~#~ A1 A2 A4 ~#~ 
*********************************************************************************
--------------
Threshold: 0,10
--------------
	A1: 70
--------------
Threshold: 0,20
--------------
	A1: 70
--------------
Threshold: 0,30
--------------
	A1: 70
--------------
Threshold: 0,40
--------------
	A1: 70
--------------
Threshold: 0,50
--------------
	A1: 69
--------------
Threshold: 0,60
--------------
	A1: 62
	A1 | A2: 8
--------------
Threshold: 0,70
--------------
	A1: 62
	A1 | A2: 8
--------------
Threshold: 0,80
--------------
	A1: 40
	A1 | A2: 23
	A1 | A2 | A4: 7
*********************************************************************************
All potential concepts based on thresholds
	A1 A2 ~#~ A1 A2 A4 ~#~ 
*********************************************************************************
dataset: condInd-uniqueInst.arff
--------------
Threshold: 0,10
--------------
	I90: 111
--------------
Threshold: 0,20
--------------
	I90: 111
--------------
Threshold: 0,30
--------------
	I90: 111
--------------
Threshold: 0,40
--------------
	I80 | I90: 109
--------------
Threshold: 0,50
--------------
	I80 | I90: 111
--------------
Threshold: 0,60
--------------
	I80 | I90: 111
--------------
Threshold: 0,70
--------------
	I70 | I80 | I90: 111
--------------
Threshold: 0,80
--------------
	I70 | I80 | I90: 111
*********************************************************************************
All potential concepts based on thresholds
	I80 I90 ~#~ I70 I80 I90 ~#~ 
*********************************************************************************
--------------
Threshold: 0,10
--------------
	I90: 111
--------------
Threshold: 0,20
--------------
	I90: 111
--------------
Threshold: 0,30
--------------
	I90: 111
--------------
Threshold: 0,40
--------------
	I90: 94
	I80 | I90: 17
--------------
Threshold: 0,50
--------------
	I80 | I90: 111
--------------
Threshold: 0,60
--------------
	I80 | I90: 111
--------------
Threshold: 0,70
--------------
	I70 | I80 | I90: 111
--------------
Threshold: 0,80
--------------
	I70 | I80 | I90: 111
*********************************************************************************
All potential concepts based on thresholds
	I80 I90 ~#~ I70 I80 I90 ~#~ 
*********************************************************************************
--------------
Threshold: 0,10
--------------
	I90: 111
--------------
Threshold: 0,20
--------------
	I90: 111
--------------
Threshold: 0,30
--------------
	I90: 111
--------------
Threshold: 0,40
--------------
	I90: 111
--------------
Threshold: 0,50
--------------
	I80 | I90: 111
--------------
Threshold: 0,60
--------------
	I80 | I90: 111
--------------
Threshold: 0,70
--------------
	I70 | I80 | I90: 111
--------------
Threshold: 0,80
--------------
	I70 | I80 | I90: 111
*********************************************************************************
All potential concepts based on thresholds
	I80 I90 ~#~ I70 I80 I90 ~#~ 
*********************************************************************************
--------------
Threshold: 0,10
--------------
	I90: 111
--------------
Threshold: 0,20
--------------
	I90: 111
--------------
Threshold: 0,30
--------------
	I90: 111
--------------
Threshold: 0,40
--------------
	I90: 89
	I80 | I90: 22
--------------
Threshold: 0,50
--------------
	I80 | I90: 111
--------------
Threshold: 0,60
--------------
	I80 | I90: 111
--------------
Threshold: 0,70
--------------
	I70 | I80 | I90: 111
--------------
Threshold: 0,80
--------------
	I70 | I80 | I90: 111
*********************************************************************************
All potential concepts based on thresholds
	I80 I90 ~#~ I70 I80 I90 ~#~ 
*********************************************************************************
--------------
Threshold: 0,10
--------------
	I90: 112
--------------
Threshold: 0,20
--------------
	I90: 112
--------------
Threshold: 0,30
--------------
	I90: 112
--------------
Threshold: 0,40
--------------
	I90: 112
--------------
Threshold: 0,50
--------------
	I80 | I90: 112
--------------
Threshold: 0,60
--------------
	I80 | I90: 112
--------------
Threshold: 0,70
--------------
	I70 | I80 | I90: 112
--------------
Threshold: 0,80
--------------
	I70 | I80 | I90: 112
*********************************************************************************
All potential concepts based on thresholds
	I80 I90 ~#~ I70 I80 I90 ~#~ 
*********************************************************************************
--------------
Threshold: 0,10
--------------
	I90: 112
--------------
Threshold: 0,20
--------------
	I90: 112
--------------
Threshold: 0,30
--------------
	I90: 112
--------------
Threshold: 0,40
--------------
	I80 | I90: 112
--------------
Threshold: 0,50
--------------
	I80 | I90: 112
--------------
Threshold: 0,60
--------------
	I80 | I90: 112
--------------
Threshold: 0,70
--------------
	I70 | I80 | I90: 112
--------------
Threshold: 0,80
--------------
	I70 | I80 | I90: 112
*********************************************************************************
All potential concepts based on thresholds
	I80 I90 ~#~ I70 I80 I90 ~#~ 
*********************************************************************************
--------------
Threshold: 0,10
--------------
	I90: 112
--------------
Threshold: 0,20
--------------
	I90: 112
--------------
Threshold: 0,30
--------------
	I90: 112
--------------
Threshold: 0,40
--------------
	I80 | I90: 112
--------------
Threshold: 0,50
--------------
	I80 | I90: 112
--------------
Threshold: 0,60
--------------
	I80 | I90: 112
--------------
Threshold: 0,70
--------------
	I70 | I80 | I90: 112
--------------
Threshold: 0,80
--------------
	I70 | I80 | I90: 112
*********************************************************************************
All potential concepts based on thresholds
	I80 I90 ~#~ I70 I80 I90 ~#~ 
*********************************************************************************
--------------
Threshold: 0,10
--------------
	I90: 112
--------------
Threshold: 0,20
--------------
	I90: 112
--------------
Threshold: 0,30
--------------
	I90: 112
--------------
Threshold: 0,40
--------------
	I80 | I90: 112
--------------
Threshold: 0,50
--------------
	I80 | I90: 112
--------------
Threshold: 0,60
--------------
	I80 | I90: 112
--------------
Threshold: 0,70
--------------
	I70 | I80 | I90: 112
--------------
Threshold: 0,80
--------------
	I70 | I80 | I90: 112
*********************************************************************************
All potential concepts based on thresholds
	I80 I90 ~#~ I70 I80 I90 ~#~ 
*********************************************************************************
--------------
Threshold: 0,10
--------------
	I90: 112
--------------
Threshold: 0,20
--------------
	I90: 112
--------------
Threshold: 0,30
--------------
	I90: 112
--------------
Threshold: 0,40
--------------
	I80 | I90: 95
	I90: 17
--------------
Threshold: 0,50
--------------
	I80 | I90: 112
--------------
Threshold: 0,60
--------------
	I80 | I90: 112
--------------
Threshold: 0,70
--------------
	I70 | I80 | I90: 112
--------------
Threshold: 0,80
--------------
	I70 | I80 | I90: 112
*********************************************************************************
All potential concepts based on thresholds
	I80 I90 ~#~ I70 I80 I90 ~#~ 
*********************************************************************************
--------------
Threshold: 0,10
--------------
	I90: 112
--------------
Threshold: 0,20
--------------
	I90: 112
--------------
Threshold: 0,30
--------------
	I90: 112
--------------
Threshold: 0,40
--------------
	I90: 94
	I80 | I90: 18
--------------
Threshold: 0,50
--------------
	I80 | I90: 112
--------------
Threshold: 0,60
--------------
	I80 | I90: 112
--------------
Threshold: 0,70
--------------
	I70 | I80 | I90: 112
--------------
Threshold: 0,80
--------------
	I70 | I80 | I90: 112
*********************************************************************************
All potential concepts based on thresholds
	I80 I90 ~#~ I70 I80 I90 ~#~ 
*********************************************************************************
