dataset: Australian credit.arff
We remove max(NOISE,minNoise) groups, NOISE=1.0% -> 7, minNoise=3 we remove groups of size 7. Tree SHAP num of expl. inst. 621 (fold 1). Explaining class: 1).
Lower threshold thrL: 0.1 upper threshold thrU: 0.8 with step: 0.1
								--------------
									Fold  1
								--------------
--------------
Threshold: 0,10
--------------
	A8: 598
	A3: 13
	A5: 9
--------------
Threshold: 0,20
--------------
	A8: 598
	A3: 13
	A5: 9
--------------
Threshold: 0,30
--------------
	A8: 553
	A5 | A8: 21
	A3: 12
--------------
Threshold: 0,40
--------------
	A8: 304
	A5 | A8: 96
	A8 | A10: 56
	A8 | A14: 56
	A3 | A8: 37
	A8 | A13: 25
	A7 | A8: 24
	A4 | A8: 9
--------------
Threshold: 0,50
--------------
	A5 | A8: 125
	A8: 88
	A8 | A14: 77
	A8 | A10: 74
	A7 | A8: 74
	A3 | A8: 43
	A8 | A13: 37
	A2 | A8: 12
	A5 | A8 | A14: 10
	A5 | A8 | A10: 9
	A4 | A8: 8
--------------
Threshold: 0,60
--------------
	A5 | A8: 76
	A7 | A8: 65
	A5 | A7 | A8: 46
	A8 | A14: 44
	A8 | A10 | A14: 37
	A7 | A8 | A13: 30
	A3 | A8: 28
	A8 | A10: 27
	A5 | A8 | A10: 23
	A5 | A8 | A13: 18
	A7 | A8 | A10: 17
	A5 | A8 | A14: 16
	A3 | A5 | A8: 16
	A8 | A13: 16
	A3 | A8 | A13: 15
	A3 | A7 | A8: 14
	A8 | A10 | A13: 11
	A2 | A7 | A8: 10
--------------
Threshold: 0,70
--------------
	A5 | A7 | A8: 50
	A8 | A10 | A14: 41
	A3 | A7 | A8: 33
	A7 | A8 | A13: 30
	A3 | A5 | A8: 22
	A5 | A8 | A14: 21
	A5 | A7 | A8 | A13: 20
	A5 | A8 | A10 | A14: 20
	A7 | A8 | A10 | A13: 17
	A5 | A8 | A13: 16
	A7 | A8: 15
	A7 | A8 | A14: 15
	A3 | A7 | A8 | A13: 15
	A5 | A8 | A10 | A13: 14
	A3 | A5 | A7 | A8: 14
	A5 | A8 | A10: 13
	A7 | A8 | A10: 13
	A5 | A7 | A8 | A10: 13
	A7 | A8 | A10 | A14: 11
	A8 | A10 | A13: 10
	A3 | A8 | A13: 9
	A2 | A5 | A7 | A8: 9
	A8 | A13 | A14: 8
--------------
Threshold: 0,80
--------------
	A3 | A5 | A7 | A8: 31
	A7 | A8 | A10 | A14: 26
	A5 | A7 | A8 | A10 | A13: 24
	A5 | A7 | A8 | A13: 22
	A3 | A5 | A7 | A8 | A13: 20
	A7 | A8 | A10 | A13 | A14: 17
	A5 | A8 | A10 | A13 | A14: 17
	A2 | A3 | A5 | A7 | A8: 16
	A5 | A7 | A8 | A10 | A14: 13
	A8 | A10 | A13 | A14: 13
	A7 | A8 | A10 | A13: 13
	A7 | A8 | A13 | A14: 12
	A2 | A3 | A7 | A8 | A13: 12
	A2 | A3 | A7 | A8 | A10: 10
	A5 | A7 | A8 | A14: 9
	A5 | A7 | A8: 8
	A3 | A7 | A8 | A10 | A13: 8
	A5 | A8 | A10 | A13: 8
	A3 | A7 | A8: 8
	A3 | A5 | A7 | A8 | A10: 8
	A5 | A7 | A8 | A10: 8
*********************************************************************************
All potential concepts based on thresholds
	A5 A8 ~#~ A8 A10 ~#~ A8 A14 ~#~ A3 A8 ~#~ A8 A13 ~#~ A7 A8 ~#~ A4 A8 ~#~ A2 A8 ~#~ A5 A8 A14 ~#~ A5 A8 A10 ~#~ A5 A7 A8 ~#~ A8 A10 A14 ~#~ A7 A8 A13 ~#~ A5 A8 A13 ~#~ A7 A8 A10 ~#~ A3 A5 A8 ~#~ A3 A8 A13 ~#~ A3 A7 A8 ~#~ A8 A10 A13 ~#~ A2 A7 A8 ~#~ A5 A7 A8 A13 ~#~ A5 A8 A10 A14 ~#~ A7 A8 A10 A13 ~#~ A7 A8 A14 ~#~ A3 A7 A8 A13 ~#~ A5 A8 A10 A13 ~#~ A3 A5 A7 A8 ~#~ A5 A7 A8 A10 ~#~ A7 A8 A10 A14 ~#~ A2 A5 A7 A8 ~#~ A8 A13 A14 ~#~ A5 A7 A8 A10 A13 ~#~ A3 A5 A7 A8 A13 ~#~ A7 A8 A10 A13 A14 ~#~ A5 A8 A10 A13 A14 ~#~ A2 A3 A5 A7 A8 ~#~ A5 A7 A8 A10 A14 ~#~ A8 A10 A13 A14 ~#~ A7 A8 A13 A14 ~#~ A2 A3 A7 A8 A13 ~#~ A2 A3 A7 A8 A10 ~#~ A5 A7 A8 A14 ~#~ A3 A7 A8 A10 A13 ~#~ A3 A5 A7 A8 A10 ~#~ 
*********************************************************************************
We remove max(NOISE,minNoise) groups, NOISE=1.0% -> 7, minNoise=3 we remove groups of size 7. Tree SHAP num of expl. inst. 621 (fold 2). Explaining class: 1).
Lower threshold thrL: 0.1 upper threshold thrU: 0.8 with step: 0.1
								--------------
									Fold  2
								--------------
--------------
Threshold: 0,10
--------------
	A8: 602
	A3: 11
--------------
Threshold: 0,20
--------------
	A8: 602
	A3: 11
--------------
Threshold: 0,30
--------------
	A8: 539
	A5 | A8: 24
	A8 | A13: 15
	A3 | A8: 13
	A8 | A14: 13
--------------
Threshold: 0,40
--------------
	A8: 245
	A8 | A14: 109
	A5 | A8: 98
	A8 | A13: 70
	A3 | A8: 33
	A8 | A10: 27
	A7 | A8: 17
	A4 | A8: 13
--------------
Threshold: 0,50
--------------
	A8 | A14: 136
	A5 | A8: 114
	A8 | A13: 77
	A8: 53
	A7 | A8: 42
	A3 | A8: 42
	A8 | A10: 34
	A5 | A8 | A13: 20
	A2 | A8: 10
	A4 | A8: 9
	A5 | A8 | A14: 9
	A7 | A8 | A14: 8
	A3 | A8 | A13: 8
--------------
Threshold: 0,60
--------------
	A8 | A14: 50
	A5 | A8 | A13: 44
	A5 | A8 | A14: 43
	A8 | A13 | A14: 35
	A5 | A8: 33
	A5 | A7 | A8: 31
	A8 | A10 | A14: 31
	A8 | A13: 30
	A7 | A8: 24
	A3 | A8: 22
	A3 | A8 | A13: 21
	A7 | A8 | A13: 20
	A3 | A5 | A8: 19
	A8 | A10 | A13: 18
	A7 | A8 | A14: 18
	A5 | A8 | A10: 14
	A3 | A7 | A8: 14
	A3 | A8 | A14: 11
	A8 | A10: 9
	A7 | A8 | A13 | A14: 9
	A4 | A5 | A8: 9
--------------
Threshold: 0,70
--------------
	A8 | A10 | A14: 29
	A5 | A7 | A8 | A13: 26
	A5 | A8 | A14: 25
	A8 | A13 | A14: 23
	A3 | A7 | A8 | A13: 23
	A5 | A8 | A13 | A14: 22
	A5 | A7 | A8 | A14: 19
	A8 | A10 | A13 | A14: 19
	A7 | A8 | A13: 17
	A7 | A8 | A13 | A14: 16
	A5 | A8 | A13: 15
	A3 | A5 | A7 | A8: 14
	A5 | A7 | A8: 12
	A5 | A8 | A10 | A14: 12
	A3 | A8 | A13: 12
	A3 | A7 | A8: 11
	A7 | A8 | A14: 11
	A3 | A7 | A8 | A14: 11
	A3 | A8 | A14: 11
	A3 | A8 | A13 | A14: 11
	A8 | A10 | A13: 10
	A5 | A8 | A10 | A13: 10
	A3 | A5 | A8 | A14: 9
	A5 | A7 | A8 | A13 | A14: 9
	A3 | A5 | A8: 8
--------------
Threshold: 0,80
--------------
	A3 | A7 | A8 | A13 | A14: 34
	A5 | A7 | A8 | A13 | A14: 25
	A3 | A5 | A7 | A8 | A13: 21
	A8 | A10 | A13 | A14: 21
	A5 | A7 | A8 | A10 | A14: 15
	A3 | A5 | A7 | A8 | A13 | A14: 15
	A3 | A5 | A7 | A8 | A14: 15
	A5 | A8 | A10 | A13 | A14: 15
	A5 | A7 | A8 | A10 | A13 | A14: 13
	A5 | A7 | A8 | A14: 12
	A7 | A8 | A10 | A13 | A14: 12
	A3 | A5 | A8 | A13 | A14: 10
	A5 | A7 | A8 | A10 | A13: 10
	A2 | A3 | A7 | A8 | A14: 10
	A3 | A7 | A8 | A13: 9
	A3 | A7 | A8 | A14: 9
	A4 | A7 | A8 | A13 | A14: 8
	A3 | A4 | A7 | A8 | A13: 8
*********************************************************************************
All potential concepts based on thresholds
	A5 A8 ~#~ A8 A13 ~#~ A3 A8 ~#~ A8 A14 ~#~ A8 A10 ~#~ A7 A8 ~#~ A4 A8 ~#~ A5 A8 A13 ~#~ A2 A8 ~#~ A5 A8 A14 ~#~ A7 A8 A14 ~#~ A3 A8 A13 ~#~ A8 A13 A14 ~#~ A5 A7 A8 ~#~ A8 A10 A14 ~#~ A7 A8 A13 ~#~ A3 A5 A8 ~#~ A8 A10 A13 ~#~ A5 A8 A10 ~#~ A3 A7 A8 ~#~ A3 A8 A14 ~#~ A7 A8 A13 A14 ~#~ A4 A5 A8 ~#~ A5 A7 A8 A13 ~#~ A3 A7 A8 A13 ~#~ A5 A8 A13 A14 ~#~ A5 A7 A8 A14 ~#~ A8 A10 A13 A14 ~#~ A3 A5 A7 A8 ~#~ A5 A8 A10 A14 ~#~ A3 A7 A8 A14 ~#~ A3 A8 A13 A14 ~#~ A5 A8 A10 A13 ~#~ A3 A5 A8 A14 ~#~ A5 A7 A8 A13 A14 ~#~ A3 A7 A8 A13 A14 ~#~ A3 A5 A7 A8 A13 ~#~ A5 A7 A8 A10 A14 ~#~ A3 A5 A7 A8 A13 A14 ~#~ A3 A5 A7 A8 A14 ~#~ A5 A8 A10 A13 A14 ~#~ A5 A7 A8 A10 A13 A14 ~#~ A7 A8 A10 A13 A14 ~#~ A3 A5 A8 A13 A14 ~#~ A5 A7 A8 A10 A13 ~#~ A2 A3 A7 A8 A14 ~#~ A4 A7 A8 A13 A14 ~#~ A3 A4 A7 A8 A13 ~#~ 
*********************************************************************************
We remove max(NOISE,minNoise) groups, NOISE=1.0% -> 7, minNoise=3 we remove groups of size 7. Tree SHAP num of expl. inst. 621 (fold 3). Explaining class: 1).
Lower threshold thrL: 0.1 upper threshold thrU: 0.8 with step: 0.1
								--------------
									Fold  3
								--------------
--------------
Threshold: 0,10
--------------
	A8: 592
	A3: 15
	A14: 10
--------------
Threshold: 0,20
--------------
	A8: 591
	A3: 15
	A14: 10
--------------
Threshold: 0,30
--------------
	A8: 538
	A5 | A8: 19
	A8 | A13: 13
	A3: 12
	A3 | A8: 12
	A8 | A14: 11
--------------
Threshold: 0,40
--------------
	A8: 280
	A8 | A14: 85
	A5 | A8: 58
	A8 | A13: 58
	A8 | A10: 39
	A3 | A8: 35
	A7 | A8: 34
	A4 | A8: 14
--------------
Threshold: 0,50
--------------
	A8 | A14: 105
	A5 | A8: 87
	A8: 75
	A7 | A8: 68
	A8 | A13: 58
	A3 | A8: 43
	A8 | A10: 42
	A7 | A8 | A13: 17
	A5 | A8 | A13: 14
	A4 | A8: 13
	A2 | A8: 11
	A4 | A8 | A13: 10
	A5 | A8 | A14: 10
	A5 | A7 | A8: 8
--------------
Threshold: 0,60
--------------
	A8 | A14: 50
	A7 | A8: 41
	A5 | A8 | A13: 35
	A8 | A10 | A14: 34
	A5 | A8: 33
	A5 | A7 | A8: 32
	A3 | A8: 28
	A7 | A8 | A13: 26
	A7 | A8 | A14: 24
	A5 | A8 | A14: 23
	A8 | A10 | A13: 16
	A8 | A13 | A14: 15
	A3 | A8 | A13: 15
	A3 | A7 | A8: 13
	A3 | A5 | A8: 13
	A8 | A13: 12
	A5 | A8 | A10: 11
	A4 | A5 | A8: 10
	A8 | A10: 9
	A7 | A8 | A10: 9
	A2 | A7 | A8: 8
--------------
Threshold: 0,70
--------------
	A8 | A10 | A14: 28
	A7 | A8 | A13 | A14: 23
	A5 | A7 | A8 | A13: 23
	A3 | A7 | A8: 22
	A7 | A8 | A14: 21
	A7 | A8 | A10 | A14: 20
	A5 | A8 | A14: 18
	A5 | A7 | A8: 15
	A5 | A8 | A10 | A14: 14
	A3 | A5 | A7 | A8: 14
	A8 | A10 | A13 | A14: 14
	A7 | A8 | A13: 12
	A3 | A7 | A8 | A13: 12
	A3 | A5 | A8 | A13: 11
	A8 | A13 | A14: 11
	A3 | A5 | A8: 11
	A3 | A7 | A8 | A14: 10
	A2 | A5 | A7 | A8: 10
	A5 | A7 | A8 | A14: 9
	A8 | A10 | A13: 9
	A7 | A8 | A10 | A13: 9
	A2 | A7 | A8 | A14: 8
	A5 | A8 | A13: 8
	A3 | A8 | A13: 8
	A3 | A4 | A8 | A13: 8
--------------
Threshold: 0,80
--------------
	A7 | A8 | A10 | A13 | A14: 29
	A3 | A5 | A7 | A8 | A13: 19
	A3 | A7 | A8 | A13 | A14: 18
	A3 | A7 | A8 | A14: 13
	A7 | A8 | A10 | A14: 13
	A5 | A7 | A8 | A13 | A14: 13
	A8 | A10 | A13 | A14: 13
	A5 | A7 | A8 | A10 | A14: 12
	A5 | A7 | A8 | A10 | A13 | A14: 12
	A3 | A7 | A8 | A10 | A14: 9
	A5 | A7 | A8 | A10 | A13: 9
	A3 | A7 | A8 | A10 | A13 | A14: 9
	A2 | A3 | A5 | A7 | A8: 8
	A2 | A3 | A5 | A7 | A8 | A13: 8
	A7 | A8 | A10 | A13: 8
*********************************************************************************
All potential concepts based on thresholds
	A5 A8 ~#~ A8 A13 ~#~ A3 A8 ~#~ A8 A14 ~#~ A8 A10 ~#~ A7 A8 ~#~ A4 A8 ~#~ A7 A8 A13 ~#~ A5 A8 A13 ~#~ A2 A8 ~#~ A4 A8 A13 ~#~ A5 A8 A14 ~#~ A5 A7 A8 ~#~ A8 A10 A14 ~#~ A7 A8 A14 ~#~ A8 A10 A13 ~#~ A8 A13 A14 ~#~ A3 A8 A13 ~#~ A3 A7 A8 ~#~ A3 A5 A8 ~#~ A5 A8 A10 ~#~ A4 A5 A8 ~#~ A7 A8 A10 ~#~ A2 A7 A8 ~#~ A7 A8 A13 A14 ~#~ A5 A7 A8 A13 ~#~ A7 A8 A10 A14 ~#~ A5 A8 A10 A14 ~#~ A3 A5 A7 A8 ~#~ A8 A10 A13 A14 ~#~ A3 A7 A8 A13 ~#~ A3 A5 A8 A13 ~#~ A3 A7 A8 A14 ~#~ A2 A5 A7 A8 ~#~ A5 A7 A8 A14 ~#~ A7 A8 A10 A13 ~#~ A2 A7 A8 A14 ~#~ A3 A4 A8 A13 ~#~ A7 A8 A10 A13 A14 ~#~ A3 A5 A7 A8 A13 ~#~ A3 A7 A8 A13 A14 ~#~ A5 A7 A8 A13 A14 ~#~ A5 A7 A8 A10 A14 ~#~ A5 A7 A8 A10 A13 A14 ~#~ A3 A7 A8 A10 A14 ~#~ A5 A7 A8 A10 A13 ~#~ A3 A7 A8 A10 A13 A14 ~#~ A2 A3 A5 A7 A8 ~#~ A2 A3 A5 A7 A8 A13 ~#~ 
*********************************************************************************
We remove max(NOISE,minNoise) groups, NOISE=1.0% -> 7, minNoise=3 we remove groups of size 7. Tree SHAP num of expl. inst. 621 (fold 4). Explaining class: 1).
Lower threshold thrL: 0.1 upper threshold thrU: 0.8 with step: 0.1
								--------------
									Fold  4
								--------------
--------------
Threshold: 0,10
--------------
	A8: 606
	A3: 10
--------------
Threshold: 0,20
--------------
	A8: 606
	A3: 10
--------------
Threshold: 0,30
--------------
	A8: 579
	A5 | A8: 14
--------------
Threshold: 0,40
--------------
	A8: 364
	A5 | A8: 87
	A8 | A14: 81
	A8 | A13: 30
	A3 | A8: 23
	A8 | A10: 15
	A4 | A8: 12
--------------
Threshold: 0,50
--------------
	A5 | A8: 156
	A8 | A14: 133
	A8: 119
	A8 | A13: 52
	A8 | A10: 33
	A7 | A8: 33
	A3 | A8: 25
	A4 | A8: 19
	A5 | A8 | A13: 9
--------------
Threshold: 0,60
--------------
	A8 | A14: 86
	A5 | A8: 75
	A7 | A8: 40
	A5 | A7 | A8: 38
	A5 | A8 | A14: 36
	A3 | A8: 33
	A5 | A8 | A13: 31
	A8 | A13: 30
	A8 | A10 | A14: 27
	A7 | A8 | A13: 21
	A8 | A10: 17
	A8: 17
	A5 | A8 | A10: 17
	A8 | A13 | A14: 16
	A4 | A8: 15
	A8 | A10 | A13: 14
	A7 | A8 | A14: 13
	A4 | A5 | A8: 12
	A3 | A5 | A8: 11
	A4 | A8 | A13: 10
--------------
Threshold: 0,70
--------------
	A8 | A10 | A14: 41
	A5 | A7 | A8: 37
	A5 | A8 | A14: 36
	A5 | A7 | A8 | A13: 26
	A5 | A7 | A8 | A14: 24
	A3 | A7 | A8: 24
	A8 | A13 | A14: 22
	A7 | A8 | A14: 20
	A5 | A8 | A13: 18
	A8 | A10 | A13: 17
	A5 | A8 | A10 | A14: 16
	A5 | A8 | A10 | A13: 15
	A7 | A8 | A13: 15
	A3 | A5 | A8: 14
	A7 | A8 | A13 | A14: 12
	A8 | A14: 12
	A5 | A8 | A13 | A14: 11
	A3 | A8 | A13: 11
	A4 | A5 | A8: 10
	A3 | A7 | A8 | A13: 10
	A7 | A8 | A10 | A13: 10
	A4 | A8 | A13: 9
	A3 | A4 | A8: 9
	A3 | A8 | A14: 9
	A3 | A4 | A8 | A13: 9
	A8 | A10 | A13 | A14: 8
	A4 | A5 | A7 | A8: 8
--------------
Threshold: 0,80
--------------
	A5 | A7 | A8 | A13 | A14: 31
	A5 | A7 | A8 | A10 | A13: 24
	A8 | A10 | A13 | A14: 22
	A5 | A7 | A8 | A14: 19
	A7 | A8 | A13 | A14: 16
	A7 | A8 | A10 | A14: 16
	A3 | A5 | A7 | A8 | A13: 15
	A3 | A7 | A8 | A13 | A14: 13
	A7 | A8 | A10 | A13: 13
	A5 | A7 | A8 | A10 | A13 | A14: 12
	A5 | A8 | A10 | A13 | A14: 12
	A7 | A8 | A10 | A13 | A14: 11
	A5 | A7 | A8 | A10 | A14: 11
	A3 | A5 | A7 | A8 | A14: 11
	A3 | A7 | A8 | A10 | A13: 9
	A5 | A8 | A10 | A14: 9
	A3 | A7 | A8 | A14: 9
	A3 | A5 | A7 | A8: 9
	A4 | A5 | A8 | A13 | A14: 9
	A2 | A5 | A7 | A8 | A14: 9
	A2 | A5 | A7 | A8 | A13: 9
	A5 | A7 | A8 | A13: 8
	A3 | A5 | A7 | A8 | A12: 8
	A3 | A4 | A5 | A7 | A8: 8
	A4 | A5 | A7 | A8 | A13: 8
*********************************************************************************
All potential concepts based on thresholds
	A5 A8 ~#~ A8 A14 ~#~ A8 A13 ~#~ A3 A8 ~#~ A8 A10 ~#~ A4 A8 ~#~ A7 A8 ~#~ A5 A8 A13 ~#~ A5 A7 A8 ~#~ A5 A8 A14 ~#~ A8 A10 A14 ~#~ A7 A8 A13 ~#~ A5 A8 A10 ~#~ A8 A13 A14 ~#~ A8 A10 A13 ~#~ A7 A8 A14 ~#~ A4 A5 A8 ~#~ A3 A5 A8 ~#~ A4 A8 A13 ~#~ A5 A7 A8 A13 ~#~ A5 A7 A8 A14 ~#~ A3 A7 A8 ~#~ A5 A8 A10 A14 ~#~ A5 A8 A10 A13 ~#~ A7 A8 A13 A14 ~#~ A5 A8 A13 A14 ~#~ A3 A8 A13 ~#~ A3 A7 A8 A13 ~#~ A7 A8 A10 A13 ~#~ A3 A4 A8 ~#~ A3 A8 A14 ~#~ A3 A4 A8 A13 ~#~ A8 A10 A13 A14 ~#~ A4 A5 A7 A8 ~#~ A5 A7 A8 A13 A14 ~#~ A5 A7 A8 A10 A13 ~#~ A7 A8 A10 A14 ~#~ A3 A5 A7 A8 A13 ~#~ A3 A7 A8 A13 A14 ~#~ A5 A7 A8 A10 A13 A14 ~#~ A5 A8 A10 A13 A14 ~#~ A7 A8 A10 A13 A14 ~#~ A5 A7 A8 A10 A14 ~#~ A3 A5 A7 A8 A14 ~#~ A3 A7 A8 A10 A13 ~#~ A3 A7 A8 A14 ~#~ A3 A5 A7 A8 ~#~ A4 A5 A8 A13 A14 ~#~ A2 A5 A7 A8 A14 ~#~ A2 A5 A7 A8 A13 ~#~ A3 A5 A7 A8 A12 ~#~ A3 A4 A5 A7 A8 ~#~ A4 A5 A7 A8 A13 ~#~ 
*********************************************************************************
We remove max(NOISE,minNoise) groups, NOISE=1.0% -> 7, minNoise=3 we remove groups of size 7. Tree SHAP num of expl. inst. 621 (fold 5). Explaining class: 1).
Lower threshold thrL: 0.1 upper threshold thrU: 0.8 with step: 0.1
								--------------
									Fold  5
								--------------
--------------
Threshold: 0,10
--------------
	A8: 604
	A3: 14
--------------
Threshold: 0,20
--------------
	A8: 604
	A3: 14
--------------
Threshold: 0,30
--------------
	A8: 532
	A8 | A14: 23
	A5 | A8: 17
	A3 | A8: 17
	A8 | A13: 11
--------------
Threshold: 0,40
--------------
	A8: 240
	A8 | A14: 75
	A5 | A8: 72
	A8 | A10: 53
	A3 | A8: 48
	A8 | A13: 45
	A7 | A8: 41
	A2 | A8: 16
	A4 | A8: 13
	A6 | A8: 8
--------------
Threshold: 0,50
--------------
	A5 | A8: 89
	A8 | A14: 72
	A7 | A8: 66
	A8 | A10: 58
	A8: 55
	A3 | A8: 41
	A8 | A13: 39
	A2 | A8: 19
	A5 | A7 | A8: 17
	A3 | A8 | A13: 15
	A5 | A8 | A13: 14
	A8 | A10 | A14: 12
	A4 | A8: 12
	A8 | A13 | A14: 9
	A3 | A5 | A8: 8
--------------
Threshold: 0,60
--------------
	A5 | A7 | A8: 59
	A8 | A10 | A14: 40
	A5 | A8: 36
	A7 | A8: 32
	A8 | A13 | A14: 27
	A5 | A8 | A13: 22
	A5 | A8 | A14: 21
	A7 | A8 | A13: 21
	A8 | A14: 19
	A3 | A5 | A8: 17
	A8 | A10: 15
	A8 | A10 | A13: 15
	A3 | A8: 15
	A5 | A8 | A10: 14
	A3 | A7 | A8: 14
	A3 | A8 | A13: 14
	A2 | A7 | A8: 13
	A8 | A13: 10
	A2 | A8: 9
	A2 | A3 | A8: 8
--------------
Threshold: 0,70
--------------
	A5 | A7 | A8: 37
	A5 | A7 | A8 | A13: 25
	A3 | A5 | A7 | A8: 23
	A8 | A10 | A13 | A14: 23
	A8 | A10 | A14: 21
	A2 | A5 | A7 | A8: 19
	A5 | A8 | A10 | A14: 14
	A3 | A7 | A8: 12
	A5 | A8 | A14: 12
	A3 | A7 | A8 | A13: 11
	A7 | A8 | A13: 10
	A3 | A5 | A8: 10
	A4 | A5 | A7 | A8: 10
	A5 | A8 | A13: 9
	A2 | A7 | A8: 8
	A2 | A5 | A7 | A8 | A13: 8
	A2 | A3 | A8: 8
--------------
Threshold: 0,80
--------------
	A3 | A5 | A7 | A8 | A13: 26
	A2 | A3 | A5 | A7 | A8: 15
	A5 | A7 | A8 | A10 | A13: 14
	A3 | A5 | A7 | A8: 13
	A2 | A5 | A7 | A8 | A13: 13
	A5 | A8 | A10 | A13 | A14: 13
	A7 | A8 | A10 | A13 | A14: 12
	A3 | A4 | A5 | A7 | A8 | A13: 11
	A2 | A3 | A5 | A7 | A8 | A13: 11
	A5 | A7 | A8 | A10 | A14: 10
	A5 | A7 | A8 | A13 | A14: 10
	A5 | A7 | A8 | A13: 8
	A2 | A3 | A4 | A5 | A7 | A8: 8
	A2 | A5 | A7 | A8 | A14: 8
	A5 | A7 | A8 | A10 | A13 | A14: 8
*********************************************************************************
All potential concepts based on thresholds
	A8 A14 ~#~ A5 A8 ~#~ A3 A8 ~#~ A8 A13 ~#~ A8 A10 ~#~ A7 A8 ~#~ A2 A8 ~#~ A4 A8 ~#~ A6 A8 ~#~ A5 A7 A8 ~#~ A3 A8 A13 ~#~ A5 A8 A13 ~#~ A8 A10 A14 ~#~ A8 A13 A14 ~#~ A3 A5 A8 ~#~ A5 A8 A14 ~#~ A7 A8 A13 ~#~ A8 A10 A13 ~#~ A5 A8 A10 ~#~ A3 A7 A8 ~#~ A2 A7 A8 ~#~ A2 A3 A8 ~#~ A5 A7 A8 A13 ~#~ A3 A5 A7 A8 ~#~ A8 A10 A13 A14 ~#~ A2 A5 A7 A8 ~#~ A5 A8 A10 A14 ~#~ A3 A7 A8 A13 ~#~ A4 A5 A7 A8 ~#~ A2 A5 A7 A8 A13 ~#~ A3 A5 A7 A8 A13 ~#~ A2 A3 A5 A7 A8 ~#~ A5 A7 A8 A10 A13 ~#~ A5 A8 A10 A13 A14 ~#~ A7 A8 A10 A13 A14 ~#~ A3 A4 A5 A7 A8 A13 ~#~ A2 A3 A5 A7 A8 A13 ~#~ A5 A7 A8 A10 A14 ~#~ A5 A7 A8 A13 A14 ~#~ A2 A3 A4 A5 A7 A8 ~#~ A2 A5 A7 A8 A14 ~#~ A5 A7 A8 A10 A13 A14 ~#~ 
*********************************************************************************
We remove max(NOISE,minNoise) groups, NOISE=1.0% -> 7, minNoise=3 we remove groups of size 7. Tree SHAP num of expl. inst. 621 (fold 6). Explaining class: 1).
Lower threshold thrL: 0.1 upper threshold thrU: 0.8 with step: 0.1
								--------------
									Fold  6
								--------------
--------------
Threshold: 0,10
--------------
	A8: 584
	A5: 21
	A3: 10
--------------
Threshold: 0,20
--------------
	A8: 584
	A5: 21
	A3: 10
--------------
Threshold: 0,30
--------------
	A8: 515
	A5 | A8: 25
	A8 | A14: 20
	A5: 16
	A3 | A8: 13
	A3: 9
--------------
Threshold: 0,40
--------------
	A8: 242
	A8 | A14: 101
	A5 | A8: 94
	A3 | A8: 44
	A8 | A13: 37
	A7 | A8: 34
	A8 | A10: 32
	A4 | A8: 14
	A6 | A8: 9
--------------
Threshold: 0,50
--------------
	A5 | A8: 125
	A8 | A14: 103
	A8: 75
	A7 | A8: 60
	A3 | A8: 48
	A8 | A13: 34
	A8 | A10: 26
	A3 | A8 | A13: 16
	A5 | A8 | A14: 11
	A7 | A8 | A13: 11
	A8 | A13 | A14: 10
	A5 | A7 | A8: 8
	A8 | A10 | A14: 8
	A4 | A8: 8
	A5 | A8 | A13: 8
--------------
Threshold: 0,60
--------------
	A5 | A8: 54
	A5 | A7 | A8: 43
	A8 | A14: 42
	A7 | A8: 40
	A5 | A8 | A14: 31
	A3 | A8: 28
	A7 | A8 | A14: 24
	A8 | A10 | A14: 22
	A8 | A13 | A14: 21
	A3 | A5 | A8: 19
	A3 | A7 | A8: 18
	A5 | A8 | A13: 18
	A3 | A8 | A13: 18
	A8 | A10 | A13: 17
	A7 | A8 | A13: 17
	A3 | A8 | A14: 15
	A4 | A5 | A8: 12
	A5 | A8 | A10: 10
	A7 | A8 | A10: 10
	A8 | A13: 9
	A3 | A4 | A8: 8
--------------
Threshold: 0,70
--------------
	A5 | A7 | A8: 40
	A5 | A7 | A8 | A14: 26
	A5 | A8 | A14: 24
	A3 | A7 | A8: 21
	A3 | A5 | A7 | A8: 21
	A8 | A10 | A13 | A14: 20
	A3 | A7 | A8 | A13: 18
	A7 | A8 | A10 | A13: 16
	A7 | A8 | A13 | A14: 15
	A5 | A7 | A8 | A13: 15
	A8 | A10 | A14: 15
	A7 | A8 | A14: 13
	A3 | A7 | A8 | A14: 12
	A3 | A8 | A14: 12
	A3 | A5 | A8: 11
	A5 | A8 | A13: 10
	A5 | A8 | A13 | A14: 10
	A3 | A8 | A13 | A14: 9
	A5 | A8 | A10 | A14: 8
	A3 | A5 | A7 | A8 | A13: 8
--------------
Threshold: 0,80
--------------
	A3 | A5 | A7 | A8 | A13: 22
	A7 | A8 | A10 | A13 | A14: 21
	A3 | A7 | A8 | A13 | A14: 21
	A5 | A7 | A8 | A14: 13
	A3 | A5 | A7 | A8 | A14: 13
	A5 | A7 | A8 | A13 | A14: 13
	A3 | A5 | A8 | A14: 12
	A3 | A5 | A7 | A8 | A13 | A14: 12
	A2 | A3 | A5 | A7 | A8: 11
	A3 | A5 | A7 | A8: 10
	A5 | A7 | A8 | A10 | A13: 9
	A2 | A3 | A5 | A7 | A8 | A13: 8
	A2 | A5 | A7 | A8 | A14: 8
*********************************************************************************
All potential concepts based on thresholds
	A5 A8 ~#~ A8 A14 ~#~ A3 A8 ~#~ A8 A13 ~#~ A7 A8 ~#~ A8 A10 ~#~ A4 A8 ~#~ A6 A8 ~#~ A3 A8 A13 ~#~ A5 A8 A14 ~#~ A7 A8 A13 ~#~ A8 A13 A14 ~#~ A5 A7 A8 ~#~ A8 A10 A14 ~#~ A5 A8 A13 ~#~ A7 A8 A14 ~#~ A3 A5 A8 ~#~ A3 A7 A8 ~#~ A8 A10 A13 ~#~ A3 A8 A14 ~#~ A4 A5 A8 ~#~ A5 A8 A10 ~#~ A7 A8 A10 ~#~ A3 A4 A8 ~#~ A5 A7 A8 A14 ~#~ A3 A5 A7 A8 ~#~ A8 A10 A13 A14 ~#~ A3 A7 A8 A13 ~#~ A7 A8 A10 A13 ~#~ A7 A8 A13 A14 ~#~ A5 A7 A8 A13 ~#~ A3 A7 A8 A14 ~#~ A5 A8 A13 A14 ~#~ A3 A8 A13 A14 ~#~ A5 A8 A10 A14 ~#~ A3 A5 A7 A8 A13 ~#~ A7 A8 A10 A13 A14 ~#~ A3 A7 A8 A13 A14 ~#~ A3 A5 A7 A8 A14 ~#~ A5 A7 A8 A13 A14 ~#~ A3 A5 A8 A14 ~#~ A3 A5 A7 A8 A13 A14 ~#~ A2 A3 A5 A7 A8 ~#~ A5 A7 A8 A10 A13 ~#~ A2 A3 A5 A7 A8 A13 ~#~ A2 A5 A7 A8 A14 ~#~ 
*********************************************************************************
We remove max(NOISE,minNoise) groups, NOISE=1.0% -> 7, minNoise=3 we remove groups of size 7. Tree SHAP num of expl. inst. 621 (fold 7). Explaining class: 1).
Lower threshold thrL: 0.1 upper threshold thrU: 0.8 with step: 0.1
								--------------
									Fold  7
								--------------
--------------
Threshold: 0,10
--------------
	A8: 561
	A14: 47
	A3: 11
--------------
Threshold: 0,20
--------------
	A8: 561
	A14: 47
	A3: 11
--------------
Threshold: 0,30
--------------
	A8: 522
	A14: 41
	A5 | A8: 16
	A8 | A14: 13
	A3 | A8: 10
--------------
Threshold: 0,40
--------------
	A8: 299
	A8 | A14: 127
	A5 | A8: 63
	A8 | A10: 36
	A8 | A13: 30
	A3 | A8: 25
	A7 | A8: 15
	A4 | A8: 8
--------------
Threshold: 0,50
--------------
	A8 | A14: 183
	A8: 89
	A5 | A8: 75
	A8 | A10: 57
	A7 | A8: 38
	A8 | A13: 35
	A3 | A8: 26
	A2 | A8: 23
	A5 | A8 | A14: 11
	A6 | A8: 8
--------------
Threshold: 0,60
--------------
	A8 | A14: 134
	A7 | A8: 39
	A5 | A8 | A14: 37
	A5 | A7 | A8: 30
	A8 | A10: 27
	A8 | A10 | A14: 27
	A5 | A8: 26
	A8 | A10 | A13: 23
	A7 | A8 | A14: 20
	A7 | A8 | A13: 17
	A2 | A8: 16
	A5 | A8 | A10: 15
	A8 | A13: 14
	A2 | A7 | A8: 13
	A3 | A5 | A8: 9
	A3 | A8 | A14: 9
	A6 | A8: 8
	A2 | A5 | A8: 8
--------------
Threshold: 0,70
--------------
	A8 | A10 | A14: 55
	A8 | A14: 37
	A5 | A8 | A14: 29
	A5 | A7 | A8 | A14: 26
	A7 | A8 | A14: 24
	A5 | A7 | A8: 21
	A7 | A8 | A13: 21
	A2 | A5 | A7 | A8: 15
	A5 | A8 | A10 | A14: 14
	A7 | A8 | A13 | A14: 13
	A7 | A8 | A10 | A13: 13
	A8 | A10 | A13: 11
	A5 | A8 | A10 | A13: 11
	A7 | A8 | A10: 11
	A5 | A7 | A8 | A13: 9
	A3 | A7 | A8: 9
	A3 | A7 | A8 | A13: 9
	A6 | A8 | A14: 9
	A2 | A7 | A8: 9
	A7 | A8 | A10 | A14: 8
--------------
Threshold: 0,80
--------------
	A7 | A8 | A10 | A14: 22
	A7 | A8 | A10 | A13 | A14: 18
	A8 | A10 | A13 | A14: 17
	A5 | A7 | A8 | A14: 16
	A5 | A7 | A8 | A10 | A14: 15
	A2 | A5 | A7 | A8 | A13: 14
	A5 | A7 | A8 | A13 | A14: 14
	A7 | A8 | A13 | A14: 13
	A8 | A10 | A14: 11
	A5 | A7 | A8 | A10 | A13: 11
	A3 | A7 | A8 | A13 | A14: 11
	A3 | A5 | A7 | A8 | A13: 10
	A3 | A7 | A8 | A14: 10
	A7 | A8 | A10 | A13: 10
	A5 | A7 | A8 | A13: 9
	A2 | A3 | A7 | A8 | A13: 9
	A2 | A3 | A7 | A8 | A14: 8
	A4 | A5 | A7 | A8 | A13: 8
*********************************************************************************
All potential concepts based on thresholds
	A5 A8 ~#~ A8 A14 ~#~ A3 A8 ~#~ A8 A10 ~#~ A8 A13 ~#~ A7 A8 ~#~ A4 A8 ~#~ A2 A8 ~#~ A5 A8 A14 ~#~ A6 A8 ~#~ A5 A7 A8 ~#~ A8 A10 A14 ~#~ A8 A10 A13 ~#~ A7 A8 A14 ~#~ A7 A8 A13 ~#~ A5 A8 A10 ~#~ A2 A7 A8 ~#~ A3 A5 A8 ~#~ A3 A8 A14 ~#~ A2 A5 A8 ~#~ A5 A7 A8 A14 ~#~ A2 A5 A7 A8 ~#~ A5 A8 A10 A14 ~#~ A7 A8 A13 A14 ~#~ A7 A8 A10 A13 ~#~ A5 A8 A10 A13 ~#~ A7 A8 A10 ~#~ A5 A7 A8 A13 ~#~ A3 A7 A8 ~#~ A3 A7 A8 A13 ~#~ A6 A8 A14 ~#~ A7 A8 A10 A14 ~#~ A7 A8 A10 A13 A14 ~#~ A8 A10 A13 A14 ~#~ A5 A7 A8 A10 A14 ~#~ A2 A5 A7 A8 A13 ~#~ A5 A7 A8 A13 A14 ~#~ A5 A7 A8 A10 A13 ~#~ A3 A7 A8 A13 A14 ~#~ A3 A5 A7 A8 A13 ~#~ A3 A7 A8 A14 ~#~ A2 A3 A7 A8 A13 ~#~ A2 A3 A7 A8 A14 ~#~ A4 A5 A7 A8 A13 ~#~ 
*********************************************************************************
We remove max(NOISE,minNoise) groups, NOISE=1.0% -> 7, minNoise=3 we remove groups of size 7. Tree SHAP num of expl. inst. 621 (fold 8). Explaining class: 1).
Lower threshold thrL: 0.1 upper threshold thrU: 0.8 with step: 0.1
								--------------
									Fold  8
								--------------
--------------
Threshold: 0,10
--------------
	A8: 600
	A3: 14
--------------
Threshold: 0,20
--------------
	A8: 600
	A3: 14
--------------
Threshold: 0,30
--------------
	A8: 550
	A8 | A14: 15
	A8 | A13: 15
	A3: 12
	A3 | A8: 11
	A5 | A8: 10
--------------
Threshold: 0,40
--------------
	A8: 299
	A8 | A14: 98
	A5 | A8: 51
	A8 | A13: 48
	A8 | A10: 39
	A3 | A8: 34
	A7 | A8: 31
	A2 | A8: 9
--------------
Threshold: 0,50
--------------
	A8 | A14: 110
	A7 | A8: 94
	A8: 82
	A8 | A10: 51
	A5 | A8: 49
	A8 | A13: 48
	A3 | A8: 43
	A2 | A8: 25
	A7 | A8 | A13: 18
	A5 | A8 | A14: 11
	A5 | A8 | A13: 9
	A8 | A13 | A14: 8
	A3 | A8 | A13: 8
--------------
Threshold: 0,60
--------------
	A7 | A8: 51
	A8 | A14: 51
	A7 | A8 | A13: 41
	A8 | A10 | A14: 39
	A5 | A8 | A14: 36
	A3 | A8: 32
	A2 | A7 | A8: 27
	A5 | A8: 23
	A3 | A7 | A8: 22
	A3 | A8 | A13: 22
	A5 | A7 | A8: 16
	A8 | A10: 15
	A8 | A13: 15
	A2 | A8: 12
	A5 | A8 | A13: 11
	A7 | A8 | A10: 11
	A5 | A8 | A10: 9
	A8 | A10 | A13: 9
	A7 | A8 | A14: 9
	A2 | A8 | A14: 9
	A2 | A8 | A13: 9
	A3 | A8 | A14: 9
--------------
Threshold: 0,70
--------------
	A8 | A10 | A14: 36
	A3 | A7 | A8: 35
	A3 | A7 | A8 | A13: 27
	A5 | A8 | A14: 20
	A5 | A7 | A8 | A13: 18
	A2 | A3 | A7 | A8: 18
	A5 | A7 | A8 | A14: 13
	A5 | A7 | A8: 13
	A5 | A8 | A10 | A14: 13
	A2 | A7 | A8: 13
	A5 | A8 | A13: 12
	A7 | A8 | A14: 12
	A7 | A8 | A10 | A14: 12
	A2 | A5 | A7 | A8: 12
	A2 | A7 | A8 | A13: 10
	A5 | A8 | A13 | A14: 10
	A2 | A5 | A8 | A13: 9
	A7 | A8 | A13: 9
	A7 | A8 | A10 | A13: 9
	A3 | A5 | A6 | A8: 9
	A7 | A8 | A13 | A14: 8
	A3 | A7 | A8 | A14: 8
--------------
Threshold: 0,80
--------------
	A3 | A7 | A8 | A13 | A14: 22
	A3 | A5 | A7 | A8 | A13: 20
	A2 | A3 | A7 | A8 | A13: 19
	A5 | A7 | A8 | A13 | A14: 16
	A7 | A8 | A10 | A13 | A14: 15
	A3 | A7 | A8 | A13: 15
	A5 | A7 | A8 | A10 | A14: 12
	A2 | A5 | A7 | A8 | A13: 12
	A2 | A3 | A5 | A7 | A8: 11
	A3 | A7 | A8 | A10 | A14: 11
	A3 | A5 | A7 | A8 | A13 | A14: 11
	A2 | A7 | A8 | A13 | A14: 10
	A2 | A3 | A5 | A7 | A8 | A13: 10
	A7 | A8 | A10 | A14: 10
	A2 | A3 | A7 | A8 | A14: 10
	A5 | A7 | A8 | A9 | A10 | A14: 9
	A3 | A5 | A8 | A13 | A14: 9
	A2 | A5 | A8 | A13 | A14: 8
*********************************************************************************
All potential concepts based on thresholds
	A8 A14 ~#~ A8 A13 ~#~ A3 A8 ~#~ A5 A8 ~#~ A8 A10 ~#~ A7 A8 ~#~ A2 A8 ~#~ A7 A8 A13 ~#~ A5 A8 A14 ~#~ A5 A8 A13 ~#~ A8 A13 A14 ~#~ A3 A8 A13 ~#~ A8 A10 A14 ~#~ A2 A7 A8 ~#~ A3 A7 A8 ~#~ A5 A7 A8 ~#~ A7 A8 A10 ~#~ A5 A8 A10 ~#~ A8 A10 A13 ~#~ A7 A8 A14 ~#~ A2 A8 A14 ~#~ A2 A8 A13 ~#~ A3 A8 A14 ~#~ A3 A7 A8 A13 ~#~ A5 A7 A8 A13 ~#~ A2 A3 A7 A8 ~#~ A5 A7 A8 A14 ~#~ A5 A8 A10 A14 ~#~ A7 A8 A10 A14 ~#~ A2 A5 A7 A8 ~#~ A2 A7 A8 A13 ~#~ A5 A8 A13 A14 ~#~ A2 A5 A8 A13 ~#~ A7 A8 A10 A13 ~#~ A3 A5 A6 A8 ~#~ A7 A8 A13 A14 ~#~ A3 A7 A8 A14 ~#~ A3 A7 A8 A13 A14 ~#~ A3 A5 A7 A8 A13 ~#~ A2 A3 A7 A8 A13 ~#~ A5 A7 A8 A13 A14 ~#~ A7 A8 A10 A13 A14 ~#~ A5 A7 A8 A10 A14 ~#~ A2 A5 A7 A8 A13 ~#~ A2 A3 A5 A7 A8 ~#~ A3 A7 A8 A10 A14 ~#~ A3 A5 A7 A8 A13 A14 ~#~ A2 A7 A8 A13 A14 ~#~ A2 A3 A5 A7 A8 A13 ~#~ A2 A3 A7 A8 A14 ~#~ A5 A7 A8 A9 A10 A14 ~#~ A3 A5 A8 A13 A14 ~#~ A2 A5 A8 A13 A14 ~#~ 
*********************************************************************************
We remove max(NOISE,minNoise) groups, NOISE=1.0% -> 7, minNoise=3 we remove groups of size 7. Tree SHAP num of expl. inst. 621 (fold 9). Explaining class: 1).
Lower threshold thrL: 0.1 upper threshold thrU: 0.8 with step: 0.1
								--------------
									Fold  9
								--------------
--------------
Threshold: 0,10
--------------
	A8: 605
	A3: 14
--------------
Threshold: 0,20
--------------
	A8: 605
	A3: 14
--------------
Threshold: 0,30
--------------
	A8: 583
	A8 | A13: 12
	A3: 10
	A3 | A8: 8
--------------
Threshold: 0,40
--------------
	A8: 400
	A8 | A14: 70
	A5 | A8: 51
	A8 | A13: 43
	A3 | A8: 38
	A8 | A10: 9
--------------
Threshold: 0,50
--------------
	A8: 147
	A8 | A14: 122
	A5 | A8: 96
	A8 | A13: 77
	A3 | A8: 72
	A8 | A10: 31
	A7 | A8: 12
	A4 | A8: 11
	A5 | A8 | A14: 8
--------------
Threshold: 0,60
--------------
	A3 | A8: 74
	A8 | A14: 73
	A5 | A8: 72
	A8 | A13: 51
	A5 | A8 | A14: 40
	A5 | A8 | A13: 29
	A3 | A5 | A8: 26
	A7 | A8: 25
	A8 | A10: 22
	A8 | A10 | A14: 17
	A8 | A13 | A14: 16
	A7 | A8 | A13: 13
	A8: 12
	A3 | A8 | A13: 11
	A8 | A9 | A14: 10
	A5 | A7 | A8: 10
	A4 | A5 | A8: 10
	A8 | A10 | A13: 9
	A4 | A8: 9
	A5 | A8 | A10: 8
--------------
Threshold: 0,70
--------------
	A8 | A10 | A14: 46
	A3 | A5 | A8: 43
	A5 | A8 | A14: 39
	A3 | A8 | A13: 32
	A5 | A7 | A8: 23
	A3 | A8: 21
	A7 | A8 | A13: 21
	A5 | A8 | A13: 20
	A8 | A10 | A13: 18
	A3 | A7 | A8: 14
	A8 | A13 | A14: 13
	A5 | A8 | A13 | A14: 12
	A4 | A5 | A8: 11
	A5 | A7 | A8 | A14: 10
	A3 | A8 | A13 | A14: 10
	A5 | A7 | A8 | A13: 9
	A5 | A8 | A9 | A13: 9
	A3 | A4 | A8: 9
	A3 | A8 | A14: 9
	A3 | A5 | A8 | A14: 8
	A5 | A8 | A10: 8
	A7 | A8 | A14: 8
--------------
Threshold: 0,80
--------------
	A3 | A5 | A7 | A8: 28
	A3 | A5 | A7 | A8 | A13: 24
	A3 | A7 | A8 | A13: 23
	A7 | A8 | A10 | A14: 15
	A5 | A7 | A8 | A10 | A14: 13
	A7 | A8 | A10 | A13 | A14: 12
	A3 | A4 | A5 | A8 | A13: 12
	A5 | A8 | A10 | A14: 12
	A5 | A7 | A8 | A13: 11
	A5 | A7 | A8 | A14: 11
	A3 | A5 | A8 | A14: 11
	A5 | A8 | A13 | A14: 11
	A3 | A5 | A8 | A13: 10
	A3 | A4 | A5 | A8: 10
	A5 | A7 | A8 | A13 | A14: 10
	A8 | A10 | A13 | A14: 10
	A5 | A8 | A9 | A13 | A14: 10
	A5 | A8 | A10 | A13 | A14: 10
	A3 | A4 | A8 | A13: 9
	A7 | A8 | A13 | A14: 8
*********************************************************************************
All potential concepts based on thresholds
	A8 A13 ~#~ A3 A8 ~#~ A8 A14 ~#~ A5 A8 ~#~ A8 A10 ~#~ A7 A8 ~#~ A4 A8 ~#~ A5 A8 A14 ~#~ A5 A8 A13 ~#~ A3 A5 A8 ~#~ A8 A10 A14 ~#~ A8 A13 A14 ~#~ A7 A8 A13 ~#~ A3 A8 A13 ~#~ A8 A9 A14 ~#~ A5 A7 A8 ~#~ A4 A5 A8 ~#~ A8 A10 A13 ~#~ A5 A8 A10 ~#~ A3 A7 A8 ~#~ A5 A8 A13 A14 ~#~ A5 A7 A8 A14 ~#~ A3 A8 A13 A14 ~#~ A5 A7 A8 A13 ~#~ A5 A8 A9 A13 ~#~ A3 A4 A8 ~#~ A3 A8 A14 ~#~ A3 A5 A8 A14 ~#~ A7 A8 A14 ~#~ A3 A5 A7 A8 ~#~ A3 A5 A7 A8 A13 ~#~ A3 A7 A8 A13 ~#~ A7 A8 A10 A14 ~#~ A5 A7 A8 A10 A14 ~#~ A7 A8 A10 A13 A14 ~#~ A3 A4 A5 A8 A13 ~#~ A5 A8 A10 A14 ~#~ A3 A5 A8 A13 ~#~ A3 A4 A5 A8 ~#~ A5 A7 A8 A13 A14 ~#~ A8 A10 A13 A14 ~#~ A5 A8 A9 A13 A14 ~#~ A5 A8 A10 A13 A14 ~#~ A3 A4 A8 A13 ~#~ A7 A8 A13 A14 ~#~ 
*********************************************************************************
We remove max(NOISE,minNoise) groups, NOISE=1.0% -> 7, minNoise=3 we remove groups of size 7. Tree SHAP num of expl. inst. 621 (fold 10). Explaining class: 1).
Lower threshold thrL: 0.1 upper threshold thrU: 0.8 with step: 0.1
								--------------
									Fold 10
								--------------
--------------
Threshold: 0,10
--------------
	A8: 591
	A14: 13
	A3: 9
	A5: 8
--------------
Threshold: 0,20
--------------
	A8: 591
	A14: 13
	A3: 9
	A5: 8
--------------
Threshold: 0,30
--------------
	A8: 490
	A5 | A8: 41
	A8 | A14: 35
	A3 | A8: 12
	A7 | A8: 10
	A8 | A13: 9
--------------
Threshold: 0,40
--------------
	A8: 237
	A8 | A14: 89
	A5 | A8: 87
	A7 | A8: 72
	A8 | A10: 41
	A8 | A13: 31
	A2 | A8: 26
	A3 | A8: 25
--------------
Threshold: 0,50
--------------
	A7 | A8: 133
	A5 | A8: 84
	A8 | A14: 81
	A8: 48
	A8 | A10: 44
	A8 | A13: 33
	A3 | A8: 25
	A5 | A8 | A14: 21
	A2 | A8: 17
	A7 | A8 | A13: 14
	A5 | A7 | A8: 12
	A2 | A7 | A8: 11
	A5 | A8 | A13: 10
	A3 | A7 | A8: 9
	A2 | A5 | A8: 9
	A8 | A10 | A14: 8
--------------
Threshold: 0,60
--------------
	A7 | A8: 62
	A5 | A7 | A8: 46
	A8 | A10 | A14: 42
	A7 | A8 | A13: 37
	A8 | A14: 34
	A5 | A8 | A14: 29
	A7 | A8 | A10: 26
	A7 | A8 | A14: 22
	A5 | A8: 20
	A2 | A7 | A8: 20
	A5 | A8 | A13: 19
	A5 | A8 | A10: 15
	A8 | A10: 14
	A3 | A5 | A8: 13
	A3 | A8 | A13: 12
	A5 | A7 | A8 | A13: 11
	A3 | A7 | A8: 11
	A3 | A8: 10
	A8 | A13: 10
	A8 | A10 | A13: 8
	A2 | A5 | A8: 8
	A2 | A8 | A13: 8
	A2 | A5 | A7 | A8: 8
--------------
Threshold: 0,70
--------------
	A7 | A8 | A14: 27
	A8 | A10 | A14: 24
	A7 | A8 | A10 | A14: 24
	A3 | A7 | A8 | A13: 22
	A5 | A7 | A8: 21
	A7 | A8 | A13: 21
	A5 | A7 | A8 | A13: 20
	A2 | A5 | A7 | A8: 20
	A7 | A8 | A10 | A13: 18
	A3 | A7 | A8: 17
	A5 | A7 | A8 | A14: 16
	A7 | A8 | A13 | A14: 15
	A2 | A7 | A8 | A13: 15
	A5 | A8 | A14: 13
	A2 | A7 | A8: 12
	A5 | A8 | A10 | A14: 11
	A2 | A3 | A7 | A8: 11
	A3 | A5 | A7 | A8: 9
	A8 | A10 | A13 | A14: 9
	A7 | A8: 8
	A7 | A8 | A10: 8
--------------
Threshold: 0,80
--------------
	A7 | A8 | A10 | A13 | A14: 27
	A7 | A8 | A10 | A14: 25
	A2 | A5 | A7 | A8 | A13: 17
	A3 | A7 | A8 | A13 | A14: 16
	A2 | A3 | A5 | A7 | A8 | A13: 13
	A2 | A3 | A7 | A8 | A13: 13
	A2 | A7 | A8 | A10 | A13: 12
	A3 | A5 | A7 | A8 | A13: 12
	A7 | A8 | A10 | A13: 12
	A5 | A7 | A8 | A14: 11
	A2 | A7 | A8 | A13 | A14: 9
	A2 | A3 | A5 | A7 | A8: 9
	A5 | A7 | A8 | A13 | A14: 9
	A5 | A7 | A8 | A10 | A14: 8
*********************************************************************************
All potential concepts based on thresholds
	A5 A8 ~#~ A8 A14 ~#~ A3 A8 ~#~ A7 A8 ~#~ A8 A13 ~#~ A8 A10 ~#~ A2 A8 ~#~ A5 A8 A14 ~#~ A7 A8 A13 ~#~ A5 A7 A8 ~#~ A2 A7 A8 ~#~ A5 A8 A13 ~#~ A3 A7 A8 ~#~ A2 A5 A8 ~#~ A8 A10 A14 ~#~ A7 A8 A10 ~#~ A7 A8 A14 ~#~ A5 A8 A10 ~#~ A3 A5 A8 ~#~ A3 A8 A13 ~#~ A5 A7 A8 A13 ~#~ A8 A10 A13 ~#~ A2 A8 A13 ~#~ A2 A5 A7 A8 ~#~ A7 A8 A10 A14 ~#~ A3 A7 A8 A13 ~#~ A7 A8 A10 A13 ~#~ A5 A7 A8 A14 ~#~ A7 A8 A13 A14 ~#~ A2 A7 A8 A13 ~#~ A5 A8 A10 A14 ~#~ A2 A3 A7 A8 ~#~ A3 A5 A7 A8 ~#~ A8 A10 A13 A14 ~#~ A7 A8 A10 A13 A14 ~#~ A2 A5 A7 A8 A13 ~#~ A3 A7 A8 A13 A14 ~#~ A2 A3 A5 A7 A8 A13 ~#~ A2 A3 A7 A8 A13 ~#~ A2 A7 A8 A10 A13 ~#~ A3 A5 A7 A8 A13 ~#~ A2 A7 A8 A13 A14 ~#~ A2 A3 A5 A7 A8 ~#~ A5 A7 A8 A13 A14 ~#~ A5 A7 A8 A10 A14 ~#~ 
*********************************************************************************
