dataset: rLinear.arff
--------------
Threshold: 0,10
--------------
	A3: 638
	A2: 313
	A1: 49
--------------
Threshold: 0,20
--------------
	A3: 638
	A2: 313
	A1: 49
--------------
Threshold: 0,30
--------------
	A3: 638
	A2: 313
	A1: 49
--------------
Threshold: 0,40
--------------
	A3: 625
	A2: 298
	A1: 40
	A2 | A3: 20
--------------
Threshold: 0,50
--------------
	A3: 504
	A2 | A3: 204
	A2: 200
	A1 | A2: 39
	A1 | A3: 32
	A1: 21
--------------
Threshold: 0,60
--------------
	A2 | A3: 446
	A3: 305
	A2: 96
	A1 | A2: 75
	A1 | A3: 70
--------------
Threshold: 0,70
--------------
	A2 | A3: 582
	A3: 145
	A1 | A3: 115
	A1 | A2: 104
	A2: 40
	A1 | A2 | A3: 13
--------------
Threshold: 0,80
--------------
	A2 | A3: 537
	A1 | A2 | A3: 173
	A1 | A3: 139
	A1 | A2: 91
	A3: 49
	A2: 11
*********************************************************************************
All potential concepts based on thresholds
	A2 A3 ~#~ A1 A2 ~#~ A1 A3 ~#~ A1 A2 A3 ~#~ 
*********************************************************************************
--------------
Threshold: 0,10
--------------
	A3: 627
	A2: 325
	A1: 48
--------------
Threshold: 0,20
--------------
	A3: 627
	A2: 325
	A1: 48
--------------
Threshold: 0,30
--------------
	A3: 627
	A2: 325
	A1: 48
--------------
Threshold: 0,40
--------------
	A3: 608
	A2: 307
	A1: 41
	A2 | A3: 26
--------------
Threshold: 0,50
--------------
	A3: 479
	A2 | A3: 213
	A2: 202
	A1 | A3: 43
	A1 | A2: 39
	A1: 24
--------------
Threshold: 0,60
--------------
	A2 | A3: 429
	A3: 292
	A2: 100
	A1 | A3: 95
	A1 | A2: 77
--------------
Threshold: 0,70
--------------
	A2 | A3: 562
	A1 | A3: 143
	A3: 130
	A1 | A2: 101
	A2: 46
	A1 | A2 | A3: 14
--------------
Threshold: 0,80
--------------
	A2 | A3: 501
	A1 | A2 | A3: 207
	A1 | A3: 142
	A1 | A2: 83
	A3: 50
	A2: 15
*********************************************************************************
All potential concepts based on thresholds
	A2 A3 ~#~ A1 A3 ~#~ A1 A2 ~#~ A1 A2 A3 ~#~ 
*********************************************************************************
