dataset: cConcepts-uniqueInst.arff
*********************************************************************************
All potential concepts based on thresholds
	A1 A3 A5 ~#~ A1 A2 A3 ~#~ A3 A4 A5 ~#~ A1 A4 A5 ~#~ A2 A3 A4 ~#~ A2 A4 A5 ~#~ A1 A2 A4 ~#~ A1 A3 A4 ~#~ A2 A3 A5 ~#~ 
*********************************************************************************
*********************************************************************************
All potential concepts based on thresholds
	A1 A2 A5 ~#~ A1 A3 A4 ~#~ A1 A2 A4 ~#~ A1 A2 A3 ~#~ A2 A3 A5 ~#~ A3 A4 A5 ~#~ A2 A3 A4 ~#~ A1 A3 A5 ~#~ A2 A4 A5 ~#~ 
*********************************************************************************
*********************************************************************************
All potential concepts based on thresholds
	A3 A4 A5 ~#~ A2 A3 A4 ~#~ A1 A2 A4 ~#~ A1 A3 A5 ~#~ A2 A3 A5 ~#~ A2 A4 A5 ~#~ A1 A3 A4 ~#~ A1 A2 A5 ~#~ A1 A4 A5 ~#~ 
*********************************************************************************
*********************************************************************************
All potential concepts based on thresholds
	A1 A4 A5 ~#~ A2 A3 A4 ~#~ A3 A4 A5 ~#~ A2 A3 A5 ~#~ A1 A3 A5 ~#~ A1 A2 A3 ~#~ A1 A3 A4 ~#~ A1 A2 A4 ~#~ A2 A4 A5 ~#~ 
*********************************************************************************
*********************************************************************************
All potential concepts based on thresholds
	A1 A3 A4 ~#~ A1 A2 A3 ~#~ A2 A4 A5 ~#~ A1 A4 A5 ~#~ A1 A3 A5 ~#~ A1 A2 A4 ~#~ A2 A3 A4 ~#~ A1 A2 A5 ~#~ A3 A4 A5 ~#~ 
*********************************************************************************
*********************************************************************************
All potential concepts based on thresholds
	A1 A4 A5 ~#~ A1 A3 A5 ~#~ A1 A2 A4 ~#~ A2 A3 A5 ~#~ A3 A4 A5 ~#~ A1 A2 A5 ~#~ A2 A4 A5 ~#~ A1 A3 A4 ~#~ A1 A2 A3 ~#~ 
*********************************************************************************
*********************************************************************************
All potential concepts based on thresholds
	A1 A3 A5 ~#~ A1 A3 A4 ~#~ A1 A2 A3 ~#~ A2 A4 A5 ~#~ A2 A3 A5 ~#~ A3 A4 A5 ~#~ A1 A4 A5 ~#~ A1 A2 A4 ~#~ A2 A3 A4 ~#~ 
*********************************************************************************
*********************************************************************************
All potential concepts based on thresholds
	A1 A4 A5 ~#~ A2 A3 A4 ~#~ A2 A3 A5 ~#~ A1 A3 A4 ~#~ A1 A3 A5 ~#~ A2 A4 A5 ~#~ A1 A2 A3 ~#~ A1 A2 A4 ~#~ A3 A4 A5 ~#~ 
*********************************************************************************
*********************************************************************************
All potential concepts based on thresholds
	A1 A3 A5 ~#~ A2 A3 A4 ~#~ A1 A3 A4 ~#~ A1 A2 A5 ~#~ A1 A4 A5 ~#~ A1 A2 A3 ~#~ A2 A3 A5 ~#~ A2 A4 A5 ~#~ A3 A4 A5 ~#~ 
*********************************************************************************
*********************************************************************************
All potential concepts based on thresholds
	A1 A4 A5 ~#~ A1 A3 A5 ~#~ A2 A3 A4 ~#~ A1 A2 A5 ~#~ A1 A2 A4 ~#~ A2 A3 A5 ~#~ A2 A4 A5 ~#~ A3 A4 A5 ~#~ A1 A3 A4 ~#~ 
*********************************************************************************
dataset: cLogicalConcB-uniqueInst.arff
*********************************************************************************
All potential concepts based on thresholds
	A2 A3 A5 ~#~ A3 A5 A6 ~#~ A1 A4 A5 ~#~ A1 A3 A4 ~#~ A3 A4 A5 ~#~ A1 A2 A3 ~#~ A2 A4 A6 ~#~ A1 A4 A7 ~#~ A1 A3 A6 ~#~ 
*********************************************************************************
*********************************************************************************
All potential concepts based on thresholds
	A1 A4 A6 ~#~ A1 A2 A3 ~#~ A3 A4 A5 ~#~ A1 A5 A7 ~#~ A1 A3 A7 ~#~ A5 A6 A7 ~#~ A1 A4 A5 ~#~ A3 A6 A7 ~#~ A4 A5 A6 ~#~ 
*********************************************************************************
*********************************************************************************
All potential concepts based on thresholds
	A1 A3 A4 ~#~ A1 A3 A7 ~#~ A3 A4 A6 ~#~ A1 A2 A6 ~#~ A2 A3 A4 ~#~ A1 A2 A7 ~#~ A1 A3 A5 ~#~ A1 A5 A6 ~#~ A1 A2 A3 ~#~ 
*********************************************************************************
*********************************************************************************
All potential concepts based on thresholds
	A4 A5 A7 ~#~ A1 A5 A7 ~#~ A1 A3 A6 ~#~ A2 A4 A5 ~#~ A2 A3 A7 ~#~ A1 A2 A4 ~#~ A2 A5 A7 ~#~ A2 A4 A6 ~#~ A4 A6 A7 ~#~ 
*********************************************************************************
*********************************************************************************
All potential concepts based on thresholds
	A1 A2 A4 ~#~ A3 A5 A7 ~#~ A1 A4 A7 ~#~ A2 A4 A6 ~#~ A1 A4 A6 ~#~ A3 A4 A5 ~#~ A1 A3 A7 ~#~ A2 A3 A7 ~#~ A1 A5 A6 ~#~ 
*********************************************************************************
*********************************************************************************
All potential concepts based on thresholds
	A1 A2 A4 ~#~ A3 A6 A7 ~#~ A1 A2 A5 ~#~ A1 A2 A6 ~#~ A1 A3 A4 ~#~ A2 A6 A7 ~#~ A4 A5 A7 ~#~ A2 A4 A6 ~#~ A3 A5 A7 ~#~ 
*********************************************************************************
*********************************************************************************
All potential concepts based on thresholds
	A2 A4 A7 ~#~ A1 A2 A5 ~#~ A2 A6 A7 ~#~ A4 A5 A7 ~#~ A1 A2 A6 ~#~ A1 A3 A5 ~#~ A2 A5 A7 ~#~ A2 A5 A6 ~#~ A1 A5 A6 ~#~ 
*********************************************************************************
*********************************************************************************
All potential concepts based on thresholds
	A2 A5 A7 ~#~ A1 A2 A6 ~#~ A2 A4 A7 ~#~ A2 A6 A7 ~#~ A1 A4 A5 ~#~ A2 A4 A5 ~#~ A3 A4 A5 ~#~ A2 A3 A4 ~#~ A1 A4 A7 ~#~ 
*********************************************************************************
*********************************************************************************
All potential concepts based on thresholds
	A4 A6 A7 ~#~ A2 A3 A4 ~#~ A2 A6 A7 ~#~ A4 A5 A7 ~#~ A1 A6 A7 ~#~ A1 A5 A7 ~#~ A1 A2 A6 ~#~ A2 A3 A5 ~#~ A1 A2 A4 ~#~ 
*********************************************************************************
*********************************************************************************
All potential concepts based on thresholds
	A1 A3 A4 ~#~ A1 A2 A6 ~#~ A1 A5 A6 ~#~ A1 A2 A5 ~#~ A2 A5 A6 ~#~ A4 A5 A6 ~#~ A3 A6 A7 ~#~ A1 A2 A7 ~#~ A1 A3 A5 ~#~ 
*********************************************************************************
