dataset: Glass.arff
We remove max(NOISE,minNoise) groups, NOISE=1.0% -> 2, minNoise=3 we remove groups of size 3. Tree SHAP num of expl. inst. 192 (fold 1). Explaining class: headlamps).
Lower threshold thrL: 0.1 upper threshold thrU: 0.8 with step: 0.1
								--------------
									Fold  1
								--------------
--------------
Threshold: 0,10
--------------
	Mg: 146
	Ba: 28
	RI: 11
	Na: 7
--------------
Threshold: 0,20
--------------
	Mg: 118
	Ca | Ba: 28
	Mg | Ba: 27
	RI: 11
	Na | Mg: 6
--------------
Threshold: 0,30
--------------
	Mg: 81
	Mg | Ba: 48
	Ca | Ba: 28
	Na | Mg: 19
	RI: 8
--------------
Threshold: 0,40
--------------
	Mg | Ba: 55
	Mg | Ca | Ba: 43
	Ca | Ba | Fe: 28
	Mg: 23
	Na | Mg: 19
	Na | Mg | Ba: 10
	RI | Mg: 10
--------------
Threshold: 0,50
--------------
	Mg | Ca | Ba: 70
	Mg | Ca | Ba | Fe: 33
	Ca | Ba | Fe: 21
	Na | Mg | Ba: 15
	Na | Mg: 10
	Na | Mg | Ca | Ba: 9
	Mg: 8
	K | Ca | Ba | Fe: 7
	RI | Na | Mg: 5
	RI | Mg: 5
--------------
Threshold: 0,60
--------------
	Mg | Ca | Ba | Fe: 98
	K | Ca | Ba | Fe: 28
	Na | Mg | Ca | Ba: 16
	Na | Mg | Ca | Ba | Fe: 9
	Mg | K | Ca | Ba | Fe: 8
	Na | Mg | Ba: 7
	Mg: 6
	RI | Na | Mg | Ba: 6
	RI | Na | Mg: 5
--------------
Threshold: 0,70
--------------
	Mg | K | Ca | Ba | Fe: 104
	Si | K | Ca | Ba | Fe: 28
	Na | Mg | Ca | Ba | Fe: 22
	Na | Mg | K | Ca | Ba | Fe: 6
	RI | Na | Mg | Ca | Ba: 6
	Na | Mg: 5
	Na | Mg | Ca | Ba: 5
	RI | Na | Mg | Ba: 4
--------------
Threshold: 0,80
--------------
	Mg | Si | K | Ca | Ba | Fe: 105
	Na | Mg | K | Ca | Ba | Fe: 28
	Si | K | Ca | Ba | Fe: 26
	RI | Na | Mg | Ca | Ba | Fe: 10
	Na | Mg: 5
	Na | Mg | Ca | Ba | Fe: 5
*********************************************************************************
All potential concepts based on thresholds
	Ca Ba ~#~ Mg Ba ~#~ Na Mg ~#~ Mg Ca Ba ~#~ Ca Ba Fe ~#~ Na Mg Ba ~#~ RI Mg ~#~ Mg Ca Ba Fe ~#~ Na Mg Ca Ba ~#~ K Ca Ba Fe ~#~ RI Na Mg ~#~ Na Mg Ca Ba Fe ~#~ Mg K Ca Ba Fe ~#~ RI Na Mg Ba ~#~ Si K Ca Ba Fe ~#~ Na Mg K Ca Ba Fe ~#~ RI Na Mg Ca Ba ~#~ Mg Si K Ca Ba Fe ~#~ RI Na Mg Ca Ba Fe ~#~ 
*********************************************************************************
We remove max(NOISE,minNoise) groups, NOISE=1.0% -> 2, minNoise=3 we remove groups of size 3. Tree SHAP num of expl. inst. 192 (fold 2). Explaining class: headlamps).
Lower threshold thrL: 0.1 upper threshold thrU: 0.8 with step: 0.1
								--------------
									Fold  2
								--------------
--------------
Threshold: 0,10
--------------
	Mg: 134
	Ba: 54
--------------
Threshold: 0,20
--------------
	Mg: 122
	Ca | Ba: 54
	Mg | Ba: 11
--------------
Threshold: 0,30
--------------
	Mg: 77
	Ca | Ba: 53
	Mg | Ba: 49
	RI | Mg: 9
--------------
Threshold: 0,40
--------------
	Ca | Ba | Fe: 54
	Mg: 44
	Mg | Ba: 41
	Mg | Ca | Ba: 37
	RI | Mg: 7
--------------
Threshold: 0,50
--------------
	Mg | Ca | Ba: 64
	Ca | Ba | Fe: 41
	Mg: 28
	Mg | Ba: 14
	K | Ca | Ba | Fe: 13
	Mg | Ca | Ba | Fe: 12
	RI | Mg: 6
	Na | Mg: 4
--------------
Threshold: 0,60
--------------
	Mg | Ca | Ba | Fe: 64
	K | Ca | Ba | Fe: 53
	Mg | Ca | Ba: 26
	Mg: 20
	Mg | Ba: 5
	RI | Mg | Ca | Ba: 4
	RI | Mg: 4
--------------
Threshold: 0,70
--------------
	Mg | K | Ca | Ba | Fe: 53
	Mg | Ca | Ba | Fe: 38
	K | Ca | Ba | Fe: 34
	Si | K | Ca | Ba | Fe: 20
	Mg: 15
	Mg | Ca | Ba: 4
	RI | Mg | Ca | Ba: 4
	RI | Mg | Ca | Ba | Fe: 4
--------------
Threshold: 0,80
--------------
	Mg | K | Ca | Ba | Fe: 87
	Si | K | Ca | Ba | Fe: 53
	Mg | Si | K | Ca | Ba | Fe: 9
	Na | Mg: 7
	Mg: 6
	RI | Mg | K | Ca | Ba | Fe: 5
	Na | Mg | K | Ca | Ba | Fe: 4
*********************************************************************************
All potential concepts based on thresholds
	Ca Ba ~#~ Mg Ba ~#~ RI Mg ~#~ Ca Ba Fe ~#~ Mg Ca Ba ~#~ K Ca Ba Fe ~#~ Mg Ca Ba Fe ~#~ Na Mg ~#~ RI Mg Ca Ba ~#~ Mg K Ca Ba Fe ~#~ Si K Ca Ba Fe ~#~ RI Mg Ca Ba Fe ~#~ Mg Si K Ca Ba Fe ~#~ RI Mg K Ca Ba Fe ~#~ Na Mg K Ca Ba Fe ~#~ 
*********************************************************************************
We remove max(NOISE,minNoise) groups, NOISE=1.0% -> 2, minNoise=3 we remove groups of size 3. Tree SHAP num of expl. inst. 192 (fold 3). Explaining class: headlamps).
Lower threshold thrL: 0.1 upper threshold thrU: 0.8 with step: 0.1
								--------------
									Fold  3
								--------------
--------------
Threshold: 0,10
--------------
	Mg: 129
	Ba: 48
	RI: 10
	Na: 5
--------------
Threshold: 0,20
--------------
	Mg: 107
	Ca | Ba: 48
	Mg | Ba: 21
	RI: 10
--------------
Threshold: 0,30
--------------
	Mg: 66
	Mg | Ba: 53
	Ca | Ba: 41
	Na | Mg: 10
	Ca | Ba | Fe: 7
	RI | Mg: 7
	RI: 5
--------------
Threshold: 0,40
--------------
	Mg | Ca | Ba: 52
	Ca | Ba | Fe: 47
	Mg | Ba: 34
	Mg: 30
	Na | Mg: 11
	RI | Mg: 9
--------------
Threshold: 0,50
--------------
	Mg | Ca | Ba: 59
	Ca | Ba | Fe: 33
	Mg | Ca | Ba | Fe: 26
	K | Ca | Ba | Fe: 15
	Mg | Ba: 14
	Mg: 10
	Na | Mg: 8
	Na | Mg | Ba: 8
	RI | Na | Mg: 5
	RI | Mg: 4
--------------
Threshold: 0,60
--------------
	Mg | Ca | Ba | Fe: 84
	K | Ca | Ba | Fe: 41
	Mg | Ca | Ba: 15
	Na | Mg | Ca | Ba: 9
	Na | Mg: 9
	Si | K | Ca | Ba | Fe: 7
	RI | Na | Mg: 4
	Na | Mg | Ba: 4
	RI | Na | Mg | Ba: 4
--------------
Threshold: 0,70
--------------
	Mg | K | Ca | Ba | Fe: 78
	Si | K | Ca | Ba | Fe: 32
	Mg | Ca | Ba | Fe: 22
	K | Ca | Ba | Fe: 14
	Na | Mg | Ca | Ba | Fe: 11
	Na | Mg | Ca | Ba: 8
	RI | Na | Mg: 4
	RI | Na | Mg | Ca | Ba: 4
--------------
Threshold: 0,80
--------------
	Mg | K | Ca | Ba | Fe: 72
	Si | K | Ca | Ba | Fe: 40
	Mg | Si | K | Ca | Ba | Fe: 30
	Na | Mg | K | Ca | Ba | Fe: 13
	Na | Si | K | Ca | Ba | Fe: 8
	Na | Mg | Ca | Ba | Fe: 8
	RI | Na | Mg | Ca | Ba | Fe: 6
	RI | Na | Mg | Ca | Ba: 4
*********************************************************************************
All potential concepts based on thresholds
	Ca Ba ~#~ Mg Ba ~#~ Na Mg ~#~ Ca Ba Fe ~#~ RI Mg ~#~ Mg Ca Ba ~#~ Mg Ca Ba Fe ~#~ K Ca Ba Fe ~#~ Na Mg Ba ~#~ RI Na Mg ~#~ Na Mg Ca Ba ~#~ Si K Ca Ba Fe ~#~ RI Na Mg Ba ~#~ Mg K Ca Ba Fe ~#~ Na Mg Ca Ba Fe ~#~ RI Na Mg Ca Ba ~#~ Mg Si K Ca Ba Fe ~#~ Na Mg K Ca Ba Fe ~#~ Na Si K Ca Ba Fe ~#~ RI Na Mg Ca Ba Fe ~#~ 
*********************************************************************************
We remove max(NOISE,minNoise) groups, NOISE=1.0% -> 2, minNoise=3 we remove groups of size 3. Tree SHAP num of expl. inst. 192 (fold 4). Explaining class: headlamps).
Lower threshold thrL: 0.1 upper threshold thrU: 0.8 with step: 0.1
								--------------
									Fold  4
								--------------
--------------
Threshold: 0,10
--------------
	Mg: 130
	Ba: 49
	RI: 12
--------------
Threshold: 0,20
--------------
	Mg: 110
	Ca | Ba: 49
	Mg | Ba: 20
	RI: 10
--------------
Threshold: 0,30
--------------
	Mg: 65
	Mg | Ba: 65
	Ca | Ba: 48
	RI: 4
	RI | Mg: 4
--------------
Threshold: 0,40
--------------
	Mg | Ca | Ba: 59
	Ca | Ba | Fe: 49
	Mg: 44
	Mg | Ba: 26
	RI | Mg: 6
	RI | Ca | Ba: 4
--------------
Threshold: 0,50
--------------
	Mg | Ca | Ba: 69
	Ca | Ba | Fe: 42
	Mg: 24
	Mg | Ba: 18
	Mg | Ca | Ba | Fe: 16
	K | Ca | Ba | Fe: 7
	RI | Mg | Ba: 6
	RI | Mg: 4
--------------
Threshold: 0,60
--------------
	Mg | Ca | Ba | Fe: 84
	K | Ca | Ba | Fe: 48
	Mg | Ca | Ba: 23
	Mg: 12
	RI | Mg | Ca | Ba: 6
	RI | Mg: 6
	RI | Mg | Ba: 4
--------------
Threshold: 0,70
--------------
	Mg | K | Ca | Ba | Fe: 76
	K | Ca | Ba | Fe: 39
	Mg | Ca | Ba | Fe: 31
	Si | K | Ca | Ba | Fe: 10
	Mg: 6
	RI | Mg | Ca | Ba: 6
	RI | Mg | Ca | Ba | Fe: 6
	RI | K | Ca | Ba | Fe: 4
--------------
Threshold: 0,80
--------------
	Mg | K | Ca | Ba | Fe: 91
	Si | K | Ca | Ba | Fe: 47
	Mg | Si | K | Ca | Ba | Fe: 19
	RI | Mg | K | Ca | Ba | Fe: 8
	RI | Mg | Ca | Ba | Fe: 7
	RI | Si | K | Ca | Ba | Fe: 5
*********************************************************************************
All potential concepts based on thresholds
	Ca Ba ~#~ Mg Ba ~#~ RI Mg ~#~ Mg Ca Ba ~#~ Ca Ba Fe ~#~ RI Ca Ba ~#~ Mg Ca Ba Fe ~#~ K Ca Ba Fe ~#~ RI Mg Ba ~#~ RI Mg Ca Ba ~#~ Mg K Ca Ba Fe ~#~ Si K Ca Ba Fe ~#~ RI Mg Ca Ba Fe ~#~ RI K Ca Ba Fe ~#~ Mg Si K Ca Ba Fe ~#~ RI Mg K Ca Ba Fe ~#~ RI Si K Ca Ba Fe ~#~ 
*********************************************************************************
We remove max(NOISE,minNoise) groups, NOISE=1.0% -> 2, minNoise=3 we remove groups of size 3. Tree SHAP num of expl. inst. 193 (fold 5). Explaining class: headlamps).
Lower threshold thrL: 0.1 upper threshold thrU: 0.8 with step: 0.1
								--------------
									Fold  5
								--------------
--------------
Threshold: 0,10
--------------
	Mg: 134
	Ba: 47
	Na: 9
--------------
Threshold: 0,20
--------------
	Mg: 108
	Ca | Ba: 47
	Mg | Ba: 17
	Na | Mg: 5
	Na | Ba: 5
	Na: 4
	RI | Mg: 4
--------------
Threshold: 0,30
--------------
	Mg: 66
	Ca | Ba: 47
	Mg | Ba: 45
	Na | Mg: 14
	RI | Mg: 10
	Na | Ba: 6
--------------
Threshold: 0,40
--------------
	Ca | Ba | Fe: 47
	Mg | Ca | Ba: 39
	Mg | Ba: 36
	Mg: 33
	Na | Mg: 10
	Na | Mg | Ba: 8
	RI | Na | Mg: 6
	Na | Ca | Ba: 6
	RI | Mg | Ba: 4
--------------
Threshold: 0,50
--------------
	Mg | Ca | Ba: 53
	Ca | Ba | Fe: 29
	Mg | Ca | Ba | Fe: 21
	Mg: 18
	K | Ca | Ba | Fe: 18
	Na | Mg: 12
	Na | Mg | Ba: 8
	Mg | Ba: 7
	Na | Mg | Ca | Ba: 7
	Na | Ca | Ba | Fe: 5
	RI | Na | Mg | Ba: 5
--------------
Threshold: 0,60
--------------
	Mg | Ca | Ba | Fe: 70
	K | Ca | Ba | Fe: 47
	Na | Mg | Ca | Ba: 10
	Na | Mg | Ba: 10
	Mg: 9
	Na | Mg: 9
	Mg | Ca | Ba: 8
	Na | Ca | Ba | Fe: 7
	RI | Na | Mg | Ca | Ba: 5
	Na | Mg | Ca | Ba | Fe: 5
--------------
Threshold: 0,70
--------------
	Mg | K | Ca | Ba | Fe: 70
	Si | K | Ca | Ba | Fe: 34
	Na | Mg | Ca | Ba | Fe: 15
	K | Ca | Ba | Fe: 13
	Na | Mg: 11
	Na | Mg | Ca | Ba: 11
	Mg | Ca | Ba | Fe: 10
	Na | K | Ca | Ba | Fe: 7
	RI | Na | Mg | Ca | Ba | Fe: 5
--------------
Threshold: 0,80
--------------
	Mg | Si | K | Ca | Ba | Fe: 66
	Si | K | Ca | Ba | Fe: 38
	Mg | K | Ca | Ba | Fe: 25
	Na | Mg | K | Ca | Ba | Fe: 22
	Na | Si | K | Ca | Ba | Fe: 7
	Na | Mg | Ca | Ba | Fe: 6
	Na | Mg: 5
	RI | Na | Mg | K | Ca | Ba | Fe: 5
	Na | Mg | Ca | Ba: 4
*********************************************************************************
All potential concepts based on thresholds
	Ca Ba ~#~ Mg Ba ~#~ Na Mg ~#~ Na Ba ~#~ RI Mg ~#~ Ca Ba Fe ~#~ Mg Ca Ba ~#~ Na Mg Ba ~#~ RI Na Mg ~#~ Na Ca Ba ~#~ RI Mg Ba ~#~ Mg Ca Ba Fe ~#~ K Ca Ba Fe ~#~ Na Mg Ca Ba ~#~ Na Ca Ba Fe ~#~ RI Na Mg Ba ~#~ RI Na Mg Ca Ba ~#~ Na Mg Ca Ba Fe ~#~ Mg K Ca Ba Fe ~#~ Si K Ca Ba Fe ~#~ Na K Ca Ba Fe ~#~ RI Na Mg Ca Ba Fe ~#~ Mg Si K Ca Ba Fe ~#~ Na Mg K Ca Ba Fe ~#~ Na Si K Ca Ba Fe ~#~ RI Na Mg K Ca Ba Fe ~#~ 
*********************************************************************************
We remove max(NOISE,minNoise) groups, NOISE=1.0% -> 2, minNoise=3 we remove groups of size 3. Tree SHAP num of expl. inst. 193 (fold 6). Explaining class: headlamps).
Lower threshold thrL: 0.1 upper threshold thrU: 0.8 with step: 0.1
								--------------
									Fold  6
								--------------
--------------
Threshold: 0,10
--------------
	Mg: 118
	Ba: 63
	RI: 12
--------------
Threshold: 0,20
--------------
	Mg: 101
	Ca | Ba: 63
	Mg | Ba: 16
	RI: 10
--------------
Threshold: 0,30
--------------
	Mg | Ba: 63
	Ca | Ba: 63
	Mg: 53
	RI | Mg: 8
--------------
Threshold: 0,40
--------------
	Ca | Ba | Fe: 63
	Mg | Ca | Ba: 43
	Mg: 43
	Mg | Ba: 28
	RI | Mg | Ba: 7
	RI | Mg: 5
--------------
Threshold: 0,50
--------------
	Mg | Ca | Ba: 52
	Ca | Ba | Fe: 48
	Mg: 34
	Mg | Ca | Ba | Fe: 16
	K | Ca | Ba | Fe: 15
	Mg | Ba: 11
	RI | Mg | Ba: 7
	RI | Mg | Ca | Ba: 4
--------------
Threshold: 0,60
--------------
	Mg | Ca | Ba | Fe: 67
	K | Ca | Ba | Fe: 63
	Mg: 18
	Mg | Ca | Ba: 12
	Mg | Ba: 12
	RI | Mg | Ca | Ba: 8
	RI | Mg: 4
--------------
Threshold: 0,70
--------------
	Mg | K | Ca | Ba | Fe: 65
	Si | K | Ca | Ba | Fe: 33
	K | Ca | Ba | Fe: 30
	Mg | Ca | Ba | Fe: 16
	Mg | Ca | Ba: 12
	RI | Mg | Ca | Ba | Fe: 11
	Mg: 9
	RI | Mg: 7
--------------
Threshold: 0,80
--------------
	Mg | K | Ca | Ba | Fe: 76
	Si | K | Ca | Ba | Fe: 60
	Mg | Si | K | Ca | Ba | Fe: 18
	RI | Mg | K | Ca | Ba | Fe: 12
	RI | Mg | Ba: 6
	RI | Mg | Ca | Ba: 5
	Mg | Ca | Ba | Fe: 5
*********************************************************************************
All potential concepts based on thresholds
	Ca Ba ~#~ Mg Ba ~#~ RI Mg ~#~ Ca Ba Fe ~#~ Mg Ca Ba ~#~ RI Mg Ba ~#~ Mg Ca Ba Fe ~#~ K Ca Ba Fe ~#~ RI Mg Ca Ba ~#~ Mg K Ca Ba Fe ~#~ Si K Ca Ba Fe ~#~ RI Mg Ca Ba Fe ~#~ Mg Si K Ca Ba Fe ~#~ RI Mg K Ca Ba Fe ~#~ 
*********************************************************************************
We remove max(NOISE,minNoise) groups, NOISE=1.0% -> 2, minNoise=3 we remove groups of size 3. Tree SHAP num of expl. inst. 193 (fold 7). Explaining class: headlamps).
Lower threshold thrL: 0.1 upper threshold thrU: 0.8 with step: 0.1
								--------------
									Fold  7
								--------------
--------------
Threshold: 0,10
--------------
	Ba: 89
	Mg: 86
	RI: 11
	Na: 7
--------------
Threshold: 0,20
--------------
	Ca | Ba: 89
	Mg: 69
	Mg | Ba: 17
	RI: 10
	Na: 4
--------------
Threshold: 0,30
--------------
	Ca | Ba: 86
	Mg | Ba: 42
	Mg: 33
	Na | Mg: 11
	RI | Ba: 7
	RI | Mg: 4
--------------
Threshold: 0,40
--------------
	Ca | Ba | Fe: 89
	Mg | Ca | Ba: 36
	Mg: 20
	Na | Mg: 19
	Mg | Ba: 12
	RI | Ca | Ba: 7
--------------
Threshold: 0,50
--------------
	Ca | Ba | Fe: 52
	K | Ca | Ba | Fe: 37
	Mg | Ca | Ba | Fe: 31
	Na | Mg: 19
	Mg | Ca | Ba: 17
	Na | Mg | Ba: 11
	Mg: 9
	RI | Ca | Ba | Fe: 7
--------------
Threshold: 0,60
--------------
	K | Ca | Ba | Fe: 86
	Mg | Ca | Ba | Fe: 39
	Na | Mg | Ca | Ba: 15
	Na | Mg | Ba: 11
	Mg | K | Ca | Ba | Fe: 9
	Mg: 6
	Na | Mg: 6
	RI | K | Ca | Ba | Fe: 4
--------------
Threshold: 0,70
--------------
	Si | K | Ca | Ba | Fe: 57
	Mg | K | Ca | Ba | Fe: 47
	K | Ca | Ba | Fe: 31
	Na | Mg | Ca | Ba | Fe: 19
	Na | Mg | Ca | Ba: 7
	RI | K | Ca | Ba | Fe: 7
	Na | Mg: 5
	Na | Mg | Ba: 4
	RI | Mg | Ca | Ba | Fe: 4
--------------
Threshold: 0,80
--------------
	Si | K | Ca | Ba | Fe: 75
	Mg | Si | K | Ca | Ba | Fe: 56
	Na | Mg | K | Ca | Ba | Fe: 22
	RI | Si | K | Ca | Ba | Fe: 9
	Na | Mg: 7
	Na | Mg | Ca | Ba | Fe: 7
	Na | Si | K | Ca | Ba | Fe: 6
	RI | Mg | K | Ca | Ba | Fe: 4
*********************************************************************************
All potential concepts based on thresholds
	Ca Ba ~#~ Mg Ba ~#~ Na Mg ~#~ RI Ba ~#~ RI Mg ~#~ Ca Ba Fe ~#~ Mg Ca Ba ~#~ RI Ca Ba ~#~ K Ca Ba Fe ~#~ Mg Ca Ba Fe ~#~ Na Mg Ba ~#~ RI Ca Ba Fe ~#~ Na Mg Ca Ba ~#~ Mg K Ca Ba Fe ~#~ RI K Ca Ba Fe ~#~ Si K Ca Ba Fe ~#~ Na Mg Ca Ba Fe ~#~ RI Mg Ca Ba Fe ~#~ Mg Si K Ca Ba Fe ~#~ Na Mg K Ca Ba Fe ~#~ RI Si K Ca Ba Fe ~#~ Na Si K Ca Ba Fe ~#~ RI Mg K Ca Ba Fe ~#~ 
*********************************************************************************
We remove max(NOISE,minNoise) groups, NOISE=1.0% -> 2, minNoise=3 we remove groups of size 3. Tree SHAP num of expl. inst. 193 (fold 8). Explaining class: headlamps).
Lower threshold thrL: 0.1 upper threshold thrU: 0.8 with step: 0.1
								--------------
									Fold  8
								--------------
--------------
Threshold: 0,10
--------------
	Mg: 139
	Ba: 43
	RI: 11
--------------
Threshold: 0,20
--------------
	Mg: 123
	Ca | Ba: 43
	Mg | Ba: 16
	RI: 11
--------------
Threshold: 0,30
--------------
	Mg | Ba: 85
	Mg: 51
	Ca | Ba: 43
	RI: 7
	RI | Mg: 6
--------------
Threshold: 0,40
--------------
	Mg | Ba: 57
	Mg | Ca | Ba: 46
	Ca | Ba | Fe: 43
	Mg: 33
	RI | Mg: 8
--------------
Threshold: 0,50
--------------
	Mg | Ca | Ba: 93
	Ca | Ba | Fe: 40
	Mg: 25
	Mg | Ca | Ba | Fe: 9
	Mg | Ba: 8
	RI | Mg: 7
	RI | Mg | Ba: 5
--------------
Threshold: 0,60
--------------
	Mg | Ca | Ba | Fe: 99
	K | Ca | Ba | Fe: 43
	Mg: 19
	Mg | Ca | Ba: 14
	RI | Mg | Ca | Ba: 5
	RI | Mg | Ba: 4
	RI | Mg: 4
--------------
Threshold: 0,70
--------------
	Mg | K | Ca | Ba | Fe: 75
	Mg | Ca | Ba | Fe: 38
	K | Ca | Ba | Fe: 26
	Si | K | Ca | Ba | Fe: 17
	Mg: 9
	RI | Mg | Ba: 6
	Mg | Ca | Ba: 5
	RI | Mg | Ca | Ba | Fe: 5
	RI | Mg: 5
	RI | Mg | Ca | Ba: 4
--------------
Threshold: 0,80
--------------
	Mg | K | Ca | Ba | Fe: 114
	Si | K | Ca | Ba | Fe: 42
	Mg: 8
	RI | Mg | Ca | Ba | Fe: 8
	RI | Mg | Ca | Ba: 6
	RI | Mg | K | Ca | Ba | Fe: 5
	Mg | Ca | Ba | Fe: 4
*********************************************************************************
All potential concepts based on thresholds
	Ca Ba ~#~ Mg Ba ~#~ RI Mg ~#~ Mg Ca Ba ~#~ Ca Ba Fe ~#~ Mg Ca Ba Fe ~#~ RI Mg Ba ~#~ K Ca Ba Fe ~#~ RI Mg Ca Ba ~#~ Mg K Ca Ba Fe ~#~ Si K Ca Ba Fe ~#~ RI Mg Ca Ba Fe ~#~ RI Mg K Ca Ba Fe ~#~ 
*********************************************************************************
We remove max(NOISE,minNoise) groups, NOISE=1.0% -> 2, minNoise=3 we remove groups of size 3. Tree SHAP num of expl. inst. 193 (fold 9). Explaining class: headlamps).
Lower threshold thrL: 0.1 upper threshold thrU: 0.8 with step: 0.1
								--------------
									Fold  9
								--------------
--------------
Threshold: 0,10
--------------
	Mg: 142
	Ba: 51
--------------
Threshold: 0,20
--------------
	Mg: 132
	Ca | Ba: 51
	Mg | Ba: 10
--------------
Threshold: 0,30
--------------
	Mg: 75
	Mg | Ba: 67
	Ca | Ba: 51
--------------
Threshold: 0,40
--------------
	Mg | Ba: 64
	Ca | Ba | Fe: 51
	Mg | Ca | Ba: 48
	Mg: 30
--------------
Threshold: 0,50
--------------
	Mg | Ca | Ba: 105
	Ca | Ba | Fe: 48
	Mg | Ba: 17
	Mg: 16
	Mg | Ca | Ba | Fe: 4
--------------
Threshold: 0,60
--------------
	Mg | Ca | Ba | Fe: 98
	K | Ca | Ba | Fe: 51
	Mg | Ca | Ba: 30
	Mg: 7
	Mg | Ba: 5
--------------
Threshold: 0,70
--------------
	Mg | Ca | Ba | Fe: 66
	Mg | K | Ca | Ba | Fe: 64
	Si | K | Ca | Ba | Fe: 33
	K | Ca | Ba | Fe: 18
	Mg | Ca | Ba: 6
--------------
Threshold: 0,80
--------------
	Mg | K | Ca | Ba | Fe: 126
	Si | K | Ca | Ba | Fe: 51
	Mg | Ca | Ba | Fe: 7
	Mg | Si | K | Ca | Ba | Fe: 5
*********************************************************************************
All potential concepts based on thresholds
	Ca Ba ~#~ Mg Ba ~#~ Ca Ba Fe ~#~ Mg Ca Ba ~#~ Mg Ca Ba Fe ~#~ K Ca Ba Fe ~#~ Mg K Ca Ba Fe ~#~ Si K Ca Ba Fe ~#~ Mg Si K Ca Ba Fe ~#~ 
*********************************************************************************
We remove max(NOISE,minNoise) groups, NOISE=1.0% -> 2, minNoise=3 we remove groups of size 3. Tree SHAP num of expl. inst. 193 (fold 10). Explaining class: headlamps).
Lower threshold thrL: 0.1 upper threshold thrU: 0.8 with step: 0.1
								--------------
									Fold 10
								--------------
--------------
Threshold: 0,10
--------------
	Al: 140
	Ba: 43
	Na: 10
--------------
Threshold: 0,20
--------------
	Al: 84
	Na | Al: 56
	Ca | Ba: 43
	Na: 9
--------------
Threshold: 0,30
--------------
	Na | Al: 108
	Ca | Ba: 38
	Al: 32
	Ca | Ba | Fe: 5
	Na: 4
	Al | Ba: 4
--------------
Threshold: 0,40
--------------
	Na | Al: 72
	Na | Al | Ba: 69
	Ca | Ba | Fe: 43
	Al | Ca | Ba: 5
--------------
Threshold: 0,50
--------------
	Na | Al | Ca | Ba: 68
	Na | Al: 44
	K | Ca | Ba | Fe: 36
	Na | Mg | Al: 16
	Na | Al | Ba: 14
	Ca | Ba | Fe: 7
	Al | Ca | Ba | Fe: 5
--------------
Threshold: 0,60
--------------
	Na | Al | Ca | Ba | Fe: 68
	K | Ca | Ba | Fe: 38
	Na | Mg | Al: 34
	Na | Al | Ca | Ba: 14
	Na | Mg | Al | Ba: 14
	Na | Al: 13
	Si | K | Ca | Ba | Fe: 5
	Al | K | Ca | Ba | Fe: 4
--------------
Threshold: 0,70
--------------
	Na | Al | K | Ca | Ba | Fe: 61
	Si | K | Ca | Ba | Fe: 41
	Na | Mg | Al | Ba: 27
	Na | Al | Ca | Ba | Fe: 21
	Na | Mg | Al | Ca | Ba: 20
	Na | Mg | Al: 14
	Al | Si | K | Ca | Ba | Fe: 6
--------------
Threshold: 0,80
--------------
	Na | Al | K | Ca | Ba | Fe: 82
	Na | Mg | Al | Ca | Ba | Fe: 42
	Si | K | Ca | Ba | Fe: 25
	Al | Si | K | Ca | Ba | Fe: 22
	Na | Mg | Al | Ca | Ba: 14
	Na | Mg | Al | Ba: 4
*********************************************************************************
All potential concepts based on thresholds
	Na Al ~#~ Ca Ba ~#~ Ca Ba Fe ~#~ Al Ba ~#~ Na Al Ba ~#~ Al Ca Ba ~#~ Na Al Ca Ba ~#~ K Ca Ba Fe ~#~ Na Mg Al ~#~ Al Ca Ba Fe ~#~ Na Al Ca Ba Fe ~#~ Na Mg Al Ba ~#~ Si K Ca Ba Fe ~#~ Al K Ca Ba Fe ~#~ Na Al K Ca Ba Fe ~#~ Na Mg Al Ca Ba ~#~ Al Si K Ca Ba Fe ~#~ Na Mg Al Ca Ba Fe ~#~ 
*********************************************************************************
