dataset: rConcept.arff
								--------------
								Fold  1
								--------------
We remove max(NOISE,minNoise) groups, NOISE=1.0% -> 2, minNoise=3 we remove groups of size 3. Explanation method: IME, num. of expl. inst. is 180, pct of expl. instances is 10, (fold 1). Number of bins for discretisation (simple binning) is 2.
--------------
Threshold: 0,10
--------------
	A2: 111
	A3: 37
	A1: 17
	A4: 14
--------------
Threshold: 0,20
--------------
	A2: 111
	A3: 37
	A1: 17
	A4: 14
--------------
Threshold: 0,30
--------------
	A2: 111
	A3: 37
	A1: 17
	A4: 14
--------------
Threshold: 0,40
--------------
	A2: 95
	A3: 29
	A2 | A3: 12
	A2 | A4: 12
	A1: 11
	A4: 7
	A1 | A3: 5
	A1 | A2: 4
--------------
Threshold: 0,50
--------------
	A2: 59
	A2 | A4: 31
	A2 | A3: 26
	A3: 16
	A1 | A3: 15
	A1 | A2: 14
	A1: 5
	A4: 4
	A1 | A4: 4
--------------
Threshold: 0,60
--------------
	A2 | A3: 46
	A2 | A4: 42
	A1 | A2: 27
	A2: 23
	A1 | A3: 17
	A3: 5
	A3 | A4: 4
--------------
Threshold: 0,70
--------------
	A2 | A3: 43
	A2 | A4: 30
	A1 | A2: 29
	A2 | A3 | A4: 19
	A1 | A2 | A3: 17
	A1 | A3: 16
	A1 | A2 | A4: 8
	A2: 4
	A2 | A4 | A5: 4
--------------
Threshold: 0,80
--------------
	A1 | A2 | A3: 39
	A2 | A3 | A4: 35
	A2 | A3: 23
	A1 | A2 | A4: 20
	A2 | A4: 12
	A1 | A2: 11
	A1 | A3: 8
	A1 | A3 | A4: 6
	A1 | A2 | A3 | A4: 6
	A2 | A4 | A5: 5
	A2 | A3 | A5: 5
*********************************************************************************
All potential concepts based on thresholds
	A2 A3 ~#~ A2 A4 ~#~ A1 A3 ~#~ A1 A2 ~#~ A1 A4 ~#~ A3 A4 ~#~ A2 A3 A4 ~#~ A1 A2 A3 ~#~ A1 A2 A4 ~#~ A2 A4 A5 ~#~ A1 A3 A4 ~#~ A1 A2 A3 A4 ~#~ A2 A3 A5 ~#~ 
*********************************************************************************
