dataset: Balance scale.arff
--------------
Threshold: 0,10
--------------
	left-distance: 259
--------------
Threshold: 0,20
--------------
	left-distance: 259
--------------
Threshold: 0,30
--------------
	left-distance: 259
--------------
Threshold: 0,40
--------------
	left-distance: 259
--------------
Threshold: 0,50
--------------
	left-distance: 259
--------------
Threshold: 0,60
--------------
	left-distance: 259
--------------
Threshold: 0,70
--------------
	left-distance: 259
--------------
Threshold: 0,80
--------------
	left-distance: 259
--------------
Threshold: 0,10
--------------
	left-distance: 259
--------------
Threshold: 0,20
--------------
	left-distance: 259
--------------
Threshold: 0,30
--------------
	left-distance: 259
--------------
Threshold: 0,40
--------------
	left-distance: 259
--------------
Threshold: 0,50
--------------
	left-distance: 259
--------------
Threshold: 0,60
--------------
	left-distance: 259
--------------
Threshold: 0,70
--------------
	left-distance: 259
--------------
Threshold: 0,80
--------------
	left-distance: 259
--------------
Threshold: 0,10
--------------
	left-distance: 259
--------------
Threshold: 0,20
--------------
	left-distance: 259
--------------
Threshold: 0,30
--------------
	left-distance: 259
--------------
Threshold: 0,40
--------------
	left-distance: 259
--------------
Threshold: 0,50
--------------
	left-distance: 259
--------------
Threshold: 0,60
--------------
	left-distance: 259
--------------
Threshold: 0,70
--------------
	left-distance: 259
--------------
Threshold: 0,80
--------------
	left-distance: 259
--------------
Threshold: 0,10
--------------
	left-distance: 259
--------------
Threshold: 0,20
--------------
	left-distance: 259
--------------
Threshold: 0,30
--------------
	left-distance: 259
--------------
Threshold: 0,40
--------------
	left-distance: 259
--------------
Threshold: 0,50
--------------
	left-distance: 259
--------------
Threshold: 0,60
--------------
	left-distance: 259
--------------
Threshold: 0,70
--------------
	left-distance: 259
--------------
Threshold: 0,80
--------------
	left-distance: 259
--------------
Threshold: 0,10
--------------
	left-distance: 259
--------------
Threshold: 0,20
--------------
	left-distance: 259
--------------
Threshold: 0,30
--------------
	left-distance: 259
--------------
Threshold: 0,40
--------------
	left-distance: 259
--------------
Threshold: 0,50
--------------
	left-distance: 259
--------------
Threshold: 0,60
--------------
	left-distance: 259
--------------
Threshold: 0,70
--------------
	left-distance: 259
--------------
Threshold: 0,80
--------------
	left-distance: 259
--------------
Threshold: 0,10
--------------
	left-distance: 259
--------------
Threshold: 0,20
--------------
	left-distance: 259
--------------
Threshold: 0,30
--------------
	left-distance: 259
--------------
Threshold: 0,40
--------------
	left-distance: 259
--------------
Threshold: 0,50
--------------
	left-distance: 259
--------------
Threshold: 0,60
--------------
	left-distance: 259
--------------
Threshold: 0,70
--------------
	left-distance: 259
--------------
Threshold: 0,80
--------------
	left-distance: 259
--------------
Threshold: 0,10
--------------
	left-distance: 260
--------------
Threshold: 0,20
--------------
	left-distance: 260
--------------
Threshold: 0,30
--------------
	left-distance: 260
--------------
Threshold: 0,40
--------------
	left-distance: 260
--------------
Threshold: 0,50
--------------
	left-distance: 260
--------------
Threshold: 0,60
--------------
	left-distance: 260
--------------
Threshold: 0,70
--------------
	left-distance: 260
--------------
Threshold: 0,80
--------------
	left-distance: 260
--------------
Threshold: 0,10
--------------
	left-distance: 260
--------------
Threshold: 0,20
--------------
	left-distance: 260
--------------
Threshold: 0,30
--------------
	left-distance: 260
--------------
Threshold: 0,40
--------------
	left-distance: 260
--------------
Threshold: 0,50
--------------
	left-distance: 260
--------------
Threshold: 0,60
--------------
	left-distance: 260
--------------
Threshold: 0,70
--------------
	left-distance: 260
--------------
Threshold: 0,80
--------------
	left-distance: 260
--------------
Threshold: 0,10
--------------
	left-distance: 259
--------------
Threshold: 0,20
--------------
	left-distance: 259
--------------
Threshold: 0,30
--------------
	left-distance: 259
--------------
Threshold: 0,40
--------------
	left-distance: 259
--------------
Threshold: 0,50
--------------
	left-distance: 259
--------------
Threshold: 0,60
--------------
	left-distance: 259
--------------
Threshold: 0,70
--------------
	left-distance: 259
--------------
Threshold: 0,80
--------------
	left-distance: 259
--------------
Threshold: 0,10
--------------
	left-distance: 259
--------------
Threshold: 0,20
--------------
	left-distance: 259
--------------
Threshold: 0,30
--------------
	left-distance: 259
--------------
Threshold: 0,40
--------------
	left-distance: 259
--------------
Threshold: 0,50
--------------
	left-distance: 259
--------------
Threshold: 0,60
--------------
	left-distance: 259
--------------
Threshold: 0,70
--------------
	left-distance: 259
--------------
Threshold: 0,80
--------------
	left-distance: 259
dataset: Heart.arff
--------------
Threshold: 0,10
--------------
	A1: 108
--------------
Threshold: 0,20
--------------
	A1: 108
--------------
Threshold: 0,30
--------------
	A1: 108
--------------
Threshold: 0,40
--------------
	A1: 108
--------------
Threshold: 0,50
--------------
	A1: 108
--------------
Threshold: 0,60
--------------
	A1: 108
--------------
Threshold: 0,70
--------------
	A1: 108
--------------
Threshold: 0,80
--------------
	A1: 108
--------------
Threshold: 0,10
--------------
	A1: 108
--------------
Threshold: 0,20
--------------
	A1: 108
--------------
Threshold: 0,30
--------------
	A1: 108
--------------
Threshold: 0,40
--------------
	A1: 108
--------------
Threshold: 0,50
--------------
	A1: 108
--------------
Threshold: 0,60
--------------
	A1: 108
--------------
Threshold: 0,70
--------------
	A1: 108
--------------
Threshold: 0,80
--------------
	A1: 108
--------------
Threshold: 0,10
--------------
	A1: 108
--------------
Threshold: 0,20
--------------
	A1: 108
--------------
Threshold: 0,30
--------------
	A1: 108
--------------
Threshold: 0,40
--------------
	A1: 108
--------------
Threshold: 0,50
--------------
	A1: 108
--------------
Threshold: 0,60
--------------
	A1: 108
--------------
Threshold: 0,70
--------------
	A1: 108
--------------
Threshold: 0,80
--------------
	A1: 108
--------------
Threshold: 0,10
--------------
	A1: 108
--------------
Threshold: 0,20
--------------
	A1: 108
--------------
Threshold: 0,30
--------------
	A1: 108
--------------
Threshold: 0,40
--------------
	A1: 108
--------------
Threshold: 0,50
--------------
	A1: 108
--------------
Threshold: 0,60
--------------
	A1: 108
--------------
Threshold: 0,70
--------------
	A1: 108
--------------
Threshold: 0,80
--------------
	A1: 108
--------------
Threshold: 0,10
--------------
	A1: 108
--------------
Threshold: 0,20
--------------
	A1: 108
--------------
Threshold: 0,30
--------------
	A1: 108
--------------
Threshold: 0,40
--------------
	A1: 108
--------------
Threshold: 0,50
--------------
	A1: 108
--------------
Threshold: 0,60
--------------
	A1: 108
--------------
Threshold: 0,70
--------------
	A1: 108
--------------
Threshold: 0,80
--------------
	A1: 108
--------------
Threshold: 0,10
--------------
	A1: 108
--------------
Threshold: 0,20
--------------
	A1: 108
--------------
Threshold: 0,30
--------------
	A1: 108
--------------
Threshold: 0,40
--------------
	A1: 108
--------------
Threshold: 0,50
--------------
	A1: 108
--------------
Threshold: 0,60
--------------
	A1: 108
--------------
Threshold: 0,70
--------------
	A1: 108
--------------
Threshold: 0,80
--------------
	A1: 108
--------------
Threshold: 0,10
--------------
	A1: 108
--------------
Threshold: 0,20
--------------
	A1: 108
--------------
Threshold: 0,30
--------------
	A1: 108
--------------
Threshold: 0,40
--------------
	A1: 108
--------------
Threshold: 0,50
--------------
	A1: 108
--------------
Threshold: 0,60
--------------
	A1: 108
--------------
Threshold: 0,70
--------------
	A1: 108
--------------
Threshold: 0,80
--------------
	A1: 108
--------------
Threshold: 0,10
--------------
	A1: 108
--------------
Threshold: 0,20
--------------
	A1: 108
--------------
Threshold: 0,30
--------------
	A1: 108
--------------
Threshold: 0,40
--------------
	A1: 108
--------------
Threshold: 0,50
--------------
	A1: 108
--------------
Threshold: 0,60
--------------
	A1: 108
--------------
Threshold: 0,70
--------------
	A1: 108
--------------
Threshold: 0,80
--------------
	A1: 108
--------------
Threshold: 0,10
--------------
	A1: 108
--------------
Threshold: 0,20
--------------
	A1: 108
--------------
Threshold: 0,30
--------------
	A1: 108
--------------
Threshold: 0,40
--------------
	A1: 108
--------------
Threshold: 0,50
--------------
	A1: 108
--------------
Threshold: 0,60
--------------
	A1: 108
--------------
Threshold: 0,70
--------------
	A1: 108
--------------
Threshold: 0,80
--------------
	A1: 108
--------------
Threshold: 0,10
--------------
	A1: 108
--------------
Threshold: 0,20
--------------
	A1: 108
--------------
Threshold: 0,30
--------------
	A1: 108
--------------
Threshold: 0,40
--------------
	A1: 108
--------------
Threshold: 0,50
--------------
	A1: 108
--------------
Threshold: 0,60
--------------
	A1: 108
--------------
Threshold: 0,70
--------------
	A1: 108
--------------
Threshold: 0,80
--------------
	A1: 108
dataset: Liver disorders.arff
--------------
Threshold: 0,10
--------------
	alkphos: 130
--------------
Threshold: 0,20
--------------
	alkphos: 130
--------------
Threshold: 0,30
--------------
	alkphos: 130
--------------
Threshold: 0,40
--------------
	alkphos: 130
--------------
Threshold: 0,50
--------------
	alkphos: 130
--------------
Threshold: 0,60
--------------
	alkphos: 130
--------------
Threshold: 0,70
--------------
	alkphos: 130
--------------
Threshold: 0,80
--------------
	alkphos: 130
--------------
Threshold: 0,10
--------------
	alkphos: 130
--------------
Threshold: 0,20
--------------
	alkphos: 130
--------------
Threshold: 0,30
--------------
	alkphos: 130
--------------
Threshold: 0,40
--------------
	alkphos: 130
--------------
Threshold: 0,50
--------------
	alkphos: 130
--------------
Threshold: 0,60
--------------
	alkphos: 130
--------------
Threshold: 0,70
--------------
	alkphos: 130
--------------
Threshold: 0,80
--------------
	alkphos: 130
--------------
Threshold: 0,10
--------------
	alkphos: 130
--------------
Threshold: 0,20
--------------
	alkphos: 130
--------------
Threshold: 0,30
--------------
	alkphos: 130
--------------
Threshold: 0,40
--------------
	alkphos: 130
--------------
Threshold: 0,50
--------------
	alkphos: 130
--------------
Threshold: 0,60
--------------
	alkphos: 130
--------------
Threshold: 0,70
--------------
	alkphos: 130
--------------
Threshold: 0,80
--------------
	alkphos: 130
--------------
Threshold: 0,10
--------------
	alkphos: 130
--------------
Threshold: 0,20
--------------
	alkphos: 130
--------------
Threshold: 0,30
--------------
	alkphos: 130
--------------
Threshold: 0,40
--------------
	alkphos: 130
--------------
Threshold: 0,50
--------------
	alkphos: 130
--------------
Threshold: 0,60
--------------
	alkphos: 130
--------------
Threshold: 0,70
--------------
	alkphos: 130
--------------
Threshold: 0,80
--------------
	alkphos: 130
--------------
Threshold: 0,10
--------------
	alkphos: 130
--------------
Threshold: 0,20
--------------
	alkphos: 130
--------------
Threshold: 0,30
--------------
	alkphos: 130
--------------
Threshold: 0,40
--------------
	alkphos: 130
--------------
Threshold: 0,50
--------------
	alkphos: 130
--------------
Threshold: 0,60
--------------
	alkphos: 130
--------------
Threshold: 0,70
--------------
	alkphos: 130
--------------
Threshold: 0,80
--------------
	alkphos: 130
--------------
Threshold: 0,10
--------------
	alkphos: 131
--------------
Threshold: 0,20
--------------
	alkphos: 131
--------------
Threshold: 0,30
--------------
	alkphos: 131
--------------
Threshold: 0,40
--------------
	alkphos: 131
--------------
Threshold: 0,50
--------------
	alkphos: 131
--------------
Threshold: 0,60
--------------
	alkphos: 131
--------------
Threshold: 0,70
--------------
	alkphos: 131
--------------
Threshold: 0,80
--------------
	alkphos: 131
--------------
Threshold: 0,10
--------------
	alkphos: 131
--------------
Threshold: 0,20
--------------
	alkphos: 131
--------------
Threshold: 0,30
--------------
	alkphos: 131
--------------
Threshold: 0,40
--------------
	alkphos: 131
--------------
Threshold: 0,50
--------------
	alkphos: 131
--------------
Threshold: 0,60
--------------
	alkphos: 131
--------------
Threshold: 0,70
--------------
	alkphos: 131
--------------
Threshold: 0,80
--------------
	alkphos: 131
--------------
Threshold: 0,10
--------------
	alkphos: 131
--------------
Threshold: 0,20
--------------
	alkphos: 131
--------------
Threshold: 0,30
--------------
	alkphos: 131
--------------
Threshold: 0,40
--------------
	alkphos: 131
--------------
Threshold: 0,50
--------------
	alkphos: 131
--------------
Threshold: 0,60
--------------
	alkphos: 131
--------------
Threshold: 0,70
--------------
	alkphos: 131
--------------
Threshold: 0,80
--------------
	alkphos: 131
--------------
Threshold: 0,10
--------------
	alkphos: 131
--------------
Threshold: 0,20
--------------
	alkphos: 131
--------------
Threshold: 0,30
--------------
	alkphos: 131
--------------
Threshold: 0,40
--------------
	alkphos: 131
--------------
Threshold: 0,50
--------------
	alkphos: 131
--------------
Threshold: 0,60
--------------
	alkphos: 131
--------------
Threshold: 0,70
--------------
	alkphos: 131
--------------
Threshold: 0,80
--------------
	alkphos: 131
--------------
Threshold: 0,10
--------------
	alkphos: 131
--------------
Threshold: 0,20
--------------
	alkphos: 131
--------------
Threshold: 0,30
--------------
	alkphos: 131
--------------
Threshold: 0,40
--------------
	alkphos: 131
--------------
Threshold: 0,50
--------------
	alkphos: 131
--------------
Threshold: 0,60
--------------
	alkphos: 131
--------------
Threshold: 0,70
--------------
	alkphos: 131
--------------
Threshold: 0,80
--------------
	alkphos: 131
dataset: Lung cancer.arff
--------------
Threshold: 0,10
--------------
	attribute10: 8
--------------
Threshold: 0,20
--------------
	attribute10: 8
--------------
Threshold: 0,30
--------------
	attribute10: 8
--------------
Threshold: 0,40
--------------
	attribute10: 8
--------------
Threshold: 0,50
--------------
	attribute10: 8
--------------
Threshold: 0,60
--------------
	attribute10: 8
--------------
Threshold: 0,70
--------------
	attribute10: 8
--------------
Threshold: 0,80
--------------
	attribute10: 8
--------------
Threshold: 0,10
--------------
	attribute10: 8
--------------
Threshold: 0,20
--------------
	attribute10: 8
--------------
Threshold: 0,30
--------------
	attribute10: 8
--------------
Threshold: 0,40
--------------
	attribute10: 8
--------------
Threshold: 0,50
--------------
	attribute10: 8
--------------
Threshold: 0,60
--------------
	attribute10: 8
--------------
Threshold: 0,70
--------------
	attribute10: 8
--------------
Threshold: 0,80
--------------
	attribute10: 8
--------------
Threshold: 0,10
--------------
	attribute10: 9
--------------
Threshold: 0,20
--------------
	attribute10: 9
--------------
Threshold: 0,30
--------------
	attribute10: 9
--------------
Threshold: 0,40
--------------
	attribute10: 9
--------------
Threshold: 0,50
--------------
	attribute10: 9
--------------
Threshold: 0,60
--------------
	attribute10: 9
--------------
Threshold: 0,70
--------------
	attribute10: 9
--------------
Threshold: 0,80
--------------
	attribute10: 9
--------------
Threshold: 0,10
--------------
	attribute10: 8
--------------
Threshold: 0,20
--------------
	attribute10: 8
--------------
Threshold: 0,30
--------------
	attribute10: 8
--------------
Threshold: 0,40
--------------
	attribute10: 8
--------------
Threshold: 0,50
--------------
	attribute10: 8
--------------
Threshold: 0,60
--------------
	attribute10: 8
--------------
Threshold: 0,70
--------------
	attribute10: 8
--------------
Threshold: 0,80
--------------
	attribute10: 8
--------------
Threshold: 0,10
--------------
	attribute10: 8
--------------
Threshold: 0,20
--------------
	attribute10: 8
--------------
Threshold: 0,30
--------------
	attribute10: 8
--------------
Threshold: 0,40
--------------
	attribute10: 8
--------------
Threshold: 0,50
--------------
	attribute10: 8
--------------
Threshold: 0,60
--------------
	attribute10: 8
--------------
Threshold: 0,70
--------------
	attribute10: 8
--------------
Threshold: 0,80
--------------
	attribute10: 8
--------------
Threshold: 0,10
--------------
	attribute10: 8
--------------
Threshold: 0,20
--------------
	attribute10: 8
--------------
Threshold: 0,30
--------------
	attribute10: 8
--------------
Threshold: 0,40
--------------
	attribute10: 8
--------------
Threshold: 0,50
--------------
	attribute10: 8
--------------
Threshold: 0,60
--------------
	attribute10: 8
--------------
Threshold: 0,70
--------------
	attribute10: 8
--------------
Threshold: 0,80
--------------
	attribute10: 8
--------------
Threshold: 0,10
--------------
	attribute10: 8
--------------
Threshold: 0,20
--------------
	attribute10: 8
--------------
Threshold: 0,30
--------------
	attribute10: 8
--------------
Threshold: 0,40
--------------
	attribute10: 8
--------------
Threshold: 0,50
--------------
	attribute10: 8
--------------
Threshold: 0,60
--------------
	attribute10: 8
--------------
Threshold: 0,70
--------------
	attribute10: 8
--------------
Threshold: 0,80
--------------
	attribute10: 8
--------------
Threshold: 0,10
--------------
	attribute10: 8
--------------
Threshold: 0,20
--------------
	attribute10: 8
--------------
Threshold: 0,30
--------------
	attribute10: 8
--------------
Threshold: 0,40
--------------
	attribute10: 8
--------------
Threshold: 0,50
--------------
	attribute10: 8
--------------
Threshold: 0,60
--------------
	attribute10: 8
--------------
Threshold: 0,70
--------------
	attribute10: 8
--------------
Threshold: 0,80
--------------
	attribute10: 8
--------------
Threshold: 0,10
--------------
	attribute10: 8
--------------
Threshold: 0,20
--------------
	attribute10: 8
--------------
Threshold: 0,30
--------------
	attribute10: 8
--------------
Threshold: 0,40
--------------
	attribute10: 8
--------------
Threshold: 0,50
--------------
	attribute10: 8
--------------
Threshold: 0,60
--------------
	attribute10: 8
--------------
Threshold: 0,70
--------------
	attribute10: 8
--------------
Threshold: 0,80
--------------
	attribute10: 8
--------------
Threshold: 0,10
--------------
	attribute10: 8
--------------
Threshold: 0,20
--------------
	attribute10: 8
--------------
Threshold: 0,30
--------------
	attribute10: 8
--------------
Threshold: 0,40
--------------
	attribute10: 8
--------------
Threshold: 0,50
--------------
	attribute10: 8
--------------
Threshold: 0,60
--------------
	attribute10: 8
--------------
Threshold: 0,70
--------------
	attribute10: 8
--------------
Threshold: 0,80
--------------
	attribute10: 8
dataset: Monks1.arff
--------------
Threshold: 0,10
--------------
	a5: 194
--------------
Threshold: 0,20
--------------
	a5: 194
--------------
Threshold: 0,30
--------------
	a5: 194
--------------
Threshold: 0,40
--------------
	a5: 194
--------------
Threshold: 0,50
--------------
	a5: 194
--------------
Threshold: 0,60
--------------
	a5: 194
--------------
Threshold: 0,70
--------------
	a5: 194
--------------
Threshold: 0,80
--------------
	a5: 194
--------------
Threshold: 0,10
--------------
	a5: 194
--------------
Threshold: 0,20
--------------
	a5: 194
--------------
Threshold: 0,30
--------------
	a5: 194
--------------
Threshold: 0,40
--------------
	a5: 194
--------------
Threshold: 0,50
--------------
	a5: 194
--------------
Threshold: 0,60
--------------
	a5: 194
--------------
Threshold: 0,70
--------------
	a5: 194
--------------
Threshold: 0,80
--------------
	a5: 190
--------------
Threshold: 0,10
--------------
	a5: 195
--------------
Threshold: 0,20
--------------
	a5: 195
--------------
Threshold: 0,30
--------------
	a5: 195
--------------
Threshold: 0,40
--------------
	a5: 195
--------------
Threshold: 0,50
--------------
	a5: 195
--------------
Threshold: 0,60
--------------
	a5: 195
--------------
Threshold: 0,70
--------------
	a5: 195
--------------
Threshold: 0,80
--------------
	a5: 185
	a2 | a5: 4
*********************************************************************************
All potential concepts based on thresholds
	a2 a5 ~#~ 
*********************************************************************************
--------------
Threshold: 0,10
--------------
	a5: 195
--------------
Threshold: 0,20
--------------
	a5: 195
--------------
Threshold: 0,30
--------------
	a5: 195
--------------
Threshold: 0,40
--------------
	a5: 195
--------------
Threshold: 0,50
--------------
	a5: 195
--------------
Threshold: 0,60
--------------
	a5: 195
--------------
Threshold: 0,70
--------------
	a5: 195
--------------
Threshold: 0,80
--------------
	a5: 195
--------------
Threshold: 0,10
--------------
	a5: 195
--------------
Threshold: 0,20
--------------
	a5: 195
--------------
Threshold: 0,30
--------------
	a5: 195
--------------
Threshold: 0,40
--------------
	a5: 195
--------------
Threshold: 0,50
--------------
	a5: 195
--------------
Threshold: 0,60
--------------
	a5: 195
--------------
Threshold: 0,70
--------------
	a5: 195
--------------
Threshold: 0,80
--------------
	a5: 195
--------------
Threshold: 0,10
--------------
	a5: 195
--------------
Threshold: 0,20
--------------
	a5: 195
--------------
Threshold: 0,30
--------------
	a5: 195
--------------
Threshold: 0,40
--------------
	a5: 195
--------------
Threshold: 0,50
--------------
	a5: 195
--------------
Threshold: 0,60
--------------
	a5: 195
--------------
Threshold: 0,70
--------------
	a5: 195
--------------
Threshold: 0,80
--------------
	a5: 195
--------------
Threshold: 0,10
--------------
	a5: 194
--------------
Threshold: 0,20
--------------
	a5: 194
--------------
Threshold: 0,30
--------------
	a5: 194
--------------
Threshold: 0,40
--------------
	a5: 194
--------------
Threshold: 0,50
--------------
	a5: 194
--------------
Threshold: 0,60
--------------
	a5: 194
--------------
Threshold: 0,70
--------------
	a5: 194
--------------
Threshold: 0,80
--------------
	a5: 194
--------------
Threshold: 0,10
--------------
	a5: 194
--------------
Threshold: 0,20
--------------
	a5: 194
--------------
Threshold: 0,30
--------------
	a5: 194
--------------
Threshold: 0,40
--------------
	a5: 194
--------------
Threshold: 0,50
--------------
	a5: 194
--------------
Threshold: 0,60
--------------
	a5: 194
--------------
Threshold: 0,70
--------------
	a5: 194
--------------
Threshold: 0,80
--------------
	a5: 194
--------------
Threshold: 0,10
--------------
	a5: 194
--------------
Threshold: 0,20
--------------
	a5: 194
--------------
Threshold: 0,30
--------------
	a5: 194
--------------
Threshold: 0,40
--------------
	a5: 194
--------------
Threshold: 0,50
--------------
	a5: 194
--------------
Threshold: 0,60
--------------
	a5: 194
--------------
Threshold: 0,70
--------------
	a5: 194
--------------
Threshold: 0,80
--------------
	a5: 194
--------------
Threshold: 0,10
--------------
	a5: 194
--------------
Threshold: 0,20
--------------
	a5: 194
--------------
Threshold: 0,30
--------------
	a5: 194
--------------
Threshold: 0,40
--------------
	a5: 194
--------------
Threshold: 0,50
--------------
	a5: 194
--------------
Threshold: 0,60
--------------
	a5: 194
--------------
Threshold: 0,70
--------------
	a5: 194
--------------
Threshold: 0,80
--------------
	a5: 189
dataset: Monks2.arff
--------------
Threshold: 0,10
--------------
	a5: 94
	a2: 33
--------------
Threshold: 0,20
--------------
	a5: 94
	a2: 33
--------------
Threshold: 0,30
--------------
	a5: 63
	a2: 33
	a2 | a5: 18
	a4 | a5: 13
--------------
Threshold: 0,40
--------------
	a2 | a5: 105
	a4 | a5: 16
	a2: 6
--------------
Threshold: 0,50
--------------
	a2 | a5: 108
	a4 | a5: 15
	a2 | a4 | a5: 4
--------------
Threshold: 0,60
--------------
	a2 | a5: 60
	a2 | a4 | a5: 41
	a1 | a2 | a5: 26
--------------
Threshold: 0,70
--------------
	a2 | a4 | a5: 90
	a1 | a2 | a5: 24
	a1 | a2 | a4 | a5: 7
--------------
Threshold: 0,80
--------------
	a1 | a2 | a4 | a5: 48
	a2 | a4 | a5 | a6: 31
	a2 | a3 | a4 | a5: 29
	a2 | a4 | a5: 18
*********************************************************************************
All potential concepts based on thresholds
	a2 a5 ~#~ a4 a5 ~#~ a2 a4 a5 ~#~ a1 a2 a5 ~#~ a1 a2 a4 a5 ~#~ a2 a4 a5 a6 ~#~ a2 a3 a4 a5 ~#~ 
*********************************************************************************
--------------
Threshold: 0,10
--------------
	a6: 41
	a2: 35
	a1: 24
	a5: 14
	a3: 13
--------------
Threshold: 0,20
--------------
	a6: 41
	a2: 35
	a1: 24
	a5: 14
	a3: 13
--------------
Threshold: 0,30
--------------
	a2 | a6: 37
	a1 | a6: 24
	a5 | a6: 20
	a2: 10
	a3 | a5: 9
	a3 | a6: 7
	a2 | a3: 7
	a1 | a2: 5
--------------
Threshold: 0,40
--------------
	a2 | a6: 44
	a1 | a6: 25
	a5 | a6: 20
	a2 | a3: 10
	a3 | a5: 9
	a3 | a6: 7
	a1 | a2: 6
--------------
Threshold: 0,50
--------------
	a2 | a3 | a6: 28
	a2 | a5 | a6: 19
	a2 | a6: 18
	a3 | a5 | a6: 12
	a1 | a5 | a6: 12
	a1 | a2 | a6: 11
	a1 | a6: 8
	a2 | a3 | a5: 6
--------------
Threshold: 0,60
--------------
	a2 | a3 | a6: 41
	a2 | a5 | a6: 25
	a1 | a2 | a6: 21
	a1 | a5 | a6: 13
	a3 | a5 | a6: 11
	a2 | a3 | a5: 6
	a1 | a3 | a6: 4
--------------
Threshold: 0,70
--------------
	a2 | a3 | a5 | a6: 55
	a1 | a2 | a3 | a6: 32
	a1 | a2 | a5 | a6: 20
	a1 | a3 | a5 | a6: 7
	a2 | a5 | a6: 4
	a2 | a3 | a6: 4
	a1 | a2 | a6: 4
--------------
Threshold: 0,80
--------------
	a2 | a3 | a5 | a6: 46
	a1 | a2 | a3 | a6: 30
	a1 | a2 | a3 | a5 | a6: 26
	a1 | a2 | a5 | a6: 20
	a1 | a3 | a5 | a6: 5
*********************************************************************************
All potential concepts based on thresholds
	a2 a6 ~#~ a1 a6 ~#~ a5 a6 ~#~ a3 a5 ~#~ a3 a6 ~#~ a2 a3 ~#~ a1 a2 ~#~ a2 a3 a6 ~#~ a2 a5 a6 ~#~ a3 a5 a6 ~#~ a1 a5 a6 ~#~ a1 a2 a6 ~#~ a2 a3 a5 ~#~ a1 a3 a6 ~#~ a2 a3 a5 a6 ~#~ a1 a2 a3 a6 ~#~ a1 a2 a5 a6 ~#~ a1 a3 a5 a6 ~#~ a1 a2 a3 a5 a6 ~#~ 
*********************************************************************************
--------------
Threshold: 0,10
--------------
	a5: 121
	a2: 5
--------------
Threshold: 0,20
--------------
	a5: 121
	a2: 5
--------------
Threshold: 0,30
--------------
	a5: 46
	a5 | a6: 39
	a2 | a5: 29
	a4 | a5: 13
--------------
Threshold: 0,40
--------------
	a5 | a6: 85
	a2 | a5: 29
	a4 | a5: 13
--------------
Threshold: 0,50
--------------
	a5 | a6: 77
	a2 | a5: 24
	a4 | a5 | a6: 11
	a4 | a5: 10
--------------
Threshold: 0,60
--------------
	a2 | a5 | a6: 82
	a4 | a5 | a6: 31
	a3 | a5 | a6: 12
--------------
Threshold: 0,70
--------------
	a2 | a5 | a6: 65
	a2 | a4 | a5 | a6: 22
	a2 | a3 | a5 | a6: 19
	a4 | a5 | a6: 16
	a3 | a5 | a6: 4
--------------
Threshold: 0,80
--------------
	a2 | a4 | a5 | a6: 65
	a2 | a3 | a5 | a6: 57
	a2 | a3 | a4 | a5 | a6: 4
*********************************************************************************
All potential concepts based on thresholds
	a5 a6 ~#~ a2 a5 ~#~ a4 a5 ~#~ a4 a5 a6 ~#~ a2 a5 a6 ~#~ a3 a5 a6 ~#~ a2 a4 a5 a6 ~#~ a2 a3 a5 a6 ~#~ a2 a3 a4 a5 a6 ~#~ 
*********************************************************************************
--------------
Threshold: 0,10
--------------
	a4: 57
	a1: 52
	a5: 19
--------------
Threshold: 0,20
--------------
	a4: 57
	a1: 52
	a5: 19
--------------
Threshold: 0,30
--------------
	a4: 42
	a1: 37
	a1 | a4: 29
	a5: 15
--------------
Threshold: 0,40
--------------
	a1 | a4: 50
	a4: 27
	a1: 25
	a4 | a5: 15
	a1 | a5: 11
--------------
Threshold: 0,50
--------------
	a1 | a4: 101
	a4 | a5: 15
	a1 | a5: 11
--------------
Threshold: 0,60
--------------
	a1 | a4: 62
	a1 | a4 | a5: 38
	a1 | a3 | a4: 18
	a1 | a5: 5
--------------
Threshold: 0,70
--------------
	a1 | a4 | a5: 77
	a1 | a3 | a4: 39
	a1 | a4: 7
--------------
Threshold: 0,80
--------------
	a1 | a3 | a4 | a5: 56
	a1 | a4 | a5: 46
	a1 | a3 | a4: 17
	a1 | a4 | a5 | a6: 6
*********************************************************************************
All potential concepts based on thresholds
	a1 a4 ~#~ a4 a5 ~#~ a1 a5 ~#~ a1 a4 a5 ~#~ a1 a3 a4 ~#~ a1 a3 a4 a5 ~#~ a1 a4 a5 a6 ~#~ 
*********************************************************************************
--------------
Threshold: 0,10
--------------
	a4: 120
	a5: 8
--------------
Threshold: 0,20
--------------
	a4: 120
	a5: 8
--------------
Threshold: 0,30
--------------
	a4: 104
	a4 | a5: 12
	a5: 6
	a1 | a4: 6
--------------
Threshold: 0,40
--------------
	a4 | a5: 77
	a4: 35
	a1 | a4: 10
	a3 | a4: 6
--------------
Threshold: 0,50
--------------
	a4 | a5: 110
	a1 | a4: 11
	a3 | a4: 6
--------------
Threshold: 0,60
--------------
	a4 | a5: 60
	a3 | a4 | a5: 37
	a1 | a4 | a5: 25
--------------
Threshold: 0,70
--------------
	a3 | a4 | a5: 70
	a1 | a4 | a5: 26
	a1 | a3 | a4 | a5: 10
	a2 | a4 | a5: 6
	a4 | a5 | a6: 5
	a1 | a4 | a5 | a6: 5
--------------
Threshold: 0,80
--------------
	a1 | a3 | a4 | a5: 68
	a3 | a4 | a5: 17
	a2 | a3 | a4 | a5: 16
	a3 | a4 | a5 | a6: 12
	a1 | a4 | a5 | a6: 10
*********************************************************************************
All potential concepts based on thresholds
	a4 a5 ~#~ a1 a4 ~#~ a3 a4 ~#~ a3 a4 a5 ~#~ a1 a4 a5 ~#~ a1 a3 a4 a5 ~#~ a2 a4 a5 ~#~ a4 a5 a6 ~#~ a1 a4 a5 a6 ~#~ a2 a3 a4 a5 ~#~ a3 a4 a5 a6 ~#~ 
*********************************************************************************
--------------
Threshold: 0,10
--------------
	a1: 62
	a5: 29
	a6: 17
	a4: 14
	a2: 6
--------------
Threshold: 0,20
--------------
	a1: 62
	a5: 29
	a6: 17
	a4: 14
	a2: 6
--------------
Threshold: 0,30
--------------
	a1: 32
	a5: 26
	a4 | a6: 15
	a1 | a6: 13
	a1 | a4: 12
	a1 | a5: 12
	a2 | a6: 10
	a1 | a2: 6
--------------
Threshold: 0,40
--------------
	a1 | a6: 28
	a5: 26
	a1 | a4: 16
	a4 | a6: 15
	a1 | a5: 12
	a1: 10
	a2 | a6: 10
	a1 | a2: 9
--------------
Threshold: 0,50
--------------
	a1 | a5: 21
	a1 | a5 | a6: 19
	a1 | a6: 16
	a1 | a4 | a6: 15
	a5 | a6: 14
	a1 | a2 | a6: 11
	a1 | a4: 9
	a1 | a2 | a5: 7
	a1 | a4 | a5: 5
	a1 | a2: 4
--------------
Threshold: 0,60
--------------
	a1 | a5 | a6: 37
	a1 | a4 | a6: 22
	a1 | a5: 18
	a1 | a2 | a6: 14
	a5 | a6: 12
	a1 | a2 | a5: 9
	a1 | a4 | a5: 8
--------------
Threshold: 0,70
--------------
	a1 | a5 | a6: 42
	a1 | a4 | a5 | a6: 38
	a1 | a2 | a5 | a6: 25
	a1 | a4 | a5: 6
	a1 | a4 | a6: 5
	a1 | a2 | a6: 4
--------------
Threshold: 0,80
--------------
	a1 | a4 | a5 | a6: 70
	a1 | a2 | a5 | a6: 40
	a1 | a2 | a4 | a5 | a6: 7
	a1 | a5 | a6: 7
*********************************************************************************
All potential concepts based on thresholds
	a4 a6 ~#~ a1 a6 ~#~ a1 a4 ~#~ a1 a5 ~#~ a2 a6 ~#~ a1 a2 ~#~ a1 a5 a6 ~#~ a1 a4 a6 ~#~ a5 a6 ~#~ a1 a2 a6 ~#~ a1 a2 a5 ~#~ a1 a4 a5 ~#~ a1 a4 a5 a6 ~#~ a1 a2 a5 a6 ~#~ a1 a2 a4 a5 a6 ~#~ 
*********************************************************************************
--------------
Threshold: 0,10
--------------
	a3: 70
	a1: 33
	a5: 24
--------------
Threshold: 0,20
--------------
	a3: 70
	a1: 33
	a5: 24
--------------
Threshold: 0,30
--------------
	a3: 41
	a1: 24
	a3 | a5: 18
	a2 | a3: 18
	a5: 16
	a1 | a5: 7
	a1 | a3: 4
--------------
Threshold: 0,40
--------------
	a3 | a5: 73
	a1 | a3: 24
	a2 | a3: 19
	a1 | a5: 11
--------------
Threshold: 0,50
--------------
	a3 | a5: 71
	a1 | a3: 24
	a2 | a3: 17
	a1 | a5: 11
	a2 | a3 | a5: 4
--------------
Threshold: 0,60
--------------
	a1 | a3 | a5: 61
	a2 | a3 | a5: 39
	a3 | a5: 19
	a1 | a3: 6
--------------
Threshold: 0,70
--------------
	a1 | a3 | a5: 79
	a2 | a3 | a5: 40
	a1 | a2 | a3 | a5: 6
--------------
Threshold: 0,80
--------------
	a1 | a2 | a3 | a5: 106
	a1 | a3 | a5: 21
*********************************************************************************
All potential concepts based on thresholds
	a3 a5 ~#~ a2 a3 ~#~ a1 a5 ~#~ a1 a3 ~#~ a2 a3 a5 ~#~ a1 a3 a5 ~#~ a1 a2 a3 a5 ~#~ 
*********************************************************************************
--------------
Threshold: 0,10
--------------
	a5: 68
	a1: 51
	a4: 5
	a6: 4
--------------
Threshold: 0,20
--------------
	a5: 68
	a1: 51
	a4: 5
	a6: 4
--------------
Threshold: 0,30
--------------
	a1 | a5: 36
	a1: 34
	a5: 33
	a1 | a6: 9
	a5 | a6: 6
	a4 | a5: 6
--------------
Threshold: 0,40
--------------
	a1 | a5: 66
	a5: 21
	a1 | a6: 18
	a1: 7
	a5 | a6: 6
	a4 | a5: 6
--------------
Threshold: 0,50
--------------
	a1 | a5: 67
	a1 | a6: 21
	a5 | a6: 13
	a1 | a5 | a6: 11
	a1 | a4 | a5: 6
	a1 | a4 | a6: 4
--------------
Threshold: 0,60
--------------
	a1 | a5 | a6: 61
	a1 | a5: 25
	a1 | a4 | a5: 13
	a5 | a6: 10
	a1 | a4 | a6: 9
	a1 | a6: 8
--------------
Threshold: 0,70
--------------
	a1 | a5 | a6: 92
	a1 | a4 | a5 | a6: 18
	a1 | a4 | a5: 9
	a1 | a4 | a6: 6
--------------
Threshold: 0,80
--------------
	a1 | a4 | a5 | a6: 76
	a1 | a5 | a6: 37
	a1 | a2 | a5 | a6: 14
*********************************************************************************
All potential concepts based on thresholds
	a1 a5 ~#~ a1 a6 ~#~ a5 a6 ~#~ a4 a5 ~#~ a1 a5 a6 ~#~ a1 a4 a5 ~#~ a1 a4 a6 ~#~ a1 a4 a5 a6 ~#~ a1 a2 a5 a6 ~#~ 
*********************************************************************************
--------------
Threshold: 0,10
--------------
	a3: 69
	a4: 30
	a2: 28
--------------
Threshold: 0,20
--------------
	a3: 69
	a4: 30
	a2: 28
--------------
Threshold: 0,30
--------------
	a2 | a3: 46
	a3 | a4: 26
	a3: 16
	a2: 14
	a3 | a6: 11
	a4: 6
	a3 | a5: 6
--------------
Threshold: 0,40
--------------
	a2 | a3: 64
	a3 | a4: 37
	a3 | a6: 15
	a3 | a5: 9
--------------
Threshold: 0,50
--------------
	a2 | a3: 39
	a3 | a4: 25
	a2 | a3 | a4: 16
	a2 | a3 | a6: 15
	a2 | a3 | a5: 12
	a3 | a4 | a6: 6
	a3 | a5: 4
	a3 | a6: 4
--------------
Threshold: 0,60
--------------
	a2 | a3 | a6: 42
	a2 | a3 | a4: 35
	a3 | a4 | a6: 23
	a2 | a3 | a5: 14
	a3 | a4 | a5: 6
	a3 | a5 | a6: 4
--------------
Threshold: 0,70
--------------
	a2 | a3 | a4 | a6: 47
	a2 | a3 | a6: 21
	a2 | a3 | a4: 21
	a3 | a4 | a6: 12
	a2 | a3 | a5 | a6: 9
	a2 | a3 | a4 | a5: 8
	a3 | a4 | a5 | a6: 5
--------------
Threshold: 0,80
--------------
	a2 | a3 | a4 | a6: 93
	a3 | a4 | a5 | a6: 11
	a2 | a3 | a4 | a5: 8
	a2 | a3 | a5 | a6: 7
	a2 | a3 | a4 | a5 | a6: 6
*********************************************************************************
All potential concepts based on thresholds
	a2 a3 ~#~ a3 a4 ~#~ a3 a6 ~#~ a3 a5 ~#~ a2 a3 a4 ~#~ a2 a3 a6 ~#~ a2 a3 a5 ~#~ a3 a4 a6 ~#~ a3 a4 a5 ~#~ a3 a5 a6 ~#~ a2 a3 a4 a6 ~#~ a2 a3 a5 a6 ~#~ a2 a3 a4 a5 ~#~ a3 a4 a5 a6 ~#~ a2 a3 a4 a5 a6 ~#~ 
*********************************************************************************
--------------
Threshold: 0,10
--------------
	a6: 78
	a1: 34
	a5: 8
	a3: 6
--------------
Threshold: 0,20
--------------
	a6: 78
	a1: 34
	a5: 8
	a3: 6
--------------
Threshold: 0,30
--------------
	a3 | a6: 33
	a1 | a6: 27
	a4 | a6: 23
	a5 | a6: 21
	a1: 20
--------------
Threshold: 0,40
--------------
	a1 | a6: 45
	a3 | a6: 33
	a4 | a6: 26
	a5 | a6: 21
--------------
Threshold: 0,50
--------------
	a1 | a3 | a6: 39
	a1 | a6: 27
	a3 | a5 | a6: 12
	a3 | a4 | a6: 12
	a4 | a6: 10
	a5 | a6: 6
	a1 | a4 | a6: 5
	a3 | a6: 5
	a1 | a5 | a6: 5
--------------
Threshold: 0,60
--------------
	a1 | a3 | a6: 69
	a3 | a4 | a6: 16
	a1 | a4 | a6: 15
	a3 | a5 | a6: 13
	a1 | a5 | a6: 10
--------------
Threshold: 0,70
--------------
	a1 | a3 | a4 | a6: 45
	a1 | a3 | a5 | a6: 27
	a1 | a3 | a6: 24
	a1 | a2 | a3 | a6: 19
	a3 | a4 | a6: 5
	a3 | a4 | a5 | a6: 4
--------------
Threshold: 0,80
--------------
	a1 | a3 | a4 | a6: 59
	a1 | a3 | a5 | a6: 23
	a1 | a2 | a3 | a4 | a6: 17
	a1 | a3 | a4 | a5 | a6: 13
	a1 | a2 | a3 | a5 | a6: 7
	a1 | a2 | a3 | a6: 7
*********************************************************************************
All potential concepts based on thresholds
	a3 a6 ~#~ a1 a6 ~#~ a4 a6 ~#~ a5 a6 ~#~ a1 a3 a6 ~#~ a3 a5 a6 ~#~ a3 a4 a6 ~#~ a1 a4 a6 ~#~ a1 a5 a6 ~#~ a1 a3 a4 a6 ~#~ a1 a3 a5 a6 ~#~ a1 a2 a3 a6 ~#~ a3 a4 a5 a6 ~#~ a1 a2 a3 a4 a6 ~#~ a1 a3 a4 a5 a6 ~#~ a1 a2 a3 a5 a6 ~#~ 
*********************************************************************************
