dataset: rDisjunctBin.arff
								--------------
								Fold  1
								--------------
We remove max(NOISE,minNoise) groups, NOISE=1.0% -> 2, minNoise=3 we remove groups of size 3. Explanation method: IME, num. of expl. inst. 180 (fold 1). Number of bins for discretisation (simple binning) is 3.
--------------
Threshold: 0,10
--------------
	A1: 80
	A2: 54
	A3: 46
--------------
Threshold: 0,20
--------------
	A1: 80
	A2: 54
	A3: 46
--------------
Threshold: 0,30
--------------
	A1: 80
	A2: 54
	A3: 46
--------------
Threshold: 0,40
--------------
	A1: 62
	A2: 44
	A3: 40
	A1 | A2: 18
	A1 | A3: 12
	A2 | A3: 4
--------------
Threshold: 0,50
--------------
	A1 | A2: 41
	A1: 37
	A2: 28
	A1 | A3: 28
	A3: 23
	A2 | A3: 23
--------------
Threshold: 0,60
--------------
	A1 | A2: 51
	A2 | A3: 38
	A1 | A3: 35
	A1: 27
	A2: 16
	A3: 13
--------------
Threshold: 0,70
--------------
	A1 | A2: 61
	A1 | A3: 51
	A2 | A3: 47
	A1 | A2 | A3: 12
	A1: 5
--------------
Threshold: 0,80
--------------
	A1 | A2 | A3: 67
	A1 | A2: 50
	A2 | A3: 33
	A1 | A3: 28
*********************************************************************************
All potential concepts based on thresholds
	A1 A2 ~#~ A1 A3 ~#~ A2 A3 ~#~ A1 A2 A3 ~#~ 
*********************************************************************************
								--------------
								Fold  2
								--------------
We remove max(NOISE,minNoise) groups, NOISE=1.0% -> 2, minNoise=3 we remove groups of size 3. Explanation method: IME, num. of expl. inst. 180 (fold 2). Number of bins for discretisation (simple binning) is 3.
--------------
Threshold: 0,10
--------------
	A1: 69
	A3: 60
	A2: 51
--------------
Threshold: 0,20
--------------
	A1: 69
	A3: 60
	A2: 51
--------------
Threshold: 0,30
--------------
	A1: 69
	A3: 60
	A2: 51
--------------
Threshold: 0,40
--------------
	A1: 53
	A3: 53
	A2: 46
	A1 | A3: 15
	A1 | A2: 7
	A2 | A3: 6
--------------
Threshold: 0,50
--------------
	A2: 39
	A1 | A3: 33
	A1: 32
	A3: 32
	A1 | A2: 25
	A2 | A3: 19
--------------
Threshold: 0,60
--------------
	A1 | A2: 48
	A1 | A3: 47
	A2 | A3: 29
	A2: 19
	A3: 19
	A1: 18
--------------
Threshold: 0,70
--------------
	A1 | A3: 62
	A1 | A2: 56
	A2 | A3: 39
	A1 | A2 | A3: 12
	A2: 6
--------------
Threshold: 0,80
--------------
	A1 | A2 | A3: 65
	A1 | A2: 41
	A1 | A3: 41
	A2 | A3: 32
*********************************************************************************
All potential concepts based on thresholds
	A1 A3 ~#~ A1 A2 ~#~ A2 A3 ~#~ A1 A2 A3 ~#~ 
*********************************************************************************
								--------------
								Fold  3
								--------------
We remove max(NOISE,minNoise) groups, NOISE=1.0% -> 2, minNoise=3 we remove groups of size 3. Explanation method: IME, num. of expl. inst. 180 (fold 3). Number of bins for discretisation (simple binning) is 3.
--------------
Threshold: 0,10
--------------
	A1: 73
	A3: 59
	A2: 48
--------------
Threshold: 0,20
--------------
	A1: 73
	A3: 59
	A2: 48
--------------
Threshold: 0,30
--------------
	A1: 73
	A3: 59
	A2: 48
--------------
Threshold: 0,40
--------------
	A1: 61
	A3: 51
	A2: 40
	A1 | A3: 13
	A1 | A2: 11
	A2 | A3: 4
--------------
Threshold: 0,50
--------------
	A1 | A3: 45
	A1 | A2: 33
	A1: 30
	A2: 29
	A3: 28
	A2 | A3: 15
--------------
Threshold: 0,60
--------------
	A1 | A3: 59
	A1 | A2: 41
	A2 | A3: 28
	A1: 19
	A2: 17
	A3: 16
--------------
Threshold: 0,70
--------------
	A1 | A3: 70
	A1 | A2: 49
	A2 | A3: 36
	A1 | A2 | A3: 11
	A1: 6
	A2: 4
	A3: 4
--------------
Threshold: 0,80
--------------
	A1 | A2 | A3: 79
	A1 | A3: 43
	A1 | A2: 29
	A2 | A3: 28
*********************************************************************************
All potential concepts based on thresholds
	A1 A3 ~#~ A1 A2 ~#~ A2 A3 ~#~ A1 A2 A3 ~#~ 
*********************************************************************************
								--------------
								Fold  4
								--------------
We remove max(NOISE,minNoise) groups, NOISE=1.0% -> 2, minNoise=3 we remove groups of size 3. Explanation method: IME, num. of expl. inst. 180 (fold 4). Number of bins for discretisation (simple binning) is 3.
--------------
Threshold: 0,10
--------------
	A1: 73
	A3: 56
	A2: 51
--------------
Threshold: 0,20
--------------
	A1: 73
	A3: 56
	A2: 51
--------------
Threshold: 0,30
--------------
	A1: 73
	A3: 56
	A2: 51
--------------
Threshold: 0,40
--------------
	A1: 56
	A2: 46
	A3: 44
	A1 | A3: 15
	A1 | A2: 11
	A2 | A3: 8
--------------
Threshold: 0,50
--------------
	A1 | A2: 36
	A1: 35
	A3: 33
	A1 | A3: 29
	A2: 27
	A2 | A3: 20
--------------
Threshold: 0,60
--------------
	A1 | A2: 47
	A1 | A3: 40
	A2 | A3: 29
	A1: 25
	A3: 23
	A2: 16
--------------
Threshold: 0,70
--------------
	A1 | A2: 63
	A1 | A3: 50
	A2 | A3: 40
	A1 | A2 | A3: 15
	A3: 6
	A1: 4
--------------
Threshold: 0,80
--------------
	A1 | A2 | A3: 69
	A1 | A2: 41
	A1 | A3: 41
	A2 | A3: 29
*********************************************************************************
All potential concepts based on thresholds
	A1 A3 ~#~ A1 A2 ~#~ A2 A3 ~#~ A1 A2 A3 ~#~ 
*********************************************************************************
								--------------
								Fold  5
								--------------
We remove max(NOISE,minNoise) groups, NOISE=1.0% -> 2, minNoise=3 we remove groups of size 3. Explanation method: IME, num. of expl. inst. 180 (fold 5). Number of bins for discretisation (simple binning) is 3.
--------------
Threshold: 0,10
--------------
	A3: 63
	A1: 60
	A2: 57
--------------
Threshold: 0,20
--------------
	A3: 63
	A1: 60
	A2: 57
--------------
Threshold: 0,30
--------------
	A3: 63
	A1: 60
	A2: 57
--------------
Threshold: 0,40
--------------
	A3: 51
	A1: 45
	A2: 43
	A2 | A3: 16
	A1 | A2: 16
	A1 | A3: 9
--------------
Threshold: 0,50
--------------
	A1 | A2: 37
	A3: 34
	A1 | A3: 34
	A2 | A3: 28
	A1: 26
	A2: 21
--------------
Threshold: 0,60
--------------
	A1 | A3: 51
	A1 | A2: 46
	A2 | A3: 35
	A3: 23
	A2: 14
	A1: 11
--------------
Threshold: 0,70
--------------
	A1 | A3: 60
	A1 | A2: 48
	A2 | A3: 44
	A1 | A2 | A3: 22
--------------
Threshold: 0,80
--------------
	A1 | A2 | A3: 84
	A1 | A3: 42
	A1 | A2: 28
	A2 | A3: 26
*********************************************************************************
All potential concepts based on thresholds
	A2 A3 ~#~ A1 A2 ~#~ A1 A3 ~#~ A1 A2 A3 ~#~ 
*********************************************************************************
								--------------
								Fold  6
								--------------
We remove max(NOISE,minNoise) groups, NOISE=1.0% -> 2, minNoise=3 we remove groups of size 3. Explanation method: IME, num. of expl. inst. 180 (fold 6). Number of bins for discretisation (simple binning) is 3.
--------------
Threshold: 0,10
--------------
	A1: 67
	A2: 65
	A3: 48
--------------
Threshold: 0,20
--------------
	A1: 67
	A2: 65
	A3: 48
--------------
Threshold: 0,30
--------------
	A1: 67
	A2: 65
	A3: 48
--------------
Threshold: 0,40
--------------
	A2: 56
	A1: 50
	A3: 43
	A1 | A2: 15
	A1 | A3: 10
	A2 | A3: 6
--------------
Threshold: 0,50
--------------
	A2: 38
	A1: 31
	A3: 31
	A1 | A2: 29
	A1 | A3: 28
	A2 | A3: 23
--------------
Threshold: 0,60
--------------
	A1 | A2: 47
	A1 | A3: 37
	A2 | A3: 35
	A3: 22
	A2: 21
	A1: 18
--------------
Threshold: 0,70
--------------
	A1 | A2: 58
	A1 | A3: 51
	A2 | A3: 46
	A1 | A2 | A3: 15
	A2: 5
--------------
Threshold: 0,80
--------------
	A1 | A2 | A3: 68
	A1 | A2: 43
	A2 | A3: 37
	A1 | A3: 32
*********************************************************************************
All potential concepts based on thresholds
	A1 A2 ~#~ A1 A3 ~#~ A2 A3 ~#~ A1 A2 A3 ~#~ 
*********************************************************************************
								--------------
								Fold  7
								--------------
We remove max(NOISE,minNoise) groups, NOISE=1.0% -> 2, minNoise=3 we remove groups of size 3. Explanation method: IME, num. of expl. inst. 180 (fold 7). Number of bins for discretisation (simple binning) is 3.
--------------
Threshold: 0,10
--------------
	A1: 62
	A2: 62
	A3: 56
--------------
Threshold: 0,20
--------------
	A1: 62
	A2: 62
	A3: 56
--------------
Threshold: 0,30
--------------
	A1: 62
	A2: 62
	A3: 56
--------------
Threshold: 0,40
--------------
	A2: 54
	A1: 49
	A3: 47
	A1 | A3: 12
	A2 | A3: 10
	A1 | A2: 8
--------------
Threshold: 0,50
--------------
	A1: 34
	A3: 34
	A1 | A2: 32
	A2: 28
	A1 | A3: 27
	A2 | A3: 25
--------------
Threshold: 0,60
--------------
	A1 | A2: 47
	A1 | A3: 39
	A2 | A3: 31
	A3: 25
	A2: 20
	A1: 18
--------------
Threshold: 0,70
--------------
	A1 | A3: 62
	A1 | A2: 54
	A2 | A3: 42
	A1 | A2 | A3: 12
	A2: 4
	A3: 4
--------------
Threshold: 0,80
--------------
	A1 | A2 | A3: 70
	A1 | A3: 48
	A1 | A2: 37
	A2 | A3: 25
*********************************************************************************
All potential concepts based on thresholds
	A1 A3 ~#~ A2 A3 ~#~ A1 A2 ~#~ A1 A2 A3 ~#~ 
*********************************************************************************
								--------------
								Fold  8
								--------------
We remove max(NOISE,minNoise) groups, NOISE=1.0% -> 2, minNoise=3 we remove groups of size 3. Explanation method: IME, num. of expl. inst. 180 (fold 8). Number of bins for discretisation (simple binning) is 3.
--------------
Threshold: 0,10
--------------
	A1: 73
	A3: 55
	A2: 52
--------------
Threshold: 0,20
--------------
	A1: 73
	A3: 55
	A2: 52
--------------
Threshold: 0,30
--------------
	A1: 73
	A3: 55
	A2: 52
--------------
Threshold: 0,40
--------------
	A1: 59
	A3: 45
	A2: 42
	A1 | A3: 12
	A2 | A3: 11
	A1 | A2: 11
--------------
Threshold: 0,50
--------------
	A1: 38
	A1 | A3: 34
	A2 | A3: 28
	A2: 27
	A1 | A2: 27
	A3: 26
--------------
Threshold: 0,60
--------------
	A1 | A3: 46
	A1 | A2: 42
	A2 | A3: 36
	A1: 29
	A3: 15
	A2: 12
--------------
Threshold: 0,70
--------------
	A1 | A3: 57
	A1 | A2: 52
	A2 | A3: 35
	A1 | A2 | A3: 21
	A1: 8
	A3: 5
--------------
Threshold: 0,80
--------------
	A1 | A2 | A3: 75
	A1 | A3: 45
	A1 | A2: 40
	A2 | A3: 20
*********************************************************************************
All potential concepts based on thresholds
	A1 A3 ~#~ A2 A3 ~#~ A1 A2 ~#~ A1 A2 A3 ~#~ 
*********************************************************************************
								--------------
								Fold  9
								--------------
We remove max(NOISE,minNoise) groups, NOISE=1.0% -> 2, minNoise=3 we remove groups of size 3. Explanation method: IME, num. of expl. inst. 180 (fold 9). Number of bins for discretisation (simple binning) is 3.
--------------
Threshold: 0,10
--------------
	A1: 86
	A2: 47
	A3: 47
--------------
Threshold: 0,20
--------------
	A1: 86
	A2: 47
	A3: 47
--------------
Threshold: 0,30
--------------
	A1: 86
	A2: 47
	A3: 47
--------------
Threshold: 0,40
--------------
	A1: 70
	A3: 38
	A2: 37
	A1 | A2: 17
	A1 | A3: 12
	A2 | A3: 6
--------------
Threshold: 0,50
--------------
	A1: 49
	A1 | A2: 32
	A2: 29
	A1 | A3: 28
	A3: 27
	A2 | A3: 15
--------------
Threshold: 0,60
--------------
	A1 | A2: 47
	A1 | A3: 42
	A1: 34
	A2 | A3: 21
	A3: 19
	A2: 17
--------------
Threshold: 0,70
--------------
	A1 | A2: 66
	A1 | A3: 55
	A2 | A3: 31
	A1 | A2 | A3: 16
	A1: 7
	A3: 4
--------------
Threshold: 0,80
--------------
	A1 | A2 | A3: 68
	A1 | A2: 45
	A1 | A3: 42
	A2 | A3: 24
*********************************************************************************
All potential concepts based on thresholds
	A1 A2 ~#~ A1 A3 ~#~ A2 A3 ~#~ A1 A2 A3 ~#~ 
*********************************************************************************
								--------------
								Fold 10
								--------------
We remove max(NOISE,minNoise) groups, NOISE=1.0% -> 2, minNoise=3 we remove groups of size 3. Explanation method: IME, num. of expl. inst. 180 (fold 10). Number of bins for discretisation (simple binning) is 3.
--------------
Threshold: 0,10
--------------
	A2: 69
	A1: 56
	A3: 55
--------------
Threshold: 0,20
--------------
	A2: 69
	A1: 56
	A3: 55
--------------
Threshold: 0,30
--------------
	A2: 69
	A1: 56
	A3: 55
--------------
Threshold: 0,40
--------------
	A2: 56
	A1: 46
	A3: 46
	A1 | A2: 16
	A2 | A3: 9
	A1 | A3: 7
--------------
Threshold: 0,50
--------------
	A2: 42
	A1 | A2: 34
	A3: 32
	A1: 26
	A1 | A3: 25
	A2 | A3: 21
--------------
Threshold: 0,60
--------------
	A1 | A2: 57
	A1 | A3: 35
	A2 | A3: 34
	A2: 23
	A1: 16
	A3: 15
--------------
Threshold: 0,70
--------------
	A1 | A2: 74
	A1 | A3: 44
	A2 | A3: 41
	A1 | A2 | A3: 11
	A2: 4
	A3: 4
--------------
Threshold: 0,80
--------------
	A1 | A2 | A3: 72
	A1 | A2: 48
	A2 | A3: 34
	A1 | A3: 24
*********************************************************************************
All potential concepts based on thresholds
	A1 A2 ~#~ A2 A3 ~#~ A1 A3 ~#~ A1 A2 A3 ~#~ 
*********************************************************************************
