dataset: rConcept.arff
--------------
Threshold: 0,10
--------------
	A2: 135
	A3: 25
	A1: 10
	A4: 10
--------------
Threshold: 0,20
--------------
	A2: 135
	A3: 25
	A1: 10
	A4: 10
--------------
Threshold: 0,30
--------------
	A2: 135
	A3: 24
	A1: 10
	A4: 10
--------------
Threshold: 0,40
--------------
	A2: 115
	A3: 16
	A2 | A3: 16
	A2 | A4: 12
	A1 | A2: 9
	A4: 4
	A1 | A3: 4
--------------
Threshold: 0,50
--------------
	A2: 69
	A2 | A3: 44
	A2 | A4: 35
	A1 | A2: 17
	A1 | A3: 7
	A3: 4
	A3 | A4: 4
--------------
Threshold: 0,60
--------------
	A2 | A4: 58
	A2 | A3: 56
	A2: 24
	A1 | A2: 23
	A1 | A3: 7
	A3 | A4: 4
--------------
Threshold: 0,70
--------------
	A2 | A3: 55
	A2 | A4: 47
	A2 | A3 | A4: 23
	A1 | A2 | A3: 21
	A1 | A2: 15
	A1 | A2 | A4: 5
	A2: 4
	A1 | A3: 4
--------------
Threshold: 0,80
--------------
	A2 | A3 | A4: 49
	A1 | A2 | A3: 45
	A2 | A3: 19
	A2 | A4: 17
	A1 | A2 | A3 | A4: 12
	A1 | A2 | A4: 11
	A1 | A2: 11
	A2 | A4 | A5: 6
	A2 | A3 | A5: 5
*********************************************************************************
All potential concepts based on thresholds
	A2 A3 ~#~ A2 A4 ~#~ A1 A2 ~#~ A1 A3 ~#~ A3 A4 ~#~ A2 A3 A4 ~#~ A1 A2 A3 ~#~ A1 A2 A4 ~#~ A1 A2 A3 A4 ~#~ A2 A4 A5 ~#~ A2 A3 A5 ~#~ 
*********************************************************************************
--------------
Threshold: 0,10
--------------
	A2: 123
	A3: 36
	A4: 13
	A1: 8
--------------
Threshold: 0,20
--------------
	A2: 123
	A3: 36
	A4: 13
	A1: 8
--------------
Threshold: 0,30
--------------
	A2: 123
	A3: 35
	A4: 13
	A1: 8
--------------
Threshold: 0,40
--------------
	A2: 106
	A3: 22
	A2 | A3: 18
	A2 | A4: 10
	A1 | A2: 8
	A1: 4
	A4: 4
--------------
Threshold: 0,50
--------------
	A2: 68
	A2 | A3: 48
	A2 | A4: 22
	A1 | A2: 20
	A3: 7
	A1 | A3: 7
	A3 | A4: 5
--------------
Threshold: 0,60
--------------
	A2 | A3: 66
	A2 | A4: 41
	A1 | A2: 26
	A2: 25
	A1 | A3: 9
--------------
Threshold: 0,70
--------------
	A2 | A3: 52
	A2 | A4: 38
	A1 | A2: 24
	A1 | A2 | A3: 21
	A2 | A3 | A4: 15
	A2: 6
	A1 | A2 | A4: 6
	A1 | A3: 6
--------------
Threshold: 0,80
--------------
	A1 | A2 | A3: 62
	A2 | A3 | A4: 34
	A2 | A3: 18
	A1 | A2 | A4: 15
	A2 | A4: 13
	A1 | A2: 12
	A1 | A2 | A3 | A4: 9
	A2 | A4 | A5: 6
	A2 | A3 | A5: 4
*********************************************************************************
All potential concepts based on thresholds
	A2 A3 ~#~ A2 A4 ~#~ A1 A2 ~#~ A1 A3 ~#~ A3 A4 ~#~ A1 A2 A3 ~#~ A2 A3 A4 ~#~ A1 A2 A4 ~#~ A1 A2 A3 A4 ~#~ A2 A4 A5 ~#~ A2 A3 A5 ~#~ 
*********************************************************************************
--------------
Threshold: 0,10
--------------
	A2: 138
	A3: 30
	A4: 10
--------------
Threshold: 0,20
--------------
	A2: 138
	A3: 30
	A4: 10
--------------
Threshold: 0,30
--------------
	A2: 138
	A3: 28
	A4: 9
--------------
Threshold: 0,40
--------------
	A2: 119
	A3: 21
	A2 | A3: 13
	A2 | A4: 10
	A1 | A3: 6
	A4: 5
--------------
Threshold: 0,50
--------------
	A2: 80
	A2 | A3: 37
	A2 | A4: 28
	A1 | A2: 15
	A1 | A3: 11
	A3: 7
--------------
Threshold: 0,60
--------------
	A2 | A3: 53
	A2 | A4: 50
	A2: 28
	A1 | A2: 28
	A1 | A3: 12
	A2 | A3 | A4: 4
--------------
Threshold: 0,70
--------------
	A2 | A3: 52
	A2 | A4: 44
	A1 | A2: 30
	A2 | A3 | A4: 19
	A1 | A2 | A3: 16
	A1 | A3: 7
--------------
Threshold: 0,80
--------------
	A1 | A2 | A3: 60
	A2 | A3 | A4: 36
	A2 | A3: 23
	A2 | A4: 18
	A1 | A2 | A4: 10
	A1 | A2: 10
	A2 | A4 | A5: 7
	A1 | A2 | A3 | A4: 5
*********************************************************************************
All potential concepts based on thresholds
	A2 A3 ~#~ A2 A4 ~#~ A1 A3 ~#~ A1 A2 ~#~ A2 A3 A4 ~#~ A1 A2 A3 ~#~ A1 A2 A4 ~#~ A2 A4 A5 ~#~ A1 A2 A3 A4 ~#~ 
*********************************************************************************
--------------
Threshold: 0,10
--------------
	A2: 128
	A3: 37
	A4: 12
--------------
Threshold: 0,20
--------------
	A2: 128
	A3: 37
	A4: 12
--------------
Threshold: 0,30
--------------
	A2: 128
	A3: 35
	A4: 10
--------------
Threshold: 0,40
--------------
	A2: 109
	A3: 26
	A2 | A4: 14
	A2 | A3: 11
	A1 | A3: 7
	A1 | A2: 6
	A4: 4
--------------
Threshold: 0,50
--------------
	A2: 65
	A2 | A3: 39
	A2 | A4: 33
	A1 | A3: 16
	A1 | A2: 15
	A3: 7
--------------
Threshold: 0,60
--------------
	A2 | A3: 54
	A2 | A4: 48
	A1 | A2: 27
	A2: 21
	A1 | A3: 19
	A3: 4
--------------
Threshold: 0,70
--------------
	A2 | A3: 49
	A2 | A4: 39
	A1 | A2: 28
	A1 | A2 | A3: 21
	A2 | A3 | A4: 18
	A1 | A3: 11
	A2: 6
	A1 | A2 | A4: 5
--------------
Threshold: 0,80
--------------
	A1 | A2 | A3: 57
	A2 | A3 | A4: 38
	A2 | A3: 26
	A2 | A4: 15
	A1 | A2: 15
	A1 | A2 | A4: 12
	A1 | A2 | A3 | A4: 5
	A2 | A4 | A5: 4
*********************************************************************************
All potential concepts based on thresholds
	A2 A4 ~#~ A2 A3 ~#~ A1 A3 ~#~ A1 A2 ~#~ A1 A2 A3 ~#~ A2 A3 A4 ~#~ A1 A2 A4 ~#~ A1 A2 A3 A4 ~#~ A2 A4 A5 ~#~ 
*********************************************************************************
--------------
Threshold: 0,10
--------------
	A2: 117
	A3: 45
	A4: 10
	A1: 8
--------------
Threshold: 0,20
--------------
	A2: 117
	A3: 45
	A4: 10
	A1: 8
--------------
Threshold: 0,30
--------------
	A2: 114
	A3: 44
	A4: 10
	A1: 8
--------------
Threshold: 0,40
--------------
	A2: 100
	A3: 29
	A2 | A3: 16
	A1 | A2: 9
	A2 | A4: 8
	A1 | A3: 7
	A1: 5
--------------
Threshold: 0,50
--------------
	A2: 71
	A2 | A3: 39
	A2 | A4: 21
	A1 | A2: 20
	A1 | A3: 13
	A3: 12
	A3 | A4: 4
--------------
Threshold: 0,60
--------------
	A2 | A3: 53
	A2 | A4: 34
	A1 | A2: 30
	A2: 27
	A1 | A3: 20
	A3 | A4: 4
	A1 | A2 | A3: 4
--------------
Threshold: 0,70
--------------
	A2 | A3: 52
	A2 | A4: 31
	A1 | A2: 28
	A1 | A2 | A3: 22
	A1 | A3: 17
	A2 | A3 | A4: 12
	A2: 6
	A1 | A2 | A4: 5
--------------
Threshold: 0,80
--------------
	A1 | A2 | A3: 66
	A2 | A3: 24
	A2 | A3 | A4: 23
	A1 | A2 | A4: 16
	A2 | A4: 11
	A1 | A2: 9
	A2 | A4 | A5: 7
	A1 | A2 | A3 | A4: 6
*********************************************************************************
All potential concepts based on thresholds
	A2 A3 ~#~ A1 A2 ~#~ A2 A4 ~#~ A1 A3 ~#~ A3 A4 ~#~ A1 A2 A3 ~#~ A2 A3 A4 ~#~ A1 A2 A4 ~#~ A2 A4 A5 ~#~ A1 A2 A3 A4 ~#~ 
*********************************************************************************
--------------
Threshold: 0,10
--------------
	A2: 124
	A3: 29
	A4: 16
	A1: 11
--------------
Threshold: 0,20
--------------
	A2: 124
	A3: 29
	A4: 16
	A1: 11
--------------
Threshold: 0,30
--------------
	A2: 124
	A3: 29
	A4: 15
	A1: 11
--------------
Threshold: 0,40
--------------
	A2: 101
	A3: 20
	A2 | A3: 15
	A2 | A4: 12
	A1 | A2: 12
	A1 | A3: 7
	A4: 5
	A1: 4
	A3 | A4: 4
--------------
Threshold: 0,50
--------------
	A2: 64
	A2 | A3: 43
	A2 | A4: 27
	A1 | A2: 19
	A1 | A3: 12
	A3: 8
	A3 | A4: 7
--------------
Threshold: 0,60
--------------
	A2 | A3: 55
	A2 | A4: 42
	A1 | A2: 35
	A2: 16
	A1 | A3: 14
	A3 | A4: 7
	A2 | A3 | A4: 5
--------------
Threshold: 0,70
--------------
	A2 | A3: 46
	A2 | A4: 42
	A1 | A2 | A3: 30
	A1 | A2: 22
	A2 | A3 | A4: 14
	A1 | A3: 7
	A2: 6
	A1 | A2 | A4: 5
--------------
Threshold: 0,80
--------------
	A1 | A2 | A3: 62
	A2 | A3 | A4: 33
	A2 | A3: 20
	A1 | A2: 14
	A1 | A2 | A4: 11
	A2 | A4: 10
	A2 | A4 | A5: 10
	A1 | A3 | A4: 4
	A2 | A3 | A4 | A5: 4
	A1 | A2 | A3 | A4: 4
*********************************************************************************
All potential concepts based on thresholds
	A2 A3 ~#~ A2 A4 ~#~ A1 A2 ~#~ A1 A3 ~#~ A3 A4 ~#~ A2 A3 A4 ~#~ A1 A2 A3 ~#~ A1 A2 A4 ~#~ A2 A4 A5 ~#~ A1 A3 A4 ~#~ A2 A3 A4 A5 ~#~ A1 A2 A3 A4 ~#~ 
*********************************************************************************
--------------
Threshold: 0,10
--------------
	A2: 123
	A3: 32
	A4: 16
	A1: 9
--------------
Threshold: 0,20
--------------
	A2: 123
	A3: 32
	A4: 16
	A1: 9
--------------
Threshold: 0,30
--------------
	A2: 123
	A3: 32
	A4: 16
	A1: 8
--------------
Threshold: 0,40
--------------
	A2: 103
	A3: 21
	A2 | A3: 19
	A2 | A4: 14
	A1 | A3: 7
	A4: 6
	A1 | A2: 5
--------------
Threshold: 0,50
--------------
	A2: 56
	A2 | A3: 48
	A2 | A4: 29
	A1 | A2: 18
	A1 | A3: 17
	A3: 7
--------------
Threshold: 0,60
--------------
	A2 | A3: 53
	A2 | A4: 49
	A1 | A2: 24
	A1 | A3: 20
	A2: 18
	A2 | A3 | A4: 6
--------------
Threshold: 0,70
--------------
	A2 | A4: 45
	A2 | A3: 44
	A1 | A2 | A3: 26
	A1 | A2: 20
	A2 | A3 | A4: 15
	A1 | A3: 14
	A1 | A2 | A4: 5
--------------
Threshold: 0,80
--------------
	A1 | A2 | A3: 64
	A2 | A3 | A4: 32
	A1 | A2 | A4: 15
	A2 | A3: 14
	A2 | A4: 14
	A2 | A4 | A5: 11
	A1 | A2: 9
	A1 | A2 | A3 | A4: 7
	A2 | A3 | A4 | A5: 4
*********************************************************************************
All potential concepts based on thresholds
	A2 A3 ~#~ A2 A4 ~#~ A1 A3 ~#~ A1 A2 ~#~ A2 A3 A4 ~#~ A1 A2 A3 ~#~ A1 A2 A4 ~#~ A2 A4 A5 ~#~ A1 A2 A3 A4 ~#~ A2 A3 A4 A5 ~#~ 
*********************************************************************************
--------------
Threshold: 0,10
--------------
	A2: 125
	A3: 36
	A4: 12
	A1: 7
--------------
Threshold: 0,20
--------------
	A2: 125
	A3: 36
	A4: 12
	A1: 7
--------------
Threshold: 0,30
--------------
	A2: 124
	A3: 35
	A4: 11
	A1: 7
--------------
Threshold: 0,40
--------------
	A2: 102
	A3: 27
	A2 | A3: 19
	A2 | A4: 11
	A1 | A2: 6
	A1 | A3: 6
	A4: 5
--------------
Threshold: 0,50
--------------
	A2: 65
	A2 | A3: 44
	A2 | A4: 22
	A1 | A2: 18
	A3: 12
	A1 | A3: 10
--------------
Threshold: 0,60
--------------
	A2 | A3: 51
	A2 | A4: 38
	A2: 31
	A1 | A2: 27
	A1 | A3: 13
	A3: 5
	A3 | A4: 4
	A2 | A3 | A4: 4
--------------
Threshold: 0,70
--------------
	A2 | A3: 52
	A2 | A4: 30
	A1 | A2: 28
	A1 | A2 | A3: 25
	A2 | A3 | A4: 14
	A1 | A2 | A4: 8
	A1 | A3: 8
	A2: 6
--------------
Threshold: 0,80
--------------
	A1 | A2 | A3: 64
	A2 | A3: 26
	A2 | A3 | A4: 21
	A2 | A4: 16
	A1 | A2 | A4: 14
	A1 | A2 | A3 | A4: 8
	A2 | A4 | A5: 7
	A1 | A2: 6
	A1 | A3 | A4: 4
	A2 | A3 | A5: 4
*********************************************************************************
All potential concepts based on thresholds
	A2 A3 ~#~ A2 A4 ~#~ A1 A2 ~#~ A1 A3 ~#~ A3 A4 ~#~ A2 A3 A4 ~#~ A1 A2 A3 ~#~ A1 A2 A4 ~#~ A1 A2 A3 A4 ~#~ A2 A4 A5 ~#~ A1 A3 A4 ~#~ A2 A3 A5 ~#~ 
*********************************************************************************
--------------
Threshold: 0,10
--------------
	A2: 134
	A3: 28
	A1: 9
	A4: 8
--------------
Threshold: 0,20
--------------
	A2: 134
	A3: 28
	A1: 9
	A4: 8
--------------
Threshold: 0,30
--------------
	A2: 133
	A3: 28
	A1: 9
	A4: 8
--------------
Threshold: 0,40
--------------
	A2: 113
	A3: 21
	A2 | A4: 14
	A2 | A3: 11
	A1 | A2: 6
	A3 | A4: 5
	A1 | A3: 5
--------------
Threshold: 0,50
--------------
	A2: 64
	A2 | A3: 37
	A2 | A4: 35
	A1 | A2: 19
	A1 | A3: 9
	A3: 8
	A3 | A4: 6
--------------
Threshold: 0,60
--------------
	A2 | A4: 50
	A2 | A3: 49
	A1 | A2: 29
	A2: 25
	A1 | A3: 10
	A2 | A3 | A4: 8
	A3 | A4: 5
--------------
Threshold: 0,70
--------------
	A2 | A4: 50
	A2 | A3: 49
	A1 | A2: 26
	A2 | A3 | A4: 22
	A1 | A2 | A3: 10
	A1 | A3: 7
	A2: 6
	A1 | A2 | A4: 4
--------------
Threshold: 0,80
--------------
	A1 | A2 | A3: 54
	A2 | A3 | A4: 32
	A2 | A3: 23
	A1 | A2 | A4: 19
	A2 | A4: 19
	A1 | A2: 9
	A2 | A4 | A5: 5
	A2 | A3 | A4 | A5: 4
	A1 | A2 | A3 | A4: 4
*********************************************************************************
All potential concepts based on thresholds
	A2 A4 ~#~ A2 A3 ~#~ A1 A2 ~#~ A3 A4 ~#~ A1 A3 ~#~ A2 A3 A4 ~#~ A1 A2 A3 ~#~ A1 A2 A4 ~#~ A2 A4 A5 ~#~ A2 A3 A4 A5 ~#~ A1 A2 A3 A4 ~#~ 
*********************************************************************************
--------------
Threshold: 0,10
--------------
	A2: 134
	A3: 30
	A1: 8
	A4: 8
--------------
Threshold: 0,20
--------------
	A2: 134
	A3: 30
	A1: 8
	A4: 8
--------------
Threshold: 0,30
--------------
	A2: 134
	A3: 29
	A1: 8
	A4: 7
--------------
Threshold: 0,40
--------------
	A2: 110
	A3: 21
	A2 | A3: 14
	A2 | A4: 12
	A1 | A2: 8
	A4: 6
	A1: 4
	A1 | A3: 4
--------------
Threshold: 0,50
--------------
	A2: 62
	A2 | A3: 47
	A2 | A4: 31
	A1 | A2: 20
	A1 | A3: 11
--------------
Threshold: 0,60
--------------
	A2 | A3: 62
	A2 | A4: 45
	A1 | A2: 30
	A2: 25
	A1 | A3: 13
--------------
Threshold: 0,70
--------------
	A2 | A3: 57
	A2 | A4: 37
	A1 | A2 | A3: 25
	A1 | A2: 25
	A2 | A3 | A4: 12
	A1 | A2 | A4: 7
	A1 | A3: 7
--------------
Threshold: 0,80
--------------
	A1 | A2 | A3: 60
	A2 | A3 | A4: 28
	A2 | A3: 26
	A1 | A2 | A4: 19
	A1 | A2: 12
	A2 | A4: 10
	A1 | A2 | A3 | A4: 8
	A1 | A3: 4
*********************************************************************************
All potential concepts based on thresholds
	A2 A3 ~#~ A2 A4 ~#~ A1 A2 ~#~ A1 A3 ~#~ A1 A2 A3 ~#~ A2 A3 A4 ~#~ A1 A2 A4 ~#~ A1 A2 A3 A4 ~#~ 
*********************************************************************************
dataset: rDisjunctBin.arff
--------------
Threshold: 0,10
--------------
	A1: 72
	A2: 56
	A3: 52
--------------
Threshold: 0,20
--------------
	A1: 72
	A2: 56
	A3: 52
--------------
Threshold: 0,30
--------------
	A1: 72
	A2: 56
	A3: 52
--------------
Threshold: 0,40
--------------
	A1: 59
	A2: 46
	A3: 40
	A1 | A2: 13
	A2 | A3: 12
	A1 | A3: 10
--------------
Threshold: 0,50
--------------
	A1: 40
	A1 | A2: 34
	A1 | A3: 29
	A2: 28
	A2 | A3: 27
	A3: 22
--------------
Threshold: 0,60
--------------
	A1 | A2: 46
	A1 | A3: 39
	A2 | A3: 32
	A1: 28
	A2: 22
	A3: 13
--------------
Threshold: 0,70
--------------
	A1 | A2: 63
	A1 | A3: 50
	A2 | A3: 36
	A1 | A2 | A3: 17
	A1: 7
	A3: 4
--------------
Threshold: 0,80
--------------
	A1 | A2 | A3: 66
	A1 | A2: 51
	A1 | A3: 37
	A2 | A3: 24
*********************************************************************************
All potential concepts based on thresholds
	A1 A2 ~#~ A2 A3 ~#~ A1 A3 ~#~ A1 A2 A3 ~#~ 
*********************************************************************************
--------------
Threshold: 0,10
--------------
	A2: 69
	A1: 67
	A3: 44
--------------
Threshold: 0,20
--------------
	A2: 69
	A1: 67
	A3: 44
--------------
Threshold: 0,30
--------------
	A2: 69
	A1: 67
	A3: 44
--------------
Threshold: 0,40
--------------
	A1: 58
	A2: 57
	A3: 39
	A1 | A2: 11
	A2 | A3: 8
	A1 | A3: 7
--------------
Threshold: 0,50
--------------
	A2: 40
	A1: 38
	A3: 27
	A1 | A2: 27
	A2 | A3: 25
	A1 | A3: 23
--------------
Threshold: 0,60
--------------
	A1 | A2: 45
	A2 | A3: 43
	A1 | A3: 35
	A1: 22
	A2: 20
	A3: 15
--------------
Threshold: 0,70
--------------
	A1 | A2: 54
	A2 | A3: 53
	A1 | A3: 47
	A1 | A2 | A3: 10
	A2: 6
	A3: 6
	A1: 4
--------------
Threshold: 0,80
--------------
	A1 | A2 | A3: 63
	A1 | A3: 42
	A1 | A2: 39
	A2 | A3: 36
*********************************************************************************
All potential concepts based on thresholds
	A1 A2 ~#~ A2 A3 ~#~ A1 A3 ~#~ A1 A2 A3 ~#~ 
*********************************************************************************
--------------
Threshold: 0,10
--------------
	A1: 68
	A3: 57
	A2: 55
--------------
Threshold: 0,20
--------------
	A1: 68
	A3: 57
	A2: 55
--------------
Threshold: 0,30
--------------
	A1: 68
	A3: 57
	A2: 55
--------------
Threshold: 0,40
--------------
	A1: 54
	A3: 47
	A2: 46
	A1 | A3: 13
	A1 | A2: 12
	A2 | A3: 8
--------------
Threshold: 0,50
--------------
	A1: 35
	A1 | A3: 34
	A3: 32
	A2: 31
	A1 | A2: 25
	A2 | A3: 23
--------------
Threshold: 0,60
--------------
	A1 | A3: 47
	A1 | A2: 43
	A2 | A3: 37
	A1: 21
	A3: 17
	A2: 15
--------------
Threshold: 0,70
--------------
	A1 | A3: 62
	A2 | A3: 49
	A1 | A2: 49
	A1 | A2 | A3: 11
	A1: 4
--------------
Threshold: 0,80
--------------
	A1 | A2 | A3: 71
	A1 | A3: 41
	A2 | A3: 34
	A1 | A2: 33
*********************************************************************************
All potential concepts based on thresholds
	A1 A3 ~#~ A1 A2 ~#~ A2 A3 ~#~ A1 A2 A3 ~#~ 
*********************************************************************************
--------------
Threshold: 0,10
--------------
	A1: 64
	A3: 61
	A2: 55
--------------
Threshold: 0,20
--------------
	A1: 64
	A3: 61
	A2: 55
--------------
Threshold: 0,30
--------------
	A1: 64
	A3: 61
	A2: 55
--------------
Threshold: 0,40
--------------
	A1: 54
	A3: 53
	A2: 42
	A1 | A2: 15
	A2 | A3: 9
	A1 | A3: 7
--------------
Threshold: 0,50
--------------
	A3: 37
	A1: 34
	A1 | A2: 33
	A2: 29
	A1 | A3: 25
	A2 | A3: 22
--------------
Threshold: 0,60
--------------
	A1 | A2: 44
	A1 | A3: 44
	A2 | A3: 33
	A1: 22
	A3: 19
	A2: 18
--------------
Threshold: 0,70
--------------
	A1 | A2: 58
	A1 | A3: 58
	A2 | A3: 41
	A1 | A2 | A3: 14
	A1: 5
--------------
Threshold: 0,80
--------------
	A1 | A2 | A3: 65
	A1 | A3: 49
	A1 | A2: 42
	A2 | A3: 24
*********************************************************************************
All potential concepts based on thresholds
	A1 A2 ~#~ A2 A3 ~#~ A1 A3 ~#~ A1 A2 A3 ~#~ 
*********************************************************************************
--------------
Threshold: 0,10
--------------
	A3: 71
	A1: 62
	A2: 47
--------------
Threshold: 0,20
--------------
	A3: 71
	A1: 62
	A2: 47
--------------
Threshold: 0,30
--------------
	A3: 71
	A1: 62
	A2: 47
--------------
Threshold: 0,40
--------------
	A3: 57
	A1: 48
	A2: 36
	A1 | A2: 15
	A1 | A3: 15
	A2 | A3: 9
--------------
Threshold: 0,50
--------------
	A3: 42
	A1 | A3: 38
	A1 | A2: 31
	A1: 28
	A2: 24
	A2 | A3: 17
--------------
Threshold: 0,60
--------------
	A1 | A3: 50
	A1 | A2: 45
	A2 | A3: 34
	A3: 23
	A1: 19
	A2: 9
--------------
Threshold: 0,70
--------------
	A1 | A3: 63
	A1 | A2: 45
	A2 | A3: 36
	A1 | A2 | A3: 19
	A1: 7
	A3: 6
	A2: 4
--------------
Threshold: 0,80
--------------
	A1 | A2 | A3: 82
	A1 | A3: 36
	A2 | A3: 30
	A1 | A2: 30
*********************************************************************************
All potential concepts based on thresholds
	A1 A2 ~#~ A1 A3 ~#~ A2 A3 ~#~ A1 A2 A3 ~#~ 
*********************************************************************************
--------------
Threshold: 0,10
--------------
	A2: 65
	A1: 63
	A3: 52
--------------
Threshold: 0,20
--------------
	A2: 65
	A1: 63
	A3: 52
--------------
Threshold: 0,30
--------------
	A2: 65
	A1: 63
	A3: 52
--------------
Threshold: 0,40
--------------
	A1: 53
	A2: 53
	A3: 42
	A2 | A3: 12
	A1 | A2: 12
	A1 | A3: 8
--------------
Threshold: 0,50
--------------
	A1 | A2: 35
	A1: 33
	A3: 33
	A2: 32
	A2 | A3: 25
	A1 | A3: 22
--------------
Threshold: 0,60
--------------
	A1 | A2: 58
	A2 | A3: 34
	A1 | A3: 32
	A3: 24
	A1: 16
	A2: 16
--------------
Threshold: 0,70
--------------
	A1 | A2: 69
	A1 | A3: 45
	A2 | A3: 41
	A1 | A2 | A3: 12
	A3: 6
	A2: 4
--------------
Threshold: 0,80
--------------
	A1 | A2 | A3: 70
	A1 | A2: 45
	A1 | A3: 34
	A2 | A3: 30
*********************************************************************************
All potential concepts based on thresholds
	A2 A3 ~#~ A1 A2 ~#~ A1 A3 ~#~ A1 A2 A3 ~#~ 
*********************************************************************************
--------------
Threshold: 0,10
--------------
	A2: 68
	A1: 58
	A3: 54
--------------
Threshold: 0,20
--------------
	A2: 68
	A1: 58
	A3: 54
--------------
Threshold: 0,30
--------------
	A2: 68
	A1: 58
	A3: 54
--------------
Threshold: 0,40
--------------
	A2: 51
	A1: 46
	A3: 46
	A1 | A2: 16
	A1 | A3: 11
	A2 | A3: 10
--------------
Threshold: 0,50
--------------
	A1 | A2: 41
	A3: 35
	A2: 31
	A1: 27
	A2 | A3: 24
	A1 | A3: 22
--------------
Threshold: 0,60
--------------
	A1 | A2: 53
	A1 | A3: 38
	A2 | A3: 32
	A1: 22
	A2: 18
	A3: 17
--------------
Threshold: 0,70
--------------
	A1 | A2: 68
	A1 | A3: 53
	A2 | A3: 35
	A1 | A2 | A3: 15
	A1: 4
--------------
Threshold: 0,80
--------------
	A1 | A2 | A3: 75
	A1 | A2: 46
	A1 | A3: 40
	A2 | A3: 19
*********************************************************************************
All potential concepts based on thresholds
	A1 A2 ~#~ A1 A3 ~#~ A2 A3 ~#~ A1 A2 A3 ~#~ 
*********************************************************************************
--------------
Threshold: 0,10
--------------
	A1: 80
	A2: 52
	A3: 48
--------------
Threshold: 0,20
--------------
	A1: 80
	A2: 52
	A3: 48
--------------
Threshold: 0,30
--------------
	A1: 80
	A2: 52
	A3: 48
--------------
Threshold: 0,40
--------------
	A1: 64
	A2: 45
	A3: 42
	A1 | A3: 13
	A1 | A2: 12
	A2 | A3: 4
--------------
Threshold: 0,50
--------------
	A1: 40
	A3: 32
	A1 | A2: 32
	A1 | A3: 30
	A2: 26
	A2 | A3: 20
--------------
Threshold: 0,60
--------------
	A1 | A2: 49
	A1 | A3: 48
	A2 | A3: 30
	A1: 21
	A3: 17
	A2: 15
--------------
Threshold: 0,70
--------------
	A1 | A3: 60
	A1 | A2: 59
	A2 | A3: 37
	A1 | A2 | A3: 10
	A1: 7
	A3: 4
--------------
Threshold: 0,80
--------------
	A1 | A2 | A3: 71
	A1 | A2: 41
	A1 | A3: 40
	A2 | A3: 28
*********************************************************************************
All potential concepts based on thresholds
	A1 A3 ~#~ A1 A2 ~#~ A2 A3 ~#~ A1 A2 A3 ~#~ 
*********************************************************************************
--------------
Threshold: 0,10
--------------
	A1: 75
	A3: 60
	A2: 45
--------------
Threshold: 0,20
--------------
	A1: 75
	A3: 60
	A2: 45
--------------
Threshold: 0,30
--------------
	A1: 75
	A3: 60
	A2: 45
--------------
Threshold: 0,40
--------------
	A1: 62
	A3: 49
	A2: 38
	A1 | A2: 13
	A1 | A3: 11
	A2 | A3: 7
--------------
Threshold: 0,50
--------------
	A1: 45
	A3: 36
	A2: 29
	A1 | A2: 28
	A1 | A3: 27
	A2 | A3: 15
--------------
Threshold: 0,60
--------------
	A1 | A3: 47
	A1 | A2: 45
	A2 | A3: 29
	A1: 28
	A3: 17
	A2: 14
--------------
Threshold: 0,70
--------------
	A1 | A3: 62
	A1 | A2: 55
	A2 | A3: 35
	A1 | A2 | A3: 12
	A1: 7
	A3: 7
--------------
Threshold: 0,80
--------------
	A1 | A2 | A3: 72
	A1 | A3: 42
	A1 | A2: 41
	A2 | A3: 25
*********************************************************************************
All potential concepts based on thresholds
	A1 A2 ~#~ A1 A3 ~#~ A2 A3 ~#~ A1 A2 A3 ~#~ 
*********************************************************************************
--------------
Threshold: 0,10
--------------
	A2: 65
	A3: 63
	A1: 52
--------------
Threshold: 0,20
--------------
	A2: 65
	A3: 63
	A1: 52
--------------
Threshold: 0,30
--------------
	A2: 65
	A3: 63
	A1: 52
--------------
Threshold: 0,40
--------------
	A2: 57
	A3: 51
	A1: 42
	A1 | A3: 14
	A2 | A3: 10
	A1 | A2: 6
--------------
Threshold: 0,50
--------------
	A3: 39
	A2: 35
	A1 | A3: 34
	A2 | A3: 25
	A1 | A2: 24
	A1: 23
--------------
Threshold: 0,60
--------------
	A1 | A3: 48
	A2 | A3: 41
	A1 | A2: 31
	A2: 26
	A3: 21
	A1: 13
--------------
Threshold: 0,70
--------------
	A1 | A3: 56
	A1 | A2: 48
	A2 | A3: 46
	A1 | A2 | A3: 12
	A2: 9
	A3: 5
	A1: 4
--------------
Threshold: 0,80
--------------
	A1 | A2 | A3: 70
	A1 | A3: 39
	A1 | A2: 38
	A2 | A3: 33
*********************************************************************************
All potential concepts based on thresholds
	A1 A3 ~#~ A2 A3 ~#~ A1 A2 ~#~ A1 A2 A3 ~#~ 
*********************************************************************************
dataset: rLinear.arff
--------------
Threshold: 0,10
--------------
	A3: 118
	A2: 53
	A1: 9
--------------
Threshold: 0,20
--------------
	A3: 118
	A2: 53
	A1: 9
--------------
Threshold: 0,30
--------------
	A3: 118
	A2: 53
	A1: 9
--------------
Threshold: 0,40
--------------
	A3: 117
	A2: 48
	A1: 6
	A2 | A3: 5
--------------
Threshold: 0,50
--------------
	A3: 91
	A2 | A3: 44
	A2: 29
	A1 | A2: 6
	A1 | A3: 6
	A1: 4
--------------
Threshold: 0,60
--------------
	A2 | A3: 80
	A3: 60
	A2: 14
	A1 | A2: 13
	A1 | A3: 12
--------------
Threshold: 0,70
--------------
	A2 | A3: 103
	A3: 30
	A1 | A3: 20
	A1 | A2: 18
	A2: 4
	A1 | A2 | A3: 4
--------------
Threshold: 0,80
--------------
	A2 | A3: 92
	A1 | A2 | A3: 36
	A1 | A3: 24
	A3: 13
	A1 | A2: 13
*********************************************************************************
All potential concepts based on thresholds
	A2 A3 ~#~ A1 A2 ~#~ A1 A3 ~#~ A1 A2 A3 ~#~ 
*********************************************************************************
--------------
Threshold: 0,10
--------------
	A3: 119
	A2: 56
	A1: 5
--------------
Threshold: 0,20
--------------
	A3: 119
	A2: 56
	A1: 5
--------------
Threshold: 0,30
--------------
	A3: 119
	A2: 56
	A1: 5
--------------
Threshold: 0,40
--------------
	A3: 117
	A2: 55
	A1: 5
--------------
Threshold: 0,50
--------------
	A3: 93
	A2 | A3: 42
	A2: 33
	A1 | A2: 7
	A1 | A3: 4
--------------
Threshold: 0,60
--------------
	A2 | A3: 94
	A3: 45
	A1 | A2: 15
	A2: 13
	A1 | A3: 12
--------------
Threshold: 0,70
--------------
	A2 | A3: 114
	A1 | A3: 23
	A1 | A2: 21
	A3: 19
--------------
Threshold: 0,80
--------------
	A2 | A3: 102
	A1 | A2 | A3: 30
	A1 | A3: 25
	A1 | A2: 13
	A3: 10
*********************************************************************************
All potential concepts based on thresholds
	A2 A3 ~#~ A1 A2 ~#~ A1 A3 ~#~ A1 A2 A3 ~#~ 
*********************************************************************************
--------------
Threshold: 0,10
--------------
	A3: 120
	A2: 54
	A1: 6
--------------
Threshold: 0,20
--------------
	A3: 120
	A2: 54
	A1: 6
--------------
Threshold: 0,30
--------------
	A3: 120
	A2: 54
	A1: 6
--------------
Threshold: 0,40
--------------
	A3: 118
	A2: 50
	A1: 4
	A2 | A3: 4
--------------
Threshold: 0,50
--------------
	A3: 97
	A2: 34
	A2 | A3: 32
	A1 | A2: 10
	A1 | A3: 5
--------------
Threshold: 0,60
--------------
	A2 | A3: 83
	A3: 53
	A2: 21
	A1 | A2: 14
	A1 | A3: 9
--------------
Threshold: 0,70
--------------
	A2 | A3: 110
	A3: 24
	A1 | A3: 20
	A1 | A2: 19
	A1 | A2 | A3: 4
--------------
Threshold: 0,80
--------------
	A2 | A3: 100
	A1 | A2 | A3: 35
	A1 | A3: 24
	A1 | A2: 14
	A3: 6
*********************************************************************************
All potential concepts based on thresholds
	A2 A3 ~#~ A1 A2 ~#~ A1 A3 ~#~ A1 A2 A3 ~#~ 
*********************************************************************************
--------------
Threshold: 0,10
--------------
	A3: 126
	A2: 52
--------------
Threshold: 0,20
--------------
	A3: 126
	A2: 52
--------------
Threshold: 0,30
--------------
	A3: 126
	A2: 52
--------------
Threshold: 0,40
--------------
	A3: 123
	A2: 49
--------------
Threshold: 0,50
--------------
	A3: 96
	A2 | A3: 42
	A2: 34
	A1 | A3: 6
--------------
Threshold: 0,60
--------------
	A2 | A3: 98
	A3: 50
	A2: 13
	A1 | A3: 12
	A1 | A2: 7
--------------
Threshold: 0,70
--------------
	A2 | A3: 124
	A3: 21
	A1 | A3: 19
	A1 | A2: 10
	A2: 4
--------------
Threshold: 0,80
--------------
	A2 | A3: 112
	A1 | A3: 25
	A1 | A2 | A3: 24
	A1 | A2: 10
	A3: 7
*********************************************************************************
All potential concepts based on thresholds
	A2 A3 ~#~ A1 A3 ~#~ A1 A2 ~#~ A1 A2 A3 ~#~ 
*********************************************************************************
--------------
Threshold: 0,10
--------------
	A3: 127
	A2: 46
	A1: 7
--------------
Threshold: 0,20
--------------
	A3: 127
	A2: 46
	A1: 7
--------------
Threshold: 0,30
--------------
	A3: 127
	A2: 46
	A1: 7
--------------
Threshold: 0,40
--------------
	A3: 122
	A2: 44
	A1: 6
	A2 | A3: 6
--------------
Threshold: 0,50
--------------
	A3: 94
	A2 | A3: 45
	A2: 28
	A1 | A3: 7
	A1 | A2: 4
--------------
Threshold: 0,60
--------------
	A2 | A3: 80
	A3: 65
	A2: 18
	A1 | A3: 8
	A1 | A2: 7
--------------
Threshold: 0,70
--------------
	A2 | A3: 98
	A3: 31
	A1 | A3: 22
	A1 | A2: 21
	A2: 5
--------------
Threshold: 0,80
--------------
	A2 | A3: 96
	A1 | A3: 29
	A1 | A2 | A3: 24
	A1 | A2: 19
	A3: 11
*********************************************************************************
All potential concepts based on thresholds
	A2 A3 ~#~ A1 A3 ~#~ A1 A2 ~#~ A1 A2 A3 ~#~ 
*********************************************************************************
--------------
Threshold: 0,10
--------------
	A3: 130
	A2: 44
	A1: 6
--------------
Threshold: 0,20
--------------
	A3: 130
	A2: 44
	A1: 6
--------------
Threshold: 0,30
--------------
	A3: 130
	A2: 44
	A1: 6
--------------
Threshold: 0,40
--------------
	A3: 126
	A2: 44
	A1: 6
--------------
Threshold: 0,50
--------------
	A3: 104
	A2 | A3: 37
	A2: 27
	A1 | A3: 6
--------------
Threshold: 0,60
--------------
	A2 | A3: 92
	A3: 53
	A2: 15
	A1 | A3: 11
	A1 | A2: 8
--------------
Threshold: 0,70
--------------
	A2 | A3: 121
	A3: 23
	A1 | A3: 19
	A1 | A2: 12
	A2: 4
--------------
Threshold: 0,80
--------------
	A2 | A3: 108
	A1 | A3: 29
	A1 | A2 | A3: 27
	A1 | A2: 8
	A3: 6
*********************************************************************************
All potential concepts based on thresholds
	A2 A3 ~#~ A1 A3 ~#~ A1 A2 ~#~ A1 A2 A3 ~#~ 
*********************************************************************************
--------------
Threshold: 0,10
--------------
	A3: 120
	A2: 53
	A1: 7
--------------
Threshold: 0,20
--------------
	A3: 120
	A2: 53
	A1: 7
--------------
Threshold: 0,30
--------------
	A3: 120
	A2: 53
	A1: 7
--------------
Threshold: 0,40
--------------
	A3: 117
	A2: 49
	A1: 7
	A2 | A3: 6
--------------
Threshold: 0,50
--------------
	A3: 92
	A2 | A3: 42
	A2: 33
	A1 | A3: 8
--------------
Threshold: 0,60
--------------
	A2 | A3: 92
	A3: 43
	A2: 16
	A1 | A3: 16
	A1 | A2: 12
--------------
Threshold: 0,70
--------------
	A2 | A3: 107
	A1 | A3: 28
	A3: 18
	A1 | A2: 17
	A2: 7
--------------
Threshold: 0,80
--------------
	A2 | A3: 100
	A1 | A2 | A3: 32
	A1 | A3: 25
	A1 | A2: 16
	A3: 6
*********************************************************************************
All potential concepts based on thresholds
	A2 A3 ~#~ A1 A3 ~#~ A1 A2 ~#~ A1 A2 A3 ~#~ 
*********************************************************************************
--------------
Threshold: 0,10
--------------
	A3: 113
	A2: 58
	A1: 9
--------------
Threshold: 0,20
--------------
	A3: 113
	A2: 58
	A1: 9
--------------
Threshold: 0,30
--------------
	A3: 113
	A2: 58
	A1: 9
--------------
Threshold: 0,40
--------------
	A3: 109
	A2: 57
	A1: 9
--------------
Threshold: 0,50
--------------
	A3: 90
	A2: 39
	A2 | A3: 35
	A1 | A3: 9
	A1 | A2: 5
--------------
Threshold: 0,60
--------------
	A2 | A3: 80
	A3: 52
	A2: 23
	A1 | A3: 15
	A1 | A2: 10
--------------
Threshold: 0,70
--------------
	A2 | A3: 107
	A3: 25
	A1 | A3: 23
	A1 | A2: 16
	A2: 8
--------------
Threshold: 0,80
--------------
	A2 | A3: 101
	A1 | A2 | A3: 26
	A1 | A3: 25
	A1 | A2: 17
	A3: 9
*********************************************************************************
All potential concepts based on thresholds
	A2 A3 ~#~ A1 A3 ~#~ A1 A2 ~#~ A1 A2 A3 ~#~ 
*********************************************************************************
--------------
Threshold: 0,10
--------------
	A3: 123
	A2: 50
	A1: 7
--------------
Threshold: 0,20
--------------
	A3: 123
	A2: 50
	A1: 7
--------------
Threshold: 0,30
--------------
	A3: 123
	A2: 50
	A1: 7
--------------
Threshold: 0,40
--------------
	A3: 121
	A2: 48
	A1: 5
--------------
Threshold: 0,50
--------------
	A3: 100
	A2: 34
	A2 | A3: 28
	A1 | A3: 8
	A1 | A2: 7
--------------
Threshold: 0,60
--------------
	A2 | A3: 78
	A3: 56
	A2: 15
	A1 | A2: 15
	A1 | A3: 14
--------------
Threshold: 0,70
--------------
	A2 | A3: 96
	A1 | A3: 33
	A1 | A2: 22
	A3: 20
	A2: 6
--------------
Threshold: 0,80
--------------
	A2 | A3: 91
	A1 | A3: 41
	A1 | A2 | A3: 26
	A1 | A2: 16
	A3: 5
*********************************************************************************
All potential concepts based on thresholds
	A2 A3 ~#~ A1 A3 ~#~ A1 A2 ~#~ A1 A2 A3 ~#~ 
*********************************************************************************
--------------
Threshold: 0,10
--------------
	A3: 125
	A2: 51
	A1: 4
--------------
Threshold: 0,20
--------------
	A3: 125
	A2: 51
	A1: 4
--------------
Threshold: 0,30
--------------
	A3: 125
	A2: 51
	A1: 4
--------------
Threshold: 0,40
--------------
	A3: 122
	A2: 48
	A2 | A3: 5
	A1: 4
--------------
Threshold: 0,50
--------------
	A3: 101
	A2 | A3: 35
	A2: 29
	A1 | A2: 6
	A1 | A3: 6
--------------
Threshold: 0,60
--------------
	A2 | A3: 77
	A3: 62
	A1 | A3: 15
	A2: 13
	A1 | A2: 12
--------------
Threshold: 0,70
--------------
	A2 | A3: 110
	A3: 28
	A1 | A3: 22
	A1 | A2: 17
--------------
Threshold: 0,80
--------------
	A2 | A3: 98
	A1 | A2 | A3: 32
	A1 | A3: 29
	A1 | A2: 12
	A3: 9
*********************************************************************************
All potential concepts based on thresholds
	A2 A3 ~#~ A1 A2 ~#~ A1 A3 ~#~ A1 A2 A3 ~#~ 
*********************************************************************************
dataset: rLinNoisy.arff
--------------
Threshold: 0,10
--------------
	A3: 119
	A2: 56
	A1: 5
--------------
Threshold: 0,20
--------------
	A3: 119
	A2: 56
	A1: 5
--------------
Threshold: 0,30
--------------
	A3: 119
	A2: 56
	A1: 5
--------------
Threshold: 0,40
--------------
	A3: 114
	A2: 55
	A1: 5
	A2 | A3: 4
--------------
Threshold: 0,50
--------------
	A3: 90
	A2 | A3: 46
	A2: 35
	A1: 4
--------------
Threshold: 0,60
--------------
	A2 | A3: 96
	A3: 46
	A2: 18
	A1 | A3: 10
	A1 | A2: 9
--------------
Threshold: 0,70
--------------
	A2 | A3: 116
	A1 | A3: 21
	A1 | A2: 18
	A3: 17
	A2: 5
--------------
Threshold: 0,80
--------------
	A2 | A3: 98
	A1 | A2 | A3: 34
	A1 | A3: 21
	A1 | A2: 17
	A3: 6
*********************************************************************************
All potential concepts based on thresholds
	A2 A3 ~#~ A1 A3 ~#~ A1 A2 ~#~ A1 A2 A3 ~#~ 
*********************************************************************************
--------------
Threshold: 0,10
--------------
	A3: 133
	A2: 43
	A1: 4
--------------
Threshold: 0,20
--------------
	A3: 133
	A2: 43
	A1: 4
--------------
Threshold: 0,30
--------------
	A3: 133
	A2: 43
	A1: 4
--------------
Threshold: 0,40
--------------
	A3: 131
	A2: 40
	A1: 4
	A2 | A3: 4
--------------
Threshold: 0,50
--------------
	A3: 111
	A2 | A3: 37
	A2: 23
	A1 | A3: 5
--------------
Threshold: 0,60
--------------
	A2 | A3: 84
	A3: 66
	A1 | A3: 14
	A2: 11
	A1 | A2: 4
--------------
Threshold: 0,70
--------------
	A2 | A3: 115
	A1 | A3: 26
	A3: 23
	A1 | A2: 8
	A2: 4
--------------
Threshold: 0,80
--------------
	A2 | A3: 115
	A1 | A3: 30
	A1 | A2 | A3: 23
	A1 | A2: 7
	A3: 4
*********************************************************************************
All potential concepts based on thresholds
	A2 A3 ~#~ A1 A3 ~#~ A1 A2 ~#~ A1 A2 A3 ~#~ 
*********************************************************************************
--------------
Threshold: 0,10
--------------
	A3: 119
	A2: 59
--------------
Threshold: 0,20
--------------
	A3: 119
	A2: 59
--------------
Threshold: 0,30
--------------
	A3: 119
	A2: 59
--------------
Threshold: 0,40
--------------
	A3: 118
	A2: 56
--------------
Threshold: 0,50
--------------
	A3: 92
	A2 | A3: 47
	A2: 32
	A1 | A3: 7
--------------
Threshold: 0,60
--------------
	A2 | A3: 98
	A3: 50
	A1 | A3: 12
	A2: 11
	A1 | A2: 9
--------------
Threshold: 0,70
--------------
	A2 | A3: 115
	A3: 24
	A1 | A3: 24
	A1 | A2: 12
--------------
Threshold: 0,80
--------------
	A2 | A3: 92
	A1 | A2 | A3: 44
	A1 | A3: 26
	A3: 9
	A1 | A2: 7
*********************************************************************************
All potential concepts based on thresholds
	A2 A3 ~#~ A1 A3 ~#~ A1 A2 ~#~ A1 A2 A3 ~#~ 
*********************************************************************************
--------------
Threshold: 0,10
--------------
	A3: 116
	A2: 56
	A1: 8
--------------
Threshold: 0,20
--------------
	A3: 116
	A2: 56
	A1: 8
--------------
Threshold: 0,30
--------------
	A3: 116
	A2: 56
	A1: 8
--------------
Threshold: 0,40
--------------
	A3: 113
	A2: 53
	A1: 8
	A2 | A3: 5
--------------
Threshold: 0,50
--------------
	A3: 83
	A2 | A3: 52
	A2: 29
	A1 | A2: 8
	A1: 5
--------------
Threshold: 0,60
--------------
	A2 | A3: 93
	A3: 48
	A1 | A2: 14
	A1 | A3: 14
	A2: 10
--------------
Threshold: 0,70
--------------
	A2 | A3: 112
	A1 | A3: 31
	A3: 16
	A1 | A2: 16
	A1 | A2 | A3: 4
--------------
Threshold: 0,80
--------------
	A2 | A3: 97
	A1 | A3: 33
	A1 | A2 | A3: 30
	A1 | A2: 13
	A3: 6
*********************************************************************************
All potential concepts based on thresholds
	A2 A3 ~#~ A1 A2 ~#~ A1 A3 ~#~ A1 A2 A3 ~#~ 
*********************************************************************************
--------------
Threshold: 0,10
--------------
	A3: 127
	A2: 44
	A1: 9
--------------
Threshold: 0,20
--------------
	A3: 127
	A2: 44
	A1: 9
--------------
Threshold: 0,30
--------------
	A3: 127
	A2: 44
	A1: 9
--------------
Threshold: 0,40
--------------
	A3: 125
	A2: 42
	A1: 8
--------------
Threshold: 0,50
--------------
	A3: 99
	A2: 30
	A2 | A3: 30
	A1 | A3: 9
	A1 | A2: 8
	A1: 4
--------------
Threshold: 0,60
--------------
	A2 | A3: 76
	A3: 55
	A1 | A3: 18
	A2: 15
	A1 | A2: 14
--------------
Threshold: 0,70
--------------
	A2 | A3: 102
	A1 | A3: 27
	A3: 23
	A1 | A2: 18
	A2: 5
--------------
Threshold: 0,80
--------------
	A2 | A3: 98
	A1 | A2 | A3: 33
	A1 | A3: 29
	A1 | A2: 14
	A3: 4
*********************************************************************************
All potential concepts based on thresholds
	A2 A3 ~#~ A1 A3 ~#~ A1 A2 ~#~ A1 A2 A3 ~#~ 
*********************************************************************************
--------------
Threshold: 0,10
--------------
	A3: 113
	A2: 61
	A1: 6
--------------
Threshold: 0,20
--------------
	A3: 113
	A2: 61
	A1: 6
--------------
Threshold: 0,30
--------------
	A3: 113
	A2: 61
	A1: 6
--------------
Threshold: 0,40
--------------
	A3: 109
	A2: 56
	A2 | A3: 7
	A1: 5
--------------
Threshold: 0,50
--------------
	A3: 89
	A2 | A3: 45
	A2: 33
	A1 | A2: 6
	A1 | A3: 4
--------------
Threshold: 0,60
--------------
	A2 | A3: 89
	A3: 48
	A2: 19
	A1 | A2: 13
	A1 | A3: 10
--------------
Threshold: 0,70
--------------
	A2 | A3: 105
	A1 | A2: 24
	A3: 23
	A1 | A3: 19
	A2: 7
--------------
Threshold: 0,80
--------------
	A2 | A3: 85
	A1 | A2 | A3: 39
	A1 | A3: 23
	A1 | A2: 22
	A3: 8
*********************************************************************************
All potential concepts based on thresholds
	A2 A3 ~#~ A1 A2 ~#~ A1 A3 ~#~ A1 A2 A3 ~#~ 
*********************************************************************************
--------------
Threshold: 0,10
--------------
	A3: 106
	A2: 68
	A1: 6
--------------
Threshold: 0,20
--------------
	A3: 106
	A2: 68
	A1: 6
--------------
Threshold: 0,30
--------------
	A3: 106
	A2: 68
	A1: 6
--------------
Threshold: 0,40
--------------
	A3: 105
	A2: 60
	A2 | A3: 8
	A1: 4
--------------
Threshold: 0,50
--------------
	A3: 86
	A2 | A3: 42
	A2: 37
	A1 | A2: 7
	A1 | A3: 6
--------------
Threshold: 0,60
--------------
	A2 | A3: 82
	A3: 50
	A2: 18
	A1 | A2: 15
	A1 | A3: 15
--------------
Threshold: 0,70
--------------
	A2 | A3: 104
	A3: 25
	A1 | A2: 20
	A1 | A3: 20
	A2: 7
	A1 | A2 | A3: 4
--------------
Threshold: 0,80
--------------
	A2 | A3: 100
	A1 | A2 | A3: 41
	A1 | A3: 22
	A1 | A2: 14
*********************************************************************************
All potential concepts based on thresholds
	A2 A3 ~#~ A1 A2 ~#~ A1 A3 ~#~ A1 A2 A3 ~#~ 
*********************************************************************************
--------------
Threshold: 0,10
--------------
	A3: 118
	A2: 55
	A1: 7
--------------
Threshold: 0,20
--------------
	A3: 118
	A2: 55
	A1: 7
--------------
Threshold: 0,30
--------------
	A3: 118
	A2: 55
	A1: 7
--------------
Threshold: 0,40
--------------
	A3: 114
	A2: 54
	A1: 7
--------------
Threshold: 0,50
--------------
	A3: 82
	A2 | A3: 44
	A2: 34
	A1 | A3: 10
	A1 | A2: 7
--------------
Threshold: 0,60
--------------
	A2 | A3: 87
	A3: 37
	A1 | A2: 23
	A1 | A3: 21
	A2: 12
--------------
Threshold: 0,70
--------------
	A2 | A3: 105
	A1 | A3: 31
	A1 | A2: 26
	A3: 13
	A2: 5
--------------
Threshold: 0,80
--------------
	A2 | A3: 91
	A1 | A2 | A3: 40
	A1 | A3: 24
	A1 | A2: 17
	A3: 6
*********************************************************************************
All potential concepts based on thresholds
	A2 A3 ~#~ A1 A3 ~#~ A1 A2 ~#~ A1 A2 A3 ~#~ 
*********************************************************************************
--------------
Threshold: 0,10
--------------
	A3: 119
	A2: 52
	A1: 9
--------------
Threshold: 0,20
--------------
	A3: 119
	A2: 52
	A1: 9
--------------
Threshold: 0,30
--------------
	A3: 119
	A2: 52
	A1: 9
--------------
Threshold: 0,40
--------------
	A3: 115
	A2: 49
	A1: 8
	A2 | A3: 4
	A1 | A3: 4
--------------
Threshold: 0,50
--------------
	A3: 94
	A2: 33
	A2 | A3: 32
	A1 | A3: 13
	A1: 4
	A1 | A2: 4
--------------
Threshold: 0,60
--------------
	A2 | A3: 82
	A3: 48
	A1 | A3: 20
	A2: 17
	A1 | A2: 11
--------------
Threshold: 0,70
--------------
	A2 | A3: 95
	A1 | A3: 32
	A3: 24
	A1 | A2: 17
	A2: 7
--------------
Threshold: 0,80
--------------
	A2 | A3: 95
	A1 | A3: 36
	A1 | A2 | A3: 30
	A1 | A2: 17
*********************************************************************************
All potential concepts based on thresholds
	A2 A3 ~#~ A1 A3 ~#~ A1 A2 ~#~ A1 A2 A3 ~#~ 
*********************************************************************************
--------------
Threshold: 0,10
--------------
	A3: 103
	A2: 71
	A1: 6
--------------
Threshold: 0,20
--------------
	A3: 103
	A2: 71
	A1: 6
--------------
Threshold: 0,30
--------------
	A3: 103
	A2: 71
	A1: 6
--------------
Threshold: 0,40
--------------
	A3: 101
	A2: 68
	A1: 5
	A2 | A3: 5
--------------
Threshold: 0,50
--------------
	A3: 85
	A2 | A3: 42
	A2: 39
	A1 | A3: 7
	A1 | A2: 4
--------------
Threshold: 0,60
--------------
	A2 | A3: 85
	A3: 48
	A1 | A3: 16
	A1 | A2: 15
	A2: 14
--------------
Threshold: 0,70
--------------
	A2 | A3: 101
	A3: 25
	A1 | A3: 25
	A1 | A2: 20
	A2: 7
--------------
Threshold: 0,80
--------------
	A2 | A3: 91
	A1 | A2 | A3: 37
	A1 | A3: 24
	A1 | A2: 20
	A3: 7
*********************************************************************************
All potential concepts based on thresholds
	A2 A3 ~#~ A1 A3 ~#~ A1 A2 ~#~ A1 A2 A3 ~#~ 
*********************************************************************************
dataset: rLocLinear.arff
--------------
Threshold: 0,10
--------------
	A4: 179
--------------
Threshold: 0,20
--------------
	A4: 179
--------------
Threshold: 0,30
--------------
	A4: 179
--------------
Threshold: 0,40
--------------
	A4: 178
--------------
Threshold: 0,50
--------------
	A4: 169
	A1 | A4: 7
--------------
Threshold: 0,60
--------------
	A4: 146
	A1 | A4: 13
	A3 | A4: 11
	A2 | A4: 10
--------------
Threshold: 0,70
--------------
	A4: 92
	A3 | A4: 31
	A2 | A4: 30
	A1 | A4: 27
--------------
Threshold: 0,80
--------------
	A4: 43
	A2 | A4: 43
	A3 | A4: 35
	A1 | A4: 27
	A1 | A3 | A4: 17
	A2 | A3 | A4: 10
	A1 | A2 | A4: 5
*********************************************************************************
All potential concepts based on thresholds
	A1 A4 ~#~ A3 A4 ~#~ A2 A4 ~#~ A1 A3 A4 ~#~ A2 A3 A4 ~#~ A1 A2 A4 ~#~ 
*********************************************************************************
--------------
Threshold: 0,10
--------------
	A4: 179
--------------
Threshold: 0,20
--------------
	A4: 179
--------------
Threshold: 0,30
--------------
	A4: 179
--------------
Threshold: 0,40
--------------
	A4: 178
--------------
Threshold: 0,50
--------------
	A4: 162
	A2 | A4: 9
	A1 | A4: 6
--------------
Threshold: 0,60
--------------
	A4: 132
	A2 | A4: 27
	A1 | A4: 11
	A3 | A4: 10
--------------
Threshold: 0,70
--------------
	A4: 69
	A2 | A4: 55
	A1 | A4: 29
	A3 | A4: 23
--------------
Threshold: 0,80
--------------
	A2 | A4: 44
	A4: 42
	A1 | A4: 32
	A3 | A4: 21
	A1 | A3 | A4: 17
	A2 | A3 | A4: 16
	A1 | A2 | A4: 8
*********************************************************************************
All potential concepts based on thresholds
	A2 A4 ~#~ A1 A4 ~#~ A3 A4 ~#~ A1 A3 A4 ~#~ A2 A3 A4 ~#~ A1 A2 A4 ~#~ 
*********************************************************************************
--------------
Threshold: 0,10
--------------
	A4: 180
--------------
Threshold: 0,20
--------------
	A4: 180
--------------
Threshold: 0,30
--------------
	A4: 180
--------------
Threshold: 0,40
--------------
	A4: 179
--------------
Threshold: 0,50
--------------
	A4: 161
	A2 | A4: 8
	A1 | A4: 7
	A3 | A4: 4
--------------
Threshold: 0,60
--------------
	A4: 128
	A2 | A4: 25
	A3 | A4: 15
	A1 | A4: 12
--------------
Threshold: 0,70
--------------
	A4: 86
	A2 | A4: 46
	A3 | A4: 28
	A1 | A4: 19
--------------
Threshold: 0,80
--------------
	A4: 50
	A2 | A4: 45
	A3 | A4: 24
	A1 | A4: 19
	A1 | A3 | A4: 18
	A2 | A3 | A4: 14
	A1 | A2 | A4: 10
*********************************************************************************
All potential concepts based on thresholds
	A2 A4 ~#~ A1 A4 ~#~ A3 A4 ~#~ A1 A3 A4 ~#~ A2 A3 A4 ~#~ A1 A2 A4 ~#~ 
*********************************************************************************
--------------
Threshold: 0,10
--------------
	A4: 179
--------------
Threshold: 0,20
--------------
	A4: 179
--------------
Threshold: 0,30
--------------
	A4: 179
--------------
Threshold: 0,40
--------------
	A4: 177
--------------
Threshold: 0,50
--------------
	A4: 167
	A2 | A4: 6
	A3 | A4: 4
--------------
Threshold: 0,60
--------------
	A4: 135
	A2 | A4: 21
	A3 | A4: 15
	A1 | A4: 9
--------------
Threshold: 0,70
--------------
	A4: 79
	A2 | A4: 42
	A3 | A4: 34
	A1 | A4: 24
--------------
Threshold: 0,80
--------------
	A2 | A4: 44
	A4: 40
	A3 | A4: 37
	A1 | A4: 28
	A1 | A3 | A4: 15
	A2 | A3 | A4: 12
	A1 | A2 | A4: 4
*********************************************************************************
All potential concepts based on thresholds
	A2 A4 ~#~ A3 A4 ~#~ A1 A4 ~#~ A1 A3 A4 ~#~ A2 A3 A4 ~#~ A1 A2 A4 ~#~ 
*********************************************************************************
--------------
Threshold: 0,10
--------------
	A4: 179
--------------
Threshold: 0,20
--------------
	A4: 179
--------------
Threshold: 0,30
--------------
	A4: 179
--------------
Threshold: 0,40
--------------
	A4: 178
--------------
Threshold: 0,50
--------------
	A4: 173
--------------
Threshold: 0,60
--------------
	A4: 131
	A2 | A4: 20
	A3 | A4: 16
	A1 | A4: 13
--------------
Threshold: 0,70
--------------
	A4: 82
	A2 | A4: 39
	A3 | A4: 31
	A1 | A4: 27
--------------
Threshold: 0,80
--------------
	A4: 52
	A2 | A4: 42
	A1 | A4: 29
	A3 | A4: 24
	A1 | A3 | A4: 15
	A2 | A3 | A4: 12
	A1 | A2 | A4: 6
*********************************************************************************
All potential concepts based on thresholds
	A2 A4 ~#~ A3 A4 ~#~ A1 A4 ~#~ A1 A3 A4 ~#~ A2 A3 A4 ~#~ A1 A2 A4 ~#~ 
*********************************************************************************
--------------
Threshold: 0,10
--------------
	A4: 180
--------------
Threshold: 0,20
--------------
	A4: 180
--------------
Threshold: 0,30
--------------
	A4: 180
--------------
Threshold: 0,40
--------------
	A4: 179
--------------
Threshold: 0,50
--------------
	A4: 169
	A2 | A4: 7
	A1 | A4: 4
--------------
Threshold: 0,60
--------------
	A4: 133
	A2 | A4: 23
	A1 | A4: 14
	A3 | A4: 10
--------------
Threshold: 0,70
--------------
	A4: 96
	A2 | A4: 39
	A1 | A4: 24
	A3 | A4: 21
--------------
Threshold: 0,80
--------------
	A4: 50
	A2 | A4: 36
	A1 | A4: 32
	A3 | A4: 26
	A2 | A3 | A4: 14
	A1 | A3 | A4: 11
	A1 | A2 | A4: 11
*********************************************************************************
All potential concepts based on thresholds
	A2 A4 ~#~ A1 A4 ~#~ A3 A4 ~#~ A2 A3 A4 ~#~ A1 A3 A4 ~#~ A1 A2 A4 ~#~ 
*********************************************************************************
--------------
Threshold: 0,10
--------------
	A4: 180
--------------
Threshold: 0,20
--------------
	A4: 180
--------------
Threshold: 0,30
--------------
	A4: 180
--------------
Threshold: 0,40
--------------
	A4: 180
--------------
Threshold: 0,50
--------------
	A4: 165
	A2 | A4: 7
	A1 | A4: 5
--------------
Threshold: 0,60
--------------
	A4: 128
	A2 | A4: 25
	A1 | A4: 14
	A3 | A4: 13
--------------
Threshold: 0,70
--------------
	A4: 86
	A2 | A4: 43
	A1 | A4: 26
	A3 | A4: 25
--------------
Threshold: 0,80
--------------
	A4: 49
	A2 | A4: 42
	A3 | A4: 30
	A1 | A4: 27
	A2 | A3 | A4: 19
	A1 | A3 | A4: 9
	A1 | A2 | A4: 4
*********************************************************************************
All potential concepts based on thresholds
	A2 A4 ~#~ A1 A4 ~#~ A3 A4 ~#~ A2 A3 A4 ~#~ A1 A3 A4 ~#~ A1 A2 A4 ~#~ 
*********************************************************************************
--------------
Threshold: 0,10
--------------
	A4: 180
--------------
Threshold: 0,20
--------------
	A4: 180
--------------
Threshold: 0,30
--------------
	A4: 180
--------------
Threshold: 0,40
--------------
	A4: 179
--------------
Threshold: 0,50
--------------
	A4: 164
	A3 | A4: 6
	A2 | A4: 5
	A1 | A4: 5
--------------
Threshold: 0,60
--------------
	A4: 130
	A3 | A4: 21
	A2 | A4: 17
	A1 | A4: 12
--------------
Threshold: 0,70
--------------
	A4: 77
	A2 | A4: 40
	A3 | A4: 36
	A1 | A4: 25
--------------
Threshold: 0,80
--------------
	A2 | A4: 46
	A4: 40
	A1 | A4: 32
	A3 | A4: 24
	A1 | A3 | A4: 21
	A2 | A3 | A4: 12
	A1 | A2 | A4: 5
*********************************************************************************
All potential concepts based on thresholds
	A3 A4 ~#~ A2 A4 ~#~ A1 A4 ~#~ A1 A3 A4 ~#~ A2 A3 A4 ~#~ A1 A2 A4 ~#~ 
*********************************************************************************
--------------
Threshold: 0,10
--------------
	A4: 180
--------------
Threshold: 0,20
--------------
	A4: 180
--------------
Threshold: 0,30
--------------
	A4: 180
--------------
Threshold: 0,40
--------------
	A4: 179
--------------
Threshold: 0,50
--------------
	A4: 161
	A2 | A4: 7
	A1 | A4: 7
	A3 | A4: 5
--------------
Threshold: 0,60
--------------
	A4: 126
	A2 | A4: 26
	A3 | A4: 16
	A1 | A4: 12
--------------
Threshold: 0,70
--------------
	A4: 77
	A2 | A4: 43
	A3 | A4: 32
	A1 | A4: 25
--------------
Threshold: 0,80
--------------
	A2 | A4: 44
	A4: 42
	A3 | A4: 32
	A1 | A4: 23
	A1 | A3 | A4: 15
	A2 | A3 | A4: 15
	A1 | A2 | A4: 9
*********************************************************************************
All potential concepts based on thresholds
	A2 A4 ~#~ A1 A4 ~#~ A3 A4 ~#~ A1 A3 A4 ~#~ A2 A3 A4 ~#~ A1 A2 A4 ~#~ 
*********************************************************************************
--------------
Threshold: 0,10
--------------
	A4: 180
--------------
Threshold: 0,20
--------------
	A4: 180
--------------
Threshold: 0,30
--------------
	A4: 180
--------------
Threshold: 0,40
--------------
	A4: 180
--------------
Threshold: 0,50
--------------
	A4: 167
	A3 | A4: 6
	A1 | A4: 4
--------------
Threshold: 0,60
--------------
	A4: 131
	A2 | A4: 20
	A1 | A4: 15
	A3 | A4: 14
--------------
Threshold: 0,70
--------------
	A4: 93
	A2 | A4: 34
	A1 | A4: 31
	A3 | A4: 22
--------------
Threshold: 0,80
--------------
	A4: 54
	A2 | A4: 34
	A1 | A4: 27
	A3 | A4: 23
	A2 | A3 | A4: 15
	A1 | A3 | A4: 14
	A1 | A2 | A4: 13
*********************************************************************************
All potential concepts based on thresholds
	A3 A4 ~#~ A1 A4 ~#~ A2 A4 ~#~ A2 A3 A4 ~#~ A1 A3 A4 ~#~ A1 A2 A4 ~#~ 
*********************************************************************************
dataset: rNonLinPoly.arff
--------------
Threshold: 0,10
--------------
	A2: 118
	A1: 58
	A3: 4
--------------
Threshold: 0,20
--------------
	A2: 118
	A1: 58
	A3: 4
--------------
Threshold: 0,30
--------------
	A2: 118
	A1: 58
	A3: 4
--------------
Threshold: 0,40
--------------
	A2: 116
	A1: 56
--------------
Threshold: 0,50
--------------
	A2: 96
	A1 | A2: 35
	A1: 33
	A1 | A3: 11
	A2 | A3: 4
--------------
Threshold: 0,60
--------------
	A1 | A2: 81
	A2: 58
	A1 | A3: 16
	A1: 14
	A2 | A3: 11
--------------
Threshold: 0,70
--------------
	A1 | A2: 104
	A2: 33
	A2 | A3: 18
	A1 | A3: 18
	A1: 5
--------------
Threshold: 0,80
--------------
	A1 | A2: 92
	A1 | A2 | A3: 34
	A2 | A3: 23
	A1 | A3: 16
	A2: 14
*********************************************************************************
All potential concepts based on thresholds
	A1 A2 ~#~ A1 A3 ~#~ A2 A3 ~#~ A1 A2 A3 ~#~ 
*********************************************************************************
--------------
Threshold: 0,10
--------------
	A2: 121
	A1: 52
	A3: 7
--------------
Threshold: 0,20
--------------
	A2: 121
	A1: 52
	A3: 7
--------------
Threshold: 0,30
--------------
	A2: 121
	A1: 52
	A3: 7
--------------
Threshold: 0,40
--------------
	A2: 117
	A1: 48
	A1 | A2: 6
	A2 | A3: 5
--------------
Threshold: 0,50
--------------
	A2: 93
	A1 | A2: 38
	A1: 33
	A2 | A3: 8
	A1 | A3: 5
--------------
Threshold: 0,60
--------------
	A1 | A2: 82
	A2: 52
	A1: 17
	A2 | A3: 17
	A1 | A3: 11
--------------
Threshold: 0,70
--------------
	A1 | A2: 113
	A2 | A3: 22
	A2: 19
	A1 | A3: 18
	A1: 5
--------------
Threshold: 0,80
--------------
	A1 | A2: 103
	A1 | A2 | A3: 35
	A2 | A3: 19
	A1 | A3: 15
	A2: 5
*********************************************************************************
All potential concepts based on thresholds
	A1 A2 ~#~ A2 A3 ~#~ A1 A3 ~#~ A1 A2 A3 ~#~ 
*********************************************************************************
--------------
Threshold: 0,10
--------------
	A2: 121
	A1: 53
	A3: 6
--------------
Threshold: 0,20
--------------
	A2: 121
	A1: 53
	A3: 6
--------------
Threshold: 0,30
--------------
	A2: 121
	A1: 53
	A3: 6
--------------
Threshold: 0,40
--------------
	A2: 120
	A1: 51
	A3: 6
--------------
Threshold: 0,50
--------------
	A2: 90
	A1 | A2: 48
	A1: 32
	A1 | A3: 6
--------------
Threshold: 0,60
--------------
	A1 | A2: 90
	A2: 45
	A1: 20
	A2 | A3: 13
	A1 | A3: 12
--------------
Threshold: 0,70
--------------
	A1 | A2: 114
	A2: 24
	A1 | A3: 18
	A2 | A3: 17
	A1: 7
--------------
Threshold: 0,80
--------------
	A1 | A2: 101
	A1 | A2 | A3: 35
	A2 | A3: 17
	A1 | A3: 16
	A2: 8
*********************************************************************************
All potential concepts based on thresholds
	A1 A2 ~#~ A1 A3 ~#~ A2 A3 ~#~ A1 A2 A3 ~#~ 
*********************************************************************************
--------------
Threshold: 0,10
--------------
	A2: 123
	A1: 53
	A3: 4
--------------
Threshold: 0,20
--------------
	A2: 123
	A1: 53
	A3: 4
--------------
Threshold: 0,30
--------------
	A2: 123
	A1: 53
	A3: 4
--------------
Threshold: 0,40
--------------
	A2: 121
	A1: 52
--------------
Threshold: 0,50
--------------
	A2: 96
	A1 | A2: 41
	A1: 31
	A2 | A3: 6
	A1 | A3: 5
--------------
Threshold: 0,60
--------------
	A1 | A2: 86
	A2: 57
	A1: 14
	A2 | A3: 12
	A1 | A3: 11
--------------
Threshold: 0,70
--------------
	A1 | A2: 121
	A2: 20
	A2 | A3: 17
	A1 | A3: 14
	A1: 7
--------------
Threshold: 0,80
--------------
	A1 | A2: 108
	A1 | A2 | A3: 36
	A2 | A3: 13
	A1 | A3: 13
	A2: 8
*********************************************************************************
All potential concepts based on thresholds
	A1 A2 ~#~ A2 A3 ~#~ A1 A3 ~#~ A1 A2 A3 ~#~ 
*********************************************************************************
--------------
Threshold: 0,10
--------------
	A2: 122
	A1: 52
	A3: 6
--------------
Threshold: 0,20
--------------
	A2: 122
	A1: 52
	A3: 6
--------------
Threshold: 0,30
--------------
	A2: 122
	A1: 52
	A3: 6
--------------
Threshold: 0,40
--------------
	A2: 120
	A1: 50
	A3: 6
	A1 | A2: 4
--------------
Threshold: 0,50
--------------
	A2: 90
	A1 | A2: 47
	A1: 30
	A1 | A3: 7
--------------
Threshold: 0,60
--------------
	A1 | A2: 89
	A2: 60
	A1: 14
	A1 | A3: 10
	A2 | A3: 5
--------------
Threshold: 0,70
--------------
	A1 | A2: 116
	A2: 27
	A2 | A3: 14
	A1 | A3: 13
	A1: 7
--------------
Threshold: 0,80
--------------
	A1 | A2: 104
	A1 | A2 | A3: 32
	A2 | A3: 24
	A1 | A3: 12
	A2: 4
*********************************************************************************
All potential concepts based on thresholds
	A1 A2 ~#~ A1 A3 ~#~ A2 A3 ~#~ A1 A2 A3 ~#~ 
*********************************************************************************
--------------
Threshold: 0,10
--------------
	A2: 125
	A1: 51
	A3: 4
--------------
Threshold: 0,20
--------------
	A2: 125
	A1: 51
	A3: 4
--------------
Threshold: 0,30
--------------
	A2: 125
	A1: 51
	A3: 4
--------------
Threshold: 0,40
--------------
	A2: 123
	A1: 49
	A3: 4
	A1 | A2: 4
--------------
Threshold: 0,50
--------------
	A2: 99
	A1 | A2: 42
	A1: 30
	A3: 4
	A1 | A3: 4
--------------
Threshold: 0,60
--------------
	A1 | A2: 83
	A2: 60
	A1: 18
	A1 | A3: 12
	A2 | A3: 6
--------------
Threshold: 0,70
--------------
	A1 | A2: 113
	A2: 28
	A1 | A3: 18
	A1: 10
	A2 | A3: 10
--------------
Threshold: 0,80
--------------
	A1 | A2: 107
	A1 | A2 | A3: 34
	A1 | A3: 18
	A2: 10
	A2 | A3: 10
*********************************************************************************
All potential concepts based on thresholds
	A1 A2 ~#~ A1 A3 ~#~ A2 A3 ~#~ A1 A2 A3 ~#~ 
*********************************************************************************
--------------
Threshold: 0,10
--------------
	A2: 124
	A1: 54
--------------
Threshold: 0,20
--------------
	A2: 124
	A1: 54
--------------
Threshold: 0,30
--------------
	A2: 124
	A1: 54
--------------
Threshold: 0,40
--------------
	A2: 123
	A1: 51
	A1 | A2: 4
--------------
Threshold: 0,50
--------------
	A2: 102
	A1 | A2: 39
	A1: 36
--------------
Threshold: 0,60
--------------
	A1 | A2: 86
	A2: 64
	A2 | A3: 12
	A1: 10
	A1 | A3: 8
--------------
Threshold: 0,70
--------------
	A1 | A2: 115
	A2 | A3: 25
	A2: 24
	A1 | A3: 8
	A1: 7
--------------
Threshold: 0,80
--------------
	A1 | A2: 113
	A2 | A3: 26
	A1 | A2 | A3: 22
	A1 | A3: 10
	A2: 7
*********************************************************************************
All potential concepts based on thresholds
	A1 A2 ~#~ A2 A3 ~#~ A1 A3 ~#~ A1 A2 A3 ~#~ 
*********************************************************************************
--------------
Threshold: 0,10
--------------
	A2: 126
	A1: 49
	A3: 5
--------------
Threshold: 0,20
--------------
	A2: 126
	A1: 49
	A3: 5
--------------
Threshold: 0,30
--------------
	A2: 126
	A1: 49
	A3: 5
--------------
Threshold: 0,40
--------------
	A2: 121
	A1: 46
	A1 | A2: 7
	A3: 4
--------------
Threshold: 0,50
--------------
	A2: 96
	A1 | A2: 48
	A1: 24
	A2 | A3: 5
	A1 | A3: 5
--------------
Threshold: 0,60
--------------
	A1 | A2: 88
	A2: 60
	A1: 13
	A2 | A3: 10
	A1 | A3: 8
--------------
Threshold: 0,70
--------------
	A1 | A2: 113
	A2: 27
	A2 | A3: 16
	A1 | A3: 15
	A1: 6
--------------
Threshold: 0,80
--------------
	A1 | A2: 108
	A1 | A2 | A3: 35
	A2 | A3: 18
	A1 | A3: 10
	A2: 7
*********************************************************************************
All potential concepts based on thresholds
	A1 A2 ~#~ A2 A3 ~#~ A1 A3 ~#~ A1 A2 A3 ~#~ 
*********************************************************************************
--------------
Threshold: 0,10
--------------
	A2: 120
	A1: 55
	A3: 5
--------------
Threshold: 0,20
--------------
	A2: 120
	A1: 55
	A3: 5
--------------
Threshold: 0,30
--------------
	A2: 120
	A1: 55
	A3: 5
--------------
Threshold: 0,40
--------------
	A2: 117
	A1: 51
	A1 | A2: 6
	A3: 4
--------------
Threshold: 0,50
--------------
	A2: 90
	A1 | A2: 51
	A1: 27
	A2 | A3: 6
--------------
Threshold: 0,60
--------------
	A1 | A2: 95
	A2: 50
	A1: 14
	A2 | A3: 11
	A1 | A3: 9
--------------
Threshold: 0,70
--------------
	A1 | A2: 114
	A2: 23
	A2 | A3: 19
	A1 | A3: 16
	A1: 7
--------------
Threshold: 0,80
--------------
	A1 | A2: 103
	A1 | A2 | A3: 39
	A2 | A3: 16
	A1 | A3: 15
	A2: 5
*********************************************************************************
All potential concepts based on thresholds
	A1 A2 ~#~ A2 A3 ~#~ A1 A3 ~#~ A1 A2 A3 ~#~ 
*********************************************************************************
--------------
Threshold: 0,10
--------------
	A2: 120
	A1: 59
--------------
Threshold: 0,20
--------------
	A2: 120
	A1: 59
--------------
Threshold: 0,30
--------------
	A2: 120
	A1: 59
--------------
Threshold: 0,40
--------------
	A2: 117
	A1: 59
--------------
Threshold: 0,50
--------------
	A2: 96
	A1 | A2: 38
	A1: 37
	A1 | A3: 5
	A2 | A3: 4
--------------
Threshold: 0,60
--------------
	A1 | A2: 94
	A2: 46
	A1: 21
	A2 | A3: 12
	A1 | A3: 7
--------------
Threshold: 0,70
--------------
	A1 | A2: 124
	A2 | A3: 20
	A2: 16
	A1 | A3: 15
	A1: 5
--------------
Threshold: 0,80
--------------
	A1 | A2: 109
	A1 | A2 | A3: 36
	A2 | A3: 18
	A1 | A3: 11
	A2: 5
*********************************************************************************
All potential concepts based on thresholds
	A1 A2 ~#~ A1 A3 ~#~ A2 A3 ~#~ A1 A2 A3 ~#~ 
*********************************************************************************
dataset: rNonLinSinCos.arff
--------------
Threshold: 0,10
--------------
	A1: 92
	A2: 88
--------------
Threshold: 0,20
--------------
	A1: 92
	A2: 88
--------------
Threshold: 0,30
--------------
	A1: 92
	A2: 88
--------------
Threshold: 0,40
--------------
	A1: 92
	A2: 88
--------------
Threshold: 0,50
--------------
	A1: 90
	A2: 85
	A1 | A2: 5
--------------
Threshold: 0,60
--------------
	A1 | A2: 82
	A1: 50
	A2: 48
--------------
Threshold: 0,70
--------------
	A1 | A2: 113
	A2: 34
	A1: 33
--------------
Threshold: 0,80
--------------
	A1 | A2: 154
	A1: 16
	A2: 10
*********************************************************************************
All potential concepts based on thresholds
	A1 A2 ~#~ 
*********************************************************************************
--------------
Threshold: 0,10
--------------
	A2: 94
	A1: 86
--------------
Threshold: 0,20
--------------
	A2: 94
	A1: 86
--------------
Threshold: 0,30
--------------
	A2: 94
	A1: 86
--------------
Threshold: 0,40
--------------
	A2: 94
	A1: 86
--------------
Threshold: 0,50
--------------
	A2: 90
	A1: 81
	A1 | A2: 9
--------------
Threshold: 0,60
--------------
	A1 | A2: 83
	A2: 50
	A1: 47
--------------
Threshold: 0,70
--------------
	A1 | A2: 124
	A2: 31
	A1: 25
--------------
Threshold: 0,80
--------------
	A1 | A2: 155
	A1: 13
	A2: 11
*********************************************************************************
All potential concepts based on thresholds
	A1 A2 ~#~ 
*********************************************************************************
--------------
Threshold: 0,10
--------------
	A1: 93
	A2: 87
--------------
Threshold: 0,20
--------------
	A1: 93
	A2: 87
--------------
Threshold: 0,30
--------------
	A1: 93
	A2: 87
--------------
Threshold: 0,40
--------------
	A1: 93
	A2: 87
--------------
Threshold: 0,50
--------------
	A1: 92
	A2: 82
	A1 | A2: 6
--------------
Threshold: 0,60
--------------
	A1 | A2: 79
	A1: 58
	A2: 43
--------------
Threshold: 0,70
--------------
	A1 | A2: 129
	A1: 33
	A2: 18
--------------
Threshold: 0,80
--------------
	A1 | A2: 155
	A1: 19
	A2: 6
*********************************************************************************
All potential concepts based on thresholds
	A1 A2 ~#~ 
*********************************************************************************
--------------
Threshold: 0,10
--------------
	A1: 96
	A2: 84
--------------
Threshold: 0,20
--------------
	A1: 96
	A2: 84
--------------
Threshold: 0,30
--------------
	A1: 96
	A2: 84
--------------
Threshold: 0,40
--------------
	A1: 96
	A2: 84
--------------
Threshold: 0,50
--------------
	A1: 86
	A2: 83
	A1 | A2: 11
--------------
Threshold: 0,60
--------------
	A1 | A2: 94
	A1: 47
	A2: 39
--------------
Threshold: 0,70
--------------
	A1 | A2: 139
	A1: 23
	A2: 18
--------------
Threshold: 0,80
--------------
	A1 | A2: 159
	A1: 12
	A2: 9
*********************************************************************************
All potential concepts based on thresholds
	A1 A2 ~#~ 
*********************************************************************************
--------------
Threshold: 0,10
--------------
	A2: 98
	A1: 82
--------------
Threshold: 0,20
--------------
	A2: 98
	A1: 82
--------------
Threshold: 0,30
--------------
	A2: 98
	A1: 82
--------------
Threshold: 0,40
--------------
	A2: 98
	A1: 82
--------------
Threshold: 0,50
--------------
	A2: 91
	A1: 81
	A1 | A2: 8
--------------
Threshold: 0,60
--------------
	A1 | A2: 92
	A2: 49
	A1: 39
--------------
Threshold: 0,70
--------------
	A1 | A2: 133
	A2: 25
	A1: 22
--------------
Threshold: 0,80
--------------
	A1 | A2: 157
	A1: 15
	A2: 8
*********************************************************************************
All potential concepts based on thresholds
	A1 A2 ~#~ 
*********************************************************************************
--------------
Threshold: 0,10
--------------
	A1: 97
	A2: 83
--------------
Threshold: 0,20
--------------
	A1: 97
	A2: 83
--------------
Threshold: 0,30
--------------
	A1: 97
	A2: 83
--------------
Threshold: 0,40
--------------
	A1: 97
	A2: 83
--------------
Threshold: 0,50
--------------
	A1: 92
	A2: 82
	A1 | A2: 6
--------------
Threshold: 0,60
--------------
	A1 | A2: 90
	A2: 48
	A1: 41
--------------
Threshold: 0,70
--------------
	A1 | A2: 121
	A1: 30
	A2: 28
--------------
Threshold: 0,80
--------------
	A1 | A2: 156
	A1: 16
	A2: 6
*********************************************************************************
All potential concepts based on thresholds
	A1 A2 ~#~ 
*********************************************************************************
--------------
Threshold: 0,10
--------------
	A1: 97
	A2: 83
--------------
Threshold: 0,20
--------------
	A1: 97
	A2: 83
--------------
Threshold: 0,30
--------------
	A1: 97
	A2: 83
--------------
Threshold: 0,40
--------------
	A1: 97
	A2: 83
--------------
Threshold: 0,50
--------------
	A1: 93
	A2: 80
	A1 | A2: 7
--------------
Threshold: 0,60
--------------
	A1 | A2: 89
	A1: 46
	A2: 45
--------------
Threshold: 0,70
--------------
	A1 | A2: 129
	A1: 27
	A2: 23
--------------
Threshold: 0,80
--------------
	A1 | A2: 157
	A1: 16
	A2: 6
*********************************************************************************
All potential concepts based on thresholds
	A1 A2 ~#~ 
*********************************************************************************
--------------
Threshold: 0,10
--------------
	A1: 92
	A2: 88
--------------
Threshold: 0,20
--------------
	A1: 92
	A2: 88
--------------
Threshold: 0,30
--------------
	A1: 92
	A2: 88
--------------
Threshold: 0,40
--------------
	A1: 92
	A2: 88
--------------
Threshold: 0,50
--------------
	A1: 89
	A2: 86
	A1 | A2: 5
--------------
Threshold: 0,60
--------------
	A1 | A2: 79
	A1: 52
	A2: 49
--------------
Threshold: 0,70
--------------
	A1 | A2: 125
	A1: 30
	A2: 25
--------------
Threshold: 0,80
--------------
	A1 | A2: 152
	A1: 17
	A2: 11
*********************************************************************************
All potential concepts based on thresholds
	A1 A2 ~#~ 
*********************************************************************************
--------------
Threshold: 0,10
--------------
	A2: 96
	A1: 84
--------------
Threshold: 0,20
--------------
	A2: 96
	A1: 84
--------------
Threshold: 0,30
--------------
	A2: 96
	A1: 84
--------------
Threshold: 0,40
--------------
	A2: 96
	A1: 84
--------------
Threshold: 0,50
--------------
	A2: 92
	A1: 80
	A1 | A2: 8
--------------
Threshold: 0,60
--------------
	A1 | A2: 81
	A2: 55
	A1: 44
--------------
Threshold: 0,70
--------------
	A1 | A2: 110
	A2: 39
	A1: 31
--------------
Threshold: 0,80
--------------
	A1 | A2: 150
	A1: 18
	A2: 12
*********************************************************************************
All potential concepts based on thresholds
	A1 A2 ~#~ 
*********************************************************************************
--------------
Threshold: 0,10
--------------
	A2: 102
	A1: 78
--------------
Threshold: 0,20
--------------
	A2: 102
	A1: 78
--------------
Threshold: 0,30
--------------
	A2: 102
	A1: 78
--------------
Threshold: 0,40
--------------
	A2: 102
	A1: 78
--------------
Threshold: 0,50
--------------
	A2: 98
	A1: 73
	A1 | A2: 9
--------------
Threshold: 0,60
--------------
	A1 | A2: 81
	A2: 58
	A1: 41
--------------
Threshold: 0,70
--------------
	A1 | A2: 121
	A2: 31
	A1: 28
--------------
Threshold: 0,80
--------------
	A1 | A2: 154
	A1: 15
	A2: 11
*********************************************************************************
All potential concepts based on thresholds
	A1 A2 ~#~ 
*********************************************************************************
dataset: rRandom.arff
--------------
Threshold: 0,10
--------------
	A4: 48
	A1: 43
	A5: 41
	A2: 24
	A3: 24
--------------
Threshold: 0,20
--------------
	A4: 48
	A1: 43
	A5: 41
	A2: 24
	A3: 24
--------------
Threshold: 0,30
--------------
	A4: 41
	A1: 38
	A5: 31
	A2: 18
	A3: 17
	A1 | A3: 5
	A1 | A4: 5
	A3 | A4: 4
	A3 | A5: 4
	A2 | A5: 4
	A4 | A5: 4
--------------
Threshold: 0,40
--------------
	A4 | A5: 21
	A1 | A4: 18
	A4: 16
	A2 | A5: 16
	A1: 14
	A1 | A3: 13
	A1 | A5: 12
	A3: 11
	A3 | A4: 11
	A3 | A5: 11
	A5: 9
	A1 | A2: 8
	A2: 7
	A2 | A4: 7
	A2 | A3: 6
--------------
Threshold: 0,50
--------------
	A4 | A5: 26
	A1 | A4: 22
	A2 | A5: 17
	A1 | A5: 17
	A1 | A3: 14
	A3 | A4: 13
	A3 | A5: 10
	A1 | A2: 10
	A4: 7
	A2 | A4: 7
	A1: 6
	A3: 6
	A2 | A3: 5
--------------
Threshold: 0,60
--------------
	A4 | A5: 15
	A1 | A4: 14
	A1 | A5: 12
	A1 | A2 | A5: 11
	A3 | A4 | A5: 11
	A2 | A5: 11
	A1 | A4 | A5: 11
	A2 | A4 | A5: 11
	A1 | A3 | A4: 9
	A3 | A5: 9
	A1 | A2 | A4: 8
	A1 | A3: 8
	A3 | A4: 6
	A1 | A2: 6
	A2 | A3 | A5: 6
	A1 | A3 | A5: 5
	A1 | A2 | A3: 4
	A2 | A3: 4
	A2 | A4: 4
	A2 | A3 | A4: 4
--------------
Threshold: 0,70
--------------
	A1 | A4 | A5: 24
	A2 | A4 | A5: 15
	A3 | A4 | A5: 14
	A1 | A3 | A4: 13
	A1 | A2 | A5: 13
	A1 | A2 | A4: 13
	A2 | A3 | A5: 12
	A1 | A3 | A5: 9
	A1 | A4: 9
	A1 | A2 | A4 | A5: 6
	A1 | A5: 6
	A2 | A3 | A4: 6
	A1 | A2 | A3: 5
	A4 | A5: 5
	A3 | A5: 4
	A1 | A2: 4
	A2 | A3 | A4 | A5: 4
	A1 | A2 | A3 | A4: 4
--------------
Threshold: 0,80
--------------
	A1 | A2 | A4 | A5: 22
	A2 | A3 | A4 | A5: 18
	A1 | A4 | A5: 17
	A1 | A3 | A4 | A5: 15
	A1 | A2 | A3 | A5: 14
	A1 | A3 | A4: 13
	A1 | A2 | A3 | A4: 13
	A2 | A4 | A5: 11
	A1 | A3 | A5: 10
	A1 | A2 | A4: 9
	A2 | A3 | A5: 8
	A3 | A4 | A5: 6
	A1 | A2 | A5: 5
	A1 | A2 | A3: 4
	A2 | A3 | A4: 4
*********************************************************************************
All potential concepts based on thresholds
	A1 A3 ~#~ A1 A4 ~#~ A3 A4 ~#~ A3 A5 ~#~ A2 A5 ~#~ A4 A5 ~#~ A1 A5 ~#~ A1 A2 ~#~ A2 A4 ~#~ A2 A3 ~#~ A1 A2 A5 ~#~ A3 A4 A5 ~#~ A1 A4 A5 ~#~ A2 A4 A5 ~#~ A1 A3 A4 ~#~ A1 A2 A4 ~#~ A2 A3 A5 ~#~ A1 A3 A5 ~#~ A1 A2 A3 ~#~ A2 A3 A4 ~#~ A1 A2 A4 A5 ~#~ A2 A3 A4 A5 ~#~ A1 A2 A3 A4 ~#~ A1 A3 A4 A5 ~#~ A1 A2 A3 A5 ~#~ 
*********************************************************************************
--------------
Threshold: 0,10
--------------
	A1: 54
	A4: 50
	A3: 29
	A2: 26
	A5: 21
--------------
Threshold: 0,20
--------------
	A1: 54
	A4: 50
	A3: 29
	A2: 26
	A5: 21
--------------
Threshold: 0,30
--------------
	A1: 42
	A4: 33
	A3: 22
	A2: 20
	A5: 14
	A1 | A4: 14
	A2 | A4: 7
	A3 | A4: 5
	A1 | A2: 5
	A4 | A5: 5
	A1 | A3: 4
--------------
Threshold: 0,40
--------------
	A1 | A4: 26
	A4 | A5: 19
	A1: 18
	A1 | A3: 18
	A2 | A4: 16
	A3: 13
	A4: 12
	A1 | A2: 11
	A3 | A4: 10
	A2 | A3: 9
	A1 | A5: 7
	A2: 6
	A2 | A5: 6
	A5: 5
	A3 | A5: 4
--------------
Threshold: 0,50
--------------
	A1 | A4: 28
	A1 | A3: 22
	A4 | A5: 19
	A3 | A4: 11
	A2 | A3: 11
	A2 | A4: 11
	A1 | A2: 10
	A1 | A5: 10
	A2 | A5: 7
	A1: 6
	A3 | A5: 6
	A4: 5
	A1 | A2 | A4: 5
	A5: 4
	A2 | A4 | A5: 4
--------------
Threshold: 0,60
--------------
	A1 | A2 | A4: 21
	A1 | A3: 16
	A4 | A5: 15
	A1 | A3 | A4: 13
	A1 | A3 | A5: 12
	A1 | A4: 11
	A1 | A4 | A5: 9
	A2 | A4 | A5: 9
	A2 | A3: 8
	A3 | A4: 7
	A2 | A4: 7
	A2 | A3 | A4: 7
	A1 | A2: 6
	A1 | A5: 6
	A3 | A5: 5
	A1 | A2 | A3: 5
	A2 | A5: 5
	A2 | A3 | A5: 4
--------------
Threshold: 0,70
--------------
	A1 | A2 | A4: 24
	A1 | A3 | A4: 21
	A1 | A4 | A5: 15
	A1 | A3 | A5: 14
	A2 | A4 | A5: 14
	A1 | A2 | A3: 11
	A2 | A3 | A4: 10
	A1 | A2 | A5: 7
	A1 | A2 | A3 | A4: 7
	A3 | A4 | A5: 6
	A1 | A5: 5
	A2 | A3 | A5: 5
	A1 | A2 | A4 | A5: 4
	A1 | A3: 4
	A4 | A5: 4
--------------
Threshold: 0,80
--------------
	A1 | A2 | A4 | A5: 30
	A1 | A2 | A3 | A4: 22
	A1 | A3 | A4 | A5: 19
	A1 | A2 | A3 | A5: 13
	A1 | A3 | A4: 12
	A2 | A3 | A4 | A5: 11
	A1 | A2 | A3: 10
	A1 | A3 | A5: 8
	A1 | A2 | A4: 8
	A1 | A2 | A5: 7
	A3 | A4 | A5: 7
	A1 | A4 | A5: 7
	A2 | A4 | A5: 6
	A2 | A3 | A4: 4
*********************************************************************************
All potential concepts based on thresholds
	A1 A4 ~#~ A2 A4 ~#~ A3 A4 ~#~ A1 A2 ~#~ A4 A5 ~#~ A1 A3 ~#~ A2 A3 ~#~ A1 A5 ~#~ A2 A5 ~#~ A3 A5 ~#~ A1 A2 A4 ~#~ A2 A4 A5 ~#~ A1 A3 A4 ~#~ A1 A3 A5 ~#~ A1 A4 A5 ~#~ A2 A3 A4 ~#~ A1 A2 A3 ~#~ A2 A3 A5 ~#~ A1 A2 A5 ~#~ A1 A2 A3 A4 ~#~ A3 A4 A5 ~#~ A1 A2 A4 A5 ~#~ A1 A3 A4 A5 ~#~ A1 A2 A3 A5 ~#~ A2 A3 A4 A5 ~#~ 
*********************************************************************************
--------------
Threshold: 0,10
--------------
	A4: 62
	A1: 36
	A5: 31
	A3: 27
	A2: 24
--------------
Threshold: 0,20
--------------
	A4: 62
	A1: 36
	A5: 31
	A3: 27
	A2: 24
--------------
Threshold: 0,30
--------------
	A4: 46
	A1: 30
	A3: 20
	A5: 20
	A2: 17
	A1 | A4: 12
	A4 | A5: 7
	A2 | A3: 6
	A3 | A4: 5
	A3 | A5: 4
	A2 | A4: 4
	A2 | A5: 4
--------------
Threshold: 0,40
--------------
	A4: 23
	A1 | A4: 20
	A3 | A4: 18
	A1: 17
	A5: 14
	A2 | A4: 13
	A4 | A5: 12
	A2 | A3: 10
	A1 | A2: 10
	A3: 8
	A1 | A3: 8
	A2: 7
	A2 | A5: 7
	A1 | A5: 7
	A3 | A5: 6
--------------
Threshold: 0,50
--------------
	A1 | A4: 22
	A3 | A4: 19
	A2 | A4: 19
	A1 | A5: 15
	A4 | A5: 15
	A1 | A2: 13
	A1 | A3: 13
	A2 | A3: 11
	A4: 9
	A5: 8
	A2 | A5: 8
	A1: 7
	A3 | A5: 6
--------------
Threshold: 0,60
--------------
	A2 | A4: 14
	A1 | A4: 14
	A1 | A5: 14
	A3 | A4: 12
	A1 | A2 | A4: 12
	A1 | A4 | A5: 11
	A1 | A3 | A4: 10
	A3 | A4 | A5: 9
	A1 | A3: 9
	A1 | A2 | A5: 7
	A1 | A2: 7
	A2 | A3 | A5: 7
	A3 | A5: 6
	A1 | A2 | A3: 6
	A2 | A3 | A4: 6
	A4 | A5: 6
	A1 | A3 | A5: 5
	A5: 5
	A2 | A3: 5
	A2 | A4 | A5: 5
	A2 | A5: 4
--------------
Threshold: 0,70
--------------
	A1 | A3 | A4: 17
	A1 | A4 | A5: 17
	A3 | A4 | A5: 14
	A1 | A2 | A4: 13
	A1 | A2 | A5: 12
	A2 | A3 | A4: 12
	A2 | A3 | A5: 11
	A1 | A3 | A5: 10
	A1 | A2 | A3: 10
	A2 | A4 | A5: 9
	A2 | A4: 7
	A1 | A4: 7
	A1 | A5: 7
	A3 | A5: 6
	A1 | A2 | A4 | A5: 6
	A1 | A3: 4
	A4 | A5: 4
--------------
Threshold: 0,80
--------------
	A1 | A2 | A4 | A5: 20
	A2 | A3 | A4 | A5: 17
	A1 | A2 | A3 | A4: 16
	A1 | A3 | A4 | A5: 14
	A1 | A2 | A3 | A5: 14
	A1 | A3 | A4: 11
	A1 | A2 | A4: 11
	A1 | A4 | A5: 11
	A1 | A2 | A5: 9
	A3 | A4 | A5: 9
	A2 | A3 | A4: 9
	A1 | A2 | A3: 8
	A2 | A4 | A5: 8
	A1 | A3 | A5: 7
	A2 | A3 | A5: 7
*********************************************************************************
All potential concepts based on thresholds
	A1 A4 ~#~ A4 A5 ~#~ A2 A3 ~#~ A3 A4 ~#~ A3 A5 ~#~ A2 A4 ~#~ A2 A5 ~#~ A1 A2 ~#~ A1 A3 ~#~ A1 A5 ~#~ A1 A2 A4 ~#~ A1 A4 A5 ~#~ A1 A3 A4 ~#~ A3 A4 A5 ~#~ A1 A2 A5 ~#~ A2 A3 A5 ~#~ A1 A2 A3 ~#~ A2 A3 A4 ~#~ A1 A3 A5 ~#~ A2 A4 A5 ~#~ A1 A2 A4 A5 ~#~ A2 A3 A4 A5 ~#~ A1 A2 A3 A4 ~#~ A1 A3 A4 A5 ~#~ A1 A2 A3 A5 ~#~ 
*********************************************************************************
--------------
Threshold: 0,10
--------------
	A5: 63
	A4: 37
	A1: 33
	A3: 25
	A2: 22
--------------
Threshold: 0,20
--------------
	A5: 63
	A4: 37
	A1: 33
	A3: 25
	A2: 22
--------------
Threshold: 0,30
--------------
	A5: 49
	A1: 29
	A4: 25
	A3: 21
	A2: 14
	A1 | A2: 7
	A4 | A5: 7
	A2 | A5: 6
	A1 | A5: 5
	A1 | A3: 4
--------------
Threshold: 0,40
--------------
	A5: 26
	A1 | A5: 21
	A4 | A5: 19
	A1 | A4: 15
	A2 | A5: 14
	A3 | A5: 12
	A1 | A2: 11
	A4: 10
	A1: 9
	A3 | A4: 9
	A2 | A4: 9
	A3: 8
	A1 | A3: 8
	A2 | A3: 5
	A2: 4
--------------
Threshold: 0,50
--------------
	A1 | A5: 27
	A4 | A5: 26
	A1 | A4: 18
	A2 | A5: 16
	A3 | A5: 14
	A2 | A4: 11
	A1 | A2: 11
	A1 | A3: 11
	A3 | A4: 9
	A5: 8
	A3: 5
	A4: 5
	A2 | A3: 5
	A1: 4
--------------
Threshold: 0,60
--------------
	A1 | A4 | A5: 19
	A4 | A5: 19
	A1 | A2 | A5: 15
	A1 | A5: 14
	A3 | A5: 10
	A1 | A4: 10
	A1 | A3 | A5: 9
	A2 | A5: 9
	A2 | A3 | A5: 9
	A3 | A4 | A5: 8
	A1 | A2 | A4: 7
	A2 | A4: 7
	A1 | A3: 7
	A1 | A3 | A4: 6
	A3 | A4: 6
	A1 | A2 | A3: 5
	A2 | A4 | A5: 5
	A2 | A3: 4
	A2 | A3 | A4: 4
--------------
Threshold: 0,70
--------------
	A1 | A4 | A5: 22
	A3 | A4 | A5: 18
	A1 | A3 | A5: 17
	A1 | A2 | A5: 16
	A1 | A3 | A4: 12
	A4 | A5: 10
	A1 | A2 | A4: 9
	A2 | A4 | A5: 9
	A2 | A3 | A5: 9
	A1 | A2 | A3: 7
	A1 | A2 | A4 | A5: 7
	A3 | A5: 5
	A2 | A5: 5
	A1 | A4: 5
	A1 | A5: 5
	A2 | A3 | A4: 5
	A2 | A3 | A4 | A5: 4
--------------
Threshold: 0,80
--------------
	A1 | A2 | A4 | A5: 30
	A1 | A3 | A4 | A5: 26
	A2 | A3 | A4 | A5: 13
	A1 | A4 | A5: 13
	A1 | A3 | A5: 12
	A3 | A4 | A5: 11
	A1 | A2 | A3 | A5: 11
	A2 | A4 | A5: 11
	A2 | A3 | A5: 9
	A1 | A2 | A3 | A4: 8
	A1 | A3 | A4: 7
	A1 | A2 | A5: 5
	A1 | A2 | A3: 4
	A1 | A2 | A4: 4
	A2 | A3 | A4: 4
*********************************************************************************
All potential concepts based on thresholds
	A1 A2 ~#~ A4 A5 ~#~ A2 A5 ~#~ A1 A5 ~#~ A1 A3 ~#~ A1 A4 ~#~ A3 A5 ~#~ A3 A4 ~#~ A2 A4 ~#~ A2 A3 ~#~ A1 A4 A5 ~#~ A1 A2 A5 ~#~ A1 A3 A5 ~#~ A2 A3 A5 ~#~ A3 A4 A5 ~#~ A1 A2 A4 ~#~ A1 A3 A4 ~#~ A1 A2 A3 ~#~ A2 A4 A5 ~#~ A2 A3 A4 ~#~ A1 A2 A4 A5 ~#~ A2 A3 A4 A5 ~#~ A1 A3 A4 A5 ~#~ A1 A2 A3 A5 ~#~ A1 A2 A3 A4 ~#~ 
*********************************************************************************
--------------
Threshold: 0,10
--------------
	A4: 54
	A1: 42
	A5: 31
	A2: 30
	A3: 23
--------------
Threshold: 0,20
--------------
	A4: 54
	A1: 42
	A5: 31
	A2: 30
	A3: 23
--------------
Threshold: 0,30
--------------
	A4: 42
	A1: 30
	A5: 27
	A2: 25
	A3: 19
	A1 | A5: 8
	A1 | A4: 7
	A4 | A5: 5
	A3 | A4: 4
	A2 | A4: 4
--------------
Threshold: 0,40
--------------
	A4: 20
	A4 | A5: 18
	A2 | A4: 16
	A1 | A4: 16
	A1: 14
	A1 | A2: 13
	A3 | A4: 12
	A2: 10
	A3: 10
	A5: 10
	A2 | A5: 9
	A1 | A5: 9
	A3 | A5: 8
	A1 | A3: 8
	A2 | A3: 7
--------------
Threshold: 0,50
--------------
	A2 | A4: 19
	A4 | A5: 19
	A1 | A4: 17
	A2 | A5: 16
	A1 | A2: 15
	A3 | A4: 14
	A1 | A3: 13
	A2 | A3: 10
	A1 | A5: 9
	A4: 8
	A3 | A5: 8
	A1: 7
	A3: 4
	A5: 4
--------------
Threshold: 0,60
--------------
	A2 | A5: 13
	A1 | A4 | A5: 13
	A1 | A2 | A4: 11
	A2 | A4: 11
	A1 | A4: 11
	A3 | A4: 10
	A1 | A2: 10
	A1 | A3: 10
	A3 | A4 | A5: 9
	A4 | A5: 9
	A1 | A3 | A4: 7
	A1 | A3 | A5: 7
	A1 | A2 | A3: 7
	A1 | A2 | A5: 7
	A1 | A5: 7
	A2 | A4 | A5: 7
	A2 | A3 | A4: 7
	A2 | A3: 6
	A2 | A3 | A5: 5
	A4: 4
--------------
Threshold: 0,70
--------------
	A1 | A4 | A5: 17
	A1 | A2 | A3: 15
	A1 | A2 | A4: 15
	A1 | A3 | A4: 14
	A3 | A4 | A5: 13
	A1 | A3 | A5: 12
	A2 | A4 | A5: 11
	A1 | A2 | A5: 10
	A2 | A5: 8
	A1 | A4: 8
	A2 | A3 | A5: 8
	A2 | A3 | A4: 8
	A1 | A3: 6
	A1 | A3 | A4 | A5: 5
	A2 | A4: 5
	A1 | A2 | A4 | A5: 5
	A1 | A2: 4
	A1 | A5: 4
--------------
Threshold: 0,80
--------------
	A1 | A2 | A4 | A5: 24
	A1 | A2 | A3 | A4: 19
	A1 | A3 | A4 | A5: 14
	A1 | A3 | A4: 13
	A1 | A2 | A3 | A5: 13
	A2 | A3 | A4 | A5: 12
	A2 | A4 | A5: 11
	A1 | A4 | A5: 10
	A1 | A3 | A5: 9
	A1 | A2 | A3: 9
	A3 | A4 | A5: 9
	A1 | A2 | A5: 8
	A2 | A3 | A4: 7
	A1 | A2 | A4: 6
	A2 | A4: 4
	A2 | A3 | A5: 4
*********************************************************************************
All potential concepts based on thresholds
	A1 A5 ~#~ A1 A4 ~#~ A4 A5 ~#~ A3 A4 ~#~ A2 A4 ~#~ A1 A2 ~#~ A2 A5 ~#~ A3 A5 ~#~ A1 A3 ~#~ A2 A3 ~#~ A1 A4 A5 ~#~ A1 A2 A4 ~#~ A3 A4 A5 ~#~ A1 A3 A4 ~#~ A1 A3 A5 ~#~ A1 A2 A3 ~#~ A1 A2 A5 ~#~ A2 A4 A5 ~#~ A2 A3 A4 ~#~ A2 A3 A5 ~#~ A1 A3 A4 A5 ~#~ A1 A2 A4 A5 ~#~ A1 A2 A3 A4 ~#~ A1 A2 A3 A5 ~#~ A2 A3 A4 A5 ~#~ 
*********************************************************************************
--------------
Threshold: 0,10
--------------
	A4: 46
	A1: 44
	A3: 37
	A5: 36
	A2: 17
--------------
Threshold: 0,20
--------------
	A4: 46
	A1: 44
	A3: 37
	A5: 36
	A2: 17
--------------
Threshold: 0,30
--------------
	A4: 35
	A1: 34
	A5: 29
	A3: 27
	A2: 12
	A1 | A3: 8
	A4 | A5: 7
	A1 | A4: 6
	A3 | A4: 5
	A2 | A5: 5
	A3 | A5: 4
	A1 | A2: 4
--------------
Threshold: 0,40
--------------
	A1 | A4: 23
	A3: 16
	A3 | A5: 16
	A1 | A2: 14
	A1 | A3: 14
	A4 | A5: 14
	A1: 13
	A4: 13
	A3 | A4: 13
	A1 | A5: 13
	A5: 12
	A2 | A5: 10
	A2: 4
--------------
Threshold: 0,50
--------------
	A1 | A4: 25
	A3 | A5: 23
	A1 | A5: 19
	A4 | A5: 15
	A1 | A2: 14
	A3 | A4: 13
	A1 | A3: 11
	A2 | A5: 10
	A3: 7
	A1: 5
	A2 | A4: 5
	A2: 4
	A5: 4
	A1 | A2 | A3: 4
	A2 | A3: 4
--------------
Threshold: 0,60
--------------
	A1 | A4: 19
	A3 | A5: 15
	A1 | A4 | A5: 15
	A1 | A2 | A5: 11
	A3 | A4 | A5: 11
	A1 | A5: 11
	A1 | A3 | A5: 10
	A1 | A2 | A3: 9
	A1 | A3 | A4: 7
	A3 | A4: 7
	A1 | A2 | A4: 7
	A1 | A2: 7
	A1 | A3: 6
	A2 | A4 | A5: 6
	A4 | A5: 6
	A2 | A4: 5
	A2 | A3 | A5: 5
	A2 | A3: 4
	A2 | A5: 4
	A2 | A3 | A4: 4
--------------
Threshold: 0,70
--------------
	A3 | A4 | A5: 21
	A1 | A4 | A5: 18
	A1 | A2 | A4: 15
	A1 | A3 | A5: 13
	A1 | A2 | A5: 11
	A1 | A3 | A4: 10
	A1 | A2 | A3: 9
	A2 | A3 | A5: 9
	A1 | A4: 7
	A1 | A5: 7
	A2 | A4 | A5: 7
	A2 | A3 | A4: 7
	A1 | A3 | A4 | A5: 6
	A3 | A5: 6
	A1 | A2 | A3 | A5: 6
	A1 | A2 | A3 | A4: 6
	A1 | A2: 5
	A2 | A4: 4
--------------
Threshold: 0,80
--------------
	A1 | A3 | A4 | A5: 26
	A1 | A2 | A4 | A5: 21
	A1 | A2 | A3 | A4: 21
	A1 | A2 | A3 | A5: 19
	A1 | A2 | A4: 15
	A2 | A3 | A4 | A5: 13
	A1 | A2 | A5: 11
	A1 | A3 | A5: 9
	A1 | A4 | A5: 8
	A2 | A3 | A5: 8
	A1 | A3 | A4: 7
	A3 | A4 | A5: 7
	A2 | A4 | A5: 4
*********************************************************************************
All potential concepts based on thresholds
	A1 A3 ~#~ A4 A5 ~#~ A1 A4 ~#~ A3 A4 ~#~ A2 A5 ~#~ A3 A5 ~#~ A1 A2 ~#~ A1 A5 ~#~ A2 A4 ~#~ A1 A2 A3 ~#~ A2 A3 ~#~ A1 A4 A5 ~#~ A1 A2 A5 ~#~ A3 A4 A5 ~#~ A1 A3 A5 ~#~ A1 A3 A4 ~#~ A1 A2 A4 ~#~ A2 A4 A5 ~#~ A2 A3 A5 ~#~ A2 A3 A4 ~#~ A1 A3 A4 A5 ~#~ A1 A2 A3 A5 ~#~ A1 A2 A3 A4 ~#~ A1 A2 A4 A5 ~#~ A2 A3 A4 A5 ~#~ 
*********************************************************************************
--------------
Threshold: 0,10
--------------
	A1: 53
	A4: 40
	A5: 36
	A2: 27
	A3: 24
--------------
Threshold: 0,20
--------------
	A1: 53
	A4: 40
	A5: 36
	A2: 27
	A3: 24
--------------
Threshold: 0,30
--------------
	A1: 38
	A4: 31
	A2: 24
	A5: 22
	A3: 21
	A1 | A3: 8
	A1 | A4: 8
	A2 | A5: 7
	A3 | A5: 6
	A3 | A4: 4
	A1 | A5: 4
	A4 | A5: 4
--------------
Threshold: 0,40
--------------
	A1 | A4: 24
	A1: 19
	A1 | A3: 17
	A3 | A4: 13
	A1 | A5: 13
	A4 | A5: 13
	A3 | A5: 12
	A2 | A5: 11
	A2: 10
	A1 | A2: 10
	A4: 9
	A5: 9
	A2 | A4: 9
	A3: 8
--------------
Threshold: 0,50
--------------
	A1 | A4: 30
	A1 | A3: 18
	A2 | A5: 17
	A1 | A5: 16
	A1 | A2: 15
	A2 | A4: 14
	A3 | A4: 13
	A3 | A5: 13
	A4 | A5: 13
	A2 | A3: 4
--------------
Threshold: 0,60
--------------
	A1 | A4: 19
	A1 | A2: 13
	A2 | A4: 12
	A1 | A3: 12
	A1 | A3 | A4: 11
	A1 | A3 | A5: 10
	A2 | A5: 10
	A1 | A4 | A5: 10
	A1 | A5: 9
	A3 | A4: 8
	A3 | A5: 8
	A1 | A2 | A5: 8
	A1 | A2 | A4: 8
	A3 | A4 | A5: 8
	A2 | A4 | A5: 8
	A2 | A3 | A5: 8
	A1 | A2 | A3: 6
	A2 | A3 | A4: 4
	A4 | A5: 4
--------------
Threshold: 0,70
--------------
	A1 | A3 | A4: 19
	A1 | A4 | A5: 19
	A1 | A2 | A4: 17
	A2 | A4 | A5: 13
	A1 | A2 | A5: 12
	A3 | A4 | A5: 12
	A1 | A3 | A5: 11
	A1 | A2 | A3: 10
	A2 | A3 | A5: 10
	A2 | A3 | A4: 8
	A3 | A5: 6
	A2 | A5: 6
	A1 | A2: 5
	A3 | A4: 4
	A1 | A2 | A4 | A5: 4
	A1 | A3: 4
	A1 | A4: 4
	A1 | A2 | A3 | A5: 4
	A1 | A2 | A3 | A4: 4
--------------
Threshold: 0,80
--------------
	A1 | A2 | A4 | A5: 20
	A1 | A3 | A4 | A5: 17
	A1 | A2 | A3 | A5: 17
	A1 | A2 | A3 | A4: 16
	A2 | A3 | A4 | A5: 15
	A1 | A3 | A4: 13
	A1 | A2 | A4: 13
	A1 | A2 | A5: 10
	A1 | A4 | A5: 10
	A3 | A4 | A5: 8
	A2 | A4 | A5: 8
	A2 | A3 | A5: 7
	A1 | A3 | A5: 6
	A2 | A3 | A4: 6
	A1 | A2 | A3: 5
*********************************************************************************
All potential concepts based on thresholds
	A1 A3 ~#~ A1 A4 ~#~ A2 A5 ~#~ A3 A5 ~#~ A3 A4 ~#~ A1 A5 ~#~ A4 A5 ~#~ A1 A2 ~#~ A2 A4 ~#~ A2 A3 ~#~ A1 A3 A4 ~#~ A1 A3 A5 ~#~ A1 A4 A5 ~#~ A1 A2 A5 ~#~ A1 A2 A4 ~#~ A3 A4 A5 ~#~ A2 A4 A5 ~#~ A2 A3 A5 ~#~ A1 A2 A3 ~#~ A2 A3 A4 ~#~ A1 A2 A4 A5 ~#~ A1 A2 A3 A5 ~#~ A1 A2 A3 A4 ~#~ A1 A3 A4 A5 ~#~ A2 A3 A4 A5 ~#~ 
*********************************************************************************
--------------
Threshold: 0,10
--------------
	A4: 58
	A5: 41
	A1: 28
	A3: 28
	A2: 25
--------------
Threshold: 0,20
--------------
	A4: 58
	A5: 41
	A1: 28
	A3: 28
	A2: 25
--------------
Threshold: 0,30
--------------
	A4: 39
	A5: 33
	A1: 24
	A3: 23
	A2: 21
	A3 | A4: 9
	A2 | A4: 8
	A4 | A5: 7
	A1 | A4: 6
	A3 | A5: 4
--------------
Threshold: 0,40
--------------
	A1 | A4: 23
	A4 | A5: 20
	A3 | A4: 18
	A5: 17
	A1: 13
	A3: 13
	A2 | A4: 13
	A4: 11
	A3 | A5: 11
	A1 | A2: 11
	A1 | A5: 8
	A2: 7
	A2 | A5: 7
	A1 | A3: 5
--------------
Threshold: 0,50
--------------
	A1 | A4: 24
	A4 | A5: 24
	A1 | A5: 17
	A1 | A2: 16
	A3 | A4: 15
	A2 | A4: 15
	A3 | A5: 12
	A2 | A5: 10
	A1 | A3: 9
	A5: 8
	A1: 5
	A3: 5
	A4: 5
	A1 | A3 | A4: 4
	A2 | A3: 4
--------------
Threshold: 0,60
--------------
	A1 | A2 | A4: 15
	A1 | A4: 15
	A1 | A4 | A5: 15
	A1 | A5: 14
	A1 | A3 | A4: 12
	A3 | A4 | A5: 11
	A1 | A2: 10
	A4 | A5: 10
	A2 | A5: 9
	A1 | A3: 9
	A2 | A4 | A5: 9
	A2 | A3 | A5: 8
	A3 | A5: 7
	A2 | A4: 7
	A1 | A3 | A5: 5
	A2 | A3: 5
	A2 | A3 | A4: 5
--------------
Threshold: 0,70
--------------
	A1 | A2 | A4: 25
	A1 | A4 | A5: 21
	A1 | A3 | A4: 15
	A1 | A3 | A5: 14
	A2 | A3 | A5: 14
	A2 | A4 | A5: 12
	A3 | A4 | A5: 10
	A1 | A2 | A5: 8
	A1 | A4: 6
	A1 | A5: 6
	A2 | A3 | A4: 6
	A3 | A5: 5
	A4 | A5: 5
	A1 | A3 | A4 | A5: 4
	A1 | A2 | A3: 4
	A2 | A5: 4
	A1 | A2 | A4 | A5: 4
	A1 | A3: 4
--------------
Threshold: 0,80
--------------
	A1 | A3 | A4 | A5: 28
	A1 | A2 | A4 | A5: 24
	A1 | A2 | A3 | A4: 17
	A2 | A3 | A4 | A5: 16
	A1 | A3 | A5: 13
	A1 | A2 | A4: 12
	A1 | A4 | A5: 11
	A1 | A2 | A5: 9
	A1 | A2 | A3 | A5: 8
	A2 | A4 | A5: 8
	A2 | A3 | A5: 8
	A3 | A4 | A5: 6
	A2 | A3 | A4: 4
*********************************************************************************
All potential concepts based on thresholds
	A3 A4 ~#~ A2 A4 ~#~ A4 A5 ~#~ A1 A4 ~#~ A3 A5 ~#~ A1 A2 ~#~ A1 A5 ~#~ A2 A5 ~#~ A1 A3 ~#~ A1 A3 A4 ~#~ A2 A3 ~#~ A1 A2 A4 ~#~ A1 A4 A5 ~#~ A3 A4 A5 ~#~ A2 A4 A5 ~#~ A2 A3 A5 ~#~ A1 A3 A5 ~#~ A2 A3 A4 ~#~ A1 A2 A5 ~#~ A1 A3 A4 A5 ~#~ A1 A2 A3 ~#~ A1 A2 A4 A5 ~#~ A1 A2 A3 A4 ~#~ A2 A3 A4 A5 ~#~ A1 A2 A3 A5 ~#~ 
*********************************************************************************
--------------
Threshold: 0,10
--------------
	A1: 43
	A4: 43
	A3: 35
	A5: 30
	A2: 29
--------------
Threshold: 0,20
--------------
	A1: 43
	A4: 43
	A3: 35
	A5: 30
	A2: 29
--------------
Threshold: 0,30
--------------
	A1: 33
	A3: 33
	A4: 31
	A5: 27
	A2: 23
	A1 | A3: 6
	A4 | A5: 6
	A1 | A5: 5
	A2 | A4: 4
	A1 | A2: 4
	A1 | A4: 4
--------------
Threshold: 0,40
--------------
	A1: 22
	A4 | A5: 19
	A1 | A3: 15
	A1 | A4: 14
	A1 | A2: 13
	A1 | A5: 13
	A3: 12
	A4: 12
	A2 | A3: 11
	A3 | A4: 10
	A2 | A4: 10
	A5: 9
	A2: 8
	A3 | A5: 6
	A2 | A5: 6
--------------
Threshold: 0,50
--------------
	A4 | A5: 23
	A1 | A4: 21
	A1 | A3: 17
	A2 | A4: 15
	A1 | A5: 15
	A3 | A4: 13
	A2 | A3: 13
	A1 | A2: 13
	A3 | A5: 10
	A1: 9
	A2 | A5: 8
	A3: 4
	A4: 4
--------------
Threshold: 0,60
--------------
	A1 | A4: 19
	A4 | A5: 15
	A3 | A4: 13
	A1 | A2 | A4: 11
	A1 | A3: 11
	A1 | A5: 11
	A1 | A4 | A5: 11
	A1 | A3 | A4: 10
	A1 | A2: 9
	A3 | A5: 8
	A2 | A4: 8
	A1 | A2 | A5: 7
	A2 | A3: 7
	A2 | A4 | A5: 7
	A1 | A3 | A5: 6
	A1 | A2 | A3: 6
	A2 | A5: 6
--------------
Threshold: 0,70
--------------
	A1 | A4 | A5: 20
	A1 | A3 | A4: 18
	A1 | A2 | A4: 17
	A1 | A2 | A5: 12
	A3 | A4 | A5: 12
	A1 | A4: 10
	A2 | A3 | A4: 10
	A1 | A3: 8
	A2 | A3 | A5: 8
	A1 | A3 | A5: 7
	A1 | A2 | A3: 7
	A2 | A4 | A5: 6
	A3 | A4: 5
	A3 | A5: 5
	A2 | A4: 5
	A1 | A5: 5
	A1 | A2 | A3 | A5: 4
	A4 | A5: 4
--------------
Threshold: 0,80
--------------
	A1 | A2 | A4 | A5: 18
	A1 | A2 | A3 | A5: 17
	A1 | A2 | A3 | A4: 15
	A1 | A3 | A4 | A5: 14
	A1 | A2 | A4: 14
	A1 | A4 | A5: 14
	A3 | A4 | A5: 13
	A1 | A3 | A4: 12
	A2 | A3 | A4 | A5: 11
	A1 | A2 | A3: 9
	A1 | A2 | A5: 8
	A2 | A3 | A4: 7
	A1 | A3 | A5: 6
	A2 | A4 | A5: 5
	A2 | A3 | A5: 5
	A1 | A4: 4
*********************************************************************************
All potential concepts based on thresholds
	A1 A3 ~#~ A4 A5 ~#~ A1 A5 ~#~ A2 A4 ~#~ A1 A2 ~#~ A1 A4 ~#~ A2 A3 ~#~ A3 A4 ~#~ A3 A5 ~#~ A2 A5 ~#~ A1 A2 A4 ~#~ A1 A4 A5 ~#~ A1 A3 A4 ~#~ A1 A2 A5 ~#~ A2 A4 A5 ~#~ A1 A3 A5 ~#~ A1 A2 A3 ~#~ A3 A4 A5 ~#~ A2 A3 A4 ~#~ A2 A3 A5 ~#~ A1 A2 A3 A5 ~#~ A1 A2 A4 A5 ~#~ A1 A2 A3 A4 ~#~ A1 A3 A4 A5 ~#~ A2 A3 A4 A5 ~#~ 
*********************************************************************************
--------------
Threshold: 0,10
--------------
	A4: 53
	A1: 40
	A5: 40
	A3: 24
	A2: 23
--------------
Threshold: 0,20
--------------
	A4: 53
	A1: 40
	A5: 40
	A3: 24
	A2: 23
--------------
Threshold: 0,30
--------------
	A1: 30
	A4: 30
	A5: 30
	A3: 15
	A2: 14
	A4 | A5: 11
	A3 | A4: 8
	A1 | A3: 7
	A1 | A4: 7
	A2 | A4: 6
	A3 | A5: 5
	A2 | A5: 5
	A1 | A2: 5
	A1 | A5: 5
--------------
Threshold: 0,40
--------------
	A4 | A5: 21
	A2 | A5: 16
	A4: 15
	A1 | A3: 15
	A1 | A5: 15
	A1: 13
	A3 | A4: 13
	A2 | A4: 12
	A1 | A2: 12
	A1 | A4: 12
	A5: 10
	A3: 8
	A3 | A5: 8
	A2: 5
	A2 | A3: 5
--------------
Threshold: 0,50
--------------
	A4 | A5: 22
	A1 | A5: 17
	A2 | A5: 16
	A1 | A4: 16
	A1 | A3: 14
	A3 | A4: 13
	A1 | A2: 11
	A2 | A4: 9
	A3 | A5: 8
	A2 | A3: 7
	A4: 6
	A5: 6
	A1 | A3 | A4: 5
	A1: 5
	A2: 4
	A2 | A4 | A5: 4
--------------
Threshold: 0,60
--------------
	A1 | A3 | A4: 18
	A1 | A4 | A5: 15
	A2 | A4 | A5: 15
	A1 | A2 | A5: 13
	A4 | A5: 11
	A1 | A4: 10
	A2 | A5: 9
	A1 | A5: 9
	A3 | A5: 8
	A1 | A2 | A4: 8
	A3 | A4 | A5: 8
	A3 | A4: 7
	A2 | A4: 6
	A1 | A3: 6
	A2 | A3 | A5: 6
	A2 | A3 | A4: 6
	A1 | A2 | A3: 5
	A2 | A3: 5
	A1 | A2: 5
--------------
Threshold: 0,70
--------------
	A1 | A4 | A5: 19
	A2 | A4 | A5: 17
	A1 | A3 | A4: 14
	A3 | A4 | A5: 14
	A1 | A2 | A5: 13
	A1 | A2 | A4: 10
	A2 | A3 | A5: 10
	A1 | A3 | A5: 7
	A2 | A3 | A4 | A5: 7
	A1 | A2 | A3: 6
	A1 | A2 | A4 | A5: 6
	A1 | A2 | A3 | A4: 6
	A2 | A3 | A4: 6
	A1 | A3 | A4 | A5: 5
	A3 | A5: 5
	A2 | A4: 5
	A1 | A4: 5
	A1 | A5: 4
	A1 | A2 | A3 | A5: 4
--------------
Threshold: 0,80
--------------
	A1 | A2 | A4 | A5: 28
	A1 | A2 | A3 | A4: 23
	A2 | A3 | A4 | A5: 22
	A1 | A2 | A3 | A5: 20
	A1 | A3 | A4 | A5: 17
	A3 | A4 | A5: 11
	A1 | A2 | A5: 7
	A1 | A2 | A4: 7
	A1 | A4 | A5: 7
	A2 | A4 | A5: 7
	A1 | A3 | A4: 6
	A1 | A3 | A5: 6
	A1 | A4: 5
	A2 | A3 | A5: 4
*********************************************************************************
All potential concepts based on thresholds
	A4 A5 ~#~ A3 A4 ~#~ A1 A3 ~#~ A1 A4 ~#~ A2 A4 ~#~ A3 A5 ~#~ A2 A5 ~#~ A1 A2 ~#~ A1 A5 ~#~ A2 A3 ~#~ A1 A3 A4 ~#~ A2 A4 A5 ~#~ A1 A4 A5 ~#~ A1 A2 A5 ~#~ A1 A2 A4 ~#~ A3 A4 A5 ~#~ A2 A3 A5 ~#~ A2 A3 A4 ~#~ A1 A2 A3 ~#~ A1 A3 A5 ~#~ A2 A3 A4 A5 ~#~ A1 A2 A4 A5 ~#~ A1 A2 A3 A4 ~#~ A1 A3 A4 A5 ~#~ A1 A2 A3 A5 ~#~ 
*********************************************************************************
dataset: rRedundant.arff
--------------
Threshold: 0,10
--------------
	A1: 132
	A2: 48
--------------
Threshold: 0,20
--------------
	A1: 132
	A2: 48
--------------
Threshold: 0,30
--------------
	A1: 132
	A2: 48
--------------
Threshold: 0,40
--------------
	A1: 132
	A2: 48
--------------
Threshold: 0,50
--------------
	A1: 97
	A1 | A2: 57
	A2: 25
--------------
Threshold: 0,60
--------------
	A1 | A2: 97
	A1: 70
	A2: 9
	A2 | A3: 4
--------------
Threshold: 0,70
--------------
	A1 | A2: 123
	A1: 44
	A2 | A3: 12
--------------
Threshold: 0,80
--------------
	A1 | A2: 130
	A1: 24
	A1 | A2 | A3: 13
	A2 | A3: 12
*********************************************************************************
All potential concepts based on thresholds
	A1 A2 ~#~ A2 A3 ~#~ A1 A2 A3 ~#~ 
*********************************************************************************
--------------
Threshold: 0,10
--------------
	A1: 113
	A2: 67
--------------
Threshold: 0,20
--------------
	A1: 113
	A2: 67
--------------
Threshold: 0,30
--------------
	A1: 113
	A2: 67
--------------
Threshold: 0,40
--------------
	A1: 113
	A2: 66
--------------
Threshold: 0,50
--------------
	A1: 90
	A1 | A2: 51
	A2: 39
--------------
Threshold: 0,60
--------------
	A1 | A2: 90
	A1: 62
	A2: 19
	A2 | A3: 9
--------------
Threshold: 0,70
--------------
	A1 | A2: 110
	A1: 42
	A2 | A3: 26
--------------
Threshold: 0,80
--------------
	A1 | A2: 108
	A2 | A3: 27
	A1: 22
	A1 | A2 | A3: 22
*********************************************************************************
All potential concepts based on thresholds
	A1 A2 ~#~ A2 A3 ~#~ A1 A2 A3 ~#~ 
*********************************************************************************
--------------
Threshold: 0,10
--------------
	A1: 115
	A2: 65
--------------
Threshold: 0,20
--------------
	A1: 115
	A2: 65
--------------
Threshold: 0,30
--------------
	A1: 115
	A2: 65
--------------
Threshold: 0,40
--------------
	A1: 115
	A2: 65
--------------
Threshold: 0,50
--------------
	A1: 91
	A1 | A2: 46
	A2: 43
--------------
Threshold: 0,60
--------------
	A1 | A2: 91
	A1: 63
	A2: 15
	A2 | A3: 11
--------------
Threshold: 0,70
--------------
	A1 | A2: 116
	A1: 39
	A2 | A3: 21
	A2: 4
--------------
Threshold: 0,80
--------------
	A1 | A2: 119
	A1: 25
	A2 | A3: 22
	A1 | A2 | A3: 14
*********************************************************************************
All potential concepts based on thresholds
	A1 A2 ~#~ A2 A3 ~#~ A1 A2 A3 ~#~ 
*********************************************************************************
--------------
Threshold: 0,10
--------------
	A1: 114
	A2: 66
--------------
Threshold: 0,20
--------------
	A1: 114
	A2: 66
--------------
Threshold: 0,30
--------------
	A1: 114
	A2: 66
--------------
Threshold: 0,40
--------------
	A1: 114
	A2: 65
--------------
Threshold: 0,50
--------------
	A1: 91
	A1 | A2: 56
	A2: 33
--------------
Threshold: 0,60
--------------
	A1 | A2: 87
	A1: 69
	A2 | A3: 15
	A2: 8
--------------
Threshold: 0,70
--------------
	A1 | A2: 121
	A1: 37
	A2 | A3: 21
--------------
Threshold: 0,80
--------------
	A1 | A2: 118
	A1 | A2 | A3: 27
	A1: 18
	A2 | A3: 16
*********************************************************************************
All potential concepts based on thresholds
	A1 A2 ~#~ A2 A3 ~#~ A1 A2 A3 ~#~ 
*********************************************************************************
--------------
Threshold: 0,10
--------------
	A1: 122
	A2: 57
--------------
Threshold: 0,20
--------------
	A1: 122
	A2: 57
--------------
Threshold: 0,30
--------------
	A1: 122
	A2: 57
--------------
Threshold: 0,40
--------------
	A1: 122
	A2: 52
	A1 | A2: 5
--------------
Threshold: 0,50
--------------
	A1: 96
	A1 | A2: 50
	A2: 28
	A2 | A3: 5
--------------
Threshold: 0,60
--------------
	A1 | A2: 85
	A1: 62
	A2 | A3: 22
	A2: 9
--------------
Threshold: 0,70
--------------
	A1 | A2: 111
	A1: 35
	A2 | A3: 31
--------------
Threshold: 0,80
--------------
	A1 | A2: 101
	A1 | A2 | A3: 40
	A2 | A3: 23
	A1: 14
*********************************************************************************
All potential concepts based on thresholds
	A1 A2 ~#~ A2 A3 ~#~ A1 A2 A3 ~#~ 
*********************************************************************************
--------------
Threshold: 0,10
--------------
	A1: 111
	A2: 68
--------------
Threshold: 0,20
--------------
	A1: 111
	A2: 68
--------------
Threshold: 0,30
--------------
	A1: 111
	A2: 68
--------------
Threshold: 0,40
--------------
	A1: 111
	A2: 68
--------------
Threshold: 0,50
--------------
	A1: 87
	A1 | A2: 48
	A2: 43
--------------
Threshold: 0,60
--------------
	A1 | A2: 84
	A1: 60
	A2: 18
	A2 | A3: 18
--------------
Threshold: 0,70
--------------
	A1 | A2: 106
	A1: 36
	A2 | A3: 32
--------------
Threshold: 0,80
--------------
	A1 | A2: 108
	A2 | A3: 28
	A1 | A2 | A3: 23
	A1: 17
*********************************************************************************
All potential concepts based on thresholds
	A1 A2 ~#~ A2 A3 ~#~ A1 A2 A3 ~#~ 
*********************************************************************************
--------------
Threshold: 0,10
--------------
	A1: 116
	A2: 64
--------------
Threshold: 0,20
--------------
	A1: 116
	A2: 64
--------------
Threshold: 0,30
--------------
	A1: 116
	A2: 64
--------------
Threshold: 0,40
--------------
	A1: 116
	A2: 63
--------------
Threshold: 0,50
--------------
	A1: 86
	A1 | A2: 58
	A2: 32
	A2 | A3: 4
--------------
Threshold: 0,60
--------------
	A1 | A2: 95
	A1: 57
	A2 | A3: 19
	A2: 9
--------------
Threshold: 0,70
--------------
	A1 | A2: 114
	A1: 38
	A2 | A3: 26
--------------
Threshold: 0,80
--------------
	A1 | A2: 107
	A1 | A2 | A3: 33
	A1: 20
	A2 | A3: 19
*********************************************************************************
All potential concepts based on thresholds
	A1 A2 ~#~ A2 A3 ~#~ A1 A2 A3 ~#~ 
*********************************************************************************
--------------
Threshold: 0,10
--------------
	A1: 120
	A2: 60
--------------
Threshold: 0,20
--------------
	A1: 120
	A2: 60
--------------
Threshold: 0,30
--------------
	A1: 120
	A2: 60
--------------
Threshold: 0,40
--------------
	A1: 119
	A2: 59
--------------
Threshold: 0,50
--------------
	A1: 91
	A1 | A2: 56
	A2: 32
--------------
Threshold: 0,60
--------------
	A1 | A2: 101
	A1: 52
	A2: 12
	A2 | A3: 12
--------------
Threshold: 0,70
--------------
	A1 | A2: 117
	A1: 36
	A2 | A3: 21
--------------
Threshold: 0,80
--------------
	A1 | A2: 108
	A1 | A2 | A3: 29
	A1: 23
	A2 | A3: 18
*********************************************************************************
All potential concepts based on thresholds
	A1 A2 ~#~ A2 A3 ~#~ A1 A2 A3 ~#~ 
*********************************************************************************
--------------
Threshold: 0,10
--------------
	A1: 118
	A2: 61
--------------
Threshold: 0,20
--------------
	A1: 118
	A2: 61
--------------
Threshold: 0,30
--------------
	A1: 118
	A2: 61
--------------
Threshold: 0,40
--------------
	A1: 118
	A2: 60
--------------
Threshold: 0,50
--------------
	A1: 92
	A1 | A2: 51
	A2: 35
--------------
Threshold: 0,60
--------------
	A1 | A2: 106
	A1: 49
	A2: 15
	A2 | A3: 10
--------------
Threshold: 0,70
--------------
	A1 | A2: 126
	A1: 29
	A2 | A3: 25
--------------
Threshold: 0,80
--------------
	A1 | A2: 113
	A1 | A2 | A3: 30
	A2 | A3: 20
	A1: 17
*********************************************************************************
All potential concepts based on thresholds
	A1 A2 ~#~ A2 A3 ~#~ A1 A2 A3 ~#~ 
*********************************************************************************
--------------
Threshold: 0,10
--------------
	A1: 114
	A2: 66
--------------
Threshold: 0,20
--------------
	A1: 114
	A2: 66
--------------
Threshold: 0,30
--------------
	A1: 114
	A2: 66
--------------
Threshold: 0,40
--------------
	A1: 114
	A2: 65
--------------
Threshold: 0,50
--------------
	A1: 82
	A1 | A2: 59
	A2: 39
--------------
Threshold: 0,60
--------------
	A1 | A2: 106
	A1: 51
	A2: 15
	A2 | A3: 8
--------------
Threshold: 0,70
--------------
	A1 | A2: 126
	A1: 33
	A2 | A3: 18
--------------
Threshold: 0,80
--------------
	A1 | A2: 118
	A1 | A2 | A3: 25
	A1: 19
	A2 | A3: 18
*********************************************************************************
All potential concepts based on thresholds
	A1 A2 ~#~ A2 A3 ~#~ A1 A2 A3 ~#~ 
*********************************************************************************
