dataset: Glass_new.arff
--------------
Threshold: 0,10
--------------
	K: 22
	Na: 3
--------------
Threshold: 0,20
--------------
	K: 22
	Na: 3
--------------
Threshold: 0,30
--------------
	K: 21
	Na: 3
	K | Ba: 2
--------------
Threshold: 0,40
--------------
	Na | K: 12
	K: 10
	K | Ba: 2
	Na | Ba: 2
--------------
Threshold: 0,50
--------------
	Na | K: 22
	Na | Ba: 2
--------------
Threshold: 0,60
--------------
	Na | K: 21
	Na | K | Ba: 3
--------------
Threshold: 0,70
--------------
	Na | K | Ba: 22
	RI | Na | K | Ba: 2
--------------
Threshold: 0,80
--------------
	Na | K | Ba: 16
	RI | Na | K | Ba: 4
	Na | Mg | K | Ba: 4
*********************************************************************************
All potential concepts based on thresholds
	K Ba ~#~ Na K ~#~ Na Ba ~#~ Na K Ba ~#~ RI Na K Ba ~#~ Na Mg K Ba ~#~ 
*********************************************************************************
--------------
Threshold: 0,10
--------------
	K: 18
	Na: 4
	Ba: 4
--------------
Threshold: 0,20
--------------
	K: 18
	Na: 4
	Ba: 4
--------------
Threshold: 0,30
--------------
	K: 18
	Na: 4
	Ba: 3
--------------
Threshold: 0,40
--------------
	Na | K: 15
	K | Ba: 4
	Na | Ba: 4
	K: 3
--------------
Threshold: 0,50
--------------
	Na | K: 17
	K | Ba: 5
	Na | Ba: 4
--------------
Threshold: 0,60
--------------
	Na | K: 15
	Na | K | Ba: 9
--------------
Threshold: 0,70
--------------
	Na | K | Ba: 23
	RI | Na | K | Ba: 2
--------------
Threshold: 0,80
--------------
	Na | Mg | K | Ba: 11
	Na | K | Ba: 9
	RI | Na | K | Ba: 3
	RI | Na | Mg | K | Ba: 2
*********************************************************************************
All potential concepts based on thresholds
	Na K ~#~ K Ba ~#~ Na Ba ~#~ Na K Ba ~#~ RI Na K Ba ~#~ Na Mg K Ba ~#~ RI Na Mg K Ba ~#~ 
*********************************************************************************
--------------
Threshold: 0,10
--------------
	K: 19
	Ba: 8
--------------
Threshold: 0,20
--------------
	K: 19
	Ba: 8
--------------
Threshold: 0,30
--------------
	K: 19
	Ba: 6
	K | Ba: 2
--------------
Threshold: 0,40
--------------
	K: 19
	K | Ba: 8
--------------
Threshold: 0,50
--------------
	K: 16
	K | Ba: 10
--------------
Threshold: 0,60
--------------
	K | Ba: 23
	Mg | K | Ba: 2
	RI | K | Ba: 2
--------------
Threshold: 0,70
--------------
	K | Ba: 16
	Mg | K | Ba: 6
	RI | K | Ba: 3
--------------
Threshold: 0,80
--------------
	Mg | K | Ba: 14
	RI | Mg | K | Ba: 4
	RI | K | Ba: 2
*********************************************************************************
All potential concepts based on thresholds
	K Ba ~#~ Mg K Ba ~#~ RI K Ba ~#~ RI Mg K Ba ~#~ 
*********************************************************************************
--------------
Threshold: 0,10
--------------
	K: 18
	Na: 5
	Ba: 3
--------------
Threshold: 0,20
--------------
	K: 18
	Na: 5
	Ba: 3
--------------
Threshold: 0,30
--------------
	K: 18
	Na: 5
	Ba: 2
--------------
Threshold: 0,40
--------------
	Na | K: 18
	Na | Ba: 5
	K | Ba: 3
--------------
Threshold: 0,50
--------------
	Na | K: 18
	Na | Ba: 5
	K | Ba: 3
--------------
Threshold: 0,60
--------------
	Na | K: 17
	Na | K | Ba: 8
--------------
Threshold: 0,70
--------------
	Na | K | Ba: 24
--------------
Threshold: 0,80
--------------
	Na | K | Ba: 12
	Na | Mg | K | Ba: 9
*********************************************************************************
All potential concepts based on thresholds
	Na K ~#~ Na Ba ~#~ K Ba ~#~ Na K Ba ~#~ Na Mg K Ba ~#~ 
*********************************************************************************
--------------
Threshold: 0,10
--------------
	K: 22
	Na: 4
--------------
Threshold: 0,20
--------------
	K: 22
	Na: 4
--------------
Threshold: 0,30
--------------
	K: 19
	Na: 4
	K | Ba: 2
--------------
Threshold: 0,40
--------------
	Na | K: 14
	K: 9
	K | Ba: 2
--------------
Threshold: 0,50
--------------
	Na | K: 23
	Na | K | Ba: 2
--------------
Threshold: 0,60
--------------
	Na | K: 18
	Na | K | Ba: 7
--------------
Threshold: 0,70
--------------
	Na | K | Ba: 19
	Na | Al | K: 2
	RI | Na | K | Ba: 2
--------------
Threshold: 0,80
--------------
	Na | Al | K | Ba: 17
	RI | Na | Mg | K | Ba: 3
	Na | K | Ba: 2
*********************************************************************************
All potential concepts based on thresholds
	K Ba ~#~ Na K ~#~ Na K Ba ~#~ Na Al K ~#~ RI Na K Ba ~#~ Na Al K Ba ~#~ RI Na Mg K Ba ~#~ 
*********************************************************************************
--------------
Threshold: 0,10
--------------
	K: 19
	Ba: 4
	Na: 3
--------------
Threshold: 0,20
--------------
	K: 19
	Ba: 4
	Na: 3
--------------
Threshold: 0,30
--------------
	K: 19
	K | Ba: 4
	Na: 2
--------------
Threshold: 0,40
--------------
	Na | K: 18
	K | Ba: 4
	Na | Ba: 3
--------------
Threshold: 0,50
--------------
	Na | K: 19
	K | Ba: 2
	Na | Ba: 2
--------------
Threshold: 0,60
--------------
	Na | K | Ba: 17
	Na | K: 6
	RI | K | Ba: 2
--------------
Threshold: 0,70
--------------
	Na | K | Ba: 22
	RI | Na | K | Ba: 2
--------------
Threshold: 0,80
--------------
	Na | Mg | K | Ba: 18
	RI | Na | K | Ba: 6
*********************************************************************************
All potential concepts based on thresholds
	K Ba ~#~ Na K ~#~ Na Ba ~#~ Na K Ba ~#~ RI K Ba ~#~ RI Na K Ba ~#~ Na Mg K Ba ~#~ 
*********************************************************************************
--------------
Threshold: 0,10
--------------
	K: 21
	Ba: 5
--------------
Threshold: 0,20
--------------
	K: 21
	Ba: 5
--------------
Threshold: 0,30
--------------
	K: 19
	K | Ba: 5
	Ba: 2
--------------
Threshold: 0,40
--------------
	K: 18
	K | Ba: 8
--------------
Threshold: 0,50
--------------
	K | Ba: 19
	K: 5
	Na | K | Ba: 2
--------------
Threshold: 0,60
--------------
	K | Ba: 19
	Na | K | Ba: 4
--------------
Threshold: 0,70
--------------
	Na | K | Ba: 16
	K | Ba: 4
	Mg | K | Ba: 2
	RI | K | Ba: 2
--------------
Threshold: 0,80
--------------
	Na | K | Ba: 9
	Na | Mg | K | Ba: 9
	RI | Na | Mg | K | Ba: 2
	RI | Na | K | Ba: 2
	RI | Mg | K | Ba: 2
*********************************************************************************
All potential concepts based on thresholds
	K Ba ~#~ Na K Ba ~#~ Mg K Ba ~#~ RI K Ba ~#~ Na Mg K Ba ~#~ RI Na Mg K Ba ~#~ RI Na K Ba ~#~ RI Mg K Ba ~#~ 
*********************************************************************************
--------------
Threshold: 0,10
--------------
	K: 18
	Ba: 5
	Na: 3
--------------
Threshold: 0,20
--------------
	K: 18
	Ba: 5
	Na: 3
--------------
Threshold: 0,30
--------------
	K: 18
	Na | Ba: 4
	Ba: 3
--------------
Threshold: 0,40
--------------
	K: 15
	Na | Ba: 5
	K | Ba: 4
	Na | K: 2
--------------
Threshold: 0,50
--------------
	Na | K: 11
	K | Ba: 10
	Na | Ba: 3
	Na | K | Ba: 2
--------------
Threshold: 0,60
--------------
	Na | K | Ba: 12
	Na | K: 8
	K | Ba: 6
--------------
Threshold: 0,70
--------------
	Na | K | Ba: 23
--------------
Threshold: 0,80
--------------
	Na | Mg | K | Ba: 13
	Na | K | Ba: 8
	RI | Na | K | Ba: 3
*********************************************************************************
All potential concepts based on thresholds
	Na Ba ~#~ K Ba ~#~ Na K ~#~ Na K Ba ~#~ Na Mg K Ba ~#~ RI Na K Ba ~#~ 
*********************************************************************************
--------------
Threshold: 0,10
--------------
	K: 18
	Na: 4
	Ba: 4
--------------
Threshold: 0,20
--------------
	K: 18
	Na: 4
	Ba: 4
--------------
Threshold: 0,30
--------------
	K: 18
	Na: 4
	K | Ba: 2
	Ba: 2
--------------
Threshold: 0,40
--------------
	Na | K: 18
	K | Ba: 4
	Na | Ba: 3
--------------
Threshold: 0,50
--------------
	Na | K: 18
	K | Ba: 3
	Na | Ba: 3
	Na | K | Ba: 2
--------------
Threshold: 0,60
--------------
	Na | K: 14
	Na | K | Ba: 8
	Na | Ba: 2
--------------
Threshold: 0,70
--------------
	Na | K | Ba: 23
	Na | Mg | K | Ba: 2
--------------
Threshold: 0,80
--------------
	Na | Mg | K | Ba: 18
	Na | K | Ba: 4
	RI | Na | K | Ba: 2
*********************************************************************************
All potential concepts based on thresholds
	K Ba ~#~ Na K ~#~ Na Ba ~#~ Na K Ba ~#~ Na Mg K Ba ~#~ RI Na K Ba ~#~ 
*********************************************************************************
--------------
Threshold: 0,10
--------------
	K: 20
	Na: 4
	Ba: 2
--------------
Threshold: 0,20
--------------
	K: 20
	Na: 4
	Ba: 2
--------------
Threshold: 0,30
--------------
	K: 20
	Na | Ba: 4
	Ba: 2
--------------
Threshold: 0,40
--------------
	Na | K: 11
	K: 9
	Na | Ba: 4
	K | Ba: 2
--------------
Threshold: 0,50
--------------
	Na | K: 19
	K | Ba: 3
	Na | K | Ba: 2
--------------
Threshold: 0,60
--------------
	Na | K: 15
	Na | K | Ba: 7
	K | Ba: 2
--------------
Threshold: 0,70
--------------
	Na | K | Ba: 20
	Na | Mg | K | Ba: 3
	Mg | K | Ba: 3
--------------
Threshold: 0,80
--------------
	Na | Mg | K | Ba: 18
	Na | K | Ba: 5
*********************************************************************************
All potential concepts based on thresholds
	Na Ba ~#~ Na K ~#~ K Ba ~#~ Na K Ba ~#~ Na Mg K Ba ~#~ Mg K Ba ~#~ 
*********************************************************************************
