dataset: cBinClassDisAttr-uniqueInst.arff
--------------
Threshold: 0,10
--------------
	A1: 78
--------------
Threshold: 0,20
--------------
	A1: 78
--------------
Threshold: 0,30
--------------
	A1: 78
--------------
Threshold: 0,40
--------------
	A1: 78
--------------
Threshold: 0,50
--------------
	A1: 77
--------------
Threshold: 0,60
--------------
	A1: 64
	A1 | A2: 14
--------------
Threshold: 0,70
--------------
	A1: 62
	A1 | A2: 16
--------------
Threshold: 0,80
--------------
	A1 | A2: 43
	A1: 22
	A1 | A2 | A4: 9
	A1 | A2 | A3: 4
*********************************************************************************
All potential concepts based on thresholds
	A1 A2 ~#~ A1 A2 A4 ~#~ A1 A2 A3 ~#~ 
*********************************************************************************
--------------
Threshold: 0,10
--------------
	A1: 78
--------------
Threshold: 0,20
--------------
	A1: 78
--------------
Threshold: 0,30
--------------
	A1: 78
--------------
Threshold: 0,40
--------------
	A1: 78
--------------
Threshold: 0,50
--------------
	A1: 78
--------------
Threshold: 0,60
--------------
	A1: 67
	A1 | A2: 10
--------------
Threshold: 0,70
--------------
	A1: 58
	A1 | A2: 19
--------------
Threshold: 0,80
--------------
	A1 | A2: 49
	A1: 17
	A1 | A2 | A4: 12
*********************************************************************************
All potential concepts based on thresholds
	A1 A2 ~#~ A1 A2 A4 ~#~ 
*********************************************************************************
--------------
Threshold: 0,10
--------------
	A1: 78
--------------
Threshold: 0,20
--------------
	A1: 78
--------------
Threshold: 0,30
--------------
	A1: 78
--------------
Threshold: 0,40
--------------
	A1: 78
--------------
Threshold: 0,50
--------------
	A1: 73
	A1 | A2: 5
--------------
Threshold: 0,60
--------------
	A1: 65
	A1 | A2: 13
--------------
Threshold: 0,70
--------------
	A1: 50
	A1 | A2: 28
--------------
Threshold: 0,80
--------------
	A1 | A2: 55
	A1 | A2 | A4: 13
	A1: 6
*********************************************************************************
All potential concepts based on thresholds
	A1 A2 ~#~ A1 A2 A4 ~#~ 
*********************************************************************************
--------------
Threshold: 0,10
--------------
	A1: 78
--------------
Threshold: 0,20
--------------
	A1: 78
--------------
Threshold: 0,30
--------------
	A1: 78
--------------
Threshold: 0,40
--------------
	A1: 78
--------------
Threshold: 0,50
--------------
	A1: 78
--------------
Threshold: 0,60
--------------
	A1: 62
	A1 | A2: 11
	A1 | A4: 5
--------------
Threshold: 0,70
--------------
	A1: 57
	A1 | A2: 16
	A1 | A4: 5
--------------
Threshold: 0,80
--------------
	A1 | A2: 44
	A1: 14
	A1 | A2 | A4: 13
	A1 | A4: 6
*********************************************************************************
All potential concepts based on thresholds
	A1 A2 ~#~ A1 A4 ~#~ A1 A2 A4 ~#~ 
*********************************************************************************
--------------
Threshold: 0,10
--------------
	A1: 78
--------------
Threshold: 0,20
--------------
	A1: 78
--------------
Threshold: 0,30
--------------
	A1: 78
--------------
Threshold: 0,40
--------------
	A1: 78
--------------
Threshold: 0,50
--------------
	A1: 78
--------------
Threshold: 0,60
--------------
	A1: 64
	A1 | A2: 14
--------------
Threshold: 0,70
--------------
	A1: 59
	A1 | A2: 19
--------------
Threshold: 0,80
--------------
	A1 | A2: 45
	A1: 21
	A1 | A2 | A4: 7
	A1 | A2 | A3: 5
*********************************************************************************
All potential concepts based on thresholds
	A1 A2 ~#~ A1 A2 A4 ~#~ A1 A2 A3 ~#~ 
*********************************************************************************
--------------
Threshold: 0,10
--------------
	A1: 78
--------------
Threshold: 0,20
--------------
	A1: 78
--------------
Threshold: 0,30
--------------
	A1: 78
--------------
Threshold: 0,40
--------------
	A1: 78
--------------
Threshold: 0,50
--------------
	A1: 78
--------------
Threshold: 0,60
--------------
	A1: 70
	A1 | A2: 8
--------------
Threshold: 0,70
--------------
	A1: 66
	A1 | A2: 12
--------------
Threshold: 0,80
--------------
	A1 | A2: 49
	A1: 22
	A1 | A2 | A4: 6
*********************************************************************************
All potential concepts based on thresholds
	A1 A2 ~#~ A1 A2 A4 ~#~ 
*********************************************************************************
--------------
Threshold: 0,10
--------------
	A1: 78
--------------
Threshold: 0,20
--------------
	A1: 78
--------------
Threshold: 0,30
--------------
	A1: 78
--------------
Threshold: 0,40
--------------
	A1: 78
--------------
Threshold: 0,50
--------------
	A1: 78
--------------
Threshold: 0,60
--------------
	A1: 64
	A1 | A2: 8
	A1 | A4: 6
--------------
Threshold: 0,70
--------------
	A1: 57
	A1 | A2: 15
	A1 | A4: 6
--------------
Threshold: 0,80
--------------
	A1 | A2: 41
	A1: 15
	A1 | A2 | A4: 13
	A1 | A4: 9
*********************************************************************************
All potential concepts based on thresholds
	A1 A2 ~#~ A1 A4 ~#~ A1 A2 A4 ~#~ 
*********************************************************************************
--------------
Threshold: 0,10
--------------
	A1: 79
--------------
Threshold: 0,20
--------------
	A1: 79
--------------
Threshold: 0,30
--------------
	A1: 79
--------------
Threshold: 0,40
--------------
	A1: 79
--------------
Threshold: 0,50
--------------
	A1: 78
--------------
Threshold: 0,60
--------------
	A1: 64
	A1 | A2: 15
--------------
Threshold: 0,70
--------------
	A1: 56
	A1 | A2: 23
--------------
Threshold: 0,80
--------------
	A1 | A2: 49
	A1: 14
	A1 | A2 | A4: 12
*********************************************************************************
All potential concepts based on thresholds
	A1 A2 ~#~ A1 A2 A4 ~#~ 
*********************************************************************************
--------------
Threshold: 0,10
--------------
	A1: 79
--------------
Threshold: 0,20
--------------
	A1: 79
--------------
Threshold: 0,30
--------------
	A1: 79
--------------
Threshold: 0,40
--------------
	A1: 79
--------------
Threshold: 0,50
--------------
	A1: 79
--------------
Threshold: 0,60
--------------
	A1: 65
	A1 | A2: 14
--------------
Threshold: 0,70
--------------
	A1: 57
	A1 | A2: 22
--------------
Threshold: 0,80
--------------
	A1 | A2: 60
	A1: 9
	A1 | A2 | A4: 6
	A1 | A2 | A3: 4
*********************************************************************************
All potential concepts based on thresholds
	A1 A2 ~#~ A1 A2 A4 ~#~ A1 A2 A3 ~#~ 
*********************************************************************************
--------------
Threshold: 0,10
--------------
	A1: 79
--------------
Threshold: 0,20
--------------
	A1: 79
--------------
Threshold: 0,30
--------------
	A1: 79
--------------
Threshold: 0,40
--------------
	A1: 79
--------------
Threshold: 0,50
--------------
	A1: 79
--------------
Threshold: 0,60
--------------
	A1: 63
	A1 | A2: 16
--------------
Threshold: 0,70
--------------
	A1: 58
	A1 | A2: 21
--------------
Threshold: 0,80
--------------
	A1 | A2: 59
	A1 | A2 | A4: 10
	A1: 7
*********************************************************************************
All potential concepts based on thresholds
	A1 A2 ~#~ A1 A2 A4 ~#~ 
*********************************************************************************
dataset: cBinClassNumBinAttr.arff
--------------
Threshold: 0,10
--------------
	A3: 153
	A4: 36
	A2: 21
--------------
Threshold: 0,20
--------------
	A3: 153
	A4: 36
	A2: 21
--------------
Threshold: 0,30
--------------
	A3: 153
	A4: 34
	A2: 19
	A2 | A4: 4
--------------
Threshold: 0,40
--------------
	A3: 132
	A2 | A4: 38
	A2: 11
	A3 | A4: 11
	A2 | A3: 10
	A4: 6
--------------
Threshold: 0,50
--------------
	A2 | A3: 107
	A2 | A4: 44
	A3: 30
	A3 | A4: 16
	A1 | A2: 13
--------------
Threshold: 0,60
--------------
	A2 | A3: 137
	A2 | A4: 39
	A3 | A4: 16
	A1 | A2: 13
	A2 | A3 | A4: 5
--------------
Threshold: 0,70
--------------
	A2 | A3: 95
	A2 | A3 | A4: 67
	A1 | A2 | A4: 20
	A2 | A4: 12
	A1 | A2 | A3: 10
	A1 | A2: 6
--------------
Threshold: 0,80
--------------
	A1 | A2 | A3: 107
	A2 | A3 | A4: 67
	A1 | A2 | A4: 29
	A1 | A2 | A3 | A4: 6
*********************************************************************************
All potential concepts based on thresholds
	A2 A4 ~#~ A3 A4 ~#~ A2 A3 ~#~ A1 A2 ~#~ A2 A3 A4 ~#~ A1 A2 A4 ~#~ A1 A2 A3 ~#~ A1 A2 A3 A4 ~#~ 
*********************************************************************************
--------------
Threshold: 0,10
--------------
	A3: 152
	A2: 33
	A4: 25
--------------
Threshold: 0,20
--------------
	A3: 152
	A2: 33
	A4: 25
--------------
Threshold: 0,30
--------------
	A3: 152
	A2: 30
	A4: 23
	A2 | A4: 5
--------------
Threshold: 0,40
--------------
	A3: 139
	A2 | A4: 42
	A2: 14
	A2 | A3: 10
--------------
Threshold: 0,50
--------------
	A2 | A3: 126
	A2 | A4: 43
	A3: 19
	A1 | A2: 15
	A3 | A4: 7
--------------
Threshold: 0,60
--------------
	A2 | A3: 145
	A2 | A4: 37
	A1 | A2: 15
	A3 | A4: 7
	A2 | A3 | A4: 5
--------------
Threshold: 0,70
--------------
	A2 | A3: 94
	A2 | A3 | A4: 56
	A1 | A2 | A3: 21
	A1 | A2 | A4: 21
	A2 | A4: 12
	A1 | A2: 6
--------------
Threshold: 0,80
--------------
	A1 | A2 | A3: 121
	A2 | A3 | A4: 50
	A1 | A2 | A4: 32
	A1 | A2 | A3 | A4: 7
*********************************************************************************
All potential concepts based on thresholds
	A2 A4 ~#~ A2 A3 ~#~ A1 A2 ~#~ A3 A4 ~#~ A2 A3 A4 ~#~ A1 A2 A3 ~#~ A1 A2 A4 ~#~ A1 A2 A3 A4 ~#~ 
*********************************************************************************
--------------
Threshold: 0,10
--------------
	A3: 150
	A4: 40
	A2: 20
--------------
Threshold: 0,20
--------------
	A3: 150
	A4: 40
	A2: 20
--------------
Threshold: 0,30
--------------
	A3: 150
	A4: 40
	A2: 20
--------------
Threshold: 0,40
--------------
	A3: 127
	A2 | A4: 38
	A2 | A3: 14
	A2: 13
	A3 | A4: 9
	A4: 8
--------------
Threshold: 0,50
--------------
	A2 | A3: 128
	A2 | A4: 46
	A1 | A2: 14
	A3: 11
	A3 | A4: 11
--------------
Threshold: 0,60
--------------
	A2 | A3: 139
	A2 | A4: 46
	A1 | A2: 14
	A3 | A4: 11
--------------
Threshold: 0,70
--------------
	A2 | A3: 90
	A2 | A3 | A4: 62
	A2 | A4: 21
	A1 | A2 | A4: 17
	A1 | A2 | A3: 13
	A1 | A2: 7
--------------
Threshold: 0,80
--------------
	A1 | A2 | A3: 110
	A2 | A3 | A4: 66
	A1 | A2 | A4: 32
*********************************************************************************
All potential concepts based on thresholds
	A2 A4 ~#~ A2 A3 ~#~ A3 A4 ~#~ A1 A2 ~#~ A2 A3 A4 ~#~ A1 A2 A4 ~#~ A1 A2 A3 ~#~ 
*********************************************************************************
--------------
Threshold: 0,10
--------------
	A3: 145
	A4: 45
	A2: 20
--------------
Threshold: 0,20
--------------
	A3: 145
	A4: 45
	A2: 20
--------------
Threshold: 0,30
--------------
	A3: 145
	A4: 45
	A2: 20
--------------
Threshold: 0,40
--------------
	A3: 124
	A2 | A4: 36
	A3 | A4: 16
	A4: 14
	A2: 13
	A2 | A3: 5
--------------
Threshold: 0,50
--------------
	A2 | A3: 111
	A2 | A4: 50
	A3 | A4: 24
	A1 | A2: 15
	A3: 10
--------------
Threshold: 0,60
--------------
	A2 | A3: 121
	A2 | A4: 49
	A3 | A4: 24
	A1 | A2: 15
--------------
Threshold: 0,70
--------------
	A2 | A3: 83
	A2 | A3 | A4: 69
	A1 | A2 | A4: 21
	A2 | A4: 20
	A1 | A2 | A3: 10
	A1 | A2: 7
--------------
Threshold: 0,80
--------------
	A1 | A2 | A3: 99
	A2 | A3 | A4: 72
	A1 | A2 | A4: 36
*********************************************************************************
All potential concepts based on thresholds
	A2 A4 ~#~ A3 A4 ~#~ A2 A3 ~#~ A1 A2 ~#~ A2 A3 A4 ~#~ A1 A2 A4 ~#~ A1 A2 A3 ~#~ 
*********************************************************************************
--------------
Threshold: 0,10
--------------
	A3: 146
	A4: 45
	A2: 19
--------------
Threshold: 0,20
--------------
	A3: 146
	A4: 45
	A2: 19
--------------
Threshold: 0,30
--------------
	A3: 146
	A4: 45
	A2: 19
--------------
Threshold: 0,40
--------------
	A3: 127
	A2 | A4: 36
	A2: 15
	A3 | A4: 13
	A4: 12
	A2 | A3: 6
--------------
Threshold: 0,50
--------------
	A2 | A3: 106
	A2 | A4: 48
	A3: 23
	A3 | A4: 17
	A1 | A2: 16
--------------
Threshold: 0,60
--------------
	A2 | A3: 129
	A2 | A4: 47
	A3 | A4: 17
	A1 | A2: 16
--------------
Threshold: 0,70
--------------
	A2 | A3: 85
	A2 | A3 | A4: 73
	A1 | A2 | A4: 18
	A2 | A4: 16
	A1 | A2 | A3: 15
--------------
Threshold: 0,80
--------------
	A1 | A2 | A3: 94
	A2 | A3 | A4: 82
	A1 | A2 | A4: 28
*********************************************************************************
All potential concepts based on thresholds
	A2 A4 ~#~ A3 A4 ~#~ A2 A3 ~#~ A1 A2 ~#~ A2 A3 A4 ~#~ A1 A2 A4 ~#~ A1 A2 A3 ~#~ 
*********************************************************************************
--------------
Threshold: 0,10
--------------
	A3: 152
	A4: 31
	A2: 27
--------------
Threshold: 0,20
--------------
	A3: 152
	A4: 31
	A2: 27
--------------
Threshold: 0,30
--------------
	A3: 152
	A4: 31
	A2: 26
--------------
Threshold: 0,40
--------------
	A3: 132
	A2 | A4: 38
	A2: 15
	A2 | A3: 13
	A3 | A4: 7
	A4: 5
--------------
Threshold: 0,50
--------------
	A2 | A3: 133
	A2 | A4: 43
	A1 | A2: 15
	A3: 10
	A3 | A4: 9
--------------
Threshold: 0,60
--------------
	A2 | A3: 143
	A2 | A4: 39
	A1 | A2: 15
	A3 | A4: 9
--------------
Threshold: 0,70
--------------
	A2 | A3: 94
	A2 | A3 | A4: 63
	A1 | A2 | A4: 21
	A1 | A2 | A3: 13
	A2 | A4: 13
	A1 | A2: 6
--------------
Threshold: 0,80
--------------
	A1 | A2 | A3: 109
	A2 | A3 | A4: 64
	A1 | A2 | A4: 31
	A1 | A2 | A3 | A4: 6
*********************************************************************************
All potential concepts based on thresholds
	A2 A4 ~#~ A2 A3 ~#~ A3 A4 ~#~ A1 A2 ~#~ A2 A3 A4 ~#~ A1 A2 A4 ~#~ A1 A2 A3 ~#~ A1 A2 A3 A4 ~#~ 
*********************************************************************************
--------------
Threshold: 0,10
--------------
	A3: 153
	A4: 31
	A2: 26
--------------
Threshold: 0,20
--------------
	A3: 153
	A4: 31
	A2: 26
--------------
Threshold: 0,30
--------------
	A3: 153
	A4: 29
	A2: 26
--------------
Threshold: 0,40
--------------
	A3: 133
	A2 | A4: 40
	A2: 15
	A2 | A3: 11
	A3 | A4: 9
--------------
Threshold: 0,50
--------------
	A2 | A3: 135
	A2 | A4: 43
	A1 | A2: 14
	A3 | A4: 11
	A3: 7
--------------
Threshold: 0,60
--------------
	A2 | A3: 142
	A2 | A4: 40
	A1 | A2: 14
	A3 | A4: 11
--------------
Threshold: 0,70
--------------
	A2 | A3: 87
	A2 | A3 | A4: 74
	A1 | A2 | A4: 19
	A2 | A4: 14
	A1 | A2 | A3: 8
	A1 | A2: 8
--------------
Threshold: 0,80
--------------
	A1 | A2 | A3: 102
	A2 | A3 | A4: 74
	A1 | A2 | A4: 30
	A1 | A2 | A3 | A4: 4
*********************************************************************************
All potential concepts based on thresholds
	A2 A4 ~#~ A2 A3 ~#~ A3 A4 ~#~ A1 A2 ~#~ A2 A3 A4 ~#~ A1 A2 A4 ~#~ A1 A2 A3 ~#~ A1 A2 A3 A4 ~#~ 
*********************************************************************************
--------------
Threshold: 0,10
--------------
	A3: 149
	A4: 41
	A2: 19
--------------
Threshold: 0,20
--------------
	A3: 149
	A4: 41
	A2: 19
--------------
Threshold: 0,30
--------------
	A3: 149
	A4: 40
	A2: 19
--------------
Threshold: 0,40
--------------
	A3: 133
	A2 | A4: 33
	A4: 13
	A2: 12
	A2 | A3: 9
	A3 | A4: 7
--------------
Threshold: 0,50
--------------
	A2 | A3: 116
	A2 | A4: 46
	A3: 18
	A3 | A4: 15
	A1 | A2: 14
--------------
Threshold: 0,60
--------------
	A2 | A3: 134
	A2 | A4: 41
	A3 | A4: 15
	A1 | A2: 14
--------------
Threshold: 0,70
--------------
	A2 | A3: 92
	A2 | A3 | A4: 69
	A2 | A4: 20
	A1 | A2 | A4: 14
	A1 | A2 | A3: 10
	A1 | A2: 4
--------------
Threshold: 0,80
--------------
	A1 | A2 | A3: 100
	A2 | A3 | A4: 78
	A1 | A2 | A4: 26
	A1 | A2 | A3 | A4: 4
*********************************************************************************
All potential concepts based on thresholds
	A2 A4 ~#~ A2 A3 ~#~ A3 A4 ~#~ A1 A2 ~#~ A2 A3 A4 ~#~ A1 A2 A4 ~#~ A1 A2 A3 ~#~ A1 A2 A3 A4 ~#~ 
*********************************************************************************
--------------
Threshold: 0,10
--------------
	A3: 148
	A4: 42
	A2: 19
--------------
Threshold: 0,20
--------------
	A3: 148
	A4: 42
	A2: 19
--------------
Threshold: 0,30
--------------
	A3: 148
	A4: 42
	A2: 19
--------------
Threshold: 0,40
--------------
	A3: 129
	A2 | A4: 33
	A3 | A4: 15
	A2: 14
	A4: 13
	A2 | A3: 4
--------------
Threshold: 0,50
--------------
	A2 | A3: 111
	A2 | A4: 46
	A3 | A4: 23
	A1 | A2: 15
	A3: 14
--------------
Threshold: 0,60
--------------
	A2 | A3: 125
	A2 | A4: 44
	A3 | A4: 23
	A1 | A2: 15
--------------
Threshold: 0,70
--------------
	A2 | A3: 91
	A2 | A3 | A4: 67
	A2 | A4: 19
	A1 | A2 | A3: 15
	A1 | A2 | A4: 15
--------------
Threshold: 0,80
--------------
	A1 | A2 | A3: 106
	A2 | A3 | A4: 67
	A1 | A2 | A4: 31
*********************************************************************************
All potential concepts based on thresholds
	A2 A4 ~#~ A3 A4 ~#~ A2 A3 ~#~ A1 A2 ~#~ A2 A3 A4 ~#~ A1 A2 A3 ~#~ A1 A2 A4 ~#~ 
*********************************************************************************
--------------
Threshold: 0,10
--------------
	A3: 148
	A4: 37
	A2: 24
--------------
Threshold: 0,20
--------------
	A3: 148
	A4: 37
	A2: 24
--------------
Threshold: 0,30
--------------
	A3: 148
	A4: 36
	A2: 23
--------------
Threshold: 0,40
--------------
	A3: 138
	A2 | A4: 39
	A2: 13
	A4: 8
	A2 | A3: 6
	A3 | A4: 4
--------------
Threshold: 0,50
--------------
	A2 | A3: 120
	A2 | A4: 47
	A3: 20
	A1 | A2: 14
	A3 | A4: 8
--------------
Threshold: 0,60
--------------
	A2 | A3: 140
	A2 | A4: 45
	A1 | A2: 14
	A3 | A4: 8
--------------
Threshold: 0,70
--------------
	A2 | A3: 91
	A2 | A3 | A4: 62
	A2 | A4: 19
	A1 | A2 | A3: 16
	A1 | A2 | A4: 15
	A1 | A2: 6
--------------
Threshold: 0,80
--------------
	A1 | A2 | A3: 111
	A2 | A3 | A4: 63
	A1 | A2 | A4: 32
*********************************************************************************
All potential concepts based on thresholds
	A2 A4 ~#~ A2 A3 ~#~ A3 A4 ~#~ A1 A2 ~#~ A2 A3 A4 ~#~ A1 A2 A3 ~#~ A1 A2 A4 ~#~ 
*********************************************************************************
dataset: cBinClassNumDisAttr.arff
--------------
Threshold: 0,10
--------------
	A1: 223
	A4: 78
	A3: 25
	A2: 12
--------------
Threshold: 0,20
--------------
	A1: 223
	A4: 78
	A3: 25
	A2: 12
--------------
Threshold: 0,30
--------------
	A1: 223
	A4: 78
	A3: 25
	A2: 12
--------------
Threshold: 0,40
--------------
	A1: 126
	A1 | A2: 107
	A4: 74
	A3: 21
	A3 | A4: 6
--------------
Threshold: 0,50
--------------
	A1 | A2: 232
	A4: 45
	A3 | A4: 41
	A3: 9
	A2 | A3: 6
--------------
Threshold: 0,60
--------------
	A1 | A2: 234
	A3 | A4: 75
	A4: 12
	A3: 7
	A2 | A3: 6
--------------
Threshold: 0,70
--------------
	A1 | A2: 192
	A3 | A4: 79
	A1 | A2 | A4: 43
	A2 | A3 | A4: 11
	A2 | A3: 6
--------------
Threshold: 0,80
--------------
	A1 | A2 | A4: 157
	A1 | A2: 78
	A2 | A3 | A4: 46
	A3 | A4: 40
	A3 | A4 | A5: 8
*********************************************************************************
All potential concepts based on thresholds
	A1 A2 ~#~ A3 A4 ~#~ A2 A3 ~#~ A1 A2 A4 ~#~ A2 A3 A4 ~#~ A3 A4 A5 ~#~ 
*********************************************************************************
--------------
Threshold: 0,10
--------------
	A1: 238
	A4: 66
	A3: 34
--------------
Threshold: 0,20
--------------
	A1: 238
	A4: 66
	A3: 34
--------------
Threshold: 0,30
--------------
	A1: 238
	A4: 66
	A3: 33
--------------
Threshold: 0,40
--------------
	A1: 160
	A1 | A2: 76
	A4: 61
	A3: 28
	A3 | A4: 9
--------------
Threshold: 0,50
--------------
	A1 | A2: 231
	A3 | A4: 44
	A4: 33
	A3: 16
	A1: 5
--------------
Threshold: 0,60
--------------
	A1 | A2: 236
	A3 | A4: 73
	A4: 9
	A3: 6
	A2 | A3: 5
--------------
Threshold: 0,70
--------------
	A1 | A2: 199
	A3 | A4: 77
	A1 | A2 | A4: 39
	A2 | A3 | A4: 6
--------------
Threshold: 0,80
--------------
	A1 | A2 | A4: 144
	A1 | A2: 94
	A3 | A4: 45
	A2 | A3 | A4: 21
	A3 | A4 | A5: 11
	A1 | A3 | A4: 10
*********************************************************************************
All potential concepts based on thresholds
	A1 A2 ~#~ A3 A4 ~#~ A2 A3 ~#~ A1 A2 A4 ~#~ A2 A3 A4 ~#~ A3 A4 A5 ~#~ A1 A3 A4 ~#~ 
*********************************************************************************
--------------
Threshold: 0,10
--------------
	A1: 214
	A3: 54
	A4: 50
	A2: 20
--------------
Threshold: 0,20
--------------
	A1: 214
	A3: 54
	A4: 50
	A2: 20
--------------
Threshold: 0,30
--------------
	A1: 214
	A3: 54
	A4: 50
	A2: 20
--------------
Threshold: 0,40
--------------
	A1: 121
	A1 | A2: 103
	A3: 49
	A4: 35
	A3 | A4: 20
	A2: 10
--------------
Threshold: 0,50
--------------
	A1 | A2: 233
	A3 | A4: 61
	A3: 23
	A4: 14
--------------
Threshold: 0,60
--------------
	A1 | A2: 234
	A3 | A4: 77
	A2 | A3: 12
	A3: 5
--------------
Threshold: 0,70
--------------
	A1 | A2: 194
	A3 | A4: 69
	A1 | A2 | A4: 40
	A2 | A3: 10
	A2 | A3 | A4: 8
	A3 | A5: 5
--------------
Threshold: 0,80
--------------
	A1 | A2 | A4: 134
	A1 | A2: 100
	A3 | A4: 37
	A2 | A3 | A4: 30
	A1 | A2 | A3: 11
	A3 | A4 | A5: 9
	A1 | A3 | A4: 6
*********************************************************************************
All potential concepts based on thresholds
	A1 A2 ~#~ A3 A4 ~#~ A2 A3 ~#~ A1 A2 A4 ~#~ A2 A3 A4 ~#~ A3 A5 ~#~ A1 A2 A3 ~#~ A3 A4 A5 ~#~ A1 A3 A4 ~#~ 
*********************************************************************************
--------------
Threshold: 0,10
--------------
	A1: 228
	A4: 77
	A3: 28
	A2: 5
--------------
Threshold: 0,20
--------------
	A1: 228
	A4: 77
	A3: 28
	A2: 5
--------------
Threshold: 0,30
--------------
	A1: 228
	A4: 77
	A3: 28
	A2: 5
--------------
Threshold: 0,40
--------------
	A1: 152
	A1 | A2: 81
	A4: 74
	A3: 28
--------------
Threshold: 0,50
--------------
	A1 | A2: 230
	A4: 44
	A3 | A4: 39
	A3: 20
--------------
Threshold: 0,60
--------------
	A1 | A2: 233
	A3 | A4: 78
	A4: 12
	A1 | A3: 6
--------------
Threshold: 0,70
--------------
	A1 | A2: 197
	A3 | A4: 85
	A1 | A2 | A4: 36
	A1 | A3: 8
--------------
Threshold: 0,80
--------------
	A1 | A2 | A4: 170
	A1 | A2: 63
	A3 | A4: 55
	A1 | A3 | A4: 25
	A2 | A3 | A4: 14
*********************************************************************************
All potential concepts based on thresholds
	A1 A2 ~#~ A3 A4 ~#~ A1 A3 ~#~ A1 A2 A4 ~#~ A1 A3 A4 ~#~ A2 A3 A4 ~#~ 
*********************************************************************************
--------------
Threshold: 0,10
--------------
	A1: 206
	A4: 58
	A3: 47
	A2: 27
--------------
Threshold: 0,20
--------------
	A1: 206
	A4: 58
	A3: 47
	A2: 27
--------------
Threshold: 0,30
--------------
	A1: 206
	A4: 58
	A3: 47
	A2: 27
--------------
Threshold: 0,40
--------------
	A1 | A2: 125
	A1: 93
	A4: 52
	A3: 33
	A3 | A4: 16
	A2: 13
--------------
Threshold: 0,50
--------------
	A1 | A2: 229
	A3 | A4: 64
	A4: 16
	A3: 14
	A2 | A3: 8
--------------
Threshold: 0,60
--------------
	A1 | A2: 231
	A3 | A4: 79
	A2 | A3: 11
	A1 | A3: 7
--------------
Threshold: 0,70
--------------
	A1 | A2: 180
	A3 | A4: 69
	A1 | A2 | A4: 53
	A1 | A2 | A3: 9
	A2 | A3 | A4: 8
	A1 | A3 | A4: 7
	A2 | A3: 5
	A1 | A3: 5
--------------
Threshold: 0,80
--------------
	A1 | A2 | A4: 151
	A1 | A2: 79
	A2 | A3 | A4: 27
	A3 | A4: 26
	A1 | A3 | A4: 23
	A1 | A2 | A3: 16
	A3 | A4 | A5: 6
*********************************************************************************
All potential concepts based on thresholds
	A1 A2 ~#~ A3 A4 ~#~ A2 A3 ~#~ A1 A3 ~#~ A1 A2 A4 ~#~ A1 A2 A3 ~#~ A2 A3 A4 ~#~ A1 A3 A4 ~#~ A3 A4 A5 ~#~ 
*********************************************************************************
--------------
Threshold: 0,10
--------------
	A1: 146
	A2: 88
	A4: 60
	A3: 43
--------------
Threshold: 0,20
--------------
	A1: 146
	A2: 88
	A4: 60
	A3: 43
--------------
Threshold: 0,30
--------------
	A1: 146
	A2: 88
	A4: 60
	A3: 43
--------------
Threshold: 0,40
--------------
	A1 | A2: 102
	A1: 84
	A4: 53
	A2: 48
	A3: 35
	A3 | A4: 14
--------------
Threshold: 0,50
--------------
	A1 | A2: 234
	A3 | A4: 57
	A4: 24
	A3: 15
--------------
Threshold: 0,60
--------------
	A1 | A2: 234
	A3 | A4: 78
	A4: 8
	A1 | A3: 6
	A3: 5
--------------
Threshold: 0,70
--------------
	A1 | A2: 206
	A3 | A4: 71
	A1 | A2 | A4: 28
	A1 | A3 | A4: 8
	A1 | A2 | A3: 5
--------------
Threshold: 0,80
--------------
	A1 | A2: 122
	A1 | A2 | A4: 112
	A3 | A4: 44
	A1 | A3 | A4: 20
	A3 | A4 | A5: 12
	A2 | A3 | A4: 10
	A1 | A2 | A3: 6
	A1 | A2 | A3 | A4: 5
*********************************************************************************
All potential concepts based on thresholds
	A1 A2 ~#~ A3 A4 ~#~ A1 A3 ~#~ A1 A2 A4 ~#~ A1 A3 A4 ~#~ A1 A2 A3 ~#~ A3 A4 A5 ~#~ A2 A3 A4 ~#~ A1 A2 A3 A4 ~#~ 
*********************************************************************************
--------------
Threshold: 0,10
--------------
	A1: 123
	A2: 111
	A4: 83
	A3: 20
--------------
Threshold: 0,20
--------------
	A1: 123
	A2: 111
	A4: 83
	A3: 20
--------------
Threshold: 0,30
--------------
	A1: 123
	A2: 111
	A4: 82
	A3: 19
--------------
Threshold: 0,40
--------------
	A1 | A2: 126
	A4: 75
	A1: 69
	A2: 39
	A3 | A4: 11
	A3: 10
--------------
Threshold: 0,50
--------------
	A1 | A2: 234
	A4: 54
	A3 | A4: 33
	A1 | A3: 6
--------------
Threshold: 0,60
--------------
	A1 | A2: 234
	A3 | A4: 54
	A4: 26
	A1 | A3 | A4: 7
	A1 | A3: 7
--------------
Threshold: 0,70
--------------
	A1 | A2: 188
	A3 | A4: 62
	A1 | A2 | A4: 47
	A1 | A3 | A4: 17
	A4: 8
--------------
Threshold: 0,80
--------------
	A1 | A2 | A4: 151
	A1 | A2: 83
	A1 | A3 | A4: 38
	A3 | A4: 37
	A1 | A2 | A3 | A4: 7
	A3 | A4 | A5: 6
	A1 | A3 | A4 | A5: 6
	A2 | A3 | A4: 5
*********************************************************************************
All potential concepts based on thresholds
	A1 A2 ~#~ A3 A4 ~#~ A1 A3 ~#~ A1 A3 A4 ~#~ A1 A2 A4 ~#~ A1 A2 A3 A4 ~#~ A3 A4 A5 ~#~ A1 A3 A4 A5 ~#~ A2 A3 A4 ~#~ 
*********************************************************************************
--------------
Threshold: 0,10
--------------
	A1: 227
	A3: 58
	A4: 47
	A2: 5
--------------
Threshold: 0,20
--------------
	A1: 227
	A3: 58
	A4: 47
	A2: 5
--------------
Threshold: 0,30
--------------
	A1: 227
	A3: 58
	A4: 47
	A2: 5
--------------
Threshold: 0,40
--------------
	A1: 134
	A1 | A2: 94
	A3: 37
	A4: 34
	A3 | A4: 29
--------------
Threshold: 0,50
--------------
	A1 | A2: 230
	A3 | A4: 72
	A3: 12
	A4: 8
	A2 | A3: 5
	A1 | A3: 5
--------------
Threshold: 0,60
--------------
	A1 | A2: 231
	A3 | A4: 82
	A2 | A3: 8
	A1 | A3: 7
--------------
Threshold: 0,70
--------------
	A1 | A2: 192
	A3 | A4: 58
	A1 | A2 | A4: 40
	A1 | A3 | A4: 18
	A2 | A3 | A4: 11
	A1 | A2 | A3: 6
	A2 | A3: 5
--------------
Threshold: 0,80
--------------
	A1 | A2 | A4: 138
	A1 | A2: 94
	A1 | A3 | A4: 34
	A2 | A3 | A4: 24
	A3 | A4: 20
	A1 | A2 | A3: 11
	A1 | A2 | A3 | A4: 8
*********************************************************************************
All potential concepts based on thresholds
	A1 A2 ~#~ A3 A4 ~#~ A2 A3 ~#~ A1 A3 ~#~ A1 A2 A4 ~#~ A1 A3 A4 ~#~ A2 A3 A4 ~#~ A1 A2 A3 ~#~ A1 A2 A3 A4 ~#~ 
*********************************************************************************
--------------
Threshold: 0,10
--------------
	A1: 198
	A3: 60
	A4: 47
	A2: 32
--------------
Threshold: 0,20
--------------
	A1: 198
	A3: 60
	A4: 47
	A2: 32
--------------
Threshold: 0,30
--------------
	A1: 198
	A3: 60
	A4: 46
	A2: 32
--------------
Threshold: 0,40
--------------
	A1 | A2: 115
	A1: 101
	A3: 39
	A4: 34
	A3 | A4: 29
	A2: 14
--------------
Threshold: 0,50
--------------
	A1 | A2: 230
	A3 | A4: 71
	A3: 14
	A4: 11
	A2 | A3: 7
--------------
Threshold: 0,60
--------------
	A1 | A2: 230
	A3 | A4: 81
	A2 | A3: 9
	A1 | A3: 5
--------------
Threshold: 0,70
--------------
	A1 | A2: 185
	A3 | A4: 58
	A1 | A2 | A4: 45
	A2 | A3 | A4: 16
	A1 | A3 | A4: 12
	A1 | A2 | A3: 7
--------------
Threshold: 0,80
--------------
	A1 | A2 | A4: 150
	A1 | A2: 79
	A3 | A4: 26
	A1 | A3 | A4: 22
	A2 | A3 | A4: 21
	A1 | A2 | A3 | A4: 11
	A1 | A2 | A3: 9
	A3 | A4 | A5: 8
*********************************************************************************
All potential concepts based on thresholds
	A1 A2 ~#~ A3 A4 ~#~ A2 A3 ~#~ A1 A3 ~#~ A1 A2 A4 ~#~ A2 A3 A4 ~#~ A1 A3 A4 ~#~ A1 A2 A3 ~#~ A1 A2 A3 A4 ~#~ A3 A4 A5 ~#~ 
*********************************************************************************
--------------
Threshold: 0,10
--------------
	A1: 200
	A4: 62
	A3: 38
	A2: 37
--------------
Threshold: 0,20
--------------
	A1: 200
	A4: 62
	A3: 38
	A2: 37
--------------
Threshold: 0,30
--------------
	A1: 200
	A4: 62
	A3: 38
	A2: 37
--------------
Threshold: 0,40
--------------
	A1: 120
	A1 | A2: 110
	A4: 60
	A3: 36
	A2: 6
--------------
Threshold: 0,50
--------------
	A1 | A2: 235
	A3 | A4: 51
	A4: 29
	A3: 15
--------------
Threshold: 0,60
--------------
	A1 | A2: 236
	A3 | A4: 84
	A3: 6
--------------
Threshold: 0,70
--------------
	A1 | A2: 192
	A3 | A4: 82
	A1 | A2 | A4: 45
	A2 | A3: 8
--------------
Threshold: 0,80
--------------
	A1 | A2 | A4: 150
	A1 | A2: 87
	A3 | A4: 55
	A2 | A3 | A4: 16
	A1 | A3 | A4: 12
	A3 | A4 | A5: 9
*********************************************************************************
All potential concepts based on thresholds
	A1 A2 ~#~ A3 A4 ~#~ A1 A2 A4 ~#~ A2 A3 ~#~ A2 A3 A4 ~#~ A1 A3 A4 ~#~ A3 A4 A5 ~#~ 
*********************************************************************************
dataset: cConcepts-uniqueInst.arff
--------------
Threshold: 0,10
--------------
	A2: 10
	A1: 2
--------------
Threshold: 0,20
--------------
	A2: 10
	A1: 2
--------------
Threshold: 0,30
--------------
	A2: 10
	A1: 2
--------------
Threshold: 0,40
--------------
	A2: 8
	A1: 2
	A1 | A2: 2
--------------
Threshold: 0,50
--------------
	A1 | A2: 12
--------------
Threshold: 0,60
--------------
	A1 | A2: 12
--------------
Threshold: 0,70
--------------
	A1 | A2: 12
--------------
Threshold: 0,80
--------------
	A1 | A2 | A3: 8
	A1 | A2: 4
*********************************************************************************
All potential concepts based on thresholds
	A1 A2 ~#~ A1 A2 A3 ~#~ 
*********************************************************************************
--------------
Threshold: 0,10
--------------
	A1: 12
--------------
Threshold: 0,20
--------------
	A1: 12
--------------
Threshold: 0,30
--------------
	A1: 12
--------------
Threshold: 0,40
--------------
	A1: 12
--------------
Threshold: 0,50
--------------
	A1 | A2: 11
--------------
Threshold: 0,60
--------------
	A1 | A2: 11
--------------
Threshold: 0,70
--------------
	A1 | A2: 11
--------------
Threshold: 0,80
--------------
	A1 | A2 | A4: 12
*********************************************************************************
All potential concepts based on thresholds
	A1 A2 ~#~ A1 A2 A4 ~#~ 
*********************************************************************************
--------------
Threshold: 0,10
--------------
	A1: 10
	A2: 2
--------------
Threshold: 0,20
--------------
	A1: 10
	A2: 2
--------------
Threshold: 0,30
--------------
	A1: 10
	A2: 2
--------------
Threshold: 0,40
--------------
	A1: 10
	A2: 2
--------------
Threshold: 0,50
--------------
	A1 | A2: 12
--------------
Threshold: 0,60
--------------
	A1 | A2: 12
--------------
Threshold: 0,70
--------------
	A1 | A2: 12
--------------
Threshold: 0,80
--------------
	A1 | A2: 12
*********************************************************************************
All potential concepts based on thresholds
	A1 A2 ~#~ 
*********************************************************************************
--------------
Threshold: 0,10
--------------
	A1: 12
--------------
Threshold: 0,20
--------------
	A1: 12
--------------
Threshold: 0,30
--------------
	A1: 12
--------------
Threshold: 0,40
--------------
	A1: 12
--------------
Threshold: 0,50
--------------
	A1 | A2: 12
--------------
Threshold: 0,60
--------------
	A1 | A2: 12
--------------
Threshold: 0,70
--------------
	A1 | A2: 12
--------------
Threshold: 0,80
--------------
	A1 | A2: 10
	A1 | A2 | A3: 2
*********************************************************************************
All potential concepts based on thresholds
	A1 A2 ~#~ A1 A2 A3 ~#~ 
*********************************************************************************
--------------
Threshold: 0,10
--------------
	A2: 13
--------------
Threshold: 0,20
--------------
	A2: 13
--------------
Threshold: 0,30
--------------
	A2: 13
--------------
Threshold: 0,40
--------------
	A2: 13
--------------
Threshold: 0,50
--------------
	A2: 12
--------------
Threshold: 0,60
--------------
	A1 | A2: 13
--------------
Threshold: 0,70
--------------
	A1 | A2: 13
--------------
Threshold: 0,80
--------------
	A1 | A2: 13
*********************************************************************************
All potential concepts based on thresholds
	A1 A2 ~#~ 
*********************************************************************************
--------------
Threshold: 0,10
--------------
	A1: 13
--------------
Threshold: 0,20
--------------
	A1: 13
--------------
Threshold: 0,30
--------------
	A1: 13
--------------
Threshold: 0,40
--------------
	A1: 12
--------------
Threshold: 0,50
--------------
	A1 | A2: 13
--------------
Threshold: 0,60
--------------
	A1 | A2: 13
--------------
Threshold: 0,70
--------------
	A1 | A2: 13
--------------
Threshold: 0,80
--------------
	A1 | A2: 9
	A1 | A2 | A4: 4
*********************************************************************************
All potential concepts based on thresholds
	A1 A2 ~#~ A1 A2 A4 ~#~ 
*********************************************************************************
--------------
Threshold: 0,10
--------------
	A1: 13
--------------
Threshold: 0,20
--------------
	A1: 13
--------------
Threshold: 0,30
--------------
	A1: 13
--------------
Threshold: 0,40
--------------
	A1: 10
	A1 | A2: 3
--------------
Threshold: 0,50
--------------
	A1 | A2: 13
--------------
Threshold: 0,60
--------------
	A1 | A2: 13
--------------
Threshold: 0,70
--------------
	A1 | A2: 13
--------------
Threshold: 0,80
--------------
	A1 | A2 | A4: 10
	A1 | A2: 3
*********************************************************************************
All potential concepts based on thresholds
	A1 A2 ~#~ A1 A2 A4 ~#~ 
*********************************************************************************
--------------
Threshold: 0,10
--------------
	A2: 13
--------------
Threshold: 0,20
--------------
	A2: 13
--------------
Threshold: 0,30
--------------
	A2: 13
--------------
Threshold: 0,40
--------------
	A2: 13
--------------
Threshold: 0,50
--------------
	A1 | A2: 13
--------------
Threshold: 0,60
--------------
	A1 | A2: 13
--------------
Threshold: 0,70
--------------
	A1 | A2: 13
--------------
Threshold: 0,80
--------------
	A1 | A2: 11
	A1 | A2 | A4: 2
*********************************************************************************
All potential concepts based on thresholds
	A1 A2 ~#~ A1 A2 A4 ~#~ 
*********************************************************************************
--------------
Threshold: 0,10
--------------
	A2: 13
--------------
Threshold: 0,20
--------------
	A2: 13
--------------
Threshold: 0,30
--------------
	A2: 13
--------------
Threshold: 0,40
--------------
	A2: 9
	A1 | A2: 4
--------------
Threshold: 0,50
--------------
	A1 | A2: 13
--------------
Threshold: 0,60
--------------
	A1 | A2: 13
--------------
Threshold: 0,70
--------------
	A1 | A2: 13
--------------
Threshold: 0,80
--------------
	A1 | A2 | A3: 13
*********************************************************************************
All potential concepts based on thresholds
	A1 A2 ~#~ A1 A2 A3 ~#~ 
*********************************************************************************
--------------
Threshold: 0,10
--------------
	A2: 13
--------------
Threshold: 0,20
--------------
	A2: 13
--------------
Threshold: 0,30
--------------
	A2: 13
--------------
Threshold: 0,40
--------------
	A2: 13
--------------
Threshold: 0,50
--------------
	A1 | A2: 7
	A2: 6
--------------
Threshold: 0,60
--------------
	A1 | A2: 13
--------------
Threshold: 0,70
--------------
	A1 | A2: 13
--------------
Threshold: 0,80
--------------
	A1 | A2: 13
*********************************************************************************
All potential concepts based on thresholds
	A1 A2 ~#~ 
*********************************************************************************
dataset: cDisjunct.arff
--------------
Threshold: 0,10
--------------
	A1: 389
--------------
Threshold: 0,20
--------------
	A1: 389
--------------
Threshold: 0,30
--------------
	A1: 389
--------------
Threshold: 0,40
--------------
	A1: 385
	A1 | A3: 5
--------------
Threshold: 0,50
--------------
	A1 | A3: 337
	A1: 52
--------------
Threshold: 0,60
--------------
	A1 | A3: 389
--------------
Threshold: 0,70
--------------
	A1 | A3: 389
--------------
Threshold: 0,80
--------------
	A1 | A2 | A3: 210
	A1 | A3: 180
*********************************************************************************
All potential concepts based on thresholds
	A1 A3 ~#~ A1 A2 A3 ~#~ 
*********************************************************************************
--------------
Threshold: 0,10
--------------
	A1: 388
--------------
Threshold: 0,20
--------------
	A1: 388
--------------
Threshold: 0,30
--------------
	A1: 388
--------------
Threshold: 0,40
--------------
	A1: 377
	A1 | A3: 12
--------------
Threshold: 0,50
--------------
	A1 | A3: 350
	A1: 39
--------------
Threshold: 0,60
--------------
	A1 | A3: 389
--------------
Threshold: 0,70
--------------
	A1 | A3: 388
--------------
Threshold: 0,80
--------------
	A1 | A2 | A3: 238
	A1 | A3: 152
*********************************************************************************
All potential concepts based on thresholds
	A1 A3 ~#~ A1 A2 A3 ~#~ 
*********************************************************************************
--------------
Threshold: 0,10
--------------
	A1: 389
--------------
Threshold: 0,20
--------------
	A1: 389
--------------
Threshold: 0,30
--------------
	A1: 389
--------------
Threshold: 0,40
--------------
	A1: 382
	A1 | A3: 8
--------------
Threshold: 0,50
--------------
	A1 | A3: 351
	A1: 39
--------------
Threshold: 0,60
--------------
	A1 | A3: 390
--------------
Threshold: 0,70
--------------
	A1 | A3: 390
--------------
Threshold: 0,80
--------------
	A1 | A2 | A3: 201
	A1 | A3: 189
*********************************************************************************
All potential concepts based on thresholds
	A1 A3 ~#~ A1 A2 A3 ~#~ 
*********************************************************************************
--------------
Threshold: 0,10
--------------
	A1: 386
--------------
Threshold: 0,20
--------------
	A1: 386
--------------
Threshold: 0,30
--------------
	A1: 386
--------------
Threshold: 0,40
--------------
	A1: 376
	A1 | A3: 11
--------------
Threshold: 0,50
--------------
	A1 | A3: 341
	A1: 48
--------------
Threshold: 0,60
--------------
	A1 | A3: 389
--------------
Threshold: 0,70
--------------
	A1 | A3: 389
--------------
Threshold: 0,80
--------------
	A1 | A2 | A3: 212
	A1 | A3: 178
*********************************************************************************
All potential concepts based on thresholds
	A1 A3 ~#~ A1 A2 A3 ~#~ 
*********************************************************************************
--------------
Threshold: 0,10
--------------
	A1: 391
--------------
Threshold: 0,20
--------------
	A1: 391
--------------
Threshold: 0,30
--------------
	A1: 391
--------------
Threshold: 0,40
--------------
	A1: 380
	A1 | A3: 11
--------------
Threshold: 0,50
--------------
	A1 | A3: 362
	A1: 29
--------------
Threshold: 0,60
--------------
	A1 | A3: 391
--------------
Threshold: 0,70
--------------
	A1 | A3: 390
--------------
Threshold: 0,80
--------------
	A1 | A3: 203
	A1 | A2 | A3: 188
*********************************************************************************
All potential concepts based on thresholds
	A1 A3 ~#~ A1 A2 A3 ~#~ 
*********************************************************************************
--------------
Threshold: 0,10
--------------
	A1: 391
--------------
Threshold: 0,20
--------------
	A1: 391
--------------
Threshold: 0,30
--------------
	A1: 391
--------------
Threshold: 0,40
--------------
	A1: 386
	A1 | A3: 5
--------------
Threshold: 0,50
--------------
	A1 | A3: 357
	A1: 34
--------------
Threshold: 0,60
--------------
	A1 | A3: 391
--------------
Threshold: 0,70
--------------
	A1 | A3: 391
--------------
Threshold: 0,80
--------------
	A1 | A2 | A3: 200
	A1 | A3: 191
*********************************************************************************
All potential concepts based on thresholds
	A1 A3 ~#~ A1 A2 A3 ~#~ 
*********************************************************************************
--------------
Threshold: 0,10
--------------
	A1: 390
--------------
Threshold: 0,20
--------------
	A1: 390
--------------
Threshold: 0,30
--------------
	A1: 390
--------------
Threshold: 0,40
--------------
	A1: 383
	A1 | A3: 8
--------------
Threshold: 0,50
--------------
	A1 | A3: 354
	A1: 37
--------------
Threshold: 0,60
--------------
	A1 | A3: 391
--------------
Threshold: 0,70
--------------
	A1 | A3: 391
--------------
Threshold: 0,80
--------------
	A1 | A3: 205
	A1 | A2 | A3: 186
*********************************************************************************
All potential concepts based on thresholds
	A1 A3 ~#~ A1 A2 A3 ~#~ 
*********************************************************************************
--------------
Threshold: 0,10
--------------
	A1: 390
--------------
Threshold: 0,20
--------------
	A1: 390
--------------
Threshold: 0,30
--------------
	A1: 390
--------------
Threshold: 0,40
--------------
	A1: 383
	A1 | A3: 7
--------------
Threshold: 0,50
--------------
	A1 | A3: 334
	A1: 56
--------------
Threshold: 0,60
--------------
	A1 | A3: 388
--------------
Threshold: 0,70
--------------
	A1 | A3: 388
--------------
Threshold: 0,80
--------------
	A1 | A2 | A3: 200
	A1 | A3: 191
*********************************************************************************
All potential concepts based on thresholds
	A1 A3 ~#~ A1 A2 A3 ~#~ 
*********************************************************************************
--------------
Threshold: 0,10
--------------
	A1: 389
--------------
Threshold: 0,20
--------------
	A1: 389
--------------
Threshold: 0,30
--------------
	A1: 389
--------------
Threshold: 0,40
--------------
	A1: 377
	A1 | A3: 13
--------------
Threshold: 0,50
--------------
	A1 | A3: 354
	A1: 37
--------------
Threshold: 0,60
--------------
	A1 | A3: 391
--------------
Threshold: 0,70
--------------
	A1 | A3: 391
--------------
Threshold: 0,80
--------------
	A1 | A2 | A3: 230
	A1 | A3: 161
*********************************************************************************
All potential concepts based on thresholds
	A1 A3 ~#~ A1 A2 A3 ~#~ 
*********************************************************************************
--------------
Threshold: 0,10
--------------
	A1: 389
--------------
Threshold: 0,20
--------------
	A1: 389
--------------
Threshold: 0,30
--------------
	A1: 389
--------------
Threshold: 0,40
--------------
	A1: 383
	A1 | A3: 6
--------------
Threshold: 0,50
--------------
	A1 | A3: 339
	A1: 51
--------------
Threshold: 0,60
--------------
	A1 | A3: 390
--------------
Threshold: 0,70
--------------
	A1 | A3: 389
--------------
Threshold: 0,80
--------------
	A1 | A3: 199
	A1 | A2 | A3: 192
*********************************************************************************
All potential concepts based on thresholds
	A1 A3 ~#~ A1 A2 A3 ~#~ 
*********************************************************************************
dataset: cLogicalConcB-uniqueInst.arff
--------------
Threshold: 0,10
--------------
	A2: 25
	A6: 25
--------------
Threshold: 0,20
--------------
	A2: 25
	A6: 25
--------------
Threshold: 0,30
--------------
	A2 | A6: 47
--------------
Threshold: 0,40
--------------
	A2 | A6: 50
--------------
Threshold: 0,50
--------------
	A2 | A6: 38
	A1 | A2 | A6: 12
--------------
Threshold: 0,60
--------------
	A1 | A2 | A6: 42
	A2 | A3 | A6: 8
--------------
Threshold: 0,70
--------------
	A1 | A2 | A6: 27
	A1 | A2 | A3 | A6: 18
	A2 | A3 | A6: 5
--------------
Threshold: 0,80
--------------
	A1 | A2 | A3 | A6: 50
*********************************************************************************
All potential concepts based on thresholds
	A2 A6 ~#~ A1 A2 A6 ~#~ A2 A3 A6 ~#~ A1 A2 A3 A6 ~#~ 
*********************************************************************************
--------------
Threshold: 0,10
--------------
	A2: 34
	A6: 16
--------------
Threshold: 0,20
--------------
	A2: 34
	A6: 16
--------------
Threshold: 0,30
--------------
	A2 | A6: 38
	A2: 12
--------------
Threshold: 0,40
--------------
	A2 | A6: 50
--------------
Threshold: 0,50
--------------
	A2 | A6: 48
--------------
Threshold: 0,60
--------------
	A1 | A2 | A6: 37
	A2 | A3 | A6: 8
	A2 | A6: 5
--------------
Threshold: 0,70
--------------
	A1 | A2 | A6: 34
	A2 | A3 | A6: 10
	A1 | A2 | A3 | A6: 6
--------------
Threshold: 0,80
--------------
	A1 | A2 | A3 | A6: 50
*********************************************************************************
All potential concepts based on thresholds
	A2 A6 ~#~ A1 A2 A6 ~#~ A2 A3 A6 ~#~ A1 A2 A3 A6 ~#~ 
*********************************************************************************
--------------
Threshold: 0,10
--------------
	A2: 33
	A6: 17
--------------
Threshold: 0,20
--------------
	A2: 33
	A6: 17
--------------
Threshold: 0,30
--------------
	A2 | A6: 43
	A2: 7
--------------
Threshold: 0,40
--------------
	A2 | A6: 50
--------------
Threshold: 0,50
--------------
	A2 | A6: 43
	A2 | A3 | A6: 7
--------------
Threshold: 0,60
--------------
	A2 | A3 | A6: 48
--------------
Threshold: 0,70
--------------
	A2 | A3 | A6: 38
	A1 | A2 | A3 | A6: 10
--------------
Threshold: 0,80
--------------
	A1 | A2 | A3 | A6: 50
*********************************************************************************
All potential concepts based on thresholds
	A2 A6 ~#~ A2 A3 A6 ~#~ A1 A2 A3 A6 ~#~ 
*********************************************************************************
--------------
Threshold: 0,10
--------------
	A2: 34
	A6: 16
--------------
Threshold: 0,20
--------------
	A2: 34
	A6: 16
--------------
Threshold: 0,30
--------------
	A2 | A6: 43
	A2: 7
--------------
Threshold: 0,40
--------------
	A2 | A6: 50
--------------
Threshold: 0,50
--------------
	A2 | A6: 41
	A1 | A2 | A6: 8
--------------
Threshold: 0,60
--------------
	A1 | A2 | A6: 39
	A2 | A3 | A6: 11
--------------
Threshold: 0,70
--------------
	A1 | A2 | A6: 23
	A1 | A2 | A3 | A6: 21
	A2 | A3 | A6: 6
--------------
Threshold: 0,80
--------------
	A1 | A2 | A3 | A6: 50
*********************************************************************************
All potential concepts based on thresholds
	A2 A6 ~#~ A1 A2 A6 ~#~ A2 A3 A6 ~#~ A1 A2 A3 A6 ~#~ 
*********************************************************************************
--------------
Threshold: 0,10
--------------
	A2: 26
	A6: 24
--------------
Threshold: 0,20
--------------
	A2: 26
	A6: 24
--------------
Threshold: 0,30
--------------
	A2 | A6: 26
	A2: 17
	A6: 7
--------------
Threshold: 0,40
--------------
	A2 | A6: 50
--------------
Threshold: 0,50
--------------
	A2 | A6: 50
--------------
Threshold: 0,60
--------------
	A1 | A2 | A6: 34
	A2 | A6: 10
	A2 | A3 | A6: 6
--------------
Threshold: 0,70
--------------
	A1 | A2 | A6: 38
	A2 | A3 | A6: 8
	A1 | A2 | A3 | A6: 4
--------------
Threshold: 0,80
--------------
	A1 | A2 | A3 | A6: 50
*********************************************************************************
All potential concepts based on thresholds
	A2 A6 ~#~ A1 A2 A6 ~#~ A2 A3 A6 ~#~ A1 A2 A3 A6 ~#~ 
*********************************************************************************
--------------
Threshold: 0,10
--------------
	A2: 29
	A6: 19
--------------
Threshold: 0,20
--------------
	A2: 29
	A6: 19
--------------
Threshold: 0,30
--------------
	A2 | A6: 42
--------------
Threshold: 0,40
--------------
	A2 | A6: 45
--------------
Threshold: 0,50
--------------
	A2 | A6: 34
	A2 | A3 | A6: 16
--------------
Threshold: 0,60
--------------
	A2 | A3 | A6: 46
	A1 | A2 | A6: 4
--------------
Threshold: 0,70
--------------
	A2 | A3 | A6: 34
	A1 | A2 | A3 | A6: 12
	A1 | A2 | A6: 4
--------------
Threshold: 0,80
--------------
	A1 | A2 | A3 | A6: 50
*********************************************************************************
All potential concepts based on thresholds
	A2 A6 ~#~ A2 A3 A6 ~#~ A1 A2 A6 ~#~ A1 A2 A3 A6 ~#~ 
*********************************************************************************
--------------
Threshold: 0,10
--------------
	A2: 45
	A6: 6
--------------
Threshold: 0,20
--------------
	A2: 45
	A6: 6
--------------
Threshold: 0,30
--------------
	A2: 35
	A2 | A6: 13
--------------
Threshold: 0,40
--------------
	A2 | A6: 51
--------------
Threshold: 0,50
--------------
	A2 | A6: 51
--------------
Threshold: 0,60
--------------
	A2 | A6: 29
	A2 | A3 | A6: 13
	A1 | A2 | A6: 9
--------------
Threshold: 0,70
--------------
	A2 | A3 | A6: 30
	A1 | A2 | A6: 21
--------------
Threshold: 0,80
--------------
	A1 | A2 | A3 | A6: 49
*********************************************************************************
All potential concepts based on thresholds
	A2 A6 ~#~ A2 A3 A6 ~#~ A1 A2 A6 ~#~ A1 A2 A3 A6 ~#~ 
*********************************************************************************
--------------
Threshold: 0,10
--------------
	A2: 33
	A6: 18
--------------
Threshold: 0,20
--------------
	A2: 33
	A6: 18
--------------
Threshold: 0,30
--------------
	A2 | A6: 45
	A2: 6
--------------
Threshold: 0,40
--------------
	A2 | A6: 51
--------------
Threshold: 0,50
--------------
	A2 | A6: 42
	A2 | A3 | A6: 9
--------------
Threshold: 0,60
--------------
	A2 | A3 | A6: 50
--------------
Threshold: 0,70
--------------
	A2 | A3 | A6: 26
	A1 | A2 | A3 | A6: 24
--------------
Threshold: 0,80
--------------
	A1 | A2 | A3 | A6: 51
*********************************************************************************
All potential concepts based on thresholds
	A2 A6 ~#~ A2 A3 A6 ~#~ A1 A2 A3 A6 ~#~ 
*********************************************************************************
--------------
Threshold: 0,10
--------------
	A6: 48
--------------
Threshold: 0,20
--------------
	A6: 48
--------------
Threshold: 0,30
--------------
	A6: 27
	A2 | A6: 24
--------------
Threshold: 0,40
--------------
	A2 | A6: 51
--------------
Threshold: 0,50
--------------
	A2 | A6: 51
--------------
Threshold: 0,60
--------------
	A1 | A2 | A6: 35
	A2 | A3 | A6: 8
	A2 | A6: 8
--------------
Threshold: 0,70
--------------
	A1 | A2 | A6: 32
	A1 | A2 | A3 | A6: 13
	A2 | A3 | A6: 6
--------------
Threshold: 0,80
--------------
	A1 | A2 | A3 | A6: 50
*********************************************************************************
All potential concepts based on thresholds
	A2 A6 ~#~ A1 A2 A6 ~#~ A2 A3 A6 ~#~ A1 A2 A3 A6 ~#~ 
*********************************************************************************
--------------
Threshold: 0,10
--------------
	A2: 51
--------------
Threshold: 0,20
--------------
	A2: 51
--------------
Threshold: 0,30
--------------
	A2: 26
	A2 | A6: 25
--------------
Threshold: 0,40
--------------
	A2 | A6: 51
--------------
Threshold: 0,50
--------------
	A2 | A6: 48
--------------
Threshold: 0,60
--------------
	A1 | A2 | A6: 40
	A2 | A3 | A6: 8
--------------
Threshold: 0,70
--------------
	A1 | A2 | A6: 35
	A1 | A2 | A3 | A6: 9
	A2 | A3 | A6: 7
--------------
Threshold: 0,80
--------------
	A1 | A2 | A3 | A6: 51
*********************************************************************************
All potential concepts based on thresholds
	A2 A6 ~#~ A1 A2 A6 ~#~ A2 A3 A6 ~#~ A1 A2 A3 A6 ~#~ 
*********************************************************************************
dataset: cLogicalConcBNoisy-uniqueInst.arff
--------------
Threshold: 0,10
--------------
	A2: 45
	A6: 3
--------------
Threshold: 0,20
--------------
	A2: 45
	A6: 3
--------------
Threshold: 0,30
--------------
	A2: 25
	A2 | A6: 23
--------------
Threshold: 0,40
--------------
	A2 | A6: 48
--------------
Threshold: 0,50
--------------
	A2 | A6: 48
--------------
Threshold: 0,60
--------------
	A1 | A2 | A6: 40
	A2 | A3 | A6: 7
--------------
Threshold: 0,70
--------------
	A1 | A2 | A6: 26
	A1 | A2 | A3 | A6: 17
	A2 | A3 | A6: 5
--------------
Threshold: 0,80
--------------
	A1 | A2 | A3 | A6: 48
*********************************************************************************
All potential concepts based on thresholds
	A2 A6 ~#~ A1 A2 A6 ~#~ A2 A3 A6 ~#~ A1 A2 A3 A6 ~#~ 
*********************************************************************************
--------------
Threshold: 0,10
--------------
	A6: 37
	A2: 11
--------------
Threshold: 0,20
--------------
	A6: 37
	A2: 11
--------------
Threshold: 0,30
--------------
	A6: 23
	A2 | A6: 19
	A2: 6
--------------
Threshold: 0,40
--------------
	A2 | A6: 48
--------------
Threshold: 0,50
--------------
	A2 | A6: 48
--------------
Threshold: 0,60
--------------
	A1 | A2 | A6: 33
	A2 | A6: 15
--------------
Threshold: 0,70
--------------
	A1 | A2 | A6: 48
--------------
Threshold: 0,80
--------------
	A1 | A2 | A3 | A6: 48
*********************************************************************************
All potential concepts based on thresholds
	A2 A6 ~#~ A1 A2 A6 ~#~ A1 A2 A3 A6 ~#~ 
*********************************************************************************
--------------
Threshold: 0,10
--------------
	A2: 47
--------------
Threshold: 0,20
--------------
	A2: 47
--------------
Threshold: 0,30
--------------
	A2 | A6: 35
	A2: 13
--------------
Threshold: 0,40
--------------
	A2 | A6: 48
--------------
Threshold: 0,50
--------------
	A2 | A6: 41
	A1 | A2 | A6: 7
--------------
Threshold: 0,60
--------------
	A1 | A2 | A6: 41
	A2 | A3 | A6: 7
--------------
Threshold: 0,70
--------------
	A1 | A2 | A3 | A6: 25
	A1 | A2 | A6: 18
	A2 | A3 | A6: 5
--------------
Threshold: 0,80
--------------
	A1 | A2 | A3 | A6: 48
*********************************************************************************
All potential concepts based on thresholds
	A2 A6 ~#~ A1 A2 A6 ~#~ A2 A3 A6 ~#~ A1 A2 A3 A6 ~#~ 
*********************************************************************************
--------------
Threshold: 0,10
--------------
	A6: 31
	A2: 17
--------------
Threshold: 0,20
--------------
	A6: 31
	A2: 17
--------------
Threshold: 0,30
--------------
	A2 | A6: 38
	A2: 5
	A6: 5
--------------
Threshold: 0,40
--------------
	A2 | A6: 48
--------------
Threshold: 0,50
--------------
	A2 | A6: 47
--------------
Threshold: 0,60
--------------
	A1 | A2 | A6: 45
	A2 | A6: 3
--------------
Threshold: 0,70
--------------
	A1 | A2 | A6: 46
	A1 | A2 | A3 | A6: 2
--------------
Threshold: 0,80
--------------
	A1 | A2 | A3 | A6: 48
*********************************************************************************
All potential concepts based on thresholds
	A2 A6 ~#~ A1 A2 A6 ~#~ A1 A2 A3 A6 ~#~ 
*********************************************************************************
--------------
Threshold: 0,10
--------------
	A2: 29
	A6: 20
--------------
Threshold: 0,20
--------------
	A2: 29
	A6: 20
--------------
Threshold: 0,30
--------------
	A2 | A6: 43
	A2: 6
--------------
Threshold: 0,40
--------------
	A2 | A6: 49
--------------
Threshold: 0,50
--------------
	A2 | A6: 44
	A1 | A2 | A6: 5
--------------
Threshold: 0,60
--------------
	A1 | A2 | A6: 49
--------------
Threshold: 0,70
--------------
	A1 | A2 | A6: 45
	A1 | A2 | A3 | A6: 4
--------------
Threshold: 0,80
--------------
	A1 | A2 | A3 | A6: 49
*********************************************************************************
All potential concepts based on thresholds
	A2 A6 ~#~ A1 A2 A6 ~#~ A1 A2 A3 A6 ~#~ 
*********************************************************************************
--------------
Threshold: 0,10
--------------
	A2: 48
--------------
Threshold: 0,20
--------------
	A2: 48
--------------
Threshold: 0,30
--------------
	A2 | A6: 33
	A2: 14
	A1 | A2: 2
--------------
Threshold: 0,40
--------------
	A2 | A6: 47
	A1 | A2: 2
--------------
Threshold: 0,50
--------------
	A2 | A6: 42
	A1 | A2 | A6: 5
	A1 | A2: 2
--------------
Threshold: 0,60
--------------
	A1 | A2 | A6: 49
--------------
Threshold: 0,70
--------------
	A1 | A2 | A6: 49
--------------
Threshold: 0,80
--------------
	A1 | A2 | A3 | A6: 49
*********************************************************************************
All potential concepts based on thresholds
	A2 A6 ~#~ A1 A2 ~#~ A1 A2 A6 ~#~ A1 A2 A3 A6 ~#~ 
*********************************************************************************
--------------
Threshold: 0,10
--------------
	A6: 27
	A2: 22
--------------
Threshold: 0,20
--------------
	A6: 27
	A2: 22
--------------
Threshold: 0,30
--------------
	A2 | A6: 42
	A2: 7
--------------
Threshold: 0,40
--------------
	A2 | A6: 49
--------------
Threshold: 0,50
--------------
	A2 | A6: 47
	A1 | A2 | A6: 2
--------------
Threshold: 0,60
--------------
	A1 | A2 | A6: 46
	A2 | A3 | A6: 3
--------------
Threshold: 0,70
--------------
	A1 | A2 | A6: 46
	A2 | A3 | A6: 3
--------------
Threshold: 0,80
--------------
	A1 | A2 | A3 | A6: 49
*********************************************************************************
All potential concepts based on thresholds
	A2 A6 ~#~ A1 A2 A6 ~#~ A2 A3 A6 ~#~ A1 A2 A3 A6 ~#~ 
*********************************************************************************
--------------
Threshold: 0,10
--------------
	A2: 33
	A6: 16
--------------
Threshold: 0,20
--------------
	A2: 33
	A6: 16
--------------
Threshold: 0,30
--------------
	A2 | A6: 39
	A2: 8
	A6: 2
--------------
Threshold: 0,40
--------------
	A2 | A6: 49
--------------
Threshold: 0,50
--------------
	A2 | A6: 49
--------------
Threshold: 0,60
--------------
	A1 | A2 | A6: 47
	A2 | A6: 2
--------------
Threshold: 0,70
--------------
	A1 | A2 | A6: 44
	A1 | A2 | A3 | A6: 5
--------------
Threshold: 0,80
--------------
	A1 | A2 | A3 | A6: 49
*********************************************************************************
All potential concepts based on thresholds
	A2 A6 ~#~ A1 A2 A6 ~#~ A1 A2 A3 A6 ~#~ 
*********************************************************************************
--------------
Threshold: 0,10
--------------
	A2: 30
	A6: 19
--------------
Threshold: 0,20
--------------
	A2: 30
	A6: 19
--------------
Threshold: 0,30
--------------
	A2 | A6: 47
	A2: 2
--------------
Threshold: 0,40
--------------
	A2 | A6: 49
--------------
Threshold: 0,50
--------------
	A2 | A6: 41
	A1 | A2 | A6: 8
--------------
Threshold: 0,60
--------------
	A1 | A2 | A6: 49
--------------
Threshold: 0,70
--------------
	A1 | A2 | A6: 35
	A1 | A2 | A3 | A6: 14
--------------
Threshold: 0,80
--------------
	A1 | A2 | A3 | A6: 49
*********************************************************************************
All potential concepts based on thresholds
	A2 A6 ~#~ A1 A2 A6 ~#~ A1 A2 A3 A6 ~#~ 
*********************************************************************************
--------------
Threshold: 0,10
--------------
	A2: 44
	A6: 5
--------------
Threshold: 0,20
--------------
	A2: 44
	A6: 5
--------------
Threshold: 0,30
--------------
	A2: 31
	A2 | A6: 17
--------------
Threshold: 0,40
--------------
	A2 | A6: 49
--------------
Threshold: 0,50
--------------
	A2 | A6: 49
--------------
Threshold: 0,60
--------------
	A2 | A3 | A6: 20
	A2 | A6: 15
	A1 | A2 | A6: 14
--------------
Threshold: 0,70
--------------
	A2 | A3 | A6: 26
	A1 | A2 | A6: 22
--------------
Threshold: 0,80
--------------
	A1 | A2 | A3 | A6: 49
*********************************************************************************
All potential concepts based on thresholds
	A2 A6 ~#~ A2 A3 A6 ~#~ A1 A2 A6 ~#~ A1 A2 A3 A6 ~#~ 
*********************************************************************************
dataset: cModGroups.arff
--------------
Threshold: 0,10
--------------
	I2: 309
	I1: 169
	R2: 62
	R1: 43
--------------
Threshold: 0,20
--------------
	I2: 309
	I1: 169
	R2: 62
	R1: 43
--------------
Threshold: 0,30
--------------
	I2: 306
	I1: 167
	R2: 61
	R1: 43
--------------
Threshold: 0,40
--------------
	I2: 267
	I1: 116
	I1 | I2: 38
	I1 | R2: 29
	R2: 27
	I2 | R1: 26
	I2 | R2: 26
	R1: 25
	I1 | R1: 17
	R1 | R2: 12
--------------
Threshold: 0,50
--------------
	I2: 192
	I1 | I2: 92
	I1: 64
	I2 | R2: 56
	I1 | R2: 54
	I2 | R1: 49
	I1 | R1: 39
	R1 | R2: 23
	R1: 7
	R2: 7
--------------
Threshold: 0,60
--------------
	I1 | I2: 200
	I2: 69
	I1 | R2: 65
	I2 | R1: 62
	I2 | R2: 62
	I1 | R1: 52
	I1: 25
	R1 | R2: 24
	I1 | R1 | R2: 7
--------------
Threshold: 0,70
--------------
	I1 | I2: 227
	I1 | R2: 50
	I1 | R1: 47
	I2 | R1: 46
	I2 | R2: 42
	I1 | I2 | R2: 40
	I2 | R1 | R2: 37
	I1 | I2 | R1: 31
	I1 | R1 | R2: 30
	R1 | R2: 14
	I2: 12
--------------
Threshold: 0,80
--------------
	I1 | I2: 145
	I1 | I2 | R1: 112
	I1 | I2 | R2: 107
	I1 | R1 | R2: 67
	I2 | R1 | R2: 60
	I1 | R2: 24
	I1 | R1: 20
	I2 | R2: 18
	I2 | R1: 13
	I1 | I2 | R1 | R2: 8
*********************************************************************************
All potential concepts based on thresholds
	I1 I2 ~#~ I1 R2 ~#~ I2 R1 ~#~ I2 R2 ~#~ I1 R1 ~#~ R1 R2 ~#~ I1 R1 R2 ~#~ I1 I2 R2 ~#~ I2 R1 R2 ~#~ I1 I2 R1 ~#~ I1 I2 R1 R2 ~#~ 
*********************************************************************************
--------------
Threshold: 0,10
--------------
	I1: 313
	I2: 236
	R1: 17
	R2: 17
--------------
Threshold: 0,20
--------------
	I1: 313
	I2: 236
	R1: 17
	R2: 17
--------------
Threshold: 0,30
--------------
	I1: 312
	I2: 234
	R2: 17
	R1: 16
--------------
Threshold: 0,40
--------------
	I1: 274
	I2: 209
	I1 | I2: 40
	I1 | R2: 15
	I1 | R1: 13
	R2: 10
	R1: 9
--------------
Threshold: 0,50
--------------
	I1 | I2: 200
	I1: 175
	I2: 113
	I1 | R2: 38
	I1 | R1: 29
	I2 | R2: 11
	I2 | R1: 7
--------------
Threshold: 0,60
--------------
	I1 | I2: 366
	I1: 69
	I1 | R2: 51
	I1 | R1: 39
	I2: 17
	I2 | R2: 14
	I2 | R1: 12
--------------
Threshold: 0,70
--------------
	I1 | I2: 386
	I1 | R2: 46
	I1 | R1: 33
	I1 | I2 | R1: 27
	I1 | I2 | R2: 27
	I1: 18
	I2 | R1: 14
	I1 | R1 | R2: 11
	I2 | R2: 10
--------------
Threshold: 0,80
--------------
	I1 | I2: 302
	I1 | I2 | R2: 99
	I1 | I2 | R1: 79
	I1 | R1 | R2: 34
	I1 | R2: 25
	I1 | R1: 15
	I2 | R1 | R2: 10
	I2 | R1: 7
*********************************************************************************
All potential concepts based on thresholds
	I1 I2 ~#~ I1 R2 ~#~ I1 R1 ~#~ I2 R2 ~#~ I2 R1 ~#~ I1 I2 R1 ~#~ I1 I2 R2 ~#~ I1 R1 R2 ~#~ I2 R1 R2 ~#~ 
*********************************************************************************
--------------
Threshold: 0,10
--------------
	I2: 361
	I1: 171
	R2: 33
	R1: 18
--------------
Threshold: 0,20
--------------
	I2: 361
	I1: 171
	R2: 33
	R1: 18
--------------
Threshold: 0,30
--------------
	I2: 360
	I1: 171
	R2: 32
	R1: 17
--------------
Threshold: 0,40
--------------
	I2: 325
	I1: 152
	I2 | R2: 26
	I1 | I2: 20
	R2: 17
	I2 | R1: 14
	R1: 9
	I1 | R2: 9
--------------
Threshold: 0,50
--------------
	I2: 210
	I1 | I2: 178
	I1: 71
	I2 | R2: 46
	I2 | R1: 28
	I1 | R2: 20
	R2: 10
	I1 | R1: 10
	R1 | R2: 8
--------------
Threshold: 0,60
--------------
	I1 | I2: 310
	I2: 98
	I2 | R2: 63
	I2 | R1: 34
	I1 | R2: 23
	I1: 19
	I1 | R1: 9
	R1 | R2: 8
--------------
Threshold: 0,70
--------------
	I1 | I2: 342
	I2 | R2: 62
	I1 | I2 | R2: 36
	I2 | R1: 34
	I2: 29
	I2 | R1 | R2: 22
	I1 | I2 | R1: 18
	I1 | R2: 12
	I1 | R1: 10
	I1 | R1 | R2: 9
--------------
Threshold: 0,80
--------------
	I1 | I2: 279
	I1 | I2 | R2: 88
	I1 | I2 | R1: 72
	I2 | R2: 49
	I2 | R1 | R2: 39
	I2 | R1: 22
	I1 | R1 | R2: 14
*********************************************************************************
All potential concepts based on thresholds
	I2 R2 ~#~ I1 I2 ~#~ I2 R1 ~#~ I1 R2 ~#~ I1 R1 ~#~ R1 R2 ~#~ I1 I2 R2 ~#~ I2 R1 R2 ~#~ I1 I2 R1 ~#~ I1 R1 R2 ~#~ 
*********************************************************************************
--------------
Threshold: 0,10
--------------
	I2: 328
	I1: 206
	R1: 32
	R2: 17
--------------
Threshold: 0,20
--------------
	I2: 328
	I1: 206
	R1: 32
	R2: 17
--------------
Threshold: 0,30
--------------
	I2: 328
	I1: 206
	R1: 32
	R2: 16
--------------
Threshold: 0,40
--------------
	I2: 313
	I1: 202
	R1: 22
	R2: 11
	I1 | R1: 9
	I1 | I2: 8
	I2 | R2: 7
--------------
Threshold: 0,50
--------------
	I2: 279
	I1: 164
	I1 | I2: 57
	I1 | R1: 22
	I2 | R2: 18
	I2 | R1: 14
	R1 | R2: 12
	I1 | R2: 7
--------------
Threshold: 0,60
--------------
	I2: 206
	I1 | I2: 185
	I1: 71
	I1 | R1: 31
	I2 | R1: 29
	I2 | R2: 27
	R1 | R2: 13
	I1 | R2: 12
--------------
Threshold: 0,70
--------------
	I1 | I2: 250
	I2: 118
	I2 | R1: 43
	I2 | R2: 39
	I1 | R1: 34
	I1: 27
	I1 | R2: 18
	I2 | R1 | R2: 14
	I1 | I2 | R1: 12
	I1 | I2 | R2: 12
	R1 | R2: 8
	I1 | R1 | R2: 7
--------------
Threshold: 0,80
--------------
	I1 | I2: 230
	I1 | I2 | R1: 63
	I1 | I2 | R2: 51
	I2 | R2: 45
	I2 | R1: 44
	I2: 42
	I1 | R1: 27
	I1 | R2: 27
	I2 | R1 | R2: 27
	I1 | R1 | R2: 18
*********************************************************************************
All potential concepts based on thresholds
	I1 R1 ~#~ I1 I2 ~#~ I2 R2 ~#~ I2 R1 ~#~ R1 R2 ~#~ I1 R2 ~#~ I2 R1 R2 ~#~ I1 I2 R1 ~#~ I1 I2 R2 ~#~ I1 R1 R2 ~#~ 
*********************************************************************************
--------------
Threshold: 0,10
--------------
	I1: 257
	I2: 247
	R2: 71
	R1: 8
--------------
Threshold: 0,20
--------------
	I1: 257
	I2: 247
	R2: 71
	R1: 8
--------------
Threshold: 0,30
--------------
	I1: 256
	I2: 246
	R2: 70
	R1: 7
--------------
Threshold: 0,40
--------------
	I1: 225
	I2: 221
	R2: 45
	I1 | R2: 28
	I1 | I2: 22
	I2 | R2: 20
	I1 | R1: 8
--------------
Threshold: 0,50
--------------
	I1 | I2: 164
	I1: 131
	I2: 104
	I1 | R2: 69
	I2 | R2: 51
	R2: 22
	I2 | R1: 18
	I1 | R1: 17
	R1 | R2: 7
--------------
Threshold: 0,60
--------------
	I1 | I2: 250
	I1 | R2: 88
	I2 | R2: 74
	I1: 62
	I2: 41
	I1 | R1: 22
	I2 | R1: 20
	R1 | R2: 10
--------------
Threshold: 0,70
--------------
	I1 | I2: 257
	I1 | R2: 80
	I2 | R2: 70
	I1 | I2 | R2: 49
	I1 | I2 | R1: 23
	I1 | R1: 21
	I1: 19
	I2 | R1: 17
	I1 | R1 | R2: 15
	I2 | R1 | R2: 15
	I2: 13
--------------
Threshold: 0,80
--------------
	I1 | I2: 197
	I1 | I2 | R2: 147
	I1 | I2 | R1: 59
	I2 | R2: 38
	I1 | R2: 38
	I1 | R1 | R2: 38
	I2 | R1 | R2: 28
	I1 | R1: 17
	I2 | R1: 13
*********************************************************************************
All potential concepts based on thresholds
	I1 R2 ~#~ I1 I2 ~#~ I2 R2 ~#~ I1 R1 ~#~ I2 R1 ~#~ R1 R2 ~#~ I1 I2 R2 ~#~ I1 I2 R1 ~#~ I1 R1 R2 ~#~ I2 R1 R2 ~#~ 
*********************************************************************************
--------------
Threshold: 0,10
--------------
	I2: 332
	I1: 244
--------------
Threshold: 0,20
--------------
	I2: 332
	I1: 244
--------------
Threshold: 0,30
--------------
	I2: 332
	I1: 243
--------------
Threshold: 0,40
--------------
	I2: 322
	I1: 229
	I1 | I2: 16
--------------
Threshold: 0,50
--------------
	I2: 253
	I1: 164
	I1 | I2: 131
	I1 | R1: 12
	I2 | R2: 10
	I2 | R1: 7
--------------
Threshold: 0,60
--------------
	I1 | I2: 319
	I2: 105
	I1: 90
	I2 | R2: 19
	I1 | R1: 16
	I1 | R2: 16
	I2 | R1: 13
--------------
Threshold: 0,70
--------------
	I1 | I2: 383
	I2: 58
	I1 | R2: 28
	I1: 25
	I2 | R1: 20
	I2 | R2: 19
	I1 | R1: 18
	I1 | I2 | R1: 15
	I1 | I2 | R2: 10
--------------
Threshold: 0,80
--------------
	I1 | I2: 330
	I1 | I2 | R1: 74
	I1 | I2 | R2: 59
	I2: 26
	I2 | R1: 20
	I1 | R2: 20
	I2 | R2: 15
	I1 | R1: 14
	I1 | R1 | R2: 12
	I2 | R1 | R2: 10
*********************************************************************************
All potential concepts based on thresholds
	I1 I2 ~#~ I1 R1 ~#~ I2 R2 ~#~ I2 R1 ~#~ I1 R2 ~#~ I1 I2 R1 ~#~ I1 I2 R2 ~#~ I1 R1 R2 ~#~ I2 R1 R2 ~#~ 
*********************************************************************************
--------------
Threshold: 0,10
--------------
	I2: 496
	I1: 77
	R1: 7
--------------
Threshold: 0,20
--------------
	I2: 496
	I1: 77
	R1: 7
--------------
Threshold: 0,30
--------------
	I2: 496
	I1: 77
	R1: 7
--------------
Threshold: 0,40
--------------
	I2: 460
	I1: 64
	I1 | I2: 31
	I2 | R2: 10
--------------
Threshold: 0,50
--------------
	I2: 299
	I1 | I2: 193
	I1: 31
	I2 | R2: 21
	I2 | R1: 20
	I1 | R1: 10
--------------
Threshold: 0,60
--------------
	I1 | I2: 352
	I2: 110
	I2 | R1: 46
	I2 | R2: 41
	I1 | R1: 12
	I1 | R2: 9
	I1: 8
--------------
Threshold: 0,70
--------------
	I1 | I2: 377
	I2 | R1: 60
	I2 | R2: 38
	I1 | I2 | R1: 31
	I2: 28
	I1 | I2 | R2: 19
	I1 | R1: 9
	I1 | R2: 9
	I2 | R1 | R2: 9
--------------
Threshold: 0,80
--------------
	I1 | I2: 291
	I1 | I2 | R2: 104
	I1 | I2 | R1: 92
	I2 | R1: 34
	I2 | R1 | R2: 27
	I2 | R2: 22
*********************************************************************************
All potential concepts based on thresholds
	I1 I2 ~#~ I2 R2 ~#~ I2 R1 ~#~ I1 R1 ~#~ I1 R2 ~#~ I1 I2 R1 ~#~ I1 I2 R2 ~#~ I2 R1 R2 ~#~ 
*********************************************************************************
--------------
Threshold: 0,10
--------------
	I1: 364
	I2: 145
	R1: 69
--------------
Threshold: 0,20
--------------
	I1: 364
	I2: 145
	R1: 69
--------------
Threshold: 0,30
--------------
	I1: 362
	I2: 144
	R1: 65
--------------
Threshold: 0,40
--------------
	I1: 317
	I2: 108
	I2 | R1: 38
	I1 | R1: 37
	I1 | I2: 35
	R1: 30
	I2 | R2: 8
--------------
Threshold: 0,50
--------------
	I1: 176
	I1 | I2: 165
	I1 | R1: 83
	I2 | R1: 70
	I2: 52
	I1 | R2: 13
	I2 | R2: 12
	R1: 7
--------------
Threshold: 0,60
--------------
	I1 | I2: 288
	I1 | R1: 90
	I2 | R1: 70
	I1: 50
	I2: 24
	I1 | R2: 17
	I1 | I2 | R1: 15
	I2 | R2: 14
--------------
Threshold: 0,70
--------------
	I1 | I2: 300
	I1 | I2 | R1: 76
	I1 | R1: 65
	I2 | R1: 49
	I1 | I2 | R2: 29
	I1: 16
	I2 | R1 | R2: 13
	I1 | R2: 11
	I2 | R2: 7
--------------
Threshold: 0,80
--------------
	I1 | I2: 215
	I1 | I2 | R1: 204
	I1 | I2 | R2: 76
	I1 | R1: 19
	I2 | R1 | R2: 18
	I2 | R1: 15
	I1 | R1 | R2: 15
	I1 | I2 | R1 | R2: 7
*********************************************************************************
All potential concepts based on thresholds
	I2 R1 ~#~ I1 R1 ~#~ I1 I2 ~#~ I2 R2 ~#~ I1 R2 ~#~ I1 I2 R1 ~#~ I1 I2 R2 ~#~ I2 R1 R2 ~#~ I1 R1 R2 ~#~ I1 I2 R1 R2 ~#~ 
*********************************************************************************
--------------
Threshold: 0,10
--------------
	I1: 366
	I2: 124
	R2: 64
	R1: 29
--------------
Threshold: 0,20
--------------
	I1: 366
	I2: 124
	R2: 64
	R1: 29
--------------
Threshold: 0,30
--------------
	I1: 366
	I2: 122
	R2: 63
	R1: 29
--------------
Threshold: 0,40
--------------
	I1: 330
	I2: 88
	R2: 46
	I1 | I2: 40
	R1: 20
	I2 | R2: 14
	I1 | R2: 14
	I1 | R1: 13
	I2 | R1: 10
	R1 | R2: 8
--------------
Threshold: 0,50
--------------
	I1: 246
	I1 | I2: 108
	I1 | R2: 57
	I2 | R2: 39
	I2: 37
	I1 | R1: 31
	I2 | R1: 20
	R1 | R2: 18
	R2: 15
	R1: 12
--------------
Threshold: 0,60
--------------
	I1 | I2: 216
	I1: 108
	I1 | R2: 81
	I1 | R1: 50
	I2 | R2: 45
	I2 | R1: 29
	R1 | R2: 20
	I2: 10
	R2: 8
--------------
Threshold: 0,70
--------------
	I1 | I2: 228
	I1 | R2: 85
	I1 | R1: 43
	I2 | R2: 40
	I1: 39
	I1 | I2 | R2: 38
	I1 | I2 | R1: 30
	I1 | R1 | R2: 25
	I2 | R1: 23
	I2 | R1 | R2: 17
	R1 | R2: 12
--------------
Threshold: 0,80
--------------
	I1 | I2: 175
	I1 | I2 | R2: 107
	I1 | I2 | R1: 77
	I1 | R1 | R2: 59
	I1 | R2: 44
	I2 | R1 | R2: 30
	I1 | R1: 27
	I2 | R2: 24
	I1: 14
	I2 | R1: 14
*********************************************************************************
All potential concepts based on thresholds
	I1 I2 ~#~ I2 R2 ~#~ I1 R2 ~#~ I1 R1 ~#~ I2 R1 ~#~ R1 R2 ~#~ I1 I2 R2 ~#~ I1 I2 R1 ~#~ I1 R1 R2 ~#~ I2 R1 R2 ~#~ 
*********************************************************************************
--------------
Threshold: 0,10
--------------
	I1: 370
	I2: 108
	R2: 72
	R1: 33
--------------
Threshold: 0,20
--------------
	I1: 370
	I2: 108
	R2: 72
	R1: 33
--------------
Threshold: 0,30
--------------
	I1: 369
	I2: 108
	R2: 70
	R1: 31
--------------
Threshold: 0,40
--------------
	I1: 329
	I2: 90
	R2: 44
	I1 | R2: 26
	I1 | I2: 24
	I1 | R1: 18
	R1: 17
	I2 | R2: 17
	R1 | R2: 15
--------------
Threshold: 0,50
--------------
	I1: 210
	I1 | I2: 125
	I1 | R2: 63
	I2: 53
	I2 | R2: 41
	I1 | R1: 38
	R1 | R2: 23
	R2: 14
	I2 | R1: 11
--------------
Threshold: 0,60
--------------
	I1 | I2: 231
	I1 | R2: 87
	I1: 83
	I2 | R2: 47
	I1 | R1: 46
	I2: 26
	R1 | R2: 22
	I2 | R1: 20
	I1 | R1 | R2: 7
--------------
Threshold: 0,70
--------------
	I1 | I2: 230
	I1 | R2: 88
	I1 | R1: 42
	I1 | R1 | R2: 42
	I1 | I2 | R2: 38
	I2 | R2: 37
	I1: 33
	I2 | R1: 24
	I1 | I2 | R1: 15
	R1 | R2: 14
	I2 | R1 | R2: 12
	I2: 7
--------------
Threshold: 0,80
--------------
	I1 | I2: 186
	I1 | I2 | R2: 111
	I1 | R1 | R2: 77
	I1 | R2: 54
	I1 | I2 | R1: 53
	I1 | R1: 24
	I2 | R1 | R2: 22
	I2 | R2: 20
	I2 | R1: 15
	I1: 9
*********************************************************************************
All potential concepts based on thresholds
	I1 R2 ~#~ I1 I2 ~#~ I1 R1 ~#~ I2 R2 ~#~ R1 R2 ~#~ I2 R1 ~#~ I1 R1 R2 ~#~ I1 I2 R2 ~#~ I1 I2 R1 ~#~ I2 R1 R2 ~#~ 
*********************************************************************************
dataset: cMultiVClassDisAttr-uniqueInst.arff
--------------
Threshold: 0,10
--------------
	A1: 70
--------------
Threshold: 0,20
--------------
	A1: 70
--------------
Threshold: 0,30
--------------
	A1: 70
--------------
Threshold: 0,40
--------------
	A1: 70
--------------
Threshold: 0,50
--------------
	A1: 65
	A1 | A2: 5
--------------
Threshold: 0,60
--------------
	A1: 61
	A1 | A2: 9
--------------
Threshold: 0,70
--------------
	A1: 61
	A1 | A2: 9
--------------
Threshold: 0,80
--------------
	A1: 41
	A1 | A2: 23
	A1 | A2 | A4: 6
*********************************************************************************
All potential concepts based on thresholds
	A1 A2 ~#~ A1 A2 A4 ~#~ 
*********************************************************************************
--------------
Threshold: 0,10
--------------
	A1: 70
--------------
Threshold: 0,20
--------------
	A1: 70
--------------
Threshold: 0,30
--------------
	A1: 70
--------------
Threshold: 0,40
--------------
	A1: 70
--------------
Threshold: 0,50
--------------
	A1: 62
	A1 | A2: 8
--------------
Threshold: 0,60
--------------
	A1: 61
	A1 | A2: 9
--------------
Threshold: 0,70
--------------
	A1: 61
	A1 | A2: 8
--------------
Threshold: 0,80
--------------
	A1 | A2: 34
	A1: 28
	A1 | A2 | A4: 8
*********************************************************************************
All potential concepts based on thresholds
	A1 A2 ~#~ A1 A2 A4 ~#~ 
*********************************************************************************
--------------
Threshold: 0,10
--------------
	A1: 71
--------------
Threshold: 0,20
--------------
	A1: 71
--------------
Threshold: 0,30
--------------
	A1: 71
--------------
Threshold: 0,40
--------------
	A1: 71
--------------
Threshold: 0,50
--------------
	A1: 69
--------------
Threshold: 0,60
--------------
	A1: 63
	A1 | A2: 8
--------------
Threshold: 0,70
--------------
	A1: 63
	A1 | A2: 8
--------------
Threshold: 0,80
--------------
	A1: 38
	A1 | A2: 29
	A1 | A2 | A4: 4
*********************************************************************************
All potential concepts based on thresholds
	A1 A2 ~#~ A1 A2 A4 ~#~ 
*********************************************************************************
--------------
Threshold: 0,10
--------------
	A1: 71
--------------
Threshold: 0,20
--------------
	A1: 71
--------------
Threshold: 0,30
--------------
	A1: 71
--------------
Threshold: 0,40
--------------
	A1: 71
--------------
Threshold: 0,50
--------------
	A1: 62
	A1 | A2: 9
--------------
Threshold: 0,60
--------------
	A1: 62
	A1 | A2: 9
--------------
Threshold: 0,70
--------------
	A1: 62
	A1 | A2: 9
--------------
Threshold: 0,80
--------------
	A1 | A2: 35
	A1: 28
	A1 | A2 | A4: 8
*********************************************************************************
All potential concepts based on thresholds
	A1 A2 ~#~ A1 A2 A4 ~#~ 
*********************************************************************************
--------------
Threshold: 0,10
--------------
	A1: 70
--------------
Threshold: 0,20
--------------
	A1: 70
--------------
Threshold: 0,30
--------------
	A1: 70
--------------
Threshold: 0,40
--------------
	A1: 70
--------------
Threshold: 0,50
--------------
	A1: 66
	A1 | A2: 4
--------------
Threshold: 0,60
--------------
	A1: 62
	A1 | A2: 8
--------------
Threshold: 0,70
--------------
	A1: 62
	A1 | A2: 8
--------------
Threshold: 0,80
--------------
	A1 | A2: 39
	A1: 26
	A1 | A2 | A4: 5
*********************************************************************************
All potential concepts based on thresholds
	A1 A2 ~#~ A1 A2 A4 ~#~ 
*********************************************************************************
--------------
Threshold: 0,10
--------------
	A1: 70
--------------
Threshold: 0,20
--------------
	A1: 70
--------------
Threshold: 0,30
--------------
	A1: 70
--------------
Threshold: 0,40
--------------
	A1: 70
--------------
Threshold: 0,50
--------------
	A1: 70
--------------
Threshold: 0,60
--------------
	A1: 63
	A1 | A2: 7
--------------
Threshold: 0,70
--------------
	A1: 63
	A1 | A2: 7
--------------
Threshold: 0,80
--------------
	A1: 34
	A1 | A2: 31
	A1 | A2 | A4: 5
*********************************************************************************
All potential concepts based on thresholds
	A1 A2 ~#~ A1 A2 A4 ~#~ 
*********************************************************************************
--------------
Threshold: 0,10
--------------
	A1: 70
--------------
Threshold: 0,20
--------------
	A1: 70
--------------
Threshold: 0,30
--------------
	A1: 70
--------------
Threshold: 0,40
--------------
	A1: 70
--------------
Threshold: 0,50
--------------
	A1: 69
--------------
Threshold: 0,60
--------------
	A1: 62
	A1 | A2: 8
--------------
Threshold: 0,70
--------------
	A1: 62
	A1 | A2: 8
--------------
Threshold: 0,80
--------------
	A1: 43
	A1 | A2: 22
	A1 | A2 | A4: 5
*********************************************************************************
All potential concepts based on thresholds
	A1 A2 ~#~ A1 A2 A4 ~#~ 
*********************************************************************************
--------------
Threshold: 0,10
--------------
	A1: 70
--------------
Threshold: 0,20
--------------
	A1: 70
--------------
Threshold: 0,30
--------------
	A1: 70
--------------
Threshold: 0,40
--------------
	A1: 70
--------------
Threshold: 0,50
--------------
	A1: 70
--------------
Threshold: 0,60
--------------
	A1: 64
	A1 | A2: 6
--------------
Threshold: 0,70
--------------
	A1: 64
	A1 | A2: 6
--------------
Threshold: 0,80
--------------
	A1: 42
	A1 | A2: 25
*********************************************************************************
All potential concepts based on thresholds
	A1 A2 ~#~ 
*********************************************************************************
--------------
Threshold: 0,10
--------------
	A1: 70
--------------
Threshold: 0,20
--------------
	A1: 70
--------------
Threshold: 0,30
--------------
	A1: 70
--------------
Threshold: 0,40
--------------
	A1: 70
--------------
Threshold: 0,50
--------------
	A1: 64
	A1 | A2: 6
--------------
Threshold: 0,60
--------------
	A1: 61
	A1 | A2: 9
--------------
Threshold: 0,70
--------------
	A1: 61
	A1 | A2: 9
--------------
Threshold: 0,80
--------------
	A1: 34
	A1 | A2: 29
	A1 | A2 | A4: 7
*********************************************************************************
All potential concepts based on thresholds
	A1 A2 ~#~ A1 A2 A4 ~#~ 
*********************************************************************************
--------------
Threshold: 0,10
--------------
	A1: 70
--------------
Threshold: 0,20
--------------
	A1: 70
--------------
Threshold: 0,30
--------------
	A1: 70
--------------
Threshold: 0,40
--------------
	A1: 70
--------------
Threshold: 0,50
--------------
	A1: 69
--------------
Threshold: 0,60
--------------
	A1: 62
	A1 | A2: 8
--------------
Threshold: 0,70
--------------
	A1: 62
	A1 | A2: 8
--------------
Threshold: 0,80
--------------
	A1: 38
	A1 | A2: 26
	A1 | A2 | A4: 6
*********************************************************************************
All potential concepts based on thresholds
	A1 A2 ~#~ A1 A2 A4 ~#~ 
*********************************************************************************
dataset: condInd-uniqueInst.arff
--------------
Threshold: 0,10
--------------
	I90: 111
--------------
Threshold: 0,20
--------------
	I90: 111
--------------
Threshold: 0,30
--------------
	I90: 111
--------------
Threshold: 0,40
--------------
	I80 | I90: 109
--------------
Threshold: 0,50
--------------
	I80 | I90: 111
--------------
Threshold: 0,60
--------------
	I80 | I90: 111
--------------
Threshold: 0,70
--------------
	I70 | I80 | I90: 111
--------------
Threshold: 0,80
--------------
	I70 | I80 | I90: 111
*********************************************************************************
All potential concepts based on thresholds
	I80 I90 ~#~ I70 I80 I90 ~#~ 
*********************************************************************************
--------------
Threshold: 0,10
--------------
	I90: 111
--------------
Threshold: 0,20
--------------
	I90: 111
--------------
Threshold: 0,30
--------------
	I90: 111
--------------
Threshold: 0,40
--------------
	I90: 91
	I80 | I90: 20
--------------
Threshold: 0,50
--------------
	I80 | I90: 111
--------------
Threshold: 0,60
--------------
	I80 | I90: 111
--------------
Threshold: 0,70
--------------
	I70 | I80 | I90: 111
--------------
Threshold: 0,80
--------------
	I70 | I80 | I90: 111
*********************************************************************************
All potential concepts based on thresholds
	I80 I90 ~#~ I70 I80 I90 ~#~ 
*********************************************************************************
--------------
Threshold: 0,10
--------------
	I90: 111
--------------
Threshold: 0,20
--------------
	I90: 111
--------------
Threshold: 0,30
--------------
	I90: 111
--------------
Threshold: 0,40
--------------
	I90: 111
--------------
Threshold: 0,50
--------------
	I80 | I90: 111
--------------
Threshold: 0,60
--------------
	I80 | I90: 111
--------------
Threshold: 0,70
--------------
	I70 | I80 | I90: 111
--------------
Threshold: 0,80
--------------
	I70 | I80 | I90: 111
*********************************************************************************
All potential concepts based on thresholds
	I80 I90 ~#~ I70 I80 I90 ~#~ 
*********************************************************************************
--------------
Threshold: 0,10
--------------
	I90: 111
--------------
Threshold: 0,20
--------------
	I90: 111
--------------
Threshold: 0,30
--------------
	I90: 111
--------------
Threshold: 0,40
--------------
	I90: 100
	I80 | I90: 11
--------------
Threshold: 0,50
--------------
	I80 | I90: 111
--------------
Threshold: 0,60
--------------
	I80 | I90: 111
--------------
Threshold: 0,70
--------------
	I70 | I80 | I90: 111
--------------
Threshold: 0,80
--------------
	I70 | I80 | I90: 111
*********************************************************************************
All potential concepts based on thresholds
	I80 I90 ~#~ I70 I80 I90 ~#~ 
*********************************************************************************
--------------
Threshold: 0,10
--------------
	I90: 112
--------------
Threshold: 0,20
--------------
	I90: 112
--------------
Threshold: 0,30
--------------
	I90: 112
--------------
Threshold: 0,40
--------------
	I90: 112
--------------
Threshold: 0,50
--------------
	I80 | I90: 112
--------------
Threshold: 0,60
--------------
	I80 | I90: 112
--------------
Threshold: 0,70
--------------
	I70 | I80 | I90: 112
--------------
Threshold: 0,80
--------------
	I70 | I80 | I90: 112
*********************************************************************************
All potential concepts based on thresholds
	I80 I90 ~#~ I70 I80 I90 ~#~ 
*********************************************************************************
--------------
Threshold: 0,10
--------------
	I90: 112
--------------
Threshold: 0,20
--------------
	I90: 112
--------------
Threshold: 0,30
--------------
	I90: 112
--------------
Threshold: 0,40
--------------
	I80 | I90: 112
--------------
Threshold: 0,50
--------------
	I80 | I90: 112
--------------
Threshold: 0,60
--------------
	I80 | I90: 112
--------------
Threshold: 0,70
--------------
	I70 | I80 | I90: 112
--------------
Threshold: 0,80
--------------
	I70 | I80 | I90: 112
*********************************************************************************
All potential concepts based on thresholds
	I80 I90 ~#~ I70 I80 I90 ~#~ 
*********************************************************************************
--------------
Threshold: 0,10
--------------
	I90: 112
--------------
Threshold: 0,20
--------------
	I90: 112
--------------
Threshold: 0,30
--------------
	I90: 112
--------------
Threshold: 0,40
--------------
	I80 | I90: 112
--------------
Threshold: 0,50
--------------
	I80 | I90: 112
--------------
Threshold: 0,60
--------------
	I80 | I90: 112
--------------
Threshold: 0,70
--------------
	I70 | I80 | I90: 112
--------------
Threshold: 0,80
--------------
	I70 | I80 | I90: 112
*********************************************************************************
All potential concepts based on thresholds
	I80 I90 ~#~ I70 I80 I90 ~#~ 
*********************************************************************************
--------------
Threshold: 0,10
--------------
	I90: 112
--------------
Threshold: 0,20
--------------
	I90: 112
--------------
Threshold: 0,30
--------------
	I90: 112
--------------
Threshold: 0,40
--------------
	I80 | I90: 112
--------------
Threshold: 0,50
--------------
	I80 | I90: 112
--------------
Threshold: 0,60
--------------
	I80 | I90: 112
--------------
Threshold: 0,70
--------------
	I70 | I80 | I90: 112
--------------
Threshold: 0,80
--------------
	I70 | I80 | I90: 112
*********************************************************************************
All potential concepts based on thresholds
	I80 I90 ~#~ I70 I80 I90 ~#~ 
*********************************************************************************
--------------
Threshold: 0,10
--------------
	I90: 112
--------------
Threshold: 0,20
--------------
	I90: 112
--------------
Threshold: 0,30
--------------
	I90: 112
--------------
Threshold: 0,40
--------------
	I80 | I90: 101
	I90: 11
--------------
Threshold: 0,50
--------------
	I80 | I90: 112
--------------
Threshold: 0,60
--------------
	I80 | I90: 112
--------------
Threshold: 0,70
--------------
	I70 | I80 | I90: 112
--------------
Threshold: 0,80
--------------
	I70 | I80 | I90: 112
*********************************************************************************
All potential concepts based on thresholds
	I80 I90 ~#~ I70 I80 I90 ~#~ 
*********************************************************************************
--------------
Threshold: 0,10
--------------
	I90: 112
--------------
Threshold: 0,20
--------------
	I90: 112
--------------
Threshold: 0,30
--------------
	I90: 112
--------------
Threshold: 0,40
--------------
	I90: 91
	I80 | I90: 21
--------------
Threshold: 0,50
--------------
	I80 | I90: 112
--------------
Threshold: 0,60
--------------
	I80 | I90: 112
--------------
Threshold: 0,70
--------------
	I70 | I80 | I90: 112
--------------
Threshold: 0,80
--------------
	I70 | I80 | I90: 112
*********************************************************************************
All potential concepts based on thresholds
	I80 I90 ~#~ I70 I80 I90 ~#~ 
*********************************************************************************
