dataset: cLogicalConcBEasy.arff
We remove max(NOISE,minNoise) groups, NOISE=1.0% -> 5, minNoise=3 we remove groups of size 5. Number of instances from class (1) is 441 (fold 1).
Lower threshold thrL: 0.1 upper threshold thrU: 0.8 with step: 0.1
								--------------
									Fold  1
								--------------
--------------
Threshold: 0,10
--------------
	A3: 171
	A5: 145
	A4: 68
	A2: 57
--------------
Threshold: 0,20
--------------
	A3: 171
	A5: 145
	A4: 68
	A2: 57
--------------
Threshold: 0,30
--------------
	A3: 171
	A5: 145
	A4: 68
	A2: 57
--------------
Threshold: 0,40
--------------
	A2 | A3: 208
	A4 | A5: 188
	A5: 16
	A3: 15
	A4: 8
--------------
Threshold: 0,50
--------------
	A2 | A3: 225
	A4 | A5: 212
--------------
Threshold: 0,60
--------------
	A2 | A3: 222
	A4 | A5: 212
--------------
Threshold: 0,70
--------------
	A1 | A2 | A3: 169
	A1 | A4 | A5: 161
	A2 | A3: 59
	A4 | A5: 52
--------------
Threshold: 0,80
--------------
	A1 | A2 | A3: 169
	A1 | A4 | A5: 161
	A2 | A3 | A5: 36
	A3 | A4 | A5: 31
	A2 | A3 | A4: 23
	A2 | A4 | A5: 20
*********************************************************************************
All potential concepts based on thresholds
	A2 A3 ~#~ A4 A5 ~#~ A1 A2 A3 ~#~ A1 A4 A5 ~#~ A2 A3 A5 ~#~ A3 A4 A5 ~#~ A2 A3 A4 ~#~ A2 A4 A5 ~#~ 
*********************************************************************************
We remove max(NOISE,minNoise) groups, NOISE=1.0% -> 5, minNoise=3 we remove groups of size 5. Number of instances from class (1) is 440 (fold 2).
Lower threshold thrL: 0.1 upper threshold thrU: 0.8 with step: 0.1
								--------------
									Fold  2
								--------------
--------------
Threshold: 0,10
--------------
	A3: 133
	A5: 112
	A4: 102
	A2: 93
--------------
Threshold: 0,20
--------------
	A3: 133
	A5: 112
	A4: 102
	A2: 93
--------------
Threshold: 0,30
--------------
	A3: 133
	A5: 112
	A4: 102
	A2: 93
--------------
Threshold: 0,40
--------------
	A2 | A3: 204
	A4 | A5: 197
	A3: 11
	A5: 8
	A4: 7
	A1 | A3: 6
--------------
Threshold: 0,50
--------------
	A2 | A3: 219
	A4 | A5: 212
	A1 | A3: 6
--------------
Threshold: 0,60
--------------
	A2 | A3: 218
	A4 | A5: 210
	A1 | A3: 6
--------------
Threshold: 0,70
--------------
	A1 | A2 | A3: 167
	A1 | A4 | A5: 163
	A2 | A3: 59
	A4 | A5: 51
--------------
Threshold: 0,80
--------------
	A1 | A2 | A3: 167
	A1 | A4 | A5: 163
	A2 | A3 | A5: 35
	A3 | A4 | A5: 26
	A2 | A4 | A5: 24
	A2 | A3 | A4: 23
*********************************************************************************
All potential concepts based on thresholds
	A2 A3 ~#~ A4 A5 ~#~ A1 A3 ~#~ A1 A2 A3 ~#~ A1 A4 A5 ~#~ A2 A3 A5 ~#~ A3 A4 A5 ~#~ A2 A4 A5 ~#~ A2 A3 A4 ~#~ 
*********************************************************************************
We remove max(NOISE,minNoise) groups, NOISE=1.0% -> 5, minNoise=3 we remove groups of size 5. Number of instances from class (1) is 440 (fold 3).
Lower threshold thrL: 0.1 upper threshold thrU: 0.8 with step: 0.1
								--------------
									Fold  3
								--------------
--------------
Threshold: 0,10
--------------
	A3: 158
	A5: 144
	A2: 70
	A4: 68
--------------
Threshold: 0,20
--------------
	A3: 158
	A5: 144
	A2: 70
	A4: 68
--------------
Threshold: 0,30
--------------
	A3: 158
	A5: 144
	A2: 70
	A4: 68
--------------
Threshold: 0,40
--------------
	A2 | A3: 205
	A4 | A5: 196
	A3: 13
	A5: 13
--------------
Threshold: 0,50
--------------
	A2 | A3: 222
	A4 | A5: 211
--------------
Threshold: 0,60
--------------
	A2 | A3: 220
	A4 | A5: 211
--------------
Threshold: 0,70
--------------
	A1 | A2 | A3: 168
	A1 | A4 | A5: 160
	A2 | A3: 60
	A4 | A5: 52
--------------
Threshold: 0,80
--------------
	A1 | A2 | A3: 168
	A1 | A4 | A5: 160
	A2 | A3 | A5: 32
	A3 | A4 | A5: 30
	A2 | A3 | A4: 28
	A2 | A4 | A5: 19
*********************************************************************************
All potential concepts based on thresholds
	A2 A3 ~#~ A4 A5 ~#~ A1 A2 A3 ~#~ A1 A4 A5 ~#~ A2 A3 A5 ~#~ A3 A4 A5 ~#~ A2 A3 A4 ~#~ A2 A4 A5 ~#~ 
*********************************************************************************
We remove max(NOISE,minNoise) groups, NOISE=1.0% -> 5, minNoise=3 we remove groups of size 5. Number of instances from class (1) is 440 (fold 4).
Lower threshold thrL: 0.1 upper threshold thrU: 0.8 with step: 0.1
								--------------
									Fold  4
								--------------
--------------
Threshold: 0,10
--------------
	A3: 158
	A5: 113
	A4: 105
	A2: 63
--------------
Threshold: 0,20
--------------
	A3: 158
	A5: 113
	A4: 105
	A2: 63
--------------
Threshold: 0,30
--------------
	A3: 158
	A5: 113
	A4: 105
	A2: 63
--------------
Threshold: 0,40
--------------
	A2 | A3: 198
	A4 | A5: 189
	A3: 16
	A4: 16
	A5: 13
--------------
Threshold: 0,50
--------------
	A4 | A5: 218
	A2 | A3: 216
--------------
Threshold: 0,60
--------------
	A4 | A5: 218
	A2 | A3: 211
--------------
Threshold: 0,70
--------------
	A1 | A4 | A5: 167
	A1 | A2 | A3: 163
	A2 | A3: 59
	A4 | A5: 51
--------------
Threshold: 0,80
--------------
	A1 | A4 | A5: 167
	A1 | A2 | A3: 163
	A2 | A3 | A4: 32
	A3 | A4 | A5: 29
	A2 | A3 | A5: 27
	A2 | A4 | A5: 19
*********************************************************************************
All potential concepts based on thresholds
	A2 A3 ~#~ A4 A5 ~#~ A1 A4 A5 ~#~ A1 A2 A3 ~#~ A2 A3 A4 ~#~ A3 A4 A5 ~#~ A2 A3 A5 ~#~ A2 A4 A5 ~#~ 
*********************************************************************************
We remove max(NOISE,minNoise) groups, NOISE=1.0% -> 5, minNoise=3 we remove groups of size 5. Number of instances from class (1) is 440 (fold 5).
Lower threshold thrL: 0.1 upper threshold thrU: 0.8 with step: 0.1
								--------------
									Fold  5
								--------------
--------------
Threshold: 0,10
--------------
	A3: 157
	A5: 113
	A4: 95
	A2: 75
--------------
Threshold: 0,20
--------------
	A3: 157
	A5: 113
	A4: 95
	A2: 75
--------------
Threshold: 0,30
--------------
	A3: 157
	A5: 113
	A4: 95
	A2: 75
--------------
Threshold: 0,40
--------------
	A2 | A3: 216
	A4 | A5: 189
	A5: 11
	A3: 10
	A4: 8
--------------
Threshold: 0,50
--------------
	A2 | A3: 228
	A4 | A5: 208
--------------
Threshold: 0,60
--------------
	A2 | A3: 226
	A4 | A5: 208
--------------
Threshold: 0,70
--------------
	A1 | A2 | A3: 173
	A1 | A4 | A5: 155
	A2 | A3: 59
	A4 | A5: 53
--------------
Threshold: 0,80
--------------
	A1 | A2 | A3: 173
	A1 | A4 | A5: 155
	A2 | A3 | A4: 32
	A3 | A4 | A5: 28
	A2 | A3 | A5: 27
	A2 | A4 | A5: 21
*********************************************************************************
All potential concepts based on thresholds
	A2 A3 ~#~ A4 A5 ~#~ A1 A2 A3 ~#~ A1 A4 A5 ~#~ A2 A3 A4 ~#~ A3 A4 A5 ~#~ A2 A3 A5 ~#~ A2 A4 A5 ~#~ 
*********************************************************************************
We remove max(NOISE,minNoise) groups, NOISE=1.0% -> 5, minNoise=3 we remove groups of size 5. Number of instances from class (1) is 440 (fold 6).
Lower threshold thrL: 0.1 upper threshold thrU: 0.8 with step: 0.1
								--------------
									Fold  6
								--------------
--------------
Threshold: 0,10
--------------
	A3: 147
	A4: 112
	A5: 106
	A2: 74
--------------
Threshold: 0,20
--------------
	A3: 147
	A4: 112
	A5: 106
	A2: 74
--------------
Threshold: 0,30
--------------
	A3: 147
	A4: 112
	A5: 106
	A2: 73
--------------
Threshold: 0,40
--------------
	A2 | A3: 201
	A4 | A5: 199
	A3: 13
	A4: 9
	A5: 8
--------------
Threshold: 0,50
--------------
	A4 | A5: 216
	A2 | A3: 215
--------------
Threshold: 0,60
--------------
	A4 | A5: 216
	A2 | A3: 214
--------------
Threshold: 0,70
--------------
	A1 | A2 | A3: 169
	A1 | A4 | A5: 165
	A4 | A5: 53
	A2 | A3: 53
--------------
Threshold: 0,80
--------------
	A1 | A2 | A3: 169
	A1 | A4 | A5: 165
	A3 | A4 | A5: 31
	A2 | A3 | A5: 26
	A2 | A3 | A4: 26
	A2 | A4 | A5: 21
*********************************************************************************
All potential concepts based on thresholds
	A2 A3 ~#~ A4 A5 ~#~ A1 A2 A3 ~#~ A1 A4 A5 ~#~ A3 A4 A5 ~#~ A2 A3 A5 ~#~ A2 A3 A4 ~#~ A2 A4 A5 ~#~ 
*********************************************************************************
We remove max(NOISE,minNoise) groups, NOISE=1.0% -> 5, minNoise=3 we remove groups of size 5. Number of instances from class (1) is 440 (fold 7).
Lower threshold thrL: 0.1 upper threshold thrU: 0.8 with step: 0.1
								--------------
									Fold  7
								--------------
--------------
Threshold: 0,10
--------------
	A3: 173
	A5: 137
	A4: 69
	A2: 61
--------------
Threshold: 0,20
--------------
	A3: 173
	A5: 137
	A4: 69
	A2: 61
--------------
Threshold: 0,30
--------------
	A3: 173
	A5: 137
	A4: 69
	A2: 61
--------------
Threshold: 0,40
--------------
	A2 | A3: 214
	A4 | A5: 186
	A3: 14
	A5: 12
	A4: 6
--------------
Threshold: 0,50
--------------
	A2 | A3: 229
	A4 | A5: 204
--------------
Threshold: 0,60
--------------
	A2 | A3: 227
	A4 | A5: 203
--------------
Threshold: 0,70
--------------
	A1 | A2 | A3: 175
	A1 | A4 | A5: 157
	A2 | A3: 59
	A4 | A5: 49
--------------
Threshold: 0,80
--------------
	A1 | A2 | A3: 175
	A1 | A4 | A5: 157
	A2 | A3 | A5: 30
	A3 | A4 | A5: 29
	A2 | A3 | A4: 28
	A2 | A4 | A5: 20
*********************************************************************************
All potential concepts based on thresholds
	A2 A3 ~#~ A4 A5 ~#~ A1 A2 A3 ~#~ A1 A4 A5 ~#~ A2 A3 A5 ~#~ A3 A4 A5 ~#~ A2 A3 A4 ~#~ A2 A4 A5 ~#~ 
*********************************************************************************
We remove max(NOISE,minNoise) groups, NOISE=1.0% -> 5, minNoise=3 we remove groups of size 5. Number of instances from class (1) is 440 (fold 8).
Lower threshold thrL: 0.1 upper threshold thrU: 0.8 with step: 0.1
								--------------
									Fold  8
								--------------
--------------
Threshold: 0,10
--------------
	A3: 157
	A5: 141
	A4: 78
	A2: 64
--------------
Threshold: 0,20
--------------
	A3: 157
	A5: 141
	A4: 78
	A2: 64
--------------
Threshold: 0,30
--------------
	A3: 157
	A5: 141
	A4: 78
	A2: 64
--------------
Threshold: 0,40
--------------
	A4 | A5: 199
	A2 | A3: 195
	A5: 16
	A3: 14
	A1 | A3: 6
--------------
Threshold: 0,50
--------------
	A4 | A5: 217
	A2 | A3: 214
	A1 | A3: 6
--------------
Threshold: 0,60
--------------
	A4 | A5: 214
	A2 | A3: 213
	A1 | A3: 6
--------------
Threshold: 0,70
--------------
	A1 | A4 | A5: 168
	A1 | A2 | A3: 164
	A2 | A3: 57
	A4 | A5: 51
--------------
Threshold: 0,80
--------------
	A1 | A4 | A5: 168
	A1 | A2 | A3: 164
	A2 | A3 | A5: 32
	A3 | A4 | A5: 31
	A2 | A3 | A4: 25
	A2 | A4 | A5: 19
*********************************************************************************
All potential concepts based on thresholds
	A4 A5 ~#~ A2 A3 ~#~ A1 A3 ~#~ A1 A4 A5 ~#~ A1 A2 A3 ~#~ A2 A3 A5 ~#~ A3 A4 A5 ~#~ A2 A3 A4 ~#~ A2 A4 A5 ~#~ 
*********************************************************************************
We remove max(NOISE,minNoise) groups, NOISE=1.0% -> 5, minNoise=3 we remove groups of size 5. Number of instances from class (1) is 440 (fold 9).
Lower threshold thrL: 0.1 upper threshold thrU: 0.8 with step: 0.1
								--------------
									Fold  9
								--------------
--------------
Threshold: 0,10
--------------
	A3: 185
	A5: 128
	A4: 87
	A2: 40
--------------
Threshold: 0,20
--------------
	A3: 185
	A5: 128
	A4: 87
	A2: 40
--------------
Threshold: 0,30
--------------
	A3: 185
	A5: 128
	A4: 87
	A2: 40
--------------
Threshold: 0,40
--------------
	A4 | A5: 197
	A2 | A3: 190
	A3: 20
	A5: 10
	A1 | A3: 10
	A4: 7
--------------
Threshold: 0,50
--------------
	A4 | A5: 214
	A2 | A3: 214
	A1 | A3: 10
--------------
Threshold: 0,60
--------------
	A4 | A5: 213
	A2 | A3: 213
	A1 | A3: 10
--------------
Threshold: 0,70
--------------
	A1 | A4 | A5: 165
	A1 | A2 | A3: 163
	A2 | A3: 62
	A4 | A5: 50
--------------
Threshold: 0,80
--------------
	A1 | A4 | A5: 165
	A1 | A2 | A3: 163
	A3 | A4 | A5: 42
	A2 | A3 | A5: 40
	A2 | A3 | A4: 22
	A2 | A4 | A5: 7
*********************************************************************************
All potential concepts based on thresholds
	A4 A5 ~#~ A2 A3 ~#~ A1 A3 ~#~ A1 A4 A5 ~#~ A1 A2 A3 ~#~ A3 A4 A5 ~#~ A2 A3 A5 ~#~ A2 A3 A4 ~#~ A2 A4 A5 ~#~ 
*********************************************************************************
We remove max(NOISE,minNoise) groups, NOISE=1.0% -> 5, minNoise=3 we remove groups of size 5. Number of instances from class (1) is 440 (fold 10).
Lower threshold thrL: 0.1 upper threshold thrU: 0.8 with step: 0.1
								--------------
									Fold 10
								--------------
--------------
Threshold: 0,10
--------------
	A3: 162
	A5: 116
	A4: 94
	A2: 68
--------------
Threshold: 0,20
--------------
	A3: 162
	A5: 116
	A4: 94
	A2: 68
--------------
Threshold: 0,30
--------------
	A3: 161
	A5: 116
	A4: 94
	A2: 68
--------------
Threshold: 0,40
--------------
	A2 | A3: 210
	A4 | A5: 196
	A3: 15
	A4: 8
--------------
Threshold: 0,50
--------------
	A2 | A3: 228
	A4 | A5: 209
--------------
Threshold: 0,60
--------------
	A2 | A3: 227
	A4 | A5: 209
--------------
Threshold: 0,70
--------------
	A1 | A2 | A3: 172
	A1 | A4 | A5: 159
	A2 | A3: 58
	A4 | A5: 51
--------------
Threshold: 0,80
--------------
	A1 | A2 | A3: 172
	A1 | A4 | A5: 159
	A3 | A4 | A5: 33
	A2 | A3 | A4: 30
	A2 | A3 | A5: 27
	A2 | A4 | A5: 18
*********************************************************************************
All potential concepts based on thresholds
	A2 A3 ~#~ A4 A5 ~#~ A1 A2 A3 ~#~ A1 A4 A5 ~#~ A3 A4 A5 ~#~ A2 A3 A4 ~#~ A2 A3 A5 ~#~ A2 A4 A5 ~#~ 
*********************************************************************************
dataset: cLogicalConcBEasyNoisy.arff
We take only 500 instances out of 501 from the class 1.
We remove max(NOISE,minNoise) groups, NOISE=1.0% -> 5, minNoise=3 we remove groups of size 5. Number of instances from class (1) is 500 (fold 1).
Lower threshold thrL: 0.1 upper threshold thrU: 0.8 with step: 0.1
								--------------
									Fold  1
								--------------
--------------
Threshold: 0,10
--------------
	A5: 168
	A3: 128
	A2: 119
	A4: 77
	A1: 8
--------------
Threshold: 0,20
--------------
	A5: 168
	A3: 128
	A2: 119
	A4: 77
	A1: 8
--------------
Threshold: 0,30
--------------
	A5: 155
	A3: 122
	A2: 119
	A4: 65
	A4 | A5: 22
	A1: 7
--------------
Threshold: 0,40
--------------
	A2 | A3: 218
	A4 | A5: 187
	A5: 27
	A1 | A5: 16
	A2: 14
	A4: 11
	A3: 10
--------------
Threshold: 0,50
--------------
	A2 | A3: 231
	A4 | A5: 204
	A1 | A5: 16
	A5: 11
	A4: 10
	A1 | A4: 6
--------------
Threshold: 0,60
--------------
	A2 | A3: 233
	A4 | A5: 169
	A1 | A4 | A5: 52
	A1 | A5: 12
	A2 | A4 | A5: 6
--------------
Threshold: 0,70
--------------
	A1 | A2 | A3: 173
	A1 | A4 | A5: 165
	A2 | A3: 60
	A4 | A5: 57
	A2 | A4 | A5: 11
	A3 | A4 | A5: 9
	A1 | A3 | A5: 6
--------------
Threshold: 0,80
--------------
	A1 | A2 | A3: 173
	A1 | A4 | A5: 166
	A3 | A4 | A5: 52
	A2 | A3 | A5: 34
	A2 | A3 | A4: 26
	A2 | A4 | A5: 16
	A2 | A3 | A4 | A5: 11
	A1 | A2 | A3 | A5: 9
*********************************************************************************
All potential concepts based on thresholds
	A4 A5 ~#~ A2 A3 ~#~ A1 A5 ~#~ A1 A4 ~#~ A1 A4 A5 ~#~ A2 A4 A5 ~#~ A1 A2 A3 ~#~ A3 A4 A5 ~#~ A1 A3 A5 ~#~ A2 A3 A5 ~#~ A2 A3 A4 ~#~ A2 A3 A4 A5 ~#~ A1 A2 A3 A5 ~#~ 
*********************************************************************************
We take only 500 instances out of 501 from the class 1.
We remove max(NOISE,minNoise) groups, NOISE=1.0% -> 5, minNoise=3 we remove groups of size 5. Number of instances from class (1) is 500 (fold 2).
Lower threshold thrL: 0.1 upper threshold thrU: 0.8 with step: 0.1
								--------------
									Fold  2
								--------------
--------------
Threshold: 0,10
--------------
	A5: 186
	A3: 157
	A2: 90
	A4: 61
	A1: 6
--------------
Threshold: 0,20
--------------
	A5: 186
	A3: 157
	A2: 90
	A4: 61
	A1: 6
--------------
Threshold: 0,30
--------------
	A5: 177
	A3: 151
	A2: 87
	A4: 50
	A4 | A5: 17
	A2 | A3: 7
	A1: 6
--------------
Threshold: 0,40
--------------
	A2 | A3: 228
	A4 | A5: 194
	A1 | A5: 20
	A5: 18
	A4: 12
	A2: 7
	A3: 7
--------------
Threshold: 0,50
--------------
	A2 | A3: 232
	A4 | A5: 199
	A1 | A5: 21
	A5: 13
	A4: 11
--------------
Threshold: 0,60
--------------
	A2 | A3: 228
	A4 | A5: 176
	A1 | A4 | A5: 41
	A1 | A5: 16
	A2 | A4 | A5: 8
	A2 | A3 | A5: 6
--------------
Threshold: 0,70
--------------
	A1 | A2 | A3: 176
	A1 | A4 | A5: 167
	A4 | A5: 60
	A2 | A3: 55
	A2 | A4 | A5: 13
--------------
Threshold: 0,80
--------------
	A1 | A2 | A3: 175
	A1 | A4 | A5: 167
	A3 | A4 | A5: 51
	A2 | A3 | A5: 31
	A2 | A3 | A4: 28
	A2 | A4 | A5: 17
	A2 | A3 | A4 | A5: 11
	A1 | A3 | A4 | A5: 8
	A1 | A2 | A3 | A5: 6
*********************************************************************************
All potential concepts based on thresholds
	A4 A5 ~#~ A2 A3 ~#~ A1 A5 ~#~ A1 A4 A5 ~#~ A2 A4 A5 ~#~ A2 A3 A5 ~#~ A1 A2 A3 ~#~ A3 A4 A5 ~#~ A2 A3 A4 ~#~ A2 A3 A4 A5 ~#~ A1 A3 A4 A5 ~#~ A1 A2 A3 A5 ~#~ 
*********************************************************************************
We take only 500 instances out of 501 from the class 1.
We remove max(NOISE,minNoise) groups, NOISE=1.0% -> 5, minNoise=3 we remove groups of size 5. Number of instances from class (1) is 500 (fold 3).
Lower threshold thrL: 0.1 upper threshold thrU: 0.8 with step: 0.1
								--------------
									Fold  3
								--------------
--------------
Threshold: 0,10
--------------
	A5: 210
	A3: 151
	A2: 95
	A4: 39
--------------
Threshold: 0,20
--------------
	A5: 210
	A3: 151
	A2: 95
	A4: 39
--------------
Threshold: 0,30
--------------
	A5: 202
	A3: 143
	A2: 95
	A4: 35
	A4 | A5: 9
--------------
Threshold: 0,40
--------------
	A2 | A3: 210
	A4 | A5: 187
	A5: 28
	A1 | A5: 20
	A3: 15
	A4: 11
	A2: 9
	A3 | A4: 6
--------------
Threshold: 0,50
--------------
	A2 | A3: 226
	A4 | A5: 200
	A1 | A5: 23
	A5: 16
	A4: 9
	A3 | A4: 6
--------------
Threshold: 0,60
--------------
	A2 | A3: 228
	A4 | A5: 198
	A1 | A5: 21
	A1 | A4 | A5: 17
	A3 | A4 | A5: 6
	A2 | A3 | A4: 6
--------------
Threshold: 0,70
--------------
	A1 | A2 | A3: 172
	A1 | A4 | A5: 166
	A4 | A5: 63
	A2 | A3: 57
	A3 | A4 | A5: 10
	A2 | A3 | A4: 8
--------------
Threshold: 0,80
--------------
	A1 | A2 | A3: 172
	A1 | A4 | A5: 169
	A3 | A4 | A5: 59
	A2 | A3 | A5: 33
	A2 | A3 | A4: 21
	A2 | A3 | A4 | A5: 14
	A1 | A3 | A4 | A5: 9
	A2 | A4 | A5: 9
*********************************************************************************
All potential concepts based on thresholds
	A4 A5 ~#~ A2 A3 ~#~ A1 A5 ~#~ A3 A4 ~#~ A1 A4 A5 ~#~ A3 A4 A5 ~#~ A2 A3 A4 ~#~ A1 A2 A3 ~#~ A2 A3 A5 ~#~ A2 A3 A4 A5 ~#~ A1 A3 A4 A5 ~#~ A2 A4 A5 ~#~ 
*********************************************************************************
We take only 500 instances out of 501 from the class 1.
We remove max(NOISE,minNoise) groups, NOISE=1.0% -> 5, minNoise=3 we remove groups of size 5. Number of instances from class (1) is 500 (fold 4).
Lower threshold thrL: 0.1 upper threshold thrU: 0.8 with step: 0.1
								--------------
									Fold  4
								--------------
--------------
Threshold: 0,10
--------------
	A5: 183
	A3: 142
	A2: 94
	A4: 76
--------------
Threshold: 0,20
--------------
	A5: 183
	A3: 142
	A2: 94
	A4: 76
--------------
Threshold: 0,30
--------------
	A5: 178
	A3: 136
	A2: 94
	A4: 70
--------------
Threshold: 0,40
--------------
	A2 | A3: 218
	A4 | A5: 206
	A5: 20
	A4: 14
	A1 | A5: 13
	A2: 6
	A3: 6
--------------
Threshold: 0,50
--------------
	A2 | A3: 224
	A4 | A5: 213
	A5: 15
	A1 | A5: 13
	A4: 10
--------------
Threshold: 0,60
--------------
	A4 | A5: 222
	A2 | A3: 221
	A1 | A5: 13
	A2 | A3 | A4: 7
--------------
Threshold: 0,70
--------------
	A1 | A4 | A5: 176
	A1 | A2 | A3: 168
	A4 | A5: 62
	A2 | A3: 57
	A2 | A3 | A4: 8
	A2 | A4 | A5: 6
--------------
Threshold: 0,80
--------------
	A1 | A4 | A5: 179
	A1 | A2 | A3: 168
	A3 | A4 | A5: 51
	A2 | A3 | A5: 31
	A2 | A3 | A4: 27
	A2 | A3 | A4 | A5: 14
	A2 | A4 | A5: 14
	A1 | A3 | A4 | A5: 7
*********************************************************************************
All potential concepts based on thresholds
	A2 A3 ~#~ A4 A5 ~#~ A1 A5 ~#~ A2 A3 A4 ~#~ A1 A4 A5 ~#~ A1 A2 A3 ~#~ A2 A4 A5 ~#~ A3 A4 A5 ~#~ A2 A3 A5 ~#~ A2 A3 A4 A5 ~#~ A1 A3 A4 A5 ~#~ 
*********************************************************************************
We take only 500 instances out of 501 from the class 1.
We remove max(NOISE,minNoise) groups, NOISE=1.0% -> 5, minNoise=3 we remove groups of size 5. Number of instances from class (1) is 500 (fold 5).
Lower threshold thrL: 0.1 upper threshold thrU: 0.8 with step: 0.1
								--------------
									Fold  5
								--------------
--------------
Threshold: 0,10
--------------
	A5: 172
	A3: 163
	A4: 81
	A2: 78
	A1: 6
--------------
Threshold: 0,20
--------------
	A5: 172
	A3: 163
	A4: 81
	A2: 78
	A1: 6
--------------
Threshold: 0,30
--------------
	A5: 164
	A3: 156
	A2: 76
	A4: 72
	A4 | A5: 9
--------------
Threshold: 0,40
--------------
	A2 | A3: 222
	A4 | A5: 204
	A5: 23
	A4: 10
	A1 | A5: 9
	A3: 8
--------------
Threshold: 0,50
--------------
	A2 | A3: 226
	A4 | A5: 210
	A5: 15
	A1 | A5: 11
	A4: 8
	A1 | A3: 7
--------------
Threshold: 0,60
--------------
	A2 | A3: 222
	A4 | A5: 198
	A1 | A4 | A5: 28
	A1 | A5: 9
	A2 | A4 | A5: 7
	A1 | A2 | A3: 6
--------------
Threshold: 0,70
--------------
	A1 | A2 | A3: 169
	A1 | A4 | A5: 165
	A4 | A5: 62
	A2 | A3: 57
	A2 | A4 | A5: 11
	A3 | A4 | A5: 7
	A1 | A3 | A5: 6
	A2 | A3 | A4: 6
--------------
Threshold: 0,80
--------------
	A1 | A2 | A3: 169
	A1 | A4 | A5: 168
	A3 | A4 | A5: 56
	A2 | A3 | A4: 37
	A2 | A3 | A5: 24
	A2 | A3 | A4 | A5: 13
	A2 | A4 | A5: 13
	A1 | A3 | A4 | A5: 8
*********************************************************************************
All potential concepts based on thresholds
	A4 A5 ~#~ A2 A3 ~#~ A1 A5 ~#~ A1 A3 ~#~ A1 A4 A5 ~#~ A2 A4 A5 ~#~ A1 A2 A3 ~#~ A3 A4 A5 ~#~ A1 A3 A5 ~#~ A2 A3 A4 ~#~ A2 A3 A5 ~#~ A2 A3 A4 A5 ~#~ A1 A3 A4 A5 ~#~ 
*********************************************************************************
We take only 500 instances out of 501 from the class 1.
We remove max(NOISE,minNoise) groups, NOISE=1.0% -> 5, minNoise=3 we remove groups of size 5. Number of instances from class (1) is 500 (fold 6).
Lower threshold thrL: 0.1 upper threshold thrU: 0.8 with step: 0.1
								--------------
									Fold  6
								--------------
--------------
Threshold: 0,10
--------------
	A5: 199
	A2: 126
	A3: 114
	A4: 50
	A1: 11
--------------
Threshold: 0,20
--------------
	A5: 199
	A2: 126
	A3: 114
	A4: 50
	A1: 11
--------------
Threshold: 0,30
--------------
	A5: 183
	A2: 123
	A3: 112
	A4: 45
	A4 | A5: 15
	A1: 9
--------------
Threshold: 0,40
--------------
	A2 | A3: 218
	A4 | A5: 181
	A5: 29
	A1 | A5: 25
	A2: 12
	A4: 11
	A1 | A4: 6
--------------
Threshold: 0,50
--------------
	A2 | A3: 228
	A4 | A5: 195
	A1 | A5: 29
	A5: 12
	A4: 10
	A1 | A4: 6
--------------
Threshold: 0,60
--------------
	A2 | A3: 229
	A4 | A5: 163
	A1 | A4 | A5: 49
	A1 | A5: 23
	A2 | A4 | A5: 8
	A2 | A3 | A5: 7
--------------
Threshold: 0,70
--------------
	A1 | A2 | A3: 172
	A1 | A4 | A5: 171
	A2 | A3: 59
	A4 | A5: 54
	A2 | A4 | A5: 12
	A3 | A4 | A5: 8
	A1 | A3 | A5: 6
	A2 | A3 | A5: 6
--------------
Threshold: 0,80
--------------
	A1 | A4 | A5: 172
	A1 | A2 | A3: 171
	A3 | A4 | A5: 55
	A2 | A3 | A5: 45
	A2 | A3 | A4: 16
	A2 | A3 | A4 | A5: 15
	A2 | A4 | A5: 11
	A1 | A2 | A3 | A5: 8
*********************************************************************************
All potential concepts based on thresholds
	A4 A5 ~#~ A2 A3 ~#~ A1 A5 ~#~ A1 A4 ~#~ A1 A4 A5 ~#~ A2 A4 A5 ~#~ A2 A3 A5 ~#~ A1 A2 A3 ~#~ A3 A4 A5 ~#~ A1 A3 A5 ~#~ A2 A3 A4 ~#~ A2 A3 A4 A5 ~#~ A1 A2 A3 A5 ~#~ 
*********************************************************************************
We take only 500 instances out of 501 from the class 1.
We remove max(NOISE,minNoise) groups, NOISE=1.0% -> 5, minNoise=3 we remove groups of size 5. Number of instances from class (1) is 500 (fold 7).
Lower threshold thrL: 0.1 upper threshold thrU: 0.8 with step: 0.1
								--------------
									Fold  7
								--------------
--------------
Threshold: 0,10
--------------
	A5: 212
	A3: 124
	A2: 117
	A4: 43
--------------
Threshold: 0,20
--------------
	A5: 212
	A3: 124
	A2: 117
	A4: 43
--------------
Threshold: 0,30
--------------
	A5: 203
	A3: 121
	A2: 114
	A4: 38
	A4 | A5: 8
--------------
Threshold: 0,40
--------------
	A2 | A3: 221
	A4 | A5: 199
	A5: 26
	A4: 12
	A1 | A5: 8
	A2: 7
	A3 | A5: 7
	A3: 6
--------------
Threshold: 0,50
--------------
	A2 | A3: 225
	A4 | A5: 205
	A5: 16
	A1 | A5: 14
	A4: 10
	A3 | A5: 6
--------------
Threshold: 0,60
--------------
	A2 | A3: 226
	A4 | A5: 199
	A1 | A4 | A5: 27
	A3 | A4 | A5: 10
	A1 | A5: 9
--------------
Threshold: 0,70
--------------
	A1 | A2 | A3: 174
	A1 | A4 | A5: 165
	A4 | A5: 61
	A2 | A3: 53
	A3 | A4 | A5: 13
--------------
Threshold: 0,80
--------------
	A1 | A2 | A3: 173
	A1 | A4 | A5: 163
	A3 | A4 | A5: 58
	A2 | A3 | A5: 44
	A2 | A3 | A4 | A5: 17
	A2 | A3 | A4: 16
	A2 | A4 | A5: 13
*********************************************************************************
All potential concepts based on thresholds
	A4 A5 ~#~ A2 A3 ~#~ A1 A5 ~#~ A3 A5 ~#~ A1 A4 A5 ~#~ A3 A4 A5 ~#~ A1 A2 A3 ~#~ A2 A3 A5 ~#~ A2 A3 A4 A5 ~#~ A2 A3 A4 ~#~ A2 A4 A5 ~#~ 
*********************************************************************************
We take only 500 instances out of 502 from the class 1.
We remove max(NOISE,minNoise) groups, NOISE=1.0% -> 5, minNoise=3 we remove groups of size 5. Number of instances from class (1) is 500 (fold 8).
Lower threshold thrL: 0.1 upper threshold thrU: 0.8 with step: 0.1
								--------------
									Fold  8
								--------------
--------------
Threshold: 0,10
--------------
	A5: 195
	A3: 147
	A2: 98
	A4: 54
	A1: 6
--------------
Threshold: 0,20
--------------
	A5: 195
	A3: 147
	A2: 98
	A4: 54
	A1: 6
--------------
Threshold: 0,30
--------------
	A5: 186
	A3: 138
	A2: 96
	A4: 49
	A4 | A5: 10
	A1: 6
--------------
Threshold: 0,40
--------------
	A2 | A3: 226
	A4 | A5: 205
	A5: 20
	A1 | A5: 11
	A4: 9
--------------
Threshold: 0,50
--------------
	A2 | A3: 228
	A4 | A5: 210
	A5: 14
	A1 | A5: 10
	A4: 9
--------------
Threshold: 0,60
--------------
	A2 | A3: 222
	A4 | A5: 188
	A1 | A4 | A5: 38
	A1 | A2 | A3: 8
	A2 | A4 | A5: 8
	A1 | A5: 7
	A2 | A3 | A4: 6
--------------
Threshold: 0,70
--------------
	A1 | A2 | A3: 174
	A1 | A4 | A5: 167
	A4 | A5: 58
	A2 | A3: 54
	A2 | A4 | A5: 14
	A3 | A4 | A5: 7
	A1 | A3 | A5: 6
	A2 | A3 | A4: 6
--------------
Threshold: 0,80
--------------
	A1 | A2 | A3: 175
	A1 | A4 | A5: 165
	A3 | A4 | A5: 55
	A2 | A3 | A5: 37
	A2 | A3 | A4: 20
	A2 | A4 | A5: 16
	A2 | A3 | A4 | A5: 14
	A1 | A2 | A3 | A5: 10
*********************************************************************************
All potential concepts based on thresholds
	A4 A5 ~#~ A2 A3 ~#~ A1 A5 ~#~ A1 A4 A5 ~#~ A1 A2 A3 ~#~ A2 A4 A5 ~#~ A2 A3 A4 ~#~ A3 A4 A5 ~#~ A1 A3 A5 ~#~ A2 A3 A5 ~#~ A2 A3 A4 A5 ~#~ A1 A2 A3 A5 ~#~ 
*********************************************************************************
We take only 500 instances out of 502 from the class 1.
We remove max(NOISE,minNoise) groups, NOISE=1.0% -> 5, minNoise=3 we remove groups of size 5. Number of instances from class (1) is 500 (fold 9).
Lower threshold thrL: 0.1 upper threshold thrU: 0.8 with step: 0.1
								--------------
									Fold  9
								--------------
--------------
Threshold: 0,10
--------------
	A3: 151
	A5: 136
	A4: 117
	A2: 91
--------------
Threshold: 0,20
--------------
	A3: 151
	A5: 136
	A4: 117
	A2: 91
--------------
Threshold: 0,30
--------------
	A3: 146
	A5: 130
	A4: 113
	A2: 89
	A4 | A5: 6
--------------
Threshold: 0,40
--------------
	A2 | A3: 221
	A4 | A5: 200
	A5: 24
	A4: 11
	A1 | A4: 11
	A3: 7
	A1 | A5: 6
--------------
Threshold: 0,50
--------------
	A2 | A3: 224
	A4 | A5: 211
	A5: 12
	A1 | A4: 12
	A1 | A5: 10
	A4: 9
--------------
Threshold: 0,60
--------------
	A2 | A3: 227
	A4 | A5: 203
	A1 | A4 | A5: 22
	A1 | A4: 9
	A1 | A5: 9
--------------
Threshold: 0,70
--------------
	A1 | A2 | A3: 171
	A1 | A4 | A5: 170
	A4 | A5: 59
	A2 | A3: 55
	A3 | A4 | A5: 12
	A2 | A4 | A5: 7
--------------
Threshold: 0,80
--------------
	A1 | A2 | A3: 175
	A1 | A4 | A5: 169
	A3 | A4 | A5: 66
	A2 | A3 | A4: 31
	A2 | A3 | A5: 22
	A2 | A3 | A4 | A5: 15
	A1 | A3 | A4 | A5: 7
*********************************************************************************
All potential concepts based on thresholds
	A4 A5 ~#~ A2 A3 ~#~ A1 A4 ~#~ A1 A5 ~#~ A1 A4 A5 ~#~ A1 A2 A3 ~#~ A3 A4 A5 ~#~ A2 A4 A5 ~#~ A2 A3 A4 ~#~ A2 A3 A5 ~#~ A2 A3 A4 A5 ~#~ A1 A3 A4 A5 ~#~ 
*********************************************************************************
We take only 500 instances out of 502 from the class 1.
We remove max(NOISE,minNoise) groups, NOISE=1.0% -> 5, minNoise=3 we remove groups of size 5. Number of instances from class (1) is 500 (fold 10).
Lower threshold thrL: 0.1 upper threshold thrU: 0.8 with step: 0.1
								--------------
									Fold 10
								--------------
--------------
Threshold: 0,10
--------------
	A5: 189
	A3: 132
	A2: 115
	A4: 59
--------------
Threshold: 0,20
--------------
	A5: 189
	A3: 132
	A2: 115
	A4: 59
--------------
Threshold: 0,30
--------------
	A5: 183
	A3: 126
	A2: 115
	A4: 55
	A3 | A5: 7
--------------
Threshold: 0,40
--------------
	A2 | A3: 216
	A4 | A5: 181
	A5: 41
	A2: 12
	A4: 11
	A3: 8
	A1 | A5: 8
	A3 | A5: 7
	A3 | A4: 6
--------------
Threshold: 0,50
--------------
	A2 | A3: 228
	A4 | A5: 200
	A5: 18
	A1 | A5: 12
	A4: 11
--------------
Threshold: 0,60
--------------
	A2 | A3: 225
	A4 | A5: 204
	A1 | A4 | A5: 16
	A1 | A5: 11
	A3 | A4 | A5: 9
--------------
Threshold: 0,70
--------------
	A1 | A2 | A3: 172
	A1 | A4 | A5: 163
	A4 | A5: 66
	A2 | A3: 56
	A3 | A4 | A5: 11
--------------
Threshold: 0,80
--------------
	A1 | A2 | A3: 172
	A1 | A4 | A5: 163
	A3 | A4 | A5: 49
	A2 | A3 | A5: 48
	A2 | A4 | A5: 26
	A2 | A3 | A4 | A5: 14
	A2 | A3 | A4: 12
*********************************************************************************
All potential concepts based on thresholds
	A3 A5 ~#~ A2 A3 ~#~ A4 A5 ~#~ A1 A5 ~#~ A3 A4 ~#~ A1 A4 A5 ~#~ A3 A4 A5 ~#~ A1 A2 A3 ~#~ A2 A3 A5 ~#~ A2 A4 A5 ~#~ A2 A3 A4 A5 ~#~ A2 A3 A4 ~#~ 
*********************************************************************************
