dataset: Monks2.arff
We remove max(NOISE,minNoise) groups, NOISE=1.0% -> 2, minNoise=3 we remove groups of size 3. Tree SHAP num of expl. inst. 127 (fold 1). Explaining class: 1).
Lower threshold thrL: 0.1 upper threshold thrU: 0.8 with step: 0.1
								--------------
									Fold  1
								--------------
--------------
Threshold: 0,10
--------------
	a1: 33
	a2: 33
	a6: 31
	a3: 21
	a4: 7
--------------
Threshold: 0,20
--------------
	a6: 31
	a2: 28
	a1: 22
	a3: 21
	a1 | a2: 10
	a4: 7
	a1 | a6: 6
--------------
Threshold: 0,30
--------------
	a2 | a6: 28
	a3 | a6: 18
	a2 | a4: 16
	a1 | a6: 15
	a1 | a2: 10
	a2: 8
	a1 | a4: 7
	a1 | a3: 6
	a2 | a3: 6
	a1 | a5: 4
--------------
Threshold: 0,40
--------------
	a2 | a6: 27
	a3 | a6: 18
	a1 | a3 | a6: 12
	a2 | a3 | a4: 11
	a1 | a2 | a4: 10
	a1 | a4: 9
	a2 | a3: 7
	a2 | a4: 7
	a1 | a3: 6
	a1 | a2 | a6: 6
	a1 | a2: 5
	a1 | a5: 4
--------------
Threshold: 0,50
--------------
	a2 | a3 | a6: 22
	a1 | a3 | a6: 18
	a1 | a2 | a6: 17
	a2 | a3 | a4: 16
	a1 | a2 | a4: 12
	a3 | a4 | a6: 6
	a3 | a5 | a6: 5
	a1 | a2: 5
	a1 | a4: 5
	a1 | a5: 4
	a2 | a4: 4
--------------
Threshold: 0,60
--------------
	a1 | a2 | a3 | a6: 29
	a2 | a3 | a6: 21
	a1 | a2 | a4 | a6: 12
	a1 | a3 | a6: 6
	a1 | a2 | a3: 6
	a1 | a2 | a3 | a4: 6
	a3 | a4 | a6: 6
	a2 | a3 | a4 | a6: 5
	a1 | a4 | a5: 5
	a2 | a3 | a5 | a6: 5
	a2 | a3 | a4: 5
	a3 | a5 | a6: 4
	a1 | a2 | a5: 4
	a2 | a4 | a5: 4
--------------
Threshold: 0,70
--------------
	a1 | a2 | a3 | a6: 48
	a2 | a3 | a4 | a6: 19
	a1 | a2 | a4 | a6: 14
	a2 | a3 | a5 | a6: 12
	a1 | a2 | a3 | a4: 6
	a1 | a2 | a3: 5
	a3 | a4 | a5 | a6: 4
	a1 | a2 | a5: 4
	a1 | a4 | a5: 4
	a2 | a4 | a5: 4
--------------
Threshold: 0,80
--------------
	a1 | a2 | a3 | a4 | a6: 64
	a1 | a2 | a3 | a5 | a6: 12
	a2 | a3 | a4 | a6: 8
	a2 | a3 | a4 | a5 | a6: 8
	a1 | a3 | a4 | a5: 5
	a1 | a2 | a3 | a4: 5
	a2 | a3 | a5 | a6: 5
	a2 | a4 | a5 | a6: 4
	a3 | a4 | a5 | a6: 4
	a1 | a2 | a5 | a6: 4
*********************************************************************************
All potential concepts based on thresholds
	a1 a2 ~#~ a1 a6 ~#~ a2 a6 ~#~ a3 a6 ~#~ a2 a4 ~#~ a1 a4 ~#~ a1 a3 ~#~ a2 a3 ~#~ a1 a5 ~#~ a1 a3 a6 ~#~ a2 a3 a4 ~#~ a1 a2 a4 ~#~ a1 a2 a6 ~#~ a2 a3 a6 ~#~ a3 a4 a6 ~#~ a3 a5 a6 ~#~ a1 a2 a3 a6 ~#~ a1 a2 a4 a6 ~#~ a1 a2 a3 ~#~ a1 a2 a3 a4 ~#~ a2 a3 a4 a6 ~#~ a1 a4 a5 ~#~ a2 a3 a5 a6 ~#~ a1 a2 a5 ~#~ a2 a4 a5 ~#~ a3 a4 a5 a6 ~#~ a1 a2 a3 a4 a6 ~#~ a1 a2 a3 a5 a6 ~#~ a2 a3 a4 a5 a6 ~#~ a1 a3 a4 a5 ~#~ a2 a4 a5 a6 ~#~ a1 a2 a5 a6 ~#~ 
*********************************************************************************
We remove max(NOISE,minNoise) groups, NOISE=1.0% -> 2, minNoise=3 we remove groups of size 3. Tree SHAP num of expl. inst. 127 (fold 2). Explaining class: 1).
Lower threshold thrL: 0.1 upper threshold thrU: 0.8 with step: 0.1
								--------------
									Fold  2
								--------------
--------------
Threshold: 0,10
--------------
	a6: 49
	a3: 38
	a1: 15
	a2: 10
	a5: 8
	a4: 7
--------------
Threshold: 0,20
--------------
	a6: 49
	a3: 38
	a1: 15
	a2: 10
	a5: 8
	a4: 7
--------------
Threshold: 0,30
--------------
	a6: 31
	a4 | a6: 15
	a1 | a2: 14
	a2 | a4: 13
	a3: 12
	a3 | a4: 12
	a3 | a5: 6
	a5: 5
	a1 | a6: 5
	a1 | a3: 4
	a3 | a6: 4
--------------
Threshold: 0,40
--------------
	a4 | a6: 18
	a1 | a6: 16
	a1 | a2: 14
	a3 | a4: 12
	a2 | a4: 12
	a3 | a6: 11
	a2 | a3: 8
	a5 | a6: 7
	a1 | a3: 6
	a3 | a5: 6
	a1 | a5: 4
	a2 | a5: 4
--------------
Threshold: 0,50
--------------
	a1 | a2 | a4: 22
	a1 | a4 | a6: 15
	a1 | a6: 11
	a2 | a3 | a4: 10
	a1 | a3 | a6: 8
	a2 | a4 | a6: 8
	a2 | a3: 8
	a3 | a6: 7
	a5 | a6: 7
	a3 | a5 | a6: 6
	a1 | a5: 4
	a1 | a2 | a3: 4
--------------
Threshold: 0,60
--------------
	a1 | a3 | a6: 16
	a1 | a4 | a6: 15
	a1 | a2 | a4: 11
	a2 | a3 | a4: 10
	a2 | a3 | a6: 9
	a3 | a5 | a6: 8
	a2 | a4 | a6: 8
	a1 | a2 | a4 | a6: 7
	a1 | a2 | a6: 7
	a2 | a5 | a6: 6
	a1 | a2 | a3: 5
	a2 | a3: 5
	a1 | a2 | a4 | a5: 4
	a1 | a5 | a6: 4
--------------
Threshold: 0,70
--------------
	a1 | a2 | a4 | a6: 32
	a1 | a2 | a3 | a6: 18
	a1 | a2 | a3 | a4: 11
	a2 | a3 | a4 | a6: 10
	a1 | a3 | a4 | a6: 9
	a2 | a3 | a5 | a6: 9
	a2 | a3 | a6: 7
	a2 | a5 | a6: 5
	a1 | a2 | a4 | a5: 4
	a1 | a5 | a6: 4
--------------
Threshold: 0,80
--------------
	a1 | a2 | a3 | a4 | a6: 36
	a1 | a2 | a3 | a6: 17
	a1 | a2 | a4 | a5 | a6: 14
	a2 | a3 | a5 | a6: 9
	a2 | a3 | a4 | a6: 8
	a2 | a3 | a4 | a5 | a6: 8
	a1 | a3 | a4 | a6: 7
	a1 | a2 | a4 | a6: 6
*********************************************************************************
All potential concepts based on thresholds
	a4 a6 ~#~ a1 a2 ~#~ a2 a4 ~#~ a3 a4 ~#~ a3 a5 ~#~ a1 a6 ~#~ a1 a3 ~#~ a3 a6 ~#~ a2 a3 ~#~ a5 a6 ~#~ a1 a5 ~#~ a2 a5 ~#~ a1 a2 a4 ~#~ a1 a4 a6 ~#~ a2 a3 a4 ~#~ a1 a3 a6 ~#~ a2 a4 a6 ~#~ a3 a5 a6 ~#~ a1 a2 a3 ~#~ a2 a3 a6 ~#~ a1 a2 a4 a6 ~#~ a1 a2 a6 ~#~ a2 a5 a6 ~#~ a1 a2 a4 a5 ~#~ a1 a5 a6 ~#~ a1 a2 a3 a6 ~#~ a1 a2 a3 a4 ~#~ a2 a3 a4 a6 ~#~ a1 a3 a4 a6 ~#~ a2 a3 a5 a6 ~#~ a1 a2 a3 a4 a6 ~#~ a1 a2 a4 a5 a6 ~#~ a2 a3 a4 a5 a6 ~#~ 
*********************************************************************************
We remove max(NOISE,minNoise) groups, NOISE=1.0% -> 2, minNoise=3 we remove groups of size 3. Tree SHAP num of expl. inst. 128 (fold 3). Explaining class: 1).
Lower threshold thrL: 0.1 upper threshold thrU: 0.8 with step: 0.1
								--------------
									Fold  3
								--------------
--------------
Threshold: 0,10
--------------
	a3: 42
	a4: 34
	a2: 29
	a1: 13
	a6: 10
--------------
Threshold: 0,20
--------------
	a3: 42
	a4: 34
	a2: 29
	a1: 13
	a6: 10
--------------
Threshold: 0,30
--------------
	a1 | a3: 19
	a3 | a4: 18
	a1 | a2: 15
	a2 | a4: 15
	a1 | a6: 13
	a2 | a6: 11
	a2 | a3: 10
	a3 | a6: 8
	a4: 6
	a4 | a6: 6
	a1: 4
--------------
Threshold: 0,40
--------------
	a3 | a4: 22
	a1 | a3: 19
	a2 | a4: 17
	a1 | a6: 13
	a1 | a2 | a6: 12
	a2 | a6: 11
	a2 | a3: 10
	a3 | a6: 8
	a4 | a6: 6
	a1 | a2: 4
--------------
Threshold: 0,50
--------------
	a1 | a2 | a6: 35
	a1 | a2 | a4: 15
	a3 | a4 | a6: 14
	a2 | a3 | a4: 9
	a1 | a3 | a4: 8
	a1 | a3: 8
	a1 | a3 | a6: 7
	a1 | a2: 6
	a1 | a4 | a6: 6
	a2 | a3 | a5: 4
--------------
Threshold: 0,60
--------------
	a1 | a2 | a6: 26
	a1 | a3 | a4: 14
	a1 | a2 | a3 | a4: 11
	a2 | a3 | a4: 9
	a1 | a2 | a3: 8
	a1 | a2 | a3 | a6: 8
	a1 | a2 | a4: 8
	a3 | a4 | a6: 8
	a1 | a3 | a6: 7
	a1 | a3 | a4 | a6: 6
	a1 | a4 | a6: 6
	a2 | a3 | a6: 5
	a1 | a2 | a4 | a6: 4
	a2 | a3 | a5: 4
--------------
Threshold: 0,70
--------------
	a1 | a2 | a3 | a4: 26
	a1 | a2 | a4 | a6: 25
	a1 | a3 | a4 | a6: 23
	a1 | a2 | a3 | a6: 15
	a1 | a2 | a5 | a6: 9
	a1 | a2 | a3 | a5: 5
	a2 | a3 | a4 | a6: 4
	a2 | a3 | a4 | a5: 4
	a1 | a2 | a4: 4
	a1 | a3 | a5 | a6: 4
--------------
Threshold: 0,80
--------------
	a1 | a2 | a3 | a4 | a6: 54
	a1 | a3 | a4 | a6: 11
	a1 | a2 | a3 | a4: 10
	a1 | a2 | a4 | a5 | a6: 8
	a1 | a2 | a3 | a6: 7
	a1 | a2 | a4 | a6: 6
	a1 | a3 | a4 | a5 | a6: 6
	a2 | a3 | a4 | a6: 6
	a1 | a2 | a5 | a6: 5
	a1 | a2 | a3 | a4 | a5: 4
*********************************************************************************
All potential concepts based on thresholds
	a1 a3 ~#~ a3 a4 ~#~ a1 a2 ~#~ a2 a4 ~#~ a1 a6 ~#~ a2 a6 ~#~ a2 a3 ~#~ a3 a6 ~#~ a4 a6 ~#~ a1 a2 a6 ~#~ a1 a2 a4 ~#~ a3 a4 a6 ~#~ a2 a3 a4 ~#~ a1 a3 a4 ~#~ a1 a3 a6 ~#~ a1 a4 a6 ~#~ a2 a3 a5 ~#~ a1 a2 a3 a4 ~#~ a1 a2 a3 ~#~ a1 a2 a3 a6 ~#~ a1 a3 a4 a6 ~#~ a2 a3 a6 ~#~ a1 a2 a4 a6 ~#~ a1 a2 a5 a6 ~#~ a1 a2 a3 a5 ~#~ a2 a3 a4 a6 ~#~ a2 a3 a4 a5 ~#~ a1 a3 a5 a6 ~#~ a1 a2 a3 a4 a6 ~#~ a1 a2 a4 a5 a6 ~#~ a1 a3 a4 a5 a6 ~#~ a1 a2 a3 a4 a5 ~#~ 
*********************************************************************************
We remove max(NOISE,minNoise) groups, NOISE=1.0% -> 2, minNoise=3 we remove groups of size 3. Tree SHAP num of expl. inst. 128 (fold 4). Explaining class: 1).
Lower threshold thrL: 0.1 upper threshold thrU: 0.8 with step: 0.1
								--------------
									Fold  4
								--------------
--------------
Threshold: 0,10
--------------
	a3: 58
	a6: 36
	a4: 14
	a1: 13
	a2: 7
--------------
Threshold: 0,20
--------------
	a3: 54
	a6: 32
	a1: 13
	a1 | a4: 8
	a2: 7
	a4: 6
	a1 | a3: 4
	a4 | a6: 4
--------------
Threshold: 0,30
--------------
	a1 | a3: 29
	a1 | a4: 24
	a4 | a6: 13
	a1 | a6: 12
	a2 | a3: 11
	a3: 10
	a3 | a5: 8
	a6: 7
	a3 | a6: 6
	a2: 4
--------------
Threshold: 0,40
--------------
	a1 | a3: 30
	a1 | a6: 16
	a2 | a3: 16
	a1 | a2 | a4: 15
	a4 | a6: 12
	a1 | a4: 11
	a1 | a3 | a4: 4
	a1 | a3 | a5: 4
	a1 | a2: 4
	a1 | a4 | a6: 4
	a3 | a5: 4
	a3 | a4 | a6: 4
--------------
Threshold: 0,50
--------------
	a1 | a2 | a3: 23
	a1 | a2 | a4: 21
	a1 | a4 | a6: 17
	a1 | a3 | a5: 8
	a1 | a3 | a4: 6
	a1 | a6: 6
	a1 | a2 | a6: 6
	a2 | a3: 6
	a1 | a3 | a6: 5
	a1 | a3: 5
	a1 | a2: 4
	a3 | a4 | a5: 4
	a3 | a4 | a6: 4
--------------
Threshold: 0,60
--------------
	a1 | a2 | a3: 29
	a1 | a4 | a6: 16
	a1 | a2 | a3 | a4: 15
	a1 | a3 | a4 | a6: 14
	a1 | a2 | a6: 12
	a1 | a2 | a4: 6
	a1 | a3 | a4: 4
	a1 | a3 | a5: 4
	a1 | a2 | a5: 4
	a1 | a3 | a5 | a6: 4
	a3 | a4 | a5: 4
--------------
Threshold: 0,70
--------------
	a1 | a2 | a3 | a4: 46
	a1 | a3 | a4 | a6: 14
	a1 | a2 | a4 | a6: 13
	a1 | a2 | a3 | a6: 9
	a1 | a2 | a5 | a6: 8
	a1 | a3 | a5 | a6: 8
	a1 | a4 | a5 | a6: 7
	a1 | a2 | a4 | a5: 4
	a3 | a4 | a5 | a6: 4
--------------
Threshold: 0,80
--------------
	a1 | a2 | a3 | a4 | a5: 30
	a1 | a2 | a3 | a4 | a6: 25
	a1 | a3 | a4 | a5 | a6: 16
	a1 | a2 | a3 | a4: 15
	a1 | a2 | a4 | a6: 9
	a1 | a2 | a3 | a5 | a6: 8
	a1 | a2 | a4 | a5 | a6: 7
	a1 | a2 | a3 | a6: 7
	a1 | a2 | a4 | a5: 4
	a1 | a2 | a5 | a6: 4
*********************************************************************************
All potential concepts based on thresholds
	a1 a4 ~#~ a1 a3 ~#~ a4 a6 ~#~ a1 a6 ~#~ a2 a3 ~#~ a3 a5 ~#~ a3 a6 ~#~ a1 a2 a4 ~#~ a1 a3 a4 ~#~ a1 a3 a5 ~#~ a1 a2 ~#~ a1 a4 a6 ~#~ a3 a4 a6 ~#~ a1 a2 a3 ~#~ a1 a2 a6 ~#~ a1 a3 a6 ~#~ a3 a4 a5 ~#~ a1 a2 a3 a4 ~#~ a1 a3 a4 a6 ~#~ a1 a2 a5 ~#~ a1 a3 a5 a6 ~#~ a1 a2 a4 a6 ~#~ a1 a2 a3 a6 ~#~ a1 a2 a5 a6 ~#~ a1 a4 a5 a6 ~#~ a1 a2 a4 a5 ~#~ a3 a4 a5 a6 ~#~ a1 a2 a3 a4 a5 ~#~ a1 a2 a3 a4 a6 ~#~ a1 a3 a4 a5 a6 ~#~ a1 a2 a3 a5 a6 ~#~ a1 a2 a4 a5 a6 ~#~ 
*********************************************************************************
We remove max(NOISE,minNoise) groups, NOISE=1.0% -> 2, minNoise=3 we remove groups of size 3. Tree SHAP num of expl. inst. 128 (fold 5). Explaining class: 1).
Lower threshold thrL: 0.1 upper threshold thrU: 0.8 with step: 0.1
								--------------
									Fold  5
								--------------
--------------
Threshold: 0,10
--------------
	a6: 41
	a3: 32
	a4: 24
	a2: 11
	a1: 10
	a5: 10
--------------
Threshold: 0,20
--------------
	a6: 41
	a3: 32
	a4: 16
	a2: 11
	a5: 10
	a1: 8
	a4 | a6: 8
--------------
Threshold: 0,30
--------------
	a4 | a6: 21
	a3 | a6: 16
	a1 | a4: 13
	a1 | a6: 12
	a5 | a6: 11
	a3 | a4: 10
	a6: 9
	a2 | a6: 9
	a1 | a3: 7
	a3 | a5: 7
	a1: 4
--------------
Threshold: 0,40
--------------
	a1 | a4: 13
	a1 | a6: 13
	a3 | a4: 13
	a5 | a6: 13
	a3 | a6: 12
	a2 | a6: 11
	a2 | a4 | a6: 8
	a1 | a4 | a6: 7
	a3 | a5: 7
	a4 | a6: 6
	a1 | a3 | a6: 4
	a2 | a3 | a6: 4
	a1 | a5: 4
--------------
Threshold: 0,50
--------------
	a2 | a3 | a6: 21
	a3 | a4 | a6: 17
	a1 | a3 | a6: 15
	a4 | a5 | a6: 11
	a1 | a4 | a6: 11
	a1 | a2 | a4: 9
	a2 | a4 | a6: 8
	a3 | a4 | a5: 7
	a1 | a5: 4
	a1 | a5 | a6: 4
--------------
Threshold: 0,60
--------------
	a1 | a2 | a4 | a6: 17
	a2 | a3 | a6: 14
	a1 | a3 | a6: 11
	a4 | a5 | a6: 11
	a1 | a3 | a4 | a6: 8
	a2 | a3 | a5 | a6: 8
	a3 | a4 | a5 | a6: 7
	a1 | a2 | a4: 7
	a3 | a4 | a5: 7
	a1 | a3 | a4: 6
	a2 | a4 | a5: 6
	a3 | a4 | a6: 6
	a1 | a3 | a5: 4
	a1 | a4 | a6: 4
	a1 | a2 | a5 | a6: 4
--------------
Threshold: 0,70
--------------
	a1 | a3 | a4 | a6: 27
	a1 | a2 | a4 | a6: 17
	a3 | a4 | a5 | a6: 14
	a2 | a3 | a4 | a6: 14
	a1 | a2 | a3 | a4: 13
	a2 | a4 | a5 | a6: 10
	a2 | a3 | a5 | a6: 8
	a1 | a3 | a4 | a5: 7
	a1 | a3 | a5: 4
	a1 | a2 | a5 | a6: 4
--------------
Threshold: 0,80
--------------
	a1 | a2 | a3 | a4 | a6: 50
	a1 | a3 | a4 | a5 | a6: 28
	a2 | a3 | a4 | a5 | a6: 14
	a1 | a2 | a4 | a5 | a6: 8
	a2 | a4 | a5 | a6: 7
	a1 | a2 | a3 | a5 | a6: 6
	a1 | a3 | a4 | a6: 5
	a1 | a2 | a3 | a5: 4
*********************************************************************************
All potential concepts based on thresholds
	a4 a6 ~#~ a3 a6 ~#~ a1 a4 ~#~ a1 a6 ~#~ a5 a6 ~#~ a3 a4 ~#~ a2 a6 ~#~ a1 a3 ~#~ a3 a5 ~#~ a2 a4 a6 ~#~ a1 a4 a6 ~#~ a1 a3 a6 ~#~ a2 a3 a6 ~#~ a1 a5 ~#~ a3 a4 a6 ~#~ a4 a5 a6 ~#~ a1 a2 a4 ~#~ a3 a4 a5 ~#~ a1 a5 a6 ~#~ a1 a2 a4 a6 ~#~ a1 a3 a4 a6 ~#~ a2 a3 a5 a6 ~#~ a3 a4 a5 a6 ~#~ a1 a3 a4 ~#~ a2 a4 a5 ~#~ a1 a3 a5 ~#~ a1 a2 a5 a6 ~#~ a2 a3 a4 a6 ~#~ a1 a2 a3 a4 ~#~ a2 a4 a5 a6 ~#~ a1 a3 a4 a5 ~#~ a1 a2 a3 a4 a6 ~#~ a1 a3 a4 a5 a6 ~#~ a2 a3 a4 a5 a6 ~#~ a1 a2 a4 a5 a6 ~#~ a1 a2 a3 a5 a6 ~#~ a1 a2 a3 a5 ~#~ 
*********************************************************************************
We remove max(NOISE,minNoise) groups, NOISE=1.0% -> 2, minNoise=3 we remove groups of size 3. Tree SHAP num of expl. inst. 128 (fold 6). Explaining class: 1).
Lower threshold thrL: 0.1 upper threshold thrU: 0.8 with step: 0.1
								--------------
									Fold  6
								--------------
--------------
Threshold: 0,10
--------------
	a3: 42
	a6: 41
	a4: 18
	a1: 10
	a5: 10
	a2: 7
--------------
Threshold: 0,20
--------------
	a3: 42
	a6: 41
	a4: 18
	a1: 10
	a5: 10
	a2: 7
--------------
Threshold: 0,30
--------------
	a3 | a6: 32
	a6: 15
	a1 | a4: 14
	a5 | a6: 11
	a4 | a6: 8
	a3: 7
	a1 | a2: 7
	a2: 5
	a3 | a4: 5
	a2 | a6: 5
	a2 | a3: 4
	a2 | a5: 4
--------------
Threshold: 0,40
--------------
	a3 | a6: 35
	a1 | a4: 16
	a5 | a6: 13
	a1 | a2: 11
	a4 | a6: 11
	a1 | a6: 6
	a2 | a5: 6
	a2 | a3: 5
	a2 | a6: 5
--------------
Threshold: 0,50
--------------
	a1 | a2 | a4: 17
	a3 | a4 | a6: 14
	a1 | a3 | a6: 12
	a3 | a5 | a6: 10
	a2 | a3 | a6: 9
	a2 | a5 | a6: 6
	a1 | a6: 6
	a3 | a6: 6
	a5 | a6: 6
	a4 | a6: 6
	a2 | a4 | a6: 5
	a4 | a5 | a6: 4
	a1 | a2: 4
	a1 | a4 | a5: 4
--------------
Threshold: 0,60
--------------
	a3 | a4 | a6: 16
	a1 | a2 | a4: 15
	a1 | a3 | a6: 14
	a2 | a4 | a6: 10
	a2 | a3 | a6: 8
	a3 | a5 | a6: 8
	a4 | a5 | a6: 6
	a1 | a2 | a6: 6
	a1 | a2 | a4 | a5: 5
	a1 | a3 | a4 | a6: 4
	a1 | a5 | a6: 4
--------------
Threshold: 0,70
--------------
	a1 | a2 | a4 | a6: 18
	a2 | a3 | a4 | a6: 15
	a1 | a3 | a4 | a6: 13
	a1 | a2 | a3 | a6: 12
	a1 | a3 | a5 | a6: 9
	a3 | a4 | a5 | a6: 8
	a1 | a2 | a6: 8
	a2 | a4 | a5 | a6: 7
	a1 | a2 | a4 | a5: 7
	a1 | a4 | a5 | a6: 6
	a1 | a3 | a6: 4
	a1 | a2 | a5: 4
	a2 | a4 | a6: 4
	a2 | a3 | a5 | a6: 4
--------------
Threshold: 0,80
--------------
	a1 | a2 | a4 | a5 | a6: 17
	a1 | a2 | a4 | a6: 16
	a2 | a3 | a4 | a5 | a6: 13
	a1 | a3 | a4 | a5 | a6: 11
	a1 | a2 | a3 | a6: 10
	a1 | a2 | a3 | a4 | a6: 10
	a1 | a3 | a4 | a6: 9
	a2 | a3 | a4 | a6: 8
	a1 | a2 | a5 | a6: 5
	a2 | a4 | a5 | a6: 4
	a3 | a4 | a5 | a6: 4
	a1 | a4 | a5 | a6: 4
*********************************************************************************
All potential concepts based on thresholds
	a3 a6 ~#~ a1 a4 ~#~ a5 a6 ~#~ a4 a6 ~#~ a1 a2 ~#~ a3 a4 ~#~ a2 a6 ~#~ a2 a3 ~#~ a2 a5 ~#~ a1 a6 ~#~ a1 a2 a4 ~#~ a3 a4 a6 ~#~ a1 a3 a6 ~#~ a3 a5 a6 ~#~ a2 a3 a6 ~#~ a2 a5 a6 ~#~ a2 a4 a6 ~#~ a4 a5 a6 ~#~ a1 a4 a5 ~#~ a1 a2 a6 ~#~ a1 a2 a4 a5 ~#~ a1 a3 a4 a6 ~#~ a1 a5 a6 ~#~ a1 a2 a4 a6 ~#~ a2 a3 a4 a6 ~#~ a1 a2 a3 a6 ~#~ a1 a3 a5 a6 ~#~ a3 a4 a5 a6 ~#~ a2 a4 a5 a6 ~#~ a1 a4 a5 a6 ~#~ a1 a2 a5 ~#~ a2 a3 a5 a6 ~#~ a1 a2 a4 a5 a6 ~#~ a2 a3 a4 a5 a6 ~#~ a1 a3 a4 a5 a6 ~#~ a1 a2 a3 a4 a6 ~#~ a1 a2 a5 a6 ~#~ 
*********************************************************************************
We remove max(NOISE,minNoise) groups, NOISE=1.0% -> 2, minNoise=3 we remove groups of size 3. Tree SHAP num of expl. inst. 128 (fold 7). Explaining class: 1).
Lower threshold thrL: 0.1 upper threshold thrU: 0.8 with step: 0.1
								--------------
									Fold  7
								--------------
--------------
Threshold: 0,10
--------------
	a3: 52
	a4: 27
	a6: 22
	a2: 13
	a5: 10
	a1: 4
--------------
Threshold: 0,20
--------------
	a3: 50
	a4: 26
	a6: 22
	a5: 10
	a1 | a2: 7
	a1: 4
	a2 | a6: 4
--------------
Threshold: 0,30
--------------
	a3 | a4: 23
	a4 | a6: 19
	a1 | a3: 12
	a3 | a6: 10
	a2 | a4: 9
	a3: 7
	a1 | a2: 7
	a2 | a6: 7
	a4 | a5: 7
	a3 | a5: 6
	a5 | a6: 6
	a2 | a3: 5
	a1 | a4: 4
--------------
Threshold: 0,40
--------------
	a3 | a4: 28
	a4 | a6: 15
	a1 | a3: 12
	a1 | a2 | a4: 9
	a2 | a3: 9
	a3 | a6: 8
	a4 | a5: 7
	a3 | a5: 6
	a5 | a6: 6
	a2 | a4 | a6: 6
	a1 | a2 | a6: 6
	a1 | a4: 4
--------------
Threshold: 0,50
--------------
	a2 | a4 | a6: 18
	a1 | a3 | a4: 16
	a1 | a2 | a4: 12
	a2 | a3 | a4: 11
	a3 | a5 | a6: 10
	a1 | a3 | a6: 9
	a3 | a4: 9
	a1 | a2 | a6: 9
	a3 | a4 | a5: 5
	a4 | a5 | a6: 4
	a2 | a3 | a5: 4
--------------
Threshold: 0,60
--------------
	a2 | a3 | a4: 18
	a1 | a2 | a4 | a6: 14
	a1 | a3 | a4: 14
	a1 | a2 | a3 | a4: 14
	a1 | a3 | a6: 9
	a3 | a5 | a6: 8
	a2 | a3 | a5: 7
	a1 | a3 | a4 | a6: 6
	a2 | a3 | a4 | a6: 6
	a1 | a2 | a6: 6
	a3 | a4 | a5: 5
	a4 | a5 | a6: 4
	a1 | a2 | a3: 4
	a2 | a4 | a6: 4
--------------
Threshold: 0,70
--------------
	a1 | a2 | a3 | a4: 35
	a1 | a2 | a4 | a6: 21
	a1 | a3 | a4 | a6: 14
	a2 | a3 | a4 | a5: 10
	a1 | a3 | a5 | a6: 9
	a2 | a3 | a4 | a6: 7
	a2 | a3 | a5 | a6: 5
	a1 | a2 | a3 | a5: 4
--------------
Threshold: 0,80
--------------
	a1 | a2 | a3 | a4 | a6: 42
	a1 | a2 | a3 | a4 | a5: 16
	a1 | a2 | a3 | a4: 14
	a2 | a3 | a4 | a5: 10
	a1 | a2 | a3 | a5 | a6: 9
	a1 | a2 | a4 | a5 | a6: 8
	a1 | a3 | a4 | a5 | a6: 6
	a1 | a2 | a4 | a6: 5
	a2 | a3 | a5 | a6: 5
	a1 | a2 | a3 | a6: 4
*********************************************************************************
All potential concepts based on thresholds
	a1 a2 ~#~ a2 a6 ~#~ a3 a4 ~#~ a4 a6 ~#~ a1 a3 ~#~ a3 a6 ~#~ a2 a4 ~#~ a4 a5 ~#~ a3 a5 ~#~ a5 a6 ~#~ a2 a3 ~#~ a1 a4 ~#~ a1 a2 a4 ~#~ a2 a4 a6 ~#~ a1 a2 a6 ~#~ a1 a3 a4 ~#~ a2 a3 a4 ~#~ a3 a5 a6 ~#~ a1 a3 a6 ~#~ a3 a4 a5 ~#~ a4 a5 a6 ~#~ a2 a3 a5 ~#~ a1 a2 a4 a6 ~#~ a1 a2 a3 a4 ~#~ a1 a3 a4 a6 ~#~ a2 a3 a4 a6 ~#~ a1 a2 a3 ~#~ a2 a3 a4 a5 ~#~ a1 a3 a5 a6 ~#~ a2 a3 a5 a6 ~#~ a1 a2 a3 a5 ~#~ a1 a2 a3 a4 a6 ~#~ a1 a2 a3 a4 a5 ~#~ a1 a2 a3 a5 a6 ~#~ a1 a2 a4 a5 a6 ~#~ a1 a3 a4 a5 a6 ~#~ a1 a2 a3 a6 ~#~ 
*********************************************************************************
We remove max(NOISE,minNoise) groups, NOISE=1.0% -> 2, minNoise=3 we remove groups of size 3. Tree SHAP num of expl. inst. 128 (fold 8). Explaining class: 1).
Lower threshold thrL: 0.1 upper threshold thrU: 0.8 with step: 0.1
								--------------
									Fold  8
								--------------
--------------
Threshold: 0,10
--------------
	a6: 50
	a3: 38
	a1: 19
	a4: 17
	a2: 4
--------------
Threshold: 0,20
--------------
	a6: 50
	a3: 38
	a1: 19
	a4: 17
	a2: 4
--------------
Threshold: 0,30
--------------
	a6: 33
	a3 | a4: 23
	a1 | a4: 22
	a4 | a6: 14
	a1 | a6: 13
	a2 | a3: 7
	a1 | a3: 6
	a4: 4
	a2 | a5: 4
--------------
Threshold: 0,40
--------------
	a4 | a6: 38
	a1 | a4: 22
	a3 | a4: 21
	a1 | a6: 16
	a1 | a3: 6
	a6: 5
	a3 | a6: 5
	a3 | a4 | a6: 4
	a2 | a5: 4
	a2 | a3 | a4: 4
--------------
Threshold: 0,50
--------------
	a1 | a2 | a4: 22
	a1 | a4 | a6: 21
	a1 | a3 | a4: 17
	a3 | a4 | a6: 12
	a1 | a6: 11
	a2 | a4 | a6: 8
	a4 | a6: 7
	a1 | a3: 6
	a3 | a6: 5
	a2 | a5 | a6: 4
	a3 | a4 | a5: 4
	a2 | a3 | a4: 4
--------------
Threshold: 0,60
--------------
	a1 | a4 | a6: 32
	a1 | a3 | a4: 20
	a1 | a2 | a4 | a6: 14
	a3 | a4 | a6: 13
	a1 | a2 | a4 | a5: 8
	a2 | a4 | a6: 8
	a2 | a3 | a4 | a6: 7
	a1 | a2 | a6: 5
	a2 | a5 | a6: 4
	a1 | a3 | a4 | a6: 4
	a3 | a4 | a5: 4
--------------
Threshold: 0,70
--------------
	a1 | a2 | a4 | a6: 32
	a2 | a3 | a4 | a6: 23
	a1 | a3 | a4 | a6: 12
	a1 | a3 | a4 | a5: 9
	a1 | a2 | a4 | a5: 8
	a1 | a2 | a3 | a4: 8
	a1 | a3 | a4: 6
	a1 | a4 | a6: 6
	a1 | a2 | a6: 5
	a2 | a3 | a4 | a5: 4
	a2 | a3 | a5 | a6: 4
--------------
Threshold: 0,80
--------------
	a1 | a2 | a4 | a5 | a6: 26
	a1 | a2 | a3 | a4 | a6: 23
	a2 | a3 | a4 | a5 | a6: 16
	a1 | a2 | a4 | a6: 14
	a1 | a4 | a5 | a6: 10
	a1 | a2 | a3 | a4 | a5: 9
	a1 | a3 | a4 | a6: 6
	a1 | a2 | a3 | a4: 6
	a3 | a4 | a5 | a6: 5
	a1 | a2 | a5 | a6: 5
	a1 | a2 | a3 | a5 | a6: 4
	a1 | a3 | a4 | a5 | a6: 4
*********************************************************************************
All potential concepts based on thresholds
	a3 a4 ~#~ a1 a4 ~#~ a4 a6 ~#~ a1 a6 ~#~ a2 a3 ~#~ a1 a3 ~#~ a2 a5 ~#~ a3 a6 ~#~ a3 a4 a6 ~#~ a2 a3 a4 ~#~ a1 a2 a4 ~#~ a1 a4 a6 ~#~ a1 a3 a4 ~#~ a2 a4 a6 ~#~ a2 a5 a6 ~#~ a3 a4 a5 ~#~ a1 a2 a4 a6 ~#~ a1 a2 a4 a5 ~#~ a2 a3 a4 a6 ~#~ a1 a2 a6 ~#~ a1 a3 a4 a6 ~#~ a1 a3 a4 a5 ~#~ a1 a2 a3 a4 ~#~ a2 a3 a4 a5 ~#~ a2 a3 a5 a6 ~#~ a1 a2 a4 a5 a6 ~#~ a1 a2 a3 a4 a6 ~#~ a2 a3 a4 a5 a6 ~#~ a1 a4 a5 a6 ~#~ a1 a2 a3 a4 a5 ~#~ a3 a4 a5 a6 ~#~ a1 a2 a5 a6 ~#~ a1 a2 a3 a5 a6 ~#~ a1 a3 a4 a5 a6 ~#~ 
*********************************************************************************
We remove max(NOISE,minNoise) groups, NOISE=1.0% -> 2, minNoise=3 we remove groups of size 3. Tree SHAP num of expl. inst. 128 (fold 9). Explaining class: 1).
Lower threshold thrL: 0.1 upper threshold thrU: 0.8 with step: 0.1
								--------------
									Fold  9
								--------------
--------------
Threshold: 0,10
--------------
	a6: 52
	a3: 45
	a2: 15
	a4: 13
--------------
Threshold: 0,20
--------------
	a6: 52
	a3: 45
	a2: 14
	a4: 13
--------------
Threshold: 0,30
--------------
	a3: 28
	a6: 17
	a2 | a4: 17
	a2 | a6: 17
	a4 | a6: 10
	a3 | a6: 7
	a5 | a6: 7
	a3 | a4: 6
	a2 | a3: 6
	a3 | a5: 5
	a1 | a2: 4
--------------
Threshold: 0,40
--------------
	a2 | a6: 20
	a4 | a6: 18
	a3 | a4: 17
	a3 | a6: 13
	a2 | a4: 12
	a5 | a6: 10
	a2 | a3: 9
	a3: 8
	a3 | a5: 6
	a1 | a2 | a4: 5
	a1 | a2: 4
	a1 | a3: 4
--------------
Threshold: 0,50
--------------
	a1 | a2 | a4: 17
	a2 | a6: 12
	a3 | a4 | a6: 11
	a3 | a4: 10
	a3 | a6: 9
	a4 | a6: 9
	a2 | a3: 7
	a4 | a5 | a6: 6
	a3 | a5: 6
	a2 | a3 | a4: 6
	a2 | a5 | a6: 5
	a1 | a3: 5
	a5 | a6: 5
	a1 | a2 | a3: 4
--------------
Threshold: 0,60
--------------
	a3 | a4 | a6: 13
	a1 | a2 | a3 | a4: 11
	a2 | a4 | a6: 8
	a2 | a3 | a6: 7
	a1 | a4 | a6: 7
	a1 | a2 | a4: 7
	a1 | a3 | a6: 6
	a3 | a5 | a6: 6
	a4 | a5 | a6: 6
	a1 | a2 | a3: 6
	a2 | a3 | a4: 6
	a2 | a5 | a6: 5
	a3 | a4 | a5: 5
	a2 | a3 | a5: 5
	a1 | a2 | a4 | a5: 4
	a5 | a6: 4
--------------
Threshold: 0,70
--------------
	a1 | a2 | a3 | a4: 19
	a3 | a4 | a5 | a6: 14
	a1 | a3 | a4 | a6: 8
	a2 | a3 | a4 | a5: 8
	a1 | a2 | a4 | a6: 6
	a2 | a4 | a5 | a6: 6
	a1 | a3 | a5: 6
	a1 | a2 | a4 | a5: 4
	a1 | a3 | a6: 4
	a1 | a2 | a3 | a6: 4
	a2 | a4 | a6: 4
	a2 | a3 | a5 | a6: 4
	a2 | a3 | a4: 4
--------------
Threshold: 0,80
--------------
	a1 | a2 | a3 | a4 | a5: 27
	a3 | a4 | a5 | a6: 11
	a1 | a3 | a4 | a6: 9
	a1 | a2 | a3 | a4 | a6: 9
	a2 | a3 | a4 | a5 | a6: 9
	a1 | a3 | a4 | a5 | a6: 8
	a2 | a3 | a4 | a5: 8
	a1 | a2 | a3 | a5: 8
	a1 | a3 | a4 | a5: 7
	a2 | a3 | a4 | a6: 5
	a1 | a2 | a4 | a6: 4
*********************************************************************************
All potential concepts based on thresholds
	a2 a4 ~#~ a2 a6 ~#~ a4 a6 ~#~ a3 a6 ~#~ a5 a6 ~#~ a3 a4 ~#~ a2 a3 ~#~ a3 a5 ~#~ a1 a2 ~#~ a1 a2 a4 ~#~ a1 a3 ~#~ a3 a4 a6 ~#~ a4 a5 a6 ~#~ a2 a3 a4 ~#~ a2 a5 a6 ~#~ a1 a2 a3 ~#~ a1 a2 a3 a4 ~#~ a2 a4 a6 ~#~ a2 a3 a6 ~#~ a1 a4 a6 ~#~ a1 a3 a6 ~#~ a3 a5 a6 ~#~ a3 a4 a5 ~#~ a2 a3 a5 ~#~ a1 a2 a4 a5 ~#~ a3 a4 a5 a6 ~#~ a1 a3 a4 a6 ~#~ a2 a3 a4 a5 ~#~ a1 a2 a4 a6 ~#~ a2 a4 a5 a6 ~#~ a1 a3 a5 ~#~ a1 a2 a3 a6 ~#~ a2 a3 a5 a6 ~#~ a1 a2 a3 a4 a5 ~#~ a1 a2 a3 a4 a6 ~#~ a2 a3 a4 a5 a6 ~#~ a1 a3 a4 a5 a6 ~#~ a1 a2 a3 a5 ~#~ a1 a3 a4 a5 ~#~ a2 a3 a4 a6 ~#~ 
*********************************************************************************
We remove max(NOISE,minNoise) groups, NOISE=1.0% -> 2, minNoise=3 we remove groups of size 3. Tree SHAP num of expl. inst. 128 (fold 10). Explaining class: 1).
Lower threshold thrL: 0.1 upper threshold thrU: 0.8 with step: 0.1
								--------------
									Fold 10
								--------------
--------------
Threshold: 0,10
--------------
	a6: 48
	a3: 40
	a1: 18
	a2: 12
	a5: 10
--------------
Threshold: 0,20
--------------
	a6: 44
	a3: 40
	a1: 16
	a2: 12
	a5: 10
	a3 | a6: 4
--------------
Threshold: 0,30
--------------
	a6: 28
	a1 | a2: 26
	a1 | a3: 17
	a2 | a3: 12
	a3: 9
	a1 | a6: 9
	a3 | a6: 8
	a5: 4
	a1 | a5: 4
	a3 | a4: 4
--------------
Threshold: 0,40
--------------
	a1 | a2: 20
	a1 | a3: 20
	a1 | a6: 20
	a5 | a6: 14
	a2 | a3: 14
	a2 | a6: 10
	a3 | a4: 6
	a3 | a5: 5
	a1 | a5: 4
	a3 | a6: 4
	a1 | a2 | a4: 4
	a3 | a4 | a6: 4
--------------
Threshold: 0,50
--------------
	a1 | a2 | a4: 22
	a1 | a5 | a6: 16
	a1 | a3 | a4: 13
	a5 | a6: 12
	a1 | a2 | a3: 11
	a1 | a3 | a6: 7
	a1 | a3: 7
	a1 | a2 | a6: 6
	a2 | a6: 6
	a3 | a5 | a6: 5
	a1 | a6: 5
	a3 | a4 | a6: 4
	a2 | a3 | a4: 4
--------------
Threshold: 0,60
--------------
	a1 | a2 | a4: 16
	a1 | a3 | a4: 15
	a1 | a2 | a3: 14
	a1 | a5 | a6: 14
	a1 | a2 | a6: 12
	a1 | a3 | a6: 11
	a2 | a5 | a6: 10
	a1 | a2 | a3 | a4: 6
	a2 | a3 | a4: 6
	a4 | a5 | a6: 4
	a2 | a3 | a4 | a6: 4
--------------
Threshold: 0,70
--------------
	a1 | a2 | a3 | a4: 20
	a1 | a2 | a4 | a5: 16
	a1 | a2 | a5 | a6: 12
	a1 | a3 | a5 | a6: 11
	a2 | a4 | a5 | a6: 10
	a1 | a3 | a4 | a5: 9
	a1 | a2 | a4 | a6: 7
	a3 | a4 | a5 | a6: 7
	a1 | a2 | a3 | a5: 7
	a2 | a3 | a4 | a5: 6
	a1 | a3 | a4 | a6: 5
	a2 | a3 | a4 | a6: 4
	a1 | a4 | a5 | a6: 4
--------------
Threshold: 0,80
--------------
	a1 | a2 | a3 | a4 | a5: 35
	a1 | a2 | a4 | a5 | a6: 13
	a1 | a2 | a3 | a5 | a6: 11
	a1 | a3 | a4 | a5: 9
	a1 | a3 | a4 | a5 | a6: 9
	a1 | a2 | a4 | a6: 8
	a2 | a4 | a5 | a6: 8
	a3 | a4 | a5 | a6: 7
	a1 | a2 | a3 | a4 | a6: 7
	a1 | a3 | a4 | a6: 4
	a2 | a3 | a4 | a5 | a6: 4
*********************************************************************************
All potential concepts based on thresholds
	a3 a6 ~#~ a1 a2 ~#~ a1 a3 ~#~ a2 a3 ~#~ a1 a6 ~#~ a1 a5 ~#~ a3 a4 ~#~ a5 a6 ~#~ a2 a6 ~#~ a3 a5 ~#~ a1 a2 a4 ~#~ a3 a4 a6 ~#~ a1 a5 a6 ~#~ a1 a3 a4 ~#~ a1 a2 a3 ~#~ a1 a3 a6 ~#~ a1 a2 a6 ~#~ a3 a5 a6 ~#~ a2 a3 a4 ~#~ a2 a5 a6 ~#~ a1 a2 a3 a4 ~#~ a4 a5 a6 ~#~ a2 a3 a4 a6 ~#~ a1 a2 a4 a5 ~#~ a1 a2 a5 a6 ~#~ a1 a3 a5 a6 ~#~ a2 a4 a5 a6 ~#~ a1 a3 a4 a5 ~#~ a1 a2 a4 a6 ~#~ a3 a4 a5 a6 ~#~ a1 a2 a3 a5 ~#~ a2 a3 a4 a5 ~#~ a1 a3 a4 a6 ~#~ a1 a4 a5 a6 ~#~ a1 a2 a3 a4 a5 ~#~ a1 a2 a4 a5 a6 ~#~ a1 a2 a3 a5 a6 ~#~ a1 a3 a4 a5 a6 ~#~ a1 a2 a3 a4 a6 ~#~ a2 a3 a4 a5 a6 ~#~ 
*********************************************************************************
