dataset: rLinear.arff
--------------
Threshold: 0,10
--------------
	A3: 627
	A2: 328
	A1: 45
--------------
Threshold: 0,20
--------------
	A3: 627
	A2: 328
	A1: 45
--------------
Threshold: 0,30
--------------
	A3: 627
	A2: 328
	A1: 45
--------------
Threshold: 0,40
--------------
	A3: 613
	A2: 310
	A1: 39
	A2 | A3: 24
--------------
Threshold: 0,50
--------------
	A3: 498
	A2: 204
	A2 | A3: 204
	A1 | A2: 38
	A1 | A3: 36
	A1: 20
--------------
Threshold: 0,60
--------------
	A2 | A3: 440
	A3: 299
	A2: 97
	A1 | A2: 81
	A1 | A3: 74
--------------
Threshold: 0,70
--------------
	A2 | A3: 568
	A3: 160
	A1 | A3: 116
	A1 | A2: 102
	A2: 39
	A1 | A2 | A3: 12
--------------
Threshold: 0,80
--------------
	A2 | A3: 544
	A1 | A2 | A3: 167
	A1 | A3: 131
	A1 | A2: 84
	A3: 62
	A2: 11
*********************************************************************************
All potential concepts based on thresholds
	A2 A3 ~#~ A1 A2 ~#~ A1 A3 ~#~ A1 A2 A3 ~#~ 
*********************************************************************************
--------------
Threshold: 0,10
--------------
	A3: 644
	A2: 313
	A1: 43
--------------
Threshold: 0,20
--------------
	A3: 644
	A2: 313
	A1: 43
--------------
Threshold: 0,30
--------------
	A3: 644
	A2: 313
	A1: 43
--------------
Threshold: 0,40
--------------
	A3: 628
	A2: 301
	A1: 36
	A2 | A3: 19
--------------
Threshold: 0,50
--------------
	A3: 513
	A2 | A3: 203
	A2: 186
	A1 | A3: 46
	A1 | A2: 35
	A1: 17
--------------
Threshold: 0,60
--------------
	A2 | A3: 457
	A3: 285
	A2: 90
	A1 | A3: 90
	A1 | A2: 72
--------------
Threshold: 0,70
--------------
	A2 | A3: 581
	A1 | A3: 134
	A3: 130
	A1 | A2: 99
	A2: 41
	A1 | A2 | A3: 13
--------------
Threshold: 0,80
--------------
	A2 | A3: 529
	A1 | A2 | A3: 192
	A1 | A3: 142
	A1 | A2: 82
	A3: 41
	A2: 14
*********************************************************************************
All potential concepts based on thresholds
	A2 A3 ~#~ A1 A3 ~#~ A1 A2 ~#~ A1 A2 A3 ~#~ 
*********************************************************************************
