dataset: Balance scale.arff
We remove max(NOISE,minNoise) groups, NOISE=1.0% -> 3, minNoise=3 we remove groups of size 3. Tree SHAP num of expl. inst. 259 (fold 1). Explaining class: L).
Lower threshold thrL: 0.1 upper threshold thrU: 0.8 with step: 0.1
								--------------
									Fold  1
								--------------
--------------
Threshold: 0,10
--------------
	right-distance: 85
	right-weight: 65
	left-distance: 55
	left-weight: 54
--------------
Threshold: 0,20
--------------
	right-distance: 85
	right-weight: 65
	left-distance: 55
	left-weight: 54
--------------
Threshold: 0,30
--------------
	right-distance: 84
	right-weight: 64
	left-distance: 55
	left-weight: 53
--------------
Threshold: 0,40
--------------
	right-distance: 53
	right-weight: 33
	left-distance: 32
	left-weight: 28
	left-weight | left-distance: 25
	right-weight | right-distance: 20
	left-distance | right-distance: 19
	left-weight | right-distance: 19
	left-distance | right-weight: 15
	left-weight | right-weight: 15
--------------
Threshold: 0,50
--------------
	left-weight | left-distance: 43
	left-distance | right-distance: 38
	left-weight | right-distance: 38
	right-weight | right-distance: 36
	left-distance | right-weight: 31
	left-weight | right-weight: 24
	right-distance: 16
	left-distance: 15
	left-weight: 9
	right-weight: 9
--------------
Threshold: 0,60
--------------
	left-weight | left-distance: 45
	left-weight | right-distance: 38
	right-weight | right-distance: 37
	left-distance | right-distance: 37
	left-distance | right-weight: 33
	left-weight | right-weight: 25
	left-weight | left-distance | right-distance: 12
	left-weight | left-distance | right-weight: 8
	left-distance | right-weight | right-distance: 8
	left-distance: 5
	right-distance: 5
--------------
Threshold: 0,70
--------------
	left-distance | right-weight | right-distance: 32
	left-weight | left-distance | right-distance: 31
	left-weight | left-distance | right-weight: 28
	left-weight | left-distance: 28
	left-weight | right-weight | right-distance: 26
	left-distance | right-weight: 25
	left-distance | right-distance: 24
	left-weight | right-distance: 24
	right-weight | right-distance: 21
	left-weight | right-weight: 15
--------------
Threshold: 0,80
--------------
	left-distance | right-weight | right-distance: 55
	left-weight | left-distance | right-distance: 54
	left-weight | left-distance | right-weight: 51
	left-weight | right-weight | right-distance: 44
	left-distance | right-weight: 10
	left-weight | left-distance | right-weight | right-distance: 10
	left-distance | right-distance: 9
	left-weight | left-distance: 9
	left-weight | right-weight: 7
	left-weight | right-distance: 7
*********************************************************************************
All potential concepts based on thresholds
	left-weight left-distance ~#~ right-weight right-distance ~#~ left-distance right-distance ~#~ left-weight right-distance ~#~ left-distance right-weight ~#~ left-weight right-weight ~#~ left-weight left-distance right-distance ~#~ left-weight left-distance right-weight ~#~ left-distance right-weight right-distance ~#~ left-weight right-weight right-distance ~#~ left-weight left-distance right-weight right-distance ~#~ 
*********************************************************************************
We remove max(NOISE,minNoise) groups, NOISE=1.0% -> 3, minNoise=3 we remove groups of size 3. Tree SHAP num of expl. inst. 259 (fold 2). Explaining class: L).
Lower threshold thrL: 0.1 upper threshold thrU: 0.8 with step: 0.1
								--------------
									Fold  2
								--------------
--------------
Threshold: 0,10
--------------
	right-distance: 92
	right-weight: 66
	left-distance: 53
	left-weight: 48
--------------
Threshold: 0,20
--------------
	right-distance: 92
	right-weight: 66
	left-distance: 53
	left-weight: 48
--------------
Threshold: 0,30
--------------
	right-distance: 89
	right-weight: 62
	left-distance: 53
	left-weight: 44
--------------
Threshold: 0,40
--------------
	right-distance: 57
	right-weight: 33
	left-distance: 27
	left-weight: 25
	right-weight | right-distance: 24
	left-weight | right-distance: 22
	left-distance | right-weight: 21
	left-distance | right-distance: 21
	left-weight | left-distance: 17
	left-weight | right-weight: 12
--------------
Threshold: 0,50
--------------
	right-weight | right-distance: 51
	left-distance | right-distance: 39
	left-weight | right-distance: 39
	left-distance | right-weight: 31
	left-weight | left-distance: 30
	left-weight | right-weight: 23
	right-distance: 21
	right-weight: 11
	left-weight: 7
	left-distance: 7
--------------
Threshold: 0,60
--------------
	right-weight | right-distance: 53
	left-distance | right-distance: 44
	left-weight | right-distance: 39
	left-distance | right-weight: 31
	left-weight | left-distance: 31
	left-weight | right-weight: 24
	left-weight | left-distance | right-distance: 9
	left-weight | right-weight | right-distance: 8
	left-distance | right-weight | right-distance: 6
	left-weight | left-distance | right-weight: 5
--------------
Threshold: 0,70
--------------
	left-distance | right-weight | right-distance: 41
	left-weight | right-weight | right-distance: 34
	left-weight | left-distance | right-distance: 31
	left-distance | right-distance: 29
	right-weight | right-distance: 26
	left-weight | left-distance: 25
	left-weight | right-distance: 20
	left-distance | right-weight: 19
	left-weight | right-weight: 16
	left-weight | left-distance | right-weight: 14
--------------
Threshold: 0,80
--------------
	left-weight | left-distance | right-distance: 60
	left-distance | right-weight | right-distance: 59
	left-weight | right-weight | right-distance: 42
	left-weight | left-distance | right-weight: 41
	left-distance | right-distance: 12
	left-weight | left-distance | right-weight | right-distance: 12
	left-weight | left-distance: 11
	left-weight | right-distance: 8
	left-distance | right-weight: 6
	right-weight | right-distance: 4
	left-weight | right-weight: 4
*********************************************************************************
All potential concepts based on thresholds
	right-weight right-distance ~#~ left-weight right-distance ~#~ left-distance right-weight ~#~ left-distance right-distance ~#~ left-weight left-distance ~#~ left-weight right-weight ~#~ left-weight left-distance right-distance ~#~ left-weight right-weight right-distance ~#~ left-distance right-weight right-distance ~#~ left-weight left-distance right-weight ~#~ left-weight left-distance right-weight right-distance ~#~ 
*********************************************************************************
We remove max(NOISE,minNoise) groups, NOISE=1.0% -> 3, minNoise=3 we remove groups of size 3. Tree SHAP num of expl. inst. 259 (fold 3). Explaining class: L).
Lower threshold thrL: 0.1 upper threshold thrU: 0.8 with step: 0.1
								--------------
									Fold  3
								--------------
--------------
Threshold: 0,10
--------------
	right-weight: 72
	left-weight: 65
	right-distance: 62
	left-distance: 60
--------------
Threshold: 0,20
--------------
	right-weight: 72
	left-weight: 65
	right-distance: 62
	left-distance: 60
--------------
Threshold: 0,30
--------------
	right-weight: 68
	left-weight: 62
	right-distance: 61
	left-distance: 56
	left-weight | right-weight: 4
--------------
Threshold: 0,40
--------------
	right-weight: 36
	left-weight: 33
	left-distance: 30
	right-distance: 30
	left-weight | left-distance: 26
	left-weight | right-weight: 26
	left-weight | right-distance: 24
	left-distance | right-weight: 19
	left-distance | right-distance: 18
	right-weight | right-distance: 17
--------------
Threshold: 0,50
--------------
	left-weight | left-distance: 43
	left-weight | right-weight: 42
	left-weight | right-distance: 41
	left-distance | right-distance: 34
	right-weight | right-distance: 28
	left-distance | right-weight: 27
	left-distance: 13
	right-weight: 13
	left-weight: 10
	right-distance: 8
--------------
Threshold: 0,60
--------------
	left-weight | left-distance: 44
	left-distance | right-distance: 40
	left-weight | right-weight: 39
	left-weight | right-distance: 39
	right-weight | right-distance: 28
	left-distance | right-weight: 28
	left-weight | right-weight | right-distance: 10
	left-weight | left-distance | right-weight: 7
	left-distance | right-weight | right-distance: 6
	right-weight: 5
	left-weight | left-distance | right-distance: 5
	left-distance: 4
--------------
Threshold: 0,70
--------------
	left-weight | right-weight | right-distance: 39
	left-weight | left-distance | right-distance: 34
	left-weight | left-distance: 28
	left-distance | right-distance: 27
	left-distance | right-weight | right-distance: 26
	left-weight | right-weight: 25
	left-weight | left-distance | right-weight: 24
	left-weight | right-distance: 19
	left-distance | right-weight: 18
	right-weight | right-distance: 15
--------------
Threshold: 0,80
--------------
	left-weight | left-distance | right-distance: 60
	left-distance | right-weight | right-distance: 50
	left-weight | right-weight | right-distance: 47
	left-weight | left-distance | right-weight: 42
	left-weight | left-distance: 14
	left-weight | left-distance | right-weight | right-distance: 13
	left-distance | right-weight: 9
	left-weight | right-weight: 8
	left-distance | right-distance: 7
	left-weight | right-distance: 5
*********************************************************************************
All potential concepts based on thresholds
	left-weight right-weight ~#~ left-weight left-distance ~#~ left-weight right-distance ~#~ left-distance right-weight ~#~ left-distance right-distance ~#~ right-weight right-distance ~#~ left-weight right-weight right-distance ~#~ left-weight left-distance right-weight ~#~ left-distance right-weight right-distance ~#~ left-weight left-distance right-distance ~#~ left-weight left-distance right-weight right-distance ~#~ 
*********************************************************************************
We remove max(NOISE,minNoise) groups, NOISE=1.0% -> 3, minNoise=3 we remove groups of size 3. Tree SHAP num of expl. inst. 259 (fold 4). Explaining class: L).
Lower threshold thrL: 0.1 upper threshold thrU: 0.8 with step: 0.1
								--------------
									Fold  4
								--------------
--------------
Threshold: 0,10
--------------
	right-distance: 80
	left-weight: 65
	right-weight: 65
	left-distance: 49
--------------
Threshold: 0,20
--------------
	right-distance: 80
	left-weight: 65
	right-weight: 65
	left-distance: 49
--------------
Threshold: 0,30
--------------
	right-distance: 77
	left-weight: 65
	right-weight: 62
	left-distance: 48
	right-weight | right-distance: 4
--------------
Threshold: 0,40
--------------
	right-distance: 58
	right-weight: 46
	left-weight: 38
	left-distance: 35
	left-weight | right-weight: 17
	left-weight | right-distance: 17
	right-weight | right-distance: 14
	left-distance | right-distance: 13
	left-weight | left-distance: 13
	left-distance | right-weight: 8
--------------
Threshold: 0,50
--------------
	left-weight | right-distance: 39
	left-distance | right-distance: 35
	left-weight | right-weight: 32
	right-weight | right-distance: 30
	right-distance: 27
	left-distance | right-weight: 27
	left-weight | left-distance: 26
	right-weight: 17
	left-weight: 14
	left-distance: 12
--------------
Threshold: 0,60
--------------
	left-weight | right-distance: 47
	left-distance | right-distance: 44
	right-weight | right-distance: 39
	left-weight | right-weight: 36
	left-weight | left-distance: 32
	left-distance | right-weight: 26
	right-distance: 8
	left-weight | right-weight | right-distance: 6
	left-weight | left-distance | right-weight: 6
	left-weight: 5
--------------
Threshold: 0,70
--------------
	left-weight | right-distance: 31
	right-weight | right-distance: 30
	left-distance | right-distance: 30
	left-weight | right-weight | right-distance: 29
	left-weight | left-distance | right-distance: 26
	left-weight | left-distance: 24
	left-distance | right-weight: 22
	left-weight | right-weight: 22
	left-distance | right-weight | right-distance: 21
	left-weight | left-distance | right-weight: 20
--------------
Threshold: 0,80
--------------
	left-weight | left-distance | right-distance: 57
	left-weight | right-weight | right-distance: 53
	left-distance | right-weight | right-distance: 45
	left-weight | left-distance | right-weight: 40
	left-distance | right-distance: 12
	left-weight | right-distance: 12
	left-weight | left-distance: 10
	left-weight | left-distance | right-weight | right-distance: 9
	right-weight | right-distance: 8
	left-distance | right-weight: 7
	left-weight | right-weight: 6
*********************************************************************************
All potential concepts based on thresholds
	right-weight right-distance ~#~ left-weight right-weight ~#~ left-weight right-distance ~#~ left-distance right-distance ~#~ left-weight left-distance ~#~ left-distance right-weight ~#~ left-weight right-weight right-distance ~#~ left-weight left-distance right-weight ~#~ left-weight left-distance right-distance ~#~ left-distance right-weight right-distance ~#~ left-weight left-distance right-weight right-distance ~#~ 
*********************************************************************************
We remove max(NOISE,minNoise) groups, NOISE=1.0% -> 3, minNoise=3 we remove groups of size 3. Tree SHAP num of expl. inst. 259 (fold 5). Explaining class: L).
Lower threshold thrL: 0.1 upper threshold thrU: 0.8 with step: 0.1
								--------------
									Fold  5
								--------------
--------------
Threshold: 0,10
--------------
	right-weight: 70
	left-weight: 69
	right-distance: 67
	left-distance: 53
--------------
Threshold: 0,20
--------------
	right-weight: 70
	left-weight: 69
	right-distance: 67
	left-distance: 53
--------------
Threshold: 0,30
--------------
	right-weight: 70
	left-weight: 68
	right-distance: 62
	left-distance: 51
--------------
Threshold: 0,40
--------------
	right-weight: 44
	left-weight: 37
	right-distance: 37
	left-distance: 31
	left-weight | right-distance: 21
	left-weight | left-distance: 19
	left-weight | right-weight: 19
	left-distance | right-distance: 18
	right-weight | right-distance: 17
	left-distance | right-weight: 16
--------------
Threshold: 0,50
--------------
	left-distance | right-weight: 39
	left-weight | right-weight: 37
	left-distance | right-distance: 33
	left-weight | right-distance: 33
	right-weight | right-distance: 32
	left-weight | left-distance: 32
	right-weight: 17
	right-distance: 16
	left-weight: 13
	left-distance: 7
--------------
Threshold: 0,60
--------------
	left-distance | right-weight: 43
	left-weight | right-weight: 43
	right-weight | right-distance: 42
	left-distance | right-distance: 33
	left-weight | right-distance: 31
	left-weight | left-distance: 30
	left-weight | left-distance | right-distance: 7
	left-weight | right-weight | right-distance: 6
	left-weight | left-distance | right-weight: 6
	left-distance | right-weight | right-distance: 6
	right-weight: 4
	right-distance: 4
--------------
Threshold: 0,70
--------------
	left-weight | right-weight: 35
	left-weight | left-distance | right-weight: 34
	left-distance | right-weight | right-distance: 32
	left-distance | right-weight: 28
	left-weight | right-weight | right-distance: 24
	right-weight | right-distance: 24
	left-weight | left-distance | right-distance: 24
	left-weight | right-distance: 21
	left-distance | right-distance: 19
	left-weight | left-distance: 17
--------------
Threshold: 0,80
--------------
	left-distance | right-weight | right-distance: 55
	left-weight | left-distance | right-weight: 52
	left-weight | right-weight | right-distance: 51
	left-weight | left-distance | right-distance: 37
	left-weight | right-weight: 13
	left-weight | left-distance | right-weight | right-distance: 13
	right-weight | right-distance: 10
	left-distance | right-weight: 9
	left-weight | right-dista