dataset: cBinClassDisAttr-uniqueInst.arff
--------------
Threshold: 0,10
--------------
	A1: 78
--------------
Threshold: 0,20
--------------
	A1: 78
--------------
Threshold: 0,30
--------------
	A1: 78
--------------
Threshold: 0,40
--------------
	A1: 78
--------------
Threshold: 0,50
--------------
	A1: 77
--------------
Threshold: 0,60
--------------
	A1: 64
	A1 | A2: 14
--------------
Threshold: 0,70
--------------
	A1: 62
	A1 | A2: 16
--------------
Threshold: 0,80
--------------
	A1 | A2: 49
	A1: 18
	A1 | A2 | A4: 8
*********************************************************************************
All potential concepts based on thresholds
	A1 A2 ~#~ A1 A2 A4 ~#~ 
*********************************************************************************
--------------
Threshold: 0,10
--------------
	A1: 78
--------------
Threshold: 0,20
--------------
	A1: 78
--------------
Threshold: 0,30
--------------
	A1: 78
--------------
Threshold: 0,40
--------------
	A1: 78
--------------
Threshold: 0,50
--------------
	A1: 78
--------------
Threshold: 0,60
--------------
	A1: 71
	A1 | A2: 7
--------------
Threshold: 0,70
--------------
	A1: 58
	A1 | A2: 20
--------------
Threshold: 0,80
--------------
	A1 | A2: 51
	A1: 17
	A1 | A2 | A4: 10
*********************************************************************************
All potential concepts based on thresholds
	A1 A2 ~#~ A1 A2 A4 ~#~ 
*********************************************************************************
--------------
Threshold: 0,10
--------------
	A1: 78
--------------
Threshold: 0,20
--------------
	A1: 78
--------------
Threshold: 0,30
--------------
	A1: 78
--------------
Threshold: 0,40
--------------
	A1: 78
--------------
Threshold: 0,50
--------------
	A1: 72
	A1 | A2: 6
--------------
Threshold: 0,60
--------------
	A1: 64
	A1 | A2: 14
--------------
Threshold: 0,70
--------------
	A1: 52
	A1 | A2: 25
--------------
Threshold: 0,80
--------------
	A1 | A2: 53
	A1 | A2 | A4: 14
	A1: 8
*********************************************************************************
All potential concepts based on thresholds
	A1 A2 ~#~ A1 A2 A4 ~#~ 
*********************************************************************************
--------------
Threshold: 0,10
--------------
	A1: 78
--------------
Threshold: 0,20
--------------
	A1: 78
--------------
Threshold: 0,30
--------------
	A1: 78
--------------
Threshold: 0,40
--------------
	A1: 78
--------------
Threshold: 0,50
--------------
	A1: 78
--------------
Threshold: 0,60
--------------
	A1: 62
	A1 | A2: 11
	A1 | A4: 5
--------------
Threshold: 0,70
--------------
	A1: 57
	A1 | A2: 16
	A1 | A4: 5
--------------
Threshold: 0,80
--------------
	A1 | A2: 41
	A1: 14
	A1 | A2 | A4: 12
	A1 | A4: 9
*********************************************************************************
All potential concepts based on thresholds
	A1 A2 ~#~ A1 A4 ~#~ A1 A2 A4 ~#~ 
*********************************************************************************
--------------
Threshold: 0,10
--------------
	A1: 78
--------------
Threshold: 0,20
--------------
	A1: 78
--------------
Threshold: 0,30
--------------
	A1: 78
--------------
Threshold: 0,40
--------------
	A1: 78
--------------
Threshold: 0,50
--------------
	A1: 78
--------------
Threshold: 0,60
--------------
	A1: 65
	A1 | A2: 13
--------------
Threshold: 0,70
--------------
	A1: 61
	A1 | A2: 17
--------------
Threshold: 0,80
--------------
	A1 | A2: 46
	A1: 20
	A1 | A2 | A3: 6
	A1 | A2 | A4: 6
*********************************************************************************
All potential concepts based on thresholds
	A1 A2 ~#~ A1 A2 A3 ~#~ A1 A2 A4 ~#~ 
*********************************************************************************
--------------
Threshold: 0,10
--------------
	A1: 78
--------------
Threshold: 0,20
--------------
	A1: 78
--------------
Threshold: 0,30
--------------
	A1: 78
--------------
Threshold: 0,40
--------------
	A1: 78
--------------
Threshold: 0,50
--------------
	A1: 78
--------------
Threshold: 0,60
--------------
	A1: 70
	A1 | A2: 8
--------------
Threshold: 0,70
--------------
	A1: 65
	A1 | A2: 13
--------------
Threshold: 0,80
--------------
	A1 | A2: 46
	A1: 20
	A1 | A2 | A4: 9
*********************************************************************************
All potential concepts based on thresholds
	A1 A2 ~#~ A1 A2 A4 ~#~ 
*********************************************************************************
--------------
Threshold: 0,10
--------------
	A1: 78
--------------
Threshold: 0,20
--------------
	A1: 78
--------------
Threshold: 0,30
--------------
	A1: 78
--------------
Threshold: 0,40
--------------
	A1: 78
--------------
Threshold: 0,50
--------------
	A1: 78
--------------
Threshold: 0,60
--------------
	A1: 62
	A1 | A2: 11
	A1 | A4: 5
--------------
Threshold: 0,70
--------------
	A1: 59
	A1 | A2: 14
	A1 | A4: 5
--------------
Threshold: 0,80
--------------
	A1 | A2: 43
	A1: 16
	A1 | A2 | A4: 12
	A1 | A4: 6
*********************************************************************************
All potential concepts based on thresholds
	A1 A2 ~#~ A1 A4 ~#~ A1 A2 A4 ~#~ 
*********************************************************************************
--------------
Threshold: 0,10
--------------
	A1: 79
--------------
Threshold: 0,20
--------------
	A1: 79
--------------
Threshold: 0,30
--------------
	A1: 79
--------------
Threshold: 0,40
--------------
	A1: 79
--------------
Threshold: 0,50
--------------
	A1: 76
--------------
Threshold: 0,60
--------------
	A1: 63
	A1 | A2: 16
--------------
Threshold: 0,70
--------------
	A1: 56
	A1 | A2: 23
--------------
Threshold: 0,80
--------------
	A1 | A2: 51
	A1 | A2 | A4: 15
	A1: 13
*********************************************************************************
All potential concepts based on thresholds
	A1 A2 ~#~ A1 A2 A4 ~#~ 
*********************************************************************************
--------------
Threshold: 0,10
--------------
	A1: 79
--------------
Threshold: 0,20
--------------
	A1: 79
--------------
Threshold: 0,30
--------------
	A1: 79
--------------
Threshold: 0,40
--------------
	A1: 79
--------------
Threshold: 0,50
--------------
	A1: 79
--------------
Threshold: 0,60
--------------
	A1: 67
	A1 | A2: 12
--------------
Threshold: 0,70
--------------
	A1: 59
	A1 | A2: 20
--------------
Threshold: 0,80
--------------
	A1 | A2: 58
	A1: 10
	A1 | A2 | A4: 7
	A1 | A2 | A3: 4
*********************************************************************************
All potential concepts based on thresholds
	A1 A2 ~#~ A1 A2 A4 ~#~ A1 A2 A3 ~#~ 
*********************************************************************************
--------------
Threshold: 0,10
--------------
	A1: 79
--------------
Threshold: 0,20
--------------
	A1: 79
--------------
Threshold: 0,30
--------------
	A1: 79
--------------
Threshold: 0,40
--------------
	A1: 79
--------------
Threshold: 0,50
--------------
	A1: 79
--------------
Threshold: 0,60
--------------
	A1: 63
	A1 | A2: 16
--------------
Threshold: 0,70
--------------
	A1: 56
	A1 | A2: 23
--------------
Threshold: 0,80
--------------
	A1 | A2: 54
	A1 | A2 | A4: 12
	A1: 7
	A1 | A2 | A3: 4
*********************************************************************************
All potential concepts based on thresholds
	A1 A2 ~#~ A1 A2 A4 ~#~ A1 A2 A3 ~#~ 
*********************************************************************************
dataset: cBinClassNumBinAttr.arff
--------------
Threshold: 0,10
--------------
	A3: 153
	A4: 33
	A2: 24
--------------
Threshold: 0,20
--------------
	A3: 153
	A4: 33
	A2: 24
--------------
Threshold: 0,30
--------------
	A3: 153
	A4: 33
	A2: 24
--------------
Threshold: 0,40
--------------
	A3: 135
	A2 | A4: 37
	A2: 13
	A3 | A4: 11
	A4: 7
	A2 | A3: 7
--------------
Threshold: 0,50
--------------
	A2 | A3: 101
	A2 | A4: 44
	A3: 35
	A3 | A4: 18
	A1 | A2: 12
--------------
Threshold: 0,60
--------------
	A2 | A3: 136
	A2 | A4: 43
	A3 | A4: 18
	A1 | A2: 12
--------------
Threshold: 0,70
--------------
	A2 | A3: 96
	A2 | A3 | A4: 67
	A1 | A2 | A4: 21
	A2 | A4: 12
	A1 | A2 | A3: 10
	A1 | A2: 4
--------------
Threshold: 0,80
--------------
	A1 | A2 | A3: 107
	A2 | A3 | A4: 72
	A1 | A2 | A4: 30
*********************************************************************************
All potential concepts based on thresholds
	A2 A4 ~#~ A3 A4 ~#~ A2 A3 ~#~ A1 A2 ~#~ A2 A3 A4 ~#~ A1 A2 A4 ~#~ A1 A2 A3 ~#~ 
*********************************************************************************
--------------
Threshold: 0,10
--------------
	A3: 152
	A2: 31
	A4: 27
--------------
Threshold: 0,20
--------------
	A3: 152
	A2: 31
	A4: 27
--------------
Threshold: 0,30
--------------
	A3: 152
	A2: 30
	A4: 26
--------------
Threshold: 0,40
--------------
	A3: 132
	A2 | A4: 41
	A2 | A3: 18
	A2: 12
--------------
Threshold: 0,50
--------------
	A2 | A3: 139
	A2 | A4: 44
	A1 | A2: 14
	A3: 7
	A3 | A4: 6
--------------
Threshold: 0,60
--------------
	A2 | A3: 146
	A2 | A4: 36
	A1 | A2: 14
	A3 | A4: 6
	A2 | A3 | A4: 6
--------------
Threshold: 0,70
--------------
	A2 | A3: 97
	A2 | A3 | A4: 62
	A1 | A2 | A4: 19
	A1 | A2 | A3: 13
	A2 | A4: 13
	A1 | A2: 6
--------------
Threshold: 0,80
--------------
	A1 | A2 | A3: 112
	A2 | A3 | A4: 60
	A1 | A2 | A4: 30
	A1 | A2 | A3 | A4: 8
*********************************************************************************
All potential concepts based on thresholds
	A2 A4 ~#~ A2 A3 ~#~ A1 A2 ~#~ A3 A4 ~#~ A2 A3 A4 ~#~ A1 A2 A4 ~#~ A1 A2 A3 ~#~ A1 A2 A3 A4 ~#~ 
*********************************************************************************
--------------
Threshold: 0,10
--------------
	A3: 150
	A4: 41
	A2: 19
--------------
Threshold: 0,20
--------------
	A3: 150
	A4: 41
	A2: 19
--------------
Threshold: 0,30
--------------
	A3: 150
	A4: 40
	A2: 19
--------------
Threshold: 0,40
--------------
	A3: 128
	A2 | A4: 36
	A2: 14
	A2 | A3: 12
	A3 | A4: 10
	A4: 9
--------------
Threshold: 0,50
--------------
	A2 | A3: 129
	A2 | A4: 45
	A3 | A4: 14
	A1 | A2: 14
	A3: 7
--------------
Threshold: 0,60
--------------
	A2 | A3: 136
	A2 | A4: 43
	A1 | A2: 15
	A3 | A4: 13
--------------
Threshold: 0,70
--------------
	A2 | A3: 90
	A2 | A3 | A4: 67
	A1 | A2 | A4: 21
	A2 | A4: 17
	A1 | A2 | A3: 10
	A1 | A2: 5
--------------
Threshold: 0,80
--------------
	A1 | A2 | A3: 103
	A2 | A3 | A4: 69
	A1 | A2 | A4: 34
*********************************************************************************
All potential concepts based on thresholds
	A2 A4 ~#~ A2 A3 ~#~ A3 A4 ~#~ A1 A2 ~#~ A2 A3 A4 ~#~ A1 A2 A4 ~#~ A1 A2 A3 ~#~ 
*********************************************************************************
--------------
Threshold: 0,10
--------------
	A3: 145
	A4: 44
	A2: 21
--------------
Threshold: 0,20
--------------
	A3: 145
	A4: 44
	A2: 21
--------------
Threshold: 0,30
--------------
	A3: 145
	A4: 44
	A2: 21
--------------
Threshold: 0,40
--------------
	A3: 125
	A2 | A4: 38
	A2: 15
	A4: 12
	A2 | A3: 11
	A3 | A4: 9
--------------
Threshold: 0,50
--------------
	A2 | A3: 119
	A2 | A4: 50
	A3 | A4: 17
	A1 | A2: 15
	A3: 9
--------------
Threshold: 0,60
--------------
	A2 | A3: 128
	A2 | A4: 49
	A3 | A4: 17
	A1 | A2: 15
--------------
Threshold: 0,70
--------------
	A2 | A3: 83
	A2 | A3 | A4: 69
	A1 | A2 | A4: 22
	A2 | A4: 17
	A1 | A2 | A3: 13
	A1 | A2: 6
--------------
Threshold: 0,80
--------------
	A1 | A2 | A3: 101
	A2 | A3 | A4: 71
	A1 | A2 | A4: 36
*********************************************************************************
All potential concepts based on thresholds
	A2 A4 ~#~ A2 A3 ~#~ A3 A4 ~#~ A1 A2 ~#~ A2 A3 A4 ~#~ A1 A2 A4 ~#~ A1 A2 A3 ~#~ 
*********************************************************************************
--------------
Threshold: 0,10
--------------
	A3: 146
	A4: 40
	A2: 24
--------------
Threshold: 0,20
--------------
	A3: 146
	A4: 40
	A2: 24
--------------
Threshold: 0,30
--------------
	A3: 146
	A4: 40
	A2: 24
--------------
Threshold: 0,40
--------------
	A3: 132
	A2 | A4: 39
	A2: 14
	A4: 9
	A3 | A4: 7
	A2 | A3: 7
--------------
Threshold: 0,50
--------------
	A2 | A3: 110
	A2 | A4: 48
	A3: 22
	A1 | A2: 16
	A3 | A4: 14
--------------
Threshold: 0,60
--------------
	A2 | A3: 132
	A2 | A4: 47
	A1 | A2: 16
	A3 | A4: 14
--------------
Threshold: 0,70
--------------
	A2 | A3: 82
	A2 | A3 | A4: 75
	A2 | A4: 20
	A1 | A2 | A4: 16
	A1 | A2 | A3: 12
	A1 | A2: 5
--------------
Threshold: 0,80
--------------
	A1 | A2 | A3: 95
	A2 | A3 | A4: 80
	A1 | A2 | A4: 33
*********************************************************************************
All potential concepts based on thresholds
	A2 A4 ~#~ A3 A4 ~#~ A2 A3 ~#~ A1 A2 ~#~ A2 A3 A4 ~#~ A1 A2 A4 ~#~ A1 A2 A3 ~#~ 
*********************************************************************************
--------------
Threshold: 0,10
--------------
	A3: 152
	A4: 36
	A2: 22
--------------
Threshold: 0,20
--------------
	A3: 152
	A4: 36
	A2: 22
--------------
Threshold: 0,30
--------------
	A3: 152
	A4: 35
	A2: 22
--------------
Threshold: 0,40
--------------
	A3: 133
	A2 | A4: 35
	A2: 15
	A2 | A3: 15
	A4: 8
	A3 | A4: 4
--------------
Threshold: 0,50
--------------
	A2 | A3: 132
	A2 | A4: 43
	A1 | A2: 15
	A3: 12
	A3 | A4: 8
--------------
Threshold: 0,60
--------------
	A2 | A3: 144
	A2 | A4: 38
	A1 | A2: 15
	A3 | A4: 8
--------------
Threshold: 0,70
--------------
	A2 | A3: 88
	A2 | A3 | A4: 70
	A1 | A2 | A4: 19
	A2 | A4: 15
	A1 | A2 | A3: 10
	A1 | A2: 8
--------------
Threshold: 0,80
--------------
	A1 | A2 | A3: 106
	A2 | A3 | A4: 67
	A1 | A2 | A4: 32
	A1 | A2 | A3 | A4: 5
*********************************************************************************
All potential concepts based on thresholds
	A2 A4 ~#~ A2 A3 ~#~ A3 A4 ~#~ A1 A2 ~#~ A2 A3 A4 ~#~ A1 A2 A4 ~#~ A1 A2 A3 ~#~ A1 A2 A3 A4 ~#~ 
*********************************************************************************
--------------
Threshold: 0,10
--------------
	A3: 153
	A4: 35
	A2: 22
--------------
Threshold: 0,20
--------------
	A3: 153
	A4: 35
	A2: 22
--------------
Threshold: 0,30
--------------
	A3: 153
	A4: 33
	A2: 21
--------------
Threshold: 0,40
--------------
	A3: 135
	A2 | A4: 36
	A2: 14
	A2 | A3: 13
	A4: 6
	A3 | A4: 5
--------------
Threshold: 0,50
--------------
	A2 | A3: 140
	A2 | A4: 42
	A1 | A2: 15
	A3: 7
	A3 | A4: 6
--------------
Threshold: 0,60
--------------
	A2 | A3: 147
	A2 | A4: 36
	A1 | A2: 15
	A3 | A4: 6
	A1 | A2 | A4: 4
--------------
Threshold: 0,70
--------------
	A2 | A3: 89
	A2 | A3 | A4: 66
	A1 | A2 | A4: 25
	A2 | A4: 13
	A1 | A2 | A3: 10
	A1 | A2: 7
--------------
Threshold: 0,80
--------------
	A1 | A2 | A3: 105
	A2 | A3 | A4: 65
	A1 | A2 | A4: 35
	A1 | A2 | A3 | A4: 5
*********************************************************************************
All potential concepts based on thresholds
	A2 A4 ~#~ A2 A3 ~#~ A3 A4 ~#~ A1 A2 ~#~ A1 A2 A4 ~#~ A2 A3 A4 ~#~ A1 A2 A3 ~#~ A1 A2 A3 A4 ~#~ 
*********************************************************************************
--------------
Threshold: 0,10
--------------
	A3: 149
	A4: 38
	A2: 22
--------------
Threshold: 0,20
--------------
	A3: 149
	A4: 38
	A2: 22
--------------
Threshold: 0,30
--------------
	A3: 149
	A4: 38
	A2: 22
--------------
Threshold: 0,40
--------------
	A3: 130
	A2 | A4: 36
	A2: 13
	A3 | A4: 12
	A4: 10
	A2 | A3: 7
--------------
Threshold: 0,50
--------------
	A2 | A3: 123
	A2 | A4: 46
	A3 | A4: 15
	A1 | A2: 14
	A3: 11
--------------
Threshold: 0,60
--------------
	A2 | A3: 134
	A2 | A4: 45
	A3 | A4: 15
	A1 | A2: 14
--------------
Threshold: 0,70
--------------
	A2 | A3: 89
	A2 | A3 | A4: 71
	A2 | A4: 19
	A1 | A2 | A4: 15
	A1 | A2 | A3: 11
	A1 | A2: 4
--------------
Threshold: 0,80
--------------
	A1 | A2 | A3: 101
	A2 | A3 | A4: 76
	A1 | A2 | A4: 29
*********************************************************************************
All potential concepts based on thresholds
	A2 A4 ~#~ A3 A4 ~#~ A2 A3 ~#~ A1 A2 ~#~ A2 A3 A4 ~#~ A1 A2 A4 ~#~ A1 A2 A3 ~#~ 
*********************************************************************************
--------------
Threshold: 0,10
--------------
	A3: 148
	A4: 43
	A2: 18
--------------
Threshold: 0,20
--------------
	A3: 148
	A4: 43
	A2: 18
--------------
Threshold: 0,30
--------------
	A3: 148
	A4: 43
	A2: 18
--------------
Threshold: 0,40
--------------
	A3: 131
	A2 | A4: 33
	A2: 13
	A4: 13
	A3 | A4: 11
	A2 | A3: 6
--------------
Threshold: 0,50
--------------
	A2 | A3: 112
	A2 | A4: 46
	A3 | A4: 20
	A3: 16
	A1 | A2: 15
--------------
Threshold: 0,60
--------------
	A2 | A3: 128
	A2 | A4: 45
	A3 | A4: 20
	A1 | A2: 15
--------------
Threshold: 0,70
--------------
	A2 | A3: 88
	A2 | A3 | A4: 71
	A2 | A4: 25
	A1 | A2 | A4: 10
	A1 | A2 | A3: 8
	A1 | A2: 7
--------------
Threshold: 0,80
--------------
	A1 | A2 | A3: 100
	A2 | A3 | A4: 77
	A1 | A2 | A4: 30
*********************************************************************************
All potential concepts based on thresholds
	A2 A4 ~#~ A3 A4 ~#~ A2 A3 ~#~ A1 A2 ~#~ A2 A3 A4 ~#~ A1 A2 A4 ~#~ A1 A2 A3 ~#~ 
*********************************************************************************
--------------
Threshold: 0,10
--------------
	A3: 148
	A4: 37
	A2: 24
--------------
Threshold: 0,20
--------------
	A3: 148
	A4: 37
	A2: 24
--------------
Threshold: 0,30
--------------
	A3: 148
	A4: 37
	A2: 23
--------------
Threshold: 0,40
--------------
	A3: 136
	A2 | A4: 44
	A2: 14
	A3 | A4: 6
	A2 | A3: 6
--------------
Threshold: 0,50
--------------
	A2 | A3: 122
	A2 | A4: 47
	A3: 16
	A1 | A2: 14
	A3 | A4: 10
--------------
Threshold: 0,60
--------------
	A2 | A3: 138
	A2 | A4: 40
	A1 | A2: 14
	A3 | A4: 10
	A1 | A2 | A4: 6
--------------
Threshold: 0,70
--------------
	A2 | A3: 91
	A2 | A3 | A4: 61
	A1 | A2 | A4: 22
	A2 | A4: 16
	A1 | A2 | A3: 12
	A1 | A2: 7
--------------
Threshold: 0,80
--------------
	A1 | A2 | A3: 107
	A2 | A3 | A4: 63
	A1 | A2 | A4: 32
	A1 | A2 | A3 | A4: 7
*********************************************************************************
All potential concepts based on thresholds
	A2 A4 ~#~ A3 A4 ~#~ A2 A3 ~#~ A1 A2 ~#~ A1 A2 A4 ~#~ A2 A3 A4 ~#~ A1 A2 A3 ~#~ A1 A2 A3 A4 ~#~ 
*********************************************************************************
dataset: cBinClassNumDisAttr.arff
--------------
Threshold: 0,10
--------------
	A1: 227
	A4: 72
	A3: 31
	A2: 8
--------------
Threshold: 0,20
--------------
	A1: 227
	A4: 72
	A3: 31
	A2: 8
--------------
Threshold: 0,30
--------------
	A1: 227
	A4: 72
	A3: 31
	A2: 8
--------------
Threshold: 0,40
--------------
	A1: 130
	A1 | A2: 103
	A4: 66
	A3: 23
	A3 | A4: 12
--------------
Threshold: 0,50
--------------
	A1 | A2: 233
	A3 | A4: 49
	A4: 39
	A3: 6
	A2 | A3: 6
--------------
Threshold: 0,60
--------------
	A1 | A2: 235
	A3 | A4: 82
	A2 | A3: 8
--------------
Threshold: 0,70
--------------
	A1 | A2: 192
	A3 | A4: 75
	A1 | A2 | A4: 43
	A2 | A3 | A4: 9
	A3 | A4 | A5: 6
	A1 | A2 | A3: 5
--------------
Threshold: 0,80
--------------
	A1 | A2 | A4: 161
	A1 | A2: 74
	A3 | A4: 40
	A2 | A3 | A4: 39
	A3 | A4 | A5: 8
*********************************************************************************
All potential concepts based on thresholds
	A1 A2 ~#~ A3 A4 ~#~ A2 A3 ~#~ A1 A2 A4 ~#~ A2 A3 A4 ~#~ A3 A4 A5 ~#~ A1 A2 A3 ~#~ 
*********************************************************************************
--------------
Threshold: 0,10
--------------
	A1: 238
	A4: 66
	A3: 34
--------------
Threshold: 0,20
--------------
	A1: 238
	A4: 66
	A3: 34
--------------
Threshold: 0,30
--------------
	A1: 238
	A4: 66
	A3: 34
--------------
Threshold: 0,40
--------------
	A1: 165
	A1 | A2: 72
	A4: 58
	A3: 26
	A3 | A4: 12
--------------
Threshold: 0,50
--------------
	A1 | A2: 229
	A3 | A4: 39
	A4: 38
	A3: 16
	A1: 8
--------------
Threshold: 0,60
--------------
	A1 | A2: 237
	A3 | A4: 74
	A3: 10
	A4: 7
--------------
Threshold: 0,70
--------------
	A1 | A2: 192
	A3 | A4: 78
	A1 | A2 | A4: 46
	A3: 5
--------------
Threshold: 0,80
--------------
	A1 | A2 | A4: 146
	A1 | A2: 92
	A3 | A4: 50
	A2 | A3 | A4: 18
	A1 | A3 | A4: 9
	A3 | A4 | A5: 8
*********************************************************************************
All potential concepts based on thresholds
	A1 A2 ~#~ A3 A4 ~#~ A1 A2 A4 ~#~ A2 A3 A4 ~#~ A1 A3 A4 ~#~ A3 A4 A5 ~#~ 
*********************************************************************************
--------------
Threshold: 0,10
--------------
	A1: 202
	A3: 52
	A4: 52
	A2: 32
--------------
Threshold: 0,20
--------------
	A1: 202
	A3: 52
	A4: 52
	A2: 32
--------------
Threshold: 0,30
--------------
	A1: 202
	A3: 52
	A4: 52
	A2: 32
--------------
Threshold: 0,40
--------------
	A1: 127
	A1 | A2: 91
	A3: 45
	A4: 42
	A2: 16
	A3 | A4: 15
--------------
Threshold: 0,50
--------------
	A1 | A2: 234
	A3 | A4: 60
	A3: 20
	A4: 17
--------------
Threshold: 0,60
--------------
	A1 | A2: 234
	A3 | A4: 77
	A2 | A3: 8
	A3: 7
	A4: 5
--------------
Threshold: 0,70
--------------
	A1 | A2: 199
	A3 | A4: 75
	A1 | A2 | A4: 35
	A2 | A3: 9
	A2 | A3 | A4: 8
--------------
Threshold: 0,80
--------------
	A1 | A2 | A4: 130
	A1 | A2: 104
	A3 | A4: 35
	A2 | A3 | A4: 28
	A3 | A4 | A5: 11
	A1 | A3 | A4: 9
	A1 | A2 | A3: 6
	A2 | A3: 6
*********************************************************************************
All potential concepts based on thresholds
	A1 A2 ~#~ A3 A4 ~#~ A2 A3 ~#~ A1 A2 A4 ~#~ A2 A3 A4 ~#~ A3 A4 A5 ~#~ A1 A3 A4 ~#~ A1 A2 A3 ~#~ 
*********************************************************************************
--------------
Threshold: 0,10
--------------
	A1: 232
	A4: 78
	A3: 27
--------------
Threshold: 0,20
--------------
	A1: 232
	A4: 78
	A3: 27
--------------
Threshold: 0,30
--------------
	A1: 232
	A4: 78
	A3: 27
--------------
Threshold: 0,40
--------------
	A1: 152
	A1 | A2: 81
	A4: 78
	A3: 26
--------------
Threshold: 0,50
--------------
	A1 | A2: 227
	A4: 45
	A3 | A4: 37
	A3: 19
	A1: 6
--------------
Threshold: 0,60
--------------
	A1 | A2: 233
	A3 | A4: 73
	A4: 14
	A1 | A3: 7
	A3: 5
--------------
Threshold: 0,70
--------------
	A1 | A2: 203
	A3 | A4: 83
	A1 | A2 | A4: 30
	A1 | A3: 5
--------------
Threshold: 0,80
--------------
	A1 | A2 | A4: 168
	A1 | A2: 65
	A3 | A4: 55
	A1 | A3 | A4: 26
	A2 | A3 | A4: 10
	A3 | A4 | A5: 6
*********************************************************************************
All potential concepts based on thresholds
	A1 A2 ~#~ A3 A4 ~#~ A1 A3 ~#~ A1 A2 A4 ~#~ A1 A3 A4 ~#~ A2 A3 A4 ~#~ A3 A4 A5 ~#~ 
*********************************************************************************
--------------
Threshold: 0,10
--------------
	A1: 203
	A4: 58
	A3: 47
	A2: 30
--------------
Threshold: 0,20
--------------
	A1: 203
	A4: 58
	A3: 47
	A2: 30
--------------
Threshold: 0,30
--------------
	A1: 202
	A4: 58
	A3: 47
	A2: 30
--------------
Threshold: 0,40
--------------
	A1 | A2: 123
	A1: 91
	A4: 42
	A3: 36
	A3 | A4: 25
	A2: 16
--------------
Threshold: 0,50
--------------
	A1 | A2: 230
	A3 | A4: 64
	A4: 17
	A3: 14
	A2 | A3: 7
--------------
Threshold: 0,60
--------------
	A1 | A2: 228
	A3 | A4: 78
	A2 | A3: 10
	A3: 6
	A4: 5
	A1 | A3: 5
--------------
Threshold: 0,70
--------------
	A1 | A2: 175
	A3 | A4: 66
	A1 | A2 | A4: 57
	A1 | A3 | A4: 11
	A2 | A3 | A4: 7
	A2 | A3: 6
	A1 | A2 | A3: 5
	A1 | A3: 5
--------------
Threshold: 0,80
--------------
	A1 | A2 | A4: 157
	A1 | A2: 73
	A3 | A4: 29
	A1 | A3 | A4: 28
	A2 | A3 | A4: 20
	A1 | A2 | A3: 13
	A3 | A4 | A5: 7
*********************************************************************************
All potential concepts based on thresholds
	A1 A2 ~#~ A3 A4 ~#~ A2 A3 ~#~ A1 A3 ~#~ A1 A2 A4 ~#~ A1 A3 A4 ~#~ A2 A3 A4 ~#~ A1 A2 A3 ~#~ A3 A4 A5 ~#~ 
*********************************************************************************
--------------
Threshold: 0,10
--------------
	A1: 132
	A2: 102
	A4: 60
	A3: 42
--------------
Threshold: 0,20
--------------
	A1: 132
	A2: 102
	A4: 60
	A3: 42
--------------
Threshold: 0,30
--------------
	A1: 132
	A2: 102
	A4: 60
	A3: 40
--------------
Threshold: 0,40
--------------
	A1 | A2: 96
	A1: 73
	A2: 65
	A4: 52
	A3: 38
	A3 | A4: 11
--------------
Threshold: 0,50
--------------
	A1 | A2: 234
	A3 | A4: 59
	A4: 25
	A3: 13
--------------
Threshold: 0,60
--------------
	A1 | A2: 234
	A3 | A4: 81
	A3: 9
--------------
Threshold: 0,70
--------------
	A1 | A2: 216
	A3 | A4: 75
	A1 | A2 | A4: 18
	A3 | A4 | A5: 6
	A3 | A5: 6
	A1 | A3 | A4: 5
--------------
Threshold: 0,80
--------------
	A1 | A2: 119
	A1 | A2 | A4: 115
	A3 | A4: 34
	A3 | A4 | A5: 18
	A1 | A3 | A4: 18
	A2 | A3 | A4: 11
*********************************************************************************
All potential concepts based on thresholds
	A1 A2 ~#~ A3 A4 ~#~ A1 A2 A4 ~#~ A3 A4 A5 ~#~ A3 A5 ~#~ A1 A3 A4 ~#~ A2 A3 A4 ~#~ 
*********************************************************************************
--------------
Threshold: 0,10
--------------
	A1: 119
	A2: 116
	A4: 81
	A3: 21
--------------
Threshold: 0,20
--------------
	A1: 119
	A2: 116
	A4: 81
	A3: 21
--------------
Threshold: 0,30
--------------
	A1: 119
	A2: 116
	A4: 81
	A3: 21
--------------
Threshold: 0,40
--------------
	A1 | A2: 124
	A4: 79
	A1: 75
	A2: 35
	A3: 15
--------------
Threshold: 0,50
--------------
	A1 | A2: 233
	A4: 54
	A3 | A4: 31
	A3: 7
	A1 | A3: 6
--------------
Threshold: 0,60
--------------
	A1 | A2: 234
	A3 | A4: 59
	A4: 27
	A1 | A3: 8
--------------
Threshold: 0,70
--------------
	A1 | A2: 193
	A3 | A4: 68
	A1 | A2 | A4: 43
	A1 | A3 | A4: 15
	A4: 7
	A1 | A3: 5
--------------
Threshold: 0,80
--------------
	A1 | A2 | A4: 143
	A1 | A2: 93
	A3 | A4: 43
	A1 | A3 | A4: 42
	A3 | A4 | A5: 5
*********************************************************************************
All potential concepts based on thresholds
	A1 A2 ~#~ A3 A4 ~#~ A1 A3 ~#~ A1 A2 A4 ~#~ A1 A3 A4 ~#~ A3 A4 A5 ~#~ 
*********************************************************************************
--------------
Threshold: 0,10
--------------
	A1: 226
	A3: 53
	A4: 52
	A2: 6
--------------
Threshold: 0,20
--------------
	A1: 226
	A3: 53
	A4: 52
	A2: 6
--------------
Threshold: 0,30
--------------
	A1: 226
	A3: 52
	A4: 52
	A2: 6
--------------
Threshold: 0,40
--------------
	A1: 133
	A1 | A2: 98
	A3: 35
	A4: 34
	A3 | A4: 34
--------------
Threshold: 0,50
--------------
	A1 | A2: 231
	A3 | A4: 71
	A4: 11
	A3: 10
	A2 | A3: 7
--------------
Threshold: 0,60
--------------
	A1 | A2: 232
	A3 | A4: 79
	A2 | A3: 9
	A1 | A3: 5
--------------
Threshold: 0,70
--------------
	A1 | A2: 191
	A3 | A4: 48
	A1 | A2 | A4: 41
	A1 | A3 | A4: 18
	A2 | A3 | A4: 16
	A1 | A2 | A3: 7
	A3 | A4 | A5: 5
--------------
Threshold: 0,80
--------------
	A1 | A2 | A4: 153
	A1 | A2: 76
	A1 | A3 | A4: 26
	A2 | A3 | A4: 25
	A3 | A4: 13
	A1 | A2 | A3: 13
	A1 | A2 | A3 | A4: 13
	A3 | A4 | A5: 7
*********************************************************************************
All potential concepts based on thresholds
	A1 A2 ~#~ A3 A4 ~#~ A2 A3 ~#~ A1 A3 ~#~ A1 A2 A4 ~#~ A1 A3 A4 ~#~ A2 A3 A4 ~#~ A1 A2 A3 ~#~ A3 A4 A5 ~#~ A1 A2 A3 A4 ~#~ 
*********************************************************************************
--------------
Threshold: 0,10
--------------
	A1: 196
	A4: 55
	A3: 52
	A2: 34
--------------
Threshold: 0,20
--------------
	A1: 196
	A4: 55
	A3: 52
	A2: 34
--------------
Threshold: 0,30
--------------
	A1: 196
	A4: 55
	A3: 52
	A2: 34
--------------
Threshold: 0,40
--------------
	A1 | A2: 111
	A1: 107
	A4: 40
	A3: 37
	A3 | A4: 29
	A2: 12
--------------
Threshold: 0,50
--------------
	A1 | A2: 230
	A3 | A4: 72
	A3: 18
	A4: 10
--------------
Threshold: 0,60
--------------
	A1 | A2: 230
	A3 | A4: 80
	A1 | A3: 7
	A3: 6
	A2 | A3: 6
--------------
Threshold: 0,70
--------------
	A1 | A2: 181
	A3 | A4: 58
	A1 | A2 | A4: 49
	A2 | A3 | A4: 15
	A1 | A3 | A4: 11
	A3 | A5: 5
	A2 | A3: 5
	A1 | A3: 5
--------------
Threshold: 0,80
--------------
	A1 | A2 | A4: 140
	A1 | A2: 88
	A3 | A4: 25
	A2 | A3 | A4: 25
	A1 | A3 | A4: 23
	A3 | A4 | A5: 8
	A1 | A2 | A3: 8
	A1 | A2 | A3 | A4: 5
*********************************************************************************
All potential concepts based on thresholds
	A1 A2 ~#~ A3 A4 ~#~ A1 A3 ~#~ A2 A3 ~#~ A1 A2 A4 ~#~ A2 A3 A4 ~#~ A1 A3 A4 ~#~ A3 A5 ~#~ A3 A4 A5 ~#~ A1 A2 A3 ~#~ A1 A2 A3 A4 ~#~ 
*********************************************************************************
--------------
Threshold: 0,10
--------------
	A1: 197
	A4: 63
	A2: 40
	A3: 37
--------------
Threshold: 0,20
--------------
	A1: 197
	A4: 63
	A2: 40
	A3: 37
--------------
Threshold: 0,30
--------------
	A1: 197
	A4: 63
	A2: 40
	A3: 37
--------------
Threshold: 0,40
--------------
	A1: 133
	A1 | A2: 103
	A4: 59
	A3: 31
	A3 | A4: 10
--------------
Threshold: 0,50
--------------
	A1 | A2: 236
	A3 | A4: 49
	A4: 31
	A3: 19
--------------
Threshold: 0,60
--------------
	A1 | A2: 237
	A3 | A4: 80
	A3: 9
	A4: 6
	A1 | A3: 5
--------------
Threshold: 0,70
--------------
	A1 | A2: 184
	A3 | A4: 82
	A1 | A2 | A4: 53
	A1 | A3 | A4: 6
	A1 | A3: 5
--------------
Threshold: 0,80
--------------
	A1 | A2 | A4: 164
	A1 | A2: 73
	A3 | A4: 51
	A1 | A3 | A4: 17
	A2 | A3 | A4: 16
	A3 | A4 | A5: 8
*********************************************************************************
All potential concepts based on thresholds
	A1 A2 ~#~ A3 A4 ~#~ A1 A3 ~#~ A1 A2 A4 ~#~ A1 A3 A4 ~#~ A2 A3 A4 ~#~ A3 A4 A5 ~#~ 
*********************************************************************************
dataset: cConcepts-uniqueInst.arff
--------------
Threshold: 0,10
--------------
	A2: 11
--------------
Threshold: 0,20
--------------
	A2: 11
--------------
Threshold: 0,30
--------------
	A2: 11
--------------
Threshold: 0,40
--------------
	A2: 8
	A1 | A2: 3
--------------
Threshold: 0,50
--------------
	A1 | A2: 12
--------------
Threshold: 0,60
--------------
	A1 | A2: 12
--------------
Threshold: 0,70
--------------
	A1 | A2: 12
--------------
Threshold: 0,80
--------------
	A1 | A2 | A3: 8
	A1 | A2: 4
*********************************************************************************
All potential concepts based on thresholds
	A1 A2 ~#~ A1 A2 A3 ~#~ 
*********************************************************************************
--------------
Threshold: 0,10
--------------
	A1: 12
--------------
Threshold: 0,20
--------------
	A1: 12
--------------
Threshold: 0,30
--------------
	A1: 12
--------------
Threshold: 0,40
--------------
	A1: 12
--------------
Threshold: 0,50
--------------
	A1 | A2: 11
--------------
Threshold: 0,60
--------------
	A1 | A2: 11
--------------
Threshold: 0,70
--------------
	A1 | A2: 11
--------------
Threshold: 0,80
--------------
	A1 | A2 | A4: 12
*********************************************************************************
All potential concepts based on thresholds
	A1 A2 ~#~ A1 A2 A4 ~#~ 
*********************************************************************************
--------------
Threshold: 0,10
--------------
	A1: 10
	A2: 2
--------------
Threshold: 0,20
--------------
	A1: 10
	A2: 2
--------------
Threshold: 0,30
--------------
	A1: 10
	A2: 2
--------------
Threshold: 0,40
--------------
	A1: 10
	A2: 2
--------------
Threshold: 0,50
--------------
	A1 | A2: 12
--------------
Threshold: 0,60
--------------
	A1 | A2: 12
--------------
Threshold: 0,70
--------------
	A1 | A2: 12
--------------
Threshold: 0,80
--------------
	A1 | A2: 12
*********************************************************************************
All potential concepts based on thresholds
	A1 A2 ~#~ 
*********************************************************************************
--------------
Threshold: 0,10
--------------
	A1: 12
--------------
Threshold: 0,20
--------------
	A1: 12
--------------
Threshold: 0,30
--------------
	A1: 12
--------------
Threshold: 0,40
--------------
	A1: 12
--------------
Threshold: 0,50
--------------
	A1 | A2: 12
--------------
Threshold: 0,60
--------------
	A1 | A2: 12
--------------
Threshold: 0,70
--------------
	A1 | A2: 12
--------------
Threshold: 0,80
--------------
	A1 | A2: 10
	A1 | A2 | A3: 2
*********************************************************************************
All potential concepts based on thresholds
	A1 A2 ~#~ A1 A2 A3 ~#~ 
*********************************************************************************
--------------
Threshold: 0,10
--------------
	A2: 13
--------------
Threshold: 0,20
--------------
	A2: 13
--------------
Threshold: 0,30
--------------
	A2: 13
--------------
Threshold: 0,40
--------------
	A2: 13
--------------
Threshold: 0,50
--------------
	A2: 11
	A1 | A2: 2
--------------
Threshold: 0,60
--------------
	A1 | A2: 13
--------------
Threshold: 0,70
--------------
	A1 | A2: 13
--------------
Threshold: 0,80
--------------
	A1 | A2: 13
*********************************************************************************
All potential concepts based on thresholds
	A1 A2 ~#~ 
*********************************************************************************
--------------
Threshold: 0,10
--------------
	A1: 13
--------------
Threshold: 0,20
--------------
	A1: 13
--------------
Threshold: 0,30
--------------
	A1: 13
--------------
Threshold: 0,40
--------------
	A1: 13
--------------
Threshold: 0,50
--------------
	A1 | A2: 13
--------------
Threshold: 0,60
--------------
	A1 | A2: 13
--------------
Threshold: 0,70
--------------
	A1 | A2: 13
--------------
Threshold: 0,80
--------------
	A1 | A2: 9
	A1 | A2 | A4: 4
*********************************************************************************
All potential concepts based on thresholds
	A1 A2 ~#~ A1 A2 A4 ~#~ 
*********************************************************************************
--------------
Threshold: 0,10
--------------
	A1: 12
--------------
Threshold: 0,20
--------------
	A1: 12
--------------
Threshold: 0,30
--------------
	A1: 12
--------------
Threshold: 0,40
--------------
	A1: 10
	A1 | A2: 3
--------------
Threshold: 0,50
--------------
	A1 | A2: 13
--------------
Threshold: 0,60
--------------
	A1 | A2: 13
--------------
Threshold: 0,70
--------------
	A1 | A2: 13
--------------
Threshold: 0,80
--------------
	A1 | A2 | A4: 8
	A1 | A2: 5
*********************************************************************************
All potential concepts based on thresholds
	A1 A2 ~#~ A1 A2 A4 ~#~ 
*********************************************************************************
--------------
Threshold: 0,10
--------------
	A2: 13
--------------
Threshold: 0,20
--------------
	A2: 13
--------------
Threshold: 0,30
--------------
	A2: 13
--------------
Threshold: 0,40
--------------
	A2: 13
--------------
Threshold: 0,50
--------------
	A1 | A2: 13
--------------
Threshold: 0,60
--------------
	A1 | A2: 13
--------------
Threshold: 0,70
--------------
	A1 | A2: 13
--------------
Threshold: 0,80
--------------
	A1 | A2: 11
	A1 | A2 | A4: 2
*********************************************************************************
All potential concepts based on thresholds
	A1 A2 ~#~ A1 A2 A4 ~#~ 
*********************************************************************************
--------------
Threshold: 0,10
--------------
	A2: 13
--------------
Threshold: 0,20
--------------
	A2: 13
--------------
Threshold: 0,30
--------------
	A2: 13
--------------
Threshold: 0,40
--------------
	A2: 10
	A1 | A2: 3
--------------
Threshold: 0,50
--------------
	A1 | A2: 13
--------------
Threshold: 0,60
--------------
	A1 | A2: 13
--------------
Threshold: 0,70
--------------
	A1 | A2: 13
--------------
Threshold: 0,80
--------------
	A1 | A2 | A3: 13
*********************************************************************************
All potential concepts based on thresholds
	A1 A2 ~#~ A1 A2 A3 ~#~ 
*********************************************************************************
--------------
Threshold: 0,10
--------------
	A2: 13
--------------
Threshold: 0,20
--------------
	A2: 13
--------------
Threshold: 0,30
--------------
	A2: 13
--------------
Threshold: 0,40
--------------
	A2: 13
--------------
Threshold: 0,50
--------------
	A2: 7
	A1 | A2: 6
--------------
Threshold: 0,60
--------------
	A1 | A2: 13
--------------
Threshold: 0,70
--------------
	A1 | A2: 13
--------------
Threshold: 0,80
--------------
	A1 | A2: 13
*********************************************************************************
All potential concepts based on thresholds
	A1 A2 ~#~ 
*********************************************************************************
dataset: cDisjunct.arff
--------------
Threshold: 0,10
--------------
	A1: 389
--------------
Threshold: 0,20
--------------
	A1: 389
--------------
Threshold: 0,30
--------------
	A1: 389
--------------
Threshold: 0,40
--------------
	A1: 387
--------------
Threshold: 0,50
--------------
	A1 | A3: 337
	A1: 53
--------------
Threshold: 0,60
--------------
	A1 | A3: 390
--------------
Threshold: 0,70
--------------
	A1 | A3: 390
--------------
Threshold: 0,80
--------------
	A1 | A2 | A3: 196
	A1 | A3: 194
*********************************************************************************
All potential concepts based on thresholds
	A1 A3 ~#~ A1 A2 A3 ~#~ 
*********************************************************************************
--------------
Threshold: 0,10
--------------
	A1: 389
--------------
Threshold: 0,20
--------------
	A1: 389
--------------
Threshold: 0,30
--------------
	A1: 389
--------------
Threshold: 0,40
--------------
	A1: 373
	A1 | A3: 17
--------------
Threshold: 0,50
--------------
	A1 | A3: 350
	A1: 39
--------------
Threshold: 0,60
--------------
	A1 | A3: 389
--------------
Threshold: 0,70
--------------
	A1 | A3: 387
--------------
Threshold: 0,80
--------------
	A1 | A2 | A3: 224
	A1 | A3: 166
*********************************************************************************
All potential concepts based on thresholds
	A1 A3 ~#~ A1 A2 A3 ~#~ 
*********************************************************************************
--------------
Threshold: 0,10
--------------
	A1: 388
--------------
Threshold: 0,20
--------------
	A1: 388
--------------
Threshold: 0,30
--------------
	A1: 388
--------------
Threshold: 0,40
--------------
	A1: 383
	A1 | A3: 5
--------------
Threshold: 0,50
--------------
	A1 | A3: 346
	A1: 43
--------------
Threshold: 0,60
--------------
	A1 | A3: 389
--------------
Threshold: 0,70
--------------
	A1 | A3: 389
--------------
Threshold: 0,80
--------------
	A1 | A3: 203
	A1 | A2 | A3: 187
*********************************************************************************
All potential concepts based on thresholds
	A1 A3 ~#~ A1 A2 A3 ~#~ 
*********************************************************************************
--------------
Threshold: 0,10
--------------
	A1: 390
--------------
Threshold: 0,20
--------------
	A1: 390
--------------
Threshold: 0,30
--------------
	A1: 390
--------------
Threshold: 0,40
--------------
	A1: 386
--------------
Threshold: 0,50
--------------
	A1 | A3: 340
	A1: 50
--------------
Threshold: 0,60
--------------
	A1 | A3: 389
--------------
Threshold: 0,70
--------------
	A1 | A3: 387
--------------
Threshold: 0,80
--------------
	A1 | A2 | A3: 212
	A1 | A3: 178
*********************************************************************************
All potential concepts based on thresholds
	A1 A3 ~#~ A1 A2 A3 ~#~ 
*********************************************************************************
--------------
Threshold: 0,10
--------------
	A1: 391
--------------
Threshold: 0,20
--------------
	A1: 391
--------------
Threshold: 0,30
--------------
	A1: 391
--------------
Threshold: 0,40
--------------
	A1: 381
	A1 | A3: 10
--------------
Threshold: 0,50
--------------
	A1 | A3: 367
	A1: 24
--------------
Threshold: 0,60
--------------
	A1 | A3: 391
--------------
Threshold: 0,70
--------------
	A1 | A3: 391
--------------
Threshold: 0,80
--------------
	A1 | A3: 205
	A1 | A2 | A3: 186
*********************************************************************************
All potential concepts based on thresholds
	A1 A3 ~#~ A1 A2 A3 ~#~ 
*********************************************************************************
--------------
Threshold: 0,10
--------------
	A1: 390
--------------
Threshold: 0,20
--------------
	A1: 390
--------------
Threshold: 0,30
--------------
	A1: 390
--------------
Threshold: 0,40
--------------
	A1: 381
	A1 | A3: 9
--------------
Threshold: 0,50
--------------
	A1 | A3: 357
	A1: 34
--------------
Threshold: 0,60
--------------
	A1 | A3: 391
--------------
Threshold: 0,70
--------------
	A1 | A3: 391
--------------
Threshold: 0,80
--------------
	A1 | A2 | A3: 205
	A1 | A3: 186
*********************************************************************************
All potential concepts based on thresholds
	A1 A3 ~#~ A1 A2 A3 ~#~ 
*********************************************************************************
--------------
Threshold: 0,10
--------------
	A1: 390
--------------
Threshold: 0,20
--------------
	A1: 390
--------------
Threshold: 0,30
--------------
	A1: 390
--------------
Threshold: 0,40
--------------
	A1: 382
	A1 | A3: 9
--------------
Threshold: 0,50
--------------
	A1 | A3: 353
	A1: 38
--------------
Threshold: 0,60
--------------
	A1 | A3: 391
--------------
Threshold: 0,70
--------------
	A1 | A3: 391
--------------
Threshold: 0,80
--------------
	A1 | A3: 206
	A1 | A2 | A3: 185
*********************************************************************************
All potential concepts based on thresholds
	A1 A3 ~#~ A1 A2 A3 ~#~ 
*********************************************************************************
--------------
Threshold: 0,10
--------------
	A1: 390
--------------
Threshold: 0,20
--------------
	A1: 390
--------------
Threshold: 0,30
--------------
	A1: 390
--------------
Threshold: 0,40
--------------
	A1: 389
--------------
Threshold: 0,50
--------------
	A1 | A3: 337
	A1: 54
--------------
Threshold: 0,60
--------------
	A1 | A3: 389
--------------
Threshold: 0,70
--------------
	A1 | A3: 391
--------------
Threshold: 0,80
--------------
	A1 | A2 | A3: 201
	A1 | A3: 190
*********************************************************************************
All potential concepts based on thresholds
	A1 A3 ~#~ A1 A2 A3 ~#~ 
*********************************************************************************
--------------
Threshold: 0,10
--------------
	A1: 391
--------------
Threshold: 0,20
--------------
	A1: 391
--------------
Threshold: 0,30
--------------
	A1: 391
--------------
Threshold: 0,40
--------------
	A1: 381
	A1 | A3: 10
--------------
Threshold: 0,50
--------------
	A1 | A3: 352
	A1: 39
--------------
Threshold: 0,60
--------------
	A1 | A3: 390
--------------
Threshold: 0,70
--------------
	A1 | A3: 390
--------------
Threshold: 0,80
--------------
	A1 | A2 | A3: 218
	A1 | A3: 173
*********************************************************************************
All potential concepts based on thresholds
	A1 A3 ~#~ A1 A2 A3 ~#~ 
*********************************************************************************
--------------
Threshold: 0,10
--------------
	A1: 389
--------------
Threshold: 0,20
--------------
	A1: 389
--------------
Threshold: 0,30
--------------
	A1: 389
--------------
Threshold: 0,40
--------------
	A1: 379
	A1 | A3: 11
--------------
Threshold: 0,50
--------------
	A1 | A3: 343
	A1: 48
--------------
Threshold: 0,60
--------------
	A1 | A3: 391
--------------
Threshold: 0,70
--------------
	A1 | A3: 390
--------------
Threshold: 0,80
--------------
	A1 | A2 | A3: 212
	A1 | A3: 179
*********************************************************************************
All potential concepts based on thresholds
	A1 A3 ~#~ A1 A2 A3 ~#~ 
*********************************************************************************
dataset: cLogicalConcB-uniqueInst.arff
--------------
Threshold: 0,10
--------------
	A2: 25
	A6: 25
--------------
Threshold: 0,20
--------------
	A2: 25
	A6: 25
--------------
Threshold: 0,30
--------------
	A2 | A6: 47
--------------
Threshold: 0,40
--------------
	A2 | A6: 50
--------------
Threshold: 0,50
--------------
	A2 | A6: 37
	A1 | A2 | A6: 13
--------------
Threshold: 0,60
--------------
	A1 | A2 | A6: 42
	A2 | A3 | A6: 8
--------------
Threshold: 0,70
--------------
	A1 | A2 | A6: 25
	A1 | A2 | A3 | A6: 19
	A2 | A3 | A6: 6
--------------
Threshold: 0,80
--------------
	A1 | A2 | A3 | A6: 50
*********************************************************************************
All potential concepts based on thresholds
	A2 A6 ~#~ A1 A2 A6 ~#~ A2 A3 A6 ~#~ A1 A2 A3 A6 ~#~ 
*********************************************************************************
--------------
Threshold: 0,10
--------------
	A2: 31
	A6: 19
--------------
Threshold: 0,20
--------------
	A2: 31
	A6: 19
--------------
Threshold: 0,30
--------------
	A2 | A6: 37
	A2: 13
--------------
Threshold: 0,40
--------------
	A2 | A6: 50
--------------
Threshold: 0,50
--------------
	A2 | A6: 49
--------------
Threshold: 0,60
--------------
	A1 | A2 | A6: 34
	A2 | A3 | A6: 11
	A2 | A6: 5
--------------
Threshold: 0,70
--------------
	A1 | A2 | A6: 33
	A2 | A3 | A6: 11
	A1 | A2 | A3 | A6: 6
--------------
Threshold: 0,80
--------------
	A1 | A2 | A3 | A6: 50
*********************************************************************************
All potential concepts based on thresholds
	A2 A6 ~#~ A1 A2 A6 ~#~ A2 A3 A6 ~#~ A1 A2 A3 A6 ~#~ 
*********************************************************************************
--------------
Threshold: 0,10
--------------
	A2: 36
	A6: 14
--------------
Threshold: 0,20
--------------
	A2: 36
	A6: 14
--------------
Threshold: 0,30
--------------
	A2 | A6: 45
	A2: 5
--------------
Threshold: 0,40
--------------
	A2 | A6: 50
--------------
Threshold: 0,50
--------------
	A2 | A6: 43
	A2 | A3 | A6: 7
--------------
Threshold: 0,60
--------------
	A2 | A3 | A6: 48
--------------
Threshold: 0,70
--------------
	A2 | A3 | A6: 39
	A1 | A2 | A3 | A6: 9
--------------
Threshold: 0,80
--------------
	A1 | A2 | A3 | A6: 50
*********************************************************************************
All potential concepts based on thresholds
	A2 A6 ~#~ A2 A3 A6 ~#~ A1 A2 A3 A6 ~#~ 
*********************************************************************************
--------------
Threshold: 0,10
--------------
	A2: 34
	A6: 16
--------------
Threshold: 0,20
--------------
	A2: 34
	A6: 16
--------------
Threshold: 0,30
--------------
	A2 | A6: 43
	A2: 7
--------------
Threshold: 0,40
--------------
	A2 | A6: 50
--------------
Threshold: 0,50
--------------
	A2 | A6: 39
	A1 | A2 | A6: 10
--------------
Threshold: 0,60
--------------
	A1 | A2 | A6: 39
	A2 | A3 | A6: 11
--------------
Threshold: 0,70
--------------
	A1 | A2 | A6: 25
	A1 | A2 | A3 | A6: 16
	A2 | A3 | A6: 9
--------------
Threshold: 0,80
--------------
	A1 | A2 | A3 | A6: 50
*********************************************************************************
All potential concepts based on thresholds
	A2 A6 ~#~ A1 A2 A6 ~#~ A2 A3 A6 ~#~ A1 A2 A3 A6 ~#~ 
*********************************************************************************
--------------
Threshold: 0,10
--------------
	A2: 29
	A6: 21
--------------
Threshold: 0,20
--------------
	A2: 29
	A6: 21
--------------
Threshold: 0,30
--------------
	A2 | A6: 25
	A2: 19
	A6: 6
--------------
Threshold: 0,40
--------------
	A2 | A6: 50
--------------
Threshold: 0,50
--------------
	A2 | A6: 50
--------------
Threshold: 0,60
--------------
	A1 | A2 | A6: 34
	A2 | A6: 11
	A2 | A3 | A6: 5
--------------
Threshold: 0,70
--------------
	A1 | A2 | A6: 39
	A2 | A3 | A6: 7
	A1 | A2 | A3 | A6: 4
--------------
Threshold: 0,80
--------------
	A1 | A2 | A3 | A6: 50
*********************************************************************************
All potential concepts based on thresholds
	A2 A6 ~#~ A1 A2 A6 ~#~ A2 A3 A6 ~#~ A1 A2 A3 A6 ~#~ 
*********************************************************************************
--------------
Threshold: 0,10
--------------
	A6: 25
	A2: 24
--------------
Threshold: 0,20
--------------
	A6: 25
	A2: 24
--------------
Threshold: 0,30
--------------
	A2 | A6: 48
--------------
Threshold: 0,40
--------------
	A2 | A6: 49
--------------
Threshold: 0,50
--------------
	A2 | A6: 35
	A2 | A3 | A6: 11
--------------
Threshold: 0,60
--------------
	A2 | A3 | A6: 40
	A1 | A2 | A6: 9
--------------
Threshold: 0,70
--------------
	A2 | A3 | A6: 30
	A1 | A2 | A3 | A6: 15
	A1 | A2 | A6: 5
--------------
Threshold: 0,80
--------------
	A1 | A2 | A3 | A6: 50
*********************************************************************************
All potential concepts based on thresholds
	A2 A6 ~#~ A2 A3 A6 ~#~ A1 A2 A6 ~#~ A1 A2 A3 A6 ~#~ 
*********************************************************************************
--------------
Threshold: 0,10
--------------
	A2: 45
	A6: 6
--------------
Threshold: 0,20
--------------
	A2: 45
	A6: 6
--------------
Threshold: 0,30
--------------
	A2: 35
	A2 | A6: 13
--------------
Threshold: 0,40
--------------
	A2 | A6: 51
--------------
Threshold: 0,50
--------------
	A2 | A6: 51
--------------
Threshold: 0,60
--------------
	A2 | A6: 32
	A1 | A2 | A6: 11
	A2 | A3 | A6: 8
--------------
Threshold: 0,70
--------------
	A2 | A3 | A6: 28
	A1 | A2 | A6: 23
--------------
Threshold: 0,80
--------------
	A1 | A2 | A3 | A6: 50
*********************************************************************************
All potential concepts based on thresholds
	A2 A6 ~#~ A1 A2 A6 ~#~ A2 A3 A6 ~#~ A1 A2 A3 A6 ~#~ 
*********************************************************************************
--------------
Threshold: 0,10
--------------
	A2: 36
	A6: 15
--------------
Threshold: 0,20
--------------
	A2: 36
	A6: 15
--------------
Threshold: 0,30
--------------
	A2 | A6: 42
	A2: 9
--------------
Threshold: 0,40
--------------
	A2 | A6: 51
--------------
Threshold: 0,50
--------------
	A2 | A6: 44
	A2 | A3 | A6: 7
--------------
Threshold: 0,60
--------------
	A2 | A3 | A6: 48
--------------
Threshold: 0,70
--------------
	A2 | A3 | A6: 28
	A1 | A2 | A3 | A6: 22
--------------
Threshold: 0,80
--------------
	A1 | A2 | A3 | A6: 51
*********************************************************************************
All potential concepts based on thresholds
	A2 A6 ~#~ A2 A3 A6 ~#~ A1 A2 A3 A6 ~#~ 
*********************************************************************************
--------------
Threshold: 0,10
--------------
	A6: 48
--------------
Threshold: 0,20
--------------
	A6: 48
--------------
Threshold: 0,30
--------------
	A6: 29
	A2 | A6: 21
--------------
Threshold: 0,40
--------------
	A2 | A6: 51
--------------
Threshold: 0,50
--------------
	A2 | A6: 51
--------------
Threshold: 0,60
--------------
	A1 | A2 | A6: 35
	A2 | A6: 9
	A2 | A3 | A6: 7
--------------
Threshold: 0,70
--------------
	A1 | A2 | A6: 32
	A1 | A2 | A3 | A6: 15
	A2 | A3 | A6: 4
--------------
Threshold: 0,80
--------------
	A1 | A2 | A3 | A6: 51
*********************************************************************************
All potential concepts based on thresholds
	A2 A6 ~#~ A1 A2 A6 ~#~ A2 A3 A6 ~#~ A1 A2 A3 A6 ~#~ 
*********************************************************************************
--------------
Threshold: 0,10
--------------
	A2: 51
--------------
Threshold: 0,20
--------------
	A2: 51
--------------
Threshold: 0,30
--------------
	A2: 26
	A2 | A6: 25
--------------
Threshold: 0,40
--------------
	A2 | A6: 51
--------------
Threshold: 0,50
--------------
	A2 | A6: 50
--------------
Threshold: 0,60
--------------
	A1 | A2 | A6: 44
	A2 | A3 | A6: 5
--------------
Threshold: 0,70
--------------
	A1 | A2 | A6: 39
	A1 | A2 | A3 | A6: 7
	A2 | A3 | A6: 5
--------------
Threshold: 0,80
--------------
	A1 | A2 | A3 | A6: 51
*********************************************************************************
All potential concepts based on thresholds
	A2 A6 ~#~ A1 A2 A6 ~#~ A2 A3 A6 ~#~ A1 A2 A3 A6 ~#~ 
*********************************************************************************
dataset: cLogicalConcBNoisy-uniqueInst.arff
--------------
Threshold: 0,10
--------------
	A2: 45
	A6: 3
--------------
Threshold: 0,20
--------------
	A2: 45
	A6: 3
--------------
Threshold: 0,30
--------------
	A2: 25
	A2 | A6: 23
--------------
Threshold: 0,40
--------------
	A2 | A6: 48
--------------
Threshold: 0,50
--------------
	A2 | A6: 48
--------------
Threshold: 0,60
--------------
	A1 | A2 | A6: 39
	A2 | A3 | A6: 8
--------------
Threshold: 0,70
--------------
	A1 | A2 | A6: 22
	A1 | A2 | A3 | A6: 21
	A2 | A3 | A6: 5
--------------
Threshold: 0,80
--------------
	A1 | A2 | A3 | A6: 46
	A1 | A2 | A3 | A5 | A6: 2
*********************************************************************************
All potential concepts based on thresholds
	A2 A6 ~#~ A1 A2 A6 ~#~ A2 A3 A6 ~#~ A1 A2 A3 A6 ~#~ A1 A2 A3 A5 A6 ~#~ 
*********************************************************************************
--------------
Threshold: 0,10
--------------
	A6: 35
	A2: 13
--------------
Threshold: 0,20
--------------
	A6: 35
	A2: 13
--------------
Threshold: 0,30
--------------
	A6: 21
	A2 | A6: 20
	A2: 7
--------------
Threshold: 0,40
--------------
	A2 | A6: 48
--------------
Threshold: 0,50
--------------
	A2 | A6: 48
--------------
Threshold: 0,60
--------------
	A1 | A2 | A6: 35
	A2 | A6: 13
--------------
Threshold: 0,70
--------------
	A1 | A2 | A6: 48
--------------
Threshold: 0,80
--------------
	A1 | A2 | A3 | A6: 48
*********************************************************************************
All potential concepts based on thresholds
	A2 A6 ~#~ A1 A2 A6 ~#~ A1 A2 A3 A6 ~#~ 
*********************************************************************************
--------------
Threshold: 0,10
--------------
	A2: 47
--------------
Threshold: 0,20
--------------
	A2: 47
--------------
Threshold: 0,30
--------------
	A2 | A6: 39
	A2: 9
--------------
Threshold: 0,40
--------------
	A2 | A6: 48
--------------
Threshold: 0,50
--------------
	A2 | A6: 43
	A1 | A2 | A6: 5
--------------
Threshold: 0,60
--------------
	A1 | A2 | A6: 44
	A2 | A3 | A6: 4
--------------
Threshold: 0,70
--------------
	A1 | A2 | A3 | A6: 26
	A1 | A2 | A6: 19
	A2 | A3 | A6: 3
--------------
Threshold: 0,80
--------------
	A1 | A2 | A3 | A6: 48
*********************************************************************************
All potential concepts based on thresholds
	A2 A6 ~#~ A1 A2 A6 ~#~ A2 A3 A6 ~#~ A1 A2 A3 A6 ~#~ 
*********************************************************************************
--------------
Threshold: 0,10
--------------
	A6: 31
	A2: 17
--------------
Threshold: 0,20
--------------
	A6: 31
	A2: 17
--------------
Threshold: 0,30
--------------
	A2 | A6: 34
	A6: 8
	A2: 6
--------------
Threshold: 0,40
--------------
	A2 | A6: 48
--------------
Threshold: 0,50
--------------
	A2 | A6: 48
--------------
Threshold: 0,60
--------------
	A1 | A2 | A6: 45
	A2 | A6: 3
--------------
Threshold: 0,70
--------------
	A1 | A2 | A6: 48
--------------
Threshold: 0,80
--------------
	A1 | A2 | A3 | A6: 48
*********************************************************************************
All potential concepts based on thresholds
	A2 A6 ~#~ A1 A2 A6 ~#~ A1 A2 A3 A6 ~#~ 
*********************************************************************************
--------------
Threshold: 0,10
--------------
	A2: 30
	A6: 19
--------------
Threshold: 0,20
--------------
	A2: 30
	A6: 19
--------------
Threshold: 0,30
--------------
	A2 | A6: 43
	A2: 6
--------------
Threshold: 0,40
--------------
	A2 | A6: 49
--------------
Threshold: 0,50
--------------
	A2 | A6: 44
	A1 | A2 | A6: 5
--------------
Threshold: 0,60
--------------
	A1 | A2 | A6: 49
--------------
Threshold: 0,70
--------------
	A1 | A2 | A6: 45
	A1 | A2 | A3 | A6: 4
--------------
Threshold: 0,80
--------------
	A1 | A2 | A3 | A6: 49
*********************************************************************************
All potential concepts based on thresholds
	A2 A6 ~#~ A1 A2 A6 ~#~ A1 A2 A3 A6 ~#~ 
*********************************************************************************
--------------
Threshold: 0,10
--------------
	A2: 49
--------------
Threshold: 0,20
--------------
	A2: 49
--------------
Threshold: 0,30
--------------
	A2 | A6: 33
	A2: 14
	A1 | A2: 2
--------------
Threshold: 0,40
--------------
	A2 | A6: 47
	A1 | A2: 2
--------------
Threshold: 0,50
--------------
	A2 | A6: 47
	A1 | A2 | A6: 2
--------------
Threshold: 0,60
--------------
	A1 | A2 | A6: 49
--------------
Threshold: 0,70
--------------
	A1 | A2 | A6: 49
--------------
Threshold: 0,80
--------------
	A1 | A2 | A3 | A6: 49
*********************************************************************************
All potential concepts based on thresholds
	A2 A6 ~#~ A1 A2 ~#~ A1 A2 A6 ~#~ A1 A2 A3 A6 ~#~ 
*********************************************************************************
--------------
Threshold: 0,10
--------------
	A6: 27
	A2: 22
--------------
Threshold: 0,20
--------------
	A6: 27
	A2: 22
--------------
Threshold: 0,30
--------------
	A2 | A6: 39
	A2: 8
	A6: 2
--------------
Threshold: 0,40
--------------
	A2 | A6: 49
--------------
Threshold: 0,50
--------------
	A2 | A6: 43
	A1 | A2 | A6: 6
--------------
Threshold: 0,60
--------------
	A1 | A2 | A6: 44
	A2 | A3 | A6: 4
--------------
Threshold: 0,70
--------------
	A1 | A2 | A6: 43
	A2 | A3 | A6: 4
	A1 | A2 | A3 | A6: 2
--------------
Threshold: 0,80
--------------
	A1 | A2 | A3 | A6: 49
*********************************************************************************
All potential concepts based on thresholds
	A2 A6 ~#~ A1 A2 A6 ~#~ A2 A3 A6 ~#~ A1 A2 A3 A6 ~#~ 
*********************************************************************************
--------------
Threshold: 0,10
--------------
	A2: 35
	A6: 14
--------------
Threshold: 0,20
--------------
	A2: 35
	A6: 14
--------------
Threshold: 0,30
--------------
	A2 | A6: 42
	A2: 7
--------------
Threshold: 0,40
--------------
	A2 | A6: 49
--------------
Threshold: 0,50
--------------
	A2 | A6: 47
	A1 | A2 | A6: 2
--------------
Threshold: 0,60
--------------
	A1 | A2 | A6: 48
--------------
Threshold: 0,70
--------------
	A1 | A2 | A6: 45
	A1 | A2 | A3 | A6: 4
--------------
Threshold: 0,80
--------------
	A1 | A2 | A3 | A6: 49
*********************************************************************************
All potential concepts based on thresholds
	A2 A6 ~#~ A1 A2 A6 ~#~ A1 A2 A3 A6 ~#~ 
*********************************************************************************
--------------
Threshold: 0,10
--------------
	A2: 32
	A6: 17
--------------
Threshold: 0,20
--------------
	A2: 32
	A6: 17
--------------
Threshold: 0,30
--------------
	A2 | A6: 49
--------------
Threshold: 0,40
--------------
	A2 | A6: 49
--------------
Threshold: 0,50
--------------
	A2 | A6: 40
	A1 | A2 | A6: 9
--------------
Threshold: 0,60
--------------
	A1 | A2 | A6: 49
--------------
Threshold: 0,70
--------------
	A1 | A2 | A6: 34
	A1 | A2 | A3 | A6: 15
--------------
Threshold: 0,80
--------------
	A1 | A2 | A3 | A6: 49
*********************************************************************************
All potential concepts based on thresholds
	A2 A6 ~#~ A1 A2 A6 ~#~ A1 A2 A3 A6 ~#~ 
*********************************************************************************
--------------
Threshold: 0,10
--------------
	A2: 45
	A6: 4
--------------
Threshold: 0,20
--------------
	A2: 45
	A6: 4
--------------
Threshold: 0,30
--------------
	A2: 27
	A2 | A6: 22
--------------
Threshold: 0,40
--------------
	A2 | A6: 49
--------------
Threshold: 0,50
--------------
	A2 | A6: 49
--------------
Threshold: 0,60
--------------
	A2 | A3 | A6: 24
	A1 | A2 | A6: 13
	A2 | A6: 12
--------------
Threshold: 0,70
--------------
	A2 | A3 | A6: 30
	A1 | A2 | A6: 17
	A1 | A2 | A3 | A6: 2
--------------
Threshold: 0,80
--------------
	A1 | A2 | A3 | A6: 49
*********************************************************************************
All potential concepts based on thresholds
	A2 A6 ~#~ A2 A3 A6 ~#~ A1 A2 A6 ~#~ A1 A2 A3 A6 ~#~ 
*********************************************************************************
dataset: cModGroups.arff
--------------
Threshold: 0,10
--------------
	I2: 312
	I1: 160
	R2: 60
	R1: 51
--------------
Threshold: 0,20
--------------
	I2: 312
	I1: 160
	R2: 60
	R1: 51
--------------
Threshold: 0,30
--------------
	I2: 312
	I1: 158
	R2: 60
	R1: 49
--------------
Threshold: 0,40
--------------
	I2: 265
	I1: 116
	R2: 39
	I1 | I2: 31
	I1 | R1: 27
	I2 | R1: 26
	R1: 24
	I1 | R2: 22
	I2 | R2: 20
	R1 | R2: 13
--------------
Threshold: 0,50
--------------
	I2: 187
	I1 | I2: 96
	I1: 69
	I2 | R1: 48
	I1 | R1: 48
	I2 | R2: 45
	I1 | R2: 41
	R1 | R2: 25
	R2: 15
	R1: 9
--------------
Threshold: 0,60
--------------
	I1 | I2: 198
	I2: 72
	I1 | R1: 62
	I2 | R2: 59
	I2 | R1: 57
	I1 | R2: 57
	I1: 34
	R1 | R2: 22
	I1 | R1 | R2: 7
--------------
Threshold: 0,70
--------------
	I1 | I2: 216
	I1 | R2: 51
	I1 | R1: 49
	I2 | R2: 47
	I1 | I2 | R1: 47
	I2 | R1: 40
	I1 | I2 | R2: 39
	I1 | R1 | R2: 31
	I2 | R1 | R2: 30
	R1 | R2: 14
	I1: 10
	I2: 8
--------------
Threshold: 0,80
--------------
	I1 | I2: 150
	I1 | I2 | R1: 101
	I1 | I2 | R2: 100
	I1 | R1 | R2: 55
	I2 | R1 | R2: 55
	I1 | R1: 32
	I1 | R2: 32
	I2 | R2: 26
	I2 | R1: 18
*********************************************************************************
All potential concepts based on thresholds
	I1 I2 ~#~ I1 R1 ~#~ I2 R1 ~#~ I1 R2 ~#~ I2 R2 ~#~ R1 R2 ~#~ I1 R1 R2 ~#~ I1 I2 R1 ~#~ I1 I2 R2 ~#~ I2 R1 R2 ~#~ 
*********************************************************************************
--------------
Threshold: 0,10
--------------
	I1: 325
	I2: 221
	R2: 22
	R1: 15
--------------
Threshold: 0,20
--------------
	I1: 325
	I2: 221
	R2: 22
	R1: 15
--------------
Threshold: 0,30
--------------
	I1: 325
	I2: 220
	R2: 22
	R1: 15
--------------
Threshold: 0,40
--------------
	I1: 295
	I2: 191
	I1 | I2: 39
	R2: 16
	I2 | R2: 10
	R1: 9
	I2 | R1: 7
	I1 | R1: 7
	I1 | R2: 7
--------------
Threshold: 0,50
--------------
	I1: 204
	I1 | I2: 191
	I2: 99
	I1 | R2: 34
	I1 | R1: 18
	I2 | R2: 13
	I2 | R1: 12
--------------
Threshold: 0,60
--------------
	I1 | I2: 372
	I1: 69
	I1 | R2: 51
	I1 | R1: 35
	I2 | R2: 14
	I2: 13
	I2 | R1: 12
--------------
Threshold: 0,70
--------------
	I1 | I2: 383
	I1 | R2: 52
	I1 | R1: 40
	I1 | I2 | R2: 36
	I1: 21
	I1 | I2 | R1: 21
	I2 | R1: 8
	I2 | R2: 8
--------------
Threshold: 0,80
--------------
	I1 | I2: 299
	I1 | I2 | R2: 108
	I1 | I2 | R1: 86
	I1 | R2: 28
	I1 | R1 | R2: 24
	I1 | R1: 18
	I2 | R1 | R2: 11
*********************************************************************************
All potential concepts based on thresholds
	I1 I2 ~#~ I2 R2 ~#~ I2 R1 ~#~ I1 R1 ~#~ I1 R2 ~#~ I1 I2 R2 ~#~ I1 I2 R1 ~#~ I1 R1 R2 ~#~ I2 R1 R2 ~#~ 
*********************************************************************************
--------------
Threshold: 0,10
--------------
	I2: 368
	I1: 156
	R2: 39
	R1: 20
--------------
Threshold: 0,20
--------------
	I2: 368
	I1: 156
	R2: 39
	R1: 20
--------------
Threshold: 0,30
--------------
	I2: 367
	I1: 154
	R2: 37
	R1: 20
--------------
Threshold: 0,40
--------------
	I2: 339
	I1: 136
	I1 | I2: 26
	R2: 23
	I2 | R2: 16
	I2 | R1: 14
	R1: 9
	I1 | R2: 9
--------------
Threshold: 0,50
--------------
	I2: 208
	I1 | I2: 189
	I1: 69
	I2 | R2: 43
	I2 | R1: 28
	I1 | R2: 14
	I1 | R1: 11
	R1 | R2: 10
	R2: 8
--------------
Threshold: 0,60
--------------
	I1 | I2: 312
	I2: 92
	I2 | R2: 62
	I2 | R1: 44
	I1: 23
	I1 | R2: 14
	R1 | R2: 10
	I1 | R1: 9
--------------
Threshold: 0,70
--------------
	I1 | I2: 356
	I2 | R2: 63
	I2 | R1: 41
	I1 | I2 | R2: 29
	I1 | I2 | R1: 27
	I2 | R1 | R2: 20
	I2: 19
	I1 | R1: 9
	I1 | R2: 8
--------------
Threshold: 0,80
--------------
	I1 | I2: 290
	I1 | I2 | R2: 85
	I1 | I2 | R1: 77
	I2 | R1 | R2: 43
	I2 | R2: 37
	I2 | R1: 24
	I1 | R1 | R2: 7
*********************************************************************************
All potential concepts based on thresholds
	I1 I2 ~#~ I2 R2 ~#~ I2 R1 ~#~ I1 R2 ~#~ I1 R1 ~#~ R1 R2 ~#~ I1 I2 R2 ~#~ I1 I2 R1 ~#~ I2 R1 R2 ~#~ I1 R1 R2 ~#~ 
*********************************************************************************
--------------
Threshold: 0,10
--------------
	I2: 327
	I1: 218
	R1: 24
	R2: 14
--------------
Threshold: 0,20
--------------
	I2: 327
	I1: 218
	R1: 24
	R2: 14
--------------
Threshold: 0,30
--------------
	I2: 326
	I1: 216
	R1: 24
	R2: 14
--------------
Threshold: 0,40
--------------
	I2: 310
	I1: 202
	R1: 20
	I1 | I2: 11
	I2 | R1: 10
	I1 | R1: 10
	R2: 9
	I1 | R2: 7
--------------
Threshold: 0,50
--------------
	I2: 278
	I1: 148
	I1 | I2: 68
	I1 | R1: 25
	I2 | R1: 23
	I1 | R2: 17
	I2 | R2: 8
	R1 | R2: 7
--------------
Threshold: 0,60
--------------
	I2: 204
	I1 | I2: 183
	I1: 69
	I2 | R1: 37
	I1 | R1: 31
	I1 | R2: 22
	I2 | R2: 18
	R1 | R2: 10
--------------
Threshold: 0,70
--------------
	I1 | I2: 245
	I2: 116
	I2 | R1: 52
	I1: 33
	I2 | R2: 33
	I1 | R1: 27
	I1 | R2: 20
	I1 | I2 | R1: 20
	R1 | R2: 10
	I1 | I2 | R2: 9
	I2 | R1 | R2: 9
	I1 | R1 | R2: 8
--------------
Threshold: 0,80
--------------
	I1 | I2: 226
	I1 | I2 | R1: 64
	I2 | R1: 60
	I1 | I2 | R2: 54
	I2: 43
	I2 | R2: 38
	I1 | R1 | R2: 27
	I2 | R1 | R2: 21
	I1 | R1: 20
	I1 | R2: 15
	I1: 10
*********************************************************************************
All potential concepts based on thresholds
	I1 I2 ~#~ I2 R1 ~#~ I1 R1 ~#~ I1 R2 ~#~ I2 R2 ~#~ R1 R2 ~#~ I1 I2 R1 ~#~ I1 I2 R2 ~#~ I2 R1 R2 ~#~ I1 R1 R2 ~#~ 
*********************************************************************************
--------------
Threshold: 0,10
--------------
	I1: 286
	I2: 221
	R2: 67
	R1: 9
--------------
Threshold: 0,20
--------------
	I1: 286
	I2: 221
	R2: 67
	R1: 9
--------------
Threshold: 0,30
--------------
	I1: 285
	I2: 220
	R2: 66
	R1: 9
--------------
Threshold: 0,40
--------------
	I1: 247
	I2: 202
	R2: 56
	I1 | I2: 32
	I1 | R2: 20
	I2 | R2: 10
--------------
Threshold: 0,50
--------------
	I1 | I2: 172
	I1: 133
	I2: 112
	I1 | R2: 70
	I2 | R2: 42
	R2: 21
	I2 | R1: 13
	I1 | R1: 13
--------------
Threshold: 0,60
--------------
	I1 | I2: 256
	I1 | R2: 89
	I2 | R2: 66
	I1: 58
	I2: 50
	I1 | R1: 23
	I2 | R1: 20
	R2: 7
--------------
Threshold: 0,70
--------------
	I1 | I2: 254
	I1 | R2: 85
	I2 | R2: 63
	I1 | I2 | R2: 46
	I1 | R1: 25
	I2: 24
	I1: 20
	I1 | I2 | R1: 20
	I2 | R1: 17
	I2 | R1 | R2: 12
	I1 | R1 | R2: 8
--------------
Threshold: 0,80
--------------
	I1 | I2: 186
	I1 | I2 | R2: 158
	I1 | I2 | R1: 53
	I2 | R2: 37
	I1 | R2: 37
	I1 | R1 | R2: 35
	I2 | R1 | R2: 32
	I1 | R1: 20
	I2 | R1: 10
*********************************************************************************
All potential concepts based on thresholds
	I1 I2 ~#~ I1 R2 ~#~ I2 R2 ~#~ I2 R1 ~#~ I1 R1 ~#~ I1 I2 R2 ~#~ I1 I2 R1 ~#~ I2 R1 R2 ~#~ I1 R1 R2 ~#~ 
*********************************************************************************
--------------
Threshold: 0,10
--------------
	I2: 332
	I1: 245
--------------
Threshold: 0,20
--------------
	I2: 332
	I1: 245
--------------
Threshold: 0,30
--------------
	I2: 332
	I1: 244
--------------
Threshold: 0,40
--------------
	I2: 321
	I1: 232
	I1 | I2: 13
--------------
Threshold: 0,50
--------------
	I2: 239
	I1: 163
	I1 | I2: 141
	I1 | R2: 11
	I1 | R1: 10
	I2 | R1: 9
	I2 | R2: 8
--------------
Threshold: 0,60
--------------
	I1 | I2: 326
	I2: 101
	I1: 83
	I1 | R1: 19
	I1 | R2: 19
	I2 | R1: 18
	I2 | R2: 13
--------------
Threshold: 0,70
--------------
	I1 | I2: 391
	I2: 47
	I1: 33
	I1 | R1: 25
	I2 | R1: 22
	I1 | I2 | R2: 17
	I1 | R2: 14
	I2 | R2: 13
	I1 | I2 | R1: 12
--------------
Threshold: 0,80
--------------
	I1 | I2: 346
	I1 | I2 | R2: 72
	I1 | I2 | R1: 65
	I2: 25
	I1 | R1: 15
	I1 | R2: 14
	I2 | R1: 13
	I1 | R1 | R2: 9
	I2 | R1 | R2: 9
	I2 | R2: 7
*********************************************************************************
All potential concepts based on thresholds
	I1 I2 ~#~ I1 R2 ~#~ I1 R1 ~#~ I2 R1 ~#~ I2 R2 ~#~ I1 I2 R2 ~#~ I1 I2 R1 ~#~ I1 R1 R2 ~#~ I2 R1 R2 ~#~ 
*********************************************************************************
--------------
Threshold: 0,10
--------------
	I2: 471
	I1: 96
	R2: 11
--------------
Threshold: 0,20
--------------
	I2: 471
	I1: 96
	R2: 11
--------------
Threshold: 0,30
--------------
	I2: 471
	I1: 95
	R2: 11
--------------
Threshold: 0,40
--------------
	I2: 437
	I1: 81
	I1 | I2: 35
	I2 | R2: 10
	I2 | R1: 8
--------------
Threshold: 0,50
--------------
	I2: 276
	I1 | I2: 199
	I2 | R2: 32
	I1: 31
	I2 | R1: 27
	I1 | R2: 8
	I1 | R1: 7
--------------
Threshold: 0,60
--------------
	I1 | I2: 359
	I2: 94
	I2 | R1: 47
	I2 | R2: 46
	I1: 11
	I1 | R1: 11
	I1 | R2: 9
--------------
Threshold: 0,70
--------------
	I1 | I2: 378
	I2 | R1: 60
	I2 | R2: 42
	I2: 28
	I1 | I2 | R2: 28
	I1 | I2 | R1: 21
	I1 | R1: 9
	I1 | R2: 7
	I2 | R1 | R2: 7
--------------
Threshold: 0,80
--------------
	I1 | I2: 277
	I1 | I2 | R1: 110
	I1 | I2 | R2: 94
	I2 | R1 | R2: 30
	I2 | R1: 29
	I2 | R2: 24
	I2: 7
*********************************************************************************
All potential concepts based on thresholds
	I1 I2 ~#~ I2 R2 ~#~ I2 R1 ~#~ I1 R2 ~#~ I1 R1 ~#~ I1 I2 R2 ~#~ I1 I2 R1 ~#~ I2 R1 R2 ~#~ 
*********************************************************************************
--------------
Threshold: 0,10
--------------
	I1: 354
	I2: 169
	R1: 54
--------------
Threshold: 0,20
--------------
	I1: 354
	I2: 169
	R1: 54
--------------
Threshold: 0,30
--------------
	I1: 353
	I2: 168
	R1: 51
--------------
Threshold: 0,40
--------------
	I1: 307
	I2: 131
	I1 | I2: 37
	I1 | R1: 34
	I2 | R1: 31
	R1: 28
--------------
Threshold: 0,50
--------------
	I1: 167
	I1 | I2: 162
	I1 | R1: 75
	I2: 72
	I2 | R1: 70
	I1 | R2: 18
	I2 | R2: 10
--------------
Threshold: 0,60
--------------
	I1 | I2: 290
	I1 | R1: 80
	I2 | R1: 73
	I1: 59
	I2: 29
	I1 | R2: 18
	I2 | R2: 15
	I1 | I2 | R1: 7
--------------
Threshold: 0,70
--------------
	I1 | I2: 290
	I1 | I2 | R1: 72
	I1 | R1: 67
	I2 | R1: 53
	I1 | I2 | R2: 27
	I1: 18
	I1 | R2: 12
	I2 | R2: 11
	I1 | R1 | R2: 11
	I2: 9
	I2 | R1 | R2: 8
--------------
Threshold: 0,80
--------------
	I1 | I2: 219
	I1 | I2 | R1: 180
	I1 | I2 | R2: 79
	I1 | R1: 26
	I2 | R1: 23
	I1 | R1 | R2: 21
	I2 | R1 | R2: 20
*********************************************************************************
All potential concepts based on thresholds
	I1 I2 ~#~ I1 R1 ~#~ I2 R1 ~#~ I1 R2 ~#~ I2 R2 ~#~ I1 I2 R1 ~#~ I1 I2 R2 ~#~ I1 R1 R2 ~#~ I2 R1 R2 ~#~ 
*********************************************************************************
--------------
Threshold: 0,10
--------------
	I1: 357
	I2: 117
	R2: 70
	R1: 39
--------------
Threshold: 0,20
--------------
	I1: 357
	I2: 117
	R2: 70
	R1: 39
--------------
Threshold: 0,30
--------------
	I1: 356
	I2: 117
	R2: 70
	R1: 39
--------------
Threshold: 0,40
--------------
	I1: 328
	I2: 81
	R2: 48
	I1 | I2: 28
	R1: 24
	I2 | R2: 19
	I1 | R1: 18
	I1 | R2: 17
	I2 | R1: 13
	R1 | R2: 7
--------------
Threshold: 0,50
--------------
	I1: 257
	I1 | I2: 84
	I1 | R2: 50
	I2 | R2: 45
	I1 | R1: 40
	I2: 35
	I2 | R1: 29
	R2: 15
	R1 | R2: 15
	R1: 13
--------------
Threshold: 0,60
--------------
	I1 | I2: 178
	I1: 137
	I1 | R2: 78
	I2 | R2: 58
	I1 | R1: 52
	I2 | R1: 33
	R1 | R2: 19
	I2: 9
--------------
Threshold: 0,70
--------------
	I1 | I2: 208
	I1 | R2: 86
	I1 | R1: 62
	I2 | R2: 47
	I1: 44
	I1 | I2 | R1: 31
	I1 | I2 | R2: 28
	I2 | R1: 22
	I1 | R1 | R2: 22
	R1 | R2: 16
	I2 | R1 | R2: 13
--------------
Threshold: 0,80
--------------
	I1 | I2: 168
	I1 | I2 | R2: 96
	I1 | I2 | R1: 74
	I1 | R1 | R2: 65
	I1 | R2: 58
	I2 | R1 | R2: 34
	I1 | R1: 33
	I2 | R2: 22
	I1: 15
	I2 | R1: 10
*********************************************************************************
All potential concepts based on thresholds
	I1 I2 ~#~ I2 R2 ~#~ I1 R1 ~#~ I1 R2 ~#~ I2 R1 ~#~ R1 R2 ~#~ I1 I2 R1 ~#~ I1 I2 R2 ~#~ I1 R1 R2 ~#~ I2 R1 R2 ~#~ 
*********************************************************************************
--------------
Threshold: 0,10
--------------
	I1: 377
	I2: 106
	R2: 67
	R1: 33
--------------
Threshold: 0,20
--------------
	I1: 377
	I2: 106
	R2: 67
	R1: 33
--------------
Threshold: 0,30
--------------
	I1: 376
	I2: 102
	R2: 66
	R1: 32
--------------
Threshold: 0,40
--------------
	I1: 332
	I2: 79
	R2: 39
	I1 | R2: 29
	I1 | I2: 28
	I1 | R1: 20
	R1 | R2: 17
	I2 | R2: 16
	R1: 12
	I2 | R1: 11
--------------
Threshold: 0,50
--------------
	I1: 205
	I1 | I2: 123
	I1 | R2: 70
	I2: 55
	I1 | R1: 40
	R1 | R2: 28
	I2 | R2: 28
	I2 | R1: 19
	R2: 12
--------------
Threshold: 0,60
--------------
	I1 | I2: 221
	I1 | R2: 91
	I1: 85
	I1 | R1: 45
	I2 | R2: 39
	R1 | R2: 27
	I2 | R1: 24
	I2: 23
	I1 | I2 | R2: 10
--------------
Threshold: 0,70
--------------
	I1 | I2: 221
	I1 | R2: 89
	I1 | R1: 42
	I1 | I2 | R2: 42
	I1 | R1 | R2: 40
	I1: 35
	I2 | R2: 33
	I2 | R1: 22
	I1 | I2 | R1: 19
	I2 | R1 | R2: 17
	R1 | R2: 16
	I2: 7
--------------
Threshold: 0,80
--------------
	I1 | I2: 158
	I1 | I2 | R2: 113
	I1 | R1 | R2: 80
	I1 | I2 | R1: 75
	I1 | R2: 52
	I2 | R1 | R2: 33
	I1 | R1: 22
	I2 | R2: 15
	I1: 10
	I2 | R1: 9
	I1 | I2 | R1 | R2: 9
*********************************************************************************
All potential concepts based on thresholds
	I1 R2 ~#~ I1 I2 ~#~ I1 R1 ~#~ R1 R2 ~#~ I2 R2 ~#~ I2 R1 ~#~ I1 I2 R2 ~#~ I1 R1 R2 ~#~ I1 I2 R1 ~#~ I2 R1 R2 ~#~ I1 I2 R1 R2 ~#~ 
*********************************************************************************
dataset: cMultiVClassDisAttr-uniqueInst.arff
--------------
Threshold: 0,10
--------------
	A1: 70
--------------
Threshold: 0,20
--------------
	A1: 70
--------------
Threshold: 0,30
--------------
	A1: 70
--------------
Threshold: 0,40
--------------
	A1: 70
--------------
Threshold: 0,50
--------------
	A1: 65
	A1 | A2: 5
--------------
Threshold: 0,60
--------------
	A1: 61
	A1 | A2: 9
--------------
Threshold: 0,70
--------------
	A1: 61
	A1 | A2: 8
--------------
Threshold: 0,80
--------------
	A1: 40
	A1 | A2: 22
	A1 | A2 | A4: 8
*********************************************************************************
All potential concepts based on thresholds
	A1 A2 ~#~ A1 A2 A4 ~#~ 
*********************************************************************************
--------------
Threshold: 0,10
--------------
	A1: 70
--------------
Threshold: 0,20
--------------
	A1: 70
--------------
Threshold: 0,30
--------------
	A1: 70
--------------
Threshold: 0,40
--------------
	A1: 70
--------------
Threshold: 0,50
--------------
	A1: 62
	A1 | A2: 8
--------------
Threshold: 0,60
--------------
	A1: 61
	A1 | A2: 9
--------------
Threshold: 0,70
--------------
	A1: 61
	A1 | A2: 9
--------------
Threshold: 0,80
--------------
	A1 | A2: 34
	A1: 28
	A1 | A2 | A4: 8
*********************************************************************************
All potential concepts based on thresholds
	A1 A2 ~#~ A1 A2 A4 ~#~ 
*********************************************************************************
--------------
Threshold: 0,10
--------------
	A1: 71
--------------
Threshold: 0,20
--------------
	A1: 71
--------------
Threshold: 0,30
--------------
	A1: 71
--------------
Threshold: 0,40
--------------
	A1: 71
--------------
Threshold: 0,50
--------------
	A1: 69
--------------
Threshold: 0,60
--------------
	A1: 63
	A1 | A2: 8
--------------
Threshold: 0,70
--------------
	A1: 63
	A1 | A2: 8
--------------
Threshold: 0,80
--------------
	A1: 37
	A1 | A2: 29
	A1 | A2 | A4: 5
*********************************************************************************
All potential concepts based on thresholds
	A1 A2 ~#~ A1 A2 A4 ~#~ 
*********************************************************************************
--------------
Threshold: 0,10
--------------
	A1: 71
--------------
Threshold: 0,20
--------------
	A1: 71
--------------
Threshold: 0,30
--------------
	A1: 71
--------------
Threshold: 0,40
--------------
	A1: 71
--------------
Threshold: 0,50
--------------
	A1: 62
	A1 | A2: 9
--------------
Threshold: 0,60
--------------
	A1: 62
	A1 | A2: 9
--------------
Threshold: 0,70
--------------
	A1: 62
	A1 | A2: 9
--------------
Threshold: 0,80
--------------
	A1 | A2: 35
	A1: 29
	A1 | A2 | A4: 7
*********************************************************************************
All potential concepts based on thresholds
	A1 A2 ~#~ A1 A2 A4 ~#~ 
*********************************************************************************
--------------
Threshold: 0,10
--------------
	A1: 70
--------------
Threshold: 0,20
--------------
	A1: 70
--------------
Threshold: 0,30
--------------
	A1: 70
--------------
Threshold: 0,40
--------------
	A1: 70
--------------
Threshold: 0,50
--------------
	A1: 64
	A1 | A2: 6
--------------
Threshold: 0,60
--------------
	A1: 62
	A1 | A2: 8
--------------
Threshold: 0,70
--------------
	A1: 62
	A1 | A2: 8
--------------
Threshold: 0,80
--------------
	A1 | A2: 36
	A1: 27
	A1 | A2 | A4: 7
*********************************************************************************
All potential concepts based on thresholds
	A1 A2 ~#~ A1 A2 A4 ~#~ 
*********************************************************************************
--------------
Threshold: 0,10
--------------
	A1: 70
--------------
Threshold: 0,20
--------------
	A1: 70
--------------
Threshold: 0,30
--------------
	A1: 70
--------------
Threshold: 0,40
--------------
	A1: 70
--------------
Threshold: 0,50
--------------
	A1: 67
--------------
Threshold: 0,60
--------------
	A1: 63
	A1 | A2: 7
--------------
Threshold: 0,70
--------------
	A1: 63
	A1 | A2: 7
--------------
Threshold: 0,80
--------------
	A1: 34
	A1 | A2: 32
	A1 | A2 | A4: 4
*********************************************************************************
All potential concepts based on thresholds
	A1 A2 ~#~ A1 A2 A4 ~#~ 
*********************************************************************************
--------------
Threshold: 0,10
--------------
	A1: 70
--------------
Threshold: 0,20
--------------
	A1: 70
--------------
Threshold: 0,30
--------------
	A1: 70
--------------
Threshold: 0,40
--------------
	A1: 70
--------------
Threshold: 0,50
--------------
	A1: 70
--------------
Threshold: 0,60
--------------
	A1: 62
	A1 | A2: 8
--------------
Threshold: 0,70
--------------
	A1: 62
	A1 | A2: 8
--------------
Threshold: 0,80
--------------
	A1: 41
	A1 | A2: 25
	A1 | A2 | A4: 4
*********************************************************************************
All potential concepts based on thresholds
	A1 A2 ~#~ A1 A2 A4 ~#~ 
*********************************************************************************
--------------
Threshold: 0,10
--------------
	A1: 70
--------------
Threshold: 0,20
--------------
	A1: 70
--------------
Threshold: 0,30
--------------
	A1: 70
--------------
Threshold: 0,40
--------------
	A1: 70
--------------
Threshold: 0,50
--------------
	A1: 70
--------------
Threshold: 0,60
--------------
	A1: 64
	A1 | A2: 6
--------------
Threshold: 0,70
--------------
	A1: 64
	A1 | A2: 6
--------------
Threshold: 0,80
--------------
	A1: 42
	A1 | A2: 24
	A1 | A2 | A4: 4
*********************************************************************************
All potential concepts based on thresholds
	A1 A2 ~#~ A1 A2 A4 ~#~ 
*********************************************************************************
--------------
Threshold: 0,10
--------------
	A1: 70
--------------
Threshold: 0,20
--------------
	A1: 70
--------------
Threshold: 0,30
--------------
	A1: 70
--------------
Threshold: 0,40
--------------
	A1: 70
--------------
Threshold: 0,50
--------------
	A1: 65
	A1 | A2: 5
--------------
Threshold: 0,60
--------------
	A1: 61
	A1 | A2: 9
--------------
Threshold: 0,70
--------------
	A1: 61
	A1 | A2: 8
--------------
Threshold: 0,80
--------------
	A1: 39
	A1 | A2: 25
	A1 | A2 | A4: 6
*********************************************************************************
All potential concepts based on thresholds
	A1 A2 ~#~ A1 A2 A4 ~#~ 
*********************************************************************************
--------------
Threshold: 0,10
--------------
	A1: 70
--------------
Threshold: 0,20
--------------
	A1: 70
--------------
Threshold: 0,30
--------------
	A1: 70
--------------
Threshold: 0,40
--------------
	A1: 70
--------------
Threshold: 0,50
--------------
	A1: 69
--------------
Threshold: 0,60
--------------
	A1: 62
	A1 | A2: 8
--------------
Threshold: 0,70
--------------
	A1: 62
	A1 | A2: 8
--------------
Threshold: 0,80
--------------
	A1: 38
	A1 | A2: 26
	A1 | A2 | A4: 6
*********************************************************************************
All potential concepts based on thresholds
	A1 A2 ~#~ A1 A2 A4 ~#~ 
*********************************************************************************
dataset: condInd-uniqueInst.arff
--------------
Threshold: 0,10
--------------
	I90: 111
--------------
Threshold: 0,20
--------------
	I90: 111
--------------
Threshold: 0,30
--------------
	I90: 111
--------------
Threshold: 0,40
--------------
	I80 | I90: 107
	I90: 4
--------------
Threshold: 0,50
--------------
	I80 | I90: 111
--------------
Threshold: 0,60
--------------
	I80 | I90: 111
--------------
Threshold: 0,70
--------------
	I70 | I80 | I90: 111
--------------
Threshold: 0,80
--------------
	I70 | I80 | I90: 111
*********************************************************************************
All potential concepts based on thresholds
	I80 I90 ~#~ I70 I80 I90 ~#~ 
*********************************************************************************
--------------
Threshold: 0,10
--------------
	I90: 111
--------------
Threshold: 0,20
--------------
	I90: 111
--------------
Threshold: 0,30
--------------
	I90: 111
--------------
Threshold: 0,40
--------------
	I90: 94
	I80 | I90: 17
--------------
Threshold: 0,50
--------------
	I80 | I90: 111
--------------
Threshold: 0,60
--------------
	I80 | I90: 111
--------------
Threshold: 0,70
--------------
	I70 | I80 | I90: 111
--------------
Threshold: 0,80
--------------
	I70 | I80 | I90: 111
*********************************************************************************
All potential concepts based on thresholds
	I80 I90 ~#~ I70 I80 I90 ~#~ 
*********************************************************************************
--------------
Threshold: 0,10
--------------
	I90: 111
--------------
Threshold: 0,20
--------------
	I90: 111
--------------
Threshold: 0,30
--------------
	I90: 111
--------------
Threshold: 0,40
--------------
	I90: 111
--------------
Threshold: 0,50
--------------
	I80 | I90: 111
--------------
Threshold: 0,60
--------------
	I80 | I90: 111
--------------
Threshold: 0,70
--------------
	I70 | I80 | I90: 111
--------------
Threshold: 0,80
--------------
	I70 | I80 | I90: 111
*********************************************************************************
All potential concepts based on thresholds
	I80 I90 ~#~ I70 I80 I90 ~#~ 
*********************************************************************************
--------------
Threshold: 0,10
--------------
	I90: 111
--------------
Threshold: 0,20
--------------
	I90: 111
--------------
Threshold: 0,30
--------------
	I90: 111
--------------
Threshold: 0,40
--------------
	I90: 104
	I80 | I90: 7
--------------
Threshold: 0,50
--------------
	I80 | I90: 111
--------------
Threshold: 0,60
--------------
	I80 | I90: 111
--------------
Threshold: 0,70
--------------
	I70 | I80 | I90: 111
--------------
Threshold: 0,80
--------------
	I70 | I80 | I90: 111
*********************************************************************************
All potential concepts based on thresholds
	I80 I90 ~#~ I70 I80 I90 ~#~ 
*********************************************************************************
--------------
Threshold: 0,10
--------------
	I90: 112
--------------
Threshold: 0,20
--------------
	I90: 112
--------------
Threshold: 0,30
--------------
	I90: 112
--------------
Threshold: 0,40
--------------
	I90: 112
--------------
Threshold: 0,50
--------------
	I80 | I90: 112
--------------
Threshold: 0,60
--------------
	I80 | I90: 112
--------------
Threshold: 0,70
--------------
	I70 | I80 | I90: 112
--------------
Threshold: 0,80
--------------
	I70 | I80 | I90: 112
*********************************************************************************
All potential concepts based on thresholds
	I80 I90 ~#~ I70 I80 I90 ~#~ 
*********************************************************************************
--------------
Threshold: 0,10
--------------
	I90: 112
--------------
Threshold: 0,20
--------------
	I90: 112
--------------
Threshold: 0,30
--------------
	I90: 112
--------------
Threshold: 0,40
--------------
	I80 | I90: 112
--------------
Threshold: 0,50
--------------
	I80 | I90: 112
--------------
Threshold: 0,60
--------------
	I80 | I90: 112
--------------
Threshold: 0,70
--------------
	I70 | I80 | I90: 112
--------------
Threshold: 0,80
--------------
	I70 | I80 | I90: 112
*********************************************************************************
All potential concepts based on thresholds
	I80 I90 ~#~ I70 I80 I90 ~#~ 
*********************************************************************************
--------------
Threshold: 0,10
--------------
	I90: 112
--------------
Threshold: 0,20
--------------
	I90: 112
--------------
Threshold: 0,30
--------------
	I90: 112
--------------
Threshold: 0,40
--------------
	I80 | I90: 112
--------------
Threshold: 0,50
--------------
	I80 | I90: 112
--------------
Threshold: 0,60
--------------
	I80 | I90: 112
--------------
Threshold: 0,70
--------------
	I70 | I80 | I90: 112
--------------
Threshold: 0,80
--------------
	I70 | I80 | I90: 112
*********************************************************************************
All potential concepts based on thresholds
	I80 I90 ~#~ I70 I80 I90 ~#~ 
*********************************************************************************
--------------
Threshold: 0,10
--------------
	I90: 112
--------------
Threshold: 0,20
--------------
	I90: 112
--------------
Threshold: 0,30
--------------
	I90: 112
--------------
Threshold: 0,40
--------------
	I80 | I90: 112
--------------
Threshold: 0,50
--------------
	I80 | I90: 112
--------------
Threshold: 0,60
--------------
	I80 | I90: 112
--------------
Threshold: 0,70
--------------
	I70 | I80 | I90: 112
--------------
Threshold: 0,80
--------------
	I70 | I80 | I90: 112
*********************************************************************************
All potential concepts based on thresholds
	I80 I90 ~#~ I70 I80 I90 ~#~ 
*********************************************************************************
--------------
Threshold: 0,10
--------------
	I90: 112
--------------
Threshold: 0,20
--------------
	I90: 112
--------------
Threshold: 0,30
--------------
	I90: 112
--------------
Threshold: 0,40
--------------
	I80 | I90: 101
	I90: 11
--------------
Threshold: 0,50
--------------
	I80 | I90: 112
--------------
Threshold: 0,60
--------------
	I80 | I90: 112
--------------
Threshold: 0,70
--------------
	I70 | I80 | I90: 112
--------------
Threshold: 0,80
--------------
	I70 | I80 | I90: 112
*********************************************************************************
All potential concepts based on thresholds
	I80 I90 ~#~ I70 I80 I90 ~#~ 
*********************************************************************************
--------------
Threshold: 0,10
--------------
	I90: 112
--------------
Threshold: 0,20
--------------
	I90: 112
--------------
Threshold: 0,30
--------------
	I90: 112
--------------
Threshold: 0,40
--------------
	I90: 100
	I80 | I90: 12
--------------
Threshold: 0,50
--------------
	I80 | I90: 112
--------------
Threshold: 0,60
--------------
	I80 | I90: 112
--------------
Threshold: 0,70
--------------
	I70 | I80 | I90: 112
--------------
Threshold: 0,80
--------------
	I70 | I80 | I90: 112
*********************************************************************************
All potential concepts based on thresholds
	I80 I90 ~#~ I70 I80 I90 ~#~ 
*********************************************************************************
dataset: Glass_new.arff
--------------
Threshold: 0,10
--------------
	K: 22
	Na: 3
--------------
Threshold: 0,20
--------------
	K: 22
	Na: 3
--------------
Threshold: 0,30
--------------
	K: 21
	Na: 3
	K | Ba: 2
--------------
Threshold: 0,40
--------------
	Na | K: 11
	K: 10
	Na | Ba: 3
	K | Ba: 2
--------------
Threshold: 0,50
--------------
	Na | K: 21
	Na | Ba: 3
	K | Ba: 2
--------------
Threshold: 0,60
--------------
	Na | K: 21
	Na | K | Ba: 3
--------------
Threshold: 0,70
--------------
	Na | K | Ba: 25
--------------
Threshold: 0,80
--------------
	Na | K | Ba: 16
	RI | Na | K | Ba: 8
*********************************************************************************
All potential concepts based on thresholds
	K Ba ~#~ Na K ~#~ Na Ba ~#~ Na K Ba ~#~ RI Na K Ba ~#~ 
*********************************************************************************
--------------
Threshold: 0,10
--------------
	K: 18
	Na: 4
	Ba: 4
--------------
Threshold: 0,20
--------------
	K: 18
	Na: 4
	Ba: 4
--------------
Threshold: 0,30
--------------
	K: 18
	K | Ba: 4
	Na: 4
--------------
Threshold: 0,40
--------------
	Na | K: 11
	K: 7
	K | Ba: 4
	Na | Ba: 4
--------------
Threshold: 0,50
--------------
	Na | K: 17
	K | Ba: 5
	Na | Ba: 4
--------------
Threshold: 0,60
--------------
	Na | K: 15
	Na | K | Ba: 7
	Mg | K | Ba: 2
--------------
Threshold: 0,70
--------------
	Na | K | Ba: 21
	Na | Mg | K | Ba: 2
	Mg | K | Ba: 2
--------------
Threshold: 0,80
--------------
	Na | Mg | K | Ba: 12
	Na | K | Ba: 10
*********************************************************************************
All potential concepts based on thresholds
	K Ba ~#~ Na K ~#~ Na Ba ~#~ Na K Ba ~#~ Mg K Ba ~#~ Na Mg K Ba ~#~ 
*********************************************************************************
--------------
Threshold: 0,10
--------------
	K: 20
	Ba: 7
--------------
Threshold: 0,20
--------------
	K: 20
	Ba: 7
--------------
Threshold: 0,30
--------------
	K: 19
	Ba: 5
	K | Ba: 3
--------------
Threshold: 0,40
--------------
	K: 19
	K | Ba: 8
--------------
Threshold: 0,50
--------------
	K: 15
	K | Ba: 12
--------------
Threshold: 0,60
--------------
	K | Ba: 23
	Mg | K | Ba: 2
	RI | K | Ba: 2
--------------
Threshold: 0,70
--------------
	K | Ba: 15
	Mg | K | Ba: 7
	RI | K | Ba: 4
--------------
Threshold: 0,80
--------------
	Mg | K | Ba: 13
	RI | Mg | K | Ba: 6
	RI | K | Ba: 4
*********************************************************************************
All potential concepts based on thresholds
	K Ba ~#~ Mg K Ba ~#~ RI K Ba ~#~ RI Mg K Ba ~#~ 
*********************************************************************************
--------------
Threshold: 0,10
--------------
	K: 18
	Na: 5
	Ba: 3
--------------
Threshold: 0,20
--------------
	K: 18
	Na: 5
	Ba: 3
--------------
Threshold: 0,30
--------------
	K: 18
	Na: 5
	K | Ba: 2
--------------
Threshold: 0,40
--------------
	Na | K: 18
	Na | Ba: 5
	K | Ba: 3
--------------
Threshold: 0,50
--------------
	Na | K: 18
	Na | Ba: 5
--------------
Threshold: 0,60
--------------
	Na | K: 16
	Na | K | Ba: 7
--------------
Threshold: 0,70
--------------
	Na | K | Ba: 23
	Na | Mg | K | Ba: 2
--------------
Threshold: 0,80
--------------
	Na | K | Ba: 13
	Na | Mg | K | Ba: 5
	Na | Al | K | Ba: 2
	Na | K | Ba | Fe: 2
*********************************************************************************
All potential concepts based on thresholds
	K Ba ~#~ Na K ~#~ Na Ba ~#~ Na K Ba ~#~ Na Mg K Ba ~#~ Na Al K Ba ~#~ Na K Ba Fe ~#~ 
*********************************************************************************
--------------
Threshold: 0,10
--------------
	K: 22
	Na: 4
--------------
Threshold: 0,20
--------------
	K: 22
	Na: 4
--------------
Threshold: 0,30
--------------
	K: 19
	Na: 4
	K | Ba: 3
--------------
Threshold: 0,40
--------------
	Na | K: 14
	K: 9
	K | Ba: 3
--------------
Threshold: 0,50
--------------
	Na | K: 23
	Na | K | Ba: 2
--------------
Threshold: 0,60
--------------
	Na | K: 18
	Na | K | Ba: 5
--------------
Threshold: 0,70
--------------
	Na | K | Ba: 19
	Na | Al | K | Ba: 2
--------------
Threshold: 0,80
--------------
	Na | Al | K | Ba: 13
	Na | Mg | K | Ba: 4
	Na | Mg | Al | K | Ba: 3
	RI | Na | Mg | K | Ba: 2
*********************************************************************************
All potential concepts based on thresholds
	K Ba ~#~ Na K ~#~ Na K Ba ~#~ Na Al K Ba ~#~ Na Mg K Ba ~#~ Na Mg Al K Ba ~#~ RI Na Mg K Ba ~#~ 
*********************************************************************************
--------------
Threshold: 0,10
--------------
	K: 19
	Ba: 4
	Na: 3
--------------
Threshold: 0,20
--------------
	K: 19
	Ba: 4
	Na: 3
--------------
Threshold: 0,30
--------------
	K: 19
	K | Ba: 4
	Na: 2
--------------
Threshold: 0,40
--------------
	Na | K: 18
	K | Ba: 4
	Na | Ba: 3
--------------
Threshold: 0,50
--------------
	Na | K: 19
	Mg | K | Ba: 2
	Na | Ba: 2
--------------
Threshold: 0,60
--------------
	Na | K | Ba: 13
	Na | K: 8
	Mg | K | Ba: 2
	RI | K | Ba: 2
--------------
Threshold: 0,70
--------------
	Na | K | Ba: 19
	RI | Na | K | Ba: 4
	Na | Mg | K | Ba: 2
--------------
Threshold: 0,80
--------------
	Na | Mg | K | Ba: 13
	Na | K | Ba: 5
	RI | Na | Mg | K | Ba: 4
	RI | Na | K | Ba: 3
*********************************************************************************
All potential concepts based on thresholds
	K Ba ~#~ Na K ~#~ Na Ba ~#~ Mg K Ba ~#~ Na K Ba ~#~ RI K Ba ~#~ RI Na K Ba ~#~ Na Mg K Ba ~#~ RI Na Mg K Ba ~#~ 
*********************************************************************************
--------------
Threshold: 0,10
--------------
	K: 20
	Ba: 6
--------------
Threshold: 0,20
--------------
	K: 20
	Ba: 6
--------------
Threshold: 0,30
--------------
	K: 18
	K | Ba: 5
	Ba: 3
--------------
Threshold: 0,40
--------------
	K: 18
	K | Ba: 8
--------------
Threshold: 0,50
--------------
	K | Ba: 23
	K: 3
--------------
Threshold: 0,60
--------------
	K | Ba: 19
	Na | K | Ba: 5
--------------
Threshold: 0,70
--------------
	Na | K | Ba: 18
	K | Ba: 2
	Mg | K | Ba: 2
--------------
Threshold: 0,80
--------------
	Na | Mg | K | Ba: 15
	Na | K | Ba: 4
	RI | Na | K | Ba: 3
*********************************************************************************
All potential concepts based on thresholds
	K Ba ~#~ Na K Ba ~#~ Mg K Ba ~#~ Na Mg K Ba ~#~ RI Na K Ba ~#~ 
*********************************************************************************
--------------
Threshold: 0,10
--------------
	K: 18
	Na: 4
	Ba: 4
--------------
Threshold: 0,20
--------------
	K: 18
	Na: 4
	Ba: 4
--------------
Threshold: 0,30
--------------
	K: 18
	Ba: 4
	Na | Ba: 3
--------------
Threshold: 0,40
--------------
	K: 15
	Na | Ba: 5
	K | Ba: 3
	Na | K: 3
--------------
Threshold: 0,50
--------------
	Na | K: 15
	K | Ba: 6
	Na | Ba: 3
	Na | K | Ba: 2
--------------
Threshold: 0,60
--------------
	Na | K: 14
	Na | K | Ba: 6
	K | Ba: 4
--------------
Threshold: 0,70
--------------
	Na | K | Ba: 22
	Na | Mg | K | Ba: 2
--------------
Threshold: 0,80
--------------
	Na | K | Ba: 10
	Na | Mg | K | Ba: 8
	Na | K | Ca | Ba: 2
	RI | Na | Mg | K | Ba: 2
*********************************************************************************
All potential concepts based on thresholds
	Na Ba ~#~ K Ba ~#~ Na K ~#~ Na K Ba ~#~ Na Mg K Ba ~#~ Na K Ca Ba ~#~ RI Na Mg K Ba ~#~ 
*********************************************************************************
--------------
Threshold: 0,10
--------------
	K: 19
	Ba: 4
	Na: 3
--------------
Threshold: 0,20
--------------
	K: 19
	Ba: 4
	Na: 3
--------------
Threshold: 0,30
--------------
	K: 19
	K | Ba: 3
	Na: 3
--------------
Threshold: 0,40
--------------
	Na | K: 18
	K | Ba: 4
	Na | Ba: 2
--------------
Threshold: 0,50
--------------
	Na | K: 18
	Na | Ba: 3
	K | Ba: 2
	Na | K | Ba: 2
--------------
Threshold: 0,60
--------------
	Na | K: 14
	Na | K | Ba: 7
	Mg | K | Ba: 2
	Na | Ba: 2
--------------
Threshold: 0,70
--------------
	Na | K | Ba: 22
	Na | Mg | K | Ba: 4
--------------
Threshold: 0,80
--------------
	Na | K | Ba: 11
	Na | Mg | K | Ba: 11
	RI | Na | Mg | K | Ba: 3
*********************************************************************************
All potential concepts based on thresholds
	K Ba ~#~ Na K ~#~ Na Ba ~#~ Na K Ba ~#~ Mg K Ba ~#~ Na Mg K Ba ~#~ RI Na Mg K Ba ~#~ 
*********************************************************************************
--------------
Threshold: 0,10
--------------
	K: 20
	Na: 4
	Ba: 2
--------------
Threshold: 0,20
--------------
	K: 20
	Na: 4
	Ba: 2
--------------
Threshold: 0,30
--------------
	K: 20
	K | Ba: 2
	Na: 2
	Na | Ba: 2
--------------
Threshold: 0,40
--------------
	Na | K: 12
	K: 8
	Na | Ba: 4
	K | Ba: 2
--------------
Threshold: 0,50
--------------
	Na | K: 19
	K | Ba: 3
	Na | Ba: 3
--------------
Threshold: 0,60
--------------
	Na | K: 12
	Na | K | Ba: 10
	Mg | K | Ba: 2
--------------
Threshold: 0,70
--------------
	Na | K | Ba: 20
	Na | Mg | K | Ba: 3
	Mg | K | Ba: 2
--------------
Threshold: 0,80
--------------
	Na | Mg | K | Ba: 18
	Na | K | Ba: 6
*********************************************************************************
All potential concepts based on thresholds
	K Ba ~#~ Na Ba ~#~ Na K ~#~ Na K Ba ~#~ Mg K Ba ~#~ Na Mg K Ba ~#~ 
*********************************************************************************
