dataset: Spect heart.arff
We remove max(NOISE,minNoise) groups, NOISE=1.0% -> 1, minNoise=1 we remove groups of size 1. Tree SHAP num of expl. inst. 49 (fold 1). Explaining class: 0).
Lower threshold thrL: 0.1 upper threshold thrU: 0.8 with step: 0.1
								--------------
									Fold  1
								--------------
--------------
Threshold: 0,10
--------------
	F22: 35
	F20: 4
	F10: 4
	F13: 3
	F16: 3
--------------
Threshold: 0,20
--------------
	F13 | F22: 28
	F22: 8
	F10: 4
	F10 | F22: 2
	F20 | F22: 2
	F16: 2
	F20: 2
--------------
Threshold: 0,30
--------------
	F13 | F22: 28
	F20 | F22: 4
	F10 | F22: 3
	F22: 3
	F16 | F22: 2
	F10 | F16: 2
	F10 | F13: 2
--------------
Threshold: 0,40
--------------
	F10 | F13 | F22: 28
	F13 | F22: 5
	F13 | F20 | F22: 4
	F16 | F22: 2
	F3 | F13 | F22: 2
--------------
Threshold: 0,50
--------------
	F8 | F10 | F13 | F22: 21
	F10 | F13 | F22: 5
	F10 | F13 | F20 | F22: 4
	F8 | F13 | F22: 3
	F10 | F13 | F16 | F22: 2
	F3 | F10 | F13 | F22: 2
	F10 | F11 | F13 | F22: 2
	F10 | F16 | F22: 2
--------------
Threshold: 0,60
--------------
	F8 | F10 | F13 | F16 | F22: 21
	F10 | F13 | F16 | F20 | F22: 4
	F8 | F10 | F13 | F20 | F22: 3
	F8 | F13 | F16 | F22: 3
	F10 | F11 | F13 | F20 | F22: 2
	F3 | F4 | F10 | F13 | F22: 2
--------------
Threshold: 0,70
--------------
	F8 | F10 | F13 | F16 | F20 | F22: 27
	F8 | F10 | F13 | F16 | F22: 4
	F3 | F10 | F13 | F16 | F22: 2
	F3 | F10 | F13 | F16 | F20 | F22: 2
--------------
Threshold: 0,80
--------------
	F3 | F8 | F10 | F13 | F16 | F17 | F20 | F22: 23
	F8 | F10 | F13 | F16 | F17 | F20 | F22: 4
	F6 | F8 | F10 | F11 | F13 | F16 | F20 | F22: 2
	F8 | F10 | F11 | F12 | F13 | F16 | F20 | F22: 2
	F3 | F4 | F8 | F10 | F13 | F16 | F20 | F22: 2
	F3 | F10 | F13 | F16 | F20 | F22: 2
	F8 | F10 | F11 | F13 | F16 | F20 | F22: 2
*********************************************************************************
All potential concepts based on thresholds
	F13 F22 ~#~ F10 F22 ~#~ F20 F22 ~#~ F16 F22 ~#~ F10 F16 ~#~ F10 F13 ~#~ F10 F13 F22 ~#~ F13 F20 F22 ~#~ F3 F13 F22 ~#~ F8 F10 F13 F22 ~#~ F10 F13 F20 F22 ~#~ F8 F13 F22 ~#~ F10 F13 F16 F22 ~#~ F3 F10 F13 F22 ~#~ F10 F11 F13 F22 ~#~ F10 F16 F22 ~#~ F8 F10 F13 F16 F22 ~#~ F10 F13 F16 F20 F22 ~#~ F8 F10 F13 F20 F22 ~#~ F8 F13 F16 F22 ~#~ F10 F11 F13 F20 F22 ~#~ F3 F4 F10 F13 F22 ~#~ F8 F10 F13 F16 F20 F22 ~#~ F3 F10 F13 F16 F22 ~#~ F3 F10 F13 F16 F20 F22 ~#~ F3 F8 F10 F13 F16 F17 F20 F22 ~#~ F8 F10 F13 F16 F17 F20 F22 ~#~ F6 F8 F10 F11 F13 F16 F20 F22 ~#~ F8 F10 F11 F12 F13 F16 F20 F22 ~#~ F3 F4 F8 F10 F13 F16 F20 F22 ~#~ F8 F10 F11 F13 F16 F20 F22 ~#~ 
*********************************************************************************
We remove max(NOISE,minNoise) groups, NOISE=1.0% -> 1, minNoise=1 we remove groups of size 1. Tree SHAP num of expl. inst. 49 (fold 2). Explaining class: 0).
Lower threshold thrL: 0.1 upper threshold thrU: 0.8 with step: 0.1
								--------------
									Fold  2
								--------------
--------------
Threshold: 0,10
--------------
	F13: 42
	F22: 4
--------------
Threshold: 0,20
--------------
	F13: 31
	F13 | F20: 4
	F22: 4
	F11 | F13: 2
	F4 | F13: 2
	F10 | F13: 2
--------------
Threshold: 0,30
--------------
	F13 | F22: 28
	F10 | F13: 6
	F13 | F20: 5
	F11 | F13: 2
	F4 | F13: 2
	F22: 2
--------------
Threshold: 0,40
--------------
	F13 | F16 | F22: 20
	F13 | F22: 6
	F10 | F13 | F16: 5
	F13 | F20 | F22: 3
	F10 | F13 | F20: 2
	F4 | F13 | F22: 2
	F13 | F16 | F20: 2
	F10 | F13 | F22: 2
	F11 | F13 | F22: 2
--------------
Threshold: 0,50
--------------
	F10 | F13 | F16 | F22: 25
	F13 | F16 | F20 | F22: 4
	F13 | F20 | F22: 2
	F13 | F16 | F22: 2
	F13 | F21 | F22: 2
	F13 | F22: 2
	F10 | F13 | F16: 2
	F11 | F13 | F22: 2
--------------
Threshold: 0,60
--------------
	F10 | F13 | F16 | F17 | F22: 18
	F10 | F13 | F16 | F20 | F22: 6
	F13 | F16 | F20 | F22: 5
	F8 | F13 | F16 | F20 | F22: 2
	F13 | F16 | F22: 2
	F9 | F10 | F13 | F16 | F22: 2
--------------
Threshold: 0,70
--------------
	F10 | F13 | F16 | F17 | F20 | F22: 18
	F10 | F13 | F16 | F20 | F22: 4
	F1 | F10 | F13 | F16 | F17 | F20 | F22: 3
	F8 | F10 | F13 | F16 | F20 | F22: 2
	F8 | F13 | F16 | F20 | F22: 2
	F3 | F13 | F16 | F20 | F22: 2
	F9 | F10 | F13 | F16 | F17 | F20 | F22: 2
	F4 | F10 | F13 | F16 | F17 | F20 | F22: 2
--------------
Threshold: 0,80
--------------
	F4 | F8 | F10 | F13 | F16 | F17 | F20 | F22: 18
	F8 | F10 | F13 | F16 | F17 | F20 | F22: 5
	F1 | F8 | F10 | F11 | F13 | F16 | F17 | F20 | F22: 3
	F3 | F4 | F9 | F10 | F13 | F16 | F17 | F20 | F22: 2
	F3 | F10 | F13 | F16 | F20 | F22: 2
	F1 | F4 | F8 | F10 | F13 | F16 | F17 | F20 | F22: 2
	F8 | F10 | F11 | F13 | F16 | F17 | F20 | F22: 2
*********************************************************************************
All potential concepts based on thresholds
	F13 F20 ~#~ F11 F13 ~#~ F4 F13 ~#~ F10 F13 ~#~ F13 F22 ~#~ F13 F16 F22 ~#~ F10 F13 F16 ~#~ F13 F20 F22 ~#~ F10 F13 F20 ~#~ F4 F13 F22 ~#~ F13 F16 F20 ~#~ F10 F13 F22 ~#~ F11 F13 F22 ~#~ F10 F13 F16 F22 ~#~ F13 F16 F20 F22 ~#~ F13 F21 F22 ~#~ F10 F13 F16 F17 F22 ~#~ F10 F13 F16 F20 F22 ~#~ F8 F13 F16 F20 F22 ~#~ F9 F10 F13 F16 F22 ~#~ F10 F13 F16 F17 F20 F22 ~#~ F1 F10 F13 F16 F17 F20 F22 ~#~ F8 F10 F13 F16 F20 F22 ~#~ F3 F13 F16 F20 F22 ~#~ F9 F10 F13 F16 F17 F20 F22 ~#~ F4 F10 F13 F16 F17 F20 F22 ~#~ F4 F8 F10 F13 F16 F17 F20 F22 ~#~ F8 F10 F13 F16 F17 F20 F22 ~#~ F1 F8 F10 F11 F13 F16 F17 F20 F22 ~#~ F3 F4 F9 F10 F13 F16 F17 F20 F22 ~#~ F3 F10 F13 F16 F20 F22 ~#~ F1 F4 F8 F10 F13 F16 F17 F20 F22 ~#~ F8 F10 F11 F13 F16 F17 F20 F22 ~#~ 
*********************************************************************************
We remove max(NOISE,minNoise) groups, NOISE=1.0% -> 1, minNoise=1 we remove groups of size 1. Tree SHAP num of expl. inst. 49 (fold 3). Explaining class: 0).
Lower threshold thrL: 0.1 upper threshold thrU: 0.8 with step: 0.1
								--------------
									Fold  3
								--------------
--------------
Threshold: 0,10
--------------
	F13: 40
	F22: 5
	F11: 2
--------------
Threshold: 0,20
--------------
	F13: 37
	F22: 5
	F11: 2
	F10 | F13: 2
--------------
Threshold: 0,30
--------------
	F13 | F22: 28
	F10 | F13: 7
	F13 | F20: 3
	F22: 3
	F11 | F13: 2
	F4 | F13: 2
--------------
Threshold: 0,40
--------------
	F13 | F22: 30
	F10 | F13: 4
	F10 | F13 | F22: 3
	F11 | F13: 2
	F13 | F20 | F22: 2
	F13 | F16 | F22: 2
--------------
Threshold: 0,50
--------------
	F10 | F13 | F22: 27
	F13 | F20 | F22: 4
	F13 | F22: 4
	F4 | F13 | F22: 3
	F13 | F16 | F22: 3
	F11 | F13 | F22: 2
--------------
Threshold: 0,60
--------------
	F10 | F13 | F16 | F22: 22
	F10 | F13 | F20 | F22: 6
	F13 | F16 | F22: 3
	F10 | F13 | F16 | F20 | F22: 3
	F13 | F16 | F20 | F22: 3
	F10 | F11 | F13 | F20 | F22: 2
	F4 | F10 | F13 | F22: 2
--------------
Threshold: 0,70
--------------
	F10 | F11 | F13 | F16 | F20 | F22: 21
	F10 | F13 | F16 | F20 | F22: 6
	F8 | F13 | F16 | F20 | F22: 3
	F1 | F10 | F13 | F16 | F20 | F22: 3
	F10 | F11 | F13 | F20 | F22: 2
	F7 | F10 | F13 | F16 | F20 | F22: 2
	F6 | F10 | F13 | F16 | F20 | F22: 2
--------------
Threshold: 0,80
--------------
	F4 | F10 | F11 | F13 | F16 | F17 | F20 | F22: 20
	F1 | F10 | F11 | F13 | F16 | F20 | F22: 4
	F1 | F8 | F11 | F13 | F16 | F20 | F22: 3
	F3 | F4 | F8 | F10 | F13 | F16 | F20 | F22: 2
	F3 | F10 | F13 | F16 | F20 | F22: 2
*********************************************************************************
All potential concepts based on thresholds
	F10 F13 ~#~ F13 F22 ~#~ F13 F20 ~#~ F11 F13 ~#~ F4 F13 ~#~ F10 F13 F22 ~#~ F13 F20 F22 ~#~ F13 F16 F22 ~#~ F4 F13 F22 ~#~ F11 F13 F22 ~#~ F10 F13 F16 F22 ~#~ F10 F13 F20 F22 ~#~ F10 F13 F16 F20 F22 ~#~ F13 F16 F20 F22 ~#~ F10 F11 F13 F20 F22 ~#~ F4 F10 F13 F22 ~#~ F10 F11 F13 F16 F20 F22 ~#~ F8 F13 F16 F20 F22 ~#~ F1 F10 F13 F16 F20 F22 ~#~ F7 F10 F13 F16 F20 F22 ~#~ F6 F10 F13 F16 F20 F22 ~#~ F4 F10 F11 F13 F16 F17 F20 F22 ~#~ F1 F10 F11 F13 F16 F20 F22 ~#~ F1 F8 F11 F13 F16 F20 F22 ~#~ F3 F4 F8 F10 F13 F16 F20 F22 ~#~ F3 F10 F13 F16 F20 F22 ~#~ 
*********************************************************************************
We remove max(NOISE,minNoise) groups, NOISE=1.0% -> 1, minNoise=1 we remove groups of size 1. Tree SHAP num of expl. inst. 49 (fold 4). Explaining class: 0).
Lower threshold thrL: 0.1 upper threshold thrU: 0.8 with step: 0.1
								--------------
									Fold  4
								--------------
--------------
Threshold: 0,10
--------------
	F13: 46
	F20: 3
--------------
Threshold: 0,20
--------------
	F13: 46
	F20: 3
--------------
Threshold: 0,30
--------------
	F13: 39
	F13 | F20: 2
	F10 | F13: 2
--------------
Threshold: 0,40
--------------
	F13 | F22: 33
	F10 | F13: 4
	F13 | F20: 3
	F13: 2
	F4 | F13: 2
--------------
Threshold: 0,50
--------------
	F13 | F20 | F22: 25
	F13 | F22: 11
	F10 | F13 | F20: 4
	F4 | F13 | F22: 2
--------------
Threshold: 0,60
--------------
	F10 | F13 | F20 | F22: 26
	F13 | F22: 6
	F4 | F13 | F20 | F22: 3
	F13 | F20 | F22: 3
	F10 | F13 | F22: 2
	F7 | F13 | F22: 2
--------------
Threshold: 0,70
--------------
	F7 | F10 | F13 | F20 | F22: 21
	F13 | F20 | F22: 3
	F10 | F13 | F20 | F22: 3
	F1 | F10 | F13 | F20 | F22: 3
	F10 | F13 | F19 | F20 | F22: 2
	F7 | F13 | F20 | F22: 2
--------------
Threshold: 0,80
--------------
	F1 | F7 | F10 | F13 | F17 | F20 | F22: 23
	F1 | F7 | F13 | F17 | F20 | F22: 3
	F4 | F7 | F10 | F13 | F17 | F20 | F22: 2
*********************************************************************************
All potential concepts based on thresholds
	F13 F20 ~#~ F10 F13 ~#~ F13 F22 ~#~ F4 F13 ~#~ F13 F20 F22 ~#~ F10 F13 F20 ~#~ F4 F13 F22 ~#~ F10 F13 F20 F22 ~#~ F4 F13 F20 F22 ~#~ F10 F13 F22 ~#~ F7 F13 F22 ~#~ F7 F10 F13 F20 F22 ~#~ F1 F10 F13 F20 F22 ~#~ F10 F13 F19 F20 F22 ~#~ F7 F13 F20 F22 ~#~ F1 F7 F10 F13 F17 F20 F22 ~#~ F1 F7 F13 F17 F20 F22 ~#~ F4 F7 F10 F13 F17 F20 F22 ~#~ 
*********************************************************************************
We remove max(NOISE,minNoise) groups, NOISE=1.0% -> 1, minNoise=1 we remove groups of size 1. Tree SHAP num of expl. inst. 49 (fold 5). Explaining class: 0).
Lower threshold thrL: 0.1 upper threshold thrU: 0.8 with step: 0.1
								--------------
									Fold  5
								--------------
--------------
Threshold: 0,10
--------------
	F13: 40
	F11: 2
	F16: 2
	F10: 2
--------------
Threshold: 0,20
--------------
	F13: 34
	F13 | F20: 4
	F11: 2
	F8 | F13: 2
--------------
Threshold: 0,30
--------------
	F13 | F22: 29
	F10 | F13: 5
	F13 | F20: 4
	F13 | F16: 2
	F11 | F13: 2
	F7 | F13: 2
	F8 | F13: 2
--------------
Threshold: 0,40
--------------
	F10 | F13 | F22: 22
	F13 | F22: 4
	F13 | F20 | F22: 3
	F3 | F13 | F22: 3
	F10 | F13: 3
	F13 | F16 | F22: 2
	F8 | F13 | F22: 2
	F11 | F13 | F22: 2
--------------
Threshold: 0,50
--------------
	F10 | F13 | F16 | F22: 20
	F10 | F13 | F16: 4
	F10 | F13 | F20 | F22: 3
	F3 | F8 | F13 | F22: 3
	F8 | F13 | F22: 3
	F10 | F11 | F13 | F22: 2
--------------
Threshold: 0,60
--------------
	F8 | F10 | F13 | F16 | F22: 24
	F10 | F13 | F16 | F20 | F22: 3
	F8 | F13 | F16 | F22: 3
	F3 | F8 | F10 | F13 | F22: 2
--------------
Threshold: 0,70
--------------
	F8 | F10 | F13 | F16 | F17 | F21 | F22: 20
	F8 | F10 | F13 | F16 | F21 | F22: 8
	F3 | F8 | F10 | F13 | F16 | F22: 4
	F8 | F10 | F13 | F16 | F20 | F22: 3
	F7 | F10 | F11 | F13 | F21 | F22: 2
--------------
Threshold: 0,80
--------------
	F7 | F8 | F10 | F13 | F16 | F17 | F21 | F22: 20
	F8 | F10 | F13 | F16 | F17 | F20 | F21 | F22: 9
	F3 | F8 | F10 | F13 | F16 | F20 | F22: 5
	F7 | F10 | F11 | F13 | F17 | F20 | F21 | F22: 2
	F8 | F10 | F13 | F16 | F20 | F21 | F22: 2
*********************************************************************************
All potential concepts based on thresholds
	F13 F20 ~#~ F8 F13 ~#~ F13 F22 ~#~ F10 F13 ~#~ F13 F16 ~#~ F11 F13 ~#~ F7 F13 ~#~ F10 F13 F22 ~#~ F13 F20 F22 ~#~ F3 F13 F22 ~#~ F13 F16 F22 ~#~ F8 F13 F22 ~#~ F11 F13 F22 ~#~ F10 F13 F16 F22 ~#~ F10 F13 F16 ~#~ F10 F13 F20 F22 ~#~ F3 F8 F13 F22 ~#~ F10 F11 F13 F22 ~#~ F8 F10 F13 F16 F22 ~#~ F10 F13 F16 F20 F22 ~#~ F8 F13 F16 F22 ~#~ F3 F8 F10 F13 F22 ~#~ F8 F10 F13 F16 F17 F21 F22 ~#~ F8 F10 F13 F16 F21 F22 ~#~ F3 F8 F10 F13 F16 F22 ~#~ F8 F10 F13 F16 F20 F22 ~#~ F7 F10 F11 F13 F21 F22 ~#~ F7 F8 F10 F13 F16 F17 F21 F22 ~#~ F8 F10 F13 F16 F17 F20 F21 F22 ~#~ F3 F8 F10 F13 F16 F20 F22 ~#~ F7 F10 F11 F13 F17 F20 F21 F22 ~#~ F8 F10 F13 F16 F20 F21 F22 ~#~ 
*********************************************************************************
We remove max(NOISE,minNoise) groups, NOISE=1.0% -> 1, minNoise=3 we remove groups of size 3. Tree SHAP num of expl. inst. 50 (fold 6). Explaining class: 0).
Lower threshold thrL: 0.1 upper threshold thrU: 0.8 with step: 0.1
								--------------
									Fold  6
								--------------
--------------
Threshold: 0,10
--------------
	F13: 40
	F10: 4
--------------
Threshold: 0,20
--------------
	F13: 35
--------------
Threshold: 0,30
--------------
	F13 | F22: 32
--------------
Threshold: 0,40
--------------
	F13 | F16 | F22: 22
	F13 | F22: 7
	F10 | F13 | F22: 4
--------------
Threshold: 0,50
--------------
	F10 | F13 | F16 | F22: 20
	F13 | F16 | F22: 5
	F13 | F16 | F20 | F22: 5
--------------
Threshold: 0,60
--------------
	F10 | F13 | F16 | F20 | F22: 23
	F8 | F13 | F16 | F22: 4
--------------
Threshold: 0,70
--------------
	F10 | F11 | F13 | F16 | F20 | F22: 22
	F10 | F11 | F13 | F16 | F17 | F20 | F22: 4
--------------
Threshold: 0,80
--------------
	F8 | F10 | F11 | F13 | F16 | F17 | F20 | F22: 18
	F8 | F10 | F11 | F13 | F16 | F20 | F22: 6
*********************************************************************************
All potential concepts based on thresholds
	F13 F22 ~#~ F13 F16 F22 ~#~ F10 F13 F22 ~#~ F10 F13 F16 F22 ~#~ F13 F16 F20 F22 ~#~ F10 F13 F16 F20 F22 ~#~ F8 F13 F16 F22 ~#~ F10 F11 F13 F16 F20 F22 ~#~ F10 F11 F13 F16 F17 F20 F22 ~#~ F8 F10 F11 F13 F16 F17 F20 F22 ~#~ F8 F10 F11 F13 F16 F20 F22 ~#~ 
*********************************************************************************
We remove max(NOISE,minNoise) groups, NOISE=1.0% -> 1, minNoise=3 we remove groups of size 3. Tree SHAP num of expl. inst. 50 (fold 7). Explaining class: 0).
Lower threshold thrL: 0.1 upper threshold thrU: 0.8 with step: 0.1
								--------------
									Fold  7
								--------------
--------------
Threshold: 0,10
--------------
	F13: 41
	F22: 5
--------------
Threshold: 0,20
--------------
	F13: 38
	F22: 4
--------------
Threshold: 0,30
--------------
	F13 | F22: 34
	F10 | F13: 5
--------------
Threshold: 0,40
--------------
	F13 | F16 | F22: 26
	F13 | F22: 7
--------------
Threshold: 0,50
--------------
	F10 | F13 | F16 | F22: 22
	F13 | F16 | F22: 4
--------------
Threshold: 0,60
--------------
	F1 | F10 | F13 | F16 | F22: 24
	F8 | F13 | F16 | F22: 4
--------------
Threshold: 0,70
--------------
	F1 | F8 | F10 | F13 | F16 | F22: 23
	F1 | F8 | F13 | F16 | F22: 4
--------------
Threshold: 0,80
--------------
	F1 | F8 | F10 | F11 | F13 | F16 | F20 | F22: 24
	F1 | F8 | F11 | F13 | F16 | F17 | F22: 4
*********************************************************************************
All potential concepts based on thresholds
	F13 F22 ~#~ F10 F13 ~#~ F13 F16 F22 ~#~ F10 F13 F16 F22 ~#~ F1 F10 F13 F16 F22 ~#~ F8 F13 F16 F22 ~#~ F1 F8 F10 F13 F16 F22 ~#~ F1 F8 F13 F16 F22 ~#~ F1 F8 F10 F11 F13 F16 F20 F22 ~#~ F1 F8 F11 F13 F16 F17 F22 ~#~ 
*********************************************************************************
We remove max(NOISE,minNoise) groups, NOISE=1.0% -> 1, minNoise=3 we remove groups of size 3. Tree SHAP num of expl. inst. 50 (fold 8). Explaining class: 0).
Lower threshold thrL: 0.1 upper threshold thrU: 0.8 with step: 0.1
								--------------
									Fold  8
								--------------
--------------
Threshold: 0,10
--------------
	F13: 47
--------------
Threshold: 0,20
--------------
	F13: 47
--------------
Threshold: 0,30
--------------
	F13 | F16: 23
	F13 | F22: 8
	F10 | F13: 7
	F13: 6
--------------
Threshold: 0,40
--------------
	F13 | F16: 23
	F13 | F22: 7
	F10 | F13: 7
	F8 | F13: 6
--------------
Threshold: 0,50
--------------
	F13 | F16 | F22: 25
	F10 | F13 | F16: 7
	F8 | F13 | F16: 4
--------------
Threshold: 0,60
--------------
	F10 | F13 | F16 | F22: 23
	F8 | F13 | F16 | F22: 5
	F13 | F16 | F22: 4
	F10 | F11 | F13 | F16: 4
--------------
Threshold: 0,70
--------------
	F8 | F10 | F11 | F13 | F16 | F22: 19
	F10 | F11 | F13 | F16 | F22: 5
	F8 | F11 | F13 | F16 | F22: 4
	F10 | F11 | F13 | F16 | F20 | F22: 4
	F8 | F10 | F13 | F16 | F22: 4
--------------
Threshold: 0,80
--------------
	F1 | F8 | F10 | F11 | F13 | F16 | F22: 25
	F1 | F8 | F11 | F13 | F16 | F22: 4
*********************************************************************************
All potential concepts based on thresholds
	F13 F16 ~#~ F13 F22 ~#~ F10 F13 ~#~ F8 F13 ~#~ F13 F16 F22 ~#~ F10 F13 F16 ~#~ F8 F13 F16 ~#~ F10 F13 F16 F22 ~#~ F8 F13 F16 F22 ~#~ F10 F11 F13 F16 ~#~ F8 F10 F11 F13 F16 F22 ~#~ F10 F11 F13 F16 F22 ~#~ F8 F11 F13 F16 F22 ~#~ F10 F11 F13 F16 F20 F22 ~#~ F8 F10 F13 F16 F22 ~#~ F1 F8 F10 F11 F13 F16 F22 ~#~ F1 F8 F11 F13 F16 F22 ~#~ 
*********************************************************************************
We remove max(NOISE,minNoise) groups, NOISE=1.0% -> 1, minNoise=3 we remove groups of size 3. Tree SHAP num of expl. inst. 50 (fold 9). Explaining class: 0).
Lower threshold thrL: 0.1 upper threshold thrU: 0.8 with step: 0.1
								--------------
									Fold  9
								--------------
--------------
Threshold: 0,10
--------------
	F13: 37
	F22: 7
--------------
Threshold: 0,20
--------------
	F13: 33
	F22: 6
--------------
Threshold: 0,30
--------------
	F13 | F22: 34
	F10 | F13: 5
	F13 | F20: 4
--------------
Threshold: 0,40
--------------
	F10 | F13 | F22: 24
	F13 | F22: 6
	F13 | F20 | F22: 4
--------------
Threshold: 0,50
--------------
	F10 | F13 | F16 | F22: 21
	F13 | F16 | F22: 5
	F10 | F13 | F22: 5
	F13 | F20 | F22: 4
--------------
Threshold: 0,60
--------------
	F1 | F10 | F13 | F16 | F22: 21
	F1 | F10 | F13 | F22: 4
	F8 | F13 | F16 | F22: 4
--------------
Threshold: 0,70
--------------
	F1 | F10 | F13 | F16 | F20 | F22: 26
	F1 | F8 | F13 | F16 | F22: 4
--------------
Threshold: 0,80
--------------
	F1 | F8 | F10 | F13 | F16 | F17 | F20 | F22: 25
	F1 | F8 | F11 | F13 | F16 | F20 | F22: 4
	F1 | F10 | F11 | F13 | F16 | F20 | F22: 4
*********************************************************************************
All potential concepts based on thresholds
	F13 F22 ~#~ F10 F13 ~#~ F13 F20 ~#~ F10 F13 F22 ~#~ F13 F20 F22 ~#~ F10 F13 F16 F22 ~#~ F13 F16 F22 ~#~ F1 F10 F13 F16 F22 ~#~ F1 F10 F13 F22 ~#~ F8 F13 F16 F22 ~#~ F1 F10 F13 F16 F20 F22 ~#~ F1 F8 F13 F16 F22 ~#~ F1 F8 F10 F13 F16 F17 F20 F22 ~#~ F1 F8 F11 F13 F16 F20 F22 ~#~ F1 F10 F11 F13 F16 F20 F22 ~#~ 
*********************************************************************************
We remove max(NOISE,minNoise) groups, NOISE=1.0% -> 1, minNoise=3 we remove groups of size 3. Tree SHAP num of expl. inst. 50 (fold 10). Explaining class: 0).
Lower threshold thrL: 0.1 upper threshold thrU: 0.8 with step: 0.1
								--------------
									Fold 10
								--------------
--------------
Threshold: 0,10
--------------
	F13: 27
	F22: 7
	F10: 5
	F20: 4
--------------
Threshold: 0,20
--------------
	F10 | F13: 25
	F10: 5
	F22: 5
	F20: 4
--------------
Threshold: 0,30
--------------
	F10 | F13 | F22: 24
	F10 | F13: 5
	F10 | F20: 4
	F13 | F22: 4
--------------
Threshold: 0,40
--------------
	F10 | F13 | F20 | F22: 26
	F10 | F13 | F20: 5
	F13 | F22: 4
--------------
Threshold: 0,50
--------------
	F10 | F13 | F20 | F22: 23
	F10 | F13 | F20: 5
	F13 | F20 | F22: 4
	F8 | F10 | F13 | F20 | F22: 4
--------------
Threshold: 0,60
--------------
	F8 | F10 | F13 | F20 | F22: 26
--------------
Threshold: 0,70
--------------
	F8 | F10 | F13 | F16 | F20 | F21 | F22: 24
	F8 | F10 | F13 | F16 | F20 | F22: 9
	F8 | F10 | F13 | F20 | F21 | F22: 5
--------------
Threshold: 0,80
--------------
	F8 | F10 | F13 | F16 | F17 | F20 | F21 | F22: 27
	F8 | F10 | F13 | F16 | F20 | F21 | F22: 6
*********************************************************************************
All potential concepts based on thresholds
	F10 F13 ~#~ F10 F13 F22 ~#~ F10 F20 ~#~ F13 F22 ~#~ F10 F13 F20 F22 ~#~ F10 F13 F20 ~#~ F13 F20 F22 ~#~ F8 F10 F13 F20 F22 ~#~ F8 F10 F13 F16 F20 F21 F22 ~#~ F8 F10 F13 F16 F20 F22 ~#~ F8 F10 F13 F20 F21 F22 ~#~ F8 F10 F13 F16 F17 F20 F21 F22 ~#~ 
*********************************************************************************
