dataset: Australian credit.arff
We remove max(NOISE,minNoise) groups, NOISE=1.0% -> 3, minNoise=3 we remove groups of size 3. Tree SHAP num of expl. inst. 277 (fold 1). Explaining class: 1).
Lower threshold thrL: 0.1 upper threshold thrU: 0.8 with step: 0.1
								--------------
									Fold  1
								--------------
--------------
Threshold: 0,10
--------------
	A8: 260
	A3: 11
	A5: 5
--------------
Threshold: 0,20
--------------
	A8: 260
	A3: 11
	A5: 5
--------------
Threshold: 0,30
--------------
	A8: 241
	A3: 10
	A5 | A8: 10
	A8 | A14: 6
	A5: 4
--------------
Threshold: 0,40
--------------
	A8: 90
	A8 | A14: 54
	A8 | A10: 46
	A5 | A8: 42
	A3 | A8: 15
	A7 | A8: 11
	A8 | A13: 9
	A3: 4
	A4 | A8: 4
--------------
Threshold: 0,50
--------------
	A8 | A10: 72
	A8 | A14: 69
	A5 | A8: 35
	A7 | A8: 20
	A3 | A8: 17
	A8 | A13: 13
	A8: 11
	A5 | A8 | A14: 9
	A5 | A8 | A10: 5
	A3 | A8 | A10: 4
--------------
Threshold: 0,60
--------------
	A8 | A10 | A14: 36
	A8 | A14: 34
	A8 | A10: 27
	A5 | A8 | A10: 21
	A5 | A8: 17
	A5 | A8 | A14: 14
	A7 | A8 | A10: 13
	A7 | A8: 12
	A7 | A8 | A13: 12
	A8 | A10 | A13: 9
	A3 | A8: 9
	A5 | A7 | A8: 6
	A5 | A8 | A13: 6
	A3 | A5 | A8: 5
	A3 | A7 | A8: 5
	A8 | A13 | A14: 4
	A3 | A8 | A14: 4
	A3 | A8 | A10: 4
	A8 | A13: 4
--------------
Threshold: 0,70
--------------
	A8 | A10 | A14: 38
	A5 | A8 | A10 | A14: 18
	A5 | A8 | A10: 12
	A5 | A8 | A14: 12
	A5 | A7 | A8: 11
	A7 | A8 | A10: 11
	A7 | A8 | A14: 11
	A7 | A8 | A13: 11
	A7 | A8 | A10 | A14: 10
	A5 | A8 | A10 | A13: 10
	A8 | A10 | A13: 9
	A7 | A8 | A10 | A13: 9
	A5 | A7 | A8 | A10: 8
	A8 | A13 | A14: 7
	A3 | A7 | A8: 6
	A8 | A10 | A13 | A14: 6
	A5 | A7 | A8 | A13: 5
	A3 | A8 | A10 | A14: 5
	A3 | A5 | A8: 5
	A5 | A8 | A13 | A14: 5
--------------
Threshold: 0,80
--------------
	A7 | A8 | A10 | A14: 24
	A7 | A8 | A10 | A13 | A14: 16
	A5 | A8 | A10 | A13 | A14: 15
	A5 | A7 | A8 | A10 | A13: 14
	A8 | A10 | A13 | A14: 12
	A5 | A7 | A8 | A10 | A14: 10
	A7 | A8 | A10 | A13: 8
	A7 | A8 | A13 | A14: 7
	A8 | A10 | A14: 7
	A5 | A7 | A8 | A14: 6
	A5 | A8 | A10 | A14: 6
	A5 | A7 | A8 | A13 | A14: 6
	A3 | A5 | A7 | A8: 5
	A5 | A8 | A10 | A13: 5
	A2 | A5 | A8 | A10 | A14: 5
	A3 | A5 | A8 | A13 | A14: 4
	A3 | A5 | A8 | A10 | A14: 4
	A5 | A7 | A8 | A10: 4
	A2 | A7 | A8 | A10 | A14: 4
	A2 | A3 | A7 | A8 | A10: 4
*********************************************************************************
All potential concepts based on thresholds
	A5 A8 ~#~ A8 A14 ~#~ A8 A10 ~#~ A3 A8 ~#~ A7 A8 ~#~ A8 A13 ~#~ A4 A8 ~#~ A5 A8 A14 ~#~ A5 A8 A10 ~#~ A3 A8 A10 ~#~ A8 A10 A14 ~#~ A7 A8 A10 ~#~ A7 A8 A13 ~#~ A8 A10 A13 ~#~ A5 A7 A8 ~#~ A5 A8 A13 ~#~ A3 A5 A8 ~#~ A3 A7 A8 ~#~ A8 A13 A14 ~#~ A3 A8 A14 ~#~ A5 A8 A10 A14 ~#~ A7 A8 A14 ~#~ A7 A8 A10 A14 ~#~ A5 A8 A10 A13 ~#~ A7 A8 A10 A13 ~#~ A5 A7 A8 A10 ~#~ A8 A10 A13 A14 ~#~ A5 A7 A8 A13 ~#~ A3 A8 A10 A14 ~#~ A5 A8 A13 A14 ~#~ A7 A8 A10 A13 A14 ~#~ A5 A8 A10 A13 A14 ~#~ A5 A7 A8 A10 A13 ~#~ A5 A7 A8 A10 A14 ~#~ A7 A8 A13 A14 ~#~ A5 A7 A8 A14 ~#~ A5 A7 A8 A13 A14 ~#~ A3 A5 A7 A8 ~#~ A2 A5 A8 A10 A14 ~#~ A3 A5 A8 A13 A14 ~#~ A3 A5 A8 A10 A14 ~#~ A2 A7 A8 A10 A14 ~#~ A2 A3 A7 A8 A10 ~#~ 
*********************************************************************************
