dataset: rConcept.arff
								--------------
								Fold  1
								--------------
We remove max(NOISE,minNoise) groups, NOISE=1.0% -> 5, minNoise=3 we remove groups of size 5. Explanation method: IME, num. of expl. inst. is 450, pct of expl. instances is 25, (fold 1). Number of bins for discretisation (simple binning) is 2.
--------------
Threshold: 0,10
--------------
	A2: 289
	A3: 85
	A1: 42
	A4: 34
--------------
Threshold: 0,20
--------------
	A2: 289
	A3: 85
	A1: 42
	A4: 34
--------------
Threshold: 0,30
--------------
	A2: 289
	A3: 84
	A1: 42
	A4: 32
--------------
Threshold: 0,40
--------------
	A2: 247
	A3: 65
	A2 | A3: 31
	A1: 28
	A2 | A4: 22
	A4: 18
	A1 | A2: 18
	A1 | A3: 8
	A1 | A4: 6
--------------
Threshold: 0,50
--------------
	A2: 170
	A2 | A3: 73
	A2 | A4: 58
	A1 | A2: 56
	A3: 36
	A1 | A3: 23
	A1: 9
	A3 | A4: 9
	A1 | A4: 8
--------------
Threshold: 0,60
--------------
	A2 | A3: 106
	A2 | A4: 94
	A1 | A2: 83
	A2: 75
	A1 | A3: 39
	A3 | A4: 10
	A3: 7
	A1 | A4: 7
	A2 | A3 | A4: 7
--------------
Threshold: 0,70
--------------
	A2 | A3: 103
	A2 | A4: 93
	A1 | A2: 72
	A1 | A2 | A3: 41
	A2 | A3 | A4: 32
	A1 | A3: 31
	A2: 26
	A1 | A2 | A4: 18
	A1 | A3 | A4: 6
	A3 | A4: 6
	A2 | A5: 6
--------------
Threshold: 0,80
--------------
	A1 | A2 | A3: 107
	A2 | A3 | A4: 70
	A2 | A3: 57
	A2 | A4: 48
	A1 | A2: 38
	A1 | A2 | A4: 37
	A2 | A4 | A5: 19
	A1 | A3: 14
	A1 | A3 | A4: 11
	A1 | A2 | A3 | A4: 8
	A1 | A2 | A4 | A5: 6
	A2 | A3 | A5: 6
*********************************************************************************
All potential concepts based on thresholds
	A2 A3 ~#~ A2 A4 ~#~ A1 A2 ~#~ A1 A3 ~#~ A1 A4 ~#~ A3 A4 ~#~ A2 A3 A4 ~#~ A1 A2 A3 ~#~ A1 A2 A4 ~#~ A1 A3 A4 ~#~ A2 A5 ~#~ A2 A4 A5 ~#~ A1 A2 A3 A4 ~#~ A1 A2 A4 A5 ~#~ A2 A3 A5 ~#~ 
*********************************************************************************
								--------------
								Fold  2
								--------------
We remove max(NOISE,minNoise) groups, NOISE=1.0% -> 5, minNoise=3 we remove groups of size 5. Explanation method: IME, num. of expl. inst. is 450, pct of expl. instances is 25, (fold 2). Number of bins for discretisation (simple binning) is 2.
--------------
Threshold: 0,10
--------------
	A2: 288
	A3: 89
	A1: 36
	A4: 36
--------------
Threshold: 0,20
--------------
	A2: 288
	A3: 89
	A1: 36
	A4: 36
--------------
Threshold: 0,30
--------------
	A2: 285
	A3: 87
	A1: 35
	A4: 34
--------------
Threshold: 0,40
--------------
	A2: 240
	A3: 74
	A2 | A3: 29
	A2 | A4: 22
	A4: 21
	A1 | A2: 20
	A1: 18
	A1 | A3: 13
	A3 | A4: 6
	A1 | A4: 6
--------------
Threshold: 0,50
--------------
	A2: 154
	A2 | A3: 91
	A2 | A4: 67
	A1 | A2: 45
	A3: 32
	A1 | A3: 29
	A3 | A4: 11
	A1 | A4: 7
	A1: 6
--------------
Threshold: 0,60
--------------
	A2 | A3: 130
	A2 | A4: 95
	A1 | A2: 72
	A2: 62
	A1 | A3: 37
	A2 | A3 | A4: 10
	A3: 9
	A3 | A4: 8
	A1 | A4: 8
--------------
Threshold: 0,70
--------------
	A2 | A3: 121
	A2 | A4: 86
	A1 | A2: 62
	A1 | A2 | A3: 50
	A2 | A3 | A4: 36
	A1 | A3: 26
	A1 | A2 | A4: 22
	A2: 13
	A1 | A3 | A4: 8
	A3 | A4: 6
--------------
Threshold: 0,80
--------------
	A1 | A2 | A3: 128
	A2 | A3: 67
	A2 | A3 | A4: 59
	A2 | A4: 38
	A1 | A2 | A4: 37
	A1 | A2: 29
	A1 | A2 | A3 | A4: 23
	A2 | A4 | A5: 18
	A1 | A3 | A4: 11
	A2 | A3 | A5: 9
	A1 | A3: 8
	A2 | A3 | A4 | A5: 6
*********************************************************************************
All potential concepts based on thresholds
	A2 A3 ~#~ A2 A4 ~#~ A1 A2 ~#~ A1 A3 ~#~ A3 A4 ~#~ A1 A4 ~#~ A2 A3 A4 ~#~ A1 A2 A3 ~#~ A1 A2 A4 ~#~ A1 A3 A4 ~#~ A1 A2 A3 A4 ~#~ A2 A4 A5 ~#~ A2 A3 A5 ~#~ A2 A3 A4 A5 ~#~ 
*********************************************************************************
								--------------
								Fold  3
								--------------
We remove max(NOISE,minNoise) groups, NOISE=1.0% -> 5, minNoise=3 we remove groups of size 5. Explanation method: IME, num. of expl. inst. is 450, pct of expl. instances is 25, (fold 3). Number of bins for discretisation (simple binning) is 2.
--------------
Threshold: 0,10
--------------
	A2: 311
	A3: 71
	A1: 35
	A4: 32
--------------
Threshold: 0,20
--------------
	A2: 311
	A3: 71
	A1: 35
	A4: 32
--------------
Threshold: 0,30
--------------
	A2: 310
	A3: 70
	A1: 35
	A4: 31
--------------
Threshold: 0,40
--------------
	A2: 261
	A3: 56
	A2 | A3: 32
	A1: 20
	A1 | A2: 20
	A2 | A4: 18
	A4: 17
	A3 | A4: 11
	A1 | A3: 11
--------------
Threshold: 0,50
--------------
	A2: 184
	A2 | A3: 79
	A2 | A4: 48
	A1 | A2: 44
	A3: 29
	A1 | A3: 22
	A3 | A4: 19
	A1: 9
	A4: 6
	A1 | A4: 6
--------------
Threshold: 0,60
--------------
	A2 | A3: 119
	A2: 86
	A2 | A4: 74
	A1 | A2: 67
	A1 | A3: 35
	A3 | A4: 20
	A3: 8
	A1 | A2 | A3: 8
	A1 | A4: 6
--------------
Threshold: 0,70
--------------
	A2 | A3: 118
	A2 | A4: 85
	A1 | A2: 74
	A1 | A2 | A3: 34
	A1 | A3: 29
	A2 | A3 | A4: 28
	A2: 26
	A1 | A2 | A4: 14
	A1 | A3 | A4: 8
	A3 | A4: 8
--------------
Threshold: 0,80
--------------
	A1 | A2 | A3: 107
	A2 | A3 | A4: 61
	A2 | A3: 58
	A2 | A4: 55
	A1 | A2 | A4: 42
	A1 | A2: 32
	A1 | A3: 15
	A1 | A2 | A3 | A4: 12
	A2 | A4 | A5: 11
	A1 | A3 | A4: 10
	A1 | A2 | A5: 10
*********************************************************************************
All potential concepts based on thresholds
	A2 A3 ~#~ A1 A2 ~#~ A2 A4 ~#~ A3 A4 ~#~ A1 A3 ~#~ A1 A4 ~#~ A1 A2 A3 ~#~ A2 A3 A4 ~#~ A1 A2 A4 ~#~ A1 A3 A4 ~#~ A1 A2 A3 A4 ~#~ A2 A4 A5 ~#~ A1 A2 A5 ~#~ 
*********************************************************************************
								--------------
								Fold  4
								--------------
We remove max(NOISE,minNoise) groups, NOISE=1.0% -> 5, minNoise=3 we remove groups of size 5. Explanation method: IME, num. of expl. inst. is 450, pct of expl. instances is 25, (fold 4). Number of bins for discretisation (simple binning) is 2.
--------------
Threshold: 0,10
--------------
	A2: 293
	A3: 88
	A4: 36
	A1: 32
--------------
Threshold: 0,20
--------------
	A2: 293
	A3: 88
	A4: 36
	A1: 32
--------------
Threshold: 0,30
--------------
	A2: 290
	A3: 87
	A4: 35
	A1: 30
--------------
Threshold: 0,40
--------------
	A2: 248
	A3: 62
	A2 | A4: 35
	A2 | A3: 26
	A1: 24
	A4: 21
	A1 | A2: 11
	A1 | A3: 10
	A3 | A4: 7
--------------
Threshold: 0,50
--------------
	A2: 155
	A2 | A3: 79
	A2 | A4: 72
	A1 | A2: 49
	A3: 34
	A1 | A3: 21
	A3 | A4: 13
	A1: 9
	A1 | A4: 8
	A4: 7
--------------
Threshold: 0,60
--------------
	A2 | A3: 123
	A2 | A4: 100
	A1 | A2: 66
	A2: 64
	A1 | A3: 28
	A3: 15
	A3 | A4: 14
	A2 | A3 | A4: 7
	A1 | A2 | A4: 6
--------------
Threshold: 0,70
--------------
	A2 | A3: 114
	A2 | A4: 83
	A1 | A2: 66
	A1 | A2 | A3: 40
	A2 | A3 | A4: 33
	A1 | A3: 30
	A1 | A2 | A4: 21
	A2: 18
	A2 | A4 | A5: 8
	A3 | A4: 7
	A2 | A5: 6
--------------
Threshold: 0,80
--------------
	A1 | A2 | A3: 104
	A2 | A3 | A4: 67
	A2 | A3: 58
	A1 | A2: 37
	A1 | A2 | A4: 33
	A2 | A4: 32
	A2 | A4 | A5: 20
	A1 | A2 | A3 | A4: 17
	A1 | A3: 15
	A2 | A3 | A5: 14
	A2 | A3 | A4 | A5: 11
	A1 | A3 | A4: 8
	A1 | A2 | A4 | A5: 8
	A3 | A4: 7
*********************************************************************************
All potential concepts based on thresholds
	A2 A4 ~#~ A2 A3 ~#~ A1 A2 ~#~ A1 A3 ~#~ A3 A4 ~#~ A1 A4 ~#~ A2 A3 A4 ~#~ A1 A2 A4 ~#~ A1 A2 A3 ~#~ A2 A4 A5 ~#~ A2 A5 ~#~ A1 A2 A3 A4 ~#~ A2 A3 A5 ~#~ A2 A3 A4 A5 ~#~ A1 A3 A4 ~#~ A1 A2 A4 A5 ~#~ 
*********************************************************************************
								--------------
								Fold  5
								--------------
We remove max(NOISE,minNoise) groups, NOISE=1.0% -> 5, minNoise=3 we remove groups of size 5. Explanation method: IME, num. of expl. inst. is 450, pct of expl. instances is 25, (fold 5). Number of bins for discretisation (simple binning) is 2.
--------------
Threshold: 0,10
--------------
	A2: 285
	A3: 88
	A4: 43
	A1: 33
--------------
Threshold: 0,20
--------------
	A2: 285
	A3: 88
	A4: 43
	A1: 33
--------------
Threshold: 0,30
--------------
	A2: 283
	A3: 87
	A4: 42
	A1: 30
--------------
Threshold: 0,40
--------------
	A2: 241
	A3: 63
	A2 | A3: 30
	A2 | A4: 27
	A4: 25
	A1: 21
	A1 | A2: 16
	A1 | A3: 15
--------------
Threshold: 0,50
--------------
	A2: 154
	A2 | A3: 94
	A2 | A4: 64
	A1 | A2: 38
	A1 | A3: 34
	A3: 28
	A3 | A4: 14
	A4: 8
	A1 | A4: 7
--------------
Threshold: 0,60
--------------
	A2 | A3: 124
	A2 | A4: 91
	A2: 72
	A1 | A2: 63
	A1 | A3: 37
	A3 | A4: 16
	A2 | A3 | A4: 9
	A3: 8
	A1 | A4: 8
--------------
Threshold: 0,70
--------------
	A2 | A3: 110
	A2 | A4: 85
	A1 | A2: 61
	A1 | A2 | A3: 40
	A2 | A3 | A4: 38
	A1 | A3: 29
	A2: 28
	A1 | A2 | A4: 15
	A3 | A4: 13
	A2 | A5: 7
	A2 | A4 | A5: 7
	A1 | A4: 6
--------------
Threshold: 0,80
--------------
	A1 | A2 | A3: 117
	A2 | A3 | A4: 74
	A2 | A3: 49
	A1 | A2 | A4: 45
	A2 | A4: 39
	A1 | A2: 29
	A1 | A2 | A3 | A4: 15
	A2 | A4 | A5: 14
	A1 | A3: 13
	A2 | A5: 10
	A3 | A4: 7
	A2 | A3 | A4 | A5: 6
	A1 | A3 | A4: 6
	A1 | A2 | A5: 6
*********************************************************************************
All potential concepts based on thresholds
	A2 A3 ~#~ A2 A4 ~#~ A1 A2 ~#~ A1 A3 ~#~ A3 A4 ~#~ A1 A4 ~#~ A2 A3 A4 ~#~ A1 A2 A3 ~#~ A1 A2 A4 ~#~ A2 A5 ~#~ A2 A4 A5 ~#~ A1 A2 A3 A4 ~#~ A2 A3 A4 A5 ~#~ A1 A3 A4 ~#~ A1 A2 A5 ~#~ 
*********************************************************************************
								--------------
								Fold  6
								--------------
We remove max(NOISE,minNoise) groups, NOISE=1.0% -> 5, minNoise=3 we remove groups of size 5. Explanation method: IME, num. of expl. inst. is 450, pct of expl. instances is 25, (fold 6). Number of bins for discretisation (simple binning) is 2.
--------------
Threshold: 0,10
--------------
	A2: 306
	A3: 82
	A4: 31
	A1: 30
--------------
Threshold: 0,20
--------------
	A2: 306
	A3: 82
	A4: 31
	A1: 30
--------------
Threshold: 0,30
--------------
	A2: 303
	A3: 79
	A1: 30
	A4: 29
--------------
Threshold: 0,40
--------------
	A2: 258
	A3: 55
	A2 | A3: 36
	A2 | A4: 22
	A4: 20
	A1: 19
	A1 | A2: 17
	A1 | A3: 16
--------------
Threshold: 0,50
--------------
	A2: 171
	A2 | A3: 85
	A2 | A4: 66
	A1 | A2: 51
	A1 | A3: 28
	A3: 21
	A3 | A4: 8
	A1: 6
--------------
Threshold: 0,60
--------------
	A2 | A3: 126
	A2 | A4: 108
	A1 | A2: 68
	A2: 65
	A1 | A3: 33
	A2 | A3 | A4: 8
	A3 | A4: 7
	A3: 6
--------------
Threshold: 0,70
--------------
	A2 | A3: 112
	A2 | A4: 108
	A1 | A2: 74
	A1 | A2 | A3: 41
	A1 | A3: 26
	A2 | A3 | A4: 26
	A1 | A2 | A4: 19
	A2: 11
	A2 | A5: 7
	A1 | A3 | A4: 6
--------------
Threshold: 0,80
--------------
	A1 | A2 | A3: 118
	A2 | A3 | A4: 66
	A2 | A3: 50
	A2 | A4: 47
	A1 | A2 | A4: 45
	A1 | A2: 34
	A2 | A4 | A5: 22
	A1 | A2 | A3 | A4: 16
	A1 | A3 | A4: 9
	A1 | A3: 8
	A2 | A5: 6
	A2 | A3 | A5: 6
*********************************************************************************
All potential concepts based on thresholds
	A2 A3 ~#~ A2 A4 ~#~ A1 A2 ~#~ A1 A3 ~#~ A3 A4 ~#~ A2 A3 A4 ~#~ A1 A2 A3 ~#~ A1 A2 A4 ~#~ A2 A5 ~#~ A1 A3 A4 ~#~ A2 A4 A5 ~#~ A1 A2 A3 A4 ~#~ A2 A3 A5 ~#~ 
*********************************************************************************
								--------------
								Fold  7
								--------------
We remove max(NOISE,minNoise) groups, NOISE=1.0% -> 5, minNoise=3 we remove groups of size 5. Explanation method: IME, num. of expl. inst. is 450, pct of expl. instances is 25, (fold 7). Number of bins for discretisation (simple binning) is 2.
--------------
Threshold: 0,10
--------------
	A2: 298
	A3: 89
	A1: 33
	A4: 29
--------------
Threshold: 0,20
--------------
	A2: 298
	A3: 89
	A1: 33
	A4: 29
--------------
Threshold: 0,30
--------------
	A2: 297
	A3: 86
	A1: 32
	A4: 26
--------------
Threshold: 0,40
--------------
	A2: 253
	A3: 61
	A2 | A3: 37
	A2 | A4: 23
	A1: 20
	A1 | A2: 17
	A4: 15
	A1 | A3: 11
	A3 | A4: 8
--------------
Threshold: 0,50
--------------
	A2: 163
	A2 | A3: 93
	A2 | A4: 60
	A1 | A2: 51
	A1 | A3: 25
	A3: 24
	A3 | A4: 12
	A1: 8
--------------
Threshold: 0,60
--------------
	A2 | A3: 140
	A2 | A4: 89
	A1 | A2: 85
	A2: 63
	A1 | A3: 29
	A3 | A4: 11
	A3: 8
--------------
Threshold: 0,70
--------------
	A2 | A3: 124
	A2 | A4: 86
	A1 | A2: 75
	A1 | A2 | A3: 49
	A2 | A3 | A4: 30
	A1 | A3: 22
	A1 | A2 | A4: 20
	A2: 12
	A2 | A5: 11
--------------
Threshold: 0,80
--------------
	A1 | A2 | A3: 137
	A2 | A3 | A4: 69
	A2 | A3: 59
	A1 | A2 | A4: 47
	A2 | A4: 34
	A1 | A2: 31
	A2 | A4 | A5: 13
	A1 | A2 | A3 | A4: 12
	A1 | A3: 9
	A2 | A5: 7
	A1 | A3 | A4: 6
	A2 | A3 | A5: 6
*********************************************************************************
All potential concepts based on thresholds
	A2 A3 ~#~ A2 A4 ~#~ A1 A2 ~#~ A1 A3 ~#~ A3 A4 ~#~ A1 A2 A3 ~#~ A2 A3 A4 ~#~ A1 A2 A4 ~#~ A2 A5 ~#~ A2 A4 A5 ~#~ A1 A2 A3 A4 ~#~ A1 A3 A4 ~#~ A2 A3 A5 ~#~ 
*********************************************************************************
								--------------
								Fold  8
								--------------
We remove max(NOISE,minNoise) groups, NOISE=1.0% -> 5, minNoise=3 we remove groups of size 5. Explanation method: IME, num. of expl. inst. is 450, pct of expl. instances is 25, (fold 8). Number of bins for discretisation (simple binning) is 2.
--------------
Threshold: 0,10
--------------
	A2: 291
	A3: 80
	A4: 55
	A1: 23
--------------
Threshold: 0,20
--------------
	A2: 291
	A3: 80
	A4: 55
	A1: 23
--------------
Threshold: 0,30
--------------
	A2: 287
	A3: 79
	A4: 53
	A1: 23
--------------
Threshold: 0,40
--------------
	A2: 257
	A3: 61
	A4: 34
	A2 | A3: 30
	A2 | A4: 17
	A1: 16
	A1 | A2: 14
	A3 | A4: 10
	A1 | A3: 6
--------------
Threshold: 0,50
--------------
	A2: 166
	A2 | A3: 85
	A2 | A4: 75
	A1 | A2: 35
	A3: 26
	A1 | A3: 25
	A3 | A4: 14
	A4: 12
--------------
Threshold: 0,60
--------------
	A2 | A3: 125
	A2 | A4: 113
	A2: 66
	A1 | A2: 56
	A1 | A3: 35
	A3 | A4: 15
	A3: 8
	A2 | A3 | A4: 7
--------------
Threshold: 0,70
--------------
	A2 | A3: 128
	A2 | A4: 105
	A1 | A2: 50
	A1 | A2 | A3: 36
	A1 | A3: 30
	A2 | A3 | A4: 30
	A2: 23
	A1 | A2 | A4: 16
	A2 | A4 | A5: 8
--------------
Threshold: 0,80
--------------
	A1 | A2 | A3: 113
	A2 | A3 | A4: 83
	A2 | A3: 61
	A2 | A4: 46
	A1 | A2 | A4: 36
	A1 | A2: 33
	A2 | A4 | A5: 24
	A1 | A3 | A4: 10
	A1 | A2 | A3 | A4: 9
	A1 | A3: 6
	A2 | A3 | A5: 6
*********************************************************************************
All potential concepts based on thresholds
	A2 A3 ~#~ A2 A4 ~#~ A1 A2 ~#~ A3 A4 ~#~ A1 A3 ~#~ A2 A3 A4 ~#~ A1 A2 A3 ~#~ A1 A2 A4 ~#~ A2 A4 A5 ~#~ A1 A3 A4 ~#~ A1 A2 A3 A4 ~#~ A2 A3 A5 ~#~ 
*********************************************************************************
								--------------
								Fold  9
								--------------
We remove max(NOISE,minNoise) groups, NOISE=1.0% -> 5, minNoise=3 we remove groups of size 5. Explanation method: IME, num. of expl. inst. is 450, pct of expl. instances is 25, (fold 9). Number of bins for discretisation (simple binning) is 2.
--------------
Threshold: 0,10
--------------
	A2: 292
	A3: 91
	A1: 38
	A4: 28
--------------
Threshold: 0,20
--------------
	A2: 292
	A3: 91
	A1: 38
	A4: 28
--------------
Threshold: 0,30
--------------
	A2: 289
	A3: 89
	A1: 37
	A4: 28
--------------
Threshold: 0,40
--------------
	A2: 235
	A3: 68
	A2 | A3: 38
	A1: 29
	A2 | A4: 24
	A1 | A2: 19
	A4: 15
	A1 | A3: 11
	A3 | A4: 7
--------------
Threshold: 0,50
--------------
	A2: 144
	A2 | A3: 97
	A2 | A4: 61
	A1 | A2: 51
	A3: 32
	A1 | A3: 25
	A1: 12
	A4: 8
	A3 | A4: 8
--------------
Threshold: 0,60
--------------
	A2 | A3: 130
	A2 | A4: 92
	A1 | A2: 85
	A2: 60
	A1 | A3: 30
	A3 | A4: 11
	A3: 8
--------------
Threshold: 0,70
--------------
	A2 | A3: 114
	A2 | A4: 93
	A1 | A2: 76
	A1 | A2 | A3: 41
	A2 | A3 | A4: 29
	A1 | A3: 24
	A1 | A2 | A4: 20
	A2: 15
	A3 | A4: 8
--------------
Threshold: 0,80
--------------
	A1 | A2 | A3: 115
	A2 | A3 | A4: 61
	A2 | A3: 55
	A1 | A2 | A4: 45
	A2 | A4: 42
	A1 | A2: 38
	A2 | A4 | A5: 20
	A1 | A2 | A3 | A4: 13
	A1 | A3: 11
	A2 | A3 | A5: 10
	A1 | A2 | A5: 8
	A1 | A3 | A4: 7
*********************************************************************************
All potential concepts based on thresholds
	A2 A3 ~#~ A2 A4 ~#~ A1 A2 ~#~ A1 A3 ~#~ A3 A4 ~#~ A1 A2 A3 ~#~ A2 A3 A4 ~#~ A1 A2 A4 ~#~ A2 A4 A5 ~#~ A1 A2 A3 A4 ~#~ A2 A3 A5 ~#~ A1 A2 A5 ~#~ A1 A3 A4 ~#~ 
*********************************************************************************
								--------------
								Fold 10
								--------------
We remove max(NOISE,minNoise) groups, NOISE=1.0% -> 5, minNoise=3 we remove groups of size 5. Explanation method: IME, num. of expl. inst. is 450, pct of expl. instances is 25, (fold 10). Number of bins for discretisation (simple binning) is 2.
--------------
Threshold: 0,10
--------------
	A2: 301
	A3: 83
	A1: 34
	A4: 32
--------------
Threshold: 0,20
--------------
	A2: 301
	A3: 83
	A1: 34
	A4: 32
--------------
Threshold: 0,30
--------------
	A2: 299
	A3: 80
	A1: 34
	A4: 29
--------------
Threshold: 0,40
--------------
	A2: 258
	A3: 61
	A2 | A3: 33
	A1: 24
	A2 | A4: 23
	A4: 17
	A1 | A2: 16
	A1 | A3: 10
--------------
Threshold: 0,50
--------------
	A2: 153
	A2 | A3: 83
	A2 | A4: 69
	A1 | A2: 55
	A3: 32
	A1 | A3: 29
	A3 | A4: 10
	A1: 8
--------------
Threshold: 0,60
--------------
	A2 | A3: 116
	A2 | A4: 97
	A1 | A2: 84
	A2: 68
	A1 | A3: 38
	A3: 10
	A3 | A4: 8
	A2 | A3 | A4: 7
--------------
Threshold: 0,70
--------------
	A2 | A3: 107
	A2 | A4: 92
	A1 | A2: 75
	A1 | A2 | A3: 39
	A1 | A3: 33
	A2 | A3 | A4: 28
	A1 | A2 | A4: 24
	A2: 21
	A3 | A4: 6
	A2 | A3 | A5: 6
--------------
Threshold: 0,80
--------------
	A1 | A2 | A3: 115
	A2 | A3 | A4: 72
	A1 | A2 | A4: 51
	A2 | A3: 50
	A2 | A4: 45
	A1 | A2: 35
	A1 | A3: 18
	A2 | A4 | A5: 13
	A2 | A3 | A5: 10
	A1 | A2 | A3 | A4: 9
	A1 | A3 | A4: 6
*********************************************************************************
All potential concepts based on thresholds
	A2 A3 ~#~ A2 A4 ~#~ A1 A2 ~#~ A1 A3 ~#~ A3 A4 ~#~ A2 A3 A4 ~#~ A1 A2 A3 ~#~ A1 A2 A4 ~#~ A2 A3 A5 ~#~ A2 A4 A5 ~#~ A1 A2 A3 A4 ~#~ A1 A3 A4 ~#~ 
*********************************************************************************
