dataset: rConcept.arff
--------------
Threshold: 0,10
--------------
	A2: 641
	A3: 218
	A1: 72
	A4: 68
--------------
Threshold: 0,20
--------------
	A2: 641
	A3: 218
	A1: 72
	A4: 68
--------------
Threshold: 0,30
--------------
	A2: 635
	A3: 214
	A1: 71
	A4: 63
--------------
Threshold: 0,40
--------------
	A2: 553
	A3: 154
	A2 | A3: 69
	A2 | A4: 45
	A1 | A2: 41
	A1: 40
	A1 | A3: 35
	A4: 30
	A3 | A4: 18
	A1 | A4: 14
--------------
Threshold: 0,50
--------------
	A2: 363
	A2 | A3: 200
	A2 | A4: 133
	A1 | A2: 99
	A3: 76
	A1 | A3: 64
	A3 | A4: 25
	A1 | A4: 19
	A1: 12
--------------
Threshold: 0,60
--------------
	A2 | A3: 289
	A2 | A4: 192
	A2: 189
	A1 | A2: 131
	A1 | A3: 76
	A3: 31
	A3 | A4: 22
	A1 | A2 | A3: 15
	A1 | A4: 14
	A1 | A2 | A4: 12
--------------
Threshold: 0,70
--------------
	A2 | A3: 268
	A2 | A4: 191
	A1 | A2: 125
	A1 | A2 | A3: 117
	A2: 66
	A2 | A3 | A4: 64
	A1 | A3: 61
	A1 | A2 | A4: 42
	A1 | A3 | A4: 24
--------------
Threshold: 0,80
--------------
	A1 | A2 | A3: 278
	A2 | A3 | A4: 147
	A2 | A3: 143
	A2 | A4: 112
	A1 | A2 | A4: 81
	A1 | A2: 65
	A1 | A2 | A3 | A4: 30
	A1 | A3 | A4: 25
	A2 | A4 | A5: 25
	A1 | A3: 23
	A2: 13
	A2 | A5: 12
*********************************************************************************
All potential concepts based on thresholds
	A2 A3 ~#~ A2 A4 ~#~ A1 A2 ~#~ A1 A3 ~#~ A3 A4 ~#~ A1 A4 ~#~ A1 A2 A3 ~#~ A1 A2 A4 ~#~ A2 A3 A4 ~#~ A1 A3 A4 ~#~ A1 A2 A3 A4 ~#~ A2 A4 A5 ~#~ A2 A5 ~#~ 
*********************************************************************************
--------------
Threshold: 0,10
--------------
	A2: 603
	A3: 221
	A1: 90
	A4: 84
--------------
Threshold: 0,20
--------------
	A2: 603
	A3: 221
	A1: 90
	A4: 84
--------------
Threshold: 0,30
--------------
	A2: 597
	A3: 217
	A1: 88
	A4: 82
--------------
Threshold: 0,40
--------------
	A2: 515
	A3: 156
	A2 | A4: 64
	A2 | A3: 61
	A1: 54
	A4: 47
	A1 | A3: 42
	A1 | A2: 34
	A3 | A4: 21
--------------
Threshold: 0,50
--------------
	A2: 332
	A2 | A3: 195
	A2 | A4: 140
	A1 | A2: 94
	A1 | A3: 91
	A3: 64
	A3 | A4: 30
	A1: 18
	A4: 14
	A1 | A4: 11
--------------
Threshold: 0,60
--------------
	A2 | A3: 270
	A2 | A4: 207
	A2: 153
	A1 | A2: 144
	A1 | A3: 104
	A3 | A4: 34
	A3: 17
	A1 | A2 | A3: 17
	A2 | A3 | A4: 12
	A1 | A4: 11
--------------
Threshold: 0,70
--------------
	A2 | A3: 242
	A2 | A4: 196
	A1 | A2: 136
	A1 | A2 | A3: 97
	A2 | A3 | A4: 80
	A1 | A3: 77
	A2: 48
	A1 | A2 | A4: 37
	A1 | A3 | A4: 19
	A3 | A4: 14
	A2 | A4 | A5: 11
--------------
Threshold: 0,80
--------------
	A1 | A2 | A3: 281
	A2 | A3 | A4: 157
	A2 | A3: 119
	A2 | A4: 101
	A1 | A2 | A4: 82
	A1 | A2: 64
	A2 | A4 | A5: 39
	A1 | A3 | A4: 32
	A1 | A3: 26
	A1 | A2 | A3 | A4: 18
	A2: 16
	A2 | A3 | A5: 14
*********************************************************************************
All potential concepts based on thresholds
	A2 A4 ~#~ A2 A3 ~#~ A1 A3 ~#~ A1 A2 ~#~ A3 A4 ~#~ A1 A4 ~#~ A1 A2 A3 ~#~ A2 A3 A4 ~#~ A1 A2 A4 ~#~ A1 A3 A4 ~#~ A2 A4 A5 ~#~ A1 A2 A3 A4 ~#~ A2 A3 A5 ~#~ 
*********************************************************************************
