dataset: Spect heart.arff
We remove max(NOISE,minNoise) groups, NOISE=10.0% -> 5, minNoise=1 we remove groups of size 5. Tree SHAP num of expl. inst. 49 (fold 1). Explaining class: 0).
Lower threshold thrL: 0.1 upper threshold thrU: 0.8 with step: 0.1
								--------------
									Fold  1
								--------------
--------------
Threshold: 0,10
--------------
	F22: 35
--------------
Threshold: 0,20
--------------
	F13 | F22: 28
	F22: 8
--------------
Threshold: 0,30
--------------
	F13 | F22: 28
--------------
Threshold: 0,40
--------------
	F10 | F13 | F22: 28
--------------
Threshold: 0,50
--------------
	F8 | F10 | F13 | F22: 21
--------------
Threshold: 0,60
--------------
	F8 | F10 | F13 | F16 | F22: 21
--------------
Threshold: 0,70
--------------
	F8 | F10 | F13 | F16 | F20 | F22: 27
--------------
Threshold: 0,80
--------------
	F3 | F8 | F10 | F13 | F16 | F17 | F20 | F22: 23
*********************************************************************************
All potential concepts based on thresholds
	F13 F22 ~#~ F10 F13 F22 ~#~ F8 F10 F13 F22 ~#~ F8 F10 F13 F16 F22 ~#~ F8 F10 F13 F16 F20 F22 ~#~ F3 F8 F10 F13 F16 F17 F20 F22 ~#~ 
*********************************************************************************
We remove max(NOISE,minNoise) groups, NOISE=10.0% -> 5, minNoise=1 we remove groups of size 5. Tree SHAP num of expl. inst. 49 (fold 2). Explaining class: 0).
Lower threshold thrL: 0.1 upper threshold thrU: 0.8 with step: 0.1
								--------------
									Fold  2
								--------------
--------------
Threshold: 0,10
--------------
	F13: 42
--------------
Threshold: 0,20
--------------
	F13: 31
--------------
Threshold: 0,30
--------------
	F13 | F22: 28
	F10 | F13: 6
--------------
Threshold: 0,40
--------------
	F13 | F16 | F22: 20
	F13 | F22: 6
--------------
Threshold: 0,50
--------------
	F10 | F13 | F16 | F22: 25
--------------
Threshold: 0,60
--------------
	F10 | F13 | F16 | F17 | F22: 18
	F10 | F13 | F16 | F20 | F22: 6
--------------
Threshold: 0,70
--------------
	F10 | F13 | F16 | F17 | F20 | F22: 18
--------------
Threshold: 0,80
--------------
	F4 | F8 | F10 | F13 | F16 | F17 | F20 | F22: 18
*********************************************************************************
All potential concepts based on thresholds
	F13 F22 ~#~ F10 F13 ~#~ F13 F16 F22 ~#~ F10 F13 F16 F22 ~#~ F10 F13 F16 F17 F22 ~#~ F10 F13 F16 F20 F22 ~#~ F10 F13 F16 F17 F20 F22 ~#~ F4 F8 F10 F13 F16 F17 F20 F22 ~#~ 
*********************************************************************************
We remove max(NOISE,minNoise) groups, NOISE=10.0% -> 5, minNoise=1 we remove groups of size 5. Tree SHAP num of expl. inst. 49 (fold 3). Explaining class: 0).
Lower threshold thrL: 0.1 upper threshold thrU: 0.8 with step: 0.1
								--------------
									Fold  3
								--------------
--------------
Threshold: 0,10
--------------
	F13: 40
--------------
Threshold: 0,20
--------------
	F13: 37
--------------
Threshold: 0,30
--------------
	F13 | F22: 28
	F10 | F13: 7
--------------
Threshold: 0,40
--------------
	F13 | F22: 30
--------------
Threshold: 0,50
--------------
	F10 | F13 | F22: 27
--------------
Threshold: 0,60
--------------
	F10 | F13 | F16 | F22: 22
	F10 | F13 | F20 | F22: 6
--------------
Threshold: 0,70
--------------
	F10 | F11 | F13 | F16 | F20 | F22: 21
	F10 | F13 | F16 | F20 | F22: 6
--------------
Threshold: 0,80
--------------
	F4 | F10 | F11 | F13 | F16 | F17 | F20 | F22: 20
*********************************************************************************
All potential concepts based on thresholds
	F13 F22 ~#~ F10 F13 ~#~ F10 F13 F22 ~#~ F10 F13 F16 F22 ~#~ F10 F13 F20 F22 ~#~ F10 F11 F13 F16 F20 F22 ~#~ F10 F13 F16 F20 F22 ~#~ F4 F10 F11 F13 F16 F17 F20 F22 ~#~ 
*********************************************************************************
We remove max(NOISE,minNoise) groups, NOISE=10.0% -> 5, minNoise=1 we remove groups of size 5. Tree SHAP num of expl. inst. 49 (fold 4). Explaining class: 0).
Lower threshold thrL: 0.1 upper threshold thrU: 0.8 with step: 0.1
								--------------
									Fold  4
								--------------
--------------
Threshold: 0,10
--------------
	F13: 46
--------------
Threshold: 0,20
--------------
	F13: 46
--------------
Threshold: 0,30
--------------
	F13: 39
--------------
Threshold: 0,40
--------------
	F13 | F22: 33
--------------
Threshold: 0,50
--------------
	F13 | F20 | F22: 25
	F13 | F22: 11
--------------
Threshold: 0,60
--------------
	F10 | F13 | F20 | F22: 26
	F13 | F22: 6
--------------
Threshold: 0,70
--------------
	F7 | F10 | F13 | F20 | F22: 21
--------------
Threshold: 0,80
--------------
	F1 | F7 | F10 | F13 | F17 | F20 | F22: 23
*********************************************************************************
All potential concepts based on thresholds
	F13 F22 ~#~ F13 F20 F22 ~#~ F10 F13 F20 F22 ~#~ F7 F10 F13 F20 F22 ~#~ F1 F7 F10 F13 F17 F20 F22 ~#~ 
*********************************************************************************
We remove max(NOISE,minNoise) groups, NOISE=10.0% -> 5, minNoise=1 we remove groups of size 5. Tree SHAP num of expl. inst. 49 (fold 5). Explaining class: 0).
Lower threshold thrL: 0.1 upper threshold thrU: 0.8 with step: 0.1
								--------------
									Fold  5
								--------------
--------------
Threshold: 0,10
--------------
	F13: 40
--------------
Threshold: 0,20
--------------
	F13: 34
--------------
Threshold: 0,30
--------------
	F13 | F22: 29
--------------
Threshold: 0,40
--------------
	F10 | F13 | F22: 22
--------------
Threshold: 0,50
--------------
	F10 | F13 | F16 | F22: 20
--------------
Threshold: 0,60
--------------
	F8 | F10 | F13 | F16 | F22: 24
--------------
Threshold: 0,70
--------------
	F8 | F10 | F13 | F16 | F17 | F21 | F22: 20
	F8 | F10 | F13 | F16 | F21 | F22: 8
--------------
Threshold: 0,80
--------------
	F7 | F8 | F10 | F13 | F16 | F17 | F21 | F22: 20
	F8 | F10 | F13 | F16 | F17 | F20 | F21 | F22: 9
*********************************************************************************
All potential concepts based on thresholds
	F13 F22 ~#~ F10 F13 F22 ~#~ F10 F13 F16 F22 ~#~ F8 F10 F13 F16 F22 ~#~ F8 F10 F13 F16 F17 F21 F22 ~#~ F8 F10 F13 F16 F21 F22 ~#~ F7 F8 F10 F13 F16 F17 F21 F22 ~#~ F8 F10 F13 F16 F17 F20 F21 F22 ~#~ 
*********************************************************************************
We remove max(NOISE,minNoise) groups, NOISE=10.0% -> 5, minNoise=3 we remove groups of size 5. Tree SHAP num of expl. inst. 50 (fold 6). Explaining class: 0).
Lower threshold thrL: 0.1 upper threshold thrU: 0.8 with step: 0.1
								--------------
									Fold  6
								--------------
--------------
Threshold: 0,10
--------------
	F13: 40
--------------
Threshold: 0,20
--------------
	F13: 35
--------------
Threshold: 0,30
--------------
	F13 | F22: 32
--------------
Threshold: 0,40
--------------
	F13 | F16 | F22: 22
	F13 | F22: 7
--------------
Threshold: 0,50
--------------
	F10 | F13 | F16 | F22: 20
--------------
Threshold: 0,60
--------------
	F10 | F13 | F16 | F20 | F22: 23
--------------
Threshold: 0,70
--------------
	F10 | F11 | F13 | F16 | F20 | F22: 22
--------------
Threshold: 0,80
--------------
	F8 | F10 | F11 | F13 | F16 | F17 | F20 | F22: 18
	F8 | F10 | F11 | F13 | F16 | F20 | F22: 6
*********************************************************************************
All potential concepts based on thresholds
	F13 F22 ~#~ F13 F16 F22 ~#~ F10 F13 F16 F22 ~#~ F10 F13 F16 F20 F22 ~#~ F10 F11 F13 F16 F20 F22 ~#~ F8 F10 F11 F13 F16 F17 F20 F22 ~#~ F8 F10 F11 F13 F16 F20 F22 ~#~ 
*********************************************************************************
We remove max(NOISE,minNoise) groups, NOISE=10.0% -> 5, minNoise=3 we remove groups of size 5. Tree SHAP num of expl. inst. 50 (fold 7). Explaining class: 0).
Lower threshold thrL: 0.1 upper threshold thrU: 0.8 with step: 0.1
								--------------
									Fold  7
								--------------
--------------
Threshold: 0,10
--------------
	F13: 41
--------------
Threshold: 0,20
--------------
	F13: 38
--------------
Threshold: 0,30
--------------
	F13 | F22: 34
--------------
Threshold: 0,40
--------------
	F13 | F16 | F22: 26
	F13 | F22: 7
--------------
Threshold: 0,50
--------------
	F10 | F13 | F16 | F22: 22
--------------
Threshold: 0,60
--------------
	F1 | F10 | F13 | F16 | F22: 24
--------------
Threshold: 0,70
--------------
	F1 | F8 | F10 | F13 | F16 | F22: 23
--------------
Threshold: 0,80
--------------
	F1 | F8 | F10 | F11 | F13 | F16 | F20 | F22: 24
*********************************************************************************
All potential concepts based on thresholds
	F13 F22 ~#~ F13 F16 F22 ~#~ F10 F13 F16 F22 ~#~ F1 F10 F13 F16 F22 ~#~ F1 F8 F10 F13 F16 F22 ~#~ F1 F8 F10 F11 F13 F16 F20 F22 ~#~ 
*********************************************************************************
We remove max(NOISE,minNoise) groups, NOISE=10.0% -> 5, minNoise=3 we remove groups of size 5. Tree SHAP num of expl. inst. 50 (fold 8). Explaining class: 0).
Lower threshold thrL: 0.1 upper threshold thrU: 0.8 with step: 0.1
								--------------
									Fold  8
								--------------
--------------
Threshold: 0,10
--------------
	F13: 47
--------------
Threshold: 0,20
--------------
	F13: 47
--------------
Threshold: 0,30
--------------
	F13 | F16: 23
	F13 | F22: 8
	F10 | F13: 7
	F13: 6
--------------
Threshold: 0,40
--------------
	F13 | F16: 23
	F13 | F22: 7
	F10 | F13: 7
	F8 | F13: 6
--------------
Threshold: 0,50
--------------
	F13 | F16 | F22: 25
	F10 | F13 | F16: 7
--------------
Threshold: 0,60
--------------
	F10 | F13 | F16 | F22: 23
--------------
Threshold: 0,70
--------------
	F8 | F10 | F11 | F13 | F16 | F22: 19
--------------
Threshold: 0,80
--------------
	F1 | F8 | F10 | F11 | F13 | F16 | F22: 25
*********************************************************************************
All potential concepts based on thresholds
	F13 F16 ~#~ F13 F22 ~#~ F10 F13 ~#~ F8 F13 ~#~ F13 F16 F22 ~#~ F10 F13 F16 ~#~ F10 F13 F16 F22 ~#~ F8 F10 F11 F13 F16 F22 ~#~ F1 F8 F10 F11 F13 F16 F22 ~#~ 
*********************************************************************************
We remove max(NOISE,minNoise) groups, NOISE=10.0% -> 5, minNoise=3 we remove groups of size 5. Tree SHAP num of expl. inst. 50 (fold 9). Explaining class: 0).
Lower threshold thrL: 0.1 upper threshold thrU: 0.8 with step: 0.1
								--------------
									Fold  9
								--------------
--------------
Threshold: 0,10
--------------
	F13: 37
	F22: 7
--------------
Threshold: 0,20
--------------
	F13: 33
	F22: 6
--------------
Threshold: 0,30
--------------
	F13 | F22: 34
--------------
Threshold: 0,40
--------------
	F10 | F13 | F22: 24
	F13 | F22: 6
--------------
Threshold: 0,50
--------------
	F10 | F13 | F16 | F22: 21
--------------
Threshold: 0,60
--------------
	F1 | F10 | F13 | F16 | F22: 21
--------------
Threshold: 0,70
--------------
	F1 | F10 | F13 | F16 | F20 | F22: 26
--------------
Threshold: 0,80
--------------
	F1 | F8 | F10 | F13 | F16 | F17 | F20 | F22: 25
*********************************************************************************
All potential concepts based on thresholds
	F13 F22 ~#~ F10 F13 F22 ~#~ F10 F13 F16 F22 ~#~ F1 F10 F13 F16 F22 ~#~ F1 F10 F13 F16 F20 F22 ~#~ F1 F8 F10 F13 F16 F17 F20 F22 ~#~ 
*********************************************************************************
We remove max(NOISE,minNoise) groups, NOISE=10.0% -> 5, minNoise=3 we remove groups of size 5. Tree SHAP num of expl. inst. 50 (fold 10). Explaining class: 0).
Lower threshold thrL: 0.1 upper threshold thrU: 0.8 with step: 0.1
								--------------
									Fold 10
								--------------
--------------
Threshold: 0,10
--------------
	F13: 27
	F22: 7
--------------
Threshold: 0,20
--------------
	F10 | F13: 25
--------------
Threshold: 0,30
--------------
	F10 | F13 | F22: 24
--------------
Threshold: 0,40
--------------
	F10 | F13 | F20 | F22: 26
--------------
Threshold: 0,50
--------------
	F10 | F13 | F20 | F22: 23
--------------
Threshold: 0,60
--------------
	F8 | F10 | F13 | F20 | F22: 26
--------------
Threshold: 0,70
--------------
	F8 | F10 | F13 | F16 | F20 | F21 | F22: 24
	F8 | F10 | F13 | F16 | F20 | F22: 9
--------------
Threshold: 0,80
--------------
	F8 | F10 | F13 | F16 | F17 | F20 | F21 | F22: 27
	F8 | F10 | F13 | F16 | F20 | F21 | F22: 6
*********************************************************************************
All potential concepts based on thresholds
	F10 F13 ~#~ F10 F13 F22 ~#~ F10 F13 F20 F22 ~#~ F8 F10 F13 F20 F22 ~#~ F8 F10 F13 F16 F20 F21 F22 ~#~ F8 F10 F13 F16 F20 F22 ~#~ F8 F10 F13 F16 F17 F20 F21 F22 ~#~ 
*********************************************************************************
