dataset: rLinear.arff
--------------
Threshold: 0,10
--------------
	A3: 614
	A2: 332
	A1: 54
--------------
Threshold: 0,20
--------------
	A3: 614
	A2: 332
	A1: 54
--------------
Threshold: 0,30
--------------
	A3: 614
	A2: 332
	A1: 54
--------------
Threshold: 0,40
--------------
	A3: 601
	A2: 318
	A1: 47
	A2 | A3: 19
--------------
Threshold: 0,50
--------------
	A3: 477
	A2 | A3: 218
	A2: 210
	A1 | A2: 41
	A1 | A3: 37
	A1: 17
--------------
Threshold: 0,60
--------------
	A2 | A3: 444
	A3: 289
	A2: 111
	A1 | A2: 78
	A1 | A3: 72
--------------
Threshold: 0,70
--------------
	A2 | A3: 561
	A3: 147
	A1 | A3: 118
	A1 | A2: 106
	A2: 56
--------------
Threshold: 0,80
--------------
	A2 | A3: 519
	A1 | A2 | A3: 179
	A1 | A3: 146
	A1 | A2: 91
	A3: 49
	A2: 16
*********************************************************************************
All potential concepts based on thresholds
	A2 A3 ~#~ A1 A2 ~#~ A1 A3 ~#~ A1 A2 A3 ~#~ 
*********************************************************************************
--------------
Threshold: 0,10
--------------
	A3: 653
	A2: 315
	A1: 32
--------------
Threshold: 0,20
--------------
	A3: 653
	A2: 315
	A1: 32
--------------
Threshold: 0,30
--------------
	A3: 653
	A2: 315
	A1: 32
--------------
Threshold: 0,40
--------------
	A3: 634
	A2: 293
	A2 | A3: 31
	A1: 25
--------------
Threshold: 0,50
--------------
	A3: 511
	A2 | A3: 229
	A2: 175
	A1 | A2: 37
	A1 | A3: 36
	A1: 12
--------------
Threshold: 0,60
--------------
	A2 | A3: 449
	A3: 323
	A2: 83
	A1 | A2: 72
	A1 | A3: 71
--------------
Threshold: 0,70
--------------
	A2 | A3: 606
	A3: 146
	A1 | A3: 110
	A1 | A2: 100
	A2: 27
	A1 | A2 | A3: 11
--------------
Threshold: 0,80
--------------
	A2 | A3: 546
	A1 | A2 | A3: 192
	A1 | A3: 125
	A1 | A2: 82
	A3: 50
*********************************************************************************
All potential concepts based on thresholds
	A2 A3 ~#~ A1 A2 ~#~ A1 A3 ~#~ A1 A2 A3 ~#~ 
*********************************************************************************
