dataset: rConcept.arff
--------------
Threshold: 0,10
--------------
	A2: 635
	A3: 180
	A4: 103
	A1: 82
--------------
Threshold: 0,20
--------------
	A2: 635
	A3: 180
	A4: 103
	A1: 82
--------------
Threshold: 0,30
--------------
	A2: 631
	A3: 179
	A4: 96
	A1: 79
--------------
Threshold: 0,40
--------------
	A2: 557
	A3: 122
	A2 | A3: 66
	A4: 55
	A1: 47
	A2 | A4: 41
	A1 | A3: 39
	A1 | A2: 34
	A3 | A4: 21
	A1 | A4: 13
--------------
Threshold: 0,50
--------------
	A2: 344
	A2 | A3: 196
	A2 | A4: 134
	A1 | A2: 103
	A1 | A3: 73
	A3: 53
	A3 | A4: 38
	A4: 22
	A1 | A4: 18
	A1: 14
--------------
Threshold: 0,60
--------------
	A2 | A3: 278
	A2 | A4: 195
	A2: 170
	A1 | A2: 139
	A1 | A3: 83
	A3 | A4: 33
	A3: 20
	A1 | A4: 18
	A2 | A3 | A4: 18
--------------
Threshold: 0,70
--------------
	A2 | A3: 260
	A2 | A4: 201
	A1 | A2: 129
	A1 | A2 | A3: 103
	A2 | A3 | A4: 78
	A2: 55
	A1 | A3: 50
	A1 | A2 | A4: 41
	A1 | A3 | A4: 26
	A3 | A4: 16
--------------
Threshold: 0,80
--------------
	A1 | A2 | A3: 285
	A2 | A3 | A4: 160
	A2 | A3: 117
	A2 | A4: 115
	A1 | A2 | A4: 98
	A1 | A2: 70
	A1 | A2 | A3 | A4: 30
	A1 | A3 | A4: 29
	A2 | A4 | A5: 19
*********************************************************************************
All potential concepts based on thresholds
	A2 A3 ~#~ A2 A4 ~#~ A1 A3 ~#~ A1 A2 ~#~ A3 A4 ~#~ A1 A4 ~#~ A2 A3 A4 ~#~ A1 A2 A3 ~#~ A1 A2 A4 ~#~ A1 A3 A4 ~#~ A1 A2 A3 A4 ~#~ A2 A4 A5 ~#~ 
*********************************************************************************
--------------
Threshold: 0,10
--------------
	A2: 624
	A3: 221
	A1: 78
	A4: 77
--------------
Threshold: 0,20
--------------
	A2: 624
	A3: 221
	A1: 78
	A4: 77
--------------
Threshold: 0,30
--------------
	A2: 620
	A3: 219
	A1: 76
	A4: 73
--------------
Threshold: 0,40
--------------
	A2: 528
	A3: 159
	A2 | A3: 70
	A4: 54
	A2 | A4: 49
	A1: 43
	A1 | A2: 43
	A1 | A3: 32
	A3 | A4: 13
--------------
Threshold: 0,50
--------------
	A2: 322
	A2 | A3: 216
	A2 | A4: 144
	A1 | A2: 108
	A1 | A3: 74
	A3: 69
	A3 | A4: 26
	A4: 14
--------------
Threshold: 0,60
--------------
	A2 | A3: 281
	A2 | A4: 195
	A2: 178
	A1 | A2: 136
	A1 | A3: 88
	A3: 25
	A3 | A4: 23
	A2 | A3 | A4: 21
	A1 | A2 | A3: 12
--------------
Threshold: 0,70
--------------
	A2 | A3: 268
	A2 | A4: 182
	A1 | A2 | A3: 122
	A1 | A2: 114
	A2 | A3 | A4: 77
	A2: 67
	A1 | A3: 66
	A1 | A2 | A4: 34
	A3 | A4: 17
	A1 | A3 | A4: 16
	A2 | A4 | A5: 11
--------------
Threshold: 0,80
--------------
	A1 | A2 | A3: 283
	A2 | A3: 150
	A2 | A3 | A4: 137
	A2 | A4: 98
	A1 | A2 | A4: 83
	A1 | A2: 59
	A1 | A2 | A3 | A4: 38
	A2 | A4 | A5: 35
	A1 | A3: 23
	A1 | A3 | A4: 19
	A2: 16
*********************************************************************************
All potential concepts based on thresholds
	A2 A3 ~#~ A2 A4 ~#~ A1 A2 ~#~ A1 A3 ~#~ A3 A4 ~#~ A2 A3 A4 ~#~ A1 A2 A3 ~#~ A1 A2 A4 ~#~ A1 A3 A4 ~#~ A2 A4 A5 ~#~ A1 A2 A3 A4 ~#~ 
*********************************************************************************
