dataset: Balance scale.arff
We remove max(NOISE,minNoise) groups, NOISE=1.0% -> 6, minNoise=3 we remove groups of size 6. Tree SHAP num of expl. inst. 562 (fold 1). Explaining class: L).
Lower threshold thrL: 0.1 upper threshold thrU: 0.8 with step: 0.1
								--------------
									Fold  1
								--------------
--------------
Threshold: 0,10
--------------
	left-distance: 169
	right-distance: 151
	left-weight: 134
	right-weight: 108
--------------
Threshold: 0,20
--------------
	left-distance: 169
	right-distance: 151
	left-weight: 134
	right-weight: 108
--------------
Threshold: 0,30
--------------
	left-distance: 167
	right-distance: 146
	left-weight: 129
	right-weight: 107
--------------
Threshold: 0,40
--------------
	left-distance: 108
	left-weight: 80
	right-distance: 78
	right-weight: 57
	left-weight | left-distance: 51
	left-weight | right-distance: 48
	right-weight | right-distance: 44
	left-distance | right-distance: 36
	left-weight | right-weight: 31
	left-distance | right-weight: 29
--------------
Threshold: 0,50
--------------
	left-weight | left-distance: 98
	left-weight | right-distance: 90
	right-weight | right-distance: 75
	left-distance | right-distance: 75
	left-distance | right-weight: 61
	left-weight | right-weight: 52
	left-distance: 45
	left-weight: 30
	right-distance: 19
	right-weight: 17
--------------
Threshold: 0,60
--------------
	left-weight | left-distance: 114
	left-weight | right-distance: 86
	right-weight | right-distance: 76
	left-distance | right-distance: 76
	left-distance | right-weight: 65
	left-weight | right-weight: 57
	left-weight | left-distance | right-distance: 21
	left-distance: 14
	left-distance | right-weight | right-distance: 14
	left-weight | left-distance | right-weight: 12
	left-weight: 9
	right-distance: 7
	left-weight | right-weight | right-distance: 7
--------------
Threshold: 0,70
--------------
	left-weight | left-distance: 81
	left-weight | left-distance | right-distance: 76
	left-weight | right-weight | right-distance: 62
	left-weight | left-distance | right-weight: 55
	left-distance | right-weight | right-distance: 54
	left-distance | right-distance: 49
	left-distance | right-weight: 48
	left-weight | right-distance: 46
	right-weight | right-distance: 42
	left-weight | right-weight: 36
--------------
Threshold: 0,80
--------------
	left-weight | left-distance | right-distance: 120
	left-weight | left-distance | right-weight: 105
	left-weight | right-weight | right-distance: 100
	left-distance | right-weight | right-distance: 96
	left-weight | left-distance: 36
	left-distance | right-weight: 24
	left-weight | right-weight: 20
	left-distance | right-distance: 18
	left-weight | left-distance | right-weight | right-distance: 18
	left-weight | right-distance: 13
	right-weight | right-distance: 11
*********************************************************************************
All potential concepts based on thresholds
	left-weight left-distance ~#~ left-weight right-distance ~#~ right-weight right-distance ~#~ left-distance right-distance ~#~ left-weight right-weight ~#~ left-distance right-weight ~#~ left-weight left-distance right-distance ~#~ left-distance right-weight right-distance ~#~ left-weight left-distance right-weight ~#~ left-weight right-weight right-distance ~#~ left-weight left-distance right-weight right-distance ~#~ 
*********************************************************************************
We remove max(NOISE,minNoise) groups, NOISE=1.0% -> 6, minNoise=3 we remove groups of size 6. Tree SHAP num of expl. inst. 562 (fold 2). Explaining class: L).
Lower threshold thrL: 0.1 upper threshold thrU: 0.8 with step: 0.1
								--------------
									Fold  2
								--------------
--------------
Threshold: 0,10
--------------
	right-distance: 179
	left-distance: 157
	left-weight: 131
	right-weight: 95
--------------
Threshold: 0,20
--------------
	right-distance: 179
	left-distance: 157
	left-weight: 131
	right-weight: 95
--------------
Threshold: 0,30
--------------
	right-distance: 174
	left-distance: 155
	left-weight: 125
	right-weight: 90
--------------
Threshold: 0,40
--------------
	right-distance: 92
	left-distance: 90
	left-weight: 75
	right-weight | right-distance: 62
	left-distance | right-distance: 51
	left-weight | right-distance: 48
	right-weight: 45
	left-distance | right-weight: 36
	left-weight | left-distance: 36
	left-weight | right-weight: 27
--------------
Threshold: 0,50
--------------
	right-weight | right-distance: 101
	left-distance | right-distance: 85
	left-weight | right-distance: 76
	left-weight | left-distance: 75
	left-distance | right-weight: 54
	left-weight | right-weight: 49
	left-distance: 39
	right-distance: 35
	left-weight: 32
	right-weight: 16
--------------
Threshold: 0,60
--------------
	right-weight | right-distance: 100
	left-distance | right-distance: 95
	left-weight | left-distance: 87
	left-weight | right-distance: 80
	left-distance | right-weight: 59
	left-weight | right-weight: 50
	left-weight | right-weight | right-distance: 20
	left-weight | left-distance | right-distance: 16
	left-distance | right-weight | right-distance: 14
	left-weight | left-distance | right-weight: 12
	left-distance: 11
	left-weight: 9
--------------
Threshold: 0,70
--------------
	left-weight | left-distance: 76
	left-distance | right-weight | right-distance: 76
	left-weight | right-weight | right-distance: 68
	left-weight | left-distance | right-distance: 63
	left-distance | right-distance: 61
	right-weight | right-distance: 53
	left-weight | right-distance: 45
	left-weight | left-distance | right-weight: 39
	left-distance | right-weight: 38
	left-weight | right-weight: 31
--------------
Threshold: 0,80
--------------
	left-weight | left-distance | right-distance: 125
	left-distance | right-weight | right-distance: 112
	left-weight | right-weight | right-distance: 92
	left-weight | left-distance | right-weight: 85
	left-weight | left-distance: 39
	left-distance | right-distance: 26
	left-weight | right-distance: 21
	left-weight | left-distance | right-weight | right-distance: 20
	right-weight | right-distance: 17
	left-distance | right-weight: 15
	left-weight | right-weight: 9
*********************************************************************************
All potential concepts based on thresholds
	right-weight right-distance ~#~ left-distance right-distance ~#~ left-weight right-distance ~#~ left-distance right-weight ~#~ left-weight left-distance ~#~ left-weight right-weight ~#~ left-weight right-weight right-distance ~#~ left-weight left-distance right-distance ~#~ left-distance right-weight right-distance ~#~ left-weight left-distance right-weight ~#~ left-weight left-distance right-weight right-distance ~#~ 
*********************************************************************************
We remove max(NOISE,minNoise) groups, NOISE=1.0% -> 6, minNoise=3 we remove groups of size 6. Tree SHAP num of expl. inst. 562 (fold 3). Explaining class: L).
Lower threshold thrL: 0.1 upper threshold thrU: 0.8 with step: 0.1
								--------------
									Fold  3
								--------------
--------------
Threshold: 0,10
--------------
	left-weight: 171
	left-distance: 163
	right-weight: 114
	right-distance: 114
--------------
Threshold: 0,20
--------------
	left-weight: 171
	left-distance: 163
	right-weight: 114
	right-distance: 114
--------------
Threshold: 0,30
--------------
	left-weight: 165
	left-distance: 157
	right-distance: 113
	right-weight: 106
--------------
Threshold: 0,40
--------------
	left-weight: 103
	left-distance: 92
	left-weight | left-distance: 57
	right-distance: 51
	right-weight: 48
	right-weight | right-distance: 48
	left-distance | right-weight: 46
	left-weight | right-weight: 41
	left-distance | right-distance: 40
	left-weight | right-distance: 36
--------------
Threshold: 0,50
--------------
	left-weight | left-distance: 108
	left-distance | right-weight: 71
	left-weight | right-distance: 70
	left-distance | right-distance: 69
	right-weight | right-distance: 68
	left-weight | right-weight: 66
	left-weight: 40
	left-distance: 38
	right-weight: 16
	right-distance: 16
--------------
Threshold: 0,60
--------------
	left-weight | left-distance: 122
	left-distance | right-distance: 77
	left-weight | right-distance: 70
	left-distance | right-weight: 69
	right-weight | right-distance: 65
	left-weight | right-weight: 63
	left-distance | right-weight | right-distance: 19
	left-weight: 16
	left-weight | right-weight | right-distance: 14
	left-distance: 13
	left-weight | left-distance | right-weight: 13
	left-weight | left-distance | right-distance: 12
--------------
Threshold: 0,70
--------------
	left-weight | left-distance: 89
	left-weight | left-distance | right-distance: 75
	left-weight | right-weight | right-distance: 59
	left-distance | right-weight | right-distance: 59
	left-weight | left-distance | right-weight: 55
	left-distance | right-distance: 47
	left-distance | right-weight: 45
	left-weight | right-weight: 41
	left-weight | right-distance: 41
	right-weight | right-distance: 38
--------------
Threshold: 0,80
--------------
	left-weight | left-distance | right-distance: 127
	left-weight | left-distance | right-weight: 98
	left-distance | right-weight | right-distance: 98
	left-weight | right-weight | right-distance: 80
	left-weight | left-distance: 40
	left-distance | right-weight: 26
	left-weight | left-distance | right-weight | right-distance: 21
	left-distance | right-distance: 19
	left-weight | right-weight: 18
	left-weight | right-distance: 18
	right-weight | right-distance: 14
*********************************************************************************
All potential concepts based on thresholds
	left-weight left-distance ~#~ right-weight right-distance ~#~ left-distance right-weight ~#~ left-weight right-weight ~#~ left-distance right-distance ~#~ left-weight right-distance ~#~ left-distance right-weight right-distance ~#~ left-weight right-weight right-distance ~#~ left-weight left-distance right-weight ~#~ left-weight left-distance right-distance ~#~ left-weight left-distance right-weight right-distance ~#~ 
*********************************************************************************
We remove max(NOISE,minNoise) groups, NOISE=1.0% -> 6, minNoise=3 we remove groups of size 6. Tree SHAP num of expl. inst. 562 (fold 4). Explaining class: L).
Lower threshold thrL: 0.1 upper threshold thrU: 0.8 with step: 0.1
								--------------
									Fold  4
								--------------
--------------
Threshold: 0,10
--------------
	left-weight: 173
	right-distance: 149
	left-distance: 129
	right-weight: 111
--------------
Threshold: 0,20
--------------
	left-weight: 173
	right-distance: 149
	left-distance: 129
	right-weight: 111
--------------
Threshold: 0,30
--------------
	left-weight: 173
	right-distance: 146
	left-distance: 126
	right-weight: 106
--------------
Threshold: 0,40
--------------
	left-weight: 109
	right-distance: 103
	left-distance: 86
	right-weight: 66
	left-weight | left-distance: 40
	right-weight | right-distance: 39
	left-distance | right-distance: 36
	left-weight | right-distance: 34
	left-weight | right-weight: 32
	left-distance | right-weight: 17
--------------
Threshold: 0,50
--------------
	left-distance | right-distance: 87
	right-weight | right-distance: 76
	left-weight | left-distance: 73
	left-weight | right-distance: 72
	left-weight | right-weight: 63
	left-distance | right-weight: 51
	left-weight: 44
	left-distance: 36
	right-distance: 36
	right-weight: 24
--------------
Threshold: 0,60
--------------
	left-distance | right-distance: 100
	left-weight | right-distance: 89
	left-weight | left-distance: 88
	right-weight | right-distance: 87
	left-weight | right-weight: 72
	left-distance | right-weight: 54
	left-weight: 17
	left-distance: 11
	right-distance: 10
	left-weight | right-weight | right-distance: 10
	left-weight | left-distance | right-weight: 9
	left-weight | left-distance | right-distance: 8
--------------
Threshold: 0,70
--------------
	left-weight | left-distance: 73
	right-weight | right-distance: 68
	left-distance | right-distance: 66
	left-weight | right-distance: 60
	left-weight | right-weight | right-distance: 51
	left-weight | right-weight: 50
	left-weight | left-distance | right-distance: 50
	left-distance | right-weight | right-distance: 49
	left-weight | left-distance | right-weight: 42
	left-distance | right-weight: 40
--------------
Threshold: 0,80
--------------
	left-weight | left-distance | right-distance: 119
	left-distance | right-weight | right-distance: 108
	left-weight | right-weight | right-distance: 96
	left-weight | left-distance | right-weight: 87
	left-weight | left-distance: 34
	right-weight | right-distance: 25
	left-distance | right-distance: 25
	left-weight | right-distance: 24
	left-weight | right-weight: 18
	left-weight | left-distance | right-weight | right-distance: 13
	left-distance | right-weight: 11
*********************************************************************************
All potential concepts based on thresholds
	left-weight left-distance ~#~ right-weight right-distance ~#~ left-distance right-distance ~#~ left-weight right-distance ~#~ left-weight right-weight ~#~ left-distance right-weight ~#~ left-weight right-weight right-distance ~#~ left-weight left-distance right-weight ~#~ left-weight left-distance right-distance ~#~ left-distance right-weight right-distance ~#~ left-weight left-distance right-weight right-distance ~#~ 
*********************************************************************************
We remove max(NOISE,minNoise) groups, NOISE=1.0% -> 6, minNoise=3 we remove groups of size 6. Tree SHAP num of expl. inst. 562 (fold 5). Explaining class: L).
Lower threshold thrL: 0.1 upper threshold thrU: 0.8 with step: 0.1
								--------------
									Fold  5
								--------------
--------------
Threshold: 0,10
--------------
	left-weight: 167
	left-distance: 154
	right-weight: 134
	right-distance: 107
--------------
Threshold: 0,20
--------------
	left-weight: 167
	left-distance: 154
	right-weight: 134
	right-distance: 107
--------------
Threshold: 0,30
--------------
	left-weight: 165
	left-distance: 149
	right-weight: 133
	right-distance: 99
--------------
Threshold: 0,40
--------------
	left-weight: 102
	left-distance: 91
	right-weight: 75
	right-distance: 51
	right-weight | right-distance: 49
	left-weight | left-distance: 49
	left-weight | right-weight: 43
	left-weight | right-distance: 42
	left-distance | right-weight: 32
	left-distance | right-distance: 28
--------------
Threshold: 0,50
--------------
	left-weight | right-weight: 84
	left-weight | left-distance: 81
	right-weight | right-distance: 78
	left-distance | right-weight: 75
	left-weight | right-distance: 73
	left-distance | right-distance: 57
	left-weight: 37
	left-distance: 30
	right-weight: 28
	right-distance: 19
--------------
Threshold: 0,60
--------------
	left-weight | right-weight: 96
	right-weight | right-distance: 86
	left-distance | right-weight: 86
	left-weight | left-distance: 85
	left-weight | right-distance: 70
	left-distance | right-distance: 61
	left-distance | right-weight | right-distance: 15
	left-weight | left-distance | right-distance: 14
	left-weight: 10
	left-weight | right-weight | right-distance: 10
	left-weight | left-distance | right-weight: 10
	right-weight: 7
--------------
Threshold: 0,70
--------------
	left-weight | left-distance | right-weight: 69
	left-weight | right-weight: 68
	left-weight | right-weight | right-distance: 62
	left-distance | right-weight: 57
	left-weight | left-distance | right-distance: 57
	left-distance | right-weight | right-distance: 56
	right-weight | right-distance: 52
	left-weight | left-distance: 52
	left-weight | right-distance: 46
	left-distance | right-distance: 39
--------------
Threshold: 0,80
--------------
	left-weight | right-weight | right-distance: 118
	left-weight | left-distance | right-weight: 118
	left-distance | right-weight | right-distance: 111
	left-weight | left-distance | right-distance: 82
	left-weight | right-weight: 30
	right-weight | right-distance: 21
	left-distance | right-weight: 20
	left-weight | left-distance: 19
	left-weight | left-distance | right-weight | right-distance: 18
	left-weight | right-distance: 14
	left-distance | right-distance: 11
*********************************************************************************
All potential concepts based on thresholds
	right-weight right-distance ~#~ left-weight left-distance ~#~ left-weight right-weight ~#~ left-weight right-distance ~#~ left-distance right-weight ~#~ left-distance right-distance ~#~ left-distance right-weight right-distance ~#~ left-weight left-distance right-distance ~#~ left-weight right-weight right-distance ~#~ left-weight left-distance right-weight ~#~ left-weight left-distance right-weight right-distance ~#~ 
*********************************************************************************
We remove max(NOISE,minNoise) groups, NOISE=1.0% -> 6, minNoise=3 we remove groups of size 6. Tree SHAP num of expl. inst. 563 (fold 6). Explaining class: L).
Lower threshold thrL: 0.1 upper threshold thrU: 0.8 with step: 0.1
								--------------
									Fold  6
								--------------
--------------
Threshold: 0,10
--------------
	right-distance: 159
	left-weight: 147
	left-distance: 129
	right-weight: 128
--------------
Threshold: 0,20
--------------
	right-distance: 159
	left-weight: 147
	left-distance: 129
	right-weight: 128
--------------
Threshold: 0,30
--------------
	right-distance: 149
	left-weight: 141
	right-weight: 127
	left-distance: 123
	left-weight | left-distance: 8
--------------
Threshold: 0,40
--------------
	left-weight: 87
	left-distance: 78
	right-distance: 78
	right-weight: 74
	right-weight | right-distance: 61
	left-weight | left-distance: 44
	left-distance | right-distance: 40
	left-weight | right-distance: 40
	left-distance | right-weight: 33
	left-weight | right-weight: 28
--------------
Threshold: 0,50
--------------
	right-weight | right-distance: 105
	left-weight | left-distance: 84
	left-weight | right-distance: 76
	left-distance | right-distance: 74
	left-distance | right-weight: 66
	left-weight | right-weight: 56
	left-weight: 30
	left-distance: 27
	right-distance: 24
	right-weight: 21
--------------
Threshold: 0,60
--------------
	right-weight | right-distance: 101
	left-weight | left-distance: 89
	left-weight | right-distance: 78
	left-distance | right-distance: 71
	left-distance | right-weight: 68
	left-weight | right-weight: 68
	left-distance | right-weight | right-distance: 17
	left-weight | right-weight | right-distance: 16
	left-weight | left-distance | right-distance: 15
	left-weight | left-distance | right-weight: 12
	left-weight: 11
	left-distance: 9
--------------
Threshold: 0,70
--------------
	left-distance | right-weight | right-distance: 77
	left-weight | left-distance: 71
	left-weight | right-weight | right-distance: 67
	left-weight | left-distance | right-distance: 58
	left-weight | left-distance | right-weight: 57
	left-weight | right-weight: 51
	left-weight | right-distance: 49
	right-weight | right-distance: 48
	left-distance | right-weight: 39
	left-distance | right-distance: 38
--------------
Threshold: 0,80
--------------
	left-weight | left-distance | right-weight: 119
	left-weight | left-distance | right-distance: 110
	left-weight | right-weight | right-distance: 107
	left-distance | right-weight | right-distance: 99
	left-weight | left-distance: 32
	left-weight | right-weight: 26
	left-weight | left-distance | right-weight | right-distance: 19
	left-weight | right-distance: 18
	left-distance | right-weight: 14
	right-weight | right-distance: 11
	left-distance | right-distance: 7
*********************************************************************************
All potential concepts based on thresholds
	left-weight left-distance ~#~ right-weight right-distance ~#~ left-distance right-distance ~#~ left-weight right-distance ~#~ left-distance right-weight ~#~ left-weight right-weight ~#~ left-distance right-weight right-distance ~#~ left-weight right-weight right-distance ~#~ left-weight left-distance right-distance ~#~ left-weight left-distance right-weight ~#~ left-weight left-distance right-weight right-distance ~#~ 
*********************************************************************************
We remove max(NOISE,minNoise) groups, NOISE=1.0% -> 6, minNoise=3 we remove groups of size 6. Tree SHAP num of expl. inst. 563 (fold 7). Explaining class: L).
Lower threshold thrL: 0.1 upper threshold thrU: 0.8 with step: 0.1
								--------------
									Fold  7
								--------------
--------------
Threshold: 0,10
--------------
	left-distance: 169
	right-weight: 150
	right-distance: 132
	left-weight: 112
--------------
Threshold: 0,20
--------------
	left-distance: 169
	right-weight: 150
	right-distance: 132
	left-weight: 112
--------------
Threshold: 0,30
--------------
	left-distance: 166
	right-weight: 141
	right-distance: 130
	left-weight: 108
--------------
Threshold: 0,40
--------------
	left-distance: 89
	right-weight: 81
	right-distance: 72
	left-weight: 67
	right-weight | right-distance: 51
	left-weight | left-distance: 49
	left-distance | right-distance: 48
	left-distance | right-weight: 46
	left-weight | right-weight: 32
	left-weight | right-distance: 28
--------------
Threshold: 0,50
--------------
	left-weight | left-distance: 93
	right-weight | right-distance: 86
	left-distance | right-weight: 86
	left-distance | right-distance: 82
	left-weight | right-weight: 52
	left-weight | right-distance: 52
	left-weight: 31
	left-distance: 29
	right-weight: 28
	right-distance: 24
--------------
Threshold: 0,60
--------------
	left-weight | left-distance: 100
	left-distance | right-distance: 87
	left-distance | right-weight: 86
	right-weight | right-distance: 85
	left-weight | right-weight: 62
	left-weight | right-distance: 61
	left-distance | right-weight | right-distance: 15
	left-weight | right-weight | right-distance: 13
	left-weight | left-distance | right-distance: 13
	left-weight | left-distance | right-weight: 11
	left-weight: 10
	left-distance: 7
	right-weight: 7
--------------
Threshold: 0,70
--------------
	left-distance | right-weight | right-distance: 79
	left-weight | left-distance | right-distance: 68
	left-weight | left-distance: 65
	left-weight | left-distance | right-weight: 62
	right-weight | right-distance: 53
	left-distance | right-distance: 52
	left-distance | right-weight: 47
	left-weight | right-weight: 44
	left-weight | right-distance: 44
	left-weight | right-weight | right-distance: 36
--------------
Threshold: 0,80
--------------
	left-distance | right-weight | right-distance: 119
	left-weight | left-distance | right-distance: 112
	left-weight | left-distance | right-weight: 104
	left-weight | right-weight | right-distance: 75
	left-weight | left-distance: 31
	left-weight | right-weight: 28
	left-distance | right-distance: 21
	right-weight | right-distance: 20
	left-weight | right-distance: 19
	left-distance | right-weight: 17
	left-weight | left-distance | right-weight | right-distance: 16
*********************************************************************************
All potential concepts based on thresholds
	right-weight right-distance ~#~ left-weight left-distance ~#~ left-distance right-distance ~#~ left-distance right-weight ~#~ left-weight right-weight ~#~ left-weight right-distance ~#~ left-distance right-weight right-distance ~#~ left-weight right-weight right-distance ~#~ left-weight left-distance right-distance ~#~ left-weight left-distance right-weight ~#~ left-weight left-distance right-weight right-distance ~#~ 
*********************************************************************************
We remove max(NOISE,minNoise) groups, NOISE=1.0% -> 6, minNoise=3 we remove groups of size 6. Tree SHAP num of expl. inst. 563 (fold 8). Explaining class: L).
Lower threshold thrL: 0.1 upper threshold thrU: 0.8 with step: 0.1
								--------------
									Fold  8
								--------------
--------------
Threshold: 0,10
--------------
	right-weight: 167
	left-weight: 165
	left-distance: 135
	right-distance: 96
--------------
Threshold: 0,20
--------------
	right-weight: 167
	left-weight: 165
	left-distance: 135
	right-distance: 96
--------------
Threshold: 0,30
--------------
	left-weight: 163
	right-weight: 162
	left-distance: 133
	right-distance: 93
--------------
Threshold: 0,40
--------------
	left-weight: 95
	right-weight: 86
	left-distance: 77
	right-weight | right-distance: 57
	left-weight | right-weight: 52
	right-distance: 42
	left-weight | left-distance: 42
	left-distance | right-weight: 41
	left-weight | right-distance: 39
	left-distance | right-distance: 32
--------------
Threshold: 0,50
--------------
	right-weight | right-distance: 93
	left-weight | right-weight: 90
	left-weight | left-distance: 76
	left-distance | right-weight: 70
	left-weight | right-distance: 67
	left-distance | right-distance: 59
	left-weight: 42
	left-distance: 28
	right-weight: 28
	right-distance: 10
--------------
Threshold: 0,60
--------------
	left-weight | right-weight: 96
	right-weight | right-distance: 84
	left-weight | left-distance: 83
	left-weight | right-distance: 75
	left-distance | right-weight: 72
	left-distance | right-distance: 65
	left-weight | right-weight | right-distance: 21
	left-weight: 17
	left-weight | left-distance | right-weight: 14
	left-weight | left-distance | right-distance: 12
	left-distance | right-weight | right-distance: 11
	left-distance: 8
--------------
Threshold: 0,70
--------------
	left-weight | left-distance: 70
	left-weight | right-weight: 66
	left-weight | right-weight | right-distance: 65
	left-distance | right-weight | right-distance: 65
	left-weight | left-distance | right-weight: 62
	left-weight | left-distance | right-distance: 54
	left-weight | right-distance: 51
	right-weight | right-distance: 41
	left-distance | right-weight: 41
	left-distance | right-distance: 38
	left-weight: 7
--------------
Threshold: 0,80
--------------
	left-weight | left-distance | right-distance: 112
	left-weight | right-weight | right-distance: 110
	left-weight | left-distance | right-weight: 110
	left-distance | right-weight | right-distance: 92
	left-weight | left-distance: 39
	left-weight | right-weight: 23
	left-weight | right-distance: 22
	left-weight | left-distance | right-weight | right-distance: 18
	left-distance | right-weight: 16
	left-distance | right-distance: 13
*********************************************************************************
All potential concepts based on thresholds
	right-weight right-distance ~#~ left-weight right-weight ~#~ left-weight left-distance ~#~ left-distance right-weight ~#~ left-weight right-distance ~#~ left-distance right-distance ~#~ left-weight right-weight right-distance ~#~ left-weight left-distance right-weight ~#~ left-weight left-distance right-distance ~#~ left-distance right-weight right-distance ~#~ left-weight left-distance right-weight right-distance ~#~ 
*********************************************************************************
We remove max(NOISE,minNoise) groups, NOISE=1.0% -> 6, minNoise=3 we remove groups of size 6. Tree SHAP num of expl. inst. 563 (fold 9). Explaining class: L).
Lower threshold thrL: 0.1 upper threshold thrU: 0.8 with step: 0.1
								--------------
									Fold  9
								--------------
--------------
Threshold: 0,10
--------------
	left-weight: 163
	right-weight: 150
	left-distance: 130
	right-distance: 120
--------------
Threshold: 0,20
--------------
	left-weight: 163
	right-weight: 150
	left-distance: 130
	right-distance: 120
--------------
Threshold: 0,30
--------------
	left-weight: 160
	right-weight: 144
	left-distance: 124
	right-distance: 117
--------------
Threshold: 0,40
--------------
	left-weight: 94
	left-distance: 75
	right-weight: 71
	right-distance: 68
	right-weight | right-distance: 54
	left-weight | right-distance: 44
	left-distance | right-weight: 43
	left-weight | right-weight: 43
	left-weight | left-distance: 38
	left-distance | right-distance: 33
--------------
Threshold: 0,50
--------------
	right-weight | right-distance: 96
	left-weight | right-distance: 81
	left-distance | right-weight: 78
	left-weight | right-weight: 71
	left-distance | right-distance: 62
	left-weight | left-distance: 62
	left-weight: 39
	left-distance: 31
	right-weight: 23
	right-distance: 20
--------------
Threshold: 0,60
--------------
	right-weight | right-distance: 95
	left-weight | right-distance: 85
	left-distance | right-weight: 80
	left-weight | left-distance: 76
	left-weight | right-weight: 72
	left-distance | right-distance: 70
	left-weight | left-distance | right-distance: 17
	left-weight | right-weight | right-distance: 15
	left-distance | right-weight | right-distance: 13
	left-weight | left-distance | right-weight: 12
	left-weight: 11
	left-distance: 7
--------------
Threshold: 0,70
--------------
	left-distance | right-weight | right-distance: 77
	left-weight | right-weight | right-distance: 73
	left-weight | left-distance: 67
	left-weight | left-distance | right-distance: 53
	left-weight | right-distance: 52
	left-distance | right-weight: 50
	left-distance | right-distance: 47
	left-weight | left-distance | right-weight: 47
	right-weight | right-distance: 46
	left-weight | right-weight: 43
--------------
Threshold: 0,80
--------------
	left-distance | right-weight | right-distance: 114
	left-weight | left-distance | right-distance: 111
	left-weight | right-weight | right-distance: 102
	left-weight | left-distance | right-weight: 98
	left-weight | left-distance: 31
	left-distance | right-distance: 24
	left-weight | right-distance: 21
	left-distance | right-weight: 19
	left-weight | right-weight: 16
	left-weight | left-distance | right-weight | right-distance: 16
	right-weight | right-distance: 11
*********************************************************************************
All potential concepts based on thresholds
	right-weight right-distance ~#~ left-weight right-distance ~#~ left-distance right-weight ~#~ left-weight right-weight ~#~ left-weight left-distance ~#~ left-distance right-distance ~#~ left-weight left-distance right-distance ~#~ left-weight right-weight right-distance ~#~ left-distance right-weight right-distance ~#~ left-weight left-distance right-weight ~#~ left-weight left-distance right-weight right-distance ~#~ 
*********************************************************************************
We remove max(NOISE,minNoise) groups, NOISE=1.0% -> 6, minNoise=3 we remove groups of size 6. Tree SHAP num of expl. inst. 563 (fold 10). Explaining class: L).
Lower threshold thrL: 0.1 upper threshold thrU: 0.8 with step: 0.1
								--------------
									Fold 10
								--------------
--------------
Threshold: 0,10
--------------
	left-weight: 166
	right-weight: 159
	left-distance: 146
	right-distance: 92
--------------
Threshold: 0,20
--------------
	left-weight: 166
	right-weight: 159
	left-distance: 146
	right-distance: 92
--------------
Threshold: 0,30
--------------
	left-weight: 163
	right-weight: 153
	left-distance: 145
	right-distance: 90
--------------
Threshold: 0,40
--------------
	left-weight: 115
	left-distance: 89
	right-weight: 74
	right-weight | right-distance: 51
	left-distance | right-weight: 51
	right-distance: 50
	left-weight | left-distance: 41
	left-weight | right-weight: 41
	left-distance | right-distance: 29
	left-weight | right-distance: 22
--------------
Threshold: 0,50
--------------
	left-weight | right-weight: 92
	left-distance | right-weight: 89
	right-weight | right-distance: 81
	left-weight | left-distance: 81
	left-weight | right-distance: 55
	left-distance | right-distance: 52
	left-weight: 41
	left-distance: 37
	right-weight: 22
	right-distance: 13
--------------
Threshold: 0,60
--------------
	left-weight | right-weight: 98
	left-weight | left-distance: 95
	left-distance | right-weight: 94
	right-weight | right-distance: 85
	left-weight | right-distance: 63
	left-distance | right-distance: 57
	left-weight | left-distance | right-weight: 16
	left-distance: 12
	left-weight: 11
	left-weight | left-distance | right-distance: 11
	left-weight | right-weight | right-distance: 9
	left-distance | right-weight | right-distance: 8
--------------
Threshold: 0,70
--------------
	left-weight | left-distance: 75
	left-weight | left-distance | right-weight: 74
	left-weight | right-weight | right-distance: 64
	left-distance | right-weight | right-distance: 59
	left-weight | right-weight: 57
	left-distance | right-weight: 56
	right-weight | right-distance: 46
	left-weight | right-distance: 45
	left-weight | left-distance | right-distance: 42
	left-distance | right-distance: 39
--------------
Threshold: 0,80
--------------
	left-weight | left-distance | right-weight: 137
	left-distance | right-weight | right-distance: 107
	left-weight | right-weight | right-distance: 104
	left-weight | left-distance | right-distance: 93
	left-weight | left-distance: 35
	left-distance | right-distance: 19
	left-weight | right-distance: 16
	left-weight | left-distance | right-weight | right-distance: 16
	left-distance | right-weight: 13
	left-weight | right-weight: 13
	right-weight | right-distance: 9
*********************************************************************************
All potential concepts based on thresholds
	right-weight right-distance ~#~ left-distance right-weight ~#~ left-weight left-distance ~#~ left-weight right-weight ~#~ left-distance right-distance ~#~ left-weight right-distance ~#~ left-weight left-distance right-weight ~#~ left-weight left-distance right-distance ~#~ left-weight right-weight right-distance ~#~ left-distance right-weight right-distance ~#~ left-weight left-distance right-weight right-distance ~#~ 
*********************************************************************************
