dataset: Australian credit.arff
We remove max(NOISE,minNoise) groups, NOISE=1.0% -> 7, minNoise=3 we remove groups of size 7. Tree SHAP num of expl. inst. 621 (fold 1). Explaining class: 1).
Lower threshold thrL: 0.1 upper threshold thrU: 0.8 with step: 0.1
								--------------
									Fold  1
								--------------
--------------
Threshold: 0,10
--------------
	A8: 598
	A3: 13
	A5: 9
--------------
Threshold: 0,20
--------------
	A8: 598
	A3: 13
	A5: 9
--------------
Threshold: 0,30
--------------
	A8: 553
	A5 | A8: 21
	A3: 12
--------------
Threshold: 0,40
--------------
	A8: 304
	A5 | A8: 96
	A8 | A10: 56
	A8 | A14: 56
	A3 | A8: 37
	A8 | A13: 25
	A7 | A8: 24
	A4 | A8: 9
--------------
Threshold: 0,50
--------------
	A5 | A8: 125
	A8: 88
	A8 | A14: 77
	A8 | A10: 74
	A7 | A8: 74
	A3 | A8: 43
	A8 | A13: 37
	A2 | A8: 12
	A5 | A8 | A14: 10
	A5 | A8 | A10: 9
	A4 | A8: 8
--------------
Threshold: 0,60
--------------
	A5 | A8: 76
	A7 | A8: 65
	A5 | A7 | A8: 46
	A8 | A14: 44
	A8 | A10 | A14: 37
	A7 | A8 | A13: 30
	A3 | A8: 28
	A8 | A10: 27
	A5 | A8 | A10: 23
	A5 | A8 | A13: 18
	A7 | A8 | A10: 17
	A5 | A8 | A14: 16
	A3 | A5 | A8: 16
	A8 | A13: 16
	A3 | A8 | A13: 15
	A3 | A7 | A8: 14
	A8 | A10 | A13: 11
	A2 | A7 | A8: 10
--------------
Threshold: 0,70
--------------
	A5 | A7 | A8: 50
	A8 | A10 | A14: 41
	A3 | A7 | A8: 33
	A7 | A8 | A13: 30
	A3 | A5 | A8: 22
	A5 | A8 | A14: 21
	A5 | A7 | A8 | A13: 20
	A5 | A8 | A10 | A14: 20
	A7 | A8 | A10 | A13: 17
	A5 | A8 | A13: 16
	A7 | A8: 15
	A7 | A8 | A14: 15
	A3 | A7 | A8 | A13: 15
	A5 | A8 | A10 | A13: 14
	A3 | A5 | A7 | A8: 14
	A5 | A8 | A10: 13
	A7 | A8 | A10: 13
	A5 | A7 | A8 | A10: 13
	A7 | A8 | A10 | A14: 11
	A8 | A10 | A13: 10
	A3 | A8 | A13: 9
	A2 | A5 | A7 | A8: 9
	A8 | A13 | A14: 8
--------------
Threshold: 0,80
--------------
	A3 | A5 | A7 | A8: 31
	A7 | A8 | A10 | A14: 26
	A5 | A7 | A8 | A10 | A13: 24
	A5 | A7 | A8 | A13: 22
	A3 | A5 | A7 | A8 | A13: 20
	A7 | A8 | A10 | A13 | A14: 17
	A5 | A8 | A10 | A13 | A14: 17
	A2 | A3 | A5 | A7 | A8: 16
	A5 | A7 | A8 | A10 | A14: 13
	A8 | A10 | A13 | A14: 13
	A7 | A8 | A10 | A13: 13
	A7 | A8 | A13 | A14: 12
	A2 | A3 | A7 | A8 | A13: 12
	A2 | A3 | A7 | A8 | A10: 10
	A5 | A7 | A8 | A14: 9
	A5 | A7 | A8: 8
	A3 | A7 | A8 | A10 | A13: 8
	A5 | A8 | A10 | A13: 8
	A3 | A7 | A8: 8
	A3 | A5 | A7 | A8 | A10: 8
	A5 | A7 | A8 | A10: 8
*********************************************************************************
All potential concepts based on thresholds
	A5 A8 ~#~ A8 A10 ~#~ A8 A14 ~#~ A3 A8 ~#~ A8 A13 ~#~ A7 A8 ~#~ A4 A8 ~#~ A2 A8 ~#~ A5 A8 A14 ~#~ A5 A8 A10 ~#~ A5 A7 A8 ~#~ A8 A10 A14 ~#~ A7 A8 A13 ~#~ A5 A8 A13 ~#~ A7 A8 A10 ~#~ A3 A5 A8 ~#~ A3 A8 A13 ~#~ A3 A7 A8 ~#~ A8 A10 A13 ~#~ A2 A7 A8 ~#~ A5 A7 A8 A13 ~#~ A5 A8 A10 A14 ~#~ A7 A8 A10 A13 ~#~ A7 A8 A14 ~#~ A3 A7 A8 A13 ~#~ A5 A8 A10 A13 ~#~ A3 A5 A7 A8 ~#~ A5 A7 A8 A10 ~#~ A7 A8 A10 A14 ~#~ A2 A5 A7 A8 ~#~ A8 A13 A14 ~#~ A5 A7 A8 A10 A13 ~#~ A3 A5 A7 A8 A13 ~#~ A7 A8 A10 A13 A14 ~#~ A5 A8 A10 A13 A14 ~#~ A2 A3 A5 A7 A8 ~#~ A5 A7 A8 A10 A14 ~#~ A8 A10 A13 A14 ~#~ A7 A8 A13 A14 ~#~ A2 A3 A7 A8 A13 ~#~ A2 A3 A7 A8 A10 ~#~ A5 A7 A8 A14 ~#~ A3 A7 A8 A10 A13 ~#~ A3 A5 A7 A8 A10 ~#~ 
*********************************************************************************
We remove max(NOISE,minNoise) groups, NOISE=1.0% -> 7, minNoise=3 we remove groups of size 7. Tree SHAP num of expl. inst. 621 (fold 2). Explaining class: 1).
Lower threshold thrL: 0.1 upper threshold thrU: 0.8 with step: 0.1
								--------------
									Fold  2
								--------------
--------------
Threshold: 0,10
--------------
	A8: 602
	A3: 11
--------------
Threshold: 0,20
--------------
	A8: 602
	A3: 11
--------------
Threshold: 0,30
--------------
	A8: 539
	A5 | A8: 24
	A8 | A13: 15
	A3 | A8: 13
	A8 | A14: 13
--------------
Threshold: 0,40
--------------
	A8: 245
	A8 | A14: 109
	A5 | A8: 98
	A8 | A13: 70
	A3 | A8: 33
	A8 | A10: 27
	A7 | A8: 17
	A4 | A8: 13
--------------
Threshold: 0,50
--------------
	A8 | A14: 136
	A5 | A8: 114
	A8 | A13: 77
	A8: 53
	A7 | A8: 42
	A3 | A8: 42
	A8 | A10: 34
	A5 | A8 | A13: 20
	A2 | A8: 10
	A4 | A8: 9
	A5 | A8 | A14: 9
	A7 | A8 | A14: 8
	A3 | A8 | A13: 8
--------------
Threshold: 0,60
--------------
	A8 | A14: 50
	A5 | A8 | A13: 44
	A5 | A8 | A14: 43
	A8 | A13 | A14: 35
	A5 | A8: 33
	A5 | A7 | A8: 31
	A8 | A10 | A14: 31
	A8 | A13: 30
	A7 | A8: 24
	A3 | A8: 22
	A3 | A8 | A13: 21
	A7 | A8 | A13: 20
	A3 | A5 | A8: 19
	A8 | A10 | A13: 18
	A7 | A8 | A14: 18
	A5 | A8 | A10: 14
	A3 | A7 | A8: 14
	A3 | A8 | A14: 11
	A8 | A10: 9
	A7 | A8 | A13 | A14: 9
	A4 | A5 | A8: 9
--------------
Threshold: 0,70
--------------
	A8 | A10 | A14: 29
	A5 | A7 | A8 | A13: 26
	A5 | A8 | A14: 25
	A8 | A13 | A14: 23
	A3 | A7 | A8 | A13: 23
	A5 | A8 | A13 | A14: 22
	A5 | A7 | A8 | A14: 19
	A8 | A10 | A13 | A14: 19
	A7 | A8 | A13: 17
	A7 | A8 | A13 | A14: 16
	A5 | A8 | A13: 15
	A3 | A5 | A7 | A8: 14
	A5 | A7 | A8: 12
	A5 | A8 | A10 | A14: 12
	A3 | A8 | A13: 12
	A3 | A7 | A8: 11
	A7 | A8 | A14: 11
	A3 | A7 | A8 | A14: 11
	A3 | A8 | A14: 11
	A3 | A8 | A13 | A14: 11
	A8 | A10 | A13: 10
	A5 | A8 | A10 | A13: 10
	A3 | A5 | A8 | A14: 9
	A5 | A7 | A8 | A13 | A14: 9
	A3 | A5 | A8: 8
--------------
Threshold: 0,80
--------------
	A3 | A7 | A8 | A13 | A14: 34
	A5 | A7 | A8 | A13 | A14: 25
	A3 | A5 | A7 | A8 | A13: 21
	A8 | A10 | A13 | A14: 21
	A5 | A7 | A8 | A10 | A14: 15
	A3 | A5 | A7 | A8 | A13 | A14: 15
	A3 | A5 | A7 | A8 | A14: 15
	A5 | A8 | A10 | A13 | A14: 15
	A5 | A7 | A8 | A10 | A13 | A14: 13
	A5 | A7 | A8 | A14: 12
	A7 | A8 | A10 | A13 | A14: 12
	A3 | A5 | A8 | A13 | A14: 10
	A5 | A7 | A8 | A10 | A13: 10
	A2 | A3 | A7 | A8 | A14: 10
	A3 | A7 | A8 | A13: 9
	A3 | A7 | A8 | A14: 9
	A4 | A7 | A8 | A13 | A14: 8
	A3 | A4 | A7 | A8 | A13: 8
*********************************************************************************
All potential concepts based on thresholds
	A5 A8 ~#~ A8 A13 ~#~ A3 A8 ~#~ A8 A14 ~#~ A8 A10 ~#~ A7 A8 ~#~ A4 A8 ~#~ A5 A8 A13 ~#~ A2 A8 ~#~ A5 A8 A14 ~#~ A7 A8 A14 ~#~ A3 A8 A13 ~#~ A8 A13 A14 ~#~ A5 A7 A8 ~#~ A8 A10 A14 ~#~ A7 A8 A13 ~#~ A3 A5 A8 ~#~ A8 A10 A13 ~#~ A5 A8 A10 ~#~ A3 A7 A8 ~#~ A3 A8 A14 ~#~ A7 A8 A13 A14 ~#~ A4 A5 A8 ~#~ A5 A7 A8 A13 ~#~ A3 A7 A8 A13 ~#~ A5 A8 A13 A14 ~#~ A5 A7 A8 A14 ~#~ A8 A10 A13 A14 ~#~ A3 A5 A7 A8 ~#~ A5 A8 A10 A14 ~#~ A3 A7 A8 A14 ~#~ A3 A8 A13 A14 ~#~ A5 A8 A10 A13 ~#~ A3 A5 A8 A14 ~#~ A5 A7 A8 A13 A14 ~#~ A3 A7 A8 A13 A14 ~#~ A3 A5 A7 A8 A13 ~#~ A5 A7 A8 A10 A14 ~#~ A3 A5 A7 A8 A13 A14 ~#~ A3 A5 A7 A8 A14 ~#~ A5 A8 A10 A13 A14 ~#~ A5 A7 A8 A10 A13 A14 ~#~ A7 A8 A10 A13 A14 ~#~ A3 A5 A8 A13 A14 ~#~ A5 A7 A8 A10 A13 ~#~ A2 A3 A7 A8 A14 ~#~ A4 A7 A8 A13 A14 ~#~ A3 A4 A7 A8 A13 ~#~ 
*********************************************************************************
We remove max(NOISE,minNoise) groups, NOISE=1.0% -> 7, minNoise=3 we remove groups of size 7. Tree SHAP num of expl. inst. 621 (fold 3). Explaining class: 1).
Lower threshold thrL: 0.1 upper threshold thrU: 0.8 with step: 0.1
								--------------
									Fold  3
								--------------
--------------
Threshold: 0,10
--------------
	A8: 592
	A3: 15
	A14: 10
--------------
Threshold: 0,20
--------------
	A8: 591
	A3: 15
	A14: 10
--------------
Threshold: 0,30
--------------
	A8: 538
	A5 | A8: 19
	A8 | A13: 13
	A3: 12
	A3 | A8: 12
	A8 | A14: 11
--------------
Threshold: 0,40
--------------
	A8: 280
	A8 | A14: 85
	A5 | A8: 58
	A8 | A13: 58
	A8 | A10: 39
	A3 | A8: 35
	A7 | A8: 34
	A4 | A8: 14
--------------
Threshold: 0,50
--------------
	A8 | A14: 105
	A5 | A8: 87
	A8: 75
	A7 | A8: 68
	A8 | A13: 58
	A3 | A8: 43
	A8 | A10: 42
	A7 | A8 | A13: 17
	A5 | A8 | A13: 14
	A4 | A8: 13
	A2 | A8: 11
	A4 | A8 | A13: 10
	A5 | A8 | A14: 10
	A5 | A7 | A8: 8
--------------
Threshold: 0,60
--------------
	A8 | A14: 50
	A7 | A8: 41
	A5 | A8 | A13: 35
	A8 | A10 | A14: 34
	A5 | A8: 33
	A5 | A7 | A8: 32
	A3 | A8: 28
	A7 | A8 | A13: 26
	A7 | A8 | A14: 24
	A5 | A8 | A14: 23
