dataset: rDisjunctBin.arff
Number of folds for testing (CV): 10
*********************************************************************************
number of instances: 2000
number of attributes: 5
number of classes: 1
---------------------------------------------------------------------------------
IME (explanation), equalSampling, N_SAMPLES: 100 - alg. for searching concepts: RandomForest
Testing method: CV, number of folds: 10
Feature selection on validation dataset. Percentage of split (subTrain:validation) 75%:25%
IME (explanation), equalSampling, N_SAMPLES: 100 - alg. for searching concepts: RandomForest
IME (explanation), equalSampling, N_SAMPLES: 100 - alg. for searching concepts: RandomForest
IME (explanation), equalSampling, N_SAMPLES: 100 - alg. for searching concepts: RandomForest
IME (explanation), equalSampling, N_SAMPLES: 100 - alg. for searching concepts: RandomForest
IME (explanation), equalSampling, N_SAMPLES: 100 - alg. for searching concepts: RandomForest
IME (explanation), equalSampling, N_SAMPLES: 100 - alg. for searching concepts: RandomForest
IME (explanation), equalSampling, N_SAMPLES: 100 - alg. for searching concepts: RandomForest
IME (explanation), equalSampling, N_SAMPLES: 100 - alg. for searching concepts: RandomForest
IME (explanation), equalSampling, N_SAMPLES: 100 - alg. for searching concepts: RandomForest
---------------------------------------------------------------------------------
Feature types included in construction: logical operators based, decision rule, threshold, relational, Cartesian product, numerical
*********************************************************************************
Original dataset
*********************************************************************************
-----MAE and RMSE-----
Avg. MAE M5P 	0,01 (stdev 0,00) 	Avg. RMSE M5P 	0,01 (stdev 0,00)
Avg. MAE LR 	0,20 (stdev 0,01) 	Avg. RMSE LR 	0,25 (stdev 0,01)
Avg. MAE M5R 	0,00 (stdev 0,00) 	Avg. RMSE M5R 	0,00 (stdev 0,00)
Avg. MAE RF 	0,00 (stdev 0,00) 	Avg. RMSE RF 	0,00 (stdev 0,00)
*********************************************************************************
Only Logical features
*********************************************************************************
Number of logical feat: 17,00 (stdev 0,00)
-----MAE and RMSE-----
Avg. MAE M5P 	0,00 (stdev 0,00) 	Avg. RMSE M5P 	0,01 (stdev 0,00)
Avg. MAE LR 	0,00 (stdev 0,00) 	Avg. RMSE LR 	0,00 (stdev 0,00)
Avg. MAE M5R 	0,00 (stdev 0,00) 	Avg. RMSE M5R 	0,00 (stdev 0,00)
Avg. MAE RF 	0,00 (stdev 0,00) 	Avg. RMSE RF 	0,00 (stdev 0,00)
-----Learning and testing time-----
Avg. learning time from FC (all feat), for M5P 	17,50 [ms] (stdev 6,73)
Avg. learning time from FC (all feat), for LR 	7,10 [ms] (stdev 3,86)
Avg. learning time from FC (all feat), for M5R 	21,00 [ms] (stdev 6,63)
Avg. learning time from FC (all feat), for RF 	22,30 [ms] (stdev 4,61)
-----Feature construction time-----
Avg. FC time (only Log feat): 168,40 [ms] stdev 33,59
*********************************************************************************
Numerical features
*********************************************************************************
Number of numerical feat: 0,00 (stdev 0,00)
-----MAE and RMSE-----
Avg. MAE M5P 	0,01 (stdev 0,00) 	Avg. RMSE M5P 	0,01 (stdev 0,00)
Avg. MAE LR 	0,20 (stdev 0,01) 	Avg. RMSE LR 	0,25 (stdev 0,01)
Avg. MAE M5R 	0,00 (stdev 0,00) 	Avg. RMSE M5R 	0,00 (stdev 0,00)
Avg. MAE RF 	0,00 (stdev 0,00) 	Avg. RMSE RF 	0,00 (stdev 0,00)
-----Learning and testing time-----
Avg. learning time from FC (all feat), for M5P 	9,60 [ms] (stdev 3,14)
Avg. learning time from FC (all feat), for LR 	2,00 [ms] (stdev 1,73)
Avg. learning time from FC (all feat), for M5R 	32,80 [ms] (stdev 10,67)
Avg. learning time from FC (all feat), for RF 	24,00 [ms] (stdev 4,49)
-----Feature construction time-----
Avg. FC time (only Num feat): 0,00 [ms] stdev 0,00
*********************************************************************************
Relational features
*********************************************************************************
Number of relational feat: 0,00 (stdev 0,00)
-----MAE and RMSE-----
Avg. MAE M5P 	0,01 (stdev 0,00) 	Avg. RMSE M5P 	0,01 (stdev 0,00)
Avg. MAE LR 	0,20 (stdev 0,01) 	Avg. RMSE LR 	0,25 (stdev 0,01)
Avg. MAE M5R 	0,00 (stdev 0,00) 	Avg. RMSE M5R 	0,00 (stdev 0,00)
Avg. MAE RF 	0,00 (stdev 0,00) 	Avg. RMSE RF 	0,00 (stdev 0,00)
-----Learning and testing time-----
Avg. learning time from FC (all feat), for M5P 	9,30 [ms] (stdev 3,20)
Avg. learning time from FC (all feat), for LR 	1,20 [ms] (stdev 0,40)
Avg. learning time from FC (all feat), for M5R 	29,70 [ms] (stdev 10,21)
Avg. learning time from FC (all feat), for RF 	24,40 [ms] (stdev 5,18)
-----Feature construction time-----
Avg. FC time (only Rel feat): 0,00 [ms] stdev 0,00
*********************************************************************************
Cartesian product
*********************************************************************************
Number of "Cartesian" feat: 3,00 (stdev 0,00)
-----MAE and RMSE-----
Avg. MAE M5P 	0,00 (stdev 0,00) 	Avg. RMSE M5P 	0,01 (stdev 0,00)
Avg. MAE LR 	0,12 (stdev 0,00) 	Avg. RMSE LR 	0,13 (stdev 0,00)
Avg. MAE M5R 	0,00 (stdev 0,00) 	Avg. RMSE M5R 	0,00 (stdev 0,00)
Avg. MAE RF 	0,00 (stdev 0,00) 	Avg. RMSE RF 	0,00 (stdev 0,00)
-----Learning and testing time-----
Avg. learning time from FC (all feat), for M5P 	12,70 [ms] (stdev 2,49)
Avg. learning time from FC (all feat), for LR 	4,20 [ms] (stdev 0,40)
Avg. learning time from FC (all feat), for M5R 	13,80 [ms] (stdev 2,09)
Avg. learning time from FC (all feat), for RF 	28,30 [ms] (stdev 10,83)
-----Feature construction time-----
Avg. FC time (only Cart feat): 3,80 [ms] stdev 2,68
*********************************************************************************
All features dataset
*********************************************************************************
Avg. number of groups for feature construction: 4,00 (stdev 0,00)
Avg. size of groups (num. of candidate attr.) per folds (num of attr. in all groups):: 9,00 (stdev 0,00)
Avg. size of groups (num. of candidate attr.) per groups per folds (avg. of avg.): 2,25 (stdev 0,00)
Max avg. group (length) of constructs (num of attr.): 3,00 (stdev 0,00)
Number of logical feat: 17,00 (stdev 0,00) number of numerical feat: 0,00 (stdev 0,00) number of relational feat: 0,00 (stdev 0,00) number of "Cartesian" feat: 3,00 (stdev 0,00) number of FURIA feat: 0,00 (stdev 0,00) number of thr. feat: 0,00 (stdev 0,00)
-----MAE and RMSE-----
Avg. MAE M5P 	0,00 (stdev 0,00) 	Avg. RMSE M5P 	0,01 (stdev 0,00)
Avg. MAE LR 	0,00 (stdev 0,00) 	Avg. RMSE LR 	0,00 (stdev 0,00)
Avg. MAE M5R 	0,00 (stdev 0,00) 	Avg. RMSE M5R 	0,00 (stdev 0,00)
Avg. MAE RF 	0,00 (stdev 0,00) 	Avg. RMSE RF 	0,00 (stdev 0,00)
-----Learning and testing time-----
Avg. learning time from FC (all feat), for M5P 	19,80 [ms] (stdev 1,99)
Avg. learning time from FC (all feat), for LR 	9,40 [ms] (stdev 0,80)
Avg. learning time from FC (all feat), for M5R 	24,60 [ms] (stdev 3,88)
Avg. learning time from FC (all feat), for RF 	27,40 [ms] (stdev 10,30)
-----Feature construction time-----
Avg. FC time (all feat): 172,20 [ms] (stdev 35,57)
*********************************************************************************
FS on validation dataset - results
*********************************************************************************
-----MAE and RMSE-----
Avg. MAE M5P 	0,00 (stdev 0,00) 	Avg. RMSE M5P 	0,01 (stdev 0,00)
Avg. MAE LR 	0,00 (stdev 0,00) 	Avg. RMSE LR 	0,00 (stdev 0,00)
Avg. MAE M5R 	0,00 (stdev 0,00) 	Avg. RMSE M5R 	0,00 (stdev 0,00)
Avg. MAE RF 	0,00 (stdev 0,00) 	Avg. RMSE RF 	0,00 (stdev 0,00)
-----Search time-----
Avg. search time M5P 	859,50 (stdev 51,07)
Avg. search time LR 	836,30 (stdev 32,98)
Avg. search time M5R 	871,00 (stdev 40,17)
Avg. search time RF 	860,20 (stdev 46,93)
-----Learning and testing time-----
Avg. learn time M5P 	20,10 (stdev 1,70)
Avg. learn time LR 	10,30 (stdev 1,00)
Avg. learn time M5R 	25,90 (stdev 5,36)
Avg. learn time RF 	22,00 (stdev 1,55)
~~~~~~~~~~~~~~~~~~~~~~~~~~~~~~~~~~~~~~~~~~~~~~~~~~~~~~~~~~~~~~~~~~~~~~~~~~~~~~~~
Total processing time (rDisjunctBin.arff): 84740
~~~~~~~~~~~~~~~~~~~~~~~~~~~~~~~~~~~~~~~~~~~~~~~~~~~~~~~~~~~~~~~~~~~~~~~~~~~~~~~~
