dataset: cLogicalConcBEasyNoisy-uniqueSamples.arff
Number of folds for testing (CV): 10
*********************************************************************************
number of instances: 64
number of attributes: 6
number of classes: 2
---------------------------------------------------------------------------------
IME (explanation), equalSampling, N_SAMPLES: 1700 - alg. for searching concepts: MultilayerPerceptron
Explaining class: 1, explaining all dataset: NO
---------------------------------------------------------------------------------
Testing method: CV, number of folds: 10
Feature selection on validation dataset. Percentage of split (subTrain:validation) 75%:25%
---------------------------------------------------------------------------------
Avg. explanation time: 284,30 [ms] (stdev 20,90)
Avg. number of instances that we explain: 15,30 (stdev 0,46)
---------------------------------------------------------------------------------
ACC on the test dataset: 85,95 stdev 14,18
---------------------------------------------------------------------------------
Avg. model building time: 36,90 [ms] (stdev 16,75)
---------------------------------------------------------------------------------
Feature types included in construction: logical operators based, decision rule, threshold, 
*********************************************************************************
Original dataset
*********************************************************************************
Avg. tree size: 10,80 (stdev 2,60) avg. number of leaves: 5,90 (stdev 1,30) avg. number of nodes: 4,90 (stdev 1,30)
Avg. ruleset size: 6,10 (stdev 0,94) avg. number of attributes in rules: 14,00 (stdev 4,07) avg. number of attributes per rule: 2,25 (stdev 0,31)
-----ACC-----
Avg. class. ACC J48 	75,00 (stdev 9,89)
Avg. class. ACC NB 	76,90 (stdev 9,93)
Avg. class. ACC SMO 	81,90 (stdev 12,29)
Avg. class. ACC SMO 	73,57 (stdev 6,69)
Avg. class. ACC IB 	78,33 (stdev 6,77)
Avg. class. ACC FU 	82,86 (stdev 8,44)
Avg. class. ACC RF 	84,76 (stdev 11,13)
-----Learning and testing time-----
Avg. learning time J48 	2,20 [ms] (stdev 6,27 [ms])
Avg. learning time NB 	0,10 [ms] (stdev 0,30 [ms])
Avg. learning time SMO 	7,10 [ms] (stdev 6,61 [ms])
Avg. learning time SMO 	7,80 [ms] (stdev 6,19 [ms])
Avg. learning time IB 	0,30 [ms] (stdev 0,90 [ms])
Avg. learning time FU 	2,20 [ms] (stdev 3,71 [ms])
Avg. learning time RF 	11,90 [ms] (stdev 12,64 [ms])
*********************************************************************************
Only Logical features
*********************************************************************************
Number of logical feat: 41,10 (stdev 2,70)
Avg. tree size (nodes+leaves): 12,80 (stdev 2,44) avg. number of leaves: 6,90 (stdev 1,22) avg. sum of constructs: 7,30 (stdev 1,68) avg. sum of constructs / num of nodes: 1,24 (stdev 0,19)
Avg. num of logical feat in tree: 1,40 (stdev 1,02) avg. sum of (logical) constructs: 2,80 (stdev 2,04)
Avg. ruleset size: 6,30 (stdev 0,90) avg. number of terms of construct in Furia feat.: 21,40 (stdev 6,58) avg. number of terms in constructs per ruleset: 3,32 (stdev 0,60)
-----ACC-----
Avg. class. ACC J48 	75,00 (stdev 9,89)
Avg. class. ACC NB 	80,24 (stdev 13,09)
Avg. class. ACC SMO 	81,90 (stdev 14,37)
Avg. class. ACC SMO 	73,57 (stdev 6,69)
Avg. class. ACC IB 	73,57 (stdev 6,69)
Avg. class. ACC FU 	85,00 (stdev 16,94)
Avg. class. ACC RF 	83,33 (stdev 11,81)
-----Learning and testing time-----
Avg. learning time from FC (all feat), for J48 	0,20 [ms] (stdev 0,60)
Avg. learning time from FC (all feat), for NB 	0,00 [ms] (stdev 0,00)
Avg. learning time from FC (all feat), for SMO 	4,60 [ms] (stdev 5,57)
Avg. learning time from FC (all feat), for SMO 	2,20 [ms] (stdev 1,47)
Avg. learning time from FC (all feat), for IB 	0,40 [ms] (stdev 1,20)
Avg. learning time from FC (all feat), for FU 	3,70 [ms] (stdev 3,80)
Avg. learning time from FC (all feat), for RF 	9,00 [ms] (stdev 8,14)
-----Feature construction time-----
Avg. FC time (all feat): 70,10 [ms] stdev 25,32
*********************************************************************************
Relational features
*********************************************************************************
Number of relational feat: 0,00 (stdev 0,00)
Avg. tree size (nodes+leaves): 0,00 (stdev 0,00) avg. number of leaves: 0,00 (stdev 0,00) avg. sum of constructs: 0,00 (stdev 0,00) avg. sum of constructs / num of nodes: 0,00 (stdev 0,00)
Avg. num of relational feat in tree: 0,00 (stdev 0,00) avg. sum of (only Cartesian) constructs (in tree): 0,00 (stdev 0,00)
Avg. ruleset size: 0,00 (stdev 0,00) avg. number of terms of construct in Furia feat.: 0,00 (stdev 0,00) avg. number of terms in constructs per ruleset: 0,00 (stdev 0,00)
-----ACC-----
Avg. class. ACC J48 	0,00 (stdev 0,00)
Avg. class. ACC NB 	0,00 (stdev 0,00)
Avg. class. ACC SMO 	0,00 (stdev 0,00)
Avg. class. ACC SMO 	0,00 (stdev 0,00)
Avg. class. ACC IB 	0,00 (stdev 0,00)
Avg. class. ACC FU 	0,00 (stdev 0,00)
Avg. class. ACC RF 	0,00 (stdev 0,00)
-----Learning and testing time-----
Avg. learning time from FC (all feat), for J48 	0,00 [ms] (stdev 0,00)
Avg. learning time from FC (all feat), for NB 	0,00 [ms] (stdev 0,00)
Avg. learning time from FC (all feat), for SMO 	0,00 [ms] (stdev 0,00)
Avg. learning time from FC (all feat), for SMO 	0,00 [ms] (stdev 0,00)
Avg. learning time from FC (all feat), for IB 	0,00 [ms] (stdev 0,00)
Avg. learning time from FC (all feat), for FU 	0,00 [ms] (stdev 0,00)
Avg. learning time from FC (all feat), for RF 	0,00 [ms] (stdev 0,00)
-----Feature construction time-----
Avg. FC time (all feat): 0,00 [ms] stdev 0,00
*********************************************************************************
Cartesian product
*********************************************************************************
Number of "Cartesian" feat: 0,00 (stdev 0,00)
Avg. tree size (nodes+leaves): 0,00 (stdev 0,00) avg. number of leaves: 0,00 (stdev 0,00) avg. sum of constructs: 0,00 (stdev 0,00) avg. sum of constructs / num of nodes: 0,00 (stdev 0,00)
Avg. num of "Cartesian" feat in tree: 0,00 (stdev 0,00) avg. sum of (only Cartesian) constructs (in tree): 0,00 (stdev 0,00)
Avg. ruleset size: 0,00 (stdev 0,00) avg. number of terms of construct in Furia feat.: 0,00 (stdev 0,00) avg. number of terms in constructs per ruleset: 0,00 (stdev 0,00)
-----ACC-----
Avg. class. ACC J48 	0,00 (stdev 0,00)
Avg. class. ACC NB 	0,00 (stdev 0,00)
Avg. class. ACC SMO 	0,00 (stdev 0,00)
Avg. class. ACC SMO 	0,00 (stdev 0,00)
Avg. class. ACC IB 	0,00 (stdev 0,00)
Avg. class. ACC FU 	0,00 (stdev 0,00)
Avg. class. ACC RF 	0,00 (stdev 0,00)
-----Learning and testing time-----
Avg. learning time from FC (all feat), for J48 	0,00 [ms] (stdev 0,00)
Avg. learning time from FC (all feat), for NB 	0,00 [ms] (stdev 0,00)
Avg. learning time from FC (all feat), for SMO 	0,00 [ms] (stdev 0,00)
Avg. learning time from FC (all feat), for SMO 	0,00 [ms] (stdev 0,00)
Avg. learning time from FC (all feat), for IB 	0,00 [ms] (stdev 0,00)
Avg. learning time from FC (all feat), for FU 	0,00 [ms] (stdev 0,00)
Avg. learning time from FC (all feat), for RF 	0,00 [ms] (stdev 0,00)
-----Feature construction time-----
Avg. FC time (all feat): 0,00 [ms] stdev 0,00
*********************************************************************************
Only Furia and THR feat
*********************************************************************************
Number of FURIA feat: 3,00 (stdev 0,77) number of thr. feat: 3,00 (stdev 0,77)
Avg. tree size (nodes+leaves): 5,40 (stdev 1,20) avg. number of leaves: 3,20 (stdev 0,60) avg. sum of constructs: 6,00 (stdev 0,00) avg. sum of constructs / num of nodes: 2,85 (stdev 0,45)
Avg. num of FURIA feat. in tree: 1,90 (stdev 0,30) avg. sum of terms in constructs (Furia feat) in tree: 5,70 (stdev 0,90) avg. num of THR feat. in tree: 0,00 (stdev 0,00) avg. sum of terms in constructs (THR feat) in tree: 0,00 (stdev 0,00)
Avg. ruleset size: 3,60 (stdev 1,28) avg. number of terms of construct in Furia feat.: 13,50 (stdev 3,38) avg. number of terms in constructs per ruleset: 3,85 (stdev 0,30)
-----ACC-----
Avg. class. ACC J48 	92,14 (stdev 7,90)
Avg. class. ACC NB 	92,14 (stdev 7,90)
Avg. class. ACC SMO 	92,14 (stdev 7,90)
Avg. class. ACC SMO 	73,57 (stdev 6,69)
Avg. class. ACC IB 	86,43 (stdev 10,16)
Avg. class. ACC FU 	92,14 (stdev 7,90)
Avg. class. ACC RF 	92,14 (stdev 7,90)
-----Learning and testing time-----
Avg. learning time from FC(only Furia and THR feat) J48 0,30 [ms] (stdev 0,90)
Avg. learning time from FC(only Furia and THR feat) NB 0,00 [ms] (stdev 0,00)
Avg. learning time from FC(only Furia and THR feat) SMO 2,60 [ms] (stdev 3,83)
Avg. learning time from FC(only Furia and THR feat) SMO 3,10 [ms] (stdev 4,01)
Avg. learning time from FC(only Furia and THR feat) IB 0,20 [ms] (stdev 0,60)
Avg. learning time from FC(only Furia and THR feat) FU 0,80 [ms] (stdev 1,17)
Avg. learning time from FC(only Furia and THR feat) RF 11,00 [ms] (stdev 17,40)
-----Feature construction time-----
Avg. FC time (only Furia and THR feat): 22,60 [ms] stdev 17,05
*********************************************************************************
All features dataset
*********************************************************************************
Avg. number of groups for feature construction: 13,10 (stdev 2,47)
Avg. size of groups (num. of candidate attr.) per folds (unm of attr. in all groups):: 42,00 (stdev 8,44)
Avg. size of groups (num. of candidate attr.) per groups per folds (avg. of avg.): 3,20 (stdev 0,15)
Max avg. group (length) of constructs (num of attr.): 4,10 (stdev 0,30)
Number of logical feat: 41,10 (stdev 2,70) number of relational feat: 0,00 (stdev 0,00) number of "Cartesian" feat: 0,00 (stdev 0,00) number of FURIA feat: 3,00 (stdev 0,77) number of thr. feat: 3,00 (stdev 0,77)
Avg. tree size (nodes+leaves): 5,40 (stdev 1,20) avg. number of leaves: 3,20 (stdev 0,60) avg. sum of constructs: 6,10 (stdev 0,30) avg. sum of constructs / num of nodes: 2,88 (stdev 0,38)
Avg. num of logical feat in tree: 0,10 (stdev 0,30) avg. sum of (only logical) constructs: 0,20 (stdev 0,60) avg. num of relational feat in tree: 0,00 (stdev 0,00) avg. sum of (only relational) constructs: 0,00 (stdev 0,00) avg. num of "Cartesian" feat in tree: 0,00 (stdev 0,00) avg. sum of (Cartesian) constructs (in tree): 0,00 (stdev 0,00) avg. num of FURIA feat. in tree: 1,90 (stdev 0,30) avg. sum of terms in constructs (Furia feat) in tree: 5,70 (stdev 0,90) avg. num of THR feat. in tree: 0,00 (stdev 0,00) avg. sum of terms in constructs (THR feat) in tree: 0,00 (stdev 0,00)
Avg. ruleset size: 3,70 (stdev 1,10) avg. number of terms of construct in Furia feat.: 14,70 (stdev 5,39) avg. number of terms in constructs per ruleset: 3,94 (stdev 0,51)
Mean unimp. OR feat.: 0,00 (stdev 0,00) mean unimp. EQU feat.: 0,00 (stdev 0,00) mean unimp. XOR feat.: 0,00 (stdev 0,00) mean unimp. IMPL feat.: 0,00 (stdev 0,00) mean unimp. AND feat.: 0,00 (stdev 0,00) mean unimp. LESSTHAN feat.: 0,00 (stdev 0,00) mean unimp. DIFF feat.: 0,00 (stdev 0,00) mean unimp. "Cartesian" feat.: 0,00 (stdev 0,00)
-----ACC-----
Avg. class. ACC J48 	92,14 (stdev 7,90)
Avg. class. ACC NB 	90,71 (stdev 7,64)
Avg. class. ACC SMO 	76,67 (stdev 15,71)
Avg. class. ACC SMO 	73,57 (stdev 6,69)
Avg. class. ACC IB 	73,81 (stdev 11,47)
Avg. class. ACC FU 	92,14 (stdev 7,90)
Avg. class. ACC RF 	92,14 (stdev 7,90)
-----Learning and testing time-----
Avg. learning time from FC (all feat), for J48 	0,20 [ms] (stdev 0,60)
Avg. learning time from FC (all feat), for NB 	0,10 [ms] (stdev 0,30)
Avg. learning time from FC (all feat), for SMO 	3,10 [ms] (stdev 1,37)
Avg. learning time from FC (all feat), for SMO 	2,80 [ms] (stdev 1,25)
Avg. learning time from FC (all feat), for IB 	0,30 [ms] (stdev 0,90)
Avg. learning time from FC (all feat), for FU 	1,70 [ms] (stdev 0,78)
Avg. learning time from FC (all feat), for RF 	7,20 [ms] (stdev 3,66)
-----Feature construction time-----
Avg. FC time (all feat): 92,70 [ms] (stdev 41,62)
*********************************************************************************
FS on validation dataset - results
*********************************************************************************
When using J48, number of logical feat: 8,30 (stdev 1,79) number of relational feat: 0,00 (stdev 0,00) number of "Cartesian" feat: 0,00 (stdev 0,00) number of FURIA feat: 3,00 (stdev 0,77) number of thr. feat: 3,00 (stdev 0,77)
When using NB, number of logical feat: 7,80 (stdev 2,96) number of relational feat: 0,00 (stdev 0,00) number of "Cartesian" feat: 0,00 (stdev 0,00) number of FURIA feat: 2,80 (stdev 1,17) number of thr. feat: 2,80 (stdev 1,17)
When using SMO, number of logical feat: 7,80 (stdev 2,96) number of relational feat: 0,00 (stdev 0,00) number of "Cartesian" feat: 0,00 (stdev 0,00) number of FURIA feat: 2,80 (stdev 1,17) number of thr. feat: 2,80 (stdev 1,17)
When using SMO, number of logical feat: 3,90 (stdev 4,16) number of relational feat: 0,00 (stdev 0,00) number of "Cartesian" feat: 0,00 (stdev 0,00) number of FURIA feat: 1,40 (stdev 1,36) number of thr. feat: 1,30 (stdev 1,42)
When using IB, number of logical feat: 5,00 (stdev 4,43) number of relational feat: 0,00 (stdev 0,00) number of "Cartesian" feat: 0,00 (stdev 0,00) number of FURIA feat: 2,00 (stdev 1,73) number of thr. feat: 2,00 (stdev 1,73)
When using FURIA, number of logical feat: 4,60 (stdev 4,74) number of relational feat: 0,00 (stdev 0,00) number of "Cartesian" feat: 0,00 (stdev 0,00) number of FURIA feat: 1,60 (stdev 1,69) number of thr. feat: 1,60 (stdev 1,69)
When using RF, number of logical feat: 5,50 (stdev 4,63) number of relational feat: 0,00 (stdev 0,00) number of "Cartesian" feat: 0,00 (stdev 0,00) number of FURIA feat: 1,80 (stdev 1,60) number of thr. feat: 1,80 (stdev 1,60)
Avg. tree size (nodes+leaves): 5,40 (stdev 1,20) avg. number of leaves: 3,20 (stdev 0,60) avg. sum of constructs: 6,10 (stdev 0,30) avg. sum of constructs / num of nodes: 2,88 (stdev 0,38)
Avg. num of logical feat. in tree: 0,10 (stdev 0,30) avg. sum of (only logical) constructs in tree: 0,20 (stdev 0,60) avg. num of relational feat. in tree: 0,00 (stdev 0,00) avg. sum of (only relational) constructs in tree: 0,00 (stdev 0,00) avg. num of Cartesian feat. in tree: 0,00 (stdev 0,00) avg. sum of constructs (of Cartesian feat) in tree: 0,00 (stdev 0,00) avg. num of FURIA feat. in tree: 1,90 (stdev 0,30) avg. sum of terms in constructs (Furia feat) in tree: 5,70 (stdev 0,90) avg. num of THR feat. in tree: 0,00 (stdev 0,00) avg. sum of terms in constructs (THR feat) in tree: 0,00 (stdev 0,00)
Avg. ruleset size: 4,70 (stdev 1,73) avg. number of terms of construct in Furia feat.: 14,00 (stdev 4,15) avg. number of terms in constructs per ruleset: 3,22 (stdev 0,99)
-----ACC-----
Avg. class. ACC J48 	92,14 (stdev 7,90)
Avg. class. ACC NB 	90,48 (stdev 7,82)
Avg. class. ACC SMO 	90,48 (stdev 7,82)
Avg. class. ACC SMO 	73,57 (stdev 6,69)
Avg. class. ACC IB 	84,52 (stdev 9,11)
Avg. class. ACC FU 	87,86 (stdev 8,87)
Avg. class. ACC RF 	87,62 (stdev 6,28)
-----Search time-----
Avg. search time J48 	9,80 (stdev 6,93)
Avg. search time NB 	11,20 (stdev 8,22)
Avg. search time SMO 	19,10 (stdev 13,00)
Avg. search time SMO 	24,50 (stdev 20,59)
Avg. search time IB 	12,40 (stdev 11,24)
Avg. search time FU 	16,80 (stdev 7,72)
Avg. search time RF 	35,50 (stdev 16,86)
-----Learning and testing time-----
Avg. learn time J48 	0,00 (stdev 0,00)
Avg. learn time NB 	0,00 (stdev 0,00)
Avg. learn time SMO 	4,30 (stdev 4,00)
Avg. learn time SMO 	3,70 (stdev 3,58)
Avg. learn time IB 	0,00 (stdev 0,00)
Avg. learn time FU 	1,00 (stdev 0,45)
Avg. learn time RF 	7,90 (stdev 4,28)
~~~~~~~~~~~~~~~~~~~~~~~~~~~~~~~~~~~~~~~~~~~~~~~~~~~~~~~~~~~~~~~~~~~~~~~~~~~~~~~~
Total processing time (cLogicalConcBEasyNoisy-uniqueSamples.arff): 10225
~~~~~~~~~~~~~~~~~~~~~~~~~~~~~~~~~~~~~~~~~~~~~~~~~~~~~~~~~~~~~~~~~~~~~~~~~~~~~~~~
