dataset: Glass_new.arff
Number of folds for testing (CV): 10
*********************************************************************************
number of instances: 214
number of attributes: 9
number of classes: 6
---------------------------------------------------------------------------------
Testing method: CV, number of folds: 10
Feature selection on validation dataset. Percentage of split (subTrain:validation) 75%:25%
---------------------------------------------------------------------------------
Avg. number of instances that we explain: 26,10 (stdev 0,30)
---------------------------------------------------------------------------------
Explanation times are stored in Lime/execTimes.log
---------------------------------------------------------------------------------
Feature types included in construction: logical operators based, decision rule, threshold, relational, Cartesian product, numerical
*********************************************************************************
Original dataset
*********************************************************************************
Avg. tree size: 44,20 (stdev 5,23) avg. number of leaves: 22,60 (stdev 2,62) avg. number of nodes: 21,60 (stdev 2,62)
Avg. ruleset size: 0,00 (stdev 0,00) avg. number of attributes in rules: 0,00 (stdev 0,00) avg. number of attributes per rule: 0,00 (stdev 0,00)
-----ACC-----
Avg. class. ACC J48 	66,75 (stdev 7,53)
Avg. class. ACC NB 	48,59 (stdev 6,21)
Avg. class. ACC IB 	66,39 (stdev 7,98)
-----Learning and testing time-----
Avg. learning time J48 	4,00 [ms] (stdev 8,67 [ms])
Avg. learning time NB 	0,90 [ms] (stdev 2,70 [ms])
Avg. learning time IB 	0,80 [ms] (stdev 2,09 [ms])
*********************************************************************************
Only Logical features
*********************************************************************************
Number of logical feat: 261,90 (stdev 106,67)
Avg. tree size (nodes+leaves): 43,40 (stdev 3,07) avg. number of leaves: 22,20 (stdev 1,54) avg. sum of constructs: 30,70 (stdev 3,38) avg. sum of constructs / num of nodes: 1,45 (stdev 0,10)
Avg. num of logical feat in tree: 7,90 (stdev 1,92) avg. sum of (logical) constructs: 17,40 (stdev 4,25)
Avg. ruleset size: 0,00 (stdev 0,00) avg. number of terms of construct in Furia feat.: 0,00 (stdev 0,00) avg. number of terms in constructs per ruleset: 0,00 (stdev 0,00)
-----ACC-----
Avg. class. ACC J48 	68,23 (stdev 8,93)
Avg. class. ACC NB 	57,47 (stdev 9,08)
Avg. class. ACC IB 	64,44 (stdev 6,87)
-----Learning and testing time-----
Avg. learning time from FC (all feat), for J48 	11,40 [ms] (stdev 10,26)
Avg. learning time from FC (all feat), for NB 	5,40 [ms] (stdev 4,52)
Avg. learning time from FC (all feat), for IB 	7,30 [ms] (stdev 5,81)
-----Feature construction time-----
Avg. FC time (only Log feat): 477,00 [ms] stdev 225,46
*********************************************************************************
Numerical features
*********************************************************************************
Number of numerical feat: 49,50 (stdev 9,86)
Avg. tree size (nodes+leaves): 42,40 (stdev 4,20) avg. number of leaves: 21,70 (stdev 2,10) avg. sum of constructs: 29,80 (stdev 2,71) avg. sum of constructs / num of nodes: 1,44 (stdev 0,09)
Avg. num of numerical feat in tree: 9,10 (stdev 1,64) avg. sum of (only numerical) constructs (in tree): 18,20 (stdev 3,28)
Avg. ruleset size: 0,00 (stdev 0,00) avg. number of terms of construct in Furia feat.: 0,00 (stdev 0,00) avg. number of terms in constructs per ruleset: 0,00 (stdev 0,00)
-----ACC-----
Avg. class. ACC J48 	70,97 (stdev 5,66)
Avg. class. ACC NB 	43,96 (stdev 8,02)
Avg. class. ACC IB 	64,00 (stdev 6,06)
-----Learning and testing time-----
Avg. learning time from FC (all feat), for J48 	9,20 [ms] (stdev 4,60)
Avg. learning time from FC (all feat), for NB 	3,30 [ms] (stdev 2,19)
Avg. learning time from FC (all feat), for IB 	2,00 [ms] (stdev 2,05)
-----Feature construction time-----
Avg. FC time (only Num feat): 6,30 [ms] stdev 2,15
*********************************************************************************
Relational features
*********************************************************************************
Number of relational feat: 8,90 (stdev 1,45)
Avg. tree size (nodes+leaves): 45,60 (stdev 5,14) avg. number of leaves: 23,30 (stdev 2,57) avg. sum of constructs: 24,30 (stdev 2,57) avg. sum of constructs / num of nodes: 1,09 (stdev 0,01)
Avg. num of relational feat in tree: 2,00 (stdev 0,00) avg. sum of (only Cartesian) constructs (in tree): 4,00 (stdev 0,00)
Avg. ruleset size: 0,00 (stdev 0,00) avg. number of terms of construct in Furia feat.: 0,00 (stdev 0,00) avg. number of terms in constructs per ruleset: 0,00 (stdev 0,00)
-----ACC-----
Avg. class. ACC J48 	66,71 (stdev 8,50)
Avg. class. ACC NB 	50,43 (stdev 7,15)
Avg. class. ACC IB 	66,41 (stdev 7,59)
-----Learning and testing time-----
Avg. learning time from FC (all feat), for J48 	2,40 [ms] (stdev 1,91)
Avg. learning time from FC (all feat), for NB 	0,30 [ms] (stdev 0,64)
Avg. learning time from FC (all feat), for IB 	0,40 [ms] (stdev 0,66)
-----Feature construction time-----
Avg. FC time (only Rel feat): 2,10 [ms] stdev 0,83
*********************************************************************************
Cartesian product
*********************************************************************************
Number of "Cartesian" feat: 9,90 (stdev 1,97)
Avg. tree size (nodes+leaves): 53,80 (stdev 8,73) avg. number of leaves: 35,80 (stdev 7,53) avg. sum of constructs: 22,20 (stdev 2,75) avg. sum of constructs / num of nodes: 1,24 (stdev 0,06)
Avg. num of "Cartesian" feat in tree: 4,20 (stdev 1,08) avg. sum of (only Cartesian) constructs (in tree): 8,40 (stdev 2,15)
Avg. ruleset size: 0,00 (stdev 0,00) avg. number of terms of construct in Furia feat.: 0,00 (stdev 0,00) avg. number of terms in constructs per ruleset: 0,00 (stdev 0,00)
-----ACC-----
Avg. class. ACC J48 	68,25 (stdev 4,33)
Avg. class. ACC NB 	54,20 (stdev 8,68)
Avg. class. ACC IB 	66,82 (stdev 7,40)
-----Learning and testing time-----
Avg. learning time from FC (all feat), for J48 	1,40 [ms] (stdev 0,49)
Avg. learning time from FC (all feat), for NB 	0,10 [ms] (stdev 0,30)
Avg. learning time from FC (all feat), for IB 	0,60 [ms] (stdev 0,66)
-----Feature construction time-----
Avg. FC time (only Cart feat): 2,50 [ms] stdev 1,02
*********************************************************************************
Only Furia and THR feat
*********************************************************************************
Number of FURIA feat: 4,60 (stdev 0,92) number of thr. feat: 3,00 (stdev 1,26)
Avg. tree size (nodes+leaves): 47,00 (stdev 6,74) avg. number of leaves: 24,80 (stdev 3,94) avg. sum of constructs: 25,10 (stdev 4,37) avg. sum of constructs / num of nodes: 1,13 (stdev 0,10)
Avg. num of FURIA feat. in tree: 1,60 (stdev 0,66) avg. sum of terms in constructs (Furia feat) in tree: 2,90 (stdev 1,22) avg. num of THR feat. in tree: 1,20 (stdev 1,08) avg. sum of terms in constructs (THR feat) in tree: 2,80 (stdev 2,86)
Avg. ruleset size: 0,00 (stdev 0,00) avg. number of terms of construct in Furia feat.: 0,00 (stdev 0,00) avg. number of terms in constructs per ruleset: 0,00 (stdev 0,00)
-----ACC-----
Avg. class. ACC J48 	62,51 (stdev 9,23)
Avg. class. ACC NB 	47,68 (stdev 7,90)
Avg. class. ACC IB 	66,47 (stdev 10,24)
-----Learning and testing time-----
Avg. learning time from FC(only Furia and THR feat) J48 2,10 [ms] (stdev 1,22)
Avg. learning time from FC(only Furia and THR feat) NB 1,20 [ms] (stdev 3,28)
Avg. learning time from FC(only Furia and THR feat) IB 0,40 [ms] (stdev 0,66)
-----Feature construction time-----
Avg. FC time (only Furia and THR feat): 201,30 [ms] stdev 61,89
*********************************************************************************
All features dataset
*********************************************************************************
Avg. number of groups for feature construction: 7,00 (stdev 0,77)
Avg. size of groups (num. of candidate attr.) per folds (num of attr. in all groups):: 21,80 (stdev 3,66)
Avg. size of groups (num. of candidate attr.) per groups per folds (avg. of avg.): 3,10 (stdev 0,27)
Max avg. group (length) of constructs (num of attr.): 4,50 (stdev 0,50)
Number of logical feat: 261,90 (stdev 106,67) number of numerical feat: 49,50 (stdev 9,86) number of relational feat: 8,90 (stdev 1,45) number of "Cartesian" feat: 9,90 (stdev 1,97) number of FURIA feat: 4,60 (stdev 0,92) number of thr. feat: 3,00 (stdev 1,26)
Avg. tree size (nodes+leaves): 41,30 (stdev 4,52) avg. number of leaves: 21,40 (stdev 2,54) avg. sum of constructs: 33,90 (stdev 5,30) avg. sum of constructs / num of nodes: 1,70 (stdev 0,14)
Avg. num of logical feat in tree: 5,90 (stdev 1,58) avg. sum of (only logical) constructs: 13,10 (stdev 3,53) avg. num of numerical feat in tree: 5,50 (stdev 1,63) avg. sum of (only numerical) constructs: 11,00 (stdev 3,26) avg. num of relational feat in tree: 0,40 (stdev 0,49) avg. sum of (only relational) constructs: 0,80 (stdev 0,98) avg. num of "Cartesian" feat in tree: 0,00 (stdev 0,00) avg. sum of (Cartesian) constructs (in tree): 0,00 (stdev 0,00) avg. num of FURIA feat. in tree: 0,60 (stdev 0,66) avg. sum of terms in constructs (Furia feat) in tree: 1,00 (stdev 1,10) avg. num of THR feat. in tree: 0,30 (stdev 0,64) avg. sum of terms in constructs (THR feat) in tree: 0,80 (stdev 1,66)
Avg. ruleset size: 0,00 (stdev 0,00) avg. number of terms of construct in Furia feat.: 0,00 (stdev 0,00) avg. number of terms in constructs per ruleset: 0,00 (stdev 0,00)
Mean unimp. OR feat.: 0,00 (stdev 0,00) mean unimp. EQU feat.: 0,00 (stdev 0,00) mean unimp. XOR feat.: 0,00 (stdev 0,00) mean unimp. IMPL feat.: 0,00 (stdev 0,00) mean unimp. AND feat.: 0,00 (stdev 0,00) mean unimp. LESSTHAN feat.: 4,00 (stdev 0,63) mean unimp. DIFF feat.: 6,90 (stdev 1,97) mean unimp. "Cartesian" feat.: 0,00 (stdev 0,00)
-----ACC-----
Avg. class. ACC J48 	69,13 (stdev 8,74)
Avg. class. ACC NB 	53,74 (stdev 7,50)
Avg. class. ACC IB 	69,61 (stdev 6,69)
-----Learning and testing time-----
Avg. learning time from FC (all feat), for J48 	17,60 [ms] (stdev 6,77)
Avg. learning time from FC (all feat), for NB 	7,10 [ms] (stdev 2,77)
Avg. learning time from FC (all feat), for IB 	7,20 [ms] (stdev 4,71)
-----Feature construction time-----
Avg. FC time (all feat): 689,20 [ms] (stdev 282,02)
*********************************************************************************
FS on validation dataset - results
*********************************************************************************
When using J48, number of logical feat: 88,80 (stdev 110,99) number of numerical feat: 14,00 (stdev 22,45) number of relational feat: 2,50 (stdev 3,93) number of "Cartesian" feat: 6,30 (stdev 4,36) number of FURIA feat: 1,40 (stdev 1,96) number of thr. feat: 1,20 (stdev 1,25)
When using NB, number of logical feat: 75,10 (stdev 64,01) number of numerical feat: 5,00 (stdev 15,00) number of relational feat: 1,00 (stdev 2,68) number of "Cartesian" feat: 9,50 (stdev 1,75) number of FURIA feat: 0,80 (stdev 1,78) number of thr. feat: 1,10 (stdev 1,14)
When using IB, number of logical feat: 76,80 (stdev 81,40) number of numerical feat: 12,50 (stdev 19,65) number of relational feat: 2,40 (stdev 3,53) number of "Cartesian" feat: 6,40 (stdev 4,50) number of FURIA feat: 1,10 (stdev 1,70) number of thr. feat: 0,70 (stdev 0,90)
Avg. tree size (nodes+leaves): 45,20 (stdev 2,86) avg. number of leaves: 23,90 (stdev 2,51) avg. sum of constructs: 29,30 (stdev 7,10) avg. sum of constructs / num of nodes: 1,38 (stdev 0,32)
Avg. num of logical feat. in tree: 4,50 (stdev 3,17) avg. sum of (only logical) constructs in tree: 9,80 (stdev 7,01) avg. num of numerical feat. in tree: 1,70 (stdev 2,69) avg. sum of (only numerical) constructs in tree: 3,40 (stdev 5,37) avg. num of relational feat. in tree: 0,10 (stdev 0,30) avg. sum of (only relational) constructs in tree: 0,20 (stdev 0,60) avg. num of Cartesian feat. in tree: 0,20 (stdev 0,40) avg. sum of constructs (of Cartesian feat) in tree: 0,40 (stdev 0,80) avg. num of FURIA feat. in tree: 0,10 (stdev 0,30) avg. sum of terms in constructs (Furia feat) in tree: 0,20 (stdev 0,60) avg. num of THR feat. in tree: 0,40 (stdev 0,80) avg. sum of terms in constructs (THR feat) in tree: 1,00 (stdev 2,00)
Avg. ruleset size: 0,00 (stdev 0,00) avg. number of terms of construct in Furia feat.: 0,00 (stdev 0,00) avg. number of terms in constructs per ruleset: 0,00 (stdev 0,00)
-----ACC-----
Avg. class. ACC J48 	68,14 (stdev 7,42)
Avg. class. ACC NB 	59,26 (stdev 6,78)
Avg. class. ACC IB 	67,23 (stdev 7,16)
-----Search time-----
Avg. search time J48 	173,80 (stdev 52,42)
Avg. search time NB 	172,50 (stdev 55,14)
Avg. search time IB 	160,00 (stdev 59,27)
-----Learning and testing time-----
Avg. learn time J48 	7,00 (stdev 8,35)
Avg. learn time NB 	1,70 (stdev 1,79)
Avg. learn time IB 	1,80 (stdev 1,78)
~~~~~~~~~~~~~~~~~~~~~~~~~~~~~~~~~~~~~~~~~~~~~~~~~~~~~~~~~~~~~~~~~~~~~~~~~~~~~~~~
Total processing time (Glass_new.arff): 71590
~~~~~~~~~~~~~~~~~~~~~~~~~~~~~~~~~~~~~~~~~~~~~~~~~~~~~~~~~~~~~~~~~~~~~~~~~~~~~~~~
