dataset: rDisjunctBin.arff
Number of folds for testing (CV): 10
*********************************************************************************
number of instances: 2000
number of attributes: 5
number of classes: 1
---------------------------------------------------------------------------------
IME (explanation), equalSampling, N_SAMPLES: 100 - alg. for searching concepts: RandomForest
---------------------------------------------------------------------------------
Testing method: CV, number of folds: 10
Feature selection on validation dataset. Percentage of split (subTrain:validation) 75%:25%
---------------------------------------------------------------------------------
Feature types included in construction: logical operators based, decision rule, threshold, relational, Cartesian product, numerical
*********************************************************************************
Original dataset
*********************************************************************************
-----MAE and RMSE-----
Avg. MAE M5P 	0,01 (stdev 0,00) 	Avg. RMSE M5P 	0,01 (stdev 0,00)
Avg. MAE LR 	0,20 (stdev 0,01) 	Avg. RMSE LR 	0,25 (stdev 0,01)
Avg. MAE M5R 	0,00 (stdev 0,00) 	Avg. RMSE M5R 	0,00 (stdev 0,00)
Avg. MAE RF 	0,00 (stdev 0,00) 	Avg. RMSE RF 	0,00 (stdev 0,00)
*********************************************************************************
Only Logical features
*********************************************************************************
Number of logical feat: 17,00 (stdev 0,00)
-----MAE and RMSE-----
Avg. MAE M5P 	0,00 (stdev 0,00) 	Avg. RMSE M5P 	0,01 (stdev 0,00)
Avg. MAE LR 	0,00 (stdev 0,00) 	Avg. RMSE LR 	0,00 (stdev 0,00)
Avg. MAE M5R 	0,00 (stdev 0,00) 	Avg. RMSE M5R 	0,00 (stdev 0,00)
Avg. MAE RF 	0,00 (stdev 0,00) 	Avg. RMSE RF 	0,00 (stdev 0,00)
-----Learning and testing time-----
Avg. learning time from FC (all feat), for M5P 	18,40 [ms] (stdev 11,27)
Avg. learning time from FC (all feat), for LR 	7,10 [ms] (stdev 4,66)
Avg. learning time from FC (all feat), for M5R 	21,60 [ms] (stdev 10,87)
Avg. learning time from FC (all feat), for RF 	22,40 [ms] (stdev 2,97)
-----Feature construction time-----
Avg. FC time (only Log feat): 158,70 [ms] stdev 27,37
*********************************************************************************
Numerical features
*********************************************************************************
Number of numerical feat: 0,00 (stdev 0,00)
-----MAE and RMSE-----
Avg. MAE M5P 	0,01 (stdev 0,00) 	Avg. RMSE M5P 	0,01 (stdev 0,00)
Avg. MAE LR 	0,20 (stdev 0,01) 	Avg. RMSE LR 	0,25 (stdev 0,01)
Avg. MAE M5R 	0,00 (stdev 0,00) 	Avg. RMSE M5R 	0,00 (stdev 0,00)
Avg. MAE RF 	0,00 (stdev 0,00) 	Avg. RMSE RF 	0,00 (stdev 0,00)
-----Learning and testing time-----
Avg. learning time from FC (all feat), for M5P 	10,20 [ms] (stdev 2,52)
Avg. learning time from FC (all feat), for LR 	1,60 [ms] (stdev 0,92)
Avg. learning time from FC (all feat), for M5R 	32,10 [ms] (stdev 6,12)
Avg. learning time from FC (all feat), for RF 	24,80 [ms] (stdev 3,99)
-----Feature construction time-----
Avg. FC time (only Num feat): 0,00 [ms] stdev 0,00
*********************************************************************************
Relational features
*********************************************************************************
Number of relational feat: 0,00 (stdev 0,00)
-----MAE and RMSE-----
Avg. MAE M5P 	0,01 (stdev 0,00) 	Avg. RMSE M5P 	0,01 (stdev 0,00)
Avg. MAE LR 	0,20 (stdev 0,01) 	Avg. RMSE LR 	0,25 (stdev 0,01)
Avg. MAE M5R 	0,00 (stdev 0,00) 	Avg. RMSE M5R 	0,00 (stdev 0,00)
Avg. MAE RF 	0,00 (stdev 0,00) 	Avg. RMSE RF 	0,00 (stdev 0,00)
-----Learning and testing time-----
Avg. learning time from FC (all feat), for M5P 	9,60 [ms] (stdev 3,29)
Avg. learning time from FC (all feat), for LR 	1,40 [ms] (stdev 0,49)
Avg. learning time from FC (all feat), for M5R 	33,30 [ms] (stdev 11,76)
Avg. learning time from FC (all feat), for RF 	26,20 [ms] (stdev 7,33)
-----Feature construction time-----
Avg. FC time (only Rel feat): 0,00 [ms] stdev 0,00
*********************************************************************************
Cartesian product
*********************************************************************************
Number of "Cartesian" feat: 3,00 (stdev 0,00)
-----MAE and RMSE-----
Avg. MAE M5P 	0,00 (stdev 0,00) 	Avg. RMSE M5P 	0,01 (stdev 0,00)
Avg. MAE LR 	0,12 (stdev 0,00) 	Avg. RMSE LR 	0,13 (stdev 0,00)
Avg. MAE M5R 	0,00 (stdev 0,00) 	Avg. RMSE M5R 	0,00 (stdev 0,00)
Avg. MAE RF 	0,00 (stdev 0,00) 	Avg. RMSE RF 	0,00 (stdev 0,00)
-----Learning and testing time-----
Avg. learning time from FC (all feat), for M5P 	11,50 [ms] (stdev 1,80)
Avg. learning time from FC (all feat), for LR 	5,10 [ms] (stdev 1,92)
Avg. learning time from FC (all feat), for M5R 	13,10 [ms] (stdev 2,74)
Avg. learning time from FC (all feat), for RF 	27,20 [ms] (stdev 10,29)
-----Feature construction time-----
Avg. FC time (only Cart feat): 4,20 [ms] stdev 2,27
*********************************************************************************
All features dataset
*********************************************************************************
Avg. number of groups for feature construction: 4,00 (stdev 0,00)
Avg. size of groups (num. of candidate attr.) per folds (num of attr. in all groups):: 9,00 (stdev 0,00)
Avg. size of groups (num. of candidate attr.) per groups per folds (avg. of avg.): 2,25 (stdev 0,00)
Max avg. group (length) of constructs (num of attr.): 3,00 (stdev 0,00)
Number of logical feat: 17,00 (stdev 0,00) number of numerical feat: 0,00 (stdev 0,00) number of relational feat: 0,00 (stdev 0,00) number of "Cartesian" feat: 3,00 (stdev 0,00) number of FURIA feat: 0,00 (stdev 0,00) number of thr. feat: 0,00 (stdev 0,00)
-----MAE and RMSE-----
Avg. MAE M5P 	0,00 (stdev 0,00) 	Avg. RMSE M5P 	0,01 (stdev 0,00)
Avg. MAE LR 	0,00 (stdev 0,00) 	Avg. RMSE LR 	0,00 (stdev 0,00)
Avg. MAE M5R 	0,00 (stdev 0,00) 	Avg. RMSE M5R 	0,00 (stdev 0,00)
Avg. MAE RF 	0,00 (stdev 0,00) 	Avg. RMSE RF 	0,00 (stdev 0,00)
-----Learning and testing time-----
Avg. learning time from FC (all feat), for M5P 	19,20 [ms] (stdev 2,56)
Avg. learning time from FC (all feat), for LR 	10,50 [ms] (stdev 1,28)
Avg. learning time from FC (all feat), for M5R 	24,40 [ms] (stdev 4,69)
Avg. learning time from FC (all feat), for RF 	26,90 [ms] (stdev 11,84)
-----Feature construction time-----
Avg. FC time (all feat): 162,90 [ms] (stdev 29,35)
*********************************************************************************
FS on validation dataset - results
*********************************************************************************
-----MAE and RMSE-----
Avg. MAE M5P 	0,00 (stdev 0,00) 	Avg. RMSE M5P 	0,01 (stdev 0,00)
Avg. MAE LR 	0,00 (stdev 0,00) 	Avg. RMSE LR 	0,00 (stdev 0,00)
Avg. MAE M5R 	0,00 (stdev 0,00) 	Avg. RMSE M5R 	0,00 (stdev 0,00)
Avg. MAE RF 	0,00 (stdev 0,00) 	Avg. RMSE RF 	0,00 (stdev 0,00)
-----Search time-----
Avg. search time M5P 	899,30 (stdev 56,30)
Avg. search time LR 	872,50 (stdev 61,45)
Avg. search time M5R 	888,50 (stdev 60,67)
Avg. search time RF 	889,00 (stdev 35,24)
-----Learning and testing time-----
Avg. learn time M5P 	20,00 (stdev 2,00)
Avg. learn time LR 	13,70 (stdev 3,77)
Avg. learn time M5R 	23,00 (stdev 2,97)
Avg. learn time RF 	22,00 (stdev 1,79)
~~~~~~~~~~~~~~~~~~~~~~~~~~~~~~~~~~~~~~~~~~~~~~~~~~~~~~~~~~~~~~~~~~~~~~~~~~~~~~~~
Total processing time (rDisjunctBin.arff): 88375
~~~~~~~~~~~~~~~~~~~~~~~~~~~~~~~~~~~~~~~~~~~~~~~~~~~~~~~~~~~~~~~~~~~~~~~~~~~~~~~~
