dataset: rConcept.arff
Number of folds for testing (CV): 2
*********************************************************************************
number of instances: 2000
number of attributes: 6
number of classes: 1
---------------------------------------------------------------------------------
Testing method: CV, number of folds: 2
Feature selection on validation dataset. Percentage of split (subTrain:validation) 75%:25%
---------------------------------------------------------------------------------
Feature types included in construction: logical operators based, decision rule, threshold, relational, Cartesian product, numerical
*********************************************************************************
Original dataset
*********************************************************************************
-----MAE and RMSE-----
Avg. MAE RF 	11,12 (stdev 0,50) 	Avg. RMSE RF 	17,47 (stdev 1,83)
*********************************************************************************
Only Logical features
*********************************************************************************
Number of logical feat: 24,00 (stdev 0,00)
-----MAE and RMSE-----
Avg. MAE RF 	22,84 (stdev 0,39) 	Avg. RMSE RF 	29,90 (stdev 0,14)
-----Learning and testing time-----
Avg. learning time from FC (all feat), for RF 	325,50 [ms] (stdev 38,50)
-----Feature construction time-----
Avg. FC time (only Log feat): 554,00 [ms] stdev 22,00
*********************************************************************************
Numerical features
*********************************************************************************
Number of numerical feat: 40,00 (stdev 0,00)
-----MAE and RMSE-----
Avg. MAE RF 	14,47 (stdev 0,23) 	Avg. RMSE RF 	24,28 (stdev 0,14)
-----Learning and testing time-----
Avg. learning time from FC (all feat), for RF 	238,50 [ms] (stdev 39,50)
-----Feature construction time-----
Avg. FC time (only Num feat): 30,50 [ms] stdev 1,50
*********************************************************************************
Relational features
*********************************************************************************
Number of relational feat: 8,00 (stdev 0,00)
-----MAE and RMSE-----
Avg. MAE RF 	16,96 (stdev 0,24) 	Avg. RMSE RF 	24,16 (stdev 0,83)
-----Learning and testing time-----
Avg. learning time from FC (all feat), for RF 	140,00 [ms] (stdev 22,00)
-----Feature construction time-----
Avg. FC time (only Rel feat): 10,00 [ms] stdev 0,00
*********************************************************************************
Cartesian product
*********************************************************************************
Number of "Cartesian" feat: 8,00 (stdev 0,00)
-----MAE and RMSE-----
Avg. MAE RF 	16,46 (stdev 0,10) 	Avg. RMSE RF 	21,76 (stdev 0,63)
-----Learning and testing time-----
Avg. learning time from FC (all feat), for RF 	206,50 [ms] (stdev 61,50)
-----Feature construction time-----
Avg. FC time (only Cart feat): 21,00 [ms] stdev 3,00
*********************************************************************************
All features dataset
*********************************************************************************
Avg. number of groups for feature construction: 12,00 (stdev 0,00)
Avg. size of groups (num. of candidate attr.) per folds (num of attr. in all groups):: 31,00 (stdev 0,00)
Avg. size of groups (num. of candidate attr.) per groups per folds (avg. of avg.): 2,58 (stdev 0,00)
Max avg. group (length) of constructs (num of attr.): 4,00 (stdev 0,00)
Number of logical feat: 24,00 (stdev 0,00) number of numerical feat: 40,00 (stdev 0,00) number of relational feat: 8,00 (stdev 0,00) number of "Cartesian" feat: 8,00 (stdev 0,00) number of FURIA feat: 50,00 (stdev 0,00) number of thr. feat: 0,00 (stdev 0,00)
-----MAE and RMSE-----
Avg. MAE RF 	12,58 (stdev 0,16) 	Avg. RMSE RF 	16,85 (stdev 0,03)
-----Learning and testing time-----
Avg. learning time from FC (all feat), for RF 	258,00 [ms] (stdev 4,00)
-----Feature construction time-----
Avg. FC time (all feat): 615,50 [ms] (stdev 20,50)
*********************************************************************************
FS on validation dataset - results
*********************************************************************************
-----MAE and RMSE-----
Avg. MAE RF 	10,89 (stdev 0,27) 	Avg. RMSE RF 	15,26 (stdev 0,39)
-----Search time-----
Avg. search time RF 	552,50 (stdev 31,50)
-----Learning and testing time-----
Avg. learn time RF 	199,50 (stdev 25,50)
~~~~~~~~~~~~~~~~~~~~~~~~~~~~~~~~~~~~~~~~~~~~~~~~~~~~~~~~~~~~~~~~~~~~~~~~~~~~~~~~
Total processing time (rConcept.arff): 22522
~~~~~~~~~~~~~~~~~~~~~~~~~~~~~~~~~~~~~~~~~~~~~~~~~~~~~~~~~~~~~~~~~~~~~~~~~~~~~~~~
