dataset: credit_score.arff
Number of folds for testing (CV): 10
*********************************************************************************
number of instances: 223
number of attributes: 22
number of classes: 2
---------------------------------------------------------------------------------
Alg. for searching concepts: TreeSHAP (XGBOOST) parameters: numOfRounds->100 maxDepth->3 eta->0.3 gamma->1.0
Explaining class: E explaining whole dataset: NO
---------------------------------------------------------------------------------
Alg. for searching concepts: TreeSHAP (XGBOOST) parameters: numOfRounds->100 maxDepth->3 eta->0.3 gamma->1.0
Explaining class: A explaining whole dataset: NO
---------------------------------------------------------------------------------
Testing method: CV, number of folds: 10
Feature selection on validation dataset. Percentage of split (subTrain:validation) 75%:25%
---------------------------------------------------------------------------------
Avg. explanation time: 16,30 [ms] (stdev 15,81)
Avg. number of instances that we explain: 97,20 (stdev 0,40)
---------------------------------------------------------------------------------
Internal (during building) accuracy of explanation model: 99,85 (stdev 0,23) ACC on the test dataset: 84,25 (stdev 10,03)
---------------------------------------------------------------------------------
Avg. model building time: 49,70 [ms] (stdev 10,12)
---------------------------------------------------------------------------------
Feature types included in construction: logical operators based, decision rule, threshold, relational, Cartesian product, numerical
*********************************************************************************
Original dataset
*********************************************************************************
Avg. tree size: 23,80 (stdev 2,71) avg. number of leaves: 12,40 (stdev 1,36) avg. number of nodes: 11,40 (stdev 1,36)
Avg. ruleset size: 10,60 (stdev 1,62) avg. number of attributes in rules: 25,80 (stdev 4,81) avg. number of attributes per rule: 2,43 (stdev 0,23)
-----ACC-----
Avg. class. ACC J48 	83,38 (stdev 12,48)
Avg. class. ACC NB 	50,63 (stdev 6,48)
Avg. class. ACC SMO 	54,68 (stdev 3,91)
Avg. class. ACC SMO 	53,83 (stdev 6,83)
Avg. class. ACC IB 	81,60 (stdev 7,92)
Avg. class. ACC FU 	81,94 (stdev 13,06)
Avg. class. ACC RF 	85,61 (stdev 8,10)
-----Learning and testing time-----
Avg. learning time J48 	4,80 [ms] (stdev 9,74 [ms])
Avg. learning time NB 	1,10 [ms] (stdev 3,30 [ms])
Avg. learning time SMO 	4,60 [ms] (stdev 9,48 [ms])
Avg. learning time SMO 	13,50 [ms] (stdev 10,60 [ms])
Avg. learning time IB 	0,90 [ms] (stdev 2,39 [ms])
Avg. learning time FU 	33,70 [ms] (stdev 24,69 [ms])
Avg. learning time RF 	25,20 [ms] (stdev 33,38 [ms])
*********************************************************************************
Only Logical features
*********************************************************************************
Number of logical feat: 521,50 (stdev 142,59)
Avg. tree size (nodes+leaves): 23,40 (stdev 4,45) avg. number of leaves: 12,20 (stdev 2,23) avg. sum of constructs: 17,20 (stdev 3,03) avg. sum of constructs / num of nodes: 1,56 (stdev 0,23)
Avg. num of logical feat in tree: 5,20 (stdev 1,08) avg. sum of (logical) constructs: 11,20 (stdev 2,89)
Avg. ruleset size: 9,80 (stdev 1,99) avg. number of terms of construct in Furia feat.: 32,20 (stdev 6,93) avg. number of terms in constructs per ruleset: 3,30 (stdev 0,37)
-----ACC-----
Avg. class. ACC J48 	80,73 (stdev 9,64)
Avg. class. ACC NB 	77,91 (stdev 7,91)
Avg. class. ACC SMO 	79,72 (stdev 10,06)
Avg. class. ACC SMO 	81,09 (stdev 8,61)
Avg. class. ACC IB 	79,74 (stdev 9,87)
Avg. class. ACC FU 	82,41 (stdev 11,81)
Avg. class. ACC RF 	83,30 (stdev 12,18)
-----Learning and testing time-----
Avg. learning time from FC (all feat), for J48 	15,00 [ms] (stdev 7,87)
Avg. learning time from FC (all feat), for NB 	3,80 [ms] (stdev 2,86)
Avg. learning time from FC (all feat), for SMO 	45,30 [ms] (stdev 37,12)
Avg. learning time from FC (all feat), for SMO 	34,40 [ms] (stdev 14,45)
Avg. learning time from FC (all feat), for IB 	12,20 [ms] (stdev 5,29)
Avg. learning time from FC (all feat), for FU 	130,50 [ms] (stdev 40,17)
Avg. learning time from FC (all feat), for RF 	42,80 [ms] (stdev 39,11)
-----Feature construction time-----
Avg. FC time (all feat): 1884,70 [ms] stdev 583,98
*********************************************************************************
Numerical features
*********************************************************************************
Number of numerical feat: 200,00 (stdev 24,80)
Avg. tree size (nodes+leaves): 17,20 (stdev 3,03) avg. number of leaves: 9,10 (stdev 1,51) avg. sum of constructs: 14,50 (stdev 2,46) avg. sum of constructs / num of nodes: 1,80 (stdev 0,13)
Avg. num of numerical feat in tree: 6,40 (stdev 1,28) avg. sum of (only numerical) constructs (in tree): 12,80 (stdev 2,56)
Avg. ruleset size: 6,50 (stdev 0,81) avg. number of terms of construct in Furia feat.: 27,30 (stdev 4,50) avg. number of terms in constructs per ruleset: 4,22 (stdev 0,54)
-----ACC-----
Avg. class. ACC J48 	87,85 (stdev 5,84)
Avg. class. ACC NB 	70,75 (stdev 7,61)
Avg. class. ACC SMO 	82,94 (stdev 9,47)
Avg. class. ACC SMO 	54,23 (stdev 6,74)
Avg. class. ACC IB 	73,62 (stdev 9,78)
Avg. class. ACC FU 	90,12 (stdev 6,05)
Avg. class. ACC RF 	90,99 (stdev 6,77)
-----Learning and testing time-----
Avg. learning time from FC (all feat), for J48 	16,30 [ms] (stdev 4,47)
Avg. learning time from FC (all feat), for NB 	7,60 [ms] (stdev 5,75)
Avg. learning time from FC (all feat), for SMO 	7,70 [ms] (stdev 2,49)
Avg. learning time from FC (all feat), for SMO 	18,60 [ms] (stdev 2,06)
Avg. learning time from FC (all feat), for IB 	6,10 [ms] (stdev 2,21)
Avg. learning time from FC (all feat), for FU 	124,50 [ms] (stdev 27,25)
Avg. learning time from FC (all feat), for RF 	23,30 [ms] (stdev 9,36)
-----Feature construction time-----
Avg. FC time (all feat): 52,30 [ms] stdev 15,45
*********************************************************************************
Relational features
*********************************************************************************
Number of relational feat: 43,30 (stdev 5,71)
Avg. tree size (nodes+leaves): 27,60 (stdev 6,07) avg. number of leaves: 14,30 (stdev 3,03) avg. sum of constructs: 21,50 (stdev 5,28) avg. sum of constructs / num of nodes: 1,61 (stdev 0,05)
Avg. num of relational feat in tree: 8,20 (stdev 2,27) avg. sum of (only Cartesian) constructs (in tree): 16,40 (stdev 4,54)
Avg. ruleset size: 10,10 (stdev 0,94) avg. number of terms of construct in Furia feat.: 30,20 (stdev 2,99) avg. number of terms in constructs per ruleset: 3,00 (stdev 0,27)
-----ACC-----
Avg. class. ACC J48 	77,15 (stdev 10,16)
Avg. class. ACC NB 	60,87 (stdev 10,65)
Avg. class. ACC SMO 	82,09 (stdev 7,72)
Avg. class. ACC SMO 	82,06 (stdev 8,37)
Avg. class. ACC IB 	80,32 (stdev 9,37)
Avg. class. ACC FU 	83,36 (stdev 9,55)
Avg. class. ACC RF 	84,70 (stdev 10,03)
-----Learning and testing time-----
Avg. learning time from FC (all feat), for J48 	4,30 [ms] (stdev 2,69)
Avg. learning time from FC (all feat), for NB 	0,30 [ms] (stdev 0,64)
Avg. learning time from FC (all feat), for SMO 	7,20 [ms] (stdev 2,04)
Avg. learning time from FC (all feat), for SMO 	10,40 [ms] (stdev 1,56)
Avg. learning time from FC (all feat), for IB 	2,00 [ms] (stdev 0,89)
Avg. learning time from FC (all feat), for FU 	36,80 [ms] (stdev 5,95)
Avg. learning time from FC (all feat), for RF 	15,80 [ms] (stdev 5,23)
-----Feature construction time-----
Avg. FC time (all feat): 15,40 [ms] stdev 3,95
*********************************************************************************
Cartesian product
*********************************************************************************
Number of "Cartesian" feat: 36,90 (stdev 4,48)
Avg. tree size (nodes+leaves): 27,20 (stdev 5,56) avg. number of leaves: 17,20 (stdev 4,49) avg. sum of constructs: 13,50 (stdev 1,75) avg. sum of constructs / num of nodes: 1,35 (stdev 0,09)
Avg. num of "Cartesian" feat in tree: 3,50 (stdev 0,92) avg. sum of (only Cartesian) constructs (in tree): 7,00 (stdev 1,84)
Avg. ruleset size: 11,30 (stdev 1,90) avg. number of terms of construct in Furia feat.: 31,00 (stdev 6,62) avg. number of terms in constructs per ruleset: 2,72 (stdev 0,19)
-----ACC-----
Avg. class. ACC J48 	82,89 (stdev 10,37)
Avg. class. ACC NB 	74,29 (stdev 10,58)
Avg. class. ACC SMO 	80,18 (stdev 9,41)
Avg. class. ACC SMO 	81,98 (stdev 9,38)
Avg. class. ACC IB 	80,65 (stdev 8,21)
Avg. class. ACC FU 	82,89 (stdev 10,53)
Avg. class. ACC RF 	85,18 (stdev 8,36)
-----Learning and testing time-----
Avg. learning time from FC (all feat), for J48 	2,70 [ms] (stdev 1,79)
Avg. learning time from FC (all feat), for NB 	0,40 [ms] (stdev 0,66)
Avg. learning time from FC (all feat), for SMO 	13,70 [ms] (stdev 6,07)
Avg. learning time from FC (all feat), for SMO 	11,90 [ms] (stdev 1,64)
Avg. learning time from FC (all feat), for IB 	1,50 [ms] (stdev 0,67)
Avg. learning time from FC (all feat), for FU 	33,50 [ms] (stdev 5,22)
Avg. learning time from FC (all feat), for RF 	15,00 [ms] (stdev 7,35)
-----Feature construction time-----
Avg. FC time (all feat): 10,10 [ms] stdev 3,81
*********************************************************************************
Only Furia and THR feat
*********************************************************************************
Number of FURIA feat: 73,10 (stdev 11,44) number of thr. feat: 62,10 (stdev 10,46)
Avg. tree size (nodes+leaves): 15,10 (stdev 1,70) avg. number of leaves: 8,20 (stdev 1,17) avg. sum of constructs: 19,90 (stdev 2,74) avg. sum of constructs / num of nodes: 2,88 (stdev 0,21)
Avg. num of FURIA feat. in tree: 6,70 (stdev 0,64) avg. sum of terms in constructs (Furia feat) in tree: 19,40 (stdev 2,97) avg. num of THR feat. in tree: 0,10 (stdev 0,30) avg. sum of terms in constructs (THR feat) in tree: 0,40 (stdev 1,20)
Avg. ruleset size: 10,80 (stdev 1,60) avg. number of terms of construct in Furia feat.: 46,50 (stdev 5,37) avg. number of terms in constructs per ruleset: 4,35 (stdev 0,45)
-----ACC-----
Avg. class. ACC J48 	79,74 (stdev 9,66)
Avg. class. ACC NB 	81,05 (stdev 11,17)
Avg. class. ACC SMO 	83,34 (stdev 11,14)
Avg. class. ACC SMO 	84,23 (stdev 11,16)
Avg. class. ACC IB 	83,79 (stdev 9,99)
Avg. class. ACC FU 	85,06 (stdev 9,81)
Avg. class. ACC RF 	84,23 (stdev 10,59)
-----Learning and testing time-----
Avg. learning time from FC(only Furia and THR feat) J48 5,30 [ms] (stdev 2,28)
Avg. learning time from FC(only Furia and THR feat) NB 1,30 [ms] (stdev 0,78)
Avg. learning time from FC(only Furia and THR feat) SMO 12,30 [ms] (stdev 3,00)
Avg. learning time from FC(only Furia and THR feat) SMO 17,10 [ms] (stdev 2,55)
Avg. learning time from FC(only Furia and THR feat) IB 5,50 [ms] (stdev 1,63)
Avg. learning time from FC(only Furia and THR feat) FU 40,60 [ms] (stdev 7,19)
Avg. learning time from FC(only Furia and THR feat) RF 12,60 [ms] (stdev 3,80)
-----Feature construction time-----
Avg. FC time (only Furia and THR feat): 866,10 [ms] stdev 204,24
*********************************************************************************
All features dataset
*********************************************************************************
Avg. number of groups for feature construction: 37,50 (stdev 5,00)
Avg. size of groups (num. of candidate attr.) per folds (unm of attr. in all groups):: 151,90 (stdev 25,00)
Avg. size of groups (num. of candidate attr.) per groups per folds (avg. of avg.): 4,04 (stdev 0,16)
Max avg. group (length) of constructs (num of attr.): 7,20 (stdev 0,75)
Number of logical feat: 521,50 (stdev 142,59) number of numerical feat: 200,00 (stdev 24,80) number of relational feat: 43,30 (stdev 5,71) number of "Cartesian" feat: 36,90 (stdev 4,48) number of FURIA feat: 73,10 (stdev 11,44) number of thr. feat: 62,10 (stdev 10,46)
Avg. tree size (nodes+leaves): 14,50 (stdev 3,26) avg. number of leaves: 7,80 (stdev 1,66) avg. sum of constructs: 13,80 (stdev 3,49) avg. sum of constructs / num of nodes: 2,06 (stdev 0,15)
Avg. num of logical feat in tree: 1,50 (stdev 0,67) avg. sum of (only logical) constructs: 3,00 (stdev 1,34) avg. num of numerical feat in tree: 3,20 (stdev 0,98) avg. sum of (only numerical) constructs: 6,40 (stdev 1,96) avg. num of relational feat in tree: 0,20 (stdev 0,40) avg. sum of (only relational) constructs: 0,40 (stdev 0,80) avg. num of "Cartesian" feat in tree: 0,00 (stdev 0,00) avg. sum of (Cartesian) constructs (in tree): 0,00 (stdev 0,00) avg. num of FURIA feat. in tree: 1,60 (stdev 0,92) avg. sum of terms in constructs (Furia feat) in tree: 3,70 (stdev 2,69) avg. num of THR feat. in tree: 0,10 (stdev 0,30) avg. sum of terms in constructs (THR feat) in tree: 0,20 (stdev 0,60)
Avg. ruleset size: 6,90 (stdev 0,94) avg. number of terms of construct in Furia feat.: 28,60 (stdev 4,67) avg. number of terms in constructs per ruleset: 4,14 (stdev 0,36)
Mean unimp. OR feat.: 0,00 (stdev 0,00) mean unimp. EQU feat.: 0,00 (stdev 0,00) mean unimp. XOR feat.: 0,00 (stdev 0,00) mean unimp. IMPL feat.: 0,00 (stdev 0,00) mean unimp. AND feat.: 0,00 (stdev 0,00) mean unimp. LESSTHAN feat.: 1,20 (stdev 0,60) mean unimp. DIFF feat.: 35,50 (stdev 4,18) mean unimp. "Cartesian" feat.: 3,10 (stdev 2,55)
-----ACC-----
Avg. class. ACC J48 	87,43 (stdev 7,56)
Avg. class. ACC NB 	78,40 (stdev 8,86)
Avg. class. ACC SMO 	83,79 (stdev 10,79)
Avg. class. ACC SMO 	84,27 (stdev 9,72)
Avg. class. ACC IB 	82,49 (stdev 8,23)
Avg. class. ACC FU 	91,94 (stdev 4,39)
Avg. class. ACC RF 	88,75 (stdev 8,66)
-----Learning and testing time-----
Avg. learning time from FC (all feat), for J48 	29,60 [ms] (stdev 6,67)
Avg. learning time from FC (all feat), for NB 	10,20 [ms] (stdev 2,27)
Avg. learning time from FC (all feat), for SMO 	34,20 [ms] (stdev 8,57)
Avg. learning time from FC (all feat), for SMO 	60,40 [ms] (stdev 8,69)
Avg. learning time from FC (all feat), for IB 	21,90 [ms] (stdev 4,81)
Avg. learning time from FC (all feat), for FU 	213,00 [ms] (stdev 46,00)
Avg. learning time from FC (all feat), for RF 	29,20 [ms] (stdev 6,29)
-----Feature construction time-----
Avg. FC time (all feat): 2828,60 [ms] (stdev 668,75)
*********************************************************************************
FS on validation dataset - results
*********************************************************************************
When using J48, number of logical feat: 277,80 (stdev 224,12) number of numerical feat: 132,70 (stdev 92,89) number of relational feat: 18,80 (stdev 14,91) number of "Cartesian" feat: 28,80 (stdev 11,78) number of FURIA feat: 52,20 (stdev 29,96) number of thr. feat: 47,90 (stdev 22,12)
When using NB, number of logical feat: 223,20 (stdev 200,31) number of numerical feat: 109,60 (stdev 89,49) number of relational feat: 15,30 (stdev 14,70) number of "Cartesian" feat: 26,20 (stdev 11,60) number of FURIA feat: 48,20 (stdev 31,36) number of thr. feat: 46,20 (stdev 21,48)
When using SMO, number of logical feat: 450,50 (stdev 130,20) number of numerical feat: 199,20 (stdev 24,39) number of relational feat: 29,20 (stdev 4,77) number of "Cartesian" feat: 36,90 (stdev 4,48) number of FURIA feat: 73,00 (stdev 11,46) number of thr. feat: 61,90 (stdev 10,53)
When using SMO, number of logical feat: 450,50 (stdev 130,20) number of numerical feat: 199,20 (stdev 24,39) number of relational feat: 29,20 (stdev 4,77) number of "Cartesian" feat: 36,90 (stdev 4,48) number of FURIA feat: 73,00 (stdev 11,46) number of thr. feat: 61,90 (stdev 10,53)
When using IB, number of logical feat: 316,80 (stdev 251,63) number of numerical feat: 125,30 (stdev 89,29) number of relational feat: 17,50 (stdev 13,97) number of "Cartesian" feat: 26,90 (stdev 12,70) number of FURIA feat: 50,90 (stdev 30,05) number of thr. feat: 45,70 (stdev 23,34)
When using FURIA, number of logical feat: 119,00 (stdev 161,26) number of numerical feat: 66,60 (stdev 77,00) number of relational feat: 8,60 (stdev 11,68) number of "Cartesian" feat: 18,70 (stdev 12,22) number of FURIA feat: 30,30 (stdev 27,63) number of thr. feat: 30,50 (stdev 22,23)
When using RF, number of logical feat: 352,60 (stdev 212,11) number of numerical feat: 159,50 (stdev 78,82) number of relational feat: 22,80 (stdev 12,00) number of "Cartesian" feat: 30,70 (stdev 13,34) number of FURIA feat: 60,10 (stdev 28,93) number of thr. feat: 51,60 (stdev 24,15)
Avg. tree size (nodes+leaves): 15,40 (stdev 4,05) avg. number of leaves: 8,60 (stdev 2,33) avg. sum of constructs: 13,10 (stdev 3,45) avg. sum of constructs / num of nodes: 1,94 (stdev 0,18)
Avg. num of logical feat. in tree: 1,30 (stdev 0,90) avg. sum of (only logical) constructs in tree: 2,60 (stdev 1,80) avg. num of numerical feat. in tree: 3,30 (stdev 1,19) avg. sum of (only numerical) constructs in tree: 6,60 (stdev 2,37) avg. num of relational feat. in tree: 0,10 (stdev 0,30) avg. sum of (only relational) constructs in tree: 0,20 (stdev 0,60) avg. num of Cartesian feat. in tree: 0,00 (stdev 0,00) avg. sum of constructs (of Cartesian feat) in tree: 0,00 (stdev 0,00) avg. num of FURIA feat. in tree: 0,80 (stdev 0,40) avg. sum of terms in constructs (Furia feat) in tree: 1,60 (stdev 0,80) avg. num of THR feat. in tree: 0,50 (stdev 0,67) avg. sum of terms in constructs (THR feat) in tree: 1,30 (stdev 1,73)
Avg. ruleset size: 7,10 (stdev 1,64) avg. number of terms of construct in Furia feat.: 25,00 (stdev 4,45) avg. number of terms in constructs per ruleset: 3,58 (stdev 0,50)
-----ACC-----
Avg. class. ACC J48 	86,52 (stdev 7,90)
Avg. class. ACC NB 	77,49 (stdev 9,38)
Avg. class. ACC SMO 	83,79 (stdev 10,79)
Avg. class. ACC SMO 	84,72 (stdev 9,49)
Avg. class. ACC IB 	78,44 (stdev 8,11)
Avg. class. ACC FU 	90,12 (stdev 4,89)
Avg. class. ACC RF 	87,39 (stdev 10,52)
-----Search time-----
Avg. search time J48 	20004,70 (stdev 3005,88)
Avg. search time NB 	19362,80 (stdev 2961,97)
Avg. search time SMO 	19537,90 (stdev 2867,25)
Avg. search time SMO 	19693,80 (stdev 2714,08)
Avg. search time IB 	19775,40 (stdev 2786,64)
Avg. search time FU 	19846,90 (stdev 2596,36)
Avg. search time RF 	20131,60 (stdev 1958,46)
-----Learning and testing time-----
Avg. learn time J48 	16,80 (stdev 11,31)
Avg. learn time NB 	5,10 (stdev 4,06)
Avg. learn time SMO 	29,30 (stdev 4,96)
Avg. learn time SMO 	53,00 (stdev 6,69)
Avg. learn time IB 	12,50 (stdev 8,32)
Avg. learn time FU 	74,30 (stdev 65,91)
Avg. learn time RF 	23,10 (stdev 5,89)
~~~~~~~~~~~~~~~~~~~~~~~~~~~~~~~~~~~~~~~~~~~~~~~~~~~~~~~~~~~~~~~~~~~~~~~~~~~~~~~~
Total processing time (credit_score.arff): 1920784
~~~~~~~~~~~~~~~~~~~~~~~~~~~~~~~~~~~~~~~~~~~~~~~~~~~~~~~~~~~~~~~~~~~~~~~~~~~~~~~~
