dataset: Monks2.arff
Number of folds for testing (CV): 10
*********************************************************************************
number of instances: 432
number of attributes: 6
number of classes: 2
---------------------------------------------------------------------------------
Alg. for searching concepts: TreeSHAP (XGBOOST) parameters: numOfRounds->100 maxDepth->3 eta->0.3 gamma->1.0
Explaining class: 1 explaining whole dataset: NO
---------------------------------------------------------------------------------
Testing method: CV, number of folds: 10
Feature selection on validation dataset. Percentage of split (subTrain:validation) 75%:25%
---------------------------------------------------------------------------------
Avg. explanation time: 4,00 [ms] (stdev 0,77)
Avg. number of instances that we explain: 127,80 (stdev 0,40)
---------------------------------------------------------------------------------
Internal (during building) accuracy of explanation model: 96,45 (stdev 1,58) ACC on the test dataset: 87,30 (stdev 5,11)
---------------------------------------------------------------------------------
Avg. model building time: 40,30 [ms] (stdev 11,38)
---------------------------------------------------------------------------------
Feature types included in construction: logical operators based, decision rule, threshold, relational, Cartesian product, 
*********************************************************************************
Original dataset
*********************************************************************************
Avg. tree size: 1,00 (stdev 0,00) avg. number of leaves: 1,00 (stdev 0,00) avg. number of nodes: 0,00 (stdev 0,00)
Avg. ruleset size: 17,10 (stdev 6,36) avg. number of attributes in rules: 49,70 (stdev 25,41) avg. number of attributes per rule: 2,76 (stdev 0,39)
-----ACC-----
Avg. class. ACC J48 	67,14 (stdev 0,61)
Avg. class. ACC NB 	66,44 (stdev 1,47)
Avg. class. ACC SMO 	67,14 (stdev 0,61)
Avg. class. ACC SMO 	67,14 (stdev 0,61)
Avg. class. ACC IB 	62,97 (stdev 1,58)
Avg. class. ACC FU 	66,21 (stdev 1,81)
Avg. class. ACC RF 	38,64 (stdev 5,36)
-----Learning and testing time-----
Avg. learning time J48 	2,80 [ms] (stdev 8,40 [ms])
Avg. learning time NB 	0,20 [ms] (stdev 0,60 [ms])
Avg. learning time SMO 	11,50 [ms] (stdev 17,52 [ms])
Avg. learning time SMO 	38,30 [ms] (stdev 16,43 [ms])
Avg. learning time IB 	3,10 [ms] (stdev 6,30 [ms])
Avg. learning time FU 	76,30 [ms] (stdev 37,53 [ms])
Avg. learning time RF 	26,50 [ms] (stdev 29,87 [ms])
*********************************************************************************
Only Logical features
*********************************************************************************
Number of logical feat: 270,00 (stdev 0,00)
Avg. tree size (nodes+leaves): 43,40 (stdev 2,80) avg. number of leaves: 22,20 (stdev 1,40) avg. sum of constructs: 41,00 (stdev 2,57) avg. sum of constructs / num of nodes: 1,93 (stdev 0,04)
Avg. num of logical feat in tree: 19,80 (stdev 1,33) avg. sum of (logical) constructs: 39,60 (stdev 2,65)
Avg. ruleset size: 15,50 (stdev 1,28) avg. number of terms of construct in Furia feat.: 101,90 (stdev 10,09) avg. number of terms in constructs per ruleset: 6,57 (stdev 0,20)
-----ACC-----
Avg. class. ACC J48 	99,08 (stdev 1,13)
Avg. class. ACC NB 	53,93 (stdev 6,52)
Avg. class. ACC SMO 	100,00 (stdev 0,00)
Avg. class. ACC SMO 	67,14 (stdev 0,61)
Avg. class. ACC IB 	62,28 (stdev 2,71)
Avg. class. ACC FU 	97,68 (stdev 2,08)
Avg. class. ACC RF 	88,45 (stdev 4,04)
-----Learning and testing time-----
Avg. learning time from FC (all feat), for J48 	12,80 [ms] (stdev 10,77)
Avg. learning time from FC (all feat), for NB 	3,80 [ms] (stdev 4,09)
Avg. learning time from FC (all feat), for SMO 	71,80 [ms] (stdev 12,80)
Avg. learning time from FC (all feat), for SMO 	74,30 [ms] (stdev 13,78)
Avg. learning time from FC (all feat), for IB 	43,40 [ms] (stdev 8,19)
Avg. learning time from FC (all feat), for FU 	133,60 [ms] (stdev 39,19)
Avg. learning time from FC (all feat), for RF 	45,40 [ms] (stdev 22,59)
-----Feature construction time-----
Avg. FC time (all feat): 303,80 [ms] stdev 88,54
*********************************************************************************
Relational features
*********************************************************************************
Number of relational feat: 0,00 (stdev 0,00)
Avg. tree size (nodes+leaves): 1,00 (stdev 0,00) avg. number of leaves: 1,00 (stdev 0,00) avg. sum of constructs: 0,00 (stdev 0,00) avg. sum of constructs / num of nodes: 0,00 (stdev 0,00)
Avg. num of relational feat in tree: 0,00 (stdev 0,00) avg. sum of (only Cartesian) constructs (in tree): 0,00 (stdev 0,00)
Avg. ruleset size: 17,10 (stdev 6,36) avg. number of terms of construct in Furia feat.: 49,70 (stdev 25,41) avg. number of terms in constructs per ruleset: 2,76 (stdev 0,39)
-----ACC-----
Avg. class. ACC J48 	67,14 (stdev 0,61)
Avg. class. ACC NB 	66,44 (stdev 1,47)
Avg. class. ACC SMO 	67,14 (stdev 0,61)
Avg. class. ACC SMO 	67,14 (stdev 0,61)
Avg. class. ACC IB 	62,97 (stdev 1,58)
Avg. class. ACC FU 	66,21 (stdev 1,81)
Avg. class. ACC RF 	38,64 (stdev 5,36)
-----Learning and testing time-----
Avg. learning time from FC (all feat), for J48 	0,30 [ms] (stdev 0,90)
Avg. learning time from FC (all feat), for NB 	0,00 [ms] (stdev 0,00)
Avg. learning time from FC (all feat), for SMO 	6,40 [ms] (stdev 1,36)
Avg. learning time from FC (all feat), for SMO 	33,00 [ms] (stdev 4,63)
Avg. learning time from FC (all feat), for IB 	1,40 [ms] (stdev 1,20)
Avg. learning time from FC (all feat), for FU 	68,20 [ms] (stdev 11,10)
Avg. learning time from FC (all feat), for RF 	18,60 [ms] (stdev 5,78)
-----Feature construction time-----
Avg. FC time (all feat): 0,00 [ms] stdev 0,00
*********************************************************************************
Cartesian product
*********************************************************************************
Number of "Cartesian" feat: 15,00 (stdev 0,00)
Avg. tree size (nodes+leaves): 1,00 (stdev 0,00) avg. number of leaves: 1,00 (stdev 0,00) avg. sum of constructs: 0,00 (stdev 0,00) avg. sum of constructs / num of nodes: 0,00 (stdev 0,00)
Avg. num of "Cartesian" feat in tree: 0,00 (stdev 0,00) avg. sum of (only Cartesian) constructs (in tree): 0,00 (stdev 0,00)
Avg. ruleset size: 15,40 (stdev 6,74) avg. number of terms of construct in Furia feat.: 51,40 (stdev 26,91) avg. number of terms in constructs per ruleset: 3,21 (stdev 0,30)
-----ACC-----
Avg. class. ACC J48 	67,14 (stdev 0,61)
Avg. class. ACC NB 	51,40 (stdev 7,13)
Avg. class. ACC SMO 	100,00 (stdev 0,00)
Avg. class. ACC SMO 	67,14 (stdev 0,61)
Avg. class. ACC IB 	62,97 (stdev 1,58)
Avg. class. ACC FU 	66,67 (stdev 1,43)
Avg. class. ACC RF 	38,87 (stdev 3,53)
-----Learning and testing time-----
Avg. learning time from FC (all feat), for J48 	0,70 [ms] (stdev 0,46)
Avg. learning time from FC (all feat), for NB 	0,10 [ms] (stdev 0,30)
Avg. learning time from FC (all feat), for SMO 	67,80 [ms] (stdev 11,86)
Avg. learning time from FC (all feat), for SMO 	59,80 [ms] (stdev 16,78)
Avg. learning time from FC (all feat), for IB 	3,40 [ms] (stdev 0,49)
Avg. learning time from FC (all feat), for FU 	37,30 [ms] (stdev 6,23)
Avg. learning time from FC (all feat), for RF 	22,40 [ms] (stdev 5,41)
-----Feature construction time-----
Avg. FC time (all feat): 3,60 [ms] stdev 1,11
*********************************************************************************
Only Furia and THR feat
*********************************************************************************
Number of FURIA feat: 0,00 (stdev 0,00) number of thr. feat: 0,00 (stdev 0,00)
Avg. tree size (nodes+leaves): 1,00 (stdev 0,00) avg. number of leaves: 1,00 (stdev 0,00) avg. sum of constructs: 0,00 (stdev 0,00) avg. sum of constructs / num of nodes: 0,00 (stdev 0,00)
Avg. num of FURIA feat. in tree: 0,00 (stdev 0,00) avg. sum of terms in constructs (Furia feat) in tree: 0,00 (stdev 0,00) avg. num of THR feat. in tree: 0,00 (stdev 0,00) avg. sum of terms in constructs (THR feat) in tree: 0,00 (stdev 0,00)
Avg. ruleset size: 17,10 (stdev 6,36) avg. number of terms of construct in Furia feat.: 49,70 (stdev 25,41) avg. number of terms in constructs per ruleset: 2,76 (stdev 0,39)
-----ACC-----
Avg. class. ACC J48 	67,14 (stdev 0,61)
Avg. class. ACC NB 	66,44 (stdev 1,47)
Avg. class. ACC SMO 	67,14 (stdev 0,61)
Avg. class. ACC SMO 	67,14 (stdev 0,61)
Avg. class. ACC IB 	62,97 (stdev 1,58)
Avg. class. ACC FU 	66,21 (stdev 1,81)
Avg. class. ACC RF 	38,64 (stdev 5,36)
-----Learning and testing time-----
Avg. learning time from FC(only Furia and THR feat) J48 0,10 [ms] (stdev 0,30)
Avg. learning time from FC(only Furia and THR feat) NB 0,00 [ms] (stdev 0,00)
Avg. learning time from FC(only Furia and THR feat) SMO 6,60 [ms] (stdev 2,50)
Avg. learning time from FC(only Furia and THR feat) SMO 32,20 [ms] (stdev 4,77)
Avg. learning time from FC(only Furia and THR feat) IB 1,30 [ms] (stdev 0,64)
Avg. learning time from FC(only Furia and THR feat) FU 70,80 [ms] (stdev 15,72)
Avg. learning time from FC(only Furia and THR feat) RF 18,80 [ms] (stdev 5,98)
-----Feature construction time-----
Avg. FC time (only Furia and THR feat): 613,80 [ms] stdev 71,81
*********************************************************************************
All features dataset
*********************************************************************************
Avg. number of groups for feature construction: 43,70 (stdev 3,63)
Avg. size of groups (num. of candidate attr.) per folds (unm of attr. in all groups):: 142,90 (stdev 12,25)
Avg. size of groups (num. of candidate attr.) per groups per folds (avg. of avg.): 3,27 (stdev 0,07)
Max avg. group (length) of constructs (num of attr.): 5,00 (stdev 0,00)
Number of logical feat: 270,00 (stdev 0,00) number of relational feat: 0,00 (stdev 0,00) number of "Cartesian" feat: 15,00 (stdev 0,00) number of FURIA feat: 0,00 (stdev 0,00) number of thr. feat: 0,00 (stdev 0,00)
Avg. tree size (nodes+leaves): 44,40 (stdev 2,84) avg. number of leaves: 23,00 (stdev 2,05) avg. sum of constructs: 41,40 (stdev 2,20) avg. sum of constructs / num of nodes: 1,94 (stdev 0,04)
Avg. num of logical feat in tree: 19,90 (stdev 1,22) avg. sum of (only logical) constructs: 39,80 (stdev 2,44) avg. num of relational feat in tree: 0,00 (stdev 0,00) avg. sum of (only relational) constructs: 0,00 (stdev 0,00) avg. num of "Cartesian" feat in tree: 0,10 (stdev 0,30) avg. sum of (Cartesian) constructs (in tree): 0,20 (stdev 0,60) avg. num of FURIA feat. in tree: 0,00 (stdev 0,00) avg. sum of terms in constructs (Furia feat) in tree: 0,00 (stdev 0,00) avg. num of THR feat. in tree: 0,00 (stdev 0,00) avg. sum of terms in constructs (THR feat) in tree: 0,00 (stdev 0,00)
Avg. ruleset size: 15,90 (stdev 1,30) avg. number of terms of construct in Furia feat.: 99,30 (stdev 7,94) avg. number of terms in constructs per ruleset: 6,25 (stdev 0,16)
Mean unimp. OR feat.: 0,00 (stdev 0,00) mean unimp. EQU feat.: 0,00 (stdev 0,00) mean unimp. XOR feat.: 0,00 (stdev 0,00) mean unimp. IMPL feat.: 0,00 (stdev 0,00) mean unimp. AND feat.: 0,00 (stdev 0,00) mean unimp. LESSTHAN feat.: 0,00 (stdev 0,00) mean unimp. DIFF feat.: 0,00 (stdev 0,00) mean unimp. "Cartesian" feat.: 0,00 (stdev 0,00)
-----ACC-----
Avg. class. ACC J48 	99,08 (stdev 1,13)
Avg. class. ACC NB 	55,78 (stdev 5,20)
Avg. class. ACC SMO 	100,00 (stdev 0,00)
Avg. class. ACC SMO 	67,14 (stdev 0,61)
Avg. class. ACC IB 	62,28 (stdev 2,71)
Avg. class. ACC FU 	98,14 (stdev 1,74)
Avg. class. ACC RF 	77,80 (stdev 5,86)
-----Learning and testing time-----
Avg. learning time from FC (all feat), for J48 	9,10 [ms] (stdev 1,97)
Avg. learning time from FC (all feat), for NB 	2,60 [ms] (stdev 0,66)
Avg. learning time from FC (all feat), for SMO 	74,10 [ms] (stdev 9,39)
Avg. learning time from FC (all feat), for SMO 	83,50 [ms] (stdev 9,73)
Avg. learning time from FC (all feat), for IB 	42,10 [ms] (stdev 4,35)
Avg. learning time from FC (all feat), for FU 	133,30 [ms] (stdev 38,26)
Avg. learning time from FC (all feat), for RF 	38,30 [ms] (stdev 3,10)
-----Feature construction time-----
Avg. FC time (all feat): 921,20 [ms] (stdev 142,33)
*********************************************************************************
FS on validation dataset - results
*********************************************************************************
When using J48, number of logical feat: 25,90 (stdev 2,91) number of relational feat: 0,00 (stdev 0,00) number of "Cartesian" feat: 0,60 (stdev 0,49) number of FURIA feat: 0,00 (stdev 0,00) number of thr. feat: 0,00 (stdev 0,00)
When using NB, number of logical feat: 2,70 (stdev 8,10) number of relational feat: 0,00 (stdev 0,00) number of "Cartesian" feat: 0,10 (stdev 0,30) number of FURIA feat: 0,00 (stdev 0,00) number of thr. feat: 0,00 (stdev 0,00)
When using SMO, number of logical feat: 9,70 (stdev 11,98) number of relational feat: 0,00 (stdev 0,00) number of "Cartesian" feat: 0,40 (stdev 0,49) number of FURIA feat: 0,00 (stdev 0,00) number of thr. feat: 0,00 (stdev 0,00)
When using SMO, number of logical feat: 10,00 (stdev 12,47) number of relational feat: 0,00 (stdev 0,00) number of "Cartesian" feat: 0,10 (stdev 0,30) number of FURIA feat: 0,00 (stdev 0,00) number of thr. feat: 0,00 (stdev 0,00)
When using IB, number of logical feat: 15,50 (stdev 12,82) number of relational feat: 0,00 (stdev 0,00) number of "Cartesian" feat: 0,30 (stdev 0,46) number of FURIA feat: 0,00 (stdev 0,00) number of thr. feat: 0,00 (stdev 0,00)
When using FURIA, number of logical feat: 25,90 (stdev 2,91) number of relational feat: 0,00 (stdev 0,00) number of "Cartesian" feat: 0,60 (stdev 0,49) number of FURIA feat: 0,00 (stdev 0,00) number of thr. feat: 0,00 (stdev 0,00)
When using RF, number of logical feat: 25,90 (stdev 2,91) number of relational feat: 0,00 (stdev 0,00) number of "Cartesian" feat: 0,60 (stdev 0,49) number of FURIA feat: 0,00 (stdev 0,00) number of thr. feat: 0,00 (stdev 0,00)
Avg. tree size (nodes+leaves): 62,30 (stdev 7,34) avg. number of leaves: 36,00 (stdev 4,49) avg. sum of constructs: 45,10 (stdev 7,88) avg. sum of constructs / num of nodes: 1,71 (stdev 0,08)
Avg. num of logical feat. in tree: 18,80 (stdev 4,33) avg. sum of (only logical) constructs in tree: 37,60 (stdev 8,66) avg. num of relational feat. in tree: 0,00 (stdev 0,00) avg. sum of (only relational) constructs in tree: 0,00 (stdev 0,00) avg. num of Cartesian feat. in tree: 0,00 (stdev 0,00) avg. sum of constructs (of Cartesian feat) in tree: 0,00 (stdev 0,00) avg. num of FURIA feat. in tree: 0,00 (stdev 0,00) avg. sum of terms in constructs (Furia feat) in tree: 0,00 (stdev 0,00) avg. num of THR feat. in tree: 0,00 (stdev 0,00) avg. sum of terms in constructs (THR feat) in tree: 0,00 (stdev 0,00)
Avg. ruleset size: 32,30 (stdev 2,69) avg. number of terms of construct in Furia feat.: 217,50 (stdev 20,57) avg. number of terms in constructs per ruleset: 6,73 (stdev 0,17)
-----ACC-----
Avg. class. ACC J48 	97,46 (stdev 2,16)
Avg. class. ACC NB 	65,76 (stdev 2,66)
Avg. class. ACC SMO 	68,08 (stdev 4,51)
Avg. class. ACC SMO 	67,14 (stdev 0,61)
Avg. class. ACC IB 	73,18 (stdev 9,14)
Avg. class. ACC FU 	93,76 (stdev 4,34)
Avg. class. ACC RF 	95,15 (stdev 3,74)
-----Search time-----
Avg. search time J48 	110,70 (stdev 29,13)
Avg. search time NB 	116,70 (stdev 7,84)
Avg. search time SMO 	163,00 (stdev 59,12)
Avg. search time SMO 	164,80 (stdev 11,46)
Avg. search time IB 	112,20 (stdev 5,96)
Avg. search time FU 	204,90 (stdev 14,74)
Avg. search time RF 	148,30 (stdev 9,83)
-----Learning and testing time-----
Avg. learn time J48 	1,30 (stdev 0,46)
Avg. learn time NB 	0,00 (stdev 0,00)
Avg. learn time SMO 	15,30 (stdev 10,49)
Avg. learn time SMO 	30,40 (stdev 3,80)
Avg. learn time IB 	2,80 (stdev 1,47)
Avg. learn time FU 	81,10 (stdev 12,75)
Avg. learn time RF 	16,70 (stdev 1,73)
~~~~~~~~~~~~~~~~~~~~~~~~~~~~~~~~~~~~~~~~~~~~~~~~~~~~~~~~~~~~~~~~~~~~~~~~~~~~~~~~
Total processing time (Monks2.arff): 47046
~~~~~~~~~~~~~~~~~~~~~~~~~~~~~~~~~~~~~~~~~~~~~~~~~~~~~~~~~~~~~~~~~~~~~~~~~~~~~~~~
dataset: Spect heart.arff
Number of folds for testing (CV): 10
*********************************************************************************
number of instances: 267
number of attributes: 22
number of classes: 2
---------------------------------------------------------------------------------
Alg. for searching concepts: TreeSHAP (XGBOOST) parameters: numOfRounds->100 maxDepth->3 eta->0.3 gamma->1.0
Explaining class: 0 explaining whole dataset: NO
---------------------------------------------------------------------------------
Testing method: CV, number of folds: 10
Feature selection on validation dataset. Percentage of split (subTrain:validation) 75%:25%
---------------------------------------------------------------------------------
Avg. explanation time: 1,30 [ms] (stdev 0,46)
Avg. number of instances that we explain: 49,50 (stdev 0,50)
---------------------------------------------------------------------------------
Internal (during building) accuracy of explanation model: 86,85 (stdev 0,72) ACC on the test dataset: 83,92 (stdev 4,00)
---------------------------------------------------------------------------------
Avg. model building time: 27,90 [ms] (stdev 2,02)
---------------------------------------------------------------------------------
Feature types included in construction: logical operators based, decision rule, threshold, relational, Cartesian product, 
*********************************************************************************
Original dataset
*********************************************************************************
Avg. tree size: 15,80 (stdev 3,92) avg. number of leaves: 8,40 (stdev 1,96) avg. number of nodes: 7,40 (stdev 1,96)
Avg. ruleset size: 7,10 (stdev 1,58) avg. number of attributes in rules: 14,50 (stdev 4,36) avg. number of attributes per rule: 2,02 (stdev 0,24)
-----ACC-----
Avg. class. ACC J48 	80,91 (stdev 5,31)
Avg. class. ACC NB 	78,96 (stdev 8,71)
Avg. class. ACC SMO 	81,28 (stdev 5,21)
Avg. class. ACC SMO 	79,42 (stdev 1,66)
Avg. class. ACC IB 	80,11 (stdev 5,90)
Avg. class. ACC FU 	79,05 (stdev 5,97)
Avg. class. ACC RF 	81,31 (stdev 6,37)
-----Learning and testing time-----
Avg. learning time J48 	0,50 [ms] (stdev 0,50 [ms])
Avg. learning time NB 	0,00 [ms] (stdev 0,00 [ms])
Avg. learning time SMO 	5,80 [ms] (stdev 3,66 [ms])
Avg. learning time SMO 	8,20 [ms] (stdev 1,60 [ms])
Avg. learning time IB 	1,20 [ms] (stdev 0,60 [ms])
Avg. learning time FU 	10,90 [ms] (stdev 1,92 [ms])
Avg. learning time RF 	11,60 [ms] (stdev 1,50 [ms])
*********************************************************************************
Only Logical features
*********************************************************************************
Number of logical feat: 197,10 (stdev 54,89)
Avg. tree size (nodes+leaves): 13,60 (stdev 2,37) avg. number of leaves: 7,30 (stdev 1,19) avg. sum of constructs: 9,90 (stdev 2,17) avg. sum of constructs / num of nodes: 1,57 (stdev 0,17)
Avg. num of logical feat in tree: 3,60 (stdev 1,28) avg. sum of (logical) constructs: 7,20 (stdev 2,56)
Avg. ruleset size: 4,80 (stdev 0,75) avg. number of terms of construct in Furia feat.: 14,00 (stdev 3,00) avg. number of terms in constructs per ruleset: 2,90 (stdev 0,35)
-----ACC-----
Avg. class. ACC J48 	82,42 (stdev 5,19)
Avg. class. ACC NB 	79,39 (stdev 7,49)
Avg. class. ACC SMO 	81,28 (stdev 6,54)
Avg. class. ACC SMO 	83,16 (stdev 3,75)
Avg. class. ACC IB 	79,40 (stdev 6,77)
Avg. class. ACC FU 	79,79 (stdev 7,09)
Avg. class. ACC RF 	80,17 (stdev 4,99)
-----Learning and testing time-----
Avg. learning time from FC (all feat), for J48 	5,20 [ms] (stdev 2,09)
Avg. learning time from FC (all feat), for NB 	0,90 [ms] (stdev 0,30)
Avg. learning time from FC (all feat), for SMO 	39,10 [ms] (stdev 9,48)
Avg. learning time from FC (all feat), for SMO 	18,40 [ms] (stdev 3,67)
Avg. learning time from FC (all feat), for IB 	13,50 [ms] (stdev 4,01)
Avg. learning time from FC (all feat), for FU 	63,80 [ms] (stdev 17,66)
Avg. learning time from FC (all feat), for RF 	29,60 [ms] (stdev 4,86)
-----Feature construction time-----
Avg. FC time (all feat): 201,30 [ms] stdev 49,54
*********************************************************************************
Relational features
*********************************************************************************
Number of relational feat: 0,00 (stdev 0,00)
Avg. tree size (nodes+leaves): 15,80 (stdev 3,92) avg. number of leaves: 8,40 (stdev 1,96) avg. sum of constructs: 7,40 (stdev 1,96) avg. sum of constructs / num of nodes: 1,00 (stdev 0,00)
Avg. num of relational feat in tree: 0,00 (stdev 0,00) avg. sum of (only Cartesian) constructs (in tree): 0,00 (stdev 0,00)
Avg. ruleset size: 7,10 (stdev 1,58) avg. number of terms of construct in Furia feat.: 14,50 (stdev 4,36) avg. number of terms in constructs per ruleset: 2,02 (stdev 0,24)
-----ACC-----
Avg. class. ACC J48 	80,91 (stdev 5,31)
Avg. class. ACC NB 	78,96 (stdev 8,71)
Avg. class. ACC SMO 	81,28 (stdev 5,21)
Avg. class. ACC SMO 	79,42 (stdev 1,66)
Avg. class. ACC IB 	80,11 (stdev 5,90)
Avg. class. ACC FU 	79,05 (stdev 5,97)
Avg. class. ACC RF 	81,31 (stdev 6,37)
-----Learning and testing time-----
Avg. learning time from FC (all feat), for J48 	0,50 [ms] (stdev 0,50)
Avg. learning time from FC (all feat), for NB 	0,00 [ms] (stdev 0,00)
Avg. learning time from FC (all feat), for SMO 	5,60 [ms] (stdev 2,62)
Avg. learning time from FC (all feat), for SMO 	8,30 [ms] (stdev 1,35)
Avg. learning time from FC (all feat), for IB 	1,10 [ms] (stdev 0,30)
Avg. learning time from FC (all feat), for FU 	10,60 [ms] (stdev 1,69)
Avg. learning time from FC (all feat), for RF 	11,10 [ms] (stdev 0,83)
-----Feature construction time-----
Avg. FC time (all feat): 0,00 [ms] stdev 0,00
*********************************************************************************
Cartesian product
*********************************************************************************
Number of "Cartesian" feat: 65,70 (stdev 18,30)
Avg. tree size (nodes+leaves): 16,00 (stdev 3,00) avg. number of leaves: 10,90 (stdev 1,97) avg. sum of constructs: 7,50 (stdev 1,50) avg. sum of constructs / num of nodes: 1,49 (stdev 0,15)
Avg. num of "Cartesian" feat in tree: 2,40 (stdev 0,66) avg. sum of (only Cartesian) constructs (in tree): 4,80 (stdev 1,33)
Avg. ruleset size: 6,90 (stdev 1,04) avg. number of terms of construct in Furia feat.: 18,00 (stdev 4,07) avg. number of terms in constructs per ruleset: 2,59 (stdev 0,37)
-----ACC-----
Avg. class. ACC J48 	80,56 (stdev 6,09)
Avg. class. ACC NB 	74,89 (stdev 8,70)
Avg. class. ACC SMO 	80,90 (stdev 4,88)
Avg. class. ACC SMO 	82,42 (stdev 4,00)
Avg. class. ACC IB 	81,97 (stdev 6,15)
Avg. class. ACC FU 	79,03 (stdev 4,09)
Avg. class. ACC RF 	79,79 (stdev 5,57)
-----Learning and testing time-----
Avg. learning time from FC (all feat), for J48 	1,70 [ms] (stdev 0,78)
Avg. learning time from FC (all feat), for NB 	0,00 [ms] (stdev 0,00)
Avg. learning time from FC (all feat), for SMO 	36,10 [ms] (stdev 17,17)
Avg. learning time from FC (all feat), for SMO 	19,70 [ms] (stdev 3,23)
Avg. learning time from FC (all feat), for IB 	4,40 [ms] (stdev 0,92)
Avg. learning time from FC (all feat), for FU 	27,60 [ms] (stdev 5,92)
Avg. learning time from FC (all feat), for RF 	17,00 [ms] (stdev 1,95)
-----Feature construction time-----
Avg. FC time (all feat): 12,00 [ms] stdev 5,57
*********************************************************************************
Only Furia and THR feat
*********************************************************************************
Number of FURIA feat: 0,00 (stdev 0,00) number of thr. feat: 0,00 (stdev 0,00)
Avg. tree size (nodes+leaves): 15,80 (stdev 3,92) avg. number of leaves: 8,40 (stdev 1,96) avg. sum of constructs: 7,40 (stdev 1,96) avg. sum of constructs / num of nodes: 1,00 (stdev 0,00)
Avg. num of FURIA feat. in tree: 0,00 (stdev 0,00) avg. sum of terms in constructs (Furia feat) in tree: 0,00 (stdev 0,00) avg. num of THR feat. in tree: 0,00 (stdev 0,00) avg. sum of terms in constructs (THR feat) in tree: 0,00 (stdev 0,00)
Avg. ruleset size: 7,10 (stdev 1,58) avg. number of terms of construct in Furia feat.: 14,50 (stdev 4,36) avg. number of terms in constructs per ruleset: 2,02 (stdev 0,24)
-----ACC-----
Avg. class. ACC J48 	80,91 (stdev 5,31)
Avg. class. ACC NB 	78,96 (stdev 8,71)
Avg. class. ACC SMO 	81,28 (stdev 5,21)
Avg. class. ACC SMO 	79,42 (stdev 1,66)
Avg. class. ACC IB 	80,11 (stdev 5,90)
Avg. class. ACC FU 	79,05 (stdev 5,97)
Avg. class. ACC RF 	81,31 (stdev 6,37)
-----Learning and testing time-----
Avg. learning time from FC(only Furia and THR feat) J48 0,20 [ms] (stdev 0,40)
Avg. learning time from FC(only Furia and THR feat) NB 0,00 [ms] (stdev 0,00)
Avg. learning time from FC(only Furia and THR feat) SMO 5,00 [ms] (stdev 2,24)
Avg. learning time from FC(only Furia and THR feat) SMO 7,80 [ms] (stdev 0,87)
Avg. learning time from FC(only Furia and THR feat) IB 1,00 [ms] (stdev 0,00)
Avg. learning time from FC(only Furia and THR feat) FU 11,90 [ms] (stdev 3,81)
Avg. learning time from FC(only Furia and THR feat) RF 13,10 [ms] (stdev 3,36)
-----Feature construction time-----
Avg. FC time (only Furia and THR feat): 237,80 [ms] stdev 142,47
*********************************************************************************
All features dataset
*********************************************************************************
Avg. number of groups for feature construction: 52,10 (stdev 25,36)
Avg. size of groups (num. of candidate attr.) per folds (unm of attr. in all groups):: 251,40 (stdev 136,23)
Avg. size of groups (num. of candidate attr.) per groups per folds (avg. of avg.): 4,67 (stdev 0,38)
Max avg. group (length) of constructs (num of attr.): 8,40 (stdev 0,80)
Number of logical feat: 197,10 (stdev 54,89) number of relational feat: 0,00 (stdev 0,00) number of "Cartesian" feat: 65,70 (stdev 18,30) number of FURIA feat: 0,00 (stdev 0,00) number of thr. feat: 0,00 (stdev 0,00)
Avg. tree size (nodes+leaves): 13,40 (stdev 2,15) avg. number of leaves: 7,20 (stdev 1,08) avg. sum of constructs: 9,80 (stdev 2,14) avg. sum of constructs / num of nodes: 1,57 (stdev 0,16)
Avg. num of logical feat in tree: 3,60 (stdev 1,28) avg. sum of (only logical) constructs: 7,20 (stdev 2,56) avg. num of relational feat in tree: 0,00 (stdev 0,00) avg. sum of (only relational) constructs: 0,00 (stdev 0,00) avg. num of "Cartesian" feat in tree: 0,00 (stdev 0,00) avg. sum of (Cartesian) constructs (in tree): 0,00 (stdev 0,00) avg. num of FURIA feat. in tree: 0,00 (stdev 0,00) avg. sum of terms in constructs (Furia feat) in tree: 0,00 (stdev 0,00) avg. num of THR feat. in tree: 0,00 (stdev 0,00) avg. sum of terms in constructs (THR feat) in tree: 0,00 (stdev 0,00)
Avg. ruleset size: 5,20 (stdev 0,75) avg. number of terms of construct in Furia feat.: 14,90 (stdev 2,12) avg. number of terms in constructs per ruleset: 2,88 (stdev 0,30)
Mean unimp. OR feat.: 0,00 (stdev 0,00) mean unimp. EQU feat.: 0,00 (stdev 0,00) mean unimp. XOR feat.: 0,00 (stdev 0,00) mean unimp. IMPL feat.: 0,00 (stdev 0,00) mean unimp. AND feat.: 0,00 (stdev 0,00) mean unimp. LESSTHAN feat.: 0,00 (stdev 0,00) mean unimp. DIFF feat.: 0,00 (stdev 0,00) mean unimp. "Cartesian" feat.: 0,00 (stdev 0,00)
-----ACC-----
Avg. class. ACC J48 	82,42 (stdev 5,19)
Avg. class. ACC NB 	77,51 (stdev 8,18)
Avg. class. ACC SMO 	80,91 (stdev 6,62)
Avg. class. ACC SMO 	83,15 (stdev 4,18)
Avg. class. ACC IB 	81,25 (stdev 6,07)
Avg. class. ACC FU 	79,81 (stdev 4,89)
Avg. class. ACC RF 	79,80 (stdev 5,54)
-----Learning and testing time-----
Avg. learning time from FC (all feat), for J48 	7,10 [ms] (stdev 2,47)
Avg. learning time from FC (all feat), for NB 	1,20 [ms] (stdev 0,60)
Avg. learning time from FC (all feat), for SMO 	43,70 [ms] (stdev 12,13)
Avg. learning time from FC (all feat), for SMO 	34,00 [ms] (stdev 9,74)
Avg. learning time from FC (all feat), for IB 	17,50 [ms] (stdev 5,59)
Avg. learning time from FC (all feat), for FU 	75,00 [ms] (stdev 20,08)
Avg. learning time from FC (all feat), for RF 	30,40 [ms] (stdev 4,15)
-----Feature construction time-----
Avg. FC time (all feat): 451,10 [ms] (stdev 190,14)
*********************************************************************************
FS on validation dataset - results
*********************************************************************************
When using J48, number of logical feat: 62,00 (stdev 70,34) number of relational feat: 0,00 (stdev 0,00) number of "Cartesian" feat: 30,50 (stdev 34,14) number of FURIA feat: 0,00 (stdev 0,00) number of thr. feat: 0,00 (stdev 0,00)
When using NB, number of logical feat: 102,70 (stdev 72,56) number of relational feat: 0,00 (stdev 0,00) number of "Cartesian" feat: 51,00 (stdev 35,77) number of FURIA feat: 0,00 (stdev 0,00) number of thr. feat: 0,00 (stdev 0,00)
When using SMO, number of logical feat: 53,50 (stdev 68,47) number of relational feat: 0,00 (stdev 0,00) number of "Cartesian" feat: 26,20 (stdev 32,80) number of FURIA feat: 0,00 (stdev 0,00) number of thr. feat: 0,00 (stdev 0,00)
When using SMO, number of logical feat: 113,60 (stdev 52,70) number of relational feat: 0,00 (stdev 0,00) number of "Cartesian" feat: 56,80 (stdev 25,39) number of FURIA feat: 0,00 (stdev 0,00) number of thr. feat: 0,00 (stdev 0,00)
When using IB, number of logical feat: 107,30 (stdev 65,71) number of relational feat: 0,00 (stdev 0,00) number of "Cartesian" feat: 53,60 (stdev 32,36) number of FURIA feat: 0,00 (stdev 0,00) number of thr. feat: 0,00 (stdev 0,00)
When using FURIA, number of logical feat: 64,10 (stdev 67,11) number of relational feat: 0,00 (stdev 0,00) number of "Cartesian" feat: 33,50 (stdev 35,01) number of FURIA feat: 0,00 (stdev 0,00) number of thr. feat: 0,00 (stdev 0,00)
When using RF, number of logical feat: 76,30 (stdev 66,55) number of relational feat: 0,00 (stdev 0,00) number of "Cartesian" feat: 39,00 (stdev 33,89) number of FURIA feat: 0,00 (stdev 0,00) number of thr. feat: 0,00 (stdev 0,00)
Avg. tree size (nodes+leaves): 14,40 (stdev 2,84) avg. number of leaves: 7,70 (stdev 1,42) avg. sum of constructs: 8,20 (stdev 2,09) avg. sum of constructs / num of nodes: 1,24 (stdev 0,25)
Avg. num of logical feat. in tree: 1,50 (stdev 1,63) avg. sum of (only logical) constructs in tree: 3,00 (stdev 3,26) avg. num of relational feat. in tree: 0,00 (stdev 0,00) avg. sum of (only relational) constructs in tree: 0,00 (stdev 0,00) avg. num of Cartesian feat. in tree: 0,00 (stdev 0,00) avg. sum of constructs (of Cartesian feat) in tree: 0,00 (stdev 0,00) avg. num of FURIA feat. in tree: 0,00 (stdev 0,00) avg. sum of terms in constructs (Furia feat) in tree: 0,00 (stdev 0,00) avg. num of THR feat. in tree: 0,00 (stdev 0,00) avg. sum of terms in constructs (THR feat) in tree: 0,00 (stdev 0,00)
Avg. ruleset size: 6,50 (stdev 1,63) avg. number of terms of construct in Furia feat.: 16,70 (stdev 4,54) avg. number of terms in constructs per ruleset: 2,63 (stdev 0,68)
-----ACC-----
Avg. class. ACC J48 	81,65 (stdev 4,80)
Avg. class. ACC NB 	77,49 (stdev 7,52)
Avg. class. ACC SMO 	80,11 (stdev 7,25)
Avg. class. ACC SMO 	82,79 (stdev 3,71)
Avg. class. ACC IB 	80,48 (stdev 6,30)
Avg. class. ACC FU 	79,42 (stdev 4,99)
Avg. class. ACC RF 	81,31 (stdev 6,37)
-----Search time-----
Avg. search time J48 	87,00 (stdev 36,53)
Avg. search time NB 	86,80 (stdev 35,58)
Avg. search time SMO 	112,20 (stdev 41,44)
Avg. search time SMO 	115,60 (stdev 42,14)
Avg. search time IB 	113,10 (stdev 36,97)
Avg. search time FU 	138,10 (stdev 51,10)
Avg. search time RF 	123,90 (stdev 36,22)
-----Learning and testing time-----
Avg. learn time J48 	2,60 (stdev 2,54)
Avg. learn time NB 	0,70 (stdev 0,64)
Avg. learn time SMO 	17,40 (stdev 13,99)
Avg. learn time SMO 	25,70 (stdev 7,47)
Avg. learn time IB 	10,30 (stdev 5,85)
Avg. learn time FU 	30,70 (stdev 21,29)
Avg. learn time RF 	19,90 (stdev 8,36)
~~~~~~~~~~~~~~~~~~~~~~~~~~~~~~~~~~~~~~~~~~~~~~~~~~~~~~~~~~~~~~~~~~~~~~~~~~~~~~~~
Total processing time (Spect heart.arff): 26396
~~~~~~~~~~~~~~~~~~~~~~~~~~~~~~~~~~~~~~~~~~~~~~~~~~~~~~~~~~~~~~~~~~~~~~~~~~~~~~~~
