dataset: rConcept.arff
Number of folds for testing (CV): 2
*********************************************************************************
number of instances: 2000
number of attributes: 6
number of classes: 1
---------------------------------------------------------------------------------
Testing method: CV, number of folds: 2
Feature selection on validation dataset. Percentage of split (subTrain:validation) 75%:25%
---------------------------------------------------------------------------------
Feature types included in construction: logical operators based, decision rule, threshold, relational, Cartesian product, numerical
*********************************************************************************
Original dataset
*********************************************************************************
-----MAE and RMSE-----
Avg. MAE M5P 	2,15 (stdev 0,09) 	Avg. RMSE M5P 	4,98 (stdev 2,18)
Avg. MAE LR 	65,24 (stdev 1,87) 	Avg. RMSE LR 	80,55 (stdev 1,85)
Avg. MAE RF 	11,12 (stdev 0,50) 	Avg. RMSE RF 	17,47 (stdev 1,83)
*********************************************************************************
Only Logical features
*********************************************************************************
Number of logical feat: 24,00 (stdev 0,00)
-----MAE and RMSE-----
Avg. MAE M5P 	6,43 (stdev 0,05) 	Avg. RMSE M5P 	11,96 (stdev 0,91)
Avg. MAE LR 	28,10 (stdev 0,95) 	Avg. RMSE LR 	34,66 (stdev 1,07)
Avg. MAE RF 	23,05 (stdev 0,37) 	Avg. RMSE RF 	30,33 (stdev 0,04)
-----Learning and testing time-----
Avg. learning time from FC (all feat), for M5P 	204,50 [ms] (stdev 37,50)
Avg. learning time from FC (all feat), for LR 	79,50 [ms] (stdev 8,50)
Avg. learning time from FC (all feat), for RF 	358,50 [ms] (stdev 55,50)
-----Feature construction time-----
Avg. FC time (only Log feat): 494,00 [ms] stdev 15,00
*********************************************************************************
Numerical features
*********************************************************************************
Number of numerical feat: 40,00 (stdev 0,00)
-----MAE and RMSE-----
Avg. MAE M5P 	7,95 (stdev 6,17) 	Avg. RMSE M5P 	18,05 (stdev 10,97)
Avg. MAE LR 	39,91 (stdev 0,40) 	Avg. RMSE LR 	80,22 (stdev 24,31)
Avg. MAE RF 	14,47 (stdev 0,23) 	Avg. RMSE RF 	24,28 (stdev 0,14)
-----Learning and testing time-----
Avg. learning time from FC (all feat), for M5P 	136,00 [ms] (stdev 8,00)
Avg. learning time from FC (all feat), for LR 	21,50 [ms] (stdev 2,50)
Avg. learning time from FC (all feat), for RF 	231,50 [ms] (stdev 4,50)
-----Feature construction time-----
Avg. FC time (only Num feat): 30,00 [ms] stdev 7,00
*********************************************************************************
Relational features
*********************************************************************************
Number of relational feat: 8,00 (stdev 0,00)
-----MAE and RMSE-----
Avg. MAE M5P 	2,16 (stdev 0,08) 	Avg. RMSE M5P 	4,99 (stdev 2,18)
Avg. MAE LR 	65,83 (stdev 2,18) 	Avg. RMSE LR 	81,50 (stdev 2,24)
Avg. MAE RF 	16,96 (stdev 0,24) 	Avg. RMSE RF 	24,16 (stdev 0,83)
-----Learning and testing time-----
Avg. learning time from FC (all feat), for M5P 	83,50 [ms] (stdev 18,50)
Avg. learning time from FC (all feat), for LR 	5,00 [ms] (stdev 1,00)
Avg. learning time from FC (all feat), for RF 	202,00 [ms] (stdev 14,00)
-----Feature construction time-----
Avg. FC time (only Rel feat): 14,00 [ms] stdev 2,00
*********************************************************************************
Cartesian product
*********************************************************************************
Number of "Cartesian" feat: 8,00 (stdev 0,00)
-----MAE and RMSE-----
Avg. MAE M5P 	6,60 (stdev 0,22) 	Avg. RMSE M5P 	12,18 (stdev 1,12)
Avg. MAE LR 	28,05 (stdev 0,85) 	Avg. RMSE LR 	34,57 (stdev 0,97)
Avg. MAE RF 	16,46 (stdev 0,10) 	Avg. RMSE RF 	21,76 (stdev 0,63)
-----Learning and testing time-----
Avg. learning time from FC (all feat), for M5P 	119,00 [ms] (stdev 30,00)
Avg. learning time from FC (all feat), for LR 	13,50 [ms] (stdev 2,50)
Avg. learning time from FC (all feat), for RF 	210,00 [ms] (stdev 45,00)
-----Feature construction time-----
Avg. FC time (only Cart feat): 17,50 [ms] stdev 3,50
*********************************************************************************
All features dataset
*********************************************************************************
Avg. number of groups for feature construction: 11,50 (stdev 0,50)
Avg. size of groups (num. of candidate attr.) per folds (num of attr. in all groups):: 30,00 (stdev 1,00)
Avg. size of groups (num. of candidate attr.) per groups per folds (avg. of avg.): 2,61 (stdev 0,03)
Max avg. group (length) of constructs (num of attr.): 4,00 (stdev 0,00)
Number of logical feat: 24,00 (stdev 0,00) number of numerical feat: 40,00 (stdev 0,00) number of relational feat: 8,00 (stdev 0,00) number of "Cartesian" feat: 8,00 (stdev 0,00) number of FURIA feat: 50,00 (stdev 0,00) number of thr. feat: 0,00 (stdev 0,00)
-----MAE and RMSE-----
Avg. MAE M5P 	6,25 (stdev 0,25) 	Avg. RMSE M5P 	13,22 (stdev 0,20)
Avg. MAE LR 	23,48 (stdev 2,32) 	Avg. RMSE LR 	50,56 (stdev 22,13)
Avg. MAE RF 	12,91 (stdev 0,16) 	Avg. RMSE RF 	17,33 (stdev 0,11)
-----Learning and testing time-----
Avg. learning time from FC (all feat), for M5P 	306,00 [ms] (stdev 6,00)
Avg. learning time from FC (all feat), for LR 	487,00 [ms] (stdev 19,00)
Avg. learning time from FC (all feat), for RF 	283,00 [ms] (stdev 59,00)
-----Feature construction time-----
Avg. FC time (all feat): 555,50 [ms] (stdev 23,50)
*********************************************************************************
FS on validation dataset - results
*********************************************************************************
-----MAE and RMSE-----
Avg. MAE M5P 	2,15 (stdev 0,09) 	Avg. RMSE M5P 	4,98 (stdev 2,18)
Avg. MAE LR 	24,51 (stdev 2,64) 	Avg. RMSE LR 	34,08 (stdev 0,56)
Avg. MAE RF 	10,98 (stdev 0,36) 	Avg. RMSE RF 	15,39 (stdev 0,26)
-----Search time-----
Avg. search time M5P 	760,00 (stdev 66,00)
Avg. search time LR 	485,00 (stdev 19,00)
Avg. search time RF 	596,00 (stdev 11,00)
-----Learning and testing time-----
Avg. learn time M5P 	68,50 (stdev 2,50)
Avg. learn time LR 	86,50 (stdev 82,50)
Avg. learn time RF 	180,00 (stdev 20,00)
~~~~~~~~~~~~~~~~~~~~~~~~~~~~~~~~~~~~~~~~~~~~~~~~~~~~~~~~~~~~~~~~~~~~~~~~~~~~~~~~
Total processing time (rConcept.arff): 28534
~~~~~~~~~~~~~~~~~~~~~~~~~~~~~~~~~~~~~~~~~~~~~~~~~~~~~~~~~~~~~~~~~~~~~~~~~~~~~~~~
