dataset: rDisjunctBin.arff
Number of folds for testing (CV): 10
*********************************************************************************
number of instances: 2000
number of attributes: 5
number of classes: 1
---------------------------------------------------------------------------------
Testing method: CV, number of folds: 10
Feature selection on validation dataset. Percentage of split (subTrain:validation) 75%:25%
---------------------------------------------------------------------------------
Feature types included in construction: logical operators based, decision rule, threshold, relational, Cartesian product, numerical
*********************************************************************************
Original dataset
*********************************************************************************
-----MAE and RMSE-----
Avg. MAE M5P 	0,01 (stdev 0,00) 	Avg. RMSE M5P 	0,01 (stdev 0,00)
Avg. MAE LR 	0,20 (stdev 0,01) 	Avg. RMSE LR 	0,25 (stdev 0,01)
Avg. MAE M5R 	0,00 (stdev 0,00) 	Avg. RMSE M5R 	0,00 (stdev 0,00)
Avg. MAE RF 	0,00 (stdev 0,00) 	Avg. RMSE RF 	0,00 (stdev 0,00)
*********************************************************************************
Only Logical features
*********************************************************************************
Number of logical feat: 17,00 (stdev 0,00)
-----MAE and RMSE-----
Avg. MAE M5P 	0,00 (stdev 0,00) 	Avg. RMSE M5P 	0,01 (stdev 0,00)
Avg. MAE LR 	0,00 (stdev 0,00) 	Avg. RMSE LR 	0,00 (stdev 0,00)
Avg. MAE M5R 	0,00 (stdev 0,00) 	Avg. RMSE M5R 	0,00 (stdev 0,00)
Avg. MAE RF 	0,00 (stdev 0,00) 	Avg. RMSE RF 	0,00 (stdev 0,00)
-----Learning and testing time-----
Avg. learning time from FC (all feat), for M5P 	18,40 [ms] (stdev 5,64)
Avg. learning time from FC (all feat), for LR 	8,30 [ms] (stdev 4,54)
Avg. learning time from FC (all feat), for M5R 	19,30 [ms] (stdev 6,45)
Avg. learning time from FC (all feat), for RF 	22,00 [ms] (stdev 3,95)
-----Feature construction time-----
Avg. FC time (only Log feat): 157,00 [ms] stdev 27,38
*********************************************************************************
Numerical features
*********************************************************************************
Number of numerical feat: 0,00 (stdev 0,00)
-----MAE and RMSE-----
Avg. MAE M5P 	0,01 (stdev 0,00) 	Avg. RMSE M5P 	0,01 (stdev 0,00)
Avg. MAE LR 	0,20 (stdev 0,01) 	Avg. RMSE LR 	0,25 (stdev 0,01)
Avg. MAE M5R 	0,00 (stdev 0,00) 	Avg. RMSE M5R 	0,00 (stdev 0,00)
Avg. MAE RF 	0,00 (stdev 0,00) 	Avg. RMSE RF 	0,00 (stdev 0,00)
-----Learning and testing time-----
Avg. learning time from FC (all feat), for M5P 	9,60 [ms] (stdev 2,33)
Avg. learning time from FC (all feat), for LR 	1,30 [ms] (stdev 0,90)
Avg. learning time from FC (all feat), for M5R 	31,30 [ms] (stdev 7,55)
Avg. learning time from FC (all feat), for RF 	24,10 [ms] (stdev 4,55)
-----Feature construction time-----
Avg. FC time (only Num feat): 0,00 [ms] stdev 0,00
*********************************************************************************
Relational features
*********************************************************************************
Number of relational feat: 0,00 (stdev 0,00)
-----MAE and RMSE-----
Avg. MAE M5P 	0,01 (stdev 0,00) 	Avg. RMSE M5P 	0,01 (stdev 0,00)
Avg. MAE LR 	0,20 (stdev 0,01) 	Avg. RMSE LR 	0,25 (stdev 0,01)
Avg. MAE M5R 	0,00 (stdev 0,00) 	Avg. RMSE M5R 	0,00 (stdev 0,00)
Avg. MAE RF 	0,00 (stdev 0,00) 	Avg. RMSE RF 	0,00 (stdev 0,00)
-----Learning and testing time-----
Avg. learning time from FC (all feat), for M5P 	9,60 [ms] (stdev 3,44)
Avg. learning time from FC (all feat), for LR 	1,20 [ms] (stdev 0,60)
Avg. learning time from FC (all feat), for M5R 	32,60 [ms] (stdev 11,39)
Avg. learning time from FC (all feat), for RF 	25,90 [ms] (stdev 5,99)
-----Feature construction time-----
Avg. FC time (only Rel feat): 0,00 [ms] stdev 0,00
*********************************************************************************
Cartesian product
*********************************************************************************
Number of "Cartesian" feat: 3,00 (stdev 0,00)
-----MAE and RMSE-----
Avg. MAE M5P 	0,00 (stdev 0,00) 	Avg. RMSE M5P 	0,01 (stdev 0,00)
Avg. MAE LR 	0,12 (stdev 0,00) 	Avg. RMSE LR 	0,13 (stdev 0,00)
Avg. MAE M5R 	0,00 (stdev 0,00) 	Avg. RMSE M5R 	0,00 (stdev 0,00)
Avg. MAE RF 	0,00 (stdev 0,00) 	Avg. RMSE RF 	0,00 (stdev 0,00)
-----Learning and testing time-----
Avg. learning time from FC (all feat), for M5P 	12,00 [ms] (stdev 1,73)
Avg. learning time from FC (all feat), for LR 	5,20 [ms] (stdev 1,33)
Avg. learning time from FC (all feat), for M5R 	13,70 [ms] (stdev 2,15)
Avg. learning time from FC (all feat), for RF 	27,00 [ms] (stdev 10,33)
-----Feature construction time-----
Avg. FC time (only Cart feat): 4,20 [ms] stdev 1,47
*********************************************************************************
All features dataset
*********************************************************************************
Avg. number of groups for feature construction: 4,00 (stdev 0,00)
Avg. size of groups (num. of candidate attr.) per folds (num of attr. in all groups):: 9,00 (stdev 0,00)
Avg. size of groups (num. of candidate attr.) per groups per folds (avg. of avg.): 2,25 (stdev 0,00)
Max avg. group (length) of constructs (num of attr.): 3,00 (stdev 0,00)
Number of logical feat: 17,00 (stdev 0,00) number of numerical feat: 0,00 (stdev 0,00) number of relational feat: 0,00 (stdev 0,00) number of "Cartesian" feat: 3,00 (stdev 0,00) number of FURIA feat: 0,00 (stdev 0,00) number of thr. feat: 0,00 (stdev 0,00)
-----MAE and RMSE-----
Avg. MAE M5P 	0,00 (stdev 0,00) 	Avg. RMSE M5P 	0,01 (stdev 0,00)
Avg. MAE LR 	0,00 (stdev 0,00) 	Avg. RMSE LR 	0,00 (stdev 0,00)
Avg. MAE M5R 	0,00 (stdev 0,00) 	Avg. RMSE M5R 	0,00 (stdev 0,00)
Avg. MAE RF 	0,00 (stdev 0,00) 	Avg. RMSE RF 	0,00 (stdev 0,00)
-----Learning and testing time-----
Avg. learning time from FC (all feat), for M5P 	20,00 [ms] (stdev 2,14)
Avg. learning time from FC (all feat), for LR 	11,70 [ms] (stdev 1,42)
Avg. learning time from FC (all feat), for M5R 	24,20 [ms] (stdev 2,48)
Avg. learning time from FC (all feat), for RF 	28,40 [ms] (stdev 14,75)
-----Feature construction time-----
Avg. FC time (all feat): 161,20 [ms] (stdev 28,39)
*********************************************************************************
FS on validation dataset - results
*********************************************************************************
-----MAE and RMSE-----
Avg. MAE M5P 	0,00 (stdev 0,00) 	Avg. RMSE M5P 	0,01 (stdev 0,00)
Avg. MAE LR 	0,00 (stdev 0,00) 	Avg. RMSE LR 	0,00 (stdev 0,00)
Avg. MAE M5R 	0,00 (stdev 0,00) 	Avg. RMSE M5R 	0,00 (stdev 0,00)
Avg. MAE RF 	0,00 (stdev 0,00) 	Avg. RMSE RF 	0,00 (stdev 0,00)
-----Search time-----
Avg. search time M5P 	893,50 (stdev 29,66)
Avg. search time LR 	859,20 (stdev 27,16)
Avg. search time M5R 	899,10 (stdev 22,64)
Avg. search time RF 	869,10 (stdev 25,78)
-----Learning and testing time-----
Avg. learn time M5P 	20,70 (stdev 2,61)
Avg. learn time LR 	12,00 (stdev 2,37)
Avg. learn time M5R 	24,30 (stdev 4,03)
Avg. learn time RF 	22,30 (stdev 1,85)
~~~~~~~~~~~~~~~~~~~~~~~~~~~~~~~~~~~~~~~~~~~~~~~~~~~~~~~~~~~~~~~~~~~~~~~~~~~~~~~~
Total processing time (rDisjunctBin.arff): 85778
~~~~~~~~~~~~~~~~~~~~~~~~~~~~~~~~~~~~~~~~~~~~~~~~~~~~~~~~~~~~~~~~~~~~~~~~~~~~~~~~
