dataset: cLogicalConcBEasy.arff
Number of folds for testing (CV): 10
*********************************************************************************
number of instances: 2000
number of attributes: 6
number of classes: 2
---------------------------------------------------------------------------------
IME (explanation), equalSampling, N_SAMPLES: 1000 - alg. for searching concepts: MultilayerPerceptron
Explaining class: 1, explaining all dataset: NO
---------------------------------------------------------------------------------
Testing method: CV, number of folds: 10
Feature selection on validation dataset. Percentage of split (subTrain:validation) 75%:25%
---------------------------------------------------------------------------------
Avg. explanation time: 4432,60 [ms] (stdev 422,74)
Avg. number of instances that we explain: 440,10 (stdev 0,30)
---------------------------------------------------------------------------------
ACC on the test dataset: 100,00 stdev 0,00
---------------------------------------------------------------------------------
Avg. model building time: 843,80 [ms] (stdev 85,32)
---------------------------------------------------------------------------------
Feature types included in construction: logical operators based, decision rule, threshold, 
*********************************************************************************
Original dataset
*********************************************************************************
Avg. tree size: 23,00 (stdev 0,00) avg. number of leaves: 12,00 (stdev 0,00) avg. number of nodes: 11,00 (stdev 0,00)
Avg. ruleset size: 6,30 (stdev 0,46) avg. number of attributes in rules: 14,60 (stdev 0,92) avg. number of attributes per rule: 2,32 (stdev 0,02)
-----ACC-----
Avg. class. ACC J48 	100,00 (stdev 0,00)
Avg. class. ACC NB 	81,95 (stdev 1,11)
Avg. class. ACC FU 	100,00 (stdev 0,00)
Avg. class. ACC RF 	100,00 (stdev 0,00)
-----Learning and testing time-----
Avg. learning time J48 	6,60 [ms] (stdev 15,48 [ms])
Avg. learning time NB 	1,00 [ms] (stdev 2,68 [ms])
Avg. learning time FU 	29,40 [ms] (stdev 39,07 [ms])
Avg. learning time RF 	56,40 [ms] (stdev 73,24 [ms])
*********************************************************************************
Only Logical features
*********************************************************************************
Number of logical feat: 30,00 (stdev 0,00)
Avg. tree size (nodes+leaves): 11,00 (stdev 0,00) avg. number of leaves: 6,00 (stdev 0,00) avg. sum of constructs: 7,30 (stdev 0,46) avg. sum of constructs / num of nodes: 1,46 (stdev 0,09)
Avg. num of logical feat in tree: 2,30 (stdev 0,46) avg. sum of (logical) constructs: 4,60 (stdev 0,92)
Avg. ruleset size: 6,40 (stdev 0,49) avg. number of terms of construct in Furia feat.: 21,50 (stdev 2,42) avg. number of terms in constructs per ruleset: 3,35 (stdev 0,16)
-----ACC-----
Avg. class. ACC J48 	100,00 (stdev 0,00)
Avg. class. ACC NB 	100,00 (stdev 0,00)
Avg. class. ACC FU 	100,00 (stdev 0,00)
Avg. class. ACC RF 	100,00 (stdev 0,00)
-----Learning and testing time-----
Avg. learning time from FC (all feat), for J48 	5,20 [ms] (stdev 5,40)
Avg. learning time from FC (all feat), for NB 	1,80 [ms] (stdev 1,47)
Avg. learning time from FC (all feat), for FU 	47,80 [ms] (stdev 19,42)
Avg. learning time from FC (all feat), for RF 	45,20 [ms] (stdev 39,13)
-----Feature construction time-----
Avg. FC time (all feat): 118,70 [ms] stdev 40,50
*********************************************************************************
Relational features
*********************************************************************************
Number of relational feat: 0,00 (stdev 0,00)
Avg. tree size (nodes+leaves): 0,00 (stdev 0,00) avg. number of leaves: 0,00 (stdev 0,00) avg. sum of constructs: 0,00 (stdev 0,00) avg. sum of constructs / num of nodes: 0,00 (stdev 0,00)
Avg. num of relational feat in tree: 0,00 (stdev 0,00) avg. sum of (only Cartesian) constructs (in tree): 0,00 (stdev 0,00)
Avg. ruleset size: 0,00 (stdev 0,00) avg. number of terms of construct in Furia feat.: 0,00 (stdev 0,00) avg. number of terms in constructs per ruleset: 0,00 (stdev 0,00)
-----ACC-----
Avg. class. ACC J48 	0,00 (stdev 0,00)
Avg. class. ACC NB 	0,00 (stdev 0,00)
Avg. class. ACC FU 	0,00 (stdev 0,00)
Avg. class. ACC RF 	0,00 (stdev 0,00)
-----Learning and testing time-----
Avg. learning time from FC (all feat), for J48 	0,00 [ms] (stdev 0,00)
Avg. learning time from FC (all feat), for NB 	0,00 [ms] (stdev 0,00)
Avg. learning time from FC (all feat), for FU 	0,00 [ms] (stdev 0,00)
Avg. learning time from FC (all feat), for RF 	0,00 [ms] (stdev 0,00)
-----Feature construction time-----
Avg. FC time (all feat): 0,00 [ms] stdev 0,00
*********************************************************************************
Cartesian product
*********************************************************************************
Number of "Cartesian" feat: 0,00 (stdev 0,00)
Avg. tree size (nodes+leaves): 0,00 (stdev 0,00) avg. number of leaves: 0,00 (stdev 0,00) avg. sum of constructs: 0,00 (stdev 0,00) avg. sum of constructs / num of nodes: 0,00 (stdev 0,00)
Avg. num of "Cartesian" feat in tree: 0,00 (stdev 0,00) avg. sum of (only Cartesian) constructs (in tree): 0,00 (stdev 0,00)
Avg. ruleset size: 0,00 (stdev 0,00) avg. number of terms of construct in Furia feat.: 0,00 (stdev 0,00) avg. number of terms in constructs per ruleset: 0,00 (stdev 0,00)
-----ACC-----
Avg. class. ACC J48 	0,00 (stdev 0,00)
Avg. class. ACC NB 	0,00 (stdev 0,00)
Avg. class. ACC FU 	0,00 (stdev 0,00)
Avg. class. ACC RF 	0,00 (stdev 0,00)
-----Learning and testing time-----
Avg. learning time from FC (all feat), for J48 	0,00 [ms] (stdev 0,00)
Avg. learning time from FC (all feat), for NB 	0,00 [ms] (stdev 0,00)
Avg. learning time from FC (all feat), for FU 	0,00 [ms] (stdev 0,00)
Avg. learning time from FC (all feat), for RF 	0,00 [ms] (stdev 0,00)
-----Feature construction time-----
Avg. FC time (all feat): 0,00 [ms] stdev 0,00
*********************************************************************************
Only Furia and THR feat
*********************************************************************************
Number of FURIA feat: 2,00 (stdev 0,00) number of thr. feat: 2,00 (stdev 0,00)
Avg. tree size (nodes+leaves): 5,00 (stdev 0,00) avg. number of leaves: 3,00 (stdev 0,00) avg. sum of constructs: 6,00 (stdev 0,00) avg. sum of constructs / num of nodes: 3,00 (stdev 0,00)
Avg. num of FURIA feat. in tree: 2,00 (stdev 0,00) avg. sum of terms in constructs (Furia feat) in tree: 6,00 (stdev 0,00) avg. num of THR feat. in tree: 0,00 (stdev 0,00) avg. sum of terms in constructs (THR feat) in tree: 0,00 (stdev 0,00)
Avg. ruleset size: 3,00 (stdev 0,00) avg. number of terms of construct in Furia feat.: 12,00 (stdev 0,00) avg. number of terms in constructs per ruleset: 4,00 (stdev 0,00)
-----ACC-----
Avg. class. ACC J48 	100,00 (stdev 0,00)
Avg. class. ACC NB 	100,00 (stdev 0,00)
Avg. class. ACC FU 	100,00 (stdev 0,00)
Avg. class. ACC RF 	100,00 (stdev 0,00)
-----Learning and testing time-----
Avg. learning time from FC(only Furia and THR feat) J48 2,80 [ms] (stdev 1,72)
Avg. learning time from FC(only Furia and THR feat) NB 0,70 [ms] (stdev 0,64)
Avg. learning time from FC(only Furia and THR feat) FU 12,90 [ms] (stdev 4,23)
Avg. learning time from FC(only Furia and THR feat) RF 39,70 [ms] (stdev 20,04)
-----Feature construction time-----
Avg. FC time (only Furia and THR feat): 141,10 [ms] stdev 40,63
*********************************************************************************
All features dataset
*********************************************************************************
Avg. number of groups for feature construction: 8,30 (stdev 0,46)
Avg. size of groups (num. of candidate attr.) per folds (unm of attr. in all groups):: 22,60 (stdev 0,92)
Avg. size of groups (num. of candidate attr.) per groups per folds (avg. of avg.): 2,73 (stdev 0,04)
Max avg. group (length) of constructs (num of attr.): 3,00 (stdev 0,00)
Number of logical feat: 30,00 (stdev 0,00) number of relational feat: 0,00 (stdev 0,00) number of "Cartesian" feat: 0,00 (stdev 0,00) number of FURIA feat: 2,00 (stdev 0,00) number of thr. feat: 2,00 (stdev 0,00)
Avg. tree size (nodes+leaves): 5,00 (stdev 0,00) avg. number of leaves: 3,00 (stdev 0,00) avg. sum of constructs: 6,00 (stdev 0,00) avg. sum of constructs / num of nodes: 3,00 (stdev 0,00)
Avg. num of logical feat in tree: 0,00 (stdev 0,00) avg. sum of (only logical) constructs: 0,00 (stdev 0,00) avg. num of relational feat in tree: 0,00 (stdev 0,00) avg. sum of (only relational) constructs: 0,00 (stdev 0,00) avg. num of "Cartesian" feat in tree: 0,00 (stdev 0,00) avg. sum of (Cartesian) constructs (in tree): 0,00 (stdev 0,00) avg. num of FURIA feat. in tree: 2,00 (stdev 0,00) avg. sum of terms in constructs (Furia feat) in tree: 6,00 (stdev 0,00) avg. num of THR feat. in tree: 0,00 (stdev 0,00) avg. sum of terms in constructs (THR feat) in tree: 0,00 (stdev 0,00)
Avg. ruleset size: 3,00 (stdev 0,00) avg. number of terms of construct in Furia feat.: 12,00 (stdev 0,00) avg. number of terms in constructs per ruleset: 4,00 (stdev 0,00)
Mean unimp. OR feat.: 0,00 (stdev 0,00) mean unimp. EQU feat.: 0,00 (stdev 0,00) mean unimp. XOR feat.: 0,00 (stdev 0,00) mean unimp. IMPL feat.: 0,00 (stdev 0,00) mean unimp. AND feat.: 0,00 (stdev 0,00) mean unimp. LESSTHAN feat.: 0,00 (stdev 0,00) mean unimp. DIFF feat.: 0,00 (stdev 0,00) mean unimp. "Cartesian" feat.: 0,00 (stdev 0,00)
-----ACC-----
Avg. class. ACC J48 	100,00 (stdev 0,00)
Avg. class. ACC NB 	100,00 (stdev 0,00)
Avg. class. ACC FU 	100,00 (stdev 0,00)
Avg. class. ACC RF 	100,00 (stdev 0,00)
-----Learning and testing time-----
Avg. learning time from FC (all feat), for J48 	1,60 [ms] (stdev 0,66)
Avg. learning time from FC (all feat), for NB 	1,70 [ms] (stdev 0,64)
Avg. learning time from FC (all feat), for FU 	19,00 [ms] (stdev 3,95)
Avg. learning time from FC (all feat), for RF 	35,10 [ms] (stdev 13,37)
-----Feature construction time-----
Avg. FC time (all feat): 259,80 [ms] (stdev 77,21)
*********************************************************************************
FS on validation dataset - results
*********************************************************************************
When using J48, number of logical feat: 6,40 (stdev 7,84) number of relational feat: 0,00 (stdev 0,00) number of "Cartesian" feat: 0,00 (stdev 0,00) number of FURIA feat: 1,00 (stdev 1,00) number of thr. feat: 1,00 (stdev 1,00)
When using NB, number of logical feat: 11,20 (stdev 7,33) number of relational feat: 0,00 (stdev 0,00) number of "Cartesian" feat: 0,00 (stdev 0,00) number of FURIA feat: 2,00 (stdev 0,00) number of thr. feat: 2,00 (stdev 0,00)
When using FURIA, number of logical feat: 3,20 (stdev 6,40) number of relational feat: 0,00 (stdev 0,00) number of "Cartesian" feat: 0,00 (stdev 0,00) number of FURIA feat: 1,80 (stdev 0,60) number of thr. feat: 1,80 (stdev 0,60)
When using RF, number of logical feat: 6,40 (stdev 7,84) number of relational feat: 0,00 (stdev 0,00) number of "Cartesian" feat: 0,00 (stdev 0,00) number of FURIA feat: 1,80 (stdev 0,60) number of thr. feat: 1,80 (stdev 0,60)
Avg. tree size (nodes+leaves): 14,00 (stdev 9,00) avg. number of leaves: 7,50 (stdev 4,50) avg. sum of constructs: 8,50 (stdev 2,50) avg. sum of constructs / num of nodes: 2,00 (stdev 1,00)
Avg. num of logical feat. in tree: 0,00 (stdev 0,00) avg. sum of (only logical) constructs in tree: 0,00 (stdev 0,00) avg. num of relational feat. in tree: 0,00 (stdev 0,00) avg. sum of (only relational) constructs in tree: 0,00 (stdev 0,00) avg. num of Cartesian feat. in tree: 0,00 (stdev 0,00) avg. sum of constructs (of Cartesian feat) in tree: 0,00 (stdev 0,00) avg. num of FURIA feat. in tree: 1,00 (stdev 1,00) avg. sum of terms in constructs (Furia feat) in tree: 3,00 (stdev 3,00) avg. num of THR feat. in tree: 0,00 (stdev 0,00) avg. sum of terms in constructs (THR feat) in tree: 0,00 (stdev 0,00)
Avg. ruleset size: 3,30 (stdev 0,90) avg. number of terms of construct in Furia feat.: 12,20 (stdev 0,60) avg. number of terms in constructs per ruleset: 3,83 (stdev 0,50)
-----ACC-----
Avg. class. ACC J48 	100,00 (stdev 0,00)
Avg. class. ACC NB 	100,00 (stdev 0,00)
Avg. class. ACC FU 	100,00 (stdev 0,00)
Avg. class. ACC RF 	100,00 (stdev 0,00)
-----Search time-----
Avg. search time J48 	26,60 (stdev 12,48)
Avg. search time NB 	25,80 (stdev 9,71)
Avg. search time FU 	47,30 (stdev 9,52)
Avg. search time RF 	108,20 (stdev 22,35)
-----Learning and testing time-----
Avg. learn time J48 	1,60 (stdev 1,56)
Avg. learn time NB 	0,80 (stdev 0,60)
Avg. learn time FU 	8,70 (stdev 2,72)
Avg. learn time RF 	28,90 (stdev 3,78)
~~~~~~~~~~~~~~~~~~~~~~~~~~~~~~~~~~~~~~~~~~~~~~~~~~~~~~~~~~~~~~~~~~~~~~~~~~~~~~~~
Total processing time (cLogicalConcBEasy.arff): 71060
~~~~~~~~~~~~~~~~~~~~~~~~~~~~~~~~~~~~~~~~~~~~~~~~~~~~~~~~~~~~~~~~~~~~~~~~~~~~~~~~
dataset: cLogicalConcBEasyNoisy.arff
Number of folds for testing (CV): 10
*********************************************************************************
number of instances: 2000
number of attributes: 6
number of classes: 2
---------------------------------------------------------------------------------
IME (explanation), equalSampling, N_SAMPLES: 1000 - alg. for searching concepts: MultilayerPerceptron
Explaining class: 1, explaining all dataset: NO
---------------------------------------------------------------------------------
Testing method: CV, number of folds: 10
Feature selection on validation dataset. Percentage of split (subTrain:validation) 75%:25%
---------------------------------------------------------------------------------
Avg. explanation time: 4715,20 [ms] (stdev 167,88)
Avg. number of instances that we explain: 500,00 (stdev 0,00)
---------------------------------------------------------------------------------
ACC on the test dataset: 95,00 stdev 1,36
---------------------------------------------------------------------------------
Avg. model building time: 840,90 [ms] (stdev 29,93)
---------------------------------------------------------------------------------
Feature types included in construction: logical operators based, decision rule, threshold, 
*********************************************************************************
Original dataset
*********************************************************************************
Avg. tree size: 23,00 (stdev 0,00) avg. number of leaves: 12,00 (stdev 0,00) avg. number of nodes: 11,00 (stdev 0,00)
Avg. ruleset size: 6,80 (stdev 0,40) avg. number of attributes in rules: 15,60 (stdev 0,80) avg. number of attributes per rule: 2,30 (stdev 0,02)
-----ACC-----
Avg. class. ACC J48 	95,00 (stdev 1,36)
Avg. class. ACC NB 	78,15 (stdev 1,82)
Avg. class. ACC FU 	95,00 (stdev 1,36)
Avg. class. ACC RF 	95,00 (stdev 1,36)
-----Learning and testing time-----
Avg. learning time J48 	1,30 [ms] (stdev 0,64 [ms])
Avg. learning time NB 	0,00 [ms] (stdev 0,00 [ms])
Avg. learning time FU 	115,00 [ms] (stdev 14,73 [ms])
Avg. learning time RF 	45,10 [ms] (stdev 7,42 [ms])
*********************************************************************************
Only Logical features
*********************************************************************************
Number of logical feat: 30,00 (stdev 0,00)
Avg. tree size (nodes+leaves): 14,00 (stdev 3,00) avg. number of leaves: 7,50 (stdev 1,50) avg. sum of constructs: 9,70 (stdev 1,73) avg. sum of constructs / num of nodes: 1,51 (stdev 0,10)
Avg. num of logical feat in tree: 3,20 (stdev 0,40) avg. sum of (logical) constructs: 6,40 (stdev 0,80)
Avg. ruleset size: 6,20 (stdev 0,40) avg. number of terms of construct in Furia feat.: 19,40 (stdev 1,56) avg. number of terms in constructs per ruleset: 3,13 (stdev 0,14)
-----ACC-----
Avg. class. ACC J48 	95,00 (stdev 1,36)
Avg. class. ACC NB 	95,00 (stdev 1,36)
Avg. class. ACC FU 	95,00 (stdev 1,36)
Avg. class. ACC RF 	95,00 (stdev 1,36)
-----Learning and testing time-----
Avg. learning time from FC (all feat), for J48 	5,70 [ms] (stdev 1,42)
Avg. learning time from FC (all feat), for NB 	1,10 [ms] (stdev 0,30)
Avg. learning time from FC (all feat), for FU 	223,10 [ms] (stdev 15,66)
Avg. learning time from FC (all feat), for RF 	63,60 [ms] (stdev 5,43)
-----Feature construction time-----
Avg. FC time (all feat): 110,20 [ms] stdev 13,84
*********************************************************************************
Relational features
*********************************************************************************
Number of relational feat: 0,00 (stdev 0,00)
Avg. tree size (nodes+leaves): 0,00 (stdev 0,00) avg. number of leaves: 0,00 (stdev 0,00) avg. sum of constructs: 0,00 (stdev 0,00) avg. sum of constructs / num of nodes: 0,00 (stdev 0,00)
Avg. num of relational feat in tree: 0,00 (stdev 0,00) avg. sum of (only Cartesian) constructs (in tree): 0,00 (stdev 0,00)
Avg. ruleset size: 0,00 (stdev 0,00) avg. number of terms of construct in Furia feat.: 0,00 (stdev 0,00) avg. number of terms in constructs per ruleset: 0,00 (stdev 0,00)
-----ACC-----
Avg. class. ACC J48 	0,00 (stdev 0,00)
Avg. class. ACC NB 	0,00 (stdev 0,00)
Avg. class. ACC FU 	0,00 (stdev 0,00)
Avg. class. ACC RF 	0,00 (stdev 0,00)
-----Learning and testing time-----
Avg. learning time from FC (all feat), for J48 	0,00 [ms] (stdev 0,00)
Avg. learning time from FC (all feat), for NB 	0,00 [ms] (stdev 0,00)
Avg. learning time from FC (all feat), for FU 	0,00 [ms] (stdev 0,00)
Avg. learning time from FC (all feat), for RF 	0,00 [ms] (stdev 0,00)
-----Feature construction time-----
Avg. FC time (all feat): 0,00 [ms] stdev 0,00
*********************************************************************************
Cartesian product
*********************************************************************************
Number of "Cartesian" feat: 0,00 (stdev 0,00)
Avg. tree size (nodes+leaves): 0,00 (stdev 0,00) avg. number of leaves: 0,00 (stdev 0,00) avg. sum of constructs: 0,00 (stdev 0,00) avg. sum of constructs / num of nodes: 0,00 (stdev 0,00)
Avg. num of "Cartesian" feat in tree: 0,00 (stdev 0,00) avg. sum of (only Cartesian) constructs (in tree): 0,00 (stdev 0,00)
Avg. ruleset size: 0,00 (stdev 0,00) avg. number of terms of construct in Furia feat.: 0,00 (stdev 0,00) avg. number of terms in constructs per ruleset: 0,00 (stdev 0,00)
-----ACC-----
Avg. class. ACC J48 	0,00 (stdev 0,00)
Avg. class. ACC NB 	0,00 (stdev 0,00)
Avg. class. ACC FU 	0,00 (stdev 0,00)
Avg. class. ACC RF 	0,00 (stdev 0,00)
-----Learning and testing time-----
Avg. learning time from FC (all feat), for J48 	0,00 [ms] (stdev 0,00)
Avg. learning time from FC (all feat), for NB 	0,00 [ms] (stdev 0,00)
Avg. learning time from FC (all feat), for FU 	0,00 [ms] (stdev 0,00)
Avg. learning time from FC (all feat), for RF 	0,00 [ms] (stdev 0,00)
-----Feature construction time-----
Avg. FC time (all feat): 0,00 [ms] stdev 0,00
*********************************************************************************
Only Furia and THR feat
*********************************************************************************
Number of FURIA feat: 2,10 (stdev 0,30) number of thr. feat: 2,10 (stdev 0,30)
Avg. tree size (nodes+leaves): 5,00 (stdev 0,00) avg. number of leaves: 3,00 (stdev 0,00) avg. sum of constructs: 6,00 (stdev 0,00) avg. sum of constructs / num of nodes: 3,00 (stdev 0,00)
Avg. num of FURIA feat. in tree: 2,00 (stdev 0,00) avg. sum of terms in constructs (Furia feat) in tree: 6,00 (stdev 0,00) avg. num of THR feat. in tree: 0,00 (stdev 0,00) avg. sum of terms in constructs (THR feat) in tree: 0,00 (stdev 0,00)
Avg. ruleset size: 3,00 (stdev 0,00) avg. number of terms of construct in Furia feat.: 12,00 (stdev 0,00) avg. number of terms in constructs per ruleset: 4,00 (stdev 0,00)
-----ACC-----
Avg. class. ACC J48 	95,00 (stdev 1,36)
Avg. class. ACC NB 	95,00 (stdev 1,36)
Avg. class. ACC FU 	95,00 (stdev 1,36)
Avg. class. ACC RF 	95,00 (stdev 1,36)
-----Learning and testing time-----
Avg. learning time from FC(only Furia and THR feat) J48 3,40 [ms] (stdev 0,80)
Avg. learning time from FC(only Furia and THR feat) NB 0,20 [ms] (stdev 0,40)
Avg. learning time from FC(only Furia and THR feat) FU 92,50 [ms] (stdev 10,76)
Avg. learning time from FC(only Furia and THR feat) RF 50,30 [ms] (stdev 8,46)
-----Feature construction time-----
Avg. FC time (only Furia and THR feat): 287,70 [ms] stdev 35,75
*********************************************************************************
All features dataset
*********************************************************************************
Avg. number of groups for feature construction: 12,10 (stdev 0,70)
Avg. size of groups (num. of candidate attr.) per folds (unm of attr. in all groups):: 34,40 (stdev 2,33)
Avg. size of groups (num. of candidate attr.) per groups per folds (avg. of avg.): 2,84 (stdev 0,09)
Max avg. group (length) of constructs (num of attr.): 4,00 (stdev 0,00)
Number of logical feat: 30,00 (stdev 0,00) number of relational feat: 0,00 (stdev 0,00) number of "Cartesian" feat: 0,00 (stdev 0,00) number of FURIA feat: 2,10 (stdev 0,30) number of thr. feat: 2,10 (stdev 0,30)
Avg. tree size (nodes+leaves): 5,00 (stdev 0,00) avg. number of leaves: 3,00 (stdev 0,00) avg. sum of constructs: 6,00 (stdev 0,00) avg. sum of constructs / num of nodes: 3,00 (stdev 0,00)
Avg. num of logical feat in tree: 0,00 (stdev 0,00) avg. sum of (only logical) constructs: 0,00 (stdev 0,00) avg. num of relational feat in tree: 0,00 (stdev 0,00) avg. sum of (only relational) constructs: 0,00 (stdev 0,00) avg. num of "Cartesian" feat in tree: 0,00 (stdev 0,00) avg. sum of (Cartesian) constructs (in tree): 0,00 (stdev 0,00) avg. num of FURIA feat. in tree: 2,00 (stdev 0,00) avg. sum of terms in constructs (Furia feat) in tree: 6,00 (stdev 0,00) avg. num of THR feat. in tree: 0,00 (stdev 0,00) avg. sum of terms in constructs (THR feat) in tree: 0,00 (stdev 0,00)
Avg. ruleset size: 3,00 (stdev 0,00) avg. number of terms of construct in Furia feat.: 12,00 (stdev 0,00) avg. number of terms in constructs per ruleset: 4,00 (stdev 0,00)
Mean unimp. OR feat.: 0,00 (stdev 0,00) mean unimp. EQU feat.: 0,00 (stdev 0,00) mean unimp. XOR feat.: 0,00 (stdev 0,00) mean unimp. IMPL feat.: 0,00 (stdev 0,00) mean unimp. AND feat.: 0,00 (stdev 0,00) mean unimp. LESSTHAN feat.: 0,00 (stdev 0,00) mean unimp. DIFF feat.: 0,00 (stdev 0,00) mean unimp. "Cartesian" feat.: 0,00 (stdev 0,00)
-----ACC-----
Avg. class. ACC J48 	95,00 (stdev 1,36)
Avg. class. ACC NB 	95,00 (stdev 1,36)
Avg. class. ACC FU 	95,00 (stdev 1,36)
Avg. class. ACC RF 	95,00 (stdev 1,36)
-----Learning and testing time-----
Avg. learning time from FC (all feat), for J48 	5,80 [ms] (stdev 1,08)
Avg. learning time from FC (all feat), for NB 	1,40 [ms] (stdev 0,49)
Avg. learning time from FC (all feat), for FU 	189,60 [ms] (stdev 5,41)
Avg. learning time from FC (all feat), for RF 	63,90 [ms] (stdev 5,11)
-----Feature construction time-----
Avg. FC time (all feat): 397,90 [ms] (stdev 41,42)
*********************************************************************************
FS on validation dataset - results
*********************************************************************************
When using J48, number of logical feat: 6,40 (stdev 7,84) number of relational feat: 0,00 (stdev 0,00) number of "Cartesian" feat: 0,00 (stdev 0,00) number of FURIA feat: 0,90 (stdev 1,14) number of thr. feat: 0,90 (stdev 1,14)
When using NB, number of logical feat: 16,00 (stdev 0,00) number of relational feat: 0,00 (stdev 0,00) number of "Cartesian" feat: 0,00 (stdev 0,00) number of FURIA feat: 2,10 (stdev 0,30) number of thr. feat: 2,10 (stdev 0,30)
When using FURIA, number of logical feat: 4,80 (stdev 7,33) number of relational feat: 0,00 (stdev 0,00) number of "Cartesian" feat: 0,00 (stdev 0,00) number of FURIA feat: 0,60 (stdev 0,92) number of thr. feat: 0,60 (stdev 0,92)
When using RF, number of logical feat: 6,40 (stdev 7,84) number of relational feat: 0,00 (stdev 0,00) number of "Cartesian" feat: 0,00 (stdev 0,00) number of FURIA feat: 0,80 (stdev 0,98) number of thr. feat: 0,80 (stdev 0,98)
Avg. tree size (nodes+leaves): 15,80 (stdev 8,82) avg. number of leaves: 8,40 (stdev 4,41) avg. sum of constructs: 9,00 (stdev 2,45) avg. sum of constructs / num of nodes: 1,80 (stdev 0,98)
Avg. num of logical feat. in tree: 0,00 (stdev 0,00) avg. sum of (only logical) constructs in tree: 0,00 (stdev 0,00) avg. num of relational feat. in tree: 0,00 (stdev 0,00) avg. sum of (only relational) constructs in tree: 0,00 (stdev 0,00) avg. num of Cartesian feat. in tree: 0,00 (stdev 0,00) avg. sum of constructs (of Cartesian feat) in tree: 0,00 (stdev 0,00) avg. num of FURIA feat. in tree: 0,80 (stdev 0,98) avg. sum of terms in constructs (Furia feat) in tree: 2,40 (stdev 2,94) avg. num of THR feat. in tree: 0,00 (stdev 0,00) avg. sum of terms in constructs (THR feat) in tree: 0,00 (stdev 0,00)
Avg. ruleset size: 5,60 (stdev 1,74) avg. number of terms of construct in Furia feat.: 14,40 (stdev 1,74) avg. number of terms in constructs per ruleset: 2,81 (stdev 0,78)
-----ACC-----
Avg. class. ACC J48 	95,00 (stdev 1,36)
Avg. class. ACC NB 	95,00 (stdev 1,36)
Avg. class. ACC FU 	95,00 (stdev 1,36)
Avg. class. ACC RF 	95,00 (stdev 1,36)
-----Search time-----
Avg. search time J48 	22,10 (stdev 1,58)
Avg. search time NB 	20,60 (stdev 1,69)
Avg. search time FU 	242,00 (stdev 17,11)
Avg. search time RF 	137,20 (stdev 5,69)
-----Learning and testing time-----
Avg. learn time J48 	1,90 (stdev 1,14)
Avg. learn time NB 	1,00 (stdev 0,00)
Avg. learn time FU 	111,30 (stdev 14,90)
Avg. learn time RF 	45,00 (stdev 7,18)
~~~~~~~~~~~~~~~~~~~~~~~~~~~~~~~~~~~~~~~~~~~~~~~~~~~~~~~~~~~~~~~~~~~~~~~~~~~~~~~~
Total processing time (cLogicalConcBEasyNoisy.arff): 79713
~~~~~~~~~~~~~~~~~~~~~~~~~~~~~~~~~~~~~~~~~~~~~~~~~~~~~~~~~~~~~~~~~~~~~~~~~~~~~~~~
