dataset: Balance scale.arff
Number of folds for testing (CV): 10
*********************************************************************************
number of instances: 625
number of attributes: 4
number of classes: 3
---------------------------------------------------------------------------------
Alg. for searching concepts: TreeSHAP (XGBOOST) parameters: numOfRounds->100 maxDepth->3 eta->0.3 gamma->1.0
Explaining class: L explaining whole dataset: NO
---------------------------------------------------------------------------------
Testing method: CV, number of folds: 10
Feature selection on validation dataset. Percentage of split (subTrain:validation) 75%:25%
---------------------------------------------------------------------------------
Avg. explanation time: 10,60 [ms] (stdev 2,46)
Avg. number of instances that we explain: 259,20 (stdev 0,40)
---------------------------------------------------------------------------------
Internal (during building) accuracy of explanation model: 92,69 (stdev 0,41) ACC on the test dataset: 88,80 (stdev 2,65)
---------------------------------------------------------------------------------
Avg. model building time: 82,50 [ms] (stdev 14,12)
---------------------------------------------------------------------------------
Feature types included in construction: logical operators based, decision rule, threshold, relational, Cartesian product, numerical
*********************************************************************************
Original dataset
*********************************************************************************
Avg. tree size: 78,20 (stdev 11,39) avg. number of leaves: 39,60 (stdev 5,70) avg. number of nodes: 38,60 (stdev 5,70)
Avg. ruleset size: 23,80 (stdev 2,93) avg. number of attributes in rules: 73,10 (stdev 9,17) avg. number of attributes per rule: 3,07 (stdev 0,06)
-----ACC-----
Avg. class. ACC J48 	76,65 (stdev 3,58)
Avg. class. ACC NB 	90,39 (stdev 1,63)
Avg. class. ACC SMO 	87,68 (stdev 2,39)
Avg. class. ACC SMO 	86,87 (stdev 2,77)
Avg. class. ACC IB 	90,08 (stdev 1,86)
Avg. class. ACC FU 	80,65 (stdev 3,20)
Avg. class. ACC RF 	81,45 (stdev 4,01)
-----Learning and testing time-----
Avg. learning time J48 	5,10 [ms] (stdev 10,98 [ms])
Avg. learning time NB 	1,10 [ms] (stdev 3,30 [ms])
Avg. learning time SMO 	15,00 [ms] (stdev 14,72 [ms])
Avg. learning time SMO 	82,10 [ms] (stdev 15,63 [ms])
Avg. learning time IB 	3,70 [ms] (stdev 6,45 [ms])
Avg. learning time FU 	130,00 [ms] (stdev 67,08 [ms])
Avg. learning time RF 	51,00 [ms] (stdev 68,54 [ms])
*********************************************************************************
Only Logical features
*********************************************************************************
Number of logical feat: 46,40 (stdev 16,80)
Avg. tree size (nodes+leaves): 72,20 (stdev 5,53) avg. number of leaves: 36,60 (stdev 2,76) avg. sum of constructs: 42,50 (stdev 2,38) avg. sum of constructs / num of nodes: 1,20 (stdev 0,06)
Avg. num of logical feat in tree: 6,60 (stdev 1,02) avg. sum of (logical) constructs: 13,50 (stdev 2,66)
Avg. ruleset size: 16,30 (stdev 2,28) avg. number of terms of construct in Furia feat.: 69,80 (stdev 12,40) avg. number of terms in constructs per ruleset: 4,27 (stdev 0,39)
-----ACC-----
Avg. class. ACC J48 	81,93 (stdev 3,15)
Avg. class. ACC NB 	76,17 (stdev 4,32)
Avg. class. ACC SMO 	86,09 (stdev 2,90)
Avg. class. ACC SMO 	77,44 (stdev 3,37)
Avg. class. ACC IB 	85,77 (stdev 2,77)
Avg. class. ACC FU 	82,73 (stdev 3,46)
Avg. class. ACC RF 	83,85 (stdev 3,45)
-----Learning and testing time-----
Avg. learning time from FC (all feat), for J48 	7,30 [ms] (stdev 9,43)
Avg. learning time from FC (all feat), for NB 	1,60 [ms] (stdev 1,85)
Avg. learning time from FC (all feat), for SMO 	41,20 [ms] (stdev 11,74)
Avg. learning time from FC (all feat), for SMO 	86,20 [ms] (stdev 18,98)
Avg. learning time from FC (all feat), for IB 	5,80 [ms] (stdev 2,56)
Avg. learning time from FC (all feat), for FU 	121,00 [ms] (stdev 39,66)
Avg. learning time from FC (all feat), for RF 	68,30 [ms] (stdev 86,63)
-----Feature construction time-----
Avg. FC time (only Log feat): 292,50 [ms] stdev 41,33
*********************************************************************************
Numerical features
*********************************************************************************
Number of numerical feat: 30,00 (stdev 0,00)
Avg. tree size (nodes+leaves): 41,40 (stdev 5,12) avg. number of leaves: 21,20 (stdev 2,56) avg. sum of constructs: 40,00 (stdev 4,71) avg. sum of constructs / num of nodes: 1,98 (stdev 0,03)
Avg. num of numerical feat in tree: 19,80 (stdev 2,18) avg. sum of (only numerical) constructs (in tree): 39,60 (stdev 4,36)
Avg. ruleset size: 19,50 (stdev 1,75) avg. number of terms of construct in Furia feat.: 103,50 (stdev 10,76) avg. number of terms in constructs per ruleset: 5,30 (stdev 0,14)
-----ACC-----
Avg. class. ACC J48 	92,95 (stdev 2,74)
Avg. class. ACC NB 	85,11 (stdev 3,97)
Avg. class. ACC SMO 	96,00 (stdev 2,06)
Avg. class. ACC SMO 	90,56 (stdev 1,16)
Avg. class. ACC IB 	91,53 (stdev 1,58)
Avg. class. ACC FU 	94,71 (stdev 2,71)
Avg. class. ACC RF 	96,64 (stdev 2,53)
-----Learning and testing time-----
Avg. learning time from FC (all feat), for J48 	7,60 [ms] (stdev 4,80)
Avg. learning time from FC (all feat), for NB 	2,70 [ms] (stdev 2,10)
Avg. learning time from FC (all feat), for SMO 	15,90 [ms] (stdev 4,70)
Avg. learning time from FC (all feat), for SMO 	79,20 [ms] (stdev 11,47)
Avg. learning time from FC (all feat), for IB 	5,20 [ms] (stdev 1,78)
Avg. learning time from FC (all feat), for FU 	99,90 [ms] (stdev 14,07)
Avg. learning time from FC (all feat), for RF 	31,90 [ms] (stdev 10,10)
-----Feature construction time-----
Avg. FC time (only Num feat): 5,90 [ms] stdev 3,18
*********************************************************************************
Relational features
*********************************************************************************
Number of relational feat: 12,00 (stdev 0,00)
Avg. tree size (nodes+leaves): 34,80 (stdev 0,60) avg. number of leaves: 17,90 (stdev 0,30) avg. sum of constructs: 33,80 (stdev 0,60) avg. sum of constructs / num of nodes: 2,00 (stdev 0,00)
Avg. num of relational feat in tree: 16,90 (stdev 0,30) avg. sum of (only Cartesian) constructs (in tree): 33,80 (stdev 0,60)
Avg. ruleset size: 17,40 (stdev 1,20) avg. number of terms of construct in Furia feat.: 83,00 (stdev 5,60) avg. number of terms in constructs per ruleset: 4,78 (stdev 0,20)
-----ACC-----
Avg. class. ACC J48 	98,08 (stdev 2,12)
Avg. class. ACC NB 	88,97 (stdev 2,29)
Avg. class. ACC SMO 	93,76 (stdev 2,64)
Avg. class. ACC SMO 	86,40 (stdev 2,71)
Avg. class. ACC IB 	96,16 (stdev 2,05)
Avg. class. ACC FU 	97,60 (stdev 1,79)
Avg. class. ACC RF 	96,96 (stdev 1,81)
-----Learning and testing time-----
Avg. learning time from FC (all feat), for J48 	1,30 [ms] (stdev 0,90)
Avg. learning time from FC (all feat), for NB 	0,10 [ms] (stdev 0,30)
Avg. learning time from FC (all feat), for SMO 	26,70 [ms] (stdev 10,93)
Avg. learning time from FC (all feat), for SMO 	70,60 [ms] (stdev 11,24)
Avg. learning time from FC (all feat), for IB 	3,40 [ms] (stdev 0,80)
Avg. learning time from FC (all feat), for FU 	44,10 [ms] (stdev 11,56)
Avg. learning time from FC (all feat), for RF 	23,30 [ms] (stdev 6,87)
-----Feature construction time-----
Avg. FC time (only Rel feat): 2,80 [ms] stdev 1,33
*********************************************************************************
Cartesian product
*********************************************************************************
Number of "Cartesian" feat: 6,00 (stdev 0,00)
Avg. tree size (nodes+leaves): 94,20 (stdev 8,16) avg. number of leaves: 54,90 (stdev 3,75) avg. sum of constructs: 45,80 (stdev 5,23) avg. sum of constructs / num of nodes: 1,17 (stdev 0,02)
Avg. num of "Cartesian" feat in tree: 6,50 (stdev 0,67) avg. sum of (only Cartesian) constructs (in tree): 13,00 (stdev 1,34)
Avg. ruleset size: 22,50 (stdev 2,42) avg. number of terms of construct in Furia feat.: 72,60 (stdev 8,25) avg. number of terms in constructs per ruleset: 3,23 (stdev 0,09)
-----ACC-----
Avg. class. ACC J48 	79,05 (stdev 4,33)
Avg. class. ACC NB 	82,89 (stdev 5,17)
Avg. class. ACC SMO 	86,09 (stdev 2,11)
Avg. class. ACC SMO 	84,01 (stdev 3,15)
Avg. class. ACC IB 	85,77 (stdev 2,77)
Avg. class. ACC FU 	82,55 (stdev 2,15)
Avg. class. ACC RF 	82,56 (stdev 3,23)
-----Learning and testing time-----
Avg. learning time from FC (all feat), for J48 	1,90 [ms] (stdev 1,81)
Avg. learning time from FC (all feat), for NB 	0,10 [ms] (stdev 0,30)
Avg. learning time from FC (all feat), for SMO 	27,60 [ms] (stdev 5,10)
Avg. learning time from FC (all feat), for SMO 	69,40 [ms] (stdev 9,70)
Avg. learning time from FC (all feat), for IB 	2,20 [ms] (stdev 0,40)
Avg. learning time from FC (all feat), for FU 	99,30 [ms] (stdev 29,66)
Avg. learning time from FC (all feat), for RF 	28,80 [ms] (stdev 11,76)
-----Feature construction time-----
Avg. FC time (only Cart feat): 2,70 [ms] stdev 2,24
*********************************************************************************
Only Furia and THR feat
*********************************************************************************
Number of FURIA feat: 36,80 (stdev 3,37) number of thr. feat: 34,70 (stdev 3,41)
Avg. tree size (nodes+leaves): 82,50 (stdev 8,90) avg. number of leaves: 51,60 (stdev 4,80) avg. sum of constructs: 72,10 (stdev 9,02) avg. sum of constructs / num of nodes: 2,34 (stdev 0,17)
Avg. num of FURIA feat. in tree: 15,30 (stdev 2,45) avg. sum of terms in constructs (Furia feat) in tree: 36,80 (stdev 6,75) avg. num of THR feat. in tree: 12,20 (stdev 1,66) avg. sum of terms in constructs (THR feat) in tree: 31,90 (stdev 2,66)
Avg. ruleset size: 26,70 (stdev 2,76) avg. number of terms of construct in Furia feat.: 215,90 (stdev 28,45) avg. number of terms in constructs per ruleset: 8,07 (stdev 0,40)
-----ACC-----
Avg. class. ACC J48 	83,54 (stdev 3,93)
Avg. class. ACC NB 	78,10 (stdev 4,41)
Avg. class. ACC SMO 	94,88 (stdev 2,65)
Avg. class. ACC SMO 	89,60 (stdev 1,09)
Avg. class. ACC IB 	86,39 (stdev 2,33)
Avg. class. ACC FU 	89,27 (stdev 2,92)
Avg. class. ACC RF 	85,44 (stdev 3,28)
-----Learning and testing time-----
Avg. learning time from FC(only Furia and THR feat) J48 7,90 [ms] (stdev 3,39)
Avg. learning time from FC(only Furia and THR feat) NB 1,40 [ms] (stdev 0,66)
Avg. learning time from FC(only Furia and THR feat) SMO 70,10 [ms] (stdev 11,03)
Avg. learning time from FC(only Furia and THR feat) SMO 89,00 [ms] (stdev 6,84)
Avg. learning time from FC(only Furia and THR feat) IB 16,90 [ms] (stdev 3,62)
Avg. learning time from FC(only Furia and THR feat) FU 164,60 [ms] (stdev 28,85)
Avg. learning time from FC(only Furia and THR feat) RF 27,70 [ms] (stdev 5,48)
-----Feature construction time-----
Avg. FC time (only Furia and THR feat): 742,00 [ms] stdev 126,80
*********************************************************************************
All features dataset
*********************************************************************************
Avg. number of groups for feature construction: 11,00 (stdev 0,00)
Avg. size of groups (num. of candidate attr.) per folds (num of attr. in all groups):: 28,00 (stdev 0,00)
Avg. size of groups (num. of candidate attr.) per groups per folds (avg. of avg.): 2,55 (stdev 0,00)
Max avg. group (length) of constructs (num of attr.): 4,00 (stdev 0,00)
Number of logical feat: 46,40 (stdev 16,80) number of numerical feat: 30,00 (stdev 0,00) number of relational feat: 12,00 (stdev 0,00) number of "Cartesian" feat: 6,00 (stdev 0,00) number of FURIA feat: 36,80 (stdev 3,37) number of thr. feat: 34,70 (stdev 3,41)
Avg. tree size (nodes+leaves): 74,30 (stdev 11,65) avg. number of leaves: 40,00 (stdev 6,87) avg. sum of constructs: 78,30 (stdev 11,17) avg. sum of constructs / num of nodes: 2,29 (stdev 0,11)
Avg. num of logical feat in tree: 3,10 (stdev 1,37) avg. sum of (only logical) constructs: 6,30 (stdev 2,76) avg. num of numerical feat in tree: 7,10 (stdev 3,21) avg. sum of (only numerical) constructs: 14,20 (stdev 6,42) avg. num of relational feat in tree: 7,40 (stdev 2,15) avg. sum of (only relational) constructs: 14,80 (stdev 4,31) avg. num of "Cartesian" feat in tree: 0,00 (stdev 0,00) avg. sum of (Cartesian) constructs (in tree): 0,00 (stdev 0,00) avg. num of FURIA feat. in tree: 11,80 (stdev 2,56) avg. sum of terms in constructs (Furia feat) in tree: 33,40 (stdev 7,53) avg. num of THR feat. in tree: 2,70 (stdev 1,73) avg. sum of terms in constructs (THR feat) in tree: 7,40 (stdev 4,63)
Avg. ruleset size: 20,10 (stdev 1,37) avg. number of terms of construct in Furia feat.: 112,40 (stdev 10,03) avg. number of terms in constructs per ruleset: 5,59 (stdev 0,29)
Mean unimp. OR feat.: 0,00 (stdev 0,00) mean unimp. EQU feat.: 0,00 (stdev 0,00) mean unimp. XOR feat.: 0,00 (stdev 0,00) mean unimp. IMPL feat.: 0,00 (stdev 0,00) mean unimp. AND feat.: 0,00 (stdev 0,00) mean unimp. LESSTHAN feat.: 0,00 (stdev 0,00) mean unimp. DIFF feat.: 0,00 (stdev 0,00) mean unimp. "Cartesian" feat.: 0,00 (stdev 0,00)
-----ACC-----
Avg. class. ACC J48 	84,01 (stdev 5,15)
Avg. class. ACC NB 	78,42 (stdev 6,05)
Avg. class. ACC SMO 	96,48 (stdev 1,57)
Avg. class. ACC SMO 	89,12 (stdev 2,24)
Avg. class. ACC IB 	85,45 (stdev 3,20)
Avg. class. ACC FU 	94,24 (stdev 2,51)
Avg. class. ACC RF 	85,92 (stdev 3,46)
-----Learning and testing time-----
Avg. learning time from FC (all feat), for J48 	29,80 [ms] (stdev 8,07)
Avg. learning time from FC (all feat), for NB 	4,90 [ms] (stdev 1,04)
Avg. learning time from FC (all feat), for SMO 	140,70 [ms] (stdev 42,08)
Avg. learning time from FC (all feat), for SMO 	115,50 [ms] (stdev 11,03)
Avg. learning time from FC (all feat), for IB 	27,00 [ms] (stdev 3,87)
Avg. learning time from FC (all feat), for FU 	187,50 [ms] (stdev 34,70)
Avg. learning time from FC (all feat), for RF 	36,50 [ms] (stdev 8,08)
-----Feature construction time-----
Avg. FC time (all feat): 1045,90 [ms] (stdev 166,66)
*********************************************************************************
FS on validation dataset - results
*********************************************************************************
When using J48, number of logical feat: 16,30 (stdev 16,27) number of numerical feat: 14,00 (stdev 11,59) number of relational feat: 4,80 (stdev 3,92) number of "Cartesian" feat: 3,60 (stdev 2,94) number of FURIA feat: 23,10 (stdev 18,96) number of thr. feat: 25,60 (stdev 13,36)
When using NB, number of logical feat: 0,00 (stdev 0,00) number of numerical feat: 0,00 (stdev 0,00) number of relational feat: 0,00 (stdev 0,00) number of "Cartesian" feat: 0,00 (stdev 0,00) number of FURIA feat: 0,00 (stdev 0,00) number of thr. feat: 0,00 (stdev 0,00)
When using SMO, number of logical feat: 29,50 (stdev 12,26) number of numerical feat: 24,30 (stdev 2,37) number of relational feat: 8,00 (stdev 0,00) number of "Cartesian" feat: 6,00 (stdev 0,00) number of FURIA feat: 36,80 (stdev 3,37) number of thr. feat: 34,70 (stdev 3,41)
When using SMO, number of logical feat: 29,50 (stdev 12,26) number of numerical feat: 24,30 (stdev 2,37) number of relational feat: 8,00 (stdev 0,00) number of "Cartesian" feat: 6,00 (stdev 0,00) number of FURIA feat: 36,80 (stdev 3,37) number of thr. feat: 34,70 (stdev 3,41)
When using IB, number of logical feat: 0,00 (stdev 0,00) number of numerical feat: 0,00 (stdev 0,00) number of relational feat: 0,00 (stdev 0,00) number of "Cartesian" feat: 0,00 (stdev 0,00) number of FURIA feat: 0,00 (stdev 0,00) number of thr. feat: 1,20 (stdev 3,60)
When using FURIA, number of logical feat: 29,50 (stdev 12,26) number of numerical feat: 24,30 (stdev 2,37) number of relational feat: 8,00 (stdev 0,00) number of "Cartesian" feat: 6,00 (stdev 0,00) number of FURIA feat: 36,80 (stdev 3,37) number of thr. feat: 34,70 (stdev 3,41)
When using RF, number of logical feat: 22,10 (stdev 14,39) number of numerical feat: 19,70 (stdev 10,02) number of relational feat: 6,40 (stdev 3,20) number of "Cartesian" feat: 4,80 (stdev 2,40) number of FURIA feat: 29,20 (stdev 14,97) number of thr. feat: 30,10 (stdev 9,28)
Avg. tree size (nodes+leaves): 75,10 (stdev 9,06) avg. number of leaves: 44,40 (stdev 6,53) avg. sum of constructs: 66,30 (stdev 18,35) avg. sum of constructs / num of nodes: 2,13 (stdev 0,24)
Avg. num of logical feat. in tree: 1,10 (stdev 1,22) avg. sum of (only logical) constructs in tree: 2,30 (stdev 2,61) avg. num of numerical feat. in tree: 6,50 (stdev 6,28) avg. sum of (only numerical) constructs in tree: 13,00 (stdev 12,56) avg. num of relational feat. in tree: 3,70 (stdev 3,35) avg. sum of (only relational) constructs in tree: 7,40 (stdev 6,70) avg. num of Cartesian feat. in tree: 0,00 (stdev 0,00) avg. sum of constructs (of Cartesian feat) in tree: 0,00 (stdev 0,00) avg. num of FURIA feat. in tree: 6,60 (stdev 5,73) avg. sum of terms in constructs (Furia feat) in tree: 18,10 (stdev 15,64) avg. num of THR feat. in tree: 6,30 (stdev 3,85) avg. sum of terms in constructs (THR feat) in tree: 19,00 (stdev 12,26)
Avg. ruleset size: 19,60 (stdev 0,92) avg. number of terms of construct in Furia feat.: 109,50 (stdev 6,23) avg. number of terms in constructs per ruleset: 5,59 (stdev 0,30)
-----ACC-----
Avg. class. ACC J48 	86,10 (stdev 3,71)
Avg. class. ACC NB 	90,39 (stdev 1,63)
Avg. class. ACC SMO 	96,48 (stdev 1,20)
Avg. class. ACC SMO 	89,44 (stdev 1,44)
Avg. class. ACC IB 	88,95 (stdev 3,79)
Avg. class. ACC FU 	93,93 (stdev 2,10)
Avg. class. ACC RF 	86,09 (stdev 4,07)
-----Search time-----
Avg. search time J48 	761,80 (stdev 80,39)
Avg. search time NB 	724,50 (stdev 101,50)
Avg. search time SMO 	815,40 (stdev 63,29)
Avg. search time SMO 	875,40 (stdev 77,74)
Avg. search time IB 	741,50 (stdev 90,59)
Avg. search time FU 	853,50 (stdev 119,26)
Avg. search time RF 	726,20 (stdev 98,66)
-----Learning and testing time-----
Avg. learn time J48 	11,70 (stdev 9,19)
Avg. learn time NB 	0,00 (stdev 0,00)
Avg. learn time SMO 	115,00 (stdev 41,00)
Avg. learn time SMO 	118,50 (stdev 25,87)
Avg. learn time IB 	1,90 (stdev 0,83)
Avg. learn time FU 	148,20 (stdev 14,09)
Avg. learn time RF 	28,30 (stdev 6,56)
~~~~~~~~~~~~~~~~~~~~~~~~~~~~~~~~~~~~~~~~~~~~~~~~~~~~~~~~~~~~~~~~~~~~~~~~~~~~~~~~
Total processing time (Balance scale.arff): 130492
~~~~~~~~~~~~~~~~~~~~~~~~~~~~~~~~~~~~~~~~~~~~~~~~~~~~~~~~~~~~~~~~~~~~~~~~~~~~~~~~
