dataset: Glass_new.arff
Number of folds for testing (CV): 10
*********************************************************************************
number of instances: 214
number of attributes: 9
number of classes: 6
---------------------------------------------------------------------------------
Testing method: CV, number of folds: 10
Feature selection on validation dataset. Percentage of split (subTrain:validation) 75%:25%
---------------------------------------------------------------------------------
Avg. number of instances that we explain: 26,10 (stdev 0,30)
---------------------------------------------------------------------------------
Explanation times are stored in Lime/execTimes.log
---------------------------------------------------------------------------------
Feature types included in construction: logical operators based, decision rule, threshold, relational, Cartesian product, numerical
*********************************************************************************
Original dataset
*********************************************************************************
Avg. tree size: 44,20 (stdev 5,23) avg. number of leaves: 22,60 (stdev 2,62) avg. number of nodes: 21,60 (stdev 2,62)
Avg. ruleset size: 0,00 (stdev 0,00) avg. number of attributes in rules: 0,00 (stdev 0,00) avg. number of attributes per rule: 0,00 (stdev 0,00)
-----ACC-----
Avg. class. ACC J48 	66,75 (stdev 7,53)
Avg. class. ACC NB 	48,59 (stdev 6,21)
Avg. class. ACC IB 	66,39 (stdev 7,98)
-----Learning and testing time-----
Avg. learning time J48 	4,10 [ms] (stdev 8,97 [ms])
Avg. learning time NB 	0,90 [ms] (stdev 2,70 [ms])
Avg. learning time IB 	0,80 [ms] (stdev 2,40 [ms])
*********************************************************************************
Only Logical features
*********************************************************************************
Number of logical feat: 209,90 (stdev 81,83)
Avg. tree size (nodes+leaves): 43,40 (stdev 1,96) avg. number of leaves: 22,20 (stdev 0,98) avg. sum of constructs: 29,40 (stdev 2,42) avg. sum of constructs / num of nodes: 1,39 (stdev 0,10)
Avg. num of logical feat in tree: 7,00 (stdev 2,05) avg. sum of (logical) constructs: 15,20 (stdev 4,12)
Avg. ruleset size: 0,00 (stdev 0,00) avg. number of terms of construct in Furia feat.: 0,00 (stdev 0,00) avg. number of terms in constructs per ruleset: 0,00 (stdev 0,00)
-----ACC-----
Avg. class. ACC J48 	68,68 (stdev 8,80)
Avg. class. ACC NB 	55,56 (stdev 7,58)
Avg. class. ACC IB 	63,55 (stdev 7,34)
-----Learning and testing time-----
Avg. learning time from FC (all feat), for J48 	10,50 [ms] (stdev 8,96)
Avg. learning time from FC (all feat), for NB 	4,40 [ms] (stdev 4,74)
Avg. learning time from FC (all feat), for IB 	9,70 [ms] (stdev 15,65)
-----Feature construction time-----
Avg. FC time (only Log feat): 395,30 [ms] stdev 175,29
*********************************************************************************
Numerical features
*********************************************************************************
Number of numerical feat: 43,50 (stdev 10,50)
Avg. tree size (nodes+leaves): 42,20 (stdev 4,21) avg. number of leaves: 21,60 (stdev 2,11) avg. sum of constructs: 29,30 (stdev 2,93) avg. sum of constructs / num of nodes: 1,43 (stdev 0,09)
Avg. num of numerical feat in tree: 8,70 (stdev 1,68) avg. sum of (only numerical) constructs (in tree): 17,40 (stdev 3,35)
Avg. ruleset size: 0,00 (stdev 0,00) avg. number of terms of construct in Furia feat.: 0,00 (stdev 0,00) avg. number of terms in constructs per ruleset: 0,00 (stdev 0,00)
-----ACC-----
Avg. class. ACC J48 	71,43 (stdev 5,63)
Avg. class. ACC NB 	43,98 (stdev 8,73)
Avg. class. ACC IB 	62,19 (stdev 7,16)
-----Learning and testing time-----
Avg. learning time from FC (all feat), for J48 	8,50 [ms] (stdev 5,08)
Avg. learning time from FC (all feat), for NB 	2,80 [ms] (stdev 2,23)
Avg. learning time from FC (all feat), for IB 	1,90 [ms] (stdev 2,12)
-----Feature construction time-----
Avg. FC time (only Num feat): 5,20 [ms] stdev 2,89
*********************************************************************************
Relational features
*********************************************************************************
Number of relational feat: 8,20 (stdev 1,40)
Avg. tree size (nodes+leaves): 45,60 (stdev 5,14) avg. number of leaves: 23,30 (stdev 2,57) avg. sum of constructs: 24,30 (stdev 2,57) avg. sum of constructs / num of nodes: 1,09 (stdev 0,01)
Avg. num of relational feat in tree: 2,00 (stdev 0,00) avg. sum of (only Cartesian) constructs (in tree): 4,00 (stdev 0,00)
Avg. ruleset size: 0,00 (stdev 0,00) avg. number of terms of construct in Furia feat.: 0,00 (stdev 0,00) avg. number of terms in constructs per ruleset: 0,00 (stdev 0,00)
-----ACC-----
Avg. class. ACC J48 	66,71 (stdev 8,50)
Avg. class. ACC NB 	50,91 (stdev 7,41)
Avg. class. ACC IB 	66,43 (stdev 8,05)
-----Learning and testing time-----
Avg. learning time from FC (all feat), for J48 	2,00 [ms] (stdev 1,26)
Avg. learning time from FC (all feat), for NB 	0,40 [ms] (stdev 0,66)
Avg. learning time from FC (all feat), for IB 	0,70 [ms] (stdev 1,19)
-----Feature construction time-----
Avg. FC time (only Rel feat): 1,80 [ms] stdev 1,08
*********************************************************************************
Cartesian product
*********************************************************************************
Number of "Cartesian" feat: 8,70 (stdev 2,10)
Avg. tree size (nodes+leaves): 51,60 (stdev 8,72) avg. number of leaves: 33,60 (stdev 7,93) avg. sum of constructs: 21,70 (stdev 2,53) avg. sum of constructs / num of nodes: 1,21 (stdev 0,07)
Avg. num of "Cartesian" feat in tree: 3,70 (stdev 1,19) avg. sum of (only Cartesian) constructs (in tree): 7,40 (stdev 2,37)
Avg. ruleset size: 0,00 (stdev 0,00) avg. number of terms of construct in Furia feat.: 0,00 (stdev 0,00) avg. number of terms in constructs per ruleset: 0,00 (stdev 0,00)
-----ACC-----
Avg. class. ACC J48 	68,23 (stdev 3,42)
Avg. class. ACC NB 	55,13 (stdev 9,05)
Avg. class. ACC IB 	66,41 (stdev 7,20)
-----Learning and testing time-----
Avg. learning time from FC (all feat), for J48 	1,70 [ms] (stdev 1,19)
Avg. learning time from FC (all feat), for NB 	0,30 [ms] (stdev 0,64)
Avg. learning time from FC (all feat), for IB 	0,50 [ms] (stdev 0,67)
-----Feature construction time-----
Avg. FC time (only Cart feat): 2,20 [ms] stdev 1,72
*********************************************************************************
Only Furia and THR feat
*********************************************************************************
Number of FURIA feat: 4,90 (stdev 1,51) number of thr. feat: 3,30 (stdev 1,90)
Avg. tree size (nodes+leaves): 46,70 (stdev 5,68) avg. number of leaves: 24,70 (stdev 3,35) avg. sum of constructs: 25,00 (stdev 3,77) avg. sum of constructs / num of nodes: 1,14 (stdev 0,10)
Avg. num of FURIA feat. in tree: 1,60 (stdev 0,66) avg. sum of terms in constructs (Furia feat) in tree: 2,90 (stdev 1,22) avg. num of THR feat. in tree: 1,30 (stdev 1,19) avg. sum of terms in constructs (THR feat) in tree: 3,00 (stdev 3,00)
Avg. ruleset size: 0,00 (stdev 0,00) avg. number of terms of construct in Furia feat.: 0,00 (stdev 0,00) avg. number of terms in constructs per ruleset: 0,00 (stdev 0,00)
-----ACC-----
Avg. class. ACC J48 	63,48 (stdev 6,73)
Avg. class. ACC NB 	47,71 (stdev 7,48)
Avg. class. ACC IB 	66,93 (stdev 7,45)
-----Learning and testing time-----
Avg. learning time from FC(only Furia and THR feat) J48 2,30 [ms] (stdev 1,10)
Avg. learning time from FC(only Furia and THR feat) NB 0,50 [ms] (stdev 0,92)
Avg. learning time from FC(only Furia and THR feat) IB 0,60 [ms] (stdev 0,66)
-----Feature construction time-----
Avg. FC time (only Furia and THR feat): 172,90 [ms] stdev 58,73
*********************************************************************************
All features dataset
*********************************************************************************
Avg. number of groups for feature construction: 6,20 (stdev 1,08)
Avg. size of groups (num. of candidate attr.) per folds (num of attr. in all groups):: 18,50 (stdev 4,59)
Avg. size of groups (num. of candidate attr.) per groups per folds (avg. of avg.): 2,96 (stdev 0,27)
Max avg. group (length) of constructs (num of attr.): 4,30 (stdev 0,46)
Number of logical feat: 209,90 (stdev 81,83) number of numerical feat: 43,50 (stdev 10,50) number of relational feat: 8,20 (stdev 1,40) number of "Cartesian" feat: 8,70 (stdev 2,10) number of FURIA feat: 4,90 (stdev 1,51) number of thr. feat: 3,30 (stdev 1,90)
Avg. tree size (nodes+leaves): 42,10 (stdev 4,64) avg. number of leaves: 21,80 (stdev 2,64) avg. sum of constructs: 32,80 (stdev 5,06) avg. sum of constructs / num of nodes: 1,61 (stdev 0,12)
Avg. num of logical feat in tree: 5,90 (stdev 1,97) avg. sum of (only logical) constructs: 13,10 (stdev 4,25) avg. num of numerical feat in tree: 4,00 (stdev 1,79) avg. sum of (only numerical) constructs: 8,00 (stdev 3,58) avg. num of relational feat in tree: 0,30 (stdev 0,46) avg. sum of (only relational) constructs: 0,60 (stdev 0,92) avg. num of "Cartesian" feat in tree: 0,00 (stdev 0,00) avg. sum of (Cartesian) constructs (in tree): 0,00 (stdev 0,00) avg. num of FURIA feat. in tree: 0,70 (stdev 0,64) avg. sum of terms in constructs (Furia feat) in tree: 1,20 (stdev 1,08) avg. num of THR feat. in tree: 0,40 (stdev 0,66) avg. sum of terms in constructs (THR feat) in tree: 0,90 (stdev 1,58)
Avg. ruleset size: 0,00 (stdev 0,00) avg. number of terms of construct in Furia feat.: 0,00 (stdev 0,00) avg. number of terms in constructs per ruleset: 0,00 (stdev 0,00)
Mean unimp. OR feat.: 0,00 (stdev 0,00) mean unimp. EQU feat.: 0,00 (stdev 0,00) mean unimp. XOR feat.: 0,00 (stdev 0,00) mean unimp. IMPL feat.: 0,00 (stdev 0,00) mean unimp. AND feat.: 0,00 (stdev 0,00) mean unimp. LESSTHAN feat.: 3,50 (stdev 1,28) mean unimp. DIFF feat.: 5,70 (stdev 2,10) mean unimp. "Cartesian" feat.: 0,00 (stdev 0,00)
-----ACC-----
Avg. class. ACC J48 	66,82 (stdev 6,09)
Avg. class. ACC NB 	52,36 (stdev 7,20)
Avg. class. ACC IB 	66,34 (stdev 6,80)
-----Learning and testing time-----
Avg. learning time from FC (all feat), for J48 	16,10 [ms] (stdev 7,45)
Avg. learning time from FC (all feat), for NB 	6,90 [ms] (stdev 4,37)
Avg. learning time from FC (all feat), for IB 	5,60 [ms] (stdev 2,54)
-----Feature construction time-----
Avg. FC time (all feat): 577,40 [ms] (stdev 234,20)
*********************************************************************************
FS on validation dataset - results
*********************************************************************************
When using J48, number of logical feat: 90,60 (stdev 83,64) number of numerical feat: 18,50 (stdev 19,50) number of relational feat: 3,80 (stdev 3,92) number of "Cartesian" feat: 5,40 (stdev 3,77) number of FURIA feat: 2,50 (stdev 2,46) number of thr. feat: 1,90 (stdev 1,92)
When using NB, number of logical feat: 62,10 (stdev 53,79) number of numerical feat: 4,50 (stdev 13,50) number of relational feat: 0,80 (stdev 2,40) number of "Cartesian" feat: 8,40 (stdev 2,06) number of FURIA feat: 0,80 (stdev 1,78) number of thr. feat: 1,30 (stdev 1,10)
When using IB, number of logical feat: 103,00 (stdev 116,61) number of numerical feat: 17,00 (stdev 22,72) number of relational feat: 3,40 (stdev 4,32) number of "Cartesian" feat: 6,50 (stdev 3,80) number of FURIA feat: 2,20 (stdev 2,68) number of thr. feat: 1,60 (stdev 2,29)
Avg. tree size (nodes+leaves): 43,80 (stdev 3,63) avg. number of leaves: 23,00 (stdev 2,79) avg. sum of constructs: 28,60 (stdev 6,34) avg. sum of constructs / num of nodes: 1,38 (stdev 0,30)
Avg. num of logical feat. in tree: 4,00 (stdev 3,16) avg. sum of (only logical) constructs in tree: 8,90 (stdev 6,98) avg. num of numerical feat. in tree: 2,10 (stdev 2,62) avg. sum of (only numerical) constructs in tree: 4,20 (stdev 5,25) avg. num of relational feat. in tree: 0,10 (stdev 0,30) avg. sum of (only relational) constructs in tree: 0,20 (stdev 0,60) avg. num of Cartesian feat. in tree: 0,10 (stdev 0,30) avg. sum of constructs (of Cartesian feat) in tree: 0,20 (stdev 0,60) avg. num of FURIA feat. in tree: 0,20 (stdev 0,40) avg. sum of terms in constructs (Furia feat) in tree: 0,40 (stdev 0,80) avg. num of THR feat. in tree: 0,30 (stdev 0,64) avg. sum of terms in constructs (THR feat) in tree: 0,70 (stdev 1,55)
Avg. ruleset size: 0,00 (stdev 0,00) avg. number of terms of construct in Furia feat.: 0,00 (stdev 0,00) avg. number of terms in constructs per ruleset: 0,00 (stdev 0,00)
-----ACC-----
Avg. class. ACC J48 	65,80 (stdev 7,54)
Avg. class. ACC NB 	58,35 (stdev 7,33)
Avg. class. ACC IB 	65,84 (stdev 8,50)
-----Search time-----
Avg. search time J48 	148,00 (stdev 50,73)
Avg. search time NB 	144,30 (stdev 47,26)
Avg. search time IB 	135,50 (stdev 46,28)
-----Learning and testing time-----
Avg. learn time J48 	6,20 (stdev 4,19)
Avg. learn time NB 	1,30 (stdev 1,73)
Avg. learn time IB 	3,20 (stdev 4,58)
~~~~~~~~~~~~~~~~~~~~~~~~~~~~~~~~~~~~~~~~~~~~~~~~~~~~~~~~~~~~~~~~~~~~~~~~~~~~~~~~
Total processing time (Glass_new.arff): 70334
~~~~~~~~~~~~~~~~~~~~~~~~~~~~~~~~~~~~~~~~~~~~~~~~~~~~~~~~~~~~~~~~~~~~~~~~~~~~~~~~
