dataset: Breast Cancer Coimbra.arff
Number of folds for testing (CV): 10
*********************************************************************************
number of instances: 116
number of attributes: 9
number of classes: 2
---------------------------------------------------------------------------------
Alg. for searching concepts: TreeSHAP (XGBOOST) parameters: numOfRounds->100 maxDepth->3 eta->0.3 gamma->1.0
Explaining class: 1 explaining whole dataset: NO
---------------------------------------------------------------------------------
Feature selection on validation datasetPercentage of split (subTrain:validation) 75%:25%
---------------------------------------------------------------------------------
Avg. explanation time: 1,50 [ms] (stdev 1,20)
Avg. number of instances that we explain: 46,80 (stdev 0,40)
---------------------------------------------------------------------------------
Internal (during building) accuracy of explanation model: 97,41 (stdev 1,06) ACC on the test dataset: 70,68 (stdev 15,46)
---------------------------------------------------------------------------------
Avg. model building time: 38,80 [ms] (stdev 15,98)
*********************************************************************************
Original dataset
*********************************************************************************
Avg. tree size: 17,20 (stdev 5,76) avg. number of leaves: 9,10 (stdev 2,88) avg. number of nodes: 8,10 (stdev 2,88)
Avg. ruleset size: 6,20 (stdev 1,33) avg. number of attributes in rules: 12,80 (stdev 3,57) avg. number of attributes per rule: 2,05 (stdev 0,21)
-----ACC-----
Avg. class. ACC J48 	68,86 (stdev 12,46)
Avg. class. ACC NB 	60,45 (stdev 15,62)
Avg. class. ACC FU 	74,92 (stdev 11,69)
Avg. class. ACC RF 	74,09 (stdev 13,06)
-----Learning and testing time-----
Avg. learning time J48 	2,30 [ms] (stdev 6,25 [ms])
Avg. learning time NB 	0,70 [ms] (stdev 2,10 [ms])
Avg. learning time FU 	9,30 [ms] (stdev 7,38 [ms])
Avg. learning time RF 	16,90 [ms] (stdev 22,97 [ms])
*********************************************************************************
Only Logical features
*********************************************************************************
Number of logical feat: 54,00 (stdev 30,55)
Avg. tree size (nodes+leaves): 17,80 (stdev 5,81) avg. number of leaves: 9,40 (stdev 2,91) avg. sum of constructs: 10,10 (stdev 2,95) avg. sum of constructs / num of nodes: 1,25 (stdev 0,17)
Avg. num of logical feat in tree: 1,70 (stdev 0,90) avg. sum of (logical) constructs: 3,40 (stdev 1,80)
Avg. ruleset size: 7,10 (stdev 0,70) avg. number of terms of construct in Furia feat.: 15,20 (stdev 2,93) avg. number of terms in constructs per ruleset: 2,14 (stdev 0,34)
-----ACC-----
Avg. class. ACC J48 	66,44 (stdev 11,39)
Avg. class. ACC NB 	62,95 (stdev 16,37)
Avg. class. ACC FU 	76,74 (stdev 12,48)
Avg. class. ACC RF 	65,68 (stdev 14,16)
-----Learning and testing time-----
Avg. learning time from FC (all feat), for J48 	1,30 [ms] (stdev 2,28)
Avg. learning time from FC (all feat), for NB 	0,10 [ms] (stdev 0,30)
Avg. learning time from FC (all feat), for FU 	13,70 [ms] (stdev 10,01)
Avg. learning time from FC (all feat), for RF 	13,90 [ms] (stdev 14,51)
-----Feature construction time-----
Avg. FC time (all feat): 289,80 [ms] stdev 62,09
*********************************************************************************
Numerical features
*********************************************************************************
Number of numerical feat: 82,00 (stdev 21,35)
Avg. tree size (nodes+leaves): 17,80 (stdev 2,86) avg. number of leaves: 9,40 (stdev 1,43) avg. sum of constructs: 15,20 (stdev 2,79) avg. sum of constructs / num of nodes: 1,81 (stdev 0,16)
Avg. num of numerical feat in tree: 6,80 (stdev 1,66) avg. sum of (only numerical) constructs (in tree): 13,60 (stdev 3,32)
Avg. ruleset size: 5,90 (stdev 1,70) avg. number of terms of construct in Furia feat.: 21,50 (stdev 9,29) avg. number of terms in constructs per ruleset: 3,51 (stdev 0,65)
-----ACC-----
Avg. class. ACC J48 	74,39 (stdev 15,31)
Avg. class. ACC NB 	67,42 (stdev 16,81)
Avg. class. ACC FU 	69,09 (stdev 15,00)
Avg. class. ACC RF 	80,30 (stdev 15,53)
-----Learning and testing time-----
Avg. learning time from FC (all feat), for J48 	4,30 [ms] (stdev 1,55)
Avg. learning time from FC (all feat), for NB 	1,40 [ms] (stdev 0,80)
Avg. learning time from FC (all feat), for FU 	37,00 [ms] (stdev 12,38)
Avg. learning time from FC (all feat), for RF 	14,00 [ms] (stdev 5,57)
-----Feature construction time-----
Avg. FC time (all feat): 12,20 [ms] stdev 7,14
*********************************************************************************
Relational features
*********************************************************************************
Number of relational feat: 10,20 (stdev 3,16)
Avg. tree size (nodes+leaves): 16,60 (stdev 4,80) avg. number of leaves: 8,80 (stdev 2,40) avg. sum of constructs: 9,70 (stdev 3,32) avg. sum of constructs / num of nodes: 1,23 (stdev 0,14)
Avg. num of relational feat in tree: 1,90 (stdev 1,22) avg. sum of (only Cartesian) constructs (in tree): 3,80 (stdev 2,44)
Avg. ruleset size: 5,50 (stdev 1,02) avg. number of terms of construct in Furia feat.: 10,50 (stdev 2,54) avg. number of terms in constructs per ruleset: 1,90 (stdev 0,21)
-----ACC-----
Avg. class. ACC J48 	68,71 (stdev 17,32)
Avg. class. ACC NB 	65,68 (stdev 14,06)
Avg. class. ACC FU 	73,11 (stdev 14,61)
Avg. class. ACC RF 	70,76 (stdev 12,49)
-----Learning and testing time-----
Avg. learning time from FC (all feat), for J48 	1,80 [ms] (stdev 1,99)
Avg. learning time from FC (all feat), for NB 	0,00 [ms] (stdev 0,00)
Avg. learning time from FC (all feat), for FU 	8,50 [ms] (stdev 5,00)
Avg. learning time from FC (all feat), for RF 	9,70 [ms] (stdev 4,08)
-----Feature construction time-----
Avg. FC time (all feat): 3,20 [ms] stdev 1,54
*********************************************************************************
Cartesian product
*********************************************************************************
Number of "Cartesian" feat: 8,50 (stdev 3,17)
Avg. tree size (nodes+leaves): 19,70 (stdev 7,21) avg. number of leaves: 10,70 (stdev 4,12) avg. sum of constructs: 11,00 (stdev 3,66) avg. sum of constructs / num of nodes: 1,26 (stdev 0,18)
Avg. num of "Cartesian" feat in tree: 2,00 (stdev 1,26) avg. sum of (only Cartesian) constructs (in tree): 4,00 (stdev 2,53)
Avg. ruleset size: 6,10 (stdev 1,30) avg. number of terms of construct in Furia feat.: 13,30 (stdev 4,34) avg. number of terms in constructs per ruleset: 2,14 (stdev 0,28)
-----ACC-----
Avg. class. ACC J48 	69,77 (stdev 10,96)
Avg. class. ACC NB 	64,77 (stdev 15,56)
Avg. class. ACC FU 	74,09 (stdev 12,17)
Avg. class. ACC RF 	68,26 (stdev 15,95)
-----Learning and testing time-----
Avg. learning time from FC (all feat), for J48 	0,40 [ms] (stdev 0,49)
Avg. learning time from FC (all feat), for NB 	0,00 [ms] (stdev 0,00)
Avg. learning time from FC (all feat), for FU 	8,90 [ms] (stdev 5,99)
Avg. learning time from FC (all feat), for RF 	9,30 [ms] (stdev 4,58)
-----Feature construction time-----
Avg. FC time (all feat): 2,30 [ms] stdev 1,42
*********************************************************************************
Only Furia and THR feat
*********************************************************************************
Number of FURIA feat: 27,70 (stdev 5,88) number of thr. feat: 21,40 (stdev 4,43)
Avg. tree size (nodes+leaves): 13,10 (stdev 4,11) avg. number of leaves: 7,10 (stdev 2,17) avg. sum of constructs: 14,00 (stdev 3,32) avg. sum of constructs / num of nodes: 2,42 (stdev 0,36)
Avg. num of FURIA feat. in tree: 5,40 (stdev 1,50) avg. sum of terms in constructs (Furia feat) in tree: 13,30 (stdev 2,90) avg. num of THR feat. in tree: 0,10 (stdev 0,30) avg. sum of terms in constructs (THR feat) in tree: 0,20 (stdev 0,60)
Avg. ruleset size: 6,90 (stdev 1,37) avg. number of terms of construct in Furia feat.: 23,40 (stdev 6,89) avg. number of terms in constructs per ruleset: 3,37 (stdev 0,66)
-----ACC-----
Avg. class. ACC J48 	70,76 (stdev 14,52)
Avg. class. ACC NB 	75,98 (stdev 16,34)
Avg. class. ACC FU 	72,50 (stdev 13,25)
Avg. class. ACC RF 	76,82 (stdev 16,56)
-----Learning and testing time-----
Avg. learning time from FC(only Furia and THR feat) J48 1,00 [ms] (stdev 0,89)
Avg. learning time from FC(only Furia and THR feat) NB 0,00 [ms] (stdev 0,00)
Avg. learning time from FC(only Furia and THR feat) FU 8,60 [ms] (stdev 2,15)
Avg. learning time from FC(only Furia and THR feat) RF 11,70 [ms] (stdev 6,66)
-----Feature construction time-----
Avg. FC time (only Furia and THR feat): 187,70 [ms] stdev 63,59
*********************************************************************************
All features dataset
*********************************************************************************
Avg. number of groups for feature construction: 19,50 (stdev 4,03)
Avg. size of groups (num. of candidate attr.) per folds (unm of attr. in all groups):: 62,20 (stdev 16,97)
Avg. size of groups (num. of candidate attr.) per groups per folds (avg. of avg.): 3,15 (stdev 0,24)
Max avg. group (length) of constructs (num of attr.): 4,80 (stdev 0,40)
Number of logical feat: 54,00 (stdev 30,55) number of numerical feat: 82,00 (stdev 21,35) number of relational feat: 10,20 (stdev 3,16) number of "Cartesian" feat: 8,50 (stdev 3,17) number of FURIA feat: 27,70 (stdev 5,88) number of thr. feat: 21,40 (stdev 4,43)
Avg. tree size (nodes+leaves): 13,00 (stdev 3,58) avg. number of leaves: 7,00 (stdev 1,79) avg. sum of constructs: 14,10 (stdev 2,98) avg. sum of constructs / num of nodes: 2,43 (stdev 0,36)
Avg. num of logical feat in tree: 0,00 (stdev 0,00) avg. sum of (only logical) constructs: 0,00 (stdev 0,00) avg. num of numerical feat in tree: 0,40 (stdev 0,49) avg. sum of (only numerical) constructs: 0,80 (stdev 0,98) avg. num of relational feat in tree: 0,00 (stdev 0,00) avg. sum of (only relational) constructs: 0,00 (stdev 0,00) avg. num of "Cartesian" feat in tree: 0,00 (stdev 0,00) avg. sum of (Cartesian) constructs (in tree): 0,00 (stdev 0,00) avg. num of FURIA feat. in tree: 5,20 (stdev 1,17) avg. sum of terms in constructs (Furia feat) in tree: 12,90 (stdev 2,47) avg. num of THR feat. in tree: 0,00 (stdev 0,00) avg. sum of terms in constructs (THR feat) in tree: 0,00 (stdev 0,00)
Avg. ruleset size: 6,40 (stdev 1,11) avg. number of terms of construct in Furia feat.: 22,50 (stdev 8,49) avg. number of terms in constructs per ruleset: 3,42 (stdev 0,88)
Mean unimp. OR feat.: 0,00 (stdev 0,00) mean unimp. EQU feat.: 0,00 (stdev 0,00) mean unimp. XOR feat.: 0,00 (stdev 0,00) mean unimp. IMPL feat.: 0,00 (stdev 0,00) mean unimp. AND feat.: 0,00 (stdev 0,00) mean unimp. LESSTHAN feat.: 6,60 (stdev 1,91) mean unimp. DIFF feat.: 16,00 (stdev 3,92) mean unimp. "Cartesian" feat.: 7,90 (stdev 3,99)
-----ACC-----
Avg. class. ACC J48 	70,76 (stdev 14,04)
Avg. class. ACC NB 	70,91 (stdev 17,48)
Avg. class. ACC FU 	71,82 (stdev 13,47)
Avg. class. ACC RF 	75,23 (stdev 14,54)
-----Learning and testing time-----
Avg. learning time from FC (all feat), for J48 	7,70 [ms] (stdev 2,76)
Avg. learning time from FC (all feat), for NB 	1,40 [ms] (stdev 0,80)
Avg. learning time from FC (all feat), for FU 	43,00 [ms] (stdev 14,33)
Avg. learning time from FC (all feat), for RF 	15,80 [ms] (stdev 6,14)
-----Feature construction time-----
Avg. FC time (all feat): 495,20 [ms] (stdev 121,83)
*********************************************************************************
FS on validation dataset - results
*********************************************************************************
When using J48, number of logical feat: 44,30 (stdev 31,20) number of numerical feat: 70,70 (stdev 30,18) number of relational feat: 6,10 (stdev 2,51) number of "Cartesian" feat: 7,20 (stdev 3,68) number of FURIA feat: 25,20 (stdev 10,22) number of thr. feat: 19,40 (stdev 7,83)
When using NB, number of logical feat: 51,80 (stdev 28,55) number of numerical feat: 81,70 (stdev 21,08) number of relational feat: 7,10 (stdev 1,76) number of "Cartesian" feat: 8,50 (stdev 3,17) number of FURIA feat: 27,70 (stdev 5,88) number of thr. feat: 21,40 (stdev 4,43)
When using FURIA, number of logical feat: 29,10 (stdev 38,35) number of numerical feat: 40,90 (stdev 43,22) number of relational feat: 3,70 (stdev 3,90) number of "Cartesian" feat: 4,20 (stdev 4,75) number of FURIA feat: 14,30 (stdev 14,91) number of thr. feat: 11,00 (stdev 11,33)
When using RF, number of logical feat: 44,70 (stdev 31,56) number of numerical feat: 70,30 (stdev 29,62) number of relational feat: 6,20 (stdev 2,64) number of "Cartesian" feat: 7,20 (stdev 3,68) number of FURIA feat: 24,20 (stdev 9,68) number of thr. feat: 18,60 (stdev 7,30)
Avg. tree size (nodes+leaves): 11,80 (stdev 3,37) avg. number of leaves: 6,40 (stdev 1,69) avg. sum of constructs: 12,70 (stdev 4,29) avg. sum of constructs / num of nodes: 2,34 (stdev 0,54)
Avg. num of logical feat. in tree: 0,00 (stdev 0,00) avg. sum of (only logical) constructs in tree: 0,00 (stdev 0,00) avg. num of numerical feat. in tree: 0,30 (stdev 0,46) avg. sum of (only numerical) constructs in tree: 0,60 (stdev 0,92) avg. num of relational feat. in tree: 0,00 (stdev 0,00) avg. sum of (only relational) constructs in tree: 0,00 (stdev 0,00) avg. num of Cartesian feat. in tree: 0,00 (stdev 0,00) avg. sum of constructs (of Cartesian feat) in tree: 0,00 (stdev 0,00) avg. num of FURIA feat. in tree: 4,60 (stdev 1,91) avg. sum of terms in constructs (Furia feat) in tree: 11,60 (stdev 4,59) avg. num of THR feat. in tree: 0,00 (stdev 0,00) avg. sum of terms in constructs (THR feat) in tree: 0,00 (stdev 0,00)
Avg. ruleset size: 5,90 (stdev 1,64) avg. number of terms of construct in Furia feat.: 14,80 (stdev 6,68) avg. number of terms in constructs per ruleset: 2,50 (stdev 0,61)
-----ACC-----
Avg. class. ACC J48 	66,21 (stdev 14,13)
Avg. class. ACC NB 	70,91 (stdev 17,48)
Avg. class. ACC FU 	74,77 (stdev 14,16)
Avg. class. ACC RF 	76,89 (stdev 12,99)
-----Search time-----
Avg. search time J48 	4985,80 (stdev 1361,36)
Avg. search time NB 	4981,40 (stdev 1393,91)
Avg. search time FU 	4944,10 (stdev 1338,78)
Avg. search time RF 	4950,60 (stdev 1340,86)
-----Learning and testing time-----
Avg. learn time J48 	6,00 (stdev 3,00)
Avg. learn time NB 	1,20 (stdev 0,40)
Avg. learn time FU 	24,10 (stdev 17,81)
Avg. learn time RF 	11,50 (stdev 4,86)
~~~~~~~~~~~~~~~~~~~~~~~~~~~~~~~~~~~~~~~~~~~~~~~~~~~~~~~~~~~~~~~~~~~~~~~~~~~~~~~~
Total processing time (Breast Cancer Coimbra.arff): 279348
~~~~~~~~~~~~~~~~~~~~~~~~~~~~~~~~~~~~~~~~~~~~~~~~~~~~~~~~~~~~~~~~~~~~~~~~~~~~~~~~
