dataset: rDisjunctBin.arff
Number of folds for testing (CV): 10
*********************************************************************************
number of instances: 2000
number of attributes: 5
number of classes: 1
---------------------------------------------------------------------------------
IME (explanation), equalSampling, N_SAMPLES: 100 - alg. for searching concepts: RandomForest
---------------------------------------------------------------------------------
Testing method: CV, number of folds: 10
Feature selection on validation dataset. Percentage of split (subTrain:validation) 75%:25%
---------------------------------------------------------------------------------
Feature types included in construction: logical operators based, decision rule, threshold, relational, Cartesian product, numerical
*********************************************************************************
Original dataset
*********************************************************************************
-----MAE and RMSE-----
Avg. MAE M5P 	0,01 (stdev 0,00) 	Avg. RMSE M5P 	0,01 (stdev 0,00)
Avg. MAE LR 	0,20 (stdev 0,01) 	Avg. RMSE LR 	0,25 (stdev 0,01)
Avg. MAE M5R 	0,00 (stdev 0,00) 	Avg. RMSE M5R 	0,00 (stdev 0,00)
Avg. MAE RF 	0,00 (stdev 0,00) 	Avg. RMSE RF 	0,00 (stdev 0,00)
*********************************************************************************
Only Logical features
*********************************************************************************
Number of logical feat: 17,00 (stdev 0,00)
-----MAE and RMSE-----
Avg. MAE M5P 	0,00 (stdev 0,00) 	Avg. RMSE M5P 	0,01 (stdev 0,00)
Avg. MAE LR 	0,00 (stdev 0,00) 	Avg. RMSE LR 	0,00 (stdev 0,00)
Avg. MAE M5R 	0,00 (stdev 0,00) 	Avg. RMSE M5R 	0,00 (stdev 0,00)
Avg. MAE RF 	0,00 (stdev 0,00) 	Avg. RMSE RF 	0,00 (stdev 0,00)
-----Learning and testing time-----
Avg. learning time from FC (all feat), for M5P 	17,50 [ms] (stdev 4,46)
Avg. learning time from FC (all feat), for LR 	7,80 [ms] (stdev 5,81)
Avg. learning time from FC (all feat), for M5R 	19,80 [ms] (stdev 6,98)
Avg. learning time from FC (all feat), for RF 	22,20 [ms] (stdev 3,40)
-----Feature construction time-----
Avg. FC time (only Log feat): 157,50 [ms] stdev 24,41
*********************************************************************************
Numerical features
*********************************************************************************
Number of numerical feat: 0,00 (stdev 0,00)
-----MAE and RMSE-----
Avg. MAE M5P 	0,01 (stdev 0,00) 	Avg. RMSE M5P 	0,01 (stdev 0,00)
Avg. MAE LR 	0,20 (stdev 0,01) 	Avg. RMSE LR 	0,25 (stdev 0,01)
Avg. MAE M5R 	0,00 (stdev 0,00) 	Avg. RMSE M5R 	0,00 (stdev 0,00)
Avg. MAE RF 	0,00 (stdev 0,00) 	Avg. RMSE RF 	0,00 (stdev 0,00)
-----Learning and testing time-----
Avg. learning time from FC (all feat), for M5P 	8,50 [ms] (stdev 1,91)
Avg. learning time from FC (all feat), for LR 	1,40 [ms] (stdev 0,66)
Avg. learning time from FC (all feat), for M5R 	31,60 [ms] (stdev 7,68)
Avg. learning time from FC (all feat), for RF 	23,20 [ms] (stdev 4,02)
-----Feature construction time-----
Avg. FC time (only Num feat): 0,00 [ms] stdev 0,00
*********************************************************************************
Relational features
*********************************************************************************
Number of relational feat: 0,00 (stdev 0,00)
-----MAE and RMSE-----
Avg. MAE M5P 	0,01 (stdev 0,00) 	Avg. RMSE M5P 	0,01 (stdev 0,00)
Avg. MAE LR 	0,20 (stdev 0,01) 	Avg. RMSE LR 	0,25 (stdev 0,01)
Avg. MAE M5R 	0,00 (stdev 0,00) 	Avg. RMSE M5R 	0,00 (stdev 0,00)
Avg. MAE RF 	0,00 (stdev 0,00) 	Avg. RMSE RF 	0,00 (stdev 0,00)
-----Learning and testing time-----
Avg. learning time from FC (all feat), for M5P 	8,50 [ms] (stdev 2,46)
Avg. learning time from FC (all feat), for LR 	1,40 [ms] (stdev 0,49)
Avg. learning time from FC (all feat), for M5R 	32,90 [ms] (stdev 8,70)
Avg. learning time from FC (all feat), for RF 	24,70 [ms] (stdev 6,87)
-----Feature construction time-----
Avg. FC time (only Rel feat): 0,00 [ms] stdev 0,00
*********************************************************************************
Cartesian product
*********************************************************************************
Number of "Cartesian" feat: 3,00 (stdev 0,00)
-----MAE and RMSE-----
Avg. MAE M5P 	0,00 (stdev 0,00) 	Avg. RMSE M5P 	0,01 (stdev 0,00)
Avg. MAE LR 	0,12 (stdev 0,00) 	Avg. RMSE LR 	0,13 (stdev 0,00)
Avg. MAE M5R 	0,00 (stdev 0,00) 	Avg. RMSE M5R 	0,00 (stdev 0,00)
Avg. MAE RF 	0,00 (stdev 0,00) 	Avg. RMSE RF 	0,00 (stdev 0,00)
-----Learning and testing time-----
Avg. learning time from FC (all feat), for M5P 	11,30 [ms] (stdev 1,49)
Avg. learning time from FC (all feat), for LR 	4,50 [ms] (stdev 1,20)
Avg. learning time from FC (all feat), for M5R 	13,00 [ms] (stdev 1,55)
Avg. learning time from FC (all feat), for RF 	27,10 [ms] (stdev 10,82)
-----Feature construction time-----
Avg. FC time (only Cart feat): 3,60 [ms] stdev 1,74
*********************************************************************************
All features dataset
*********************************************************************************
Avg. number of groups for feature construction: 4,00 (stdev 0,00)
Avg. size of groups (num. of candidate attr.) per folds (num of attr. in all groups):: 9,00 (stdev 0,00)
Avg. size of groups (num. of candidate attr.) per groups per folds (avg. of avg.): 2,25 (stdev 0,00)
Max avg. group (length) of constructs (num of attr.): 3,00 (stdev 0,00)
Number of logical feat: 17,00 (stdev 0,00) number of numerical feat: 0,00 (stdev 0,00) number of relational feat: 0,00 (stdev 0,00) number of "Cartesian" feat: 3,00 (stdev 0,00) number of FURIA feat: 0,00 (stdev 0,00) number of thr. feat: 0,00 (stdev 0,00)
-----MAE and RMSE-----
Avg. MAE M5P 	0,00 (stdev 0,00) 	Avg. RMSE M5P 	0,01 (stdev 0,00)
Avg. MAE LR 	0,00 (stdev 0,00) 	Avg. RMSE LR 	0,00 (stdev 0,00)
Avg. MAE M5R 	0,00 (stdev 0,00) 	Avg. RMSE M5R 	0,00 (stdev 0,00)
Avg. MAE RF 	0,00 (stdev 0,00) 	Avg. RMSE RF 	0,00 (stdev 0,00)
-----Learning and testing time-----
Avg. learning time from FC (all feat), for M5P 	19,40 [ms] (stdev 1,91)
Avg. learning time from FC (all feat), for LR 	10,70 [ms] (stdev 1,42)
Avg. learning time from FC (all feat), for M5R 	23,40 [ms] (stdev 3,07)
Avg. learning time from FC (all feat), for RF 	27,60 [ms] (stdev 12,25)
-----Feature construction time-----
Avg. FC time (all feat): 161,10 [ms] (stdev 25,93)
*********************************************************************************
FS on validation dataset - results
*********************************************************************************
-----MAE and RMSE-----
Avg. MAE M5P 	0,00 (stdev 0,00) 	Avg. RMSE M5P 	0,01 (stdev 0,00)
Avg. MAE LR 	0,00 (stdev 0,00) 	Avg. RMSE LR 	0,00 (stdev 0,00)
Avg. MAE M5R 	0,00 (stdev 0,00) 	Avg. RMSE M5R 	0,00 (stdev 0,00)
Avg. MAE RF 	0,00 (stdev 0,00) 	Avg. RMSE RF 	0,00 (stdev 0,00)
-----Search time-----
Avg. search time M5P 	852,60 (stdev 16,71)
Avg. search time LR 	835,80 (stdev 25,40)
Avg. search time M5R 	858,10 (stdev 21,01)
Avg. search time RF 	862,30 (stdev 31,52)
-----Learning and testing time-----
Avg. learn time M5P 	20,00 (stdev 1,95)
Avg. learn time LR 	12,10 (stdev 2,77)
Avg. learn time M5R 	24,50 (stdev 1,50)
Avg. learn time RF 	21,60 (stdev 1,56)
~~~~~~~~~~~~~~~~~~~~~~~~~~~~~~~~~~~~~~~~~~~~~~~~~~~~~~~~~~~~~~~~~~~~~~~~~~~~~~~~
Total processing time (rDisjunctBin.arff): 83840
~~~~~~~~~~~~~~~~~~~~~~~~~~~~~~~~~~~~~~~~~~~~~~~~~~~~~~~~~~~~~~~~~~~~~~~~~~~~~~~~
