dataset: rConcept.arff
Number of folds for testing (CV): 10
*********************************************************************************
number of instances: 2000
number of attributes: 6
number of classes: 1
---------------------------------------------------------------------------------
IME (explanation), equalSampling, N_SAMPLES: 10 - alg. for searching concepts: RandomForest
---------------------------------------------------------------------------------
Testing method: CV, number of folds: 10
Feature selection on validation dataset. Percentage of split (subTrain:validation) 75%:25%
---------------------------------------------------------------------------------
Feature types included in construction: logical operators based, decision rule, threshold, relational, Cartesian product, numerical
*********************************************************************************
Original dataset
*********************************************************************************
-----MAE and RMSE-----
Avg. MAE M5P 	0,01 (stdev 0,00) 	Avg. RMSE M5P 	0,04 (stdev 0,05)
Avg. MAE LR 	0,65 (stdev 0,03) 	Avg. RMSE LR 	0,80 (stdev 0,03)
Avg. MAE M5R 	0,01 (stdev 0,00) 	Avg. RMSE M5R 	0,04 (stdev 0,05)
Avg. MAE RF 	0,07 (stdev 0,00) 	Avg. RMSE RF 	0,11 (stdev 0,02)
*********************************************************************************
Only Logical features
*********************************************************************************
Number of logical feat: 255,00 (stdev 36,74)
-----MAE and RMSE-----
Avg. MAE M5P 	0,01 (stdev 0,00) 	Avg. RMSE M5P 	0,04 (stdev 0,05)
Avg. MAE LR 	0,36 (stdev 0,03) 	Avg. RMSE LR 	0,53 (stdev 0,03)
Avg. MAE M5R 	0,01 (stdev 0,01) 	Avg. RMSE M5R 	0,04 (stdev 0,05)
Avg. MAE RF 	0,33 (stdev 0,02) 	Avg. RMSE RF 	0,50 (stdev 0,04)
-----Learning and testing time-----
Avg. learning time from FC (all feat), for M5P 	2230,50 [ms] (stdev 193,39)
Avg. learning time from FC (all feat), for LR 	117611,30 [ms] (stdev 34975,99)
Avg. learning time from FC (all feat), for M5R 	3691,40 [ms] (stdev 550,59)
Avg. learning time from FC (all feat), for RF 	1036,00 [ms] (stdev 55,69)
-----Feature construction time-----
Avg. FC time (only Log feat): 2161,80 [ms] stdev 428,91
*********************************************************************************
Numerical features
*********************************************************************************
Number of numerical feat: 17,00 (stdev 2,45)
-----MAE and RMSE-----
Avg. MAE M5P 	0,01 (stdev 0,01) 	Avg. RMSE M5P 	0,04 (stdev 0,05)
Avg. MAE LR 	0,43 (stdev 0,04) 	Avg. RMSE LR 	0,61 (stdev 0,13)
Avg. MAE M5R 	0,01 (stdev 0,01) 	Avg. RMSE M5R 	0,04 (stdev 0,05)
Avg. MAE RF 	0,10 (stdev 0,01) 	Avg. RMSE RF 	0,18 (stdev 0,03)
-----Learning and testing time-----
Avg. learning time from FC (all feat), for M5P 	90,50 [ms] (stdev 7,09)
Avg. learning time from FC (all feat), for LR 	4,90 [ms] (stdev 1,04)
Avg. learning time from FC (all feat), for M5R 	168,90 [ms] (stdev 31,16)
Avg. learning time from FC (all feat), for RF 	216,70 [ms] (stdev 87,59)
-----Feature construction time-----
Avg. FC time (only Num feat): 5,50 [ms] stdev 2,58
*********************************************************************************
Relational features
*********************************************************************************
Number of relational feat: 3,40 (stdev 0,49)
-----MAE and RMSE-----
Avg. MAE M5P 	0,01 (stdev 0,00) 	Avg. RMSE M5P 	0,04 (stdev 0,05)
Avg. MAE LR 	0,65 (stdev 0,03) 	Avg. RMSE LR 	0,80 (stdev 0,03)
Avg. MAE M5R 	0,01 (stdev 0,00) 	Avg. RMSE M5R 	0,04 (stdev 0,05)
Avg. MAE RF 	0,08 (stdev 0,01) 	Avg. RMSE RF 	0,12 (stdev 0,02)
-----Learning and testing time-----
Avg. learning time from FC (all feat), for M5P 	60,10 [ms] (stdev 4,30)
Avg. learning time from FC (all feat), for LR 	1,40 [ms] (stdev 0,49)
Avg. learning time from FC (all feat), for M5R 	89,90 [ms] (stdev 4,01)
Avg. learning time from FC (all feat), for RF 	141,80 [ms] (stdev 18,79)
-----Feature construction time-----
Avg. FC time (only Rel feat): 2,70 [ms] stdev 1,10
*********************************************************************************
Cartesian product
*********************************************************************************
Number of "Cartesian" feat: 3,40 (stdev 0,49)
-----MAE and RMSE-----
Avg. MAE M5P 	0,01 (stdev 0,00) 	Avg. RMSE M5P 	0,04 (stdev 0,05)
Avg. MAE LR 	0,37 (stdev 0,03) 	Avg. RMSE LR 	0,53 (stdev 0,02)
Avg. MAE M5R 	0,01 (stdev 0,00) 	Avg. RMSE M5R 	0,04 (stdev 0,05)
Avg. MAE RF 	0,19 (stdev 0,01) 	Avg. RMSE RF 	0,27 (stdev 0,02)
-----Learning and testing time-----
Avg. learning time from FC (all feat), for M5P 	295,00 [ms] (stdev 28,36)
Avg. learning time from FC (all feat), for LR 	197,70 [ms] (stdev 79,57)
Avg. learning time from FC (all feat), for M5R 	452,20 [ms] (stdev 89,52)
Avg. learning time from FC (all feat), for RF 	138,50 [ms] (stdev 35,83)
-----Feature construction time-----
Avg. FC time (only Cart feat): 3,90 [ms] stdev 0,94
*********************************************************************************
All features dataset
*********************************************************************************
Avg. number of groups for feature construction: 2,50 (stdev 0,50)
Avg. size of groups (num. of candidate attr.) per folds (num of attr. in all groups):: 6,00 (stdev 1,00)
Avg. size of groups (num. of candidate attr.) per groups per folds (avg. of avg.): 2,42 (stdev 0,08)
Max avg. group (length) of constructs (num of attr.): 3,00 (stdev 0,00)
Number of logical feat: 255,00 (stdev 36,74) number of numerical feat: 17,00 (stdev 2,45) number of relational feat: 3,40 (stdev 0,49) number of "Cartesian" feat: 3,40 (stdev 0,49) number of FURIA feat: 675,00 (stdev 61,24) number of thr. feat: 0,00 (stdev 0,00)
-----MAE and RMSE-----
Avg. MAE M5P 	0,01 (stdev 0,01) 	Avg. RMSE M5P 	0,04 (stdev 0,05)
Avg. MAE LR 	0,35 (stdev 0,04) 	Avg. RMSE LR 	0,55 (stdev 0,13)
Avg. MAE M5R 	0,01 (stdev 0,01) 	Avg. RMSE M5R 	0,04 (stdev 0,05)
Avg. MAE RF 	0,32 (stdev 0,03) 	Avg. RMSE RF 	0,47 (stdev 0,03)
-----Learning and testing time-----
Avg. learning time from FC (all feat), for M5P 	2433,70 [ms] (stdev 221,27)
Avg. learning time from FC (all feat), for LR 	189269,90 [ms] (stdev 62503,37)
Avg. learning time from FC (all feat), for M5R 	3889,10 [ms] (stdev 766,57)
Avg. learning time from FC (all feat), for RF 	731,20 [ms] (stdev 28,79)
-----Feature construction time-----
Avg. FC time (all feat): 2173,90 [ms] (stdev 432,74)
*********************************************************************************
FS on validation dataset - results
*********************************************************************************
-----MAE and RMSE-----
Avg. MAE M5P 	0,01 (stdev 0,01) 	Avg. RMSE M5P 	0,04 (stdev 0,05)
Avg. MAE LR 	0,35 (stdev 0,04) 	Avg. RMSE LR 	0,50 (stdev 0,03)
Avg. MAE M5R 	0,01 (stdev 0,01) 	Avg. RMSE M5R 	0,04 (stdev 0,05)
Avg. MAE RF 	0,07 (stdev 0,00) 	Avg. RMSE RF 	0,11 (stdev 0,02)
-----Search time-----
Avg. search time M5P 	2797,70 (stdev 285,80)
Avg. search time LR 	44260,10 (stdev 13732,43)
Avg. search time M5R 	3735,80 (stdev 546,73)
Avg. search time RF 	1742,70 (stdev 38,53)
-----Learning and testing time-----
Avg. learn time M5P 	1310,20 (stdev 559,08)
Avg. learn time LR 	57309,70 (stdev 17857,39)
Avg. learn time M5R 	2335,90 (stdev 1073,55)
Avg. learn time RF 	133,20 (stdev 6,71)
~~~~~~~~~~~~~~~~~~~~~~~~~~~~~~~~~~~~~~~~~~~~~~~~~~~~~~~~~~~~~~~~~~~~~~~~~~~~~~~~
Total processing time (rConcept.arff): 4471084
~~~~~~~~~~~~~~~~~~~~~~~~~~~~~~~~~~~~~~~~~~~~~~~~~~~~~~~~~~~~~~~~~~~~~~~~~~~~~~~~
