dataset: Spect heart.arff
Number of folds for testing (CV): 10
*********************************************************************************
number of instances: 267
number of attributes: 22
number of classes: 2
---------------------------------------------------------------------------------
Alg. for searching concepts: TreeSHAP (XGBOOST) parameters: numOfRounds->100 maxDepth->3 eta->0.3 gamma->1.0
Explaining class: 0 explaining whole dataset: NO
---------------------------------------------------------------------------------
Testing method: CV, number of folds: 10
Feature selection on validation dataset. Percentage of split (subTrain:validation) 75%:25%
---------------------------------------------------------------------------------
Avg. explanation time: 1,60 [ms] (stdev 1,20)
Avg. number of instances that we explain: 49,50 (stdev 0,50)
---------------------------------------------------------------------------------
Internal (during building) accuracy of explanation model: 86,85 (stdev 0,72) ACC on the test dataset: 83,92 (stdev 4,00)
---------------------------------------------------------------------------------
Avg. model building time: 46,70 [ms] (stdev 12,30)
---------------------------------------------------------------------------------
Feature types included in construction: logical operators based, decision rule, threshold, relational, Cartesian product, 
*********************************************************************************
Original dataset
*********************************************************************************
Avg. tree size: 15,80 (stdev 3,92) avg. number of leaves: 8,40 (stdev 1,96) avg. number of nodes: 7,40 (stdev 1,96)
Avg. ruleset size: 7,10 (stdev 1,58) avg. number of attributes in rules: 14,50 (stdev 4,36) avg. number of attributes per rule: 2,02 (stdev 0,24)
-----ACC-----
Avg. class. ACC J48 	80,91 (stdev 5,31)
Avg. class. ACC NB 	78,96 (stdev 8,71)
Avg. class. ACC SMO 	81,28 (stdev 5,21)
Avg. class. ACC SMO 	79,42 (stdev 1,66)
Avg. class. ACC IB 	80,11 (stdev 5,90)
Avg. class. ACC FU 	79,05 (stdev 5,97)
Avg. class. ACC RF 	81,31 (stdev 6,37)
-----Learning and testing time-----
Avg. learning time J48 	5,20 [ms] (stdev 12,62 [ms])
Avg. learning time NB 	0,40 [ms] (stdev 1,20 [ms])
Avg. learning time SMO 	11,50 [ms] (stdev 17,60 [ms])
Avg. learning time SMO 	14,00 [ms] (stdev 13,09 [ms])
Avg. learning time IB 	2,90 [ms] (stdev 3,73 [ms])
Avg. learning time FU 	18,40 [ms] (stdev 15,72 [ms])
Avg. learning time RF 	28,20 [ms] (stdev 36,77 [ms])
*********************************************************************************
Only Logical features
*********************************************************************************
Number of logical feat: 244,30 (stdev 41,47)
Avg. tree size (nodes+leaves): 9,80 (stdev 4,21) avg. number of leaves: 5,40 (stdev 2,11) avg. sum of constructs: 9,30 (stdev 3,74) avg. sum of constructs / num of nodes: 2,20 (stdev 0,33)
Avg. num of logical feat in tree: 2,90 (stdev 1,45) avg. sum of (logical) constructs: 7,80 (stdev 3,25)
Avg. ruleset size: 3,10 (stdev 0,54) avg. number of terms of construct in Furia feat.: 14,00 (stdev 4,27) avg. number of terms in constructs per ruleset: 4,47 (stdev 0,79)
-----ACC-----
Avg. class. ACC J48 	82,41 (stdev 4,03)
Avg. class. ACC NB 	77,86 (stdev 8,14)
Avg. class. ACC SMO 	80,16 (stdev 6,02)
Avg. class. ACC SMO 	82,01 (stdev 4,39)
Avg. class. ACC IB 	80,53 (stdev 5,42)
Avg. class. ACC FU 	82,39 (stdev 3,35)
Avg. class. ACC RF 	79,42 (stdev 6,04)
-----Learning and testing time-----
Avg. learning time from FC (all feat), for J48 	11,00 [ms] (stdev 10,65)
Avg. learning time from FC (all feat), for NB 	2,60 [ms] (stdev 2,20)
Avg. learning time from FC (all feat), for SMO 	45,70 [ms] (stdev 19,34)
Avg. learning time from FC (all feat), for SMO 	26,40 [ms] (stdev 12,82)
Avg. learning time from FC (all feat), for IB 	16,30 [ms] (stdev 5,22)
Avg. learning time from FC (all feat), for FU 	74,00 [ms] (stdev 27,51)
Avg. learning time from FC (all feat), for RF 	59,20 [ms] (stdev 22,64)
-----Feature construction time-----
Avg. FC time (all feat): 394,70 [ms] stdev 115,92
*********************************************************************************
Relational features
*********************************************************************************
Number of relational feat: 0,00 (stdev 0,00)
Avg. tree size (nodes+leaves): 15,80 (stdev 3,92) avg. number of leaves: 8,40 (stdev 1,96) avg. sum of constructs: 7,40 (stdev 1,96) avg. sum of constructs / num of nodes: 1,00 (stdev 0,00)
Avg. num of relational feat in tree: 0,00 (stdev 0,00) avg. sum of (only Cartesian) constructs (in tree): 0,00 (stdev 0,00)
Avg. ruleset size: 7,10 (stdev 1,58) avg. number of terms of construct in Furia feat.: 14,50 (stdev 4,36) avg. number of terms in constructs per ruleset: 2,02 (stdev 0,24)
-----ACC-----
Avg. class. ACC J48 	80,91 (stdev 5,31)
Avg. class. ACC NB 	78,96 (stdev 8,71)
Avg. class. ACC SMO 	81,28 (stdev 5,21)
Avg. class. ACC SMO 	79,42 (stdev 1,66)
Avg. class. ACC IB 	80,11 (stdev 5,90)
Avg. class. ACC FU 	79,05 (stdev 5,97)
Avg. class. ACC RF 	81,31 (stdev 6,37)
-----Learning and testing time-----
Avg. learning time from FC (all feat), for J48 	0,70 [ms] (stdev 0,90)
Avg. learning time from FC (all feat), for NB 	0,10 [ms] (stdev 0,30)
Avg. learning time from FC (all feat), for SMO 	7,10 [ms] (stdev 4,55)
Avg. learning time from FC (all feat), for SMO 	11,80 [ms] (stdev 6,73)
Avg. learning time from FC (all feat), for IB 	1,40 [ms] (stdev 0,49)
Avg. learning time from FC (all feat), for FU 	14,40 [ms] (stdev 3,01)
Avg. learning time from FC (all feat), for RF 	19,00 [ms] (stdev 6,23)
-----Feature construction time-----
Avg. FC time (all feat): 0,00 [ms] stdev 0,00
*********************************************************************************
Cartesian product
*********************************************************************************
Number of "Cartesian" feat: 27,30 (stdev 3,77)
Avg. tree size (nodes+leaves): 16,40 (stdev 2,84) avg. number of leaves: 10,30 (stdev 1,27) avg. sum of constructs: 7,70 (stdev 1,42) avg. sum of constructs / num of nodes: 1,30 (stdev 0,14)
Avg. num of "Cartesian" feat in tree: 1,60 (stdev 0,49) avg. sum of (only Cartesian) constructs (in tree): 3,20 (stdev 0,98)
Avg. ruleset size: 7,30 (stdev 0,78) avg. number of terms of construct in Furia feat.: 16,60 (stdev 3,17) avg. number of terms in constructs per ruleset: 2,26 (stdev 0,26)
-----ACC-----
Avg. class. ACC J48 	82,07 (stdev 5,11)
Avg. class. ACC NB 	76,00 (stdev 8,74)
Avg. class. ACC SMO 	79,42 (stdev 7,04)
Avg. class. ACC SMO 	82,41 (stdev 4,66)
Avg. class. ACC IB 	83,50 (stdev 4,82)
Avg. class. ACC FU 	81,30 (stdev 4,29)
Avg. class. ACC RF 	80,91 (stdev 5,84)
-----Learning and testing time-----
Avg. learning time from FC (all feat), for J48 	1,70 [ms] (stdev 1,19)
Avg. learning time from FC (all feat), for NB 	0,30 [ms] (stdev 0,90)
Avg. learning time from FC (all feat), for SMO 	30,40 [ms] (stdev 13,84)
Avg. learning time from FC (all feat), for SMO 	16,40 [ms] (stdev 3,88)
Avg. learning time from FC (all feat), for IB 	4,20 [ms] (stdev 1,83)
Avg. learning time from FC (all feat), for FU 	21,10 [ms] (stdev 6,61)
Avg. learning time from FC (all feat), for RF 	26,10 [ms] (stdev 12,47)
-----Feature construction time-----
Avg. FC time (all feat): 5,90 [ms] stdev 2,02
*********************************************************************************
Only Furia and THR feat
*********************************************************************************
Number of FURIA feat: 2,90 (stdev 0,94) number of thr. feat: 2,90 (stdev 0,94)
Avg. tree size (nodes+leaves): 4,20 (stdev 1,33) avg. number of leaves: 2,60 (stdev 0,66) avg. sum of constructs: 6,80 (stdev 0,60) avg. sum of constructs / num of nodes: 4,97 (stdev 1,87)
Avg. num of FURIA feat. in tree: 1,00 (stdev 0,00) avg. sum of terms in constructs (Furia feat) in tree: 6,20 (stdev 0,75) avg. num of THR feat. in tree: 0,00 (stdev 0,00) avg. sum of terms in constructs (THR feat) in tree: 0,00 (stdev 0,00)
Avg. ruleset size: 2,70 (stdev 0,64) avg. number of terms of construct in Furia feat.: 16,00 (stdev 3,77) avg. number of terms in constructs per ruleset: 6,15 (stdev 1,61)
-----ACC-----
Avg. class. ACC J48 	83,89 (stdev 4,10)
Avg. class. ACC NB 	82,35 (stdev 6,98)
Avg. class. ACC SMO 	83,50 (stdev 4,53)
Avg. class. ACC SMO 	82,78 (stdev 3,75)
Avg. class. ACC IB 	82,78 (stdev 3,75)
Avg. class. ACC FU 	83,15 (stdev 3,79)
Avg. class. ACC RF 	81,67 (stdev 5,34)
-----Learning and testing time-----
Avg. learning time from FC(only Furia and THR feat) J48 0,80 [ms] (stdev 0,60)
Avg. learning time from FC(only Furia and THR feat) NB 0,00 [ms] (stdev 0,00)
Avg. learning time from FC(only Furia and THR feat) SMO 24,40 [ms] (stdev 17,64)
Avg. learning time from FC(only Furia and THR feat) SMO 12,50 [ms] (stdev 1,63)
Avg. learning time from FC(only Furia and THR feat) IB 2,40 [ms] (stdev 0,66)
Avg. learning time from FC(only Furia and THR feat) FU 14,10 [ms] (stdev 5,45)
Avg. learning time from FC(only Furia and THR feat) RF 17,40 [ms] (stdev 6,07)
-----Feature construction time-----
Avg. FC time (only Furia and THR feat): 65,60 [ms] stdev 20,68
*********************************************************************************
All features dataset
*********************************************************************************
Avg. number of groups for feature construction: 7,00 (stdev 1,18)
Avg. size of groups (num. of candidate attr.) per folds (unm of attr. in all groups):: 31,80 (stdev 5,67)
Avg. size of groups (num. of candidate attr.) per groups per folds (avg. of avg.): 4,56 (stdev 0,51)
Max avg. group (length) of constructs (num of attr.): 7,80 (stdev 0,40)
Number of logical feat: 244,30 (stdev 41,47) number of relational feat: 0,00 (stdev 0,00) number of "Cartesian" feat: 27,30 (stdev 3,77) number of FURIA feat: 2,90 (stdev 0,94) number of thr. feat: 2,90 (stdev 0,94)
Avg. tree size (nodes+leaves): 4,80 (stdev 2,09) avg. number of leaves: 2,90 (stdev 1,04) avg. sum of constructs: 7,80 (stdev 1,66) avg. sum of constructs / num of nodes: 5,01 (stdev 1,84)
Avg. num of logical feat in tree: 0,40 (stdev 0,80) avg. sum of (only logical) constructs: 1,00 (stdev 2,00) avg. num of relational feat in tree: 0,00 (stdev 0,00) avg. sum of (only relational) constructs: 0,00 (stdev 0,00) avg. num of "Cartesian" feat in tree: 0,00 (stdev 0,00) avg. sum of (Cartesian) constructs (in tree): 0,00 (stdev 0,00) avg. num of FURIA feat. in tree: 1,00 (stdev 0,00) avg. sum of terms in constructs (Furia feat) in tree: 6,30 (stdev 0,64) avg. num of THR feat. in tree: 0,00 (stdev 0,00) avg. sum of terms in constructs (THR feat) in tree: 0,00 (stdev 0,00)
Avg. ruleset size: 3,40 (stdev 0,49) avg. number of terms of construct in Furia feat.: 14,90 (stdev 3,65) avg. number of terms in constructs per ruleset: 4,43 (stdev 1,09)
Mean unimp. OR feat.: 0,00 (stdev 0,00) mean unimp. EQU feat.: 0,00 (stdev 0,00) mean unimp. XOR feat.: 0,00 (stdev 0,00) mean unimp. IMPL feat.: 0,00 (stdev 0,00) mean unimp. AND feat.: 0,00 (stdev 0,00) mean unimp. LESSTHAN feat.: 0,00 (stdev 0,00) mean unimp. DIFF feat.: 0,00 (stdev 0,00) mean unimp. "Cartesian" feat.: 0,00 (stdev 0,00)
-----ACC-----
Avg. class. ACC J48 	83,50 (stdev 4,53)
Avg. class. ACC NB 	77,86 (stdev 8,14)
Avg. class. ACC SMO 	80,53 (stdev 5,96)
Avg. class. ACC SMO 	83,13 (stdev 4,19)
Avg. class. ACC IB 	80,91 (stdev 5,56)
Avg. class. ACC FU 	80,91 (stdev 3,00)
Avg. class. ACC RF 	79,05 (stdev 6,24)
-----Learning and testing time-----
Avg. learning time from FC (all feat), for J48 	9,30 [ms] (stdev 2,69)
Avg. learning time from FC (all feat), for NB 	2,60 [ms] (stdev 0,92)
Avg. learning time from FC (all feat), for SMO 	69,70 [ms] (stdev 34,91)
Avg. learning time from FC (all feat), for SMO 	32,50 [ms] (stdev 4,03)
Avg. learning time from FC (all feat), for IB 	18,70 [ms] (stdev 5,90)
Avg. learning time from FC (all feat), for FU 	80,40 [ms] (stdev 14,22)
Avg. learning time from FC (all feat), for RF 	52,20 [ms] (stdev 5,13)
-----Feature construction time-----
Avg. FC time (all feat): 466,20 [ms] (stdev 126,85)
*********************************************************************************
FS on validation dataset - results
*********************************************************************************
When using J48, number of logical feat: 184,50 (stdev 71,48) number of relational feat: 0,00 (stdev 0,00) number of "Cartesian" feat: 24,40 (stdev 9,04) number of FURIA feat: 2,70 (stdev 1,27) number of thr. feat: 2,70 (stdev 1,27)
When using NB, number of logical feat: 142,20 (stdev 99,90) number of relational feat: 0,00 (stdev 0,00) number of "Cartesian" feat: 18,80 (stdev 12,91) number of FURIA feat: 1,90 (stdev 1,37) number of thr. feat: 1,90 (stdev 1,37)
When using SMO, number of logical feat: 69,30 (stdev 107,28) number of relational feat: 0,00 (stdev 0,00) number of "Cartesian" feat: 9,10 (stdev 14,02) number of FURIA feat: 1,10 (stdev 1,81) number of thr. feat: 1,10 (stdev 1,81)
When using SMO, number of logical feat: 205,30 (stdev 36,44) number of relational feat: 0,00 (stdev 0,00) number of "Cartesian" feat: 27,20 (stdev 3,94) number of FURIA feat: 2,90 (stdev 0,94) number of thr. feat: 2,90 (stdev 0,94)
When using IB, number of logical feat: 190,90 (stdev 70,42) number of relational feat: 0,00 (stdev 0,00) number of "Cartesian" feat: 25,20 (stdev 8,96) number of FURIA feat: 2,70 (stdev 1,27) number of thr. feat: 2,70 (stdev 1,27)
When using FURIA, number of logical feat: 140,20 (stdev 98,39) number of relational feat: 0,00 (stdev 0,00) number of "Cartesian" feat: 18,80 (stdev 12,91) number of FURIA feat: 2,10 (stdev 1,64) number of thr. feat: 2,10 (stdev 1,64)
When using RF, number of logical feat: 111,80 (stdev 113,33) number of relational feat: 0,00 (stdev 0,00) number of "Cartesian" feat: 14,70 (stdev 14,83) number of FURIA feat: 1,40 (stdev 1,50) number of thr. feat: 1,40 (stdev 1,50)
Avg. tree size (nodes+leaves): 6,40 (stdev 4,65) avg. number of leaves: 3,70 (stdev 2,33) avg. sum of constructs: 8,10 (stdev 1,87) avg. sum of constructs / num of nodes: 4,44 (stdev 2,05)
Avg. num of logical feat. in tree: 0,40 (stdev 0,80) avg. sum of (only logical) constructs in tree: 1,10 (stdev 2,21) avg. num of relational feat. in tree: 0,00 (stdev 0,00) avg. sum of (only relational) constructs in tree: 0,00 (stdev 0,00) avg. num of Cartesian feat. in tree: 0,00 (stdev 0,00) avg. sum of constructs (of Cartesian feat) in tree: 0,00 (stdev 0,00) avg. num of FURIA feat. in tree: 0,90 (stdev 0,30) avg. sum of terms in constructs (Furia feat) in tree: 5,60 (stdev 1,96) avg. num of THR feat. in tree: 0,00 (stdev 0,00) avg. sum of terms in constructs (THR feat) in tree: 0,00 (stdev 0,00)
Avg. ruleset size: 4,00 (stdev 1,18) avg. number of terms of construct in Furia feat.: 14,00 (stdev 3,52) avg. number of terms in constructs per ruleset: 3,95 (stdev 1,75)
-----ACC-----
Avg. class. ACC J48 	83,13 (stdev 4,82)
Avg. class. ACC NB 	77,49 (stdev 7,52)
Avg. class. ACC SMO 	82,39 (stdev 4,71)
Avg. class. ACC SMO 	83,50 (stdev 3,48)
Avg. class. ACC IB 	81,28 (stdev 4,65)
Avg. class. ACC FU 	81,64 (stdev 4,26)
Avg. class. ACC RF 	81,68 (stdev 5,81)
-----Search time-----
Avg. search time J48 	130,80 (stdev 78,96)
Avg. search time NB 	102,70 (stdev 27,60)
Avg. search time SMO 	128,30 (stdev 27,08)
Avg. search time SMO 	149,00 (stdev 69,39)
Avg. search time IB 	124,90 (stdev 37,31)
Avg. search time FU 	155,00 (stdev 51,11)
Avg. search time RF 	152,00 (stdev 30,38)
-----Learning and testing time-----
Avg. learn time J48 	5,50 (stdev 2,01)
Avg. learn time NB 	1,10 (stdev 0,83)
Avg. learn time SMO 	18,60 (stdev 21,48)
Avg. learn time SMO 	26,80 (stdev 4,96)
Avg. learn time IB 	14,40 (stdev 6,44)
Avg. learn time FU 	44,00 (stdev 25,66)
Avg. learn time RF 	30,60 (stdev 16,76)
~~~~~~~~~~~~~~~~~~~~~~~~~~~~~~~~~~~~~~~~~~~~~~~~~~~~~~~~~~~~~~~~~~~~~~~~~~~~~~~~
Total processing time (Spect heart.arff): 34436
~~~~~~~~~~~~~~~~~~~~~~~~~~~~~~~~~~~~~~~~~~~~~~~~~~~~~~~~~~~~~~~~~~~~~~~~~~~~~~~~
