dataset: Glass.arff
Number of folds for testing (CV): 10
*********************************************************************************
number of instances: 214
number of attributes: 9
number of classes: 7
---------------------------------------------------------------------------------
Alg. for searching concepts: TreeSHAP (XGBOOST) parameters: numOfRounds->100 maxDepth->3 eta->0.3 gamma->1.0
Explaining class: headlamps explaining whole dataset: NO
---------------------------------------------------------------------------------
Testing method: CV, number of folds: 10
Feature selection on validation dataset. Percentage of split (subTrain:validation) 75%:25%
---------------------------------------------------------------------------------
Avg. explanation time: 2,20 [ms] (stdev 0,75)
Avg. number of instances that we explain: 26,10 (stdev 0,30)
---------------------------------------------------------------------------------
Internal (during building) accuracy of explanation model: 94,44 (stdev 0,90) ACC on the test dataset: 76,62 (stdev 4,24)
---------------------------------------------------------------------------------
Avg. model building time: 138,90 [ms] (stdev 16,45)
---------------------------------------------------------------------------------
Feature types included in construction: logical operators based, decision rule, threshold, relational, Cartesian product, numerical
*********************************************************************************
Original dataset
*********************************************************************************
Avg. tree size: 44,20 (stdev 5,23) avg. number of leaves: 22,60 (stdev 2,62) avg. number of nodes: 21,60 (stdev 2,62)
Avg. ruleset size: 0,00 (stdev 0,00) avg. number of attributes in rules: 0,00 (stdev 0,00) avg. number of attributes per rule: 0,00 (stdev 0,00)
-----ACC-----
Avg. class. ACC J48 	66,75 (stdev 7,53)
Avg. class. ACC NB 	48,59 (stdev 6,21)
-----Learning and testing time-----
Avg. learning time J48 	3,90 [ms] (stdev 8,70 [ms])
Avg. learning time NB 	1,00 [ms] (stdev 3,00 [ms])
*********************************************************************************
Only Logical features
*********************************************************************************
Number of logical feat: 539,50 (stdev 222,58)
Avg. tree size (nodes+leaves): 45,00 (stdev 3,90) avg. number of leaves: 23,00 (stdev 1,95) avg. sum of constructs: 32,30 (stdev 3,66) avg. sum of constructs / num of nodes: 1,47 (stdev 0,12)
Avg. num of logical feat in tree: 8,90 (stdev 2,07) avg. sum of (logical) constructs: 19,20 (stdev 4,71)
Avg. ruleset size: 0,00 (stdev 0,00) avg. number of terms of construct in Furia feat.: 0,00 (stdev 0,00) avg. number of terms in constructs per ruleset: 0,00 (stdev 0,00)
-----ACC-----
Avg. class. ACC J48 	66,28 (stdev 9,56)
Avg. class. ACC NB 	54,16 (stdev 8,68)
-----Learning and testing time-----
Avg. learning time from FC (all feat), for J48 	18,70 [ms] (stdev 17,26)
Avg. learning time from FC (all feat), for NB 	11,80 [ms] (stdev 11,84)
-----Feature construction time-----
Avg. FC time (only Log feat): 1161,40 [ms] stdev 733,15
*********************************************************************************
Numerical features
*********************************************************************************
Number of numerical feat: 94,50 (stdev 25,04)
Avg. tree size (nodes+leaves): 44,20 (stdev 2,71) avg. number of leaves: 22,60 (stdev 1,36) avg. sum of constructs: 35,40 (stdev 2,87) avg. sum of constructs / num of nodes: 1,64 (stdev 0,10)
Avg. num of numerical feat in tree: 13,80 (stdev 2,27) avg. sum of (only numerical) constructs (in tree): 27,60 (stdev 4,54)
Avg. ruleset size: 0,00 (stdev 0,00) avg. number of terms of construct in Furia feat.: 0,00 (stdev 0,00) avg. number of terms in constructs per ruleset: 0,00 (stdev 0,00)
-----ACC-----
Avg. class. ACC J48 	64,74 (stdev 14,31)
Avg. class. ACC NB 	43,51 (stdev 5,46)
-----Learning and testing time-----
Avg. learning time from FC (all feat), for J48 	17,40 [ms] (stdev 14,11)
Avg. learning time from FC (all feat), for NB 	6,80 [ms] (stdev 3,71)
-----Feature construction time-----
Avg. FC time (only Num feat): 13,10 [ms] stdev 6,56
*********************************************************************************
Relational features
*********************************************************************************
Number of relational feat: 13,60 (stdev 1,11)
Avg. tree size (nodes+leaves): 49,60 (stdev 4,20) avg. number of leaves: 25,30 (stdev 2,10) avg. sum of constructs: 28,50 (stdev 2,84) avg. sum of constructs / num of nodes: 1,17 (stdev 0,05)
Avg. num of relational feat in tree: 4,20 (stdev 1,25) avg. sum of (only Cartesian) constructs (in tree): 8,40 (stdev 2,50)
Avg. ruleset size: 0,00 (stdev 0,00) avg. number of terms of construct in Furia feat.: 0,00 (stdev 0,00) avg. number of terms in constructs per ruleset: 0,00 (stdev 0,00)
-----ACC-----
Avg. class. ACC J48 	66,32 (stdev 6,06)
Avg. class. ACC NB 	50,45 (stdev 6,32)
-----Learning and testing time-----
Avg. learning time from FC (all feat), for J48 	2,40 [ms] (stdev 1,20)
Avg. learning time from FC (all feat), for NB 	0,20 [ms] (stdev 0,60)
-----Feature construction time-----
Avg. FC time (only Rel feat): 4,00 [ms] stdev 1,55
*********************************************************************************
Cartesian product
*********************************************************************************
Number of "Cartesian" feat: 18,00 (stdev 4,84)
Avg. tree size (nodes+leaves): 60,00 (stdev 11,22) avg. number of leaves: 41,00 (stdev 11,30) avg. sum of constructs: 24,30 (stdev 2,00) avg. sum of constructs / num of nodes: 1,28 (stdev 0,10)
Avg. num of "Cartesian" feat in tree: 5,30 (stdev 1,73) avg. sum of (only Cartesian) constructs (in tree): 10,60 (stdev 3,47)
Avg. ruleset size: 0,00 (stdev 0,00) avg. number of terms of construct in Furia feat.: 0,00 (stdev 0,00) avg. number of terms in constructs per ruleset: 0,00 (stdev 0,00)
-----ACC-----
Avg. class. ACC J48 	68,66 (stdev 7,65)
Avg. class. ACC NB 	59,29 (stdev 8,09)
-----Learning and testing time-----
Avg. learning time from FC (all feat), for J48 	1,40 [ms] (stdev 0,66)
Avg. learning time from FC (all feat), for NB 	0,30 [ms] (stdev 0,46)
-----Feature construction time-----
Avg. FC time (only Cart feat): 4,10 [ms] stdev 2,91
*********************************************************************************
Only Furia and THR feat
*********************************************************************************
Number of FURIA feat: 5,80 (stdev 2,71) number of thr. feat: 4,70 (stdev 2,61)
Avg. tree size (nodes+leaves): 49,10 (stdev 5,47) avg. number of leaves: 27,40 (stdev 3,83) avg. sum of constructs: 28,60 (stdev 4,20) avg. sum of constructs / num of nodes: 1,31 (stdev 0,12)
Avg. num of FURIA feat. in tree: 1,20 (stdev 0,40) avg. sum of terms in constructs (Furia feat) in tree: 3,40 (stdev 1,11) avg. num of THR feat. in tree: 3,00 (stdev 1,61) avg. sum of terms in constructs (THR feat) in tree: 7,70 (stdev 4,12)
Avg. ruleset size: 0,00 (stdev 0,00) avg. number of terms of construct in Furia feat.: 0,00 (stdev 0,00) avg. number of terms in constructs per ruleset: 0,00 (stdev 0,00)
-----ACC-----
Avg. class. ACC J48 	69,55 (stdev 8,33)
Avg. class. ACC NB 	49,05 (stdev 6,49)
-----Learning and testing time-----
Avg. learning time from FC(only Furia and THR feat) J48 2,10 [ms] (stdev 1,45)
Avg. learning time from FC(only Furia and THR feat) NB 0,20 [ms] (stdev 0,40)
-----Feature construction time-----
Avg. FC time (only Furia and THR feat): 336,60 [ms] stdev 149,14
*********************************************************************************
All features dataset
*********************************************************************************
Avg. number of groups for feature construction: 11,60 (stdev 4,00)
Avg. size of groups (num. of candidate attr.) per folds (num of attr. in all groups):: 43,50 (stdev 16,74)
Avg. size of groups (num. of candidate attr.) per groups per folds (avg. of avg.): 3,69 (stdev 0,25)
Max avg. group (length) of constructs (num of attr.): 5,60 (stdev 0,49)
Number of logical feat: 539,50 (stdev 222,58) number of numerical feat: 94,50 (stdev 25,04) number of relational feat: 13,60 (stdev 1,11) number of "Cartesian" feat: 18,00 (stdev 4,84) number of FURIA feat: 5,80 (stdev 2,71) number of thr. feat: 4,70 (stdev 2,61)
Avg. tree size (nodes+leaves): 46,80 (stdev 7,44) avg. number of leaves: 25,30 (stdev 4,20) avg. sum of constructs: 40,80 (stdev 4,85) avg. sum of constructs / num of nodes: 1,91 (stdev 0,12)
Avg. num of logical feat in tree: 6,30 (stdev 1,68) avg. sum of (only logical) constructs: 14,30 (stdev 3,26) avg. num of numerical feat in tree: 6,20 (stdev 1,60) avg. sum of (only numerical) constructs: 12,40 (stdev 3,20) avg. num of relational feat in tree: 0,60 (stdev 0,80) avg. sum of (only relational) constructs: 1,20 (stdev 1,60) avg. num of "Cartesian" feat in tree: 0,10 (stdev 0,30) avg. sum of (Cartesian) constructs (in tree): 0,20 (stdev 0,60) avg. num of FURIA feat. in tree: 1,00 (stdev 0,00) avg. sum of terms in constructs (Furia feat) in tree: 2,80 (stdev 0,40) avg. num of THR feat. in tree: 1,40 (stdev 0,49) avg. sum of terms in constructs (THR feat) in tree: 4,00 (stdev 1,67)
Avg. ruleset size: 0,00 (stdev 0,00) avg. number of terms of construct in Furia feat.: 0,00 (stdev 0,00) avg. number of terms in constructs per ruleset: 0,00 (stdev 0,00)
Mean unimp. OR feat.: 0,00 (stdev 0,00) mean unimp. EQU feat.: 0,00 (stdev 0,00) mean unimp. XOR feat.: 0,00 (stdev 0,00) mean unimp. IMPL feat.: 0,00 (stdev 0,00) mean unimp. AND feat.: 0,00 (stdev 0,00) mean unimp. LESSTHAN feat.: 11,20 (stdev 3,99) mean unimp. DIFF feat.: 13,00 (stdev 5,14) mean unimp. "Cartesian" feat.: 0,90 (stdev 0,30)
-----ACC-----
Avg. class. ACC J48 	67,77 (stdev 10,03)
Avg. class. ACC NB 	54,11 (stdev 8,63)
-----Learning and testing time-----
Avg. learning time from FC (all feat), for J48 	32,30 [ms] (stdev 19,89)
Avg. learning time from FC (all feat), for NB 	16,10 [ms] (stdev 6,69)
-----Feature construction time-----
Avg. FC time (all feat): 1519,20 [ms] (stdev 880,99)
*********************************************************************************
FS on validation dataset - results
*********************************************************************************
When using J48, number of logical feat: 247,50 (stdev 312,80) number of numerical feat: 50,10 (stdev 52,19) number of relational feat: 4,30 (stdev 5,35) number of "Cartesian" feat: 13,70 (stdev 8,53) number of FURIA feat: 3,80 (stdev 3,79) number of thr. feat: 3,50 (stdev 2,97)
When using NB, number of logical feat: 425,60 (stdev 276,09) number of numerical feat: 79,00 (stdev 44,32) number of relational feat: 9,70 (stdev 4,94) number of "Cartesian" feat: 16,00 (stdev 6,81) number of FURIA feat: 5,10 (stdev 3,48) number of thr. feat: 4,40 (stdev 2,84)
Avg. tree size (nodes+leaves): 52,90 (stdev 8,62) avg. number of leaves: 31,70 (stdev 8,37) avg. sum of constructs: 34,80 (stdev 8,32) avg. sum of constructs / num of nodes: 1,63 (stdev 0,27)
Avg. num of logical feat. in tree: 3,70 (stdev 3,32) avg. sum of (only logical) constructs in tree: 8,00 (stdev 7,13) avg. num of numerical feat. in tree: 4,00 (stdev 3,71) avg. sum of (only numerical) constructs in tree: 8,00 (stdev 7,43) avg. num of relational feat. in tree: 0,10 (stdev 0,30) avg. sum of (only relational) constructs in tree: 0,20 (stdev 0,60) avg. num of Cartesian feat. in tree: 1,70 (stdev 1,85) avg. sum of constructs (of Cartesian feat) in tree: 3,40 (stdev 3,69) avg. num of FURIA feat. in tree: 0,60 (stdev 0,49) avg. sum of terms in constructs (Furia feat) in tree: 1,60 (stdev 1,36) avg. num of THR feat. in tree: 1,40 (stdev 0,80) avg. sum of terms in constructs (THR feat) in tree: 3,90 (stdev 2,47)
Avg. ruleset size: 0,00 (stdev 0,00) avg. number of terms of construct in Furia feat.: 0,00 (stdev 0,00) avg. number of terms in constructs per ruleset: 0,00 (stdev 0,00)
-----ACC-----
Avg. class. ACC J48 	67,71 (stdev 9,19)
Avg. class. ACC NB 	55,54 (stdev 8,35)
-----Search time-----
Avg. search time J48 	2051,00 (stdev 703,07)
Avg. search time NB 	1887,60 (stdev 702,18)
-----Learning and testing time-----
Avg. learn time J48 	12,90 (stdev 13,07)
Avg. learn time NB 	11,50 (stdev 7,02)
~~~~~~~~~~~~~~~~~~~~~~~~~~~~~~~~~~~~~~~~~~~~~~~~~~~~~~~~~~~~~~~~~~~~~~~~~~~~~~~~
Total processing time (Glass.arff): 96589
~~~~~~~~~~~~~~~~~~~~~~~~~~~~~~~~~~~~~~~~~~~~~~~~~~~~~~~~~~~~~~~~~~~~~~~~~~~~~~~~
