dataset: Balance scale.arff
Number of folds for testing (CV): 10
*********************************************************************************
number of instances: 625
number of attributes: 4
number of classes: 3
---------------------------------------------------------------------------------
Testing method: CV, number of folds: 10
Feature selection on validation dataset. Percentage of split (subTrain:validation) 75%:25%
---------------------------------------------------------------------------------
Avg. explanation time: 0,00 [ms] (stdev 0,00)
Avg. number of instances that we explain: 0,00 (stdev 0,00)
---------------------------------------------------------------------------------
Internal (during building) accuracy of explanation model: 0,00 (stdev 0,00) ACC on the test dataset: 0,00 (stdev 0,00)
---------------------------------------------------------------------------------
Avg. model building time: 0,00 [ms] (stdev 0,00)
---------------------------------------------------------------------------------
Feature types included in construction: logical operators based, decision rule, threshold, relational, Cartesian product, numerical
*********************************************************************************
Original dataset
*********************************************************************************
Avg. tree size: 78,20 (stdev 11,39) avg. number of leaves: 39,60 (stdev 5,70) avg. number of nodes: 38,60 (stdev 5,70)
Avg. ruleset size: 23,80 (stdev 2,93) avg. number of attributes in rules: 73,10 (stdev 9,17) avg. number of attributes per rule: 3,07 (stdev 0,06)
-----ACC-----
Avg. class. ACC J48 	76,65 (stdev 3,58)
Avg. class. ACC NB 	90,39 (stdev 1,63)
Avg. class. ACC SMO 	87,68 (stdev 2,39)
Avg. class. ACC SMO 	86,87 (stdev 2,77)
Avg. class. ACC IB 	90,08 (stdev 1,86)
Avg. class. ACC FU 	80,65 (stdev 3,20)
Avg. class. ACC RF 	81,45 (stdev 4,01)
-----Learning and testing time-----
Avg. learning time J48 	5,30 [ms] (stdev 11,91 [ms])
Avg. learning time NB 	1,00 [ms] (stdev 3,00 [ms])
Avg. learning time SMO 	11,70 [ms] (stdev 15,46 [ms])
Avg. learning time SMO 	82,50 [ms] (stdev 21,44 [ms])
Avg. learning time IB 	3,90 [ms] (stdev 7,05 [ms])
Avg. learning time FU 	120,60 [ms] (stdev 66,36 [ms])
Avg. learning time RF 	46,70 [ms] (stdev 59,55 [ms])
*********************************************************************************
Only Logical features
*********************************************************************************
Number of logical feat: 46,40 (stdev 16,80)
Avg. tree size (nodes+leaves): 72,00 (stdev 5,31) avg. number of leaves: 36,50 (stdev 2,66) avg. sum of constructs: 42,30 (stdev 2,15) avg. sum of constructs / num of nodes: 1,20 (stdev 0,06)
Avg. num of logical feat in tree: 6,50 (stdev 1,02) avg. sum of (logical) constructs: 13,30 (stdev 2,69)
Avg. ruleset size: 16,70 (stdev 2,69) avg. number of terms of construct in Furia feat.: 70,70 (stdev 12,18) avg. number of terms in constructs per ruleset: 4,24 (stdev 0,38)
-----ACC-----
Avg. class. ACC J48 	81,93 (stdev 3,15)
Avg. class. ACC NB 	75,20 (stdev 3,47)
Avg. class. ACC SMO 	86,57 (stdev 2,34)
Avg. class. ACC SMO 	77,77 (stdev 4,52)
Avg. class. ACC IB 	85,77 (stdev 2,77)
Avg. class. ACC FU 	81,77 (stdev 4,17)
Avg. class. ACC RF 	83,20 (stdev 3,19)
-----Learning and testing time-----
Avg. learning time from FC (all feat), for J48 	7,10 [ms] (stdev 7,54)
Avg. learning time from FC (all feat), for NB 	1,40 [ms] (stdev 0,92)
Avg. learning time from FC (all feat), for SMO 	39,80 [ms] (stdev 6,72)
Avg. learning time from FC (all feat), for SMO 	88,70 [ms] (stdev 12,79)
Avg. learning time from FC (all feat), for IB 	5,50 [ms] (stdev 2,29)
Avg. learning time from FC (all feat), for FU 	124,80 [ms] (stdev 40,41)
Avg. learning time from FC (all feat), for RF 	60,30 [ms] (stdev 61,96)
-----Feature construction time-----
Avg. FC time (only Log feat): 240,70 [ms] stdev 56,67
*********************************************************************************
Numerical features
*********************************************************************************
Number of numerical feat: 30,00 (stdev 0,00)
Avg. tree size (nodes+leaves): 41,40 (stdev 5,12) avg. number of leaves: 21,20 (stdev 2,56) avg. sum of constructs: 40,00 (stdev 4,71) avg. sum of constructs / num of nodes: 1,98 (stdev 0,03)
Avg. num of numerical feat in tree: 19,80 (stdev 2,18) avg. sum of (only numerical) constructs (in tree): 39,60 (stdev 4,36)
Avg. ruleset size: 20,30 (stdev 1,49) avg. number of terms of construct in Furia feat.: 107,80 (stdev 9,15) avg. number of terms in constructs per ruleset: 5,31 (stdev 0,16)
-----ACC-----
Avg. class. ACC J48 	92,95 (stdev 2,74)
Avg. class. ACC NB 	85,11 (stdev 3,97)
Avg. class. ACC SMO 	96,16 (stdev 1,92)
Avg. class. ACC SMO 	90,56 (stdev 1,16)
Avg. class. ACC IB 	91,20 (stdev 1,27)
Avg. class. ACC FU 	94,71 (stdev 2,60)
Avg. class. ACC RF 	96,65 (stdev 2,07)
-----Learning and testing time-----
Avg. learning time from FC (all feat), for J48 	8,40 [ms] (stdev 6,10)
Avg. learning time from FC (all feat), for NB 	2,90 [ms] (stdev 2,07)
Avg. learning time from FC (all feat), for SMO 	14,80 [ms] (stdev 2,68)
Avg. learning time from FC (all feat), for SMO 	83,20 [ms] (stdev 19,98)
Avg. learning time from FC (all feat), for IB 	4,80 [ms] (stdev 2,32)
Avg. learning time from FC (all feat), for FU 	101,50 [ms] (stdev 11,94)
Avg. learning time from FC (all feat), for RF 	34,40 [ms] (stdev 14,52)
-----Feature construction time-----
Avg. FC time (only Num feat): 8,60 [ms] stdev 4,52
*********************************************************************************
Relational features
*********************************************************************************
Number of relational feat: 12,00 (stdev 0,00)
Avg. tree size (nodes+leaves): 33,40 (stdev 1,50) avg. number of leaves: 17,20 (stdev 0,75) avg. sum of constructs: 32,40 (stdev 1,50) avg. sum of constructs / num of nodes: 2,00 (stdev 0,00)
Avg. num of relational feat in tree: 16,20 (stdev 0,75) avg. sum of (only Cartesian) constructs (in tree): 32,40 (stdev 1,50)
Avg. ruleset size: 18,00 (stdev 1,00) avg. number of terms of construct in Furia feat.: 84,00 (stdev 5,39) avg. number of terms in constructs per ruleset: 4,67 (stdev 0,26)
-----ACC-----
Avg. class. ACC J48 	98,08 (stdev 2,12)
Avg. class. ACC NB 	91,84 (stdev 2,90)
Avg. class. ACC SMO 	93,75 (stdev 3,10)
Avg. class. ACC SMO 	87,51 (stdev 2,87)
Avg. class. ACC IB 	96,32 (stdev 2,17)
Avg. class. ACC FU 	96,01 (stdev 1,62)
Avg. class. ACC RF 	97,28 (stdev 1,90)
-----Learning and testing time-----
Avg. learning time from FC (all feat), for J48 	1,90 [ms] (stdev 1,76)
Avg. learning time from FC (all feat), for NB 	0,20 [ms] (stdev 0,60)
Avg. learning time from FC (all feat), for SMO 	27,60 [ms] (stdev 9,74)
Avg. learning time from FC (all feat), for SMO 	70,60 [ms] (stdev 12,03)
Avg. learning time from FC (all feat), for IB 	3,40 [ms] (stdev 0,66)
Avg. learning time from FC (all feat), for FU 	43,20 [ms] (stdev 9,97)
Avg. learning time from FC (all feat), for RF 	22,60 [ms] (stdev 5,70)
-----Feature construction time-----
Avg. FC time (only Rel feat): 3,20 [ms] stdev 2,14
*********************************************************************************
Cartesian product
*********************************************************************************
Number of "Cartesian" feat: 6,00 (stdev 0,00)
Avg. tree size (nodes+leaves): 94,20 (stdev 8,16) avg. number of leaves: 54,90 (stdev 3,75) avg. sum of constructs: 45,80 (stdev 5,23) avg. sum of constructs / num of nodes: 1,17 (stdev 0,02)
Avg. num of "Cartesian" feat in tree: 6,50 (stdev 0,67) avg. sum of (only Cartesian) constructs (in tree): 13,00 (stdev 1,34)
Avg. ruleset size: 21,60 (stdev 2,20) avg. number of terms of construct in Furia feat.: 68,40 (stdev 7,71) avg. number of terms in constructs per ruleset: 3,17 (stdev 0,13)
-----ACC-----
Avg. class. ACC J48 	79,05 (stdev 4,33)
Avg. class. ACC NB 	82,89 (stdev 5,17)
Avg. class. ACC SMO 	87,05 (stdev 2,76)
Avg. class. ACC SMO 	84,01 (stdev 3,15)
Avg. class. ACC IB 	85,77 (stdev 2,77)
Avg. class. ACC FU 	81,12 (stdev 3,38)
Avg. class. ACC RF 	82,08 (stdev 3,33)
-----Learning and testing time-----
Avg. learning time from FC (all feat), for J48 	1,90 [ms] (stdev 1,22)
Avg. learning time from FC (all feat), for NB 	0,10 [ms] (stdev 0,30)
Avg. learning time from FC (all feat), for SMO 	26,80 [ms] (stdev 6,52)
Avg. learning time from FC (all feat), for SMO 	70,50 [ms] (stdev 11,25)
Avg. learning time from FC (all feat), for IB 	2,20 [ms] (stdev 0,40)
Avg. learning time from FC (all feat), for FU 	98,10 [ms] (stdev 25,27)
Avg. learning time from FC (all feat), for RF 	29,00 [ms] (stdev 15,49)
-----Feature construction time-----
Avg. FC time (only Cart feat): 2,70 [ms] stdev 1,68
*********************************************************************************
Only Furia and THR feat
*********************************************************************************
Number of FURIA feat: 9,50 (stdev 1,20) number of thr. feat: 9,40 (stdev 1,20)
Avg. tree size (nodes+leaves): 77,50 (stdev 15,90) avg. number of leaves: 45,90 (stdev 9,57) avg. sum of constructs: 53,20 (stdev 11,86) avg. sum of constructs / num of nodes: 1,70 (stdev 0,25)
Avg. num of FURIA feat. in tree: 6,80 (stdev 3,03) avg. sum of terms in constructs (Furia feat) in tree: 15,10 (stdev 7,35) avg. num of THR feat. in tree: 9,50 (stdev 3,96) avg. sum of terms in constructs (THR feat) in tree: 22,80 (stdev 8,91)
Avg. ruleset size: 20,60 (stdev 2,76) avg. number of terms of construct in Furia feat.: 110,40 (stdev 19,02) avg. number of terms in constructs per ruleset: 5,35 (stdev 0,53)
-----ACC-----
Avg. class. ACC J48 	80,49 (stdev 4,37)
Avg. class. ACC NB 	77,61 (stdev 6,30)
Avg. class. ACC SMO 	87,36 (stdev 2,73)
Avg. class. ACC SMO 	84,48 (stdev 3,37)
Avg. class. ACC IB 	84,00 (stdev 2,78)
Avg. class. ACC FU 	85,12 (stdev 3,25)
Avg. class. ACC RF 	83,53 (stdev 4,10)
-----Learning and testing time-----
Avg. learning time from FC(only Furia and THR feat) J48 4,10 [ms] (stdev 3,14)
Avg. learning time from FC(only Furia and THR feat) NB 0,30 [ms] (stdev 0,64)
Avg. learning time from FC(only Furia and THR feat) SMO 32,70 [ms] (stdev 12,37)
Avg. learning time from FC(only Furia and THR feat) SMO 73,40 [ms] (stdev 11,25)
Avg. learning time from FC(only Furia and THR feat) IB 4,50 [ms] (stdev 0,67)
Avg. learning time from FC(only Furia and THR feat) FU 104,00 [ms] (stdev 22,92)
Avg. learning time from FC(only Furia and THR feat) RF 28,70 [ms] (stdev 9,92)
-----Feature construction time-----
Avg. FC time (only Furia and THR feat): 231,70 [ms] stdev 67,00
*********************************************************************************
All features dataset
*********************************************************************************
Avg. number of groups for feature construction: 4,00 (stdev 0,00)
Avg. size of groups (num. of candidate attr.) per folds (num of attr. in all groups):: 12,00 (stdev 0,00)
Avg. size of groups (num. of candidate attr.) per groups per folds (avg. of avg.): 3,00 (stdev 0,00)
Max avg. group (length) of constructs (num of attr.): 3,00 (stdev 0,00)
Number of logical feat: 46,40 (stdev 16,80) number of numerical feat: 30,00 (stdev 0,00) number of relational feat: 12,00 (stdev 0,00) number of "Cartesian" feat: 6,00 (stdev 0,00) number of FURIA feat: 9,50 (stdev 1,20) number of thr. feat: 9,40 (stdev 1,20)
Avg. tree size (nodes+leaves): 57,90 (stdev 14,17) avg. number of leaves: 30,20 (stdev 7,51) avg. sum of constructs: 56,50 (stdev 13,41) avg. sum of constructs / num of nodes: 2,04 (stdev 0,06)
Avg. num of logical feat in tree: 2,20 (stdev 1,40) avg. sum of (only logical) constructs: 4,50 (stdev 2,80) avg. num of numerical feat in tree: 10,50 (stdev 5,57) avg. sum of (only numerical) constructs: 21,00 (stdev 11,14) avg. num of relational feat in tree: 10,40 (stdev 3,17) avg. sum of (only relational) constructs: 20,80 (stdev 6,34) avg. num of "Cartesian" feat in tree: 0,00 (stdev 0,00) avg. sum of (Cartesian) constructs (in tree): 0,00 (stdev 0,00) avg. num of FURIA feat. in tree: 2,70 (stdev 1,68) avg. sum of terms in constructs (Furia feat) in tree: 6,80 (stdev 4,09) avg. num of THR feat. in tree: 0,90 (stdev 0,70) avg. sum of terms in constructs (THR feat) in tree: 2,40 (stdev 1,69)
Avg. ruleset size: 19,60 (stdev 1,50) avg. number of terms of construct in Furia feat.: 96,20 (stdev 9,00) avg. number of terms in constructs per ruleset: 4,90 (stdev 0,15)
Mean unimp. OR feat.: 0,00 (stdev 0,00) mean unimp. EQU feat.: 0,00 (stdev 0,00) mean unimp. XOR feat.: 0,00 (stdev 0,00) mean unimp. IMPL feat.: 0,00 (stdev 0,00) mean unimp. AND feat.: 0,00 (stdev 0,00) mean unimp. LESSTHAN feat.: 0,00 (stdev 0,00) mean unimp. DIFF feat.: 0,00 (stdev 0,00) mean unimp. "Cartesian" feat.: 0,00 (stdev 0,00)
-----ACC-----
Avg. class. ACC J48 	90,07 (stdev 5,08)
Avg. class. ACC NB 	76,65 (stdev 6,39)
Avg. class. ACC SMO 	97,76 (stdev 1,78)
Avg. class. ACC SMO 	87,52 (stdev 3,40)
Avg. class. ACC IB 	84,33 (stdev 3,15)
Avg. class. ACC FU 	92,96 (stdev 2,39)
Avg. class. ACC RF 	88,33 (stdev 2,22)
-----Learning and testing time-----
Avg. learning time from FC (all feat), for J48 	12,90 [ms] (stdev 2,70)
Avg. learning time from FC (all feat), for NB 	4,40 [ms] (stdev 2,01)
Avg. learning time from FC (all feat), for SMO 	151,60 [ms] (stdev 48,98)
Avg. learning time from FC (all feat), for SMO 	99,00 [ms] (stdev 8,82)
Avg. learning time from FC (all feat), for IB 	14,20 [ms] (stdev 2,86)
Avg. learning time from FC (all feat), for FU 	151,60 [ms] (stdev 14,94)
Avg. learning time from FC (all feat), for RF 	35,30 [ms] (stdev 5,24)
-----Feature construction time-----
Avg. FC time (all feat): 486,90 [ms] (stdev 123,84)
*********************************************************************************
FS on validation dataset - results
*********************************************************************************
When using J48, number of logical feat: 26,20 (stdev 15,41) number of numerical feat: 21,90 (stdev 7,67) number of relational feat: 7,20 (stdev 2,40) number of "Cartesian" feat: 5,40 (stdev 1,80) number of FURIA feat: 8,60 (stdev 3,10) number of thr. feat: 8,70 (stdev 2,53)
When using NB, number of logical feat: 0,00 (stdev 0,00) number of numerical feat: 0,00 (stdev 0,00) number of relational feat: 0,00 (stdev 0,00) number of "Cartesian" feat: 0,00 (stdev 0,00) number of FURIA feat: 0,00 (stdev 0,00) number of thr. feat: 0,00 (stdev 0,00)
When using SMO, number of logical feat: 29,10 (stdev 12,70) number of numerical feat: 24,30 (stdev 2,37) number of relational feat: 8,00 (stdev 0,00) number of "Cartesian" feat: 6,00 (stdev 0,00) number of FURIA feat: 9,50 (stdev 1,20) number of thr. feat: 9,40 (stdev 1,20)
When using SMO, number of logical feat: 15,40 (stdev 10,18) number of numerical feat: 17,30 (stdev 11,47) number of relational feat: 5,60 (stdev 3,67) number of "Cartesian" feat: 4,20 (stdev 2,75) number of FURIA feat: 6,80 (stdev 4,58) number of thr. feat: 6,80 (stdev 4,58)
When using IB, number of logical feat: 0,00 (stdev 0,00) number of numerical feat: 0,00 (stdev 0,00) number of relational feat: 0,00 (stdev 0,00) number of "Cartesian" feat: 0,00 (stdev 0,00) number of FURIA feat: 0,00 (stdev 0,00) number of thr. feat: 0,00 (stdev 0,00)
When using FURIA, number of logical feat: 29,10 (stdev 12,70) number of numerical feat: 24,30 (stdev 2,37) number of relational feat: 8,00 (stdev 0,00) number of "Cartesian" feat: 6,00 (stdev 0,00) number of FURIA feat: 9,50 (stdev 1,20) number of thr. feat: 9,40 (stdev 1,20)
When using RF, number of logical feat: 29,10 (stdev 12,70) number of numerical feat: 24,30 (stdev 2,37) number of relational feat: 8,00 (stdev 0,00) number of "Cartesian" feat: 6,00 (stdev 0,00) number of FURIA feat: 9,50 (stdev 1,20) number of thr. feat: 9,40 (stdev 1,20)
Avg. tree size (nodes+leaves): 57,60 (stdev 13,26) avg. number of leaves: 30,30 (stdev 7,24) avg. sum of constructs: 53,20 (stdev 13,72) avg. sum of constructs / num of nodes: 1,95 (stdev 0,24)
Avg. num of logical feat. in tree: 1,80 (stdev 1,33) avg. sum of (only logical) constructs in tree: 3,70 (stdev 2,76) avg. num of numerical feat. in tree: 9,00 (stdev 5,67) avg. sum of (only numerical) constructs in tree: 18,00 (stdev 11,35) avg. num of relational feat. in tree: 9,20 (stdev 4,12) avg. sum of (only relational) constructs in tree: 18,40 (stdev 8,24) avg. num of Cartesian feat. in tree: 0,00 (stdev 0,00) avg. sum of constructs (of Cartesian feat) in tree: 0,00 (stdev 0,00) avg. num of FURIA feat. in tree: 2,50 (stdev 1,91) avg. sum of terms in constructs (Furia feat) in tree: 6,30 (stdev 4,69) avg. num of THR feat. in tree: 1,20 (stdev 1,17) avg. sum of terms in constructs (THR feat) in tree: 3,20 (stdev 3,37)
Avg. ruleset size: 20,20 (stdev 1,33) avg. number of terms of construct in Furia feat.: 100,40 (stdev 10,56) avg. number of terms in constructs per ruleset: 4,96 (stdev 0,22)
-----ACC-----
Avg. class. ACC J48 	90,07 (stdev 5,67)
Avg. class. ACC NB 	90,39 (stdev 1,63)
Avg. class. ACC SMO 	97,76 (stdev 1,78)
Avg. class. ACC SMO 	88,64 (stdev 2,33)
Avg. class. ACC IB 	90,08 (stdev 1,86)
Avg. class. ACC FU 	93,91 (stdev 2,15)
Avg. class. ACC RF 	88,80 (stdev 2,77)
-----Search time-----
Avg. search time J48 	2132,50 (stdev 106,68)
Avg. search time NB 	1984,30 (stdev 83,64)
Avg. search time SMO 	2036,90 (stdev 61,63)
Avg. search time SMO 	2114,70 (stdev 51,00)
Avg. search time IB 	2021,40 (stdev 49,55)
Avg. search time FU 	2160,20 (stdev 62,90)
Avg. search time RF 	2037,70 (stdev 41,89)
-----Learning and testing time-----
Avg. learn time J48 	8,70 (stdev 3,44)
Avg. learn time NB 	0,00 (stdev 0,00)
Avg. learn time SMO 	83,60 (stdev 15,89)
Avg. learn time SMO 	86,90 (stdev 12,40)
Avg. learn time IB 	1,70 (stdev 0,46)
Avg. learn time FU 	121,60 (stdev 29,86)
Avg. learn time RF 	26,50 (stdev 2,01)
~~~~~~~~~~~~~~~~~~~~~~~~~~~~~~~~~~~~~~~~~~~~~~~~~~~~~~~~~~~~~~~~~~~~~~~~~~~~~~~~
Total processing time (Balance scale.arff): 226637
~~~~~~~~~~~~~~~~~~~~~~~~~~~~~~~~~~~~~~~~~~~~~~~~~~~~~~~~~~~~~~~~~~~~~~~~~~~~~~~~
