dataset: Balance scale.arff
Number of folds for testing (CV): 10
*********************************************************************************
number of instances: 625
number of attributes: 4
number of classes: 3
---------------------------------------------------------------------------------
Alg. for searching concepts: TreeSHAP (XGBOOST) parameters: numOfRounds->100 maxDepth->3 eta->0.3 gamma->1.0
Explaining class: L explaining whole dataset: NO
---------------------------------------------------------------------------------
Testing method: CV, number of folds: 10
Feature selection on validation dataset. Percentage of split (subTrain:validation) 75%:25%
---------------------------------------------------------------------------------
Avg. explanation time: 10,40 [ms] (stdev 1,56)
Avg. number of instances that we explain: 259,20 (stdev 0,40)
---------------------------------------------------------------------------------
Internal (during building) accuracy of explanation model: 92,69 (stdev 0,41) ACC on the test dataset: 88,80 (stdev 2,65)
---------------------------------------------------------------------------------
Avg. model building time: 87,30 [ms] (stdev 15,77)
---------------------------------------------------------------------------------
Feature types included in construction: logical operators based, decision rule, threshold, relational, Cartesian product, numerical
*********************************************************************************
Original dataset
*********************************************************************************
Avg. tree size: 78,20 (stdev 11,39) avg. number of leaves: 39,60 (stdev 5,70) avg. number of nodes: 38,60 (stdev 5,70)
Avg. ruleset size: 0,00 (stdev 0,00) avg. number of attributes in rules: 0,00 (stdev 0,00) avg. number of attributes per rule: 0,00 (stdev 0,00)
-----ACC-----
Avg. class. ACC J48 	76,65 (stdev 3,58)
Avg. class. ACC NB 	90,39 (stdev 1,63)
Avg. class. ACC IB 	90,08 (stdev 1,86)
-----Learning and testing time-----
Avg. learning time J48 	5,60 [ms] (stdev 10,81 [ms])
Avg. learning time NB 	0,90 [ms] (stdev 2,70 [ms])
Avg. learning time IB 	4,10 [ms] (stdev 5,65 [ms])
*********************************************************************************
Only Logical features
*********************************************************************************
Number of logical feat: 46,40 (stdev 16,80)
Avg. tree size (nodes+leaves): 72,20 (stdev 5,53) avg. number of leaves: 36,60 (stdev 2,76) avg. sum of constructs: 42,50 (stdev 2,38) avg. sum of constructs / num of nodes: 1,20 (stdev 0,06)
Avg. num of logical feat in tree: 6,60 (stdev 1,02) avg. sum of (logical) constructs: 13,50 (stdev 2,66)
Avg. ruleset size: 0,00 (stdev 0,00) avg. number of terms of construct in Furia feat.: 0,00 (stdev 0,00) avg. number of terms in constructs per ruleset: 0,00 (stdev 0,00)
-----ACC-----
Avg. class. ACC J48 	81,93 (stdev 3,15)
Avg. class. ACC NB 	76,17 (stdev 4,32)
Avg. class. ACC IB 	85,77 (stdev 2,77)
-----Learning and testing time-----
Avg. learning time from FC (all feat), for J48 	7,60 [ms] (stdev 6,90)
Avg. learning time from FC (all feat), for NB 	1,50 [ms] (stdev 0,92)
Avg. learning time from FC (all feat), for IB 	6,60 [ms] (stdev 3,67)
-----Feature construction time-----
Avg. FC time (only Log feat): 221,80 [ms] stdev 73,88
*********************************************************************************
Numerical features
*********************************************************************************
Number of numerical feat: 30,00 (stdev 0,00)
Avg. tree size (nodes+leaves): 41,40 (stdev 5,12) avg. number of leaves: 21,20 (stdev 2,56) avg. sum of constructs: 40,00 (stdev 4,71) avg. sum of constructs / num of nodes: 1,98 (stdev 0,03)
Avg. num of numerical feat in tree: 19,80 (stdev 2,18) avg. sum of (only numerical) constructs (in tree): 39,60 (stdev 4,36)
Avg. ruleset size: 0,00 (stdev 0,00) avg. number of terms of construct in Furia feat.: 0,00 (stdev 0,00) avg. number of terms in constructs per ruleset: 0,00 (stdev 0,00)
-----ACC-----
Avg. class. ACC J48 	92,95 (stdev 2,74)
Avg. class. ACC NB 	85,11 (stdev 3,97)
Avg. class. ACC IB 	91,53 (stdev 1,58)
-----Learning and testing time-----
Avg. learning time from FC (all feat), for J48 	8,00 [ms] (stdev 5,51)
Avg. learning time from FC (all feat), for NB 	2,80 [ms] (stdev 1,54)
Avg. learning time from FC (all feat), for IB 	5,20 [ms] (stdev 1,99)
-----Feature construction time-----
Avg. FC time (only Num feat): 6,90 [ms] stdev 4,70
*********************************************************************************
Relational features
*********************************************************************************
Number of relational feat: 12,00 (stdev 0,00)
Avg. tree size (nodes+leaves): 34,80 (stdev 0,60) avg. number of leaves: 17,90 (stdev 0,30) avg. sum of constructs: 33,80 (stdev 0,60) avg. sum of constructs / num of nodes: 2,00 (stdev 0,00)
Avg. num of relational feat in tree: 16,90 (stdev 0,30) avg. sum of (only Cartesian) constructs (in tree): 33,80 (stdev 0,60)
Avg. ruleset size: 0,00 (stdev 0,00) avg. number of terms of construct in Furia feat.: 0,00 (stdev 0,00) avg. number of terms in constructs per ruleset: 0,00 (stdev 0,00)
-----ACC-----
Avg. class. ACC J48 	98,08 (stdev 2,12)
Avg. class. ACC NB 	88,97 (stdev 2,29)
Avg. class. ACC IB 	96,16 (stdev 2,05)
-----Learning and testing time-----
Avg. learning time from FC (all feat), for J48 	1,90 [ms] (stdev 1,76)
Avg. learning time from FC (all feat), for NB 	0,50 [ms] (stdev 1,20)
Avg. learning time from FC (all feat), for IB 	4,40 [ms] (stdev 1,43)
-----Feature construction time-----
Avg. FC time (only Rel feat): 3,10 [ms] stdev 1,45
*********************************************************************************
Cartesian product
*********************************************************************************
Number of "Cartesian" feat: 6,00 (stdev 0,00)
Avg. tree size (nodes+leaves): 94,20 (stdev 8,16) avg. number of leaves: 54,90 (stdev 3,75) avg. sum of constructs: 45,80 (stdev 5,23) avg. sum of constructs / num of nodes: 1,17 (stdev 0,02)
Avg. num of "Cartesian" feat in tree: 6,50 (stdev 0,67) avg. sum of (only Cartesian) constructs (in tree): 13,00 (stdev 1,34)
Avg. ruleset size: 0,00 (stdev 0,00) avg. number of terms of construct in Furia feat.: 0,00 (stdev 0,00) avg. number of terms in constructs per ruleset: 0,00 (stdev 0,00)
-----ACC-----
Avg. class. ACC J48 	79,05 (stdev 4,33)
Avg. class. ACC NB 	82,89 (stdev 5,17)
Avg. class. ACC IB 	85,77 (stdev 2,77)
-----Learning and testing time-----
Avg. learning time from FC (all feat), for J48 	2,50 [ms] (stdev 1,69)
Avg. learning time from FC (all feat), for NB 	0,10 [ms] (stdev 0,30)
Avg. learning time from FC (all feat), for IB 	3,40 [ms] (stdev 1,50)
-----Feature construction time-----
Avg. FC time (only Cart feat): 3,40 [ms] stdev 2,11
*********************************************************************************
Only Furia and THR feat
*********************************************************************************
Number of FURIA feat: 36,80 (stdev 3,37) number of thr. feat: 34,70 (stdev 3,41)
Avg. tree size (nodes+leaves): 82,50 (stdev 8,90) avg. number of leaves: 51,60 (stdev 4,80) avg. sum of constructs: 72,10 (stdev 9,02) avg. sum of constructs / num of nodes: 2,34 (stdev 0,17)
Avg. num of FURIA feat. in tree: 15,30 (stdev 2,45) avg. sum of terms in constructs (Furia feat) in tree: 36,80 (stdev 6,75) avg. num of THR feat. in tree: 12,20 (stdev 1,66) avg. sum of terms in constructs (THR feat) in tree: 31,90 (stdev 2,66)
Avg. ruleset size: 0,00 (stdev 0,00) avg. number of terms of construct in Furia feat.: 0,00 (stdev 0,00) avg. number of terms in constructs per ruleset: 0,00 (stdev 0,00)
-----ACC-----
Avg. class. ACC J48 	83,54 (stdev 3,93)
Avg. class. ACC NB 	78,10 (stdev 4,41)
Avg. class. ACC IB 	86,39 (stdev 2,33)
-----Learning and testing time-----
Avg. learning time from FC(only Furia and THR feat) J48 8,10 [ms] (stdev 2,12)
Avg. learning time from FC(only Furia and THR feat) NB 1,60 [ms] (stdev 0,66)
Avg. learning time from FC(only Furia and THR feat) IB 18,00 [ms] (stdev 3,44)
-----Feature construction time-----
Avg. FC time (only Furia and THR feat): 820,80 [ms] stdev 193,16
*********************************************************************************
All features dataset
*********************************************************************************
Avg. number of groups for feature construction: 11,00 (stdev 0,00)
Avg. size of groups (num. of candidate attr.) per folds (num of attr. in all groups):: 28,00 (stdev 0,00)
Avg. size of groups (num. of candidate attr.) per groups per folds (avg. of avg.): 2,55 (stdev 0,00)
Max avg. group (length) of constructs (num of attr.): 4,00 (stdev 0,00)
Number of logical feat: 46,40 (stdev 16,80) number of numerical feat: 30,00 (stdev 0,00) number of relational feat: 12,00 (stdev 0,00) number of "Cartesian" feat: 6,00 (stdev 0,00) number of FURIA feat: 36,80 (stdev 3,37) number of thr. feat: 34,70 (stdev 3,41)
Avg. tree size (nodes+leaves): 74,30 (stdev 11,65) avg. number of leaves: 40,00 (stdev 6,87) avg. sum of constructs: 78,30 (stdev 11,17) avg. sum of constructs / num of nodes: 2,29 (stdev 0,11)
Avg. num of logical feat in tree: 3,10 (stdev 1,37) avg. sum of (only logical) constructs: 6,30 (stdev 2,76) avg. num of numerical feat in tree: 7,10 (stdev 3,21) avg. sum of (only numerical) constructs: 14,20 (stdev 6,42) avg. num of relational feat in tree: 7,40 (stdev 2,15) avg. sum of (only relational) constructs: 14,80 (stdev 4,31) avg. num of "Cartesian" feat in tree: 0,00 (stdev 0,00) avg. sum of (Cartesian) constructs (in tree): 0,00 (stdev 0,00) avg. num of FURIA feat. in tree: 11,80 (stdev 2,56) avg. sum of terms in constructs (Furia feat) in tree: 33,40 (stdev 7,53) avg. num of THR feat. in tree: 2,70 (stdev 1,73) avg. sum of terms in constructs (THR feat) in tree: 7,40 (stdev 4,63)
Avg. ruleset size: 0,00 (stdev 0,00) avg. number of terms of construct in Furia feat.: 0,00 (stdev 0,00) avg. number of terms in constructs per ruleset: 0,00 (stdev 0,00)
Mean unimp. OR feat.: 0,00 (stdev 0,00) mean unimp. EQU feat.: 0,00 (stdev 0,00) mean unimp. XOR feat.: 0,00 (stdev 0,00) mean unimp. IMPL feat.: 0,00 (stdev 0,00) mean unimp. AND feat.: 0,00 (stdev 0,00) mean unimp. LESSTHAN feat.: 0,00 (stdev 0,00) mean unimp. DIFF feat.: 0,00 (stdev 0,00) mean unimp. "Cartesian" feat.: 0,00 (stdev 0,00)
-----ACC-----
Avg. class. ACC J48 	84,01 (stdev 5,15)
Avg. class. ACC NB 	78,42 (stdev 6,05)
Avg. class. ACC IB 	85,45 (stdev 3,20)
-----Learning and testing time-----
Avg. learning time from FC (all feat), for J48 	26,80 [ms] (stdev 9,13)
Avg. learning time from FC (all feat), for NB 	5,00 [ms] (stdev 1,18)
Avg. learning time from FC (all feat), for IB 	25,60 [ms] (stdev 3,80)
-----Feature construction time-----
Avg. FC time (all feat): 1056,00 [ms] (stdev 269,85)
*********************************************************************************
FS on validation dataset - results
*********************************************************************************
When using J48, number of logical feat: 31,20 (stdev 29,73) number of numerical feat: 18,00 (stdev 14,70) number of relational feat: 7,20 (stdev 5,88) number of "Cartesian" feat: 5,00 (stdev 1,41) number of FURIA feat: 22,90 (stdev 18,90) number of thr. feat: 26,20 (stdev 12,63)
When using NB, number of logical feat: 0,00 (stdev 0,00) number of numerical feat: 0,00 (stdev 0,00) number of relational feat: 0,00 (stdev 0,00) number of "Cartesian" feat: 0,00 (stdev 0,00) number of FURIA feat: 0,00 (stdev 0,00) number of thr. feat: 0,00 (stdev 0,00)
When using IB, number of logical feat: 0,00 (stdev 0,00) number of numerical feat: 0,00 (stdev 0,00) number of relational feat: 0,00 (stdev 0,00) number of "Cartesian" feat: 0,00 (stdev 0,00) number of FURIA feat: 0,00 (stdev 0,00) number of thr. feat: 0,00 (stdev 0,00)
Avg. tree size (nodes+leaves): 70,50 (stdev 8,33) avg. number of leaves: 41,30 (stdev 5,57) avg. sum of constructs: 62,60 (stdev 18,98) avg. sum of constructs / num of nodes: 2,10 (stdev 0,30)
Avg. num of logical feat. in tree: 1,70 (stdev 1,55) avg. sum of (only logical) constructs in tree: 3,50 (stdev 3,20) avg. num of numerical feat. in tree: 3,60 (stdev 3,80) avg. sum of (only numerical) constructs in tree: 7,20 (stdev 7,60) avg. num of relational feat. in tree: 4,00 (stdev 3,63) avg. sum of (only relational) constructs in tree: 8,00 (stdev 7,27) avg. num of Cartesian feat. in tree: 0,50 (stdev 0,81) avg. sum of constructs (of Cartesian feat) in tree: 1,00 (stdev 1,61) avg. num of FURIA feat. in tree: 7,10 (stdev 6,32) avg. sum of terms in constructs (Furia feat) in tree: 20,50 (stdev 18,27) avg. num of THR feat. in tree: 5,40 (stdev 3,07) avg. sum of terms in constructs (THR feat) in tree: 15,50 (stdev 9,37)
Avg. ruleset size: 0,00 (stdev 0,00) avg. number of terms of construct in Furia feat.: 0,00 (stdev 0,00) avg. number of terms in constructs per ruleset: 0,00 (stdev 0,00)
-----ACC-----
Avg. class. ACC J48 	83,55 (stdev 5,26)
Avg. class. ACC NB 	90,39 (stdev 1,63)
Avg. class. ACC IB 	90,08 (stdev 1,86)
-----Search time-----
Avg. search time J48 	189,40 (stdev 33,05)
Avg. search time NB 	172,70 (stdev 14,55)
Avg. search time IB 	219,40 (stdev 19,85)
-----Learning and testing time-----
Avg. learn time J48 	17,90 (stdev 15,64)
Avg. learn time NB 	0,00 (stdev 0,00)
Avg. learn time IB 	1,80 (stdev 0,40)
~~~~~~~~~~~~~~~~~~~~~~~~~~~~~~~~~~~~~~~~~~~~~~~~~~~~~~~~~~~~~~~~~~~~~~~~~~~~~~~~
Total processing time (Balance scale.arff): 40805
~~~~~~~~~~~~~~~~~~~~~~~~~~~~~~~~~~~~~~~~~~~~~~~~~~~~~~~~~~~~~~~~~~~~~~~~~~~~~~~~
