dataset: Balance scale.arff
Number of folds for testing (CV): 10
*********************************************************************************
number of instances: 625
number of attributes: 4
number of classes: 3
---------------------------------------------------------------------------------
Alg. for searching concepts: TreeSHAP (XGBOOST) parameters: numOfRounds->100 maxDepth->3 eta->0.3 gamma->1.0
Explaining class: L explaining whole dataset: NO
---------------------------------------------------------------------------------
Testing method: CV, number of folds: 10
Feature selection on validation dataset. Percentage of split (subTrain:validation) 75%:25%
---------------------------------------------------------------------------------
Avg. explanation time: 8,90 [ms] (stdev 2,39)
Avg. number of instances that we explain: 259,20 (stdev 0,40)
---------------------------------------------------------------------------------
Internal (during building) accuracy of explanation model: 92,69 (stdev 0,41) ACC on the test dataset: 88,80 (stdev 2,65)
---------------------------------------------------------------------------------
Avg. model building time: 80,10 [ms] (stdev 20,34)
---------------------------------------------------------------------------------
Feature types included in construction: logical operators based, decision rule, threshold, relational, Cartesian product, numerical
*********************************************************************************
Original dataset
*********************************************************************************
Avg. tree size: 78,20 (stdev 11,39) avg. number of leaves: 39,60 (stdev 5,70) avg. number of nodes: 38,60 (stdev 5,70)
Avg. ruleset size: 23,80 (stdev 2,93) avg. number of attributes in rules: 73,10 (stdev 9,17) avg. number of attributes per rule: 3,07 (stdev 0,06)
-----ACC-----
Avg. class. ACC J48 	76,65 (stdev 3,58)
Avg. class. ACC NB 	90,39 (stdev 1,63)
Avg. class. ACC SMO 	87,68 (stdev 2,39)
Avg. class. ACC SMO 	86,87 (stdev 2,77)
Avg. class. ACC IB 	90,08 (stdev 1,86)
Avg. class. ACC FU 	80,65 (stdev 3,20)
Avg. class. ACC RF 	81,45 (stdev 4,01)
-----Learning and testing time-----
Avg. learning time J48 	4,90 [ms] (stdev 10,38 [ms])
Avg. learning time NB 	1,00 [ms] (stdev 3,00 [ms])
Avg. learning time SMO 	16,80 [ms] (stdev 14,13 [ms])
Avg. learning time SMO 	84,00 [ms] (stdev 14,99 [ms])
Avg. learning time IB 	3,60 [ms] (stdev 5,82 [ms])
Avg. learning time FU 	123,40 [ms] (stdev 55,83 [ms])
Avg. learning time RF 	44,70 [ms] (stdev 50,14 [ms])
*********************************************************************************
Only Logical features
*********************************************************************************
Number of logical feat: 46,40 (stdev 16,80)
Avg. tree size (nodes+leaves): 72,20 (stdev 5,53) avg. number of leaves: 36,60 (stdev 2,76) avg. sum of constructs: 42,50 (stdev 2,38) avg. sum of constructs / num of nodes: 1,20 (stdev 0,06)
Avg. num of logical feat in tree: 6,60 (stdev 1,02) avg. sum of (logical) constructs: 13,50 (stdev 2,66)
Avg. ruleset size: 16,30 (stdev 2,28) avg. number of terms of construct in Furia feat.: 69,80 (stdev 12,40) avg. number of terms in constructs per ruleset: 4,27 (stdev 0,39)
-----ACC-----
Avg. class. ACC J48 	81,93 (stdev 3,15)
Avg. class. ACC NB 	76,17 (stdev 4,32)
Avg. class. ACC SMO 	86,09 (stdev 2,90)
Avg. class. ACC SMO 	77,44 (stdev 3,37)
Avg. class. ACC IB 	85,77 (stdev 2,77)
Avg. class. ACC FU 	82,73 (stdev 3,46)
Avg. class. ACC RF 	83,85 (stdev 3,45)
-----Learning and testing time-----
Avg. learning time from FC (all feat), for J48 	6,20 [ms] (stdev 6,24)
Avg. learning time from FC (all feat), for NB 	1,40 [ms] (stdev 0,92)
Avg. learning time from FC (all feat), for SMO 	41,20 [ms] (stdev 12,38)
Avg. learning time from FC (all feat), for SMO 	80,90 [ms] (stdev 14,00)
Avg. learning time from FC (all feat), for IB 	5,60 [ms] (stdev 2,46)
Avg. learning time from FC (all feat), for FU 	129,20 [ms] (stdev 46,53)
Avg. learning time from FC (all feat), for RF 	62,70 [ms] (stdev 72,29)
-----Feature construction time-----
Avg. FC time (only Log feat): 279,60 [ms] stdev 57,97
*********************************************************************************
Numerical features
*********************************************************************************
Number of numerical feat: 30,00 (stdev 0,00)
Avg. tree size (nodes+leaves): 41,40 (stdev 5,12) avg. number of leaves: 21,20 (stdev 2,56) avg. sum of constructs: 40,00 (stdev 4,71) avg. sum of constructs / num of nodes: 1,98 (stdev 0,03)
Avg. num of numerical feat in tree: 19,80 (stdev 2,18) avg. sum of (only numerical) constructs (in tree): 39,60 (stdev 4,36)
Avg. ruleset size: 19,50 (stdev 1,75) avg. number of terms of construct in Furia feat.: 103,50 (stdev 10,76) avg. number of terms in constructs per ruleset: 5,30 (stdev 0,14)
-----ACC-----
Avg. class. ACC J48 	92,95 (stdev 2,74)
Avg. class. ACC NB 	85,11 (stdev 3,97)
Avg. class. ACC SMO 	96,00 (stdev 2,06)
Avg. class. ACC SMO 	90,56 (stdev 1,16)
Avg. class. ACC IB 	91,53 (stdev 1,58)
Avg. class. ACC FU 	94,71 (stdev 2,71)
Avg. class. ACC RF 	96,64 (stdev 2,53)
-----Learning and testing time-----
Avg. learning time from FC (all feat), for J48 	6,80 [ms] (stdev 5,40)
Avg. learning time from FC (all feat), for NB 	2,70 [ms] (stdev 2,45)
Avg. learning time from FC (all feat), for SMO 	15,00 [ms] (stdev 5,81)
Avg. learning time from FC (all feat), for SMO 	76,10 [ms] (stdev 11,57)
Avg. learning time from FC (all feat), for IB 	4,40 [ms] (stdev 1,91)
Avg. learning time from FC (all feat), for FU 	99,20 [ms] (stdev 14,69)
Avg. learning time from FC (all feat), for RF 	34,00 [ms] (stdev 12,78)
-----Feature construction time-----
Avg. FC time (only Num feat): 5,90 [ms] stdev 3,51
*********************************************************************************
Relational features
*********************************************************************************
Number of relational feat: 12,00 (stdev 0,00)
Avg. tree size (nodes+leaves): 34,80 (stdev 0,60) avg. number of leaves: 17,90 (stdev 0,30) avg. sum of constructs: 33,80 (stdev 0,60) avg. sum of constructs / num of nodes: 2,00 (stdev 0,00)
Avg. num of relational feat in tree: 16,90 (stdev 0,30) avg. sum of (only Cartesian) constructs (in tree): 33,80 (stdev 0,60)
Avg. ruleset size: 17,40 (stdev 1,20) avg. number of terms of construct in Furia feat.: 83,00 (stdev 5,60) avg. number of terms in constructs per ruleset: 4,78 (stdev 0,20)
-----ACC-----
Avg. class. ACC J48 	98,08 (stdev 2,12)
Avg. class. ACC NB 	88,97 (stdev 2,29)
Avg. class. ACC SMO 	93,76 (stdev 2,64)
Avg. class. ACC SMO 	86,40 (stdev 2,71)
Avg. class. ACC IB 	96,16 (stdev 2,05)
Avg. class. ACC FU 	97,60 (stdev 1,79)
Avg. class. ACC RF 	96,96 (stdev 1,81)
-----Learning and testing time-----
Avg. learning time from FC (all feat), for J48 	1,50 [ms] (stdev 0,92)
Avg. learning time from FC (all feat), for NB 	0,30 [ms] (stdev 0,64)
Avg. learning time from FC (all feat), for SMO 	25,80 [ms] (stdev 10,12)
Avg. learning time from FC (all feat), for SMO 	71,60 [ms] (stdev 6,30)
Avg. learning time from FC (all feat), for IB 	4,20 [ms] (stdev 2,44)
Avg. learning time from FC (all feat), for FU 	46,10 [ms] (stdev 10,78)
Avg. learning time from FC (all feat), for RF 	23,10 [ms] (stdev 4,66)
-----Feature construction time-----
Avg. FC time (only Rel feat): 3,40 [ms] stdev 2,42
*********************************************************************************
Cartesian product
*********************************************************************************
Number of "Cartesian" feat: 6,00 (stdev 0,00)
Avg. tree size (nodes+leaves): 94,20 (stdev 8,16) avg. number of leaves: 54,90 (stdev 3,75) avg. sum of constructs: 45,80 (stdev 5,23) avg. sum of constructs / num of nodes: 1,17 (stdev 0,02)
Avg. num of "Cartesian" feat in tree: 6,50 (stdev 0,67) avg. sum of (only Cartesian) constructs (in tree): 13,00 (stdev 1,34)
Avg. ruleset size: 22,50 (stdev 2,42) avg. number of terms of construct in Furia feat.: 72,60 (stdev 8,25) avg. number of terms in constructs per ruleset: 3,23 (stdev 0,09)
-----ACC-----
Avg. class. ACC J48 	79,05 (stdev 4,33)
Avg. class. ACC NB 	82,89 (stdev 5,17)
Avg. class. ACC SMO 	86,09 (stdev 2,11)
Avg. class. ACC SMO 	84,01 (stdev 3,15)
Avg. class. ACC IB 	85,77 (stdev 2,77)
Avg. class. ACC FU 	82,55 (stdev 2,15)
Avg. class. ACC RF 	82,56 (stdev 3,23)
-----Learning and testing time-----
Avg. learning time from FC (all feat), for J48 	1,90 [ms] (stdev 1,76)
Avg. learning time from FC (all feat), for NB 	0,10 [ms] (stdev 0,30)
Avg. learning time from FC (all feat), for SMO 	29,70 [ms] (stdev 5,80)
Avg. learning time from FC (all feat), for SMO 	71,50 [ms] (stdev 10,97)
Avg. learning time from FC (all feat), for IB 	2,20 [ms] (stdev 0,60)
Avg. learning time from FC (all feat), for FU 	103,00 [ms] (stdev 24,40)
Avg. learning time from FC (all feat), for RF 	32,00 [ms] (stdev 15,68)
-----Feature construction time-----
Avg. FC time (only Cart feat): 3,60 [ms] stdev 3,14
*********************************************************************************
Only Furia and THR feat
*********************************************************************************
Number of FURIA feat: 36,80 (stdev 3,37) number of thr. feat: 34,70 (stdev 3,41)
Avg. tree size (nodes+leaves): 82,50 (stdev 8,90) avg. number of leaves: 51,60 (stdev 4,80) avg. sum of constructs: 72,10 (stdev 9,02) avg. sum of constructs / num of nodes: 2,34 (stdev 0,17)
Avg. num of FURIA feat. in tree: 15,30 (stdev 2,45) avg. sum of terms in constructs (Furia feat) in tree: 36,80 (stdev 6,75) avg. num of THR feat. in tree: 12,20 (stdev 1,66) avg. sum of terms in constructs (THR feat) in tree: 31,90 (stdev 2,66)
Avg. ruleset size: 26,70 (stdev 2,76) avg. number of terms of construct in Furia feat.: 215,90 (stdev 28,45) avg. number of terms in constructs per ruleset: 8,07 (stdev 0,40)
-----ACC-----
Avg. class. ACC J48 	83,54 (stdev 3,93)
Avg. class. ACC NB 	78,10 (stdev 4,41)
Avg. class. ACC SMO 	94,88 (stdev 2,65)
Avg. class. ACC SMO 	89,60 (stdev 1,09)
Avg. class. ACC IB 	86,39 (stdev 2,33)
Avg. class. ACC FU 	89,27 (stdev 2,92)
Avg. class. ACC RF 	85,44 (stdev 3,28)
-----Learning and testing time-----
Avg. learning time from FC(only Furia and THR feat) J48 8,00 [ms] (stdev 3,41)
Avg. learning time from FC(only Furia and THR feat) NB 1,30 [ms] (stdev 0,46)
Avg. learning time from FC(only Furia and THR feat) SMO 68,80 [ms] (stdev 11,11)
Avg. learning time from FC(only Furia and THR feat) SMO 86,10 [ms] (stdev 4,78)
Avg. learning time from FC(only Furia and THR feat) IB 15,30 [ms] (stdev 1,90)
Avg. learning time from FC(only Furia and THR feat) FU 181,10 [ms] (stdev 28,96)
Avg. learning time from FC(only Furia and THR feat) RF 28,60 [ms] (stdev 5,70)
-----Feature construction time-----
Avg. FC time (only Furia and THR feat): 732,70 [ms] stdev 122,97
*********************************************************************************
All features dataset
*********************************************************************************
Avg. number of groups for feature construction: 11,00 (stdev 0,00)
Avg. size of groups (num. of candidate attr.) per folds (num of attr. in all groups):: 28,00 (stdev 0,00)
Avg. size of groups (num. of candidate attr.) per groups per folds (avg. of avg.): 2,55 (stdev 0,00)
Max avg. group (length) of constructs (num of attr.): 4,00 (stdev 0,00)
Number of logical feat: 46,40 (stdev 16,80) number of numerical feat: 30,00 (stdev 0,00) number of relational feat: 12,00 (stdev 0,00) number of "Cartesian" feat: 6,00 (stdev 0,00) number of FURIA feat: 36,80 (stdev 3,37) number of thr. feat: 34,70 (stdev 3,41)
Avg. tree size (nodes+leaves): 74,30 (stdev 11,65) avg. number of leaves: 40,00 (stdev 6,87) avg. sum of constructs: 78,30 (stdev 11,17) avg. sum of constructs / num of nodes: 2,29 (stdev 0,11)
Avg. num of logical feat in tree: 3,10 (stdev 1,37) avg. sum of (only logical) constructs: 6,30 (stdev 2,76) avg. num of numerical feat in tree: 7,10 (stdev 3,21) avg. sum of (only numerical) constructs: 14,20 (stdev 6,42) avg. num of relational feat in tree: 7,40 (stdev 2,15) avg. sum of (only relational) constructs: 14,80 (stdev 4,31) avg. num of "Cartesian" feat in tree: 0,00 (stdev 0,00) avg. sum of (Cartesian) constructs (in tree): 0,00 (stdev 0,00) avg. num of FURIA feat. in tree: 11,80 (stdev 2,56) avg. sum of terms in constructs (Furia feat) in tree: 33,40 (stdev 7,53) avg. num of THR feat. in tree: 2,70 (stdev 1,73) avg. sum of terms in constructs (THR feat) in tree: 7,40 (stdev 4,63)
Avg. ruleset size: 20,10 (stdev 1,37) avg. number of terms of construct in Furia feat.: 112,40 (stdev 10,03) avg. number of terms in constructs per ruleset: 5,59 (stdev 0,29)
Mean unimp. OR feat.: 0,00 (stdev 0,00) mean unimp. EQU feat.: 0,00 (stdev 0,00) mean unimp. XOR feat.: 0,00 (stdev 0,00) mean unimp. IMPL feat.: 0,00 (stdev 0,00) mean unimp. AND feat.: 0,00 (stdev 0,00) mean unimp. LESSTHAN feat.: 0,00 (stdev 0,00) mean unimp. DIFF feat.: 0,00 (stdev 0,00) mean unimp. "Cartesian" feat.: 0,00 (stdev 0,00)
-----ACC-----
Avg. class. ACC J48 	84,01 (stdev 5,15)
Avg. class. ACC NB 	78,42 (stdev 6,05)
Avg. class. ACC SMO 	96,48 (stdev 1,57)
Avg. class. ACC SMO 	89,12 (stdev 2,24)
Avg. class. ACC IB 	85,45 (stdev 3,20)
Avg. class. ACC FU 	94,24 (stdev 2,51)
Avg. class. ACC RF 	85,92 (stdev 3,46)
-----Learning and testing time-----
Avg. learning time from FC (all feat), for J48 	27,70 [ms] (stdev 6,86)
Avg. learning time from FC (all feat), for NB 	5,70 [ms] (stdev 2,93)
Avg. learning time from FC (all feat), for SMO 	140,00 [ms] (stdev 43,99)
Avg. learning time from FC (all feat), for SMO 	116,00 [ms] (stdev 10,43)
Avg. learning time from FC (all feat), for IB 	27,50 [ms] (stdev 5,78)
Avg. learning time from FC (all feat), for FU 	197,70 [ms] (stdev 31,22)
Avg. learning time from FC (all feat), for RF 	34,80 [ms] (stdev 8,95)
-----Feature construction time-----
Avg. FC time (all feat): 1025,20 [ms] (stdev 173,80)
*********************************************************************************
FS on validation dataset - results
*********************************************************************************
When using J48, number of logical feat: 16,30 (stdev 16,27) number of numerical feat: 14,00 (stdev 11,59) number of relational feat: 4,80 (stdev 3,92) number of "Cartesian" feat: 3,60 (stdev 2,94) number of FURIA feat: 23,10 (stdev 18,96) number of thr. feat: 25,60 (stdev 13,36)
When using NB, number of logical feat: 0,00 (stdev 0,00) number of numerical feat: 0,00 (stdev 0,00) number of relational feat: 0,00 (stdev 0,00) number of "Cartesian" feat: 0,00 (stdev 0,00) number of FURIA feat: 0,00 (stdev 0,00) number of thr. feat: 0,00 (stdev 0,00)
When using SMO, number of logical feat: 29,50 (stdev 12,26) number of numerical feat: 24,30 (stdev 2,37) number of relational feat: 8,00 (stdev 0,00) number of "Cartesian" feat: 6,00 (stdev 0,00) number of FURIA feat: 36,80 (stdev 3,37) number of thr. feat: 34,70 (stdev 3,41)
When using SMO, number of logical feat: 29,50 (stdev 12,26) number of numerical feat: 24,30 (stdev 2,37) number of relational feat: 8,00 (stdev 0,00) number of "Cartesian" feat: 6,00 (stdev 0,00) number of FURIA feat: 36,80 (stdev 3,37) number of thr. feat: 34,70 (stdev 3,41)
When using IB, number of logical feat: 0,00 (stdev 0,00) number of numerical feat: 0,00 (stdev 0,00) number of relational feat: 0,00 (stdev 0,00) number of "Cartesian" feat: 0,00 (stdev 0,00) number of FURIA feat: 0,00 (stdev 0,00) number of thr. feat: 1,20 (stdev 3,60)
When using FURIA, number of logical feat: 29,50 (stdev 12,26) number of numerical feat: 24,30 (stdev 2,37) number of relational feat: 8,00 (stdev 0,00) number of "Cartesian" feat: 6,00 (stdev 0,00) number of FURIA feat: 36,80 (stdev 3,37) number of thr. feat: 34,70 (stdev 3,41)
When using RF, number of logical feat: 22,10 (stdev 14,39) number of numerical feat: 19,70 (stdev 10,02) number of relational feat: 6,40 (stdev 3,20) number of "Cartesian" feat: 4,80 (stdev 2,40) number of FURIA feat: 29,20 (stdev 14,97) number of thr. feat: 30,10 (stdev 9,28)
Avg. tree size (nodes+leaves): 75,10 (stdev 9,06) avg. number of leaves: 44,40 (stdev 6,53) avg. sum of constructs: 66,30 (stdev 18,35) avg. sum of constructs / num of nodes: 2,13 (stdev 0,24)
Avg. num of logical feat. in tree: 1,10 (stdev 1,22) avg. sum of (only logical) constructs in tree: 2,30 (stdev 2,61) avg. num of numerical feat. in tree: 6,50 (stdev 6,28) avg. sum of (only numerical) constructs in tree: 13,00 (stdev 12,56) avg. num of relational feat. in tree: 3,70 (stdev 3,35) avg. sum of (only relational) constructs in tree: 7,40 (stdev 6,70) avg. num of Cartesian feat. in tree: 0,00 (stdev 0,00) avg. sum of constructs (of Cartesian feat) in tree: 0,00 (stdev 0,00) avg. num of FURIA feat. in tree: 6,60 (stdev 5,73) avg. sum of terms in constructs (Furia feat) in tree: 18,10 (stdev 15,64) avg. num of THR feat. in tree: 6,30 (stdev 3,85) avg. sum of terms in constructs (THR feat) in tree: 19,00 (stdev 12,26)
Avg. ruleset size: 19,60 (stdev 0,92) avg. number of terms of construct in Furia feat.: 109,50 (stdev 6,23) avg. number of terms in constructs per ruleset: 5,59 (stdev 0,30)
-----ACC-----
Avg. class. ACC J48 	86,10 (stdev 3,71)
Avg. class. ACC NB 	90,39 (stdev 1,63)
Avg. class. ACC SMO 	96,48 (stdev 1,20)
Avg. class. ACC SMO 	89,44 (stdev 1,44)
Avg. class. ACC IB 	88,95 (stdev 3,79)
Avg. class. ACC FU 	93,93 (stdev 2,10)
Avg. class. ACC RF 	86,09 (stdev 4,07)
-----Search time-----
Avg. search time J48 	742,40 (stdev 86,37)
Avg. search time NB 	692,20 (stdev 106,74)
Avg. search time SMO 	765,50 (stdev 50,05)
Avg. search time SMO 	827,20 (stdev 83,90)
Avg. search time IB 	691,20 (stdev 86,13)
Avg. search time FU 	847,40 (stdev 95,61)
Avg. search time RF 	707,40 (stdev 92,61)
-----Learning and testing time-----
Avg. learn time J48 	11,60 (stdev 9,34)
Avg. learn time NB 	0,00 (stdev 0,00)
Avg. learn time SMO 	97,40 (stdev 24,75)
Avg. learn time SMO 	108,70 (stdev 11,11)
Avg. learn time IB 	1,80 (stdev 0,60)
Avg. learn time FU 	159,70 (stdev 20,20)
Avg. learn time RF 	28,80 (stdev 5,84)
~~~~~~~~~~~~~~~~~~~~~~~~~~~~~~~~~~~~~~~~~~~~~~~~~~~~~~~~~~~~~~~~~~~~~~~~~~~~~~~~
Total processing time (Balance scale.arff): 126993
~~~~~~~~~~~~~~~~~~~~~~~~~~~~~~~~~~~~~~~~~~~~~~~~~~~~~~~~~~~~~~~~~~~~~~~~~~~~~~~~
