dataset: rConcept.arff
Number of folds for testing (CV): 10
*********************************************************************************
number of instances: 2000
number of attributes: 6
number of classes: 1
---------------------------------------------------------------------------------
IME (explanation), equalSampling, N_SAMPLES: 100 - alg. for searching concepts: RandomForest
---------------------------------------------------------------------------------
Testing method: CV, number of folds: 10
Feature selection on validation dataset. Percentage of split (subTrain:validation) 75%:25%
---------------------------------------------------------------------------------
Feature types included in construction: logical operators based, decision rule, threshold, relational, Cartesian product, numerical
IME (explanation), equalSampling, N_SAMPLES: 100 - alg. for searching concepts: RandomForest
NOISE: 10.0 numOfBins (discretisation): 2 pctExplReg: 10
Avg. explanation time: 8405,800 [ms] (stdev 1566,952)
*********************************************************************************
*********************************************************************************
Original dataset
*********************************************************************************
-----MAE and RMSE-----
Avg. MAE M5P 	0,013 (stdev 0,004) 	Avg. RMSE M5P 	0,044 (stdev 0,047)
Avg. MAE LR 	0,648 (stdev 0,029) 	Avg. RMSE LR 	0,802 (stdev 0,033)
Avg. MAE M5R 	0,009 (stdev 0,005) 	Avg. RMSE M5R 	0,042 (stdev 0,049)
Avg. MAE RF 	0,072 (stdev 0,004) 	Avg. RMSE RF 	0,113 (stdev 0,018)
*********************************************************************************
Only Logical features
*********************************************************************************
Number of logical feat: 15,600 (stdev 1,200)
-----MAE and RMSE-----
Avg. MAE M5P 	0,034 (stdev 0,006) 	Avg. RMSE M5P 	0,065 (stdev 0,020)
Avg. MAE LR 	0,298 (stdev 0,014) 	Avg. RMSE LR 	0,366 (stdev 0,016)
Avg. MAE M5R 	0,030 (stdev 0,008) 	Avg. RMSE M5R 	0,066 (stdev 0,027)
Avg. MAE RF 	0,160 (stdev 0,007) 	Avg. RMSE RF 	0,210 (stdev 0,011)
-----Learning and testing time-----
Avg. learning time from FC (all feat), for M5P 	187,600 [ms] (stdev 48,906)
Avg. learning time from FC (all feat), for LR 	33,900 [ms] (stdev 13,420)
Avg. learning time from FC (all feat), for M5R 	666,300 [ms] (stdev 173,357)
Avg. learning time from FC (all feat), for RF 	230,600 [ms] (stdev 116,466)
-----Feature construction time-----
Avg. FC time (only Log feat): 403,700 [ms] stdev 53,913
*********************************************************************************
Numerical features
*********************************************************************************
Number of numerical feat: 26,000 (stdev 2,000)
-----MAE and RMSE-----
Avg. MAE M5P 	0,012 (stdev 0,005) 	Avg. RMSE M5P 	0,043 (stdev 0,048)
Avg. MAE LR 	0,383 (stdev 0,025) 	Avg. RMSE LR 	0,540 (stdev 0,035)
Avg. MAE M5R 	0,008 (stdev 0,006) 	Avg. RMSE M5R 	0,041 (stdev 0,050)
Avg. MAE RF 	0,115 (stdev 0,009) 	Avg. RMSE RF 	0,188 (stdev 0,026)
-----Learning and testing time-----
Avg. learning time from FC (all feat), for M5P 	143,600 [ms] (stdev 12,265)
Avg. learning time from FC (all feat), for LR 	15,000 [ms] (stdev 5,779)
Avg. learning time from FC (all feat), for M5R 	270,600 [ms] (stdev 54,111)
Avg. learning time from FC (all feat), for RF 	213,900 [ms] (stdev 25,956)
-----Feature construction time-----
Avg. FC time (only Num feat): 11,000 [ms] stdev 5,916
*********************************************************************************
Relational features
*********************************************************************************
Number of relational feat: 5,200 (stdev 0,400)
-----MAE and RMSE-----
Avg. MAE M5P 	0,013 (stdev 0,004) 	Avg. RMSE M5P 	0,044 (stdev 0,047)
Avg. MAE LR 	0,648 (stdev 0,029) 	Avg. RMSE LR 	0,802 (stdev 0,033)
Avg. MAE M5R 	0,009 (stdev 0,005) 	Avg. RMSE M5R 	0,042 (stdev 0,049)
Avg. MAE RF 	0,101 (stdev 0,006) 	Avg. RMSE RF 	0,144 (stdev 0,014)
-----Learning and testing time-----
Avg. learning time from FC (all feat), for M5P 	74,300 [ms] (stdev 6,373)
Avg. learning time from FC (all feat), for LR 	2,400 [ms] (stdev 0,490)
Avg. learning time from FC (all feat), for M5R 	115,400 [ms] (stdev 5,834)
Avg. learning time from FC (all feat), for RF 	150,100 [ms] (stdev 19,837)
-----Feature construction time-----
Avg. FC time (only Rel feat): 4,700 [ms] stdev 1,487
*********************************************************************************
Cartesian product
*********************************************************************************
Number of "Cartesian" feat: 5,200 (stdev 0,400)
-----MAE and RMSE-----
Avg. MAE M5P 	0,034 (stdev 0,006) 	Avg. RMSE M5P 	0,065 (stdev 0,020)
Avg. MAE LR 	0,298 (stdev 0,014) 	Avg. RMSE LR 	0,366 (stdev 0,016)
Avg. MAE M5R 	0,031 (stdev 0,009) 	Avg. RMSE M5R 	0,069 (stdev 0,032)
Avg. MAE RF 	0,103 (stdev 0,006) 	Avg. RMSE RF 	0,139 (stdev 0,009)
-----Learning and testing time-----
Avg. learning time from FC (all feat), for M5P 	118,400 [ms] (stdev 16,865)
Avg. learning time from FC (all feat), for LR 	7,700 [ms] (stdev 2,100)
Avg. learning time from FC (all feat), for M5R 	447,700 [ms] (stdev 64,704)
Avg. learning time from FC (all feat), for RF 	166,400 [ms] (stdev 57,354)
-----Feature construction time-----
Avg. FC time (only Cart feat): 5,700 [ms] stdev 1,616
*********************************************************************************
All features dataset
*********************************************************************************
Avg. number of groups for feature construction: 5,200 (stdev 0,400)
Avg. size of groups (num. of candidate attr.) per folds (num of attr. in all groups):: 12,600 (stdev 1,200)
Avg. size of groups (num. of candidate attr.) per groups per folds (avg. of avg.): 2,420 (stdev 0,040)
Max avg. group (length) of constructs (num of attr.): 3,000 (stdev 0,000)
Number of logical feat: 15,600 (stdev 1,200) number of numerical feat: 26,000 (stdev 2,000) number of relational feat: 5,200 (stdev 0,400) number of "Cartesian" feat: 5,200 (stdev 0,400) number of FURIA feat: 30,400 (stdev 2,800) number of thr. feat: 0,000 (stdev 0,000)
-----MAE and RMSE-----
Avg. MAE M5P 	0,036 (stdev 0,007) 	Avg. RMSE M5P 	0,083 (stdev 0,037)
Avg. MAE LR 	0,223 (stdev 0,020) 	Avg. RMSE LR 	0,320 (stdev 0,110)
Avg. MAE M5R 	0,023 (stdev 0,012) 	Avg. RMSE M5R 	0,053 (stdev 0,036)
Avg. MAE RF 	0,110 (stdev 0,005) 	Avg. RMSE RF 	0,142 (stdev 0,008)
-----Learning and testing time-----
Avg. learning time from FC (all feat), for M5P 	355,300 [ms] (stdev 32,109)
Avg. learning time from FC (all feat), for LR 	230,300 [ms] (stdev 72,335)
Avg. learning time from FC (all feat), for M5R 	1176,900 [ms] (stdev 193,820)
Avg. learning time from FC (all feat), for RF 	250,400 [ms] (stdev 58,174)
-----Feature construction time-----
Avg. FC time (all feat): 425,100 [ms] (stdev 61,073)
*********************************************************************************
FS on validation dataset - results
*********************************************************************************
-----MAE and RMSE-----
Avg. MAE M5P 	0,022 (stdev 0,012) 	Avg. RMSE M5P 	0,063 (stdev 0,043)
Avg. MAE LR 	0,218 (stdev 0,012) 	Avg. RMSE LR 	0,279 (stdev 0,016)
Avg. MAE M5R 	0,013 (stdev 0,012) 	Avg. RMSE M5R 	0,052 (stdev 0,051)
Avg. MAE RF 	0,076 (stdev 0,013) 	Avg. RMSE RF 	0,113 (stdev 0,019)
-----Search time-----
Avg. search time M5P 	1276,900 (stdev 65,111)
Avg. search time LR 	1009,700 (stdev 73,336)
Avg. search time M5R 	2211,600 (stdev 232,521)
Avg. search time RF 	1372,000 (stdev 68,472)
-----Learning and testing time-----
Avg. learn time M5P 	95,800 (stdev 24,983)
Avg. learn time LR 	148,500 (stdev 34,024)
Avg. learn time M5R 	227,400 (stdev 229,588)
Avg. learn time RF 	170,500 (stdev 38,694)
~~~~~~~~~~~~~~~~~~~~~~~~~~~~~~~~~~~~~~~~~~~~~~~~~~~~~~~~~~~~~~~~~~~~~~~~~~~~~~~~
Total processing time (rConcept.arff): 252399
~~~~~~~~~~~~~~~~~~~~~~~~~~~~~~~~~~~~~~~~~~~~~~~~~~~~~~~~~~~~~~~~~~~~~~~~~~~~~~~~
