dataset: cConcepts-uniqueInst.arff
Number of folds for testing (CV): 10
*********************************************************************************
number of instances: 32
number of attributes: 5
number of classes: 2
---------------------------------------------------------------------------------
Testing method: CV, number of folds: 10
Feature selection on validation dataset. Percentage of split (subTrain:validation) 75%:25%
---------------------------------------------------------------------------------
Avg. explanation time: 0,00 [ms] (stdev 0,00)
Avg. number of instances that we explain: 0,00 (stdev 0,00)
---------------------------------------------------------------------------------
Internal (during building) accuracy of explanation model: 0,00 (stdev 0,00) ACC on the test dataset: 0,00 (stdev 0,00)
---------------------------------------------------------------------------------
Avg. model building time: 0,00 [ms] (stdev 0,00)
---------------------------------------------------------------------------------
Feature types included in construction: logical operators based, decision rule, threshold, relational, Cartesian product, numerical
*********************************************************************************
Original dataset
*********************************************************************************
Avg. tree size: 8,20 (stdev 2,56) avg. number of leaves: 4,60 (stdev 1,28) avg. number of nodes: 3,60 (stdev 1,28)
Avg. ruleset size: 6,70 (stdev 1,19) avg. number of attributes in rules: 18,80 (stdev 4,19) avg. number of attributes per rule: 2,78 (stdev 0,20)
-----ACC-----
Avg. class. ACC J48 	61,67 (stdev 14,53)
Avg. class. ACC NB 	58,33 (stdev 25,00)
Avg. class. ACC SMO 	65,00 (stdev 26,30)
Avg. class. ACC SMO 	56,67 (stdev 13,33)
Avg. class. ACC IB 	64,17 (stdev 27,90)
Avg. class. ACC FU 	74,17 (stdev 19,88)
Avg. class. ACC RF 	77,50 (stdev 21,10)
-----Learning and testing time-----
Avg. learning time J48 	2,10 [ms] (stdev 6,30 [ms])
Avg. learning time NB 	0,00 [ms] (stdev 0,00 [ms])
Avg. learning time SMO 	5,80 [ms] (stdev 5,67 [ms])
Avg. learning time SMO 	5,00 [ms] (stdev 5,87 [ms])
Avg. learning time IB 	0,20 [ms] (stdev 0,60 [ms])
Avg. learning time FU 	1,40 [ms] (stdev 2,91 [ms])
Avg. learning time RF 	8,20 [ms] (stdev 8,51 [ms])
*********************************************************************************
Only Logical features
*********************************************************************************
Number of logical feat: 68,00 (stdev 0,00)
Avg. tree size (nodes+leaves): 7,00 (stdev 0,00) avg. number of leaves: 4,00 (stdev 0,00) avg. sum of constructs: 6,00 (stdev 0,00) avg. sum of constructs / num of nodes: 2,00 (stdev 0,00)
Avg. num of logical feat in tree: 3,00 (stdev 0,00) avg. sum of (logical) constructs: 6,00 (stdev 0,00)
Avg. ruleset size: 4,70 (stdev 0,46) avg. number of terms of construct in Furia feat.: 14,00 (stdev 1,10) avg. number of terms in constructs per ruleset: 2,99 (stdev 0,19)
-----ACC-----
Avg. class. ACC J48 	100,00 (stdev 0,00)
Avg. class. ACC NB 	74,17 (stdev 19,88)
Avg. class. ACC SMO 	96,67 (stdev 10,00)
Avg. class. ACC SMO 	56,67 (stdev 13,33)
Avg. class. ACC IB 	67,50 (stdev 25,94)
Avg. class. ACC FU 	100,00 (stdev 0,00)
Avg. class. ACC RF 	86,67 (stdev 16,33)
-----Learning and testing time-----
Avg. learning time from FC (all feat), for J48 	0,20 [ms] (stdev 0,60)
Avg. learning time from FC (all feat), for NB 	0,00 [ms] (stdev 0,00)
Avg. learning time from FC (all feat), for SMO 	2,80 [ms] (stdev 2,60)
Avg. learning time from FC (all feat), for SMO 	1,90 [ms] (stdev 1,45)
Avg. learning time from FC (all feat), for IB 	0,20 [ms] (stdev 0,60)
Avg. learning time from FC (all feat), for FU 	1,10 [ms] (stdev 0,83)
Avg. learning time from FC (all feat), for RF 	7,10 [ms] (stdev 5,19)
-----Feature construction time-----
Avg. FC time (all feat): 124,80 [ms] stdev 25,01
*********************************************************************************
Numerical features
*********************************************************************************
Number of numerical feat: 0,00 (stdev 0,00)
Avg. tree size (nodes+leaves): 8,20 (stdev 2,56) avg. number of leaves: 4,60 (stdev 1,28) avg. sum of constructs: 3,60 (stdev 1,28) avg. sum of constructs / num of nodes: 1,00 (stdev 0,00)
Avg. num of numerical feat in tree: 0,00 (stdev 0,00) avg. sum of (only numerical) constructs (in tree): 0,00 (stdev 0,00)
Avg. ruleset size: 6,70 (stdev 1,19) avg. number of terms of construct in Furia feat.: 18,80 (stdev 4,19) avg. number of terms in constructs per ruleset: 2,78 (stdev 0,20)
-----ACC-----
Avg. class. ACC J48 	61,67 (stdev 14,53)
Avg. class. ACC NB 	58,33 (stdev 25,00)
Avg. class. ACC SMO 	65,00 (stdev 26,30)
Avg. class. ACC SMO 	56,67 (stdev 13,33)
Avg. class. ACC IB 	64,17 (stdev 27,90)
Avg. class. ACC FU 	74,17 (stdev 19,88)
Avg. class. ACC RF 	77,50 (stdev 21,10)
-----Learning and testing time-----
Avg. learning time from FC (all feat), for J48 	0,00 [ms] (stdev 0,00)
Avg. learning time from FC (all feat), for NB 	0,00 [ms] (stdev 0,00)
Avg. learning time from FC (all feat), for SMO 	1,30 [ms] (stdev 1,62)
Avg. learning time from FC (all feat), for SMO 	1,70 [ms] (stdev 2,45)
Avg. learning time from FC (all feat), for IB 	0,00 [ms] (stdev 0,00)
Avg. learning time from FC (all feat), for FU 	0,50 [ms] (stdev 0,67)
Avg. learning time from FC (all feat), for RF 	5,20 [ms] (stdev 3,46)
-----Feature construction time-----
Avg. FC time (all feat): 0,10 [ms] stdev 0,30
*********************************************************************************
Relational features
*********************************************************************************
Number of relational feat: 0,00 (stdev 0,00)
Avg. tree size (nodes+leaves): 8,20 (stdev 2,56) avg. number of leaves: 4,60 (stdev 1,28) avg. sum of constructs: 3,60 (stdev 1,28) avg. sum of constructs / num of nodes: 1,00 (stdev 0,00)
Avg. num of relational feat in tree: 0,00 (stdev 0,00) avg. sum of (only Cartesian) constructs (in tree): 0,00 (stdev 0,00)
Avg. ruleset size: 6,70 (stdev 1,19) avg. number of terms of construct in Furia feat.: 18,80 (stdev 4,19) avg. number of terms in constructs per ruleset: 2,78 (stdev 0,20)
-----ACC-----
Avg. class. ACC J48 	61,67 (stdev 14,53)
Avg. class. ACC NB 	58,33 (stdev 25,00)
Avg. class. ACC SMO 	65,00 (stdev 26,30)
Avg. class. ACC SMO 	56,67 (stdev 13,33)
Avg. class. ACC IB 	64,17 (stdev 27,90)
Avg. class. ACC FU 	74,17 (stdev 19,88)
Avg. class. ACC RF 	77,50 (stdev 21,10)
-----Learning and testing time-----
Avg. learning time from FC (all feat), for J48 	0,00 [ms] (stdev 0,00)
Avg. learning time from FC (all feat), for NB 	0,00 [ms] (stdev 0,00)
Avg. learning time from FC (all feat), for SMO 	1,90 [ms] (stdev 3,05)
Avg. learning time from FC (all feat), for SMO 	1,80 [ms] (stdev 2,75)
Avg. learning time from FC (all feat), for IB 	0,00 [ms] (stdev 0,00)
Avg. learning time from FC (all feat), for FU 	0,40 [ms] (stdev 0,49)
Avg. learning time from FC (all feat), for RF 	5,40 [ms] (stdev 2,33)
-----Feature construction time-----
Avg. FC time (all feat): 0,00 [ms] stdev 0,00
*********************************************************************************
Cartesian product
*********************************************************************************
Number of "Cartesian" feat: 10,00 (stdev 0,00)
Avg. tree size (nodes+leaves): 6,80 (stdev 1,89) avg. number of leaves: 5,00 (stdev 1,18) avg. sum of constructs: 2,90 (stdev 0,94) avg. sum of constructs / num of nodes: 1,70 (stdev 0,26)
Avg. num of "Cartesian" feat in tree: 1,10 (stdev 0,30) avg. sum of (only Cartesian) constructs (in tree): 2,20 (stdev 0,60)
Avg. ruleset size: 6,60 (stdev 1,20) avg. number of terms of construct in Furia feat.: 22,60 (stdev 4,34) avg. number of terms in constructs per ruleset: 3,42 (stdev 0,10)
-----ACC-----
Avg. class. ACC J48 	61,67 (stdev 18,33)
Avg. class. ACC NB 	67,50 (stdev 25,94)
Avg. class. ACC SMO 	84,17 (stdev 16,01)
Avg. class. ACC SMO 	56,67 (stdev 13,33)
Avg. class. ACC IB 	64,17 (stdev 27,90)
Avg. class. ACC FU 	80,83 (stdev 15,83)
Avg. class. ACC RF 	83,33 (stdev 16,67)
-----Learning and testing time-----
Avg. learning time from FC (all feat), for J48 	0,00 [ms] (stdev 0,00)
Avg. learning time from FC (all feat), for NB 	0,00 [ms] (stdev 0,00)
Avg. learning time from FC (all feat), for SMO 	2,40 [ms] (stdev 1,69)
Avg. learning time from FC (all feat), for SMO 	3,20 [ms] (stdev 3,68)
Avg. learning time from FC (all feat), for IB 	0,00 [ms] (stdev 0,00)
Avg. learning time from FC (all feat), for FU 	0,80 [ms] (stdev 0,87)
Avg. learning time from FC (all feat), for RF 	6,10 [ms] (stdev 2,95)
-----Feature construction time-----
Avg. FC time (all feat): 0,70 [ms] stdev 0,90
*********************************************************************************
Only Furia and THR feat
*********************************************************************************
Number of FURIA feat: 4,00 (stdev 0,89) number of thr. feat: 1,60 (stdev 0,92)
Avg. tree size (nodes+leaves): 3,40 (stdev 1,20) avg. number of leaves: 2,20 (stdev 0,60) avg. sum of constructs: 2,30 (stdev 0,90) avg. sum of constructs / num of nodes: 1,97 (stdev 0,10)
Avg. num of FURIA feat. in tree: 1,10 (stdev 0,30) avg. sum of terms in constructs (Furia feat) in tree: 2,20 (stdev 0,60) avg. num of THR feat. in tree: 0,00 (stdev 0,00) avg. sum of terms in constructs (THR feat) in tree: 0,00 (stdev 0,00)
Avg. ruleset size: 4,30 (stdev 2,19) avg. number of terms of construct in Furia feat.: 12,50 (stdev 8,56) avg. number of terms in constructs per ruleset: 2,64 (stdev 0,55)
-----ACC-----
Avg. class. ACC J48 	80,00 (stdev 16,33)
Avg. class. ACC NB 	80,00 (stdev 16,33)
Avg. class. ACC SMO 	80,00 (stdev 16,33)
Avg. class. ACC SMO 	56,67 (stdev 13,33)
Avg. class. ACC IB 	75,00 (stdev 17,08)
Avg. class. ACC FU 	80,00 (stdev 16,33)
Avg. class. ACC RF 	83,33 (stdev 16,67)
-----Learning and testing time-----
Avg. learning time from FC(only Furia and THR feat) J48 0,00 [ms] (stdev 0,00)
Avg. learning time from FC(only Furia and THR feat) NB 0,00 [ms] (stdev 0,00)
Avg. learning time from FC(only Furia and THR feat) SMO 5,20 [ms] (stdev 4,04)
Avg. learning time from FC(only Furia and THR feat) SMO 4,50 [ms] (stdev 4,80)
Avg. learning time from FC(only Furia and THR feat) IB 0,00 [ms] (stdev 0,00)
Avg. learning time from FC(only Furia and THR feat) FU 0,40 [ms] (stdev 0,49)
Avg. learning time from FC(only Furia and THR feat) RF 6,00 [ms] (stdev 2,65)
-----Feature construction time-----
Avg. FC time (only Furia and THR feat): 8,80 [ms] stdev 6,26
*********************************************************************************
All features dataset
*********************************************************************************
Avg. number of groups for feature construction: 9,00 (stdev 0,00)
Avg. size of groups (num. of candidate attr.) per folds (num of attr. in all groups):: 27,00 (stdev 0,00)
Avg. size of groups (num. of candidate attr.) per groups per folds (avg. of avg.): 3,00 (stdev 0,00)
Max avg. group (length) of constructs (num of attr.): 3,00 (stdev 0,00)
Number of logical feat: 68,00 (stdev 0,00) number of numerical feat: 0,00 (stdev 0,00) number of relational feat: 0,00 (stdev 0,00) number of "Cartesian" feat: 10,00 (stdev 0,00) number of FURIA feat: 4,00 (stdev 0,89) number of thr. feat: 1,60 (stdev 0,92)
Avg. tree size (nodes+leaves): 7,00 (stdev 0,00) avg. number of leaves: 4,00 (stdev 0,00) avg. sum of constructs: 6,00 (stdev 0,00) avg. sum of constructs / num of nodes: 2,00 (stdev 0,00)
Avg. num of logical feat in tree: 3,00 (stdev 0,00) avg. sum of (only logical) constructs: 6,00 (stdev 0,00) avg. num of numerical feat in tree: 0,00 (stdev 0,00) avg. sum of (only numerical) constructs: 0,00 (stdev 0,00) avg. num of relational feat in tree: 0,00 (stdev 0,00) avg. sum of (only relational) constructs: 0,00 (stdev 0,00) avg. num of "Cartesian" feat in tree: 0,00 (stdev 0,00) avg. sum of (Cartesian) constructs (in tree): 0,00 (stdev 0,00) avg. num of FURIA feat. in tree: 0,00 (stdev 0,00) avg. sum of terms in constructs (Furia feat) in tree: 0,00 (stdev 0,00) avg. num of THR feat. in tree: 0,00 (stdev 0,00) avg. sum of terms in constructs (THR feat) in tree: 0,00 (stdev 0,00)
Avg. ruleset size: 4,60 (stdev 0,49) avg. number of terms of construct in Furia feat.: 13,90 (stdev 1,04) avg. number of terms in constructs per ruleset: 3,04 (stdev 0,25)
Mean unimp. OR feat.: 0,00 (stdev 0,00) mean unimp. EQU feat.: 0,00 (stdev 0,00) mean unimp. XOR feat.: 0,00 (stdev 0,00) mean unimp. IMPL feat.: 0,00 (stdev 0,00) mean unimp. AND feat.: 0,00 (stdev 0,00) mean unimp. LESSTHAN feat.: 0,00 (stdev 0,00) mean unimp. DIFF feat.: 0,00 (stdev 0,00) mean unimp. "Cartesian" feat.: 0,00 (stdev 0,00)
-----ACC-----
Avg. class. ACC J48 	100,00 (stdev 0,00)
Avg. class. ACC NB 	67,50 (stdev 25,94)
Avg. class. ACC SMO 	93,33 (stdev 20,00)
Avg. class. ACC SMO 	75,00 (stdev 17,08)
Avg. class. ACC IB 	70,83 (stdev 23,35)
Avg. class. ACC FU 	100,00 (stdev 0,00)
Avg. class. ACC RF 	83,33 (stdev 16,67)
-----Learning and testing time-----
Avg. learning time from FC (all feat), for J48 	0,00 [ms] (stdev 0,00)
Avg. learning time from FC (all feat), for NB 	0,10 [ms] (stdev 0,30)
Avg. learning time from FC (all feat), for SMO 	3,90 [ms] (stdev 2,81)
Avg. learning time from FC (all feat), for SMO 	3,00 [ms] (stdev 2,79)
Avg. learning time from FC (all feat), for IB 	0,00 [ms] (stdev 0,00)
Avg. learning time from FC (all feat), for FU 	1,60 [ms] (stdev 0,80)
Avg. learning time from FC (all feat), for RF 	8,50 [ms] (stdev 3,50)
-----Feature construction time-----
Avg. FC time (all feat): 134,40 [ms] (stdev 31,97)
*********************************************************************************
FS on validation dataset - results
*********************************************************************************
When using J48, number of logical feat: 16,20 (stdev 12,98) number of numerical feat: 0,00 (stdev 0,00) number of relational feat: 0,00 (stdev 0,00) number of "Cartesian" feat: 3,30 (stdev 2,87) number of FURIA feat: 2,30 (stdev 1,62) number of thr. feat: 1,20 (stdev 0,98)
When using NB, number of logical feat: 18,00 (stdev 12,13) number of numerical feat: 0,00 (stdev 0,00) number of relational feat: 0,00 (stdev 0,00) number of "Cartesian" feat: 4,00 (stdev 2,79) number of FURIA feat: 2,40 (stdev 1,69) number of thr. feat: 1,10 (stdev 1,04)
When using SMO, number of logical feat: 17,60 (stdev 11,58) number of numerical feat: 0,00 (stdev 0,00) number of relational feat: 0,00 (stdev 0,00) number of "Cartesian" feat: 3,60 (stdev 2,50) number of FURIA feat: 2,70 (stdev 1,73) number of thr. feat: 1,40 (stdev 1,11)
When using SMO, number of logical feat: 21,50 (stdev 11,07) number of numerical feat: 0,00 (stdev 0,00) number of relational feat: 0,00 (stdev 0,00) number of "Cartesian" feat: 4,80 (stdev 2,60) number of FURIA feat: 2,90 (stdev 1,64) number of thr. feat: 1,40 (stdev 1,11)
When using IB, number of logical feat: 13,50 (stdev 13,32) number of numerical feat: 0,00 (stdev 0,00) number of relational feat: 0,00 (stdev 0,00) number of "Cartesian" feat: 2,80 (stdev 2,93) number of FURIA feat: 2,00 (stdev 1,73) number of thr. feat: 1,10 (stdev 1,04)
When using FURIA, number of logical feat: 18,10 (stdev 12,13) number of numerical feat: 0,00 (stdev 0,00) number of relational feat: 0,00 (stdev 0,00) number of "Cartesian" feat: 3,90 (stdev 2,77) number of FURIA feat: 2,20 (stdev 1,47) number of thr. feat: 0,90 (stdev 0,83)
When using RF, number of logical feat: 13,40 (stdev 13,19) number of numerical feat: 0,00 (stdev 0,00) number of relational feat: 0,00 (stdev 0,00) number of "Cartesian" feat: 2,80 (stdev 2,93) number of FURIA feat: 2,00 (stdev 1,73) number of thr. feat: 1,10 (stdev 1,04)
Avg. tree size (nodes+leaves): 6,40 (stdev 1,80) avg. number of leaves: 3,70 (stdev 0,90) avg. sum of constructs: 4,70 (stdev 1,68) avg. sum of constructs / num of nodes: 1,80 (stdev 0,40)
Avg. num of logical feat. in tree: 2,00 (stdev 1,26) avg. sum of (only logical) constructs in tree: 4,00 (stdev 2,53) avg. num of numerical feat. in tree: 0,00 (stdev 0,00) avg. sum of (only numerical) constructs in tree: 0,00 (stdev 0,00) avg. num of relational feat. in tree: 0,00 (stdev 0,00) avg. sum of (only relational) constructs in tree: 0,00 (stdev 0,00) avg. num of Cartesian feat. in tree: 0,00 (stdev 0,00) avg. sum of constructs (of Cartesian feat) in tree: 0,00 (stdev 0,00) avg. num of FURIA feat. in tree: 0,00 (stdev 0,00) avg. sum of terms in constructs (Furia feat) in tree: 0,00 (stdev 0,00) avg. num of THR feat. in tree: 0,00 (stdev 0,00) avg. sum of terms in constructs (THR feat) in tree: 0,00 (stdev 0,00)
Avg. ruleset size: 5,20 (stdev 1,33) avg. number of terms of construct in Furia feat.: 15,80 (stdev 3,28) avg. number of terms in constructs per ruleset: 3,08 (stdev 0,23)
-----ACC-----
Avg. class. ACC J48 	87,50 (stdev 15,48)
Avg. class. ACC NB 	67,50 (stdev 21,23)
Avg. class. ACC SMO 	83,33 (stdev 30,73)
Avg. class. ACC SMO 	71,67 (stdev 15,00)
Avg. class. ACC IB 	77,50 (stdev 14,93)
Avg. class. ACC FU 	87,50 (stdev 21,49)
Avg. class. ACC RF 	87,50 (stdev 15,48)
-----Search time-----
Avg. search time J48 	16,10 (stdev 13,47)
Avg. search time NB 	13,40 (stdev 5,41)
Avg. search time SMO 	24,40 (stdev 19,47)
Avg. search time SMO 	23,20 (stdev 14,82)
Avg. search time IB 	13,40 (stdev 8,19)
Avg. search time FU 	15,90 (stdev 13,46)
Avg. search time RF 	33,60 (stdev 13,94)
-----Learning and testing time-----
Avg. learn time J48 	0,00 (stdev 0,00)
Avg. learn time NB 	0,00 (stdev 0,00)
Avg. learn time SMO 	2,30 (stdev 2,41)
Avg. learn time SMO 	2,10 (stdev 2,98)
Avg. learn time IB 	0,00 (stdev 0,00)
Avg. learn time FU 	0,20 (stdev 0,40)
Avg. learn time RF 	5,60 (stdev 1,50)
~~~~~~~~~~~~~~~~~~~~~~~~~~~~~~~~~~~~~~~~~~~~~~~~~~~~~~~~~~~~~~~~~~~~~~~~~~~~~~~~
Total processing time (cConcepts-uniqueInst.arff): 8189
~~~~~~~~~~~~~~~~~~~~~~~~~~~~~~~~~~~~~~~~~~~~~~~~~~~~~~~~~~~~~~~~~~~~~~~~~~~~~~~~
dataset: cLogicalConcB-uniqueInst.arff
Number of folds for testing (CV): 10
*********************************************************************************
number of instances: 128
number of attributes: 7
number of classes: 2
---------------------------------------------------------------------------------
Testing method: CV, number of folds: 10
Feature selection on validation dataset. Percentage of split (subTrain:validation) 75%:25%
---------------------------------------------------------------------------------
Avg. explanation time: 0,00 [ms] (stdev 0,00)
Avg. number of instances that we explain: 0,00 (stdev 0,00)
---------------------------------------------------------------------------------
Internal (during building) accuracy of explanation model: 0,00 (stdev 0,00) ACC on the test dataset: 0,00 (stdev 0,00)
---------------------------------------------------------------------------------
Avg. model building time: 0,00 [ms] (stdev 0,00)
---------------------------------------------------------------------------------
Feature types included in construction: logical operators based, decision rule, threshold, relational, Cartesian product, numerical
*********************************************************************************
Original dataset
*********************************************************************************
Avg. tree size: 16,00 (stdev 4,12) avg. number of leaves: 8,50 (stdev 2,06) avg. number of nodes: 7,50 (stdev 2,06)
Avg. ruleset size: 7,10 (stdev 0,30) avg. number of attributes in rules: 18,30 (stdev 0,90) avg. number of attributes per rule: 2,58 (stdev 0,02)
-----ACC-----
Avg. class. ACC J48 	95,32 (stdev 7,87)
Avg. class. ACC NB 	79,62 (stdev 11,64)
Avg. class. ACC SMO 	78,85 (stdev 11,01)
Avg. class. ACC SMO 	56,28 (stdev 3,15)
Avg. class. ACC IB 	89,10 (stdev 7,80)
Avg. class. ACC FU 	100,00 (stdev 0,00)
Avg. class. ACC RF 	98,46 (stdev 4,62)
-----Learning and testing time-----
Avg. learning time J48 	0,00 [ms] (stdev 0,00 [ms])
Avg. learning time NB 	0,00 [ms] (stdev 0,00 [ms])
Avg. learning time SMO 	2,20 [ms] (stdev 0,75 [ms])
Avg. learning time SMO 	4,20 [ms] (stdev 1,08 [ms])
Avg. learning time IB 	0,00 [ms] (stdev 0,00 [ms])
Avg. learning time FU 	1,10 [ms] (stdev 0,30 [ms])
Avg. learning time RF 	5,40 [ms] (stdev 0,80 [ms])
*********************************************************************************
Only Logical features
*********************************************************************************
Number of logical feat: 101,50 (stdev 5,94)
Avg. tree size (nodes+leaves): 12,00 (stdev 2,05) avg. number of leaves: 6,50 (stdev 1,02) avg. sum of constructs: 9,60 (stdev 1,28) avg. sum of constructs / num of nodes: 1,77 (stdev 0,15)
Avg. num of logical feat in tree: 3,90 (stdev 0,70) avg. sum of (logical) constructs: 8,00 (stdev 1,18)
Avg. ruleset size: 5,40 (stdev 0,49) avg. number of terms of construct in Furia feat.: 18,90 (stdev 1,22) avg. number of terms in constructs per ruleset: 3,51 (stdev 0,15)
-----ACC-----
Avg. class. ACC J48 	96,92 (stdev 5,10)
Avg. class. ACC NB 	85,77 (stdev 12,47)
Avg. class. ACC SMO 	98,46 (stdev 3,08)
Avg. class. ACC SMO 	87,44 (stdev 11,94)
Avg. class. ACC IB 	90,58 (stdev 10,48)
Avg. class. ACC FU 	99,23 (stdev 2,31)
Avg. class. ACC RF 	99,23 (stdev 2,31)
-----Learning and testing time-----
Avg. learning time from FC (all feat), for J48 	0,00 [ms] (stdev 0,00)
Avg. learning time from FC (all feat), for NB 	0,00 [ms] (stdev 0,00)
Avg. learning time from FC (all feat), for SMO 	9,60 [ms] (stdev 3,41)
Avg. learning time from FC (all feat), for SMO 	4,90 [ms] (stdev 0,54)
Avg. learning time from FC (all feat), for IB 	1,50 [ms] (stdev 0,50)
Avg. learning time from FC (all feat), for FU 	4,20 [ms] (stdev 0,60)
Avg. learning time from FC (all feat), for RF 	7,50 [ms] (stdev 1,36)
-----Feature construction time-----
Avg. FC time (all feat): 145,20 [ms] stdev 10,19
*********************************************************************************
Numerical features
*********************************************************************************
Number of numerical feat: 0,00 (stdev 0,00)
Avg. tree size (nodes+leaves): 16,00 (stdev 4,12) avg. number of leaves: 8,50 (stdev 2,06) avg. sum of constructs: 7,50 (stdev 2,06) avg. sum of constructs / num of nodes: 1,00 (stdev 0,00)
Avg. num of numerical feat in tree: 0,00 (stdev 0,00) avg. sum of (only numerical) constructs (in tree): 0,00 (stdev 0,00)
Avg. ruleset size: 7,10 (stdev 0,30) avg. number of terms of construct in Furia feat.: 18,30 (stdev 0,90) avg. number of terms in constructs per ruleset: 2,58 (stdev 0,02)
-----ACC-----
Avg. class. ACC J48 	95,32 (stdev 7,87)
Avg. class. ACC NB 	79,62 (stdev 11,64)
Avg. class. ACC SMO 	78,85 (stdev 11,01)
Avg. class. ACC SMO 	56,28 (stdev 3,15)
Avg. class. ACC IB 	89,10 (stdev 7,80)
Avg. class. ACC FU 	100,00 (stdev 0,00)
Avg. class. ACC RF 	98,46 (stdev 4,62)
-----Learning and testing time-----
Avg. learning time from FC (all feat), for J48 	0,00 [ms] (stdev 0,00)
Avg. learning time from FC (all feat), for NB 	0,00 [ms] (stdev 0,00)
Avg. learning time from FC (all feat), for SMO 	2,40 [ms] (stdev 0,66)
Avg. learning time from FC (all feat), for SMO 	4,00 [ms] (stdev 0,89)
Avg. learning time from FC (all feat), for IB 	0,00 [ms] (stdev 0,00)
Avg. learning time from FC (all feat), for FU 	1,10 [ms] (stdev 0,30)
Avg. learning time from FC (all feat), for RF 	5,60 [ms] (stdev 1,36)
-----Feature construction time-----
Avg. FC time (all feat): 0,00 [ms] stdev 0,00
*********************************************************************************
Relational features
*********************************************************************************
Number of relational feat: 0,00 (stdev 0,00)
Avg. tree size (nodes+leaves): 16,00 (stdev 4,12) avg. number of leaves: 8,50 (stdev 2,06) avg. sum of constructs: 7,50 (stdev 2,06) avg. sum of constructs / num of nodes: 1,00 (stdev 0,00)
Avg. num of relational feat in tree: 0,00 (stdev 0,00) avg. sum of (only Cartesian) constructs (in tree): 0,00 (stdev 0,00)
Avg. ruleset size: 7,10 (stdev 0,30) avg. number of terms of construct in Furia feat.: 18,30 (stdev 0,90) avg. number of terms in constructs per ruleset: 2,58 (stdev 0,02)
-----ACC-----
Avg. class. ACC J48 	95,32 (stdev 7,87)
Avg. class. ACC NB 	79,62 (stdev 11,64)
Avg. class. ACC SMO 	78,85 (stdev 11,01)
Avg. class. ACC SMO 	56,28 (stdev 3,15)
Avg. class. ACC IB 	89,10 (stdev 7,80)
Avg. class. ACC FU 	100,00 (stdev 0,00)
Avg. class. ACC RF 	98,46 (stdev 4,62)
-----Learning and testing time-----
Avg. learning time from FC (all feat), for J48 	0,00 [ms] (stdev 0,00)
Avg. learning time from FC (all feat), for NB 	0,00 [ms] (stdev 0,00)
Avg. learning time from FC (all feat), for SMO 	2,30 [ms] (stdev 1,00)
Avg. learning time from FC (all feat), for SMO 	4,00 [ms] (stdev 1,18)
Avg. learning time from FC (all feat), for IB 	0,00 [ms] (stdev 0,00)
Avg. learning time from FC (all feat), for FU 	1,00 [ms] (stdev 0,00)
Avg. learning time from FC (all feat), for RF 	6,10 [ms] (stdev 2,17)
-----Feature construction time-----
Avg. FC time (all feat): 0,00 [ms] stdev 0,00
*********************************************************************************
Cartesian product
*********************************************************************************
Number of "Cartesian" feat: 16,70 (stdev 1,19)
Avg. tree size (nodes+leaves): 17,20 (stdev 0,60) avg. number of leaves: 12,50 (stdev 0,81) avg. sum of constructs: 8,10 (stdev 0,30) avg. sum of constructs / num of nodes: 1,78 (stdev 0,28)
Avg. num of "Cartesian" feat in tree: 3,40 (stdev 0,80) avg. sum of (only Cartesian) constructs (in tree): 6,80 (stdev 1,60)
Avg. ruleset size: 7,00 (stdev 0,00) avg. number of terms of construct in Furia feat.: 20,90 (stdev 0,30) avg. number of terms in constructs per ruleset: 2,99 (stdev 0,04)
-----ACC-----
Avg. class. ACC J48 	100,00 (stdev 0,00)
Avg. class. ACC NB 	88,27 (stdev 11,04)
Avg. class. ACC SMO 	97,69 (stdev 4,93)
Avg. class. ACC SMO 	87,44 (stdev 7,32)
Avg. class. ACC IB 	85,06 (stdev 12,46)
Avg. class. ACC FU 	100,00 (stdev 0,00)
Avg. class. ACC RF 	98,46 (stdev 4,62)
-----Learning and testing time-----
Avg. learning time from FC (all feat), for J48 	0,00 [ms] (stdev 0,00)
Avg. learning time from FC (all feat), for NB 	0,00 [ms] (stdev 0,00)
Avg. learning time from FC (all feat), for SMO 	7,40 [ms] (stdev 3,50)
Avg. learning time from FC (all feat), for SMO 	5,00 [ms] (stdev 1,10)
Avg. learning time from FC (all feat), for IB 	0,00 [ms] (stdev 0,00)
Avg. learning time from FC (all feat), for FU 	1,70 [ms] (stdev 0,64)
Avg. learning time from FC (all feat), for RF 	6,40 [ms] (stdev 3,10)
-----Feature construction time-----
Avg. FC time (all feat): 1,80 [ms] stdev 0,75
*********************************************************************************
Only Furia and THR feat
*********************************************************************************
Number of FURIA feat: 5,90 (stdev 0,94) number of thr. feat: 2,60 (stdev 0,80)
Avg. tree size (nodes+leaves): 15,40 (stdev 1,96) avg. number of leaves: 8,20 (stdev 0,98) avg. sum of constructs: 9,60 (stdev 0,66) avg. sum of constructs / num of nodes: 1,35 (stdev 0,17)
Avg. num of FURIA feat. in tree: 2,40 (stdev 0,92) avg. sum of terms in constructs (Furia feat) in tree: 4,80 (stdev 1,83) avg. num of THR feat. in tree: 0,00 (stdev 0,00) avg. sum of terms in constructs (THR feat) in tree: 0,00 (stdev 0,00)
Avg. ruleset size: 6,00 (stdev 0,63) avg. number of terms of construct in Furia feat.: 19,40 (stdev 2,54) avg. number of terms in constructs per ruleset: 3,23 (stdev 0,21)
-----ACC-----
Avg. class. ACC J48 	96,92 (stdev 5,10)
Avg. class. ACC NB 	85,06 (stdev 10,39)
Avg. class. ACC SMO 	89,17 (stdev 9,83)
Avg. class. ACC SMO 	81,22 (stdev 12,72)
Avg. class. ACC IB 	86,60 (stdev 10,77)
Avg. class. ACC FU 	100,00 (stdev 0,00)
Avg. class. ACC RF 	94,62 (stdev 13,78)
-----Learning and testing time-----
Avg. learning time from FC(only Furia and THR feat) J48 0,00 [ms] (stdev 0,00)
Avg. learning time from FC(only Furia and THR feat) NB 0,00 [ms] (stdev 0,00)
Avg. learning time from FC(only Furia and THR feat) SMO 3,50 [ms] (stdev 1,75)
Avg. learning time from FC(only Furia and THR feat) SMO 4,60 [ms] (stdev 0,66)
Avg. learning time from FC(only Furia and THR feat) IB 0,00 [ms] (stdev 0,00)
Avg. learning time from FC(only Furia and THR feat) FU 1,20 [ms] (stdev 0,40)
Avg. learning time from FC(only Furia and THR feat) RF 6,40 [ms] (stdev 1,43)
-----Feature construction time-----
Avg. FC time (only Furia and THR feat): 14,60 [ms] stdev 3,80
*********************************************************************************
All features dataset
*********************************************************************************
Avg. number of groups for feature construction: 9,00 (stdev 0,00)
Avg. size of groups (num. of candidate attr.) per folds (num of attr. in all groups):: 27,00 (stdev 0,00)
Avg. size of groups (num. of candidate attr.) per groups per folds (avg. of avg.): 3,00 (stdev 0,00)
Max avg. group (length) of constructs (num of attr.): 3,00 (stdev 0,00)
Number of logical feat: 101,50 (stdev 5,94) number of numerical feat: 0,00 (stdev 0,00) number of relational feat: 0,00 (stdev 0,00) number of "Cartesian" feat: 16,70 (stdev 1,19) number of FURIA feat: 5,90 (stdev 0,94) number of thr. feat: 2,60 (stdev 0,80)
Avg. tree size (nodes+leaves): 12,00 (stdev 2,05) avg. number of leaves: 6,60 (stdev 1,11) avg. sum of constructs: 9,60 (stdev 1,28) avg. sum of constructs / num of nodes: 1,80 (stdev 0,16)
Avg. num of logical feat in tree: 3,90 (stdev 0,70) avg. sum of (only logical) constructs: 8,00 (stdev 1,18) avg. num of numerical feat in tree: 0,00 (stdev 0,00) avg. sum of (only numerical) constructs: 0,00 (stdev 0,00) avg. num of relational feat in tree: 0,00 (stdev 0,00) avg. sum of (only relational) constructs: 0,00 (stdev 0,00) avg. num of "Cartesian" feat in tree: 0,10 (stdev 0,30) avg. sum of (Cartesian) constructs (in tree): 0,20 (stdev 0,60) avg. num of FURIA feat. in tree: 0,00 (stdev 0,00) avg. sum of terms in constructs (Furia feat) in tree: 0,00 (stdev 0,00) avg. num of THR feat. in tree: 0,00 (stdev 0,00) avg. sum of terms in constructs (THR feat) in tree: 0,00 (stdev 0,00)
Avg. ruleset size: 5,40 (stdev 0,49) avg. number of terms of construct in Furia feat.: 18,50 (stdev 1,12) avg. number of terms in constructs per ruleset: 3,45 (stdev 0,29)
Mean unimp. OR feat.: 0,00 (stdev 0,00) mean unimp. EQU feat.: 0,00 (stdev 0,00) mean unimp. XOR feat.: 0,00 (stdev 0,00) mean unimp. IMPL feat.: 0,00 (stdev 0,00) mean unimp. AND feat.: 0,00 (stdev 0,00) mean unimp. LESSTHAN feat.: 0,00 (stdev 0,00) mean unimp. DIFF feat.: 0,00 (stdev 0,00) mean unimp. "Cartesian" feat.: 0,00 (stdev 0,00)
-----ACC-----
Avg. class. ACC J48 	96,92 (stdev 5,10)
Avg. class. ACC NB 	86,67 (stdev 8,67)
Avg. class. ACC SMO 	100,00 (stdev 0,00)
Avg. class. ACC SMO 	90,51 (stdev 7,89)
Avg. class. ACC IB 	90,58 (stdev 9,28)
Avg. class. ACC FU 	100,00 (stdev 0,00)
Avg. class. ACC RF 	97,69 (stdev 6,92)
-----Learning and testing time-----
Avg. learning time from FC (all feat), for J48 	0,30 [ms] (stdev 0,46)
Avg. learning time from FC (all feat), for NB 	0,00 [ms] (stdev 0,00)
Avg. learning time from FC (all feat), for SMO 	17,90 [ms] (stdev 14,77)
Avg. learning time from FC (all feat), for SMO 	8,30 [ms] (stdev 1,90)
Avg. learning time from FC (all feat), for IB 	2,20 [ms] (stdev 0,40)
Avg. learning time from FC (all feat), for FU 	5,00 [ms] (stdev 0,77)
Avg. learning time from FC (all feat), for RF 	7,80 [ms] (stdev 1,08)
-----Feature construction time-----
Avg. FC time (all feat): 161,60 [ms] (stdev 13,82)
*********************************************************************************
FS on validation dataset - results
*********************************************************************************
When using J48, number of logical feat: 23,40 (stdev 22,65) number of numerical feat: 0,00 (stdev 0,00) number of relational feat: 0,00 (stdev 0,00) number of "Cartesian" feat: 7,40 (stdev 6,64) number of FURIA feat: 3,40 (stdev 2,62) number of thr. feat: 1,70 (stdev 1,00)
When using NB, number of logical feat: 32,50 (stdev 20,66) number of numerical feat: 0,00 (stdev 0,00) number of relational feat: 0,00 (stdev 0,00) number of "Cartesian" feat: 10,00 (stdev 6,03) number of FURIA feat: 4,60 (stdev 2,46) number of thr. feat: 2,10 (stdev 1,04)
When using SMO, number of logical feat: 37,80 (stdev 18,53) number of numerical feat: 0,00 (stdev 0,00) number of relational feat: 0,00 (stdev 0,00) number of "Cartesian" feat: 10,80 (stdev 5,27) number of FURIA feat: 4,90 (stdev 2,17) number of thr. feat: 2,20 (stdev 0,98)
When using SMO, number of logical feat: 41,80 (stdev 13,71) number of numerical feat: 0,00 (stdev 0,00) number of relational feat: 0,00 (stdev 0,00) number of "Cartesian" feat: 12,20 (stdev 4,24) number of FURIA feat: 5,40 (stdev 1,74) number of thr. feat: 2,40 (stdev 0,92)
When using IB, number of logical feat: 19,20 (stdev 23,13) number of numerical feat: 0,00 (stdev 0,00) number of relational feat: 0,00 (stdev 0,00) number of "Cartesian" feat: 6,20 (stdev 7,21) number of FURIA feat: 2,80 (stdev 3,09) number of thr. feat: 1,50 (stdev 1,50)
When using FURIA, number of logical feat: 13,90 (stdev 20,59) number of numerical feat: 0,00 (stdev 0,00) number of relational feat: 0,00 (stdev 0,00) number of "Cartesian" feat: 4,50 (stdev 6,25) number of FURIA feat: 2,10 (stdev 2,59) number of thr. feat: 1,10 (stdev 1,14)
When using RF, number of logical feat: 23,70 (stdev 23,35) number of numerical feat: 0,00 (stdev 0,00) number of relational feat: 0,00 (stdev 0,00) number of "Cartesian" feat: 7,20 (stdev 6,93) number of FURIA feat: 3,10 (stdev 2,74) number of thr. feat: 1,40 (stdev 1,20)
Avg. tree size (nodes+leaves): 13,80 (stdev 3,12) avg. number of leaves: 7,50 (stdev 1,63) avg. sum of constructs: 8,70 (stdev 1,55) avg. sum of constructs / num of nodes: 1,44 (stdev 0,34)
Avg. num of logical feat. in tree: 2,10 (stdev 1,37) avg. sum of (only logical) constructs in tree: 4,40 (stdev 2,91) avg. num of numerical feat. in tree: 0,00 (stdev 0,00) avg. sum of (only numerical) constructs in tree: 0,00 (stdev 0,00) avg. num of relational feat. in tree: 0,00 (stdev 0,00) avg. sum of (only relational) constructs in tree: 0,00 (stdev 0,00) avg. num of Cartesian feat. in tree: 0,10 (stdev 0,30) avg. sum of constructs (of Cartesian feat) in tree: 0,20 (stdev 0,60) avg. num of FURIA feat. in tree: 0,00 (stdev 0,00) avg. sum of terms in constructs (Furia feat) in tree: 0,00 (stdev 0,00) avg. num of THR feat. in tree: 0,00 (stdev 0,00) avg. sum of terms in constructs (THR feat) in tree: 0,00 (stdev 0,00)
Avg. ruleset size: 6,50 (stdev 0,81) avg. number of terms of construct in Furia feat.: 19,30 (stdev 1,79) avg. number of terms in constructs per ruleset: 3,01 (stdev 0,39)
-----ACC-----
Avg. class. ACC J48 	95,38 (stdev 7,84)
Avg. class. ACC NB 	83,59 (stdev 10,10)
Avg. class. ACC SMO 	97,63 (stdev 3,63)
Avg. class. ACC SMO 	86,60 (stdev 10,77)
Avg. class. ACC IB 	89,94 (stdev 9,75)
Avg. class. ACC FU 	100,00 (stdev 0,00)
Avg. class. ACC RF 	97,69 (stdev 6,92)
-----Search time-----
Avg. search time J48 	24,90 (stdev 3,83)
Avg. search time NB 	24,70 (stdev 2,15)
Avg. search time SMO 	32,20 (stdev 2,93)
Avg. search time SMO 	34,50 (stdev 4,22)
Avg. search time IB 	26,70 (stdev 3,93)
Avg. search time FU 	32,50 (stdev 8,42)
Avg. search time RF 	40,80 (stdev 4,24)
-----Learning and testing time-----
Avg. learn time J48 	0,10 (stdev 0,30)
Avg. learn time NB 	0,00 (stdev 0,00)
Avg. learn time SMO 	10,40 (stdev 7,02)
Avg. learn time SMO 	5,80 (stdev 1,08)
Avg. learn time IB 	0,40 (stdev 0,49)
Avg. learn time FU 	1,80 (stdev 0,87)
Avg. learn time RF 	5,60 (stdev 0,92)
~~~~~~~~~~~~~~~~~~~~~~~~~~~~~~~~~~~~~~~~~~~~~~~~~~~~~~~~~~~~~~~~~~~~~~~~~~~~~~~~
Total processing time (cLogicalConcB-uniqueInst.arff): 8366
~~~~~~~~~~~~~~~~~~~~~~~~~~~~~~~~~~~~~~~~~~~~~~~~~~~~~~~~~~~~~~~~~~~~~~~~~~~~~~~~
