dataset: Tic-tac-toe.arff
Number of folds for testing (CV): 10
*********************************************************************************
number of instances: 958
number of attributes: 9
number of classes: 2
---------------------------------------------------------------------------------
Alg. for searching concepts: TreeSHAP (XGBOOST) parameters: numOfRounds->100 maxDepth->3 eta->0.3 gamma->1.0
Explaining class: negative explaining whole dataset: NO
---------------------------------------------------------------------------------
Testing method: CV, number of folds: 10
Feature selection on validation dataset. Percentage of split (subTrain:validation) 75%:25%
---------------------------------------------------------------------------------
Avg. explanation time: 10,10 [ms] (stdev 3,45)
Avg. number of instances that we explain: 298,80 (stdev 0,40)
---------------------------------------------------------------------------------
Internal (during building) accuracy of explanation model: 99,29 (stdev 0,35) ACC on the test dataset: 98,33 (stdev 1,76)
---------------------------------------------------------------------------------
Avg. model building time: 62,20 [ms] (stdev 18,26)
---------------------------------------------------------------------------------
Feature types included in construction: logical operators based, decision rule, threshold, relational, Cartesian product, 
*********************************************************************************
Original dataset
*********************************************************************************
Avg. tree size: 133,00 (stdev 5,69) avg. number of leaves: 89,00 (stdev 3,79) avg. number of nodes: 44,00 (stdev 1,90)
Avg. ruleset size: 21,50 (stdev 1,69) avg. number of attributes in rules: 75,70 (stdev 8,17) avg. number of attributes per rule: 3,51 (stdev 0,12)
-----ACC-----
Avg. class. ACC J48 	84,55 (stdev 3,74)
Avg. class. ACC NB 	69,62 (stdev 2,90)
Avg. class. ACC SMO 	98,33 (stdev 1,42)
Avg. class. ACC SMO 	76,41 (stdev 2,37)
Avg. class. ACC IB 	98,85 (stdev 1,09)
Avg. class. ACC FU 	98,02 (stdev 1,36)
Avg. class. ACC RF 	96,35 (stdev 1,69)
-----Learning and testing time-----
Avg. learning time J48 	5,30 [ms] (stdev 12,24 [ms])
Avg. learning time NB 	0,40 [ms] (stdev 1,20 [ms])
Avg. learning time SMO 	102,10 [ms] (stdev 39,93 [ms])
Avg. learning time SMO 	238,20 [ms] (stdev 36,15 [ms])
Avg. learning time IB 	12,30 [ms] (stdev 8,61 [ms])
Avg. learning time FU 	91,20 [ms] (stdev 33,36 [ms])
Avg. learning time RF 	47,10 [ms] (stdev 45,18 [ms])
*********************************************************************************
Only Logical features
*********************************************************************************
Number of logical feat: 498,40 (stdev 244,80)
Avg. tree size (nodes+leaves): 91,80 (stdev 8,84) avg. number of leaves: 55,20 (stdev 5,78) avg. sum of constructs: 61,10 (stdev 6,43) avg. sum of constructs / num of nodes: 1,67 (stdev 0,16)
Avg. num of logical feat in tree: 19,00 (stdev 3,35) avg. sum of (logical) constructs: 43,50 (stdev 8,19)
Avg. ruleset size: 21,50 (stdev 2,29) avg. number of terms of construct in Furia feat.: 143,00 (stdev 14,07) avg. number of terms in constructs per ruleset: 6,67 (stdev 0,32)
-----ACC-----
Avg. class. ACC J48 	90,71 (stdev 3,51)
Avg. class. ACC NB 	72,34 (stdev 3,53)
Avg. class. ACC SMO 	98,33 (stdev 1,42)
Avg. class. ACC SMO 	83,82 (stdev 2,59)
Avg. class. ACC IB 	84,97 (stdev 4,02)
Avg. class. ACC FU 	96,87 (stdev 1,14)
Avg. class. ACC RF 	87,17 (stdev 4,00)
-----Learning and testing time-----
Avg. learning time from FC (all feat), for J48 	75,20 [ms] (stdev 57,22)
Avg. learning time from FC (all feat), for NB 	17,30 [ms] (stdev 11,63)
Avg. learning time from FC (all feat), for SMO 	943,80 [ms] (stdev 597,06)
Avg. learning time from FC (all feat), for SMO 	596,40 [ms] (stdev 268,92)
Avg. learning time from FC (all feat), for IB 	273,20 [ms] (stdev 129,19)
Avg. learning time from FC (all feat), for FU 	930,30 [ms] (stdev 351,42)
Avg. learning time from FC (all feat), for RF 	209,30 [ms] (stdev 108,19)
-----Feature construction time-----
Avg. FC time (all feat): 1214,10 [ms] stdev 921,82
*********************************************************************************
Relational features
*********************************************************************************
Number of relational feat: 0,00 (stdev 0,00)
Avg. tree size (nodes+leaves): 133,00 (stdev 5,69) avg. number of leaves: 89,00 (stdev 3,79) avg. sum of constructs: 44,00 (stdev 1,90) avg. sum of constructs / num of nodes: 1,00 (stdev 0,00)
Avg. num of relational feat in tree: 0,00 (stdev 0,00) avg. sum of (only Cartesian) constructs (in tree): 0,00 (stdev 0,00)
Avg. ruleset size: 21,50 (stdev 1,69) avg. number of terms of construct in Furia feat.: 75,70 (stdev 8,17) avg. number of terms in constructs per ruleset: 3,51 (stdev 0,12)
-----ACC-----
Avg. class. ACC J48 	84,55 (stdev 3,74)
Avg. class. ACC NB 	69,62 (stdev 2,90)
Avg. class. ACC SMO 	98,33 (stdev 1,42)
Avg. class. ACC SMO 	76,41 (stdev 2,37)
Avg. class. ACC IB 	98,85 (stdev 1,09)
Avg. class. ACC FU 	98,02 (stdev 1,36)
Avg. class. ACC RF 	96,35 (stdev 1,69)
-----Learning and testing time-----
Avg. learning time from FC (all feat), for J48 	1,50 [ms] (stdev 1,50)
Avg. learning time from FC (all feat), for NB 	0,10 [ms] (stdev 0,30)
Avg. learning time from FC (all feat), for SMO 	83,70 [ms] (stdev 16,52)
Avg. learning time from FC (all feat), for SMO 	229,40 [ms] (stdev 25,94)
Avg. learning time from FC (all feat), for IB 	8,90 [ms] (stdev 1,58)
Avg. learning time from FC (all feat), for FU 	85,20 [ms] (stdev 22,27)
Avg. learning time from FC (all feat), for RF 	33,70 [ms] (stdev 11,98)
-----Feature construction time-----
Avg. FC time (all feat): 0,00 [ms] stdev 0,00
*********************************************************************************
Cartesian product
*********************************************************************************
Number of "Cartesian" feat: 6,80 (stdev 1,60)
Avg. tree size (nodes+leaves): 143,80 (stdev 20,62) avg. number of leaves: 115,00 (stdev 16,12) avg. sum of constructs: 38,20 (stdev 5,69) avg. sum of constructs / num of nodes: 1,33 (stdev 0,02)
Avg. num of "Cartesian" feat in tree: 9,40 (stdev 1,20) avg. sum of (only Cartesian) constructs (in tree): 18,80 (stdev 2,40)
Avg. ruleset size: 22,30 (stdev 1,49) avg. number of terms of construct in Furia feat.: 80,20 (stdev 7,70) avg. number of terms in constructs per ruleset: 3,59 (stdev 0,12)
-----ACC-----
Avg. class. ACC J48 	81,53 (stdev 2,54)
Avg. class. ACC NB 	70,35 (stdev 3,04)
Avg. class. ACC SMO 	98,33 (stdev 1,42)
Avg. class. ACC SMO 	79,95 (stdev 2,66)
Avg. class. ACC IB 	95,51 (stdev 2,47)
Avg. class. ACC FU 	98,64 (stdev 1,56)
Avg. class. ACC RF 	90,82 (stdev 3,41)
-----Learning and testing time-----
Avg. learning time from FC (all feat), for J48 	1,30 [ms] (stdev 0,90)
Avg. learning time from FC (all feat), for NB 	0,00 [ms] (stdev 0,00)
Avg. learning time from FC (all feat), for SMO 	127,50 [ms] (stdev 38,55)
Avg. learning time from FC (all feat), for SMO 	249,60 [ms] (stdev 37,03)
Avg. learning time from FC (all feat), for IB 	15,20 [ms] (stdev 1,99)
Avg. learning time from FC (all feat), for FU 	81,00 [ms] (stdev 8,33)
Avg. learning time from FC (all feat), for RF 	31,30 [ms] (stdev 4,22)
-----Feature construction time-----
Avg. FC time (all feat): 3,10 [ms] stdev 1,45
*********************************************************************************
Only Furia and THR feat
*********************************************************************************
Number of FURIA feat: 10,80 (stdev 5,51) number of thr. feat: 10,80 (stdev 5,51)
Avg. tree size (nodes+leaves): 98,90 (stdev 13,14) avg. number of leaves: 66,10 (stdev 10,19) avg. sum of constructs: 55,40 (stdev 8,39) avg. sum of constructs / num of nodes: 1,69 (stdev 0,20)
Avg. num of FURIA feat. in tree: 6,40 (stdev 3,95) avg. sum of terms in constructs (Furia feat) in tree: 17,10 (stdev 10,56) avg. num of THR feat. in tree: 6,00 (stdev 2,05) avg. sum of terms in constructs (THR feat) in tree: 17,90 (stdev 6,38)
Avg. ruleset size: 28,10 (stdev 3,36) avg. number of terms of construct in Furia feat.: 155,50 (stdev 35,78) avg. number of terms in constructs per ruleset: 5,47 (stdev 0,60)
-----ACC-----
Avg. class. ACC J48 	87,06 (stdev 4,70)
Avg. class. ACC NB 	72,86 (stdev 4,73)
Avg. class. ACC SMO 	98,33 (stdev 1,42)
Avg. class. ACC SMO 	80,27 (stdev 2,42)
Avg. class. ACC IB 	85,07 (stdev 4,72)
Avg. class. ACC FU 	96,76 (stdev 1,78)
Avg. class. ACC RF 	89,98 (stdev 4,23)
-----Learning and testing time-----
Avg. learning time from FC(only Furia and THR feat) J48 8,20 [ms] (stdev 3,84)
Avg. learning time from FC(only Furia and THR feat) NB 0,60 [ms] (stdev 0,66)
Avg. learning time from FC(only Furia and THR feat) SMO 187,20 [ms] (stdev 217,56)
Avg. learning time from FC(only Furia and THR feat) SMO 227,60 [ms] (stdev 30,01)
Avg. learning time from FC(only Furia and THR feat) IB 26,90 [ms] (stdev 13,24)
Avg. learning time from FC(only Furia and THR feat) FU 173,20 [ms] (stdev 52,35)
Avg. learning time from FC(only Furia and THR feat) RF 39,00 [ms] (stdev 9,56)
-----Feature construction time-----
Avg. FC time (only Furia and THR feat): 286,70 [ms] stdev 191,43
*********************************************************************************
All features dataset
*********************************************************************************
Avg. number of groups for feature construction: 4,10 (stdev 0,54)
Avg. size of groups (num. of candidate attr.) per folds (unm of attr. in all groups):: 10,80 (stdev 1,89)
Avg. size of groups (num. of candidate attr.) per groups per folds (avg. of avg.): 2,63 (stdev 0,26)
Max avg. group (length) of constructs (num of attr.): 3,40 (stdev 0,80)
Number of logical feat: 498,40 (stdev 244,80) number of relational feat: 0,00 (stdev 0,00) number of "Cartesian" feat: 6,80 (stdev 1,60) number of FURIA feat: 10,80 (stdev 5,51) number of thr. feat: 10,80 (stdev 5,51)
Avg. tree size (nodes+leaves): 90,10 (stdev 9,22) avg. number of leaves: 54,20 (stdev 5,62) avg. sum of constructs: 61,00 (stdev 10,24) avg. sum of constructs / num of nodes: 1,70 (stdev 0,21)
Avg. num of logical feat in tree: 18,20 (stdev 3,92) avg. sum of (only logical) constructs: 41,40 (stdev 8,77) avg. num of relational feat in tree: 0,00 (stdev 0,00) avg. sum of (only relational) constructs: 0,00 (stdev 0,00) avg. num of "Cartesian" feat in tree: 0,00 (stdev 0,00) avg. sum of (Cartesian) constructs (in tree): 0,00 (stdev 0,00) avg. num of FURIA feat. in tree: 0,50 (stdev 1,02) avg. sum of terms in constructs (Furia feat) in tree: 2,20 (stdev 4,60) avg. num of THR feat. in tree: 0,10 (stdev 0,30) avg. sum of terms in constructs (THR feat) in tree: 0,30 (stdev 0,90)
Avg. ruleset size: 25,20 (stdev 2,71) avg. number of terms of construct in Furia feat.: 175,40 (stdev 22,26) avg. number of terms in constructs per ruleset: 6,95 (stdev 0,31)
Mean unimp. OR feat.: 0,00 (stdev 0,00) mean unimp. EQU feat.: 0,00 (stdev 0,00) mean unimp. XOR feat.: 0,00 (stdev 0,00) mean unimp. IMPL feat.: 0,00 (stdev 0,00) mean unimp. AND feat.: 0,00 (stdev 0,00) mean unimp. LESSTHAN feat.: 0,00 (stdev 0,00) mean unimp. DIFF feat.: 0,00 (stdev 0,00) mean unimp. "Cartesian" feat.: 0,00 (stdev 0,00)
-----ACC-----
Avg. class. ACC J48 	90,50 (stdev 3,44)
Avg. class. ACC NB 	72,55 (stdev 3,40)
Avg. class. ACC SMO 	98,33 (stdev 1,42)
Avg. class. ACC SMO 	84,55 (stdev 3,74)
Avg. class. ACC IB 	83,08 (stdev 3,73)
Avg. class. ACC FU 	94,88 (stdev 2,62)
Avg. class. ACC RF 	86,33 (stdev 3,29)
-----Learning and testing time-----
Avg. learning time from FC (all feat), for J48 	83,70 [ms] (stdev 77,46)
Avg. learning time from FC (all feat), for NB 	16,70 [ms] (stdev 7,09)
Avg. learning time from FC (all feat), for SMO 	952,70 [ms] (stdev 733,49)
Avg. learning time from FC (all feat), for SMO 	772,20 [ms] (stdev 403,00)
Avg. learning time from FC (all feat), for IB 	330,60 [ms] (stdev 175,34)
Avg. learning time from FC (all feat), for FU 	1204,00 [ms] (stdev 379,58)
Avg. learning time from FC (all feat), for RF 	191,00 [ms] (stdev 67,32)
-----Feature construction time-----
Avg. FC time (all feat): 1503,90 [ms] (stdev 1110,59)
*********************************************************************************
FS on validation dataset - results
*********************************************************************************
When using J48, number of logical feat: 251,70 (stdev 142,81) number of relational feat: 0,00 (stdev 0,00) number of "Cartesian" feat: 5,90 (stdev 2,34) number of FURIA feat: 10,10 (stdev 6,33) number of thr. feat: 10,10 (stdev 6,33)
When using NB, number of logical feat: 252,10 (stdev 142,70) number of relational feat: 0,00 (stdev 0,00) number of "Cartesian" feat: 5,80 (stdev 2,36) number of FURIA feat: 9,80 (stdev 6,40) number of thr. feat: 9,80 (stdev 6,40)
When using SMO, number of logical feat: 42,50 (stdev 85,01) number of relational feat: 0,00 (stdev 0,00) number of "Cartesian" feat: 1,20 (stdev 2,40) number of FURIA feat: 1,90 (stdev 3,81) number of thr. feat: 1,90 (stdev 3,81)
When using SMO, number of logical feat: 273,00 (stdev 117,28) number of relational feat: 0,00 (stdev 0,00) number of "Cartesian" feat: 6,40 (stdev 1,36) number of FURIA feat: 10,80 (stdev 5,51) number of thr. feat: 10,80 (stdev 5,51)
When using IB, number of logical feat: 0,00 (stdev 0,00) number of relational feat: 0,00 (stdev 0,00) number of "Cartesian" feat: 0,00 (stdev 0,00) number of FURIA feat: 0,00 (stdev 0,00) number of thr. feat: 0,00 (stdev 0,00)
When using FURIA, number of logical feat: 50,60 (stdev 151,80) number of relational feat: 0,00 (stdev 0,00) number of "Cartesian" feat: 0,90 (stdev 2,70) number of FURIA feat: 2,10 (stdev 6,30) number of thr. feat: 2,10 (stdev 6,30)
When using RF, number of logical feat: 0,00 (stdev 0,00) number of relational feat: 0,00 (stdev 0,00) number of "Cartesian" feat: 0,00 (stdev 0,00) number of FURIA feat: 0,00 (stdev 0,00) number of thr. feat: 0,00 (stdev 0,00)
Avg. tree size (nodes+leaves): 95,10 (stdev 17,29) avg. number of leaves: 58,30 (stdev 12,90) avg. sum of constructs: 58,30 (stdev 8,22) avg. sum of constructs / num of nodes: 1,61 (stdev 0,28)
Avg. num of logical feat. in tree: 16,00 (stdev 6,16) avg. sum of (only logical) constructs in tree: 36,50 (stdev 13,98) avg. num of relational feat. in tree: 0,00 (stdev 0,00) avg. sum of (only relational) constructs in tree: 0,00 (stdev 0,00) avg. num of Cartesian feat. in tree: 0,00 (stdev 0,00) avg. sum of constructs (of Cartesian feat) in tree: 0,00 (stdev 0,00) avg. num of FURIA feat. in tree: 0,30 (stdev 0,64) avg. sum of terms in constructs (Furia feat) in tree: 1,30 (stdev 2,83) avg. num of THR feat. in tree: 0,00 (stdev 0,00) avg. sum of terms in constructs (THR feat) in tree: 0,00 (stdev 0,00)
Avg. ruleset size: 21,60 (stdev 1,74) avg. number of terms of construct in Furia feat.: 80,60 (stdev 18,30) avg. number of terms in constructs per ruleset: 3,71 (stdev 0,66)
-----ACC-----
Avg. class. ACC J48 	89,77 (stdev 4,11)
Avg. class. ACC NB 	72,03 (stdev 3,28)
Avg. class. ACC SMO 	98,33 (stdev 1,42)
Avg. class. ACC SMO 	84,35 (stdev 2,40)
Avg. class. ACC IB 	98,85 (stdev 1,09)
Avg. class. ACC FU 	97,70 (stdev 1,46)
Avg. class. ACC RF 	96,35 (stdev 1,69)
-----Search time-----
Avg. search time J48 	664,80 (stdev 656,18)
Avg. search time NB 	657,00 (stdev 649,13)
Avg. search time SMO 	1122,90 (stdev 787,90)
Avg. search time SMO 	1303,40 (stdev 666,66)
Avg. search time IB 	947,10 (stdev 663,97)
Avg. search time FU 	1066,00 (stdev 595,09)
Avg. search time RF 	730,60 (stdev 545,75)
-----Learning and testing time-----
Avg. learn time J48 	41,80 (stdev 37,46)
Avg. learn time NB 	7,20 (stdev 3,89)
Avg. learn time SMO 	174,00 (stdev 122,62)
Avg. learn time SMO 	487,40 (stdev 141,04)
Avg. learn time IB 	10,10 (stdev 1,58)
Avg. learn time FU 	167,50 (stdev 249,80)
Avg. learn time RF 	34,10 (stdev 6,12)
~~~~~~~~~~~~~~~~~~~~~~~~~~~~~~~~~~~~~~~~~~~~~~~~~~~~~~~~~~~~~~~~~~~~~~~~~~~~~~~~
Total processing time (Tic-tac-toe.arff): 212570
~~~~~~~~~~~~~~~~~~~~~~~~~~~~~~~~~~~~~~~~~~~~~~~~~~~~~~~~~~~~~~~~~~~~~~~~~~~~~~~~
