dataset: rLinear.arff
Number of folds for testing (CV): 2
*********************************************************************************
number of instances: 2000
number of attributes: 5
number of classes: 1
---------------------------------------------------------------------------------
Testing method: CV, number of folds: 2
Feature selection on validation dataset. Percentage of split (subTrain:validation) 75%:25%
---------------------------------------------------------------------------------
Feature types included in construction: logical operators based, decision rule, threshold, relational, Cartesian product, numerical
*********************************************************************************
Original dataset
*********************************************************************************
-----MAE and RMSE-----
Avg. MAE M5P 	0,00 (stdev 0,00) 	Avg. RMSE M5P 	0,00 (stdev 0,00)
Avg. MAE LR 	0,00 (stdev 0,00) 	Avg. RMSE LR 	0,00 (stdev 0,00)
Avg. MAE RF 	9,07 (stdev 0,39) 	Avg. RMSE RF 	11,66 (stdev 0,35)
*********************************************************************************
Only Logical features
*********************************************************************************
Number of logical feat: 9,00 (stdev 0,00)
-----MAE and RMSE-----
Avg. MAE M5P 	0,00 (stdev 0,00) 	Avg. RMSE M5P 	0,00 (stdev 0,00)
Avg. MAE LR 	0,00 (stdev 0,00) 	Avg. RMSE LR 	0,00 (stdev 0,00)
Avg. MAE RF 	15,09 (stdev 0,26) 	Avg. RMSE RF 	19,24 (stdev 0,37)
-----Learning and testing time-----
Avg. learning time from FC (all feat), for M5P 	116,00 [ms] (stdev 30,00)
Avg. learning time from FC (all feat), for LR 	14,00 [ms] (stdev 9,00)
Avg. learning time from FC (all feat), for RF 	274,00 [ms] (stdev 99,00)
-----Feature construction time-----
Avg. FC time (only Log feat): 370,00 [ms] stdev 22,00
*********************************************************************************
Numerical features
*********************************************************************************
Number of numerical feat: 15,00 (stdev 0,00)
-----MAE and RMSE-----
Avg. MAE M5P 	0,00 (stdev 0,00) 	Avg. RMSE M5P 	0,00 (stdev 0,00)
Avg. MAE LR 	0,00 (stdev 0,00) 	Avg. RMSE LR 	0,00 (stdev 0,00)
Avg. MAE RF 	4,45 (stdev 0,12) 	Avg. RMSE RF 	6,11 (stdev 0,11)
-----Learning and testing time-----
Avg. learning time from FC (all feat), for M5P 	77,00 [ms] (stdev 9,00)
Avg. learning time from FC (all feat), for LR 	5,00 [ms] (stdev 1,00)
Avg. learning time from FC (all feat), for RF 	183,00 [ms] (stdev 11,00)
-----Feature construction time-----
Avg. FC time (only Num feat): 9,50 [ms] stdev 0,50
*********************************************************************************
Relational features
*********************************************************************************
Number of relational feat: 3,00 (stdev 0,00)
-----MAE and RMSE-----
Avg. MAE M5P 	0,00 (stdev 0,00) 	Avg. RMSE M5P 	0,00 (stdev 0,00)
Avg. MAE LR 	0,00 (stdev 0,00) 	Avg. RMSE LR 	0,00 (stdev 0,00)
Avg. MAE RF 	9,11 (stdev 0,47) 	Avg. RMSE RF 	11,88 (stdev 0,47)
-----Learning and testing time-----
Avg. learning time from FC (all feat), for M5P 	61,00 [ms] (stdev 5,00)
Avg. learning time from FC (all feat), for LR 	1,00 [ms] (stdev 0,00)
Avg. learning time from FC (all feat), for RF 	168,00 [ms] (stdev 9,00)
-----Feature construction time-----
Avg. FC time (only Rel feat): 2,50 [ms] stdev 0,50
*********************************************************************************
Cartesian product
*********************************************************************************
Number of "Cartesian" feat: 3,00 (stdev 0,00)
-----MAE and RMSE-----
Avg. MAE M5P 	0,00 (stdev 0,00) 	Avg. RMSE M5P 	0,00 (stdev 0,00)
Avg. MAE LR 	0,00 (stdev 0,00) 	Avg. RMSE LR 	0,00 (stdev 0,00)
Avg. MAE RF 	11,07 (stdev 0,17) 	Avg. RMSE RF 	14,13 (stdev 0,25)
-----Learning and testing time-----
Avg. learning time from FC (all feat), for M5P 	90,00 [ms] (stdev 21,00)
Avg. learning time from FC (all feat), for LR 	2,50 [ms] (stdev 0,50)
Avg. learning time from FC (all feat), for RF 	240,00 [ms] (stdev 77,00)
-----Feature construction time-----
Avg. FC time (only Cart feat): 7,00 [ms] stdev 1,00
*********************************************************************************
All features dataset
*********************************************************************************
Avg. number of groups for feature construction: 4,00 (stdev 0,00)
Avg. size of groups (num. of candidate attr.) per folds (num of attr. in all groups):: 9,00 (stdev 0,00)
Avg. size of groups (num. of candidate attr.) per groups per folds (avg. of avg.): 2,25 (stdev 0,00)
Max avg. group (length) of constructs (num of attr.): 3,00 (stdev 0,00)
Number of logical feat: 9,00 (stdev 0,00) number of numerical feat: 15,00 (stdev 0,00) number of relational feat: 3,00 (stdev 0,00) number of "Cartesian" feat: 3,00 (stdev 0,00) number of FURIA feat: 17,00 (stdev 0,00) number of thr. feat: 0,00 (stdev 0,00)
-----MAE and RMSE-----
Avg. MAE M5P 	0,00 (stdev 0,00) 	Avg. RMSE M5P 	0,00 (stdev 0,00)
Avg. MAE LR 	0,00 (stdev 0,00) 	Avg. RMSE LR 	0,00 (stdev 0,00)
Avg. MAE RF 	6,99 (stdev 0,05) 	Avg. RMSE RF 	9,37 (stdev 0,10)
-----Learning and testing time-----
Avg. learning time from FC (all feat), for M5P 	183,00 [ms] (stdev 60,00)
Avg. learning time from FC (all feat), for LR 	24,00 [ms] (stdev 5,00)
Avg. learning time from FC (all feat), for RF 	261,50 [ms] (stdev 73,50)
-----Feature construction time-----
Avg. FC time (all feat): 389,00 [ms] (stdev 20,00)
*********************************************************************************
FS on validation dataset - results
*********************************************************************************
-----MAE and RMSE-----
Avg. MAE M5P 	0,00 (stdev 0,00) 	Avg. RMSE M5P 	0,00 (stdev 0,00)
Avg. MAE LR 	0,00 (stdev 0,00) 	Avg. RMSE LR 	0,00 (stdev 0,00)
Avg. MAE RF 	6,98 (stdev 0,23) 	Avg. RMSE RF 	9,44 (stdev 0,40)
-----Search time-----
Avg. search time M5P 	475,50 (stdev 4,50)
Avg. search time LR 	361,00 (stdev 92,00)
Avg. search time RF 	578,00 (stdev 90,00)
-----Learning and testing time-----
Avg. learn time M5P 	77,00 (stdev 7,00)
Avg. learn time LR 	1,00 (stdev 0,00)
Avg. learn time RF 	181,00 (stdev 4,00)
~~~~~~~~~~~~~~~~~~~~~~~~~~~~~~~~~~~~~~~~~~~~~~~~~~~~~~~~~~~~~~~~~~~~~~~~~~~~~~~~
Total processing time (rLinear.arff): 23126
~~~~~~~~~~~~~~~~~~~~~~~~~~~~~~~~~~~~~~~~~~~~~~~~~~~~~~~~~~~~~~~~~~~~~~~~~~~~~~~~
